###################################################################################################################################
###################################################################################################################################
Load to ODS in progress
###################################################################################################################################
###################################################################################################################################
begin;
BEGIN
        CREATE TEMPORARY TABLE CATEGORYTEMP AS
        SELECT  categories, odsupdatetd
        FROM "STAGE_DB".prodmeta
        WHERE odsupdatetd > (SELECT LAST_LOAD_TD
                FROM "META_DB".CONTROL_TBL
                WHERE SCHEMA_NM = 'CORE_DB'
                AND TABLE_NM = 'CATEGORY_DIM')
		AND categories IS NOT NULL;
SELECT 2541171
        INSERT INTO "CORE_DB".CATEGORY_DIM (CATEGORY_NM, ADD_TD, MODIFIED_TD)
        SELECT distinct categories, current_timestamp(0), current_timestamp(0)
        FROM CATEGORYTEMP;
INSERT 0 49
        UPDATE "META_DB".CONTROL_TBL
        SET LAST_LOAD_TD = MAXASINTEMP.maxodsupdatetd
        FROM (SELECT max(odsupdatetd) as maxodsupdatetd FROM CATEGORYTEMP) MAXASINTEMP
        WHERE SCHEMA_NM = 'CORE_DB' AND TABLE_NM = 'CATEGORY_DIM';
UPDATE 1
commit;
COMMIT
