###################################################################################################################################
###################################################################################################################################
Load to stage in progress
###################################################################################################################################
###################################################################################################################################
20/02/14 19:39:51 WARN Utils: Your hostname, DESKTOP-502C4I4 resolves to a loopback address: 127.0.1.1; using 192.168.1.25 instead (on interface wifi0)
20/02/14 19:39:51 WARN Utils: Set SPARK_LOCAL_IP if you need to bind to another address
20/02/14 19:39:51 WARN NativeCodeLoader: Unable to load native-hadoop library for your platform... using builtin-java classes where applicable
Using Spark's default log4j profile: org/apache/spark/log4j-defaults.properties
20/02/14 19:39:54 INFO SparkContext: Running Spark version 2.4.5
20/02/14 19:39:55 INFO SparkContext: Submitted application: ProdMeta
20/02/14 19:39:55 INFO SecurityManager: Changing view acls to: devetluser
20/02/14 19:39:55 INFO SecurityManager: Changing modify acls to: devetluser
20/02/14 19:39:55 INFO SecurityManager: Changing view acls groups to: 
20/02/14 19:39:55 INFO SecurityManager: Changing modify acls groups to: 
20/02/14 19:39:55 INFO SecurityManager: SecurityManager: authentication disabled; ui acls disabled; users  with view permissions: Set(devetluser); groups with view permissions: Set(); users  with modify permissions: Set(devetluser); groups with modify permissions: Set()
20/02/14 19:39:55 INFO Utils: Successfully started service 'sparkDriver' on port 2973.
20/02/14 19:39:55 INFO SparkEnv: Registering MapOutputTracker
20/02/14 19:39:55 INFO SparkEnv: Registering BlockManagerMaster
20/02/14 19:39:55 INFO BlockManagerMasterEndpoint: Using org.apache.spark.storage.DefaultTopologyMapper for getting topology information
20/02/14 19:39:55 INFO BlockManagerMasterEndpoint: BlockManagerMasterEndpoint up
20/02/14 19:39:55 INFO DiskBlockManager: Created local directory at /tmp/blockmgr-646da3dc-999b-45b9-95ec-ffc03597beb4
20/02/14 19:39:55 INFO MemoryStore: MemoryStore started with capacity 366.3 MB
20/02/14 19:39:55 INFO SparkEnv: Registering OutputCommitCoordinator
20/02/14 19:39:56 INFO Utils: Successfully started service 'SparkUI' on port 4040.
20/02/14 19:39:56 INFO SparkUI: Bound SparkUI to 0.0.0.0, and started at http://192.168.1.25:4040
20/02/14 19:39:56 INFO Executor: Starting executor ID driver on host localhost
20/02/14 19:39:56 INFO Utils: Successfully started service 'org.apache.spark.network.netty.NettyBlockTransferService' on port 2975.
20/02/14 19:39:56 INFO NettyBlockTransferService: Server created on 192.168.1.25:2975
20/02/14 19:39:56 INFO BlockManager: Using org.apache.spark.storage.RandomBlockReplicationPolicy for block replication policy
20/02/14 19:39:56 INFO BlockManagerMaster: Registering BlockManager BlockManagerId(driver, 192.168.1.25, 2975, None)
20/02/14 19:39:56 INFO BlockManagerMasterEndpoint: Registering block manager 192.168.1.25:2975 with 366.3 MB RAM, BlockManagerId(driver, 192.168.1.25, 2975, None)
20/02/14 19:39:56 INFO BlockManagerMaster: Registered BlockManager BlockManagerId(driver, 192.168.1.25, 2975, None)
20/02/14 19:39:56 INFO BlockManager: Initialized BlockManager: BlockManagerId(driver, 192.168.1.25, 2975, None)
20/02/14 19:39:57 INFO SharedState: Setting hive.metastore.warehouse.dir ('null') to the value of spark.sql.warehouse.dir ('file:/edw/Reviews/SourceCode/bash/spark-warehouse').
20/02/14 19:39:57 INFO SharedState: Warehouse path is 'file:/edw/Reviews/SourceCode/bash/spark-warehouse'.
20/02/14 19:39:58 INFO StateStoreCoordinatorRef: Registered StateStoreCoordinator endpoint
20/02/14 19:39:58 INFO InMemoryFileIndex: It took 59 ms to list leaf files for 1 paths.
20/02/14 19:39:59 INFO InMemoryFileIndex: It took 2 ms to list leaf files for 1 paths.
20/02/14 19:40:02 INFO FileSourceStrategy: Pruning directories with: 
20/02/14 19:40:02 INFO FileSourceStrategy: Post-Scan Filters: 
20/02/14 19:40:02 INFO FileSourceStrategy: Output Data Schema: struct<value: string>
20/02/14 19:40:02 INFO FileSourceScanExec: Pushed Filters: 
20/02/14 19:40:02 INFO CodeGenerator: Code generated in 357.0975 ms
20/02/14 19:40:03 INFO MemoryStore: Block broadcast_0 stored as values in memory (estimated size 282.5 KB, free 366.0 MB)
20/02/14 19:40:03 INFO MemoryStore: Block broadcast_0_piece0 stored as bytes in memory (estimated size 23.3 KB, free 366.0 MB)
20/02/14 19:40:03 INFO BlockManagerInfo: Added broadcast_0_piece0 in memory on 192.168.1.25:2975 (size: 23.3 KB, free: 366.3 MB)
20/02/14 19:40:03 INFO SparkContext: Created broadcast 0 from json at NativeMethodAccessorImpl.java:0
20/02/14 19:40:03 INFO FileSourceScanExec: Planning scan with bin packing, max size: 37736794 bytes, open cost is considered as scanning 4194304 bytes.
20/02/14 19:40:03 INFO SparkContext: Starting job: json at NativeMethodAccessorImpl.java:0
20/02/14 19:40:03 INFO DAGScheduler: Got job 0 (json at NativeMethodAccessorImpl.java:0) with 4 output partitions
20/02/14 19:40:03 INFO DAGScheduler: Final stage: ResultStage 0 (json at NativeMethodAccessorImpl.java:0)
20/02/14 19:40:03 INFO DAGScheduler: Parents of final stage: List()
20/02/14 19:40:03 INFO DAGScheduler: Missing parents: List()
20/02/14 19:40:03 INFO DAGScheduler: Submitting ResultStage 0 (MapPartitionsRDD[3] at json at NativeMethodAccessorImpl.java:0), which has no missing parents
20/02/14 19:40:03 INFO MemoryStore: Block broadcast_1 stored as values in memory (estimated size 11.6 KB, free 366.0 MB)
20/02/14 19:40:03 INFO MemoryStore: Block broadcast_1_piece0 stored as bytes in memory (estimated size 6.7 KB, free 366.0 MB)
20/02/14 19:40:03 INFO BlockManagerInfo: Added broadcast_1_piece0 in memory on 192.168.1.25:2975 (size: 6.7 KB, free: 366.3 MB)
20/02/14 19:40:03 INFO SparkContext: Created broadcast 1 from broadcast at DAGScheduler.scala:1163
20/02/14 19:40:03 INFO DAGScheduler: Submitting 4 missing tasks from ResultStage 0 (MapPartitionsRDD[3] at json at NativeMethodAccessorImpl.java:0) (first 15 tasks are for partitions Vector(0, 1, 2, 3))
20/02/14 19:40:03 INFO TaskSchedulerImpl: Adding task set 0.0 with 4 tasks
20/02/14 19:40:03 INFO TaskSetManager: Starting task 0.0 in stage 0.0 (TID 0, localhost, executor driver, partition 0, PROCESS_LOCAL, 8265 bytes)
20/02/14 19:40:03 INFO TaskSetManager: Starting task 1.0 in stage 0.0 (TID 1, localhost, executor driver, partition 1, PROCESS_LOCAL, 8265 bytes)
20/02/14 19:40:03 INFO TaskSetManager: Starting task 2.0 in stage 0.0 (TID 2, localhost, executor driver, partition 2, PROCESS_LOCAL, 8265 bytes)
20/02/14 19:40:03 INFO TaskSetManager: Starting task 3.0 in stage 0.0 (TID 3, localhost, executor driver, partition 3, PROCESS_LOCAL, 8265 bytes)
20/02/14 19:40:03 INFO Executor: Running task 1.0 in stage 0.0 (TID 1)
20/02/14 19:40:03 INFO Executor: Running task 3.0 in stage 0.0 (TID 3)
20/02/14 19:40:03 INFO Executor: Running task 0.0 in stage 0.0 (TID 0)
20/02/14 19:40:03 INFO Executor: Running task 2.0 in stage 0.0 (TID 2)
20/02/14 19:40:03 INFO FileScanRDD: Reading File path: file:///edw/Reviews/SourceCode/data/ProdMeta.json, range: 113210382-146752875, partition values: [empty row]
20/02/14 19:40:03 INFO FileScanRDD: Reading File path: file:///edw/Reviews/SourceCode/data/ProdMeta.json, range: 37736794-75473588, partition values: [empty row]
20/02/14 19:40:03 INFO FileScanRDD: Reading File path: file:///edw/Reviews/SourceCode/data/ProdMeta.json, range: 75473588-113210382, partition values: [empty row]
20/02/14 19:40:03 INFO FileScanRDD: Reading File path: file:///edw/Reviews/SourceCode/data/ProdMeta.json, range: 0-37736794, partition values: [empty row]
20/02/14 19:40:03 INFO CodeGenerator: Code generated in 18.2673 ms
20/02/14 19:40:04 INFO Executor: Finished task 1.0 in stage 0.0 (TID 1). 2733 bytes result sent to driver
20/02/14 19:40:05 INFO Executor: Finished task 2.0 in stage 0.0 (TID 2). 2803 bytes result sent to driver
20/02/14 19:40:05 INFO Executor: Finished task 3.0 in stage 0.0 (TID 3). 2770 bytes result sent to driver
20/02/14 19:40:05 INFO TaskSetManager: Finished task 1.0 in stage 0.0 (TID 1) in 1340 ms on localhost (executor driver) (1/4)
20/02/14 19:40:05 INFO Executor: Finished task 0.0 in stage 0.0 (TID 0). 2781 bytes result sent to driver
20/02/14 19:40:05 INFO TaskSetManager: Finished task 2.0 in stage 0.0 (TID 2) in 1351 ms on localhost (executor driver) (2/4)
20/02/14 19:40:05 INFO TaskSetManager: Finished task 3.0 in stage 0.0 (TID 3) in 1351 ms on localhost (executor driver) (3/4)
20/02/14 19:40:05 INFO TaskSetManager: Finished task 0.0 in stage 0.0 (TID 0) in 1369 ms on localhost (executor driver) (4/4)
20/02/14 19:40:05 INFO TaskSchedulerImpl: Removed TaskSet 0.0, whose tasks have all completed, from pool 
20/02/14 19:40:05 INFO DAGScheduler: ResultStage 0 (json at NativeMethodAccessorImpl.java:0) finished in 1.516 s
20/02/14 19:40:05 INFO DAGScheduler: Job 0 finished: json at NativeMethodAccessorImpl.java:0, took 1.605382 s
20/02/14 19:40:05 INFO FileSourceStrategy: Pruning directories with: 
20/02/14 19:40:05 INFO FileSourceStrategy: Post-Scan Filters: isnotnull(asin#7)
20/02/14 19:40:05 INFO FileSourceStrategy: Output Data Schema: struct<asin: string, brand: string, categories: array<array<string>>, price: double, title: string ... 3 more fields>
20/02/14 19:40:05 INFO FileSourceScanExec: Pushed Filters: IsNotNull(asin)
20/02/14 19:40:05 INFO CodeGenerator: Code generated in 31.9205 ms
20/02/14 19:40:06 INFO MemoryStore: Block broadcast_2 stored as values in memory (estimated size 282.5 KB, free 365.7 MB)
20/02/14 19:40:06 INFO MemoryStore: Block broadcast_2_piece0 stored as bytes in memory (estimated size 23.3 KB, free 365.7 MB)
20/02/14 19:40:06 INFO BlockManagerInfo: Added broadcast_2_piece0 in memory on 192.168.1.25:2975 (size: 23.3 KB, free: 366.2 MB)
20/02/14 19:40:06 INFO SparkContext: Created broadcast 2 from jdbc at NativeMethodAccessorImpl.java:0
20/02/14 19:40:06 INFO FileSourceScanExec: Planning scan with bin packing, max size: 37736794 bytes, open cost is considered as scanning 4194304 bytes.
20/02/14 19:40:06 INFO SparkContext: Starting job: jdbc at NativeMethodAccessorImpl.java:0
20/02/14 19:40:06 INFO DAGScheduler: Got job 1 (jdbc at NativeMethodAccessorImpl.java:0) with 4 output partitions
20/02/14 19:40:06 INFO DAGScheduler: Final stage: ResultStage 1 (jdbc at NativeMethodAccessorImpl.java:0)
20/02/14 19:40:06 INFO DAGScheduler: Parents of final stage: List()
20/02/14 19:40:06 INFO DAGScheduler: Missing parents: List()
20/02/14 19:40:06 INFO DAGScheduler: Submitting ResultStage 1 (MapPartitionsRDD[8] at jdbc at NativeMethodAccessorImpl.java:0), which has no missing parents
20/02/14 19:40:06 INFO MemoryStore: Block broadcast_3 stored as values in memory (estimated size 21.4 KB, free 365.7 MB)
20/02/14 19:40:06 INFO MemoryStore: Block broadcast_3_piece0 stored as bytes in memory (estimated size 11.1 KB, free 365.7 MB)
20/02/14 19:40:06 INFO BlockManagerInfo: Added broadcast_3_piece0 in memory on 192.168.1.25:2975 (size: 11.1 KB, free: 366.2 MB)
20/02/14 19:40:06 INFO SparkContext: Created broadcast 3 from broadcast at DAGScheduler.scala:1163
20/02/14 19:40:06 INFO DAGScheduler: Submitting 4 missing tasks from ResultStage 1 (MapPartitionsRDD[8] at jdbc at NativeMethodAccessorImpl.java:0) (first 15 tasks are for partitions Vector(0, 1, 2, 3))
20/02/14 19:40:06 INFO TaskSchedulerImpl: Adding task set 1.0 with 4 tasks
20/02/14 19:40:06 INFO TaskSetManager: Starting task 0.0 in stage 1.0 (TID 4, localhost, executor driver, partition 0, PROCESS_LOCAL, 8265 bytes)
20/02/14 19:40:06 INFO TaskSetManager: Starting task 1.0 in stage 1.0 (TID 5, localhost, executor driver, partition 1, PROCESS_LOCAL, 8265 bytes)
20/02/14 19:40:06 INFO TaskSetManager: Starting task 2.0 in stage 1.0 (TID 6, localhost, executor driver, partition 2, PROCESS_LOCAL, 8265 bytes)
20/02/14 19:40:06 INFO TaskSetManager: Starting task 3.0 in stage 1.0 (TID 7, localhost, executor driver, partition 3, PROCESS_LOCAL, 8265 bytes)
20/02/14 19:40:06 INFO Executor: Running task 0.0 in stage 1.0 (TID 4)
20/02/14 19:40:06 INFO Executor: Running task 1.0 in stage 1.0 (TID 5)
20/02/14 19:40:06 INFO Executor: Running task 2.0 in stage 1.0 (TID 6)
20/02/14 19:40:06 INFO Executor: Running task 3.0 in stage 1.0 (TID 7)
20/02/14 19:40:06 INFO CodeGenerator: Code generated in 23.9784 ms
20/02/14 19:40:06 INFO FileScanRDD: Reading File path: file:///edw/Reviews/SourceCode/data/ProdMeta.json, range: 75473588-113210382, partition values: [empty row]
20/02/14 19:40:06 INFO FileScanRDD: Reading File path: file:///edw/Reviews/SourceCode/data/ProdMeta.json, range: 113210382-146752875, partition values: [empty row]
20/02/14 19:40:06 INFO FileScanRDD: Reading File path: file:///edw/Reviews/SourceCode/data/ProdMeta.json, range: 37736794-75473588, partition values: [empty row]
20/02/14 19:40:06 INFO FileScanRDD: Reading File path: file:///edw/Reviews/SourceCode/data/ProdMeta.json, range: 0-37736794, partition values: [empty row]
20/02/14 19:40:06 INFO CodeGenerator: Code generated in 35.5937 ms
20/02/14 19:40:08 INFO Executor: Finished task 3.0 in stage 1.0 (TID 7). 1542 bytes result sent to driver
20/02/14 19:40:08 INFO TaskSetManager: Finished task 3.0 in stage 1.0 (TID 7) in 2182 ms on localhost (executor driver) (1/4)
20/02/14 19:40:08 INFO Executor: Finished task 1.0 in stage 1.0 (TID 5). 1456 bytes result sent to driver
20/02/14 19:40:08 INFO TaskSetManager: Finished task 1.0 in stage 1.0 (TID 5) in 2602 ms on localhost (executor driver) (2/4)
20/02/14 19:40:08 INFO Executor: Finished task 2.0 in stage 1.0 (TID 6). 1456 bytes result sent to driver
20/02/14 19:40:08 INFO TaskSetManager: Finished task 2.0 in stage 1.0 (TID 6) in 2643 ms on localhost (executor driver) (3/4)
20/02/14 19:40:08 INFO Executor: Finished task 0.0 in stage 1.0 (TID 4). 1499 bytes result sent to driver
20/02/14 19:40:08 INFO TaskSetManager: Finished task 0.0 in stage 1.0 (TID 4) in 2719 ms on localhost (executor driver) (4/4)
20/02/14 19:40:08 INFO TaskSchedulerImpl: Removed TaskSet 1.0, whose tasks have all completed, from pool 
20/02/14 19:40:08 INFO DAGScheduler: ResultStage 1 (jdbc at NativeMethodAccessorImpl.java:0) finished in 2.772 s
20/02/14 19:40:08 INFO DAGScheduler: Job 1 finished: jdbc at NativeMethodAccessorImpl.java:0, took 2.781613 s
20/02/14 19:40:08 INFO SparkContext: Invoking stop() from shutdown hook
20/02/14 19:40:08 INFO SparkUI: Stopped Spark web UI at http://192.168.1.25:4040
20/02/14 19:40:09 INFO MapOutputTrackerMasterEndpoint: MapOutputTrackerMasterEndpoint stopped!
20/02/14 19:40:09 INFO MemoryStore: MemoryStore cleared
20/02/14 19:40:09 INFO BlockManager: BlockManager stopped
20/02/14 19:40:09 INFO BlockManagerMaster: BlockManagerMaster stopped
20/02/14 19:40:09 INFO OutputCommitCoordinator$OutputCommitCoordinatorEndpoint: OutputCommitCoordinator stopped!
20/02/14 19:40:09 INFO SparkContext: Successfully stopped SparkContext
20/02/14 19:40:09 INFO ShutdownHookManager: Shutdown hook called
20/02/14 19:40:09 INFO ShutdownHookManager: Deleting directory /tmp/spark-c2839d2d-f323-4f6c-9d38-dd2d69f6b038
20/02/14 19:40:09 INFO ShutdownHookManager: Deleting directory /tmp/spark-37aee3dd-14ea-418d-8deb-832fcb8bf7b0
20/02/14 19:40:09 INFO ShutdownHookManager: Deleting directory /tmp/spark-37aee3dd-14ea-418d-8deb-832fcb8bf7b0/pyspark-479165b7-749d-433b-9cf2-e35b79445ac4
###################################################################################################################################
###################################################################################################################################
Load to ODS in progress
###################################################################################################################################
###################################################################################################################################
begin;
BEGIN
	UPDATE PRODMETA
	SET brand = PS.brand
	, price = PS.price
	, title = PS.title
	, categories = PS.categories
	, odsUpdateTd = current_timestamp(0)
	FROM PRODMETA_STAGING PS
	WHERE PRODMETA.asin = RS.asin;
ERROR:  missing FROM-clause entry for table "rs"
LINE 8:  WHERE PRODMETA.asin = RS.asin;
                               ^
