###################################################################################################################################
###################################################################################################################################
Load to stage in progress
###################################################################################################################################
###################################################################################################################################
20/02/15 06:20:11 WARN Utils: Your hostname, DESKTOP-502C4I4 resolves to a loopback address: 127.0.1.1; using 192.168.1.25 instead (on interface wifi0)
20/02/15 06:20:11 WARN Utils: Set SPARK_LOCAL_IP if you need to bind to another address
20/02/15 06:20:13 WARN NativeCodeLoader: Unable to load native-hadoop library for your platform... using builtin-java classes where applicable
Using Spark's default log4j profile: org/apache/spark/log4j-defaults.properties
20/02/15 06:20:18 INFO SparkContext: Running Spark version 2.4.5
20/02/15 06:20:19 INFO SparkContext: Submitted application: ProdMeta
20/02/15 06:20:19 INFO SecurityManager: Changing view acls to: devetluser
20/02/15 06:20:19 INFO SecurityManager: Changing modify acls to: devetluser
20/02/15 06:20:19 INFO SecurityManager: Changing view acls groups to: 
20/02/15 06:20:19 INFO SecurityManager: Changing modify acls groups to: 
20/02/15 06:20:19 INFO SecurityManager: SecurityManager: authentication disabled; ui acls disabled; users  with view permissions: Set(devetluser); groups with view permissions: Set(); users  with modify permissions: Set(devetluser); groups with modify permissions: Set()
20/02/15 06:20:20 INFO Utils: Successfully started service 'sparkDriver' on port 14592.
20/02/15 06:20:20 INFO SparkEnv: Registering MapOutputTracker
20/02/15 06:20:20 INFO SparkEnv: Registering BlockManagerMaster
20/02/15 06:20:20 INFO BlockManagerMasterEndpoint: Using org.apache.spark.storage.DefaultTopologyMapper for getting topology information
20/02/15 06:20:20 INFO BlockManagerMasterEndpoint: BlockManagerMasterEndpoint up
20/02/15 06:20:20 INFO DiskBlockManager: Created local directory at /tmp/blockmgr-aaab568d-23b9-4004-af84-f822c579af86
20/02/15 06:20:20 INFO MemoryStore: MemoryStore started with capacity 366.3 MB
20/02/15 06:20:20 INFO SparkEnv: Registering OutputCommitCoordinator
20/02/15 06:20:20 INFO Utils: Successfully started service 'SparkUI' on port 4040.
20/02/15 06:20:21 INFO SparkUI: Bound SparkUI to 0.0.0.0, and started at http://192.168.1.25:4040
20/02/15 06:20:21 INFO Executor: Starting executor ID driver on host localhost
20/02/15 06:20:21 INFO Utils: Successfully started service 'org.apache.spark.network.netty.NettyBlockTransferService' on port 14594.
20/02/15 06:20:21 INFO NettyBlockTransferService: Server created on 192.168.1.25:14594
20/02/15 06:20:21 INFO BlockManager: Using org.apache.spark.storage.RandomBlockReplicationPolicy for block replication policy
20/02/15 06:20:21 INFO BlockManagerMaster: Registering BlockManager BlockManagerId(driver, 192.168.1.25, 14594, None)
20/02/15 06:20:21 INFO BlockManagerMasterEndpoint: Registering block manager 192.168.1.25:14594 with 366.3 MB RAM, BlockManagerId(driver, 192.168.1.25, 14594, None)
20/02/15 06:20:21 INFO BlockManagerMaster: Registered BlockManager BlockManagerId(driver, 192.168.1.25, 14594, None)
20/02/15 06:20:21 INFO BlockManager: Initialized BlockManager: BlockManagerId(driver, 192.168.1.25, 14594, None)
20/02/15 06:20:22 INFO SharedState: Setting hive.metastore.warehouse.dir ('null') to the value of spark.sql.warehouse.dir ('file:/edw/Reviews/SourceCode/bash/spark-warehouse').
20/02/15 06:20:22 INFO SharedState: Warehouse path is 'file:/edw/Reviews/SourceCode/bash/spark-warehouse'.
20/02/15 06:20:24 INFO StateStoreCoordinatorRef: Registered StateStoreCoordinator endpoint
20/02/15 06:20:24 INFO InMemoryFileIndex: It took 63 ms to list leaf files for 1 paths.
20/02/15 06:20:24 INFO InMemoryFileIndex: It took 2 ms to list leaf files for 1 paths.
20/02/15 06:20:28 INFO FileSourceStrategy: Pruning directories with: 
20/02/15 06:20:28 INFO FileSourceStrategy: Post-Scan Filters: 
20/02/15 06:20:28 INFO FileSourceStrategy: Output Data Schema: struct<value: string>
20/02/15 06:20:28 INFO FileSourceScanExec: Pushed Filters: 
20/02/15 06:20:29 INFO CodeGenerator: Code generated in 411.5509 ms
20/02/15 06:20:29 INFO MemoryStore: Block broadcast_0 stored as values in memory (estimated size 282.6 KB, free 366.0 MB)
20/02/15 06:20:29 INFO MemoryStore: Block broadcast_0_piece0 stored as bytes in memory (estimated size 23.3 KB, free 366.0 MB)
20/02/15 06:20:29 INFO BlockManagerInfo: Added broadcast_0_piece0 in memory on 192.168.1.25:14594 (size: 23.3 KB, free: 366.3 MB)
20/02/15 06:20:30 INFO SparkContext: Created broadcast 0 from json at NativeMethodAccessorImpl.java:0
20/02/15 06:20:30 INFO FileSourceScanExec: Planning scan with bin packing, max size: 134217728 bytes, open cost is considered as scanning 4194304 bytes.
20/02/15 06:20:30 INFO SparkContext: Starting job: json at NativeMethodAccessorImpl.java:0
20/02/15 06:20:30 INFO DAGScheduler: Got job 0 (json at NativeMethodAccessorImpl.java:0) with 24 output partitions
20/02/15 06:20:30 INFO DAGScheduler: Final stage: ResultStage 0 (json at NativeMethodAccessorImpl.java:0)
20/02/15 06:20:30 INFO DAGScheduler: Parents of final stage: List()
20/02/15 06:20:30 INFO DAGScheduler: Missing parents: List()
20/02/15 06:20:30 INFO DAGScheduler: Submitting ResultStage 0 (MapPartitionsRDD[3] at json at NativeMethodAccessorImpl.java:0), which has no missing parents
20/02/15 06:20:30 INFO MemoryStore: Block broadcast_1 stored as values in memory (estimated size 11.6 KB, free 366.0 MB)
20/02/15 06:20:30 INFO MemoryStore: Block broadcast_1_piece0 stored as bytes in memory (estimated size 6.7 KB, free 366.0 MB)
20/02/15 06:20:30 INFO BlockManagerInfo: Added broadcast_1_piece0 in memory on 192.168.1.25:14594 (size: 6.7 KB, free: 366.3 MB)
20/02/15 06:20:30 INFO SparkContext: Created broadcast 1 from broadcast at DAGScheduler.scala:1163
20/02/15 06:20:30 INFO DAGScheduler: Submitting 24 missing tasks from ResultStage 0 (MapPartitionsRDD[3] at json at NativeMethodAccessorImpl.java:0) (first 15 tasks are for partitions Vector(0, 1, 2, 3, 4, 5, 6, 7, 8, 9, 10, 11, 12, 13, 14))
20/02/15 06:20:30 INFO TaskSchedulerImpl: Adding task set 0.0 with 24 tasks
20/02/15 06:20:30 INFO TaskSetManager: Starting task 0.0 in stage 0.0 (TID 0, localhost, executor driver, partition 0, PROCESS_LOCAL, 8265 bytes)
20/02/15 06:20:30 INFO TaskSetManager: Starting task 1.0 in stage 0.0 (TID 1, localhost, executor driver, partition 1, PROCESS_LOCAL, 8265 bytes)
20/02/15 06:20:30 INFO TaskSetManager: Starting task 2.0 in stage 0.0 (TID 2, localhost, executor driver, partition 2, PROCESS_LOCAL, 8265 bytes)
20/02/15 06:20:30 INFO TaskSetManager: Starting task 3.0 in stage 0.0 (TID 3, localhost, executor driver, partition 3, PROCESS_LOCAL, 8265 bytes)
20/02/15 06:20:30 INFO Executor: Running task 3.0 in stage 0.0 (TID 3)
20/02/15 06:20:30 INFO Executor: Running task 2.0 in stage 0.0 (TID 2)
20/02/15 06:20:30 INFO Executor: Running task 1.0 in stage 0.0 (TID 1)
20/02/15 06:20:30 INFO Executor: Running task 0.0 in stage 0.0 (TID 0)
20/02/15 06:20:30 INFO FileScanRDD: Reading File path: file:///edw/Reviews/SourceCode/data/ProdMeta.json, range: 268435456-402653184, partition values: [empty row]
20/02/15 06:20:30 INFO FileScanRDD: Reading File path: file:///edw/Reviews/SourceCode/data/ProdMeta.json, range: 0-134217728, partition values: [empty row]
20/02/15 06:20:30 INFO FileScanRDD: Reading File path: file:///edw/Reviews/SourceCode/data/ProdMeta.json, range: 134217728-268435456, partition values: [empty row]
20/02/15 06:20:30 INFO FileScanRDD: Reading File path: file:///edw/Reviews/SourceCode/data/ProdMeta.json, range: 402653184-536870912, partition values: [empty row]
20/02/15 06:20:30 INFO CodeGenerator: Code generated in 19.0839 ms
20/02/15 06:20:41 INFO Executor: Finished task 1.0 in stage 0.0 (TID 1). 2798 bytes result sent to driver
20/02/15 06:20:41 INFO Executor: Finished task 2.0 in stage 0.0 (TID 2). 2832 bytes result sent to driver
20/02/15 06:20:41 INFO TaskSetManager: Starting task 4.0 in stage 0.0 (TID 4, localhost, executor driver, partition 4, PROCESS_LOCAL, 8265 bytes)
20/02/15 06:20:41 INFO Executor: Running task 4.0 in stage 0.0 (TID 4)
20/02/15 06:20:41 INFO TaskSetManager: Starting task 5.0 in stage 0.0 (TID 5, localhost, executor driver, partition 5, PROCESS_LOCAL, 8265 bytes)
20/02/15 06:20:41 INFO Executor: Running task 5.0 in stage 0.0 (TID 5)
20/02/15 06:20:41 INFO FileScanRDD: Reading File path: file:///edw/Reviews/SourceCode/data/ProdMeta.json, range: 671088640-805306368, partition values: [empty row]
20/02/15 06:20:41 INFO FileScanRDD: Reading File path: file:///edw/Reviews/SourceCode/data/ProdMeta.json, range: 536870912-671088640, partition values: [empty row]
20/02/15 06:20:41 INFO TaskSetManager: Finished task 1.0 in stage 0.0 (TID 1) in 11262 ms on localhost (executor driver) (1/24)
20/02/15 06:20:42 INFO TaskSetManager: Finished task 2.0 in stage 0.0 (TID 2) in 11570 ms on localhost (executor driver) (2/24)
20/02/15 06:20:44 INFO Executor: Finished task 3.0 in stage 0.0 (TID 3). 2867 bytes result sent to driver
20/02/15 06:20:44 INFO TaskSetManager: Starting task 6.0 in stage 0.0 (TID 6, localhost, executor driver, partition 6, PROCESS_LOCAL, 8265 bytes)
20/02/15 06:20:44 INFO Executor: Running task 6.0 in stage 0.0 (TID 6)
20/02/15 06:20:44 INFO TaskSetManager: Finished task 3.0 in stage 0.0 (TID 3) in 14453 ms on localhost (executor driver) (3/24)
20/02/15 06:20:45 INFO FileScanRDD: Reading File path: file:///edw/Reviews/SourceCode/data/ProdMeta.json, range: 805306368-939524096, partition values: [empty row]
20/02/15 06:20:46 INFO Executor: Finished task 0.0 in stage 0.0 (TID 0). 2935 bytes result sent to driver
20/02/15 06:20:46 INFO TaskSetManager: Starting task 7.0 in stage 0.0 (TID 7, localhost, executor driver, partition 7, PROCESS_LOCAL, 8265 bytes)
20/02/15 06:20:46 INFO TaskSetManager: Finished task 0.0 in stage 0.0 (TID 0) in 15552 ms on localhost (executor driver) (4/24)
20/02/15 06:20:46 INFO Executor: Running task 7.0 in stage 0.0 (TID 7)
20/02/15 06:20:46 INFO FileScanRDD: Reading File path: file:///edw/Reviews/SourceCode/data/ProdMeta.json, range: 939524096-1073741824, partition values: [empty row]
20/02/15 06:21:00 INFO Executor: Finished task 5.0 in stage 0.0 (TID 5). 2972 bytes result sent to driver
20/02/15 06:21:00 INFO TaskSetManager: Starting task 8.0 in stage 0.0 (TID 8, localhost, executor driver, partition 8, PROCESS_LOCAL, 8265 bytes)
20/02/15 06:21:00 INFO Executor: Running task 8.0 in stage 0.0 (TID 8)
20/02/15 06:21:00 INFO TaskSetManager: Finished task 5.0 in stage 0.0 (TID 5) in 19085 ms on localhost (executor driver) (5/24)
20/02/15 06:21:00 INFO FileScanRDD: Reading File path: file:///edw/Reviews/SourceCode/data/ProdMeta.json, range: 1073741824-1207959552, partition values: [empty row]
20/02/15 06:21:00 INFO Executor: Finished task 4.0 in stage 0.0 (TID 4). 3239 bytes result sent to driver
20/02/15 06:21:00 INFO TaskSetManager: Starting task 9.0 in stage 0.0 (TID 9, localhost, executor driver, partition 9, PROCESS_LOCAL, 8265 bytes)
20/02/15 06:21:00 INFO TaskSetManager: Finished task 4.0 in stage 0.0 (TID 4) in 19564 ms on localhost (executor driver) (6/24)
20/02/15 06:21:00 INFO Executor: Running task 9.0 in stage 0.0 (TID 9)
20/02/15 06:21:00 INFO FileScanRDD: Reading File path: file:///edw/Reviews/SourceCode/data/ProdMeta.json, range: 1207959552-1342177280, partition values: [empty row]
20/02/15 06:21:04 INFO Executor: Finished task 6.0 in stage 0.0 (TID 6). 2709 bytes result sent to driver
20/02/15 06:21:04 INFO TaskSetManager: Starting task 10.0 in stage 0.0 (TID 10, localhost, executor driver, partition 10, PROCESS_LOCAL, 8265 bytes)
20/02/15 06:21:04 INFO Executor: Running task 10.0 in stage 0.0 (TID 10)
20/02/15 06:21:04 INFO TaskSetManager: Finished task 6.0 in stage 0.0 (TID 6) in 19300 ms on localhost (executor driver) (7/24)
20/02/15 06:21:04 INFO FileScanRDD: Reading File path: file:///edw/Reviews/SourceCode/data/ProdMeta.json, range: 1342177280-1476395008, partition values: [empty row]
20/02/15 06:21:06 INFO Executor: Finished task 7.0 in stage 0.0 (TID 7). 2927 bytes result sent to driver
20/02/15 06:21:06 INFO TaskSetManager: Starting task 11.0 in stage 0.0 (TID 11, localhost, executor driver, partition 11, PROCESS_LOCAL, 8265 bytes)
20/02/15 06:21:06 INFO Executor: Running task 11.0 in stage 0.0 (TID 11)
20/02/15 06:21:06 INFO TaskSetManager: Finished task 7.0 in stage 0.0 (TID 7) in 20645 ms on localhost (executor driver) (8/24)
20/02/15 06:21:06 INFO FileScanRDD: Reading File path: file:///edw/Reviews/SourceCode/data/ProdMeta.json, range: 1476395008-1610612736, partition values: [empty row]
20/02/15 06:21:20 INFO Executor: Finished task 8.0 in stage 0.0 (TID 8). 3113 bytes result sent to driver
20/02/15 06:21:20 INFO TaskSetManager: Starting task 12.0 in stage 0.0 (TID 12, localhost, executor driver, partition 12, PROCESS_LOCAL, 8265 bytes)
20/02/15 06:21:20 INFO TaskSetManager: Finished task 8.0 in stage 0.0 (TID 8) in 19983 ms on localhost (executor driver) (9/24)
20/02/15 06:21:20 INFO Executor: Running task 12.0 in stage 0.0 (TID 12)
20/02/15 06:21:20 INFO FileScanRDD: Reading File path: file:///edw/Reviews/SourceCode/data/ProdMeta.json, range: 1610612736-1744830464, partition values: [empty row]
20/02/15 06:21:21 INFO Executor: Finished task 9.0 in stage 0.0 (TID 9). 3149 bytes result sent to driver
20/02/15 06:21:21 INFO TaskSetManager: Starting task 13.0 in stage 0.0 (TID 13, localhost, executor driver, partition 13, PROCESS_LOCAL, 8265 bytes)
20/02/15 06:21:21 INFO Executor: Running task 13.0 in stage 0.0 (TID 13)
20/02/15 06:21:21 INFO TaskSetManager: Finished task 9.0 in stage 0.0 (TID 9) in 20474 ms on localhost (executor driver) (10/24)
20/02/15 06:21:21 INFO FileScanRDD: Reading File path: file:///edw/Reviews/SourceCode/data/ProdMeta.json, range: 1744830464-1879048192, partition values: [empty row]
20/02/15 06:21:24 INFO Executor: Finished task 10.0 in stage 0.0 (TID 10). 3100 bytes result sent to driver
20/02/15 06:21:24 INFO TaskSetManager: Starting task 14.0 in stage 0.0 (TID 14, localhost, executor driver, partition 14, PROCESS_LOCAL, 8265 bytes)
20/02/15 06:21:24 INFO Executor: Running task 14.0 in stage 0.0 (TID 14)
20/02/15 06:21:24 INFO TaskSetManager: Finished task 10.0 in stage 0.0 (TID 10) in 19947 ms on localhost (executor driver) (11/24)
20/02/15 06:21:24 INFO FileScanRDD: Reading File path: file:///edw/Reviews/SourceCode/data/ProdMeta.json, range: 1879048192-2013265920, partition values: [empty row]
20/02/15 06:21:26 INFO Executor: Finished task 11.0 in stage 0.0 (TID 11). 2920 bytes result sent to driver
20/02/15 06:21:26 INFO TaskSetManager: Starting task 15.0 in stage 0.0 (TID 15, localhost, executor driver, partition 15, PROCESS_LOCAL, 8265 bytes)
20/02/15 06:21:26 INFO TaskSetManager: Finished task 11.0 in stage 0.0 (TID 11) in 19647 ms on localhost (executor driver) (12/24)
20/02/15 06:21:26 INFO Executor: Running task 15.0 in stage 0.0 (TID 15)
20/02/15 06:21:26 INFO FileScanRDD: Reading File path: file:///edw/Reviews/SourceCode/data/ProdMeta.json, range: 2013265920-2147483648, partition values: [empty row]
20/02/15 06:21:41 INFO Executor: Finished task 13.0 in stage 0.0 (TID 13). 3212 bytes result sent to driver
20/02/15 06:21:41 INFO TaskSetManager: Starting task 16.0 in stage 0.0 (TID 16, localhost, executor driver, partition 16, PROCESS_LOCAL, 8265 bytes)
20/02/15 06:21:41 INFO TaskSetManager: Finished task 13.0 in stage 0.0 (TID 13) in 19884 ms on localhost (executor driver) (13/24)
20/02/15 06:21:41 INFO Executor: Running task 16.0 in stage 0.0 (TID 16)
20/02/15 06:21:41 INFO FileScanRDD: Reading File path: file:///edw/Reviews/SourceCode/data/ProdMeta.json, range: 2147483648-2281701376, partition values: [empty row]
20/02/15 06:21:41 INFO Executor: Finished task 12.0 in stage 0.0 (TID 12). 3127 bytes result sent to driver
20/02/15 06:21:41 INFO TaskSetManager: Starting task 17.0 in stage 0.0 (TID 17, localhost, executor driver, partition 17, PROCESS_LOCAL, 8265 bytes)
20/02/15 06:21:41 INFO Executor: Running task 17.0 in stage 0.0 (TID 17)
20/02/15 06:21:41 INFO TaskSetManager: Finished task 12.0 in stage 0.0 (TID 12) in 20888 ms on localhost (executor driver) (14/24)
20/02/15 06:21:41 INFO FileScanRDD: Reading File path: file:///edw/Reviews/SourceCode/data/ProdMeta.json, range: 2281701376-2415919104, partition values: [empty row]
20/02/15 06:21:43 INFO Executor: Finished task 14.0 in stage 0.0 (TID 14). 3469 bytes result sent to driver
20/02/15 06:21:43 INFO TaskSetManager: Starting task 18.0 in stage 0.0 (TID 18, localhost, executor driver, partition 18, PROCESS_LOCAL, 8265 bytes)
20/02/15 06:21:43 INFO Executor: Running task 18.0 in stage 0.0 (TID 18)
20/02/15 06:21:43 INFO TaskSetManager: Finished task 14.0 in stage 0.0 (TID 14) in 19636 ms on localhost (executor driver) (15/24)
20/02/15 06:21:43 INFO FileScanRDD: Reading File path: file:///edw/Reviews/SourceCode/data/ProdMeta.json, range: 2415919104-2550136832, partition values: [empty row]
20/02/15 06:21:46 INFO Executor: Finished task 15.0 in stage 0.0 (TID 15). 3491 bytes result sent to driver
20/02/15 06:21:46 INFO TaskSetManager: Starting task 19.0 in stage 0.0 (TID 19, localhost, executor driver, partition 19, PROCESS_LOCAL, 8265 bytes)
20/02/15 06:21:46 INFO TaskSetManager: Finished task 15.0 in stage 0.0 (TID 15) in 20028 ms on localhost (executor driver) (16/24)
20/02/15 06:21:46 INFO Executor: Running task 19.0 in stage 0.0 (TID 19)
20/02/15 06:21:46 INFO FileScanRDD: Reading File path: file:///edw/Reviews/SourceCode/data/ProdMeta.json, range: 2550136832-2684354560, partition values: [empty row]
20/02/15 06:22:07 INFO Executor: Finished task 16.0 in stage 0.0 (TID 16). 3547 bytes result sent to driver
20/02/15 06:22:07 INFO TaskSetManager: Starting task 20.0 in stage 0.0 (TID 20, localhost, executor driver, partition 20, PROCESS_LOCAL, 8265 bytes)
20/02/15 06:22:07 INFO Executor: Running task 20.0 in stage 0.0 (TID 20)
20/02/15 06:22:07 INFO TaskSetManager: Finished task 16.0 in stage 0.0 (TID 16) in 26625 ms on localhost (executor driver) (17/24)
20/02/15 06:22:07 INFO FileScanRDD: Reading File path: file:///edw/Reviews/SourceCode/data/ProdMeta.json, range: 2684354560-2818572288, partition values: [empty row]
20/02/15 06:22:10 INFO Executor: Finished task 17.0 in stage 0.0 (TID 17). 3547 bytes result sent to driver
20/02/15 06:22:10 INFO TaskSetManager: Starting task 21.0 in stage 0.0 (TID 21, localhost, executor driver, partition 21, PROCESS_LOCAL, 8265 bytes)
20/02/15 06:22:10 INFO TaskSetManager: Finished task 17.0 in stage 0.0 (TID 17) in 29036 ms on localhost (executor driver) (18/24)
20/02/15 06:22:10 INFO Executor: Running task 21.0 in stage 0.0 (TID 21)
20/02/15 06:22:10 INFO FileScanRDD: Reading File path: file:///edw/Reviews/SourceCode/data/ProdMeta.json, range: 2818572288-2952790016, partition values: [empty row]
20/02/15 06:22:11 INFO Executor: Finished task 18.0 in stage 0.0 (TID 18). 3590 bytes result sent to driver
20/02/15 06:22:11 INFO TaskSetManager: Starting task 22.0 in stage 0.0 (TID 22, localhost, executor driver, partition 22, PROCESS_LOCAL, 8265 bytes)
20/02/15 06:22:11 INFO TaskSetManager: Finished task 18.0 in stage 0.0 (TID 18) in 27896 ms on localhost (executor driver) (19/24)
20/02/15 06:22:11 INFO Executor: Running task 22.0 in stage 0.0 (TID 22)
20/02/15 06:22:11 INFO FileScanRDD: Reading File path: file:///edw/Reviews/SourceCode/data/ProdMeta.json, range: 2952790016-3087007744, partition values: [empty row]
20/02/15 06:22:12 INFO Executor: Finished task 19.0 in stage 0.0 (TID 19). 3566 bytes result sent to driver
20/02/15 06:22:12 INFO TaskSetManager: Starting task 23.0 in stage 0.0 (TID 23, localhost, executor driver, partition 23, PROCESS_LOCAL, 8265 bytes)
20/02/15 06:22:12 INFO Executor: Running task 23.0 in stage 0.0 (TID 23)
20/02/15 06:22:12 INFO TaskSetManager: Finished task 19.0 in stage 0.0 (TID 19) in 25813 ms on localhost (executor driver) (20/24)
20/02/15 06:22:12 INFO FileScanRDD: Reading File path: file:///edw/Reviews/SourceCode/data/ProdMeta.json, range: 3087007744-3160089316, partition values: [empty row]
20/02/15 06:22:26 INFO Executor: Finished task 23.0 in stage 0.0 (TID 23). 3504 bytes result sent to driver
20/02/15 06:22:27 INFO TaskSetManager: Finished task 23.0 in stage 0.0 (TID 23) in 14839 ms on localhost (executor driver) (21/24)
20/02/15 06:22:29 INFO Executor: Finished task 21.0 in stage 0.0 (TID 21). 3579 bytes result sent to driver
20/02/15 06:22:29 INFO TaskSetManager: Finished task 21.0 in stage 0.0 (TID 21) in 19313 ms on localhost (executor driver) (22/24)
20/02/15 06:22:30 INFO Executor: Finished task 20.0 in stage 0.0 (TID 20). 3620 bytes result sent to driver
20/02/15 06:22:30 INFO TaskSetManager: Finished task 20.0 in stage 0.0 (TID 20) in 22139 ms on localhost (executor driver) (23/24)
20/02/15 06:22:30 INFO Executor: Finished task 22.0 in stage 0.0 (TID 22). 3534 bytes result sent to driver
20/02/15 06:22:30 INFO TaskSetManager: Finished task 22.0 in stage 0.0 (TID 22) in 18979 ms on localhost (executor driver) (24/24)
20/02/15 06:22:30 INFO DAGScheduler: ResultStage 0 (json at NativeMethodAccessorImpl.java:0) finished in 120.373 s
20/02/15 06:22:30 INFO TaskSchedulerImpl: Removed TaskSet 0.0, whose tasks have all completed, from pool 
20/02/15 06:22:30 INFO DAGScheduler: Job 0 finished: json at NativeMethodAccessorImpl.java:0, took 120.620350 s
20/02/15 06:22:31 WARN Utils: Truncated the string representation of a plan since it was too large. This behavior can be adjusted by setting 'spark.debug.maxToStringFields' in SparkEnv.conf.
20/02/15 06:22:33 INFO FileSourceStrategy: Pruning directories with: 
20/02/15 06:22:33 INFO FileSourceStrategy: Post-Scan Filters: isnotnull(asin#7)
20/02/15 06:22:33 INFO FileSourceStrategy: Output Data Schema: struct<asin: string, brand: string, categories: array<array<string>>, price: double, title: string ... 3 more fields>
20/02/15 06:22:33 INFO FileSourceScanExec: Pushed Filters: IsNotNull(asin)
20/02/15 06:22:33 INFO CodeGenerator: Code generated in 51.4965 ms
20/02/15 06:22:33 INFO MemoryStore: Block broadcast_2 stored as values in memory (estimated size 282.6 KB, free 365.7 MB)
20/02/15 06:22:33 INFO MemoryStore: Block broadcast_2_piece0 stored as bytes in memory (estimated size 23.3 KB, free 365.7 MB)
20/02/15 06:22:33 INFO BlockManagerInfo: Added broadcast_2_piece0 in memory on 192.168.1.25:14594 (size: 23.3 KB, free: 366.2 MB)
20/02/15 06:22:33 INFO SparkContext: Created broadcast 2 from jdbc at NativeMethodAccessorImpl.java:0
20/02/15 06:22:33 INFO FileSourceScanExec: Planning scan with bin packing, max size: 134217728 bytes, open cost is considered as scanning 4194304 bytes.
20/02/15 06:22:33 INFO SparkContext: Starting job: jdbc at NativeMethodAccessorImpl.java:0
20/02/15 06:22:33 INFO DAGScheduler: Got job 1 (jdbc at NativeMethodAccessorImpl.java:0) with 24 output partitions
20/02/15 06:22:33 INFO DAGScheduler: Final stage: ResultStage 1 (jdbc at NativeMethodAccessorImpl.java:0)
20/02/15 06:22:33 INFO DAGScheduler: Parents of final stage: List()
20/02/15 06:22:33 INFO DAGScheduler: Missing parents: List()
20/02/15 06:22:33 INFO DAGScheduler: Submitting ResultStage 1 (MapPartitionsRDD[8] at jdbc at NativeMethodAccessorImpl.java:0), which has no missing parents
20/02/15 06:22:33 INFO MemoryStore: Block broadcast_3 stored as values in memory (estimated size 21.8 KB, free 365.7 MB)
20/02/15 06:22:33 INFO MemoryStore: Block broadcast_3_piece0 stored as bytes in memory (estimated size 11.2 KB, free 365.7 MB)
20/02/15 06:22:33 INFO BlockManagerInfo: Added broadcast_3_piece0 in memory on 192.168.1.25:14594 (size: 11.2 KB, free: 366.2 MB)
20/02/15 06:22:33 INFO SparkContext: Created broadcast 3 from broadcast at DAGScheduler.scala:1163
20/02/15 06:22:33 INFO DAGScheduler: Submitting 24 missing tasks from ResultStage 1 (MapPartitionsRDD[8] at jdbc at NativeMethodAccessorImpl.java:0) (first 15 tasks are for partitions Vector(0, 1, 2, 3, 4, 5, 6, 7, 8, 9, 10, 11, 12, 13, 14))
20/02/15 06:22:33 INFO TaskSchedulerImpl: Adding task set 1.0 with 24 tasks
20/02/15 06:22:33 INFO TaskSetManager: Starting task 0.0 in stage 1.0 (TID 24, localhost, executor driver, partition 0, PROCESS_LOCAL, 8265 bytes)
20/02/15 06:22:33 INFO TaskSetManager: Starting task 1.0 in stage 1.0 (TID 25, localhost, executor driver, partition 1, PROCESS_LOCAL, 8265 bytes)
20/02/15 06:22:33 INFO TaskSetManager: Starting task 2.0 in stage 1.0 (TID 26, localhost, executor driver, partition 2, PROCESS_LOCAL, 8265 bytes)
20/02/15 06:22:33 INFO TaskSetManager: Starting task 3.0 in stage 1.0 (TID 27, localhost, executor driver, partition 3, PROCESS_LOCAL, 8265 bytes)
20/02/15 06:22:33 INFO Executor: Running task 1.0 in stage 1.0 (TID 25)
20/02/15 06:22:33 INFO Executor: Running task 3.0 in stage 1.0 (TID 27)
20/02/15 06:22:33 INFO Executor: Running task 2.0 in stage 1.0 (TID 26)
20/02/15 06:22:33 INFO Executor: Running task 0.0 in stage 1.0 (TID 24)
20/02/15 06:22:33 INFO CodeGenerator: Code generated in 60.9173 ms
20/02/15 06:22:33 INFO FileScanRDD: Reading File path: file:///edw/Reviews/SourceCode/data/ProdMeta.json, range: 402653184-536870912, partition values: [empty row]
20/02/15 06:22:33 INFO FileScanRDD: Reading File path: file:///edw/Reviews/SourceCode/data/ProdMeta.json, range: 268435456-402653184, partition values: [empty row]
20/02/15 06:22:33 INFO CodeGenerator: Code generated in 36.7409 ms
20/02/15 06:22:33 INFO FileScanRDD: Reading File path: file:///edw/Reviews/SourceCode/data/ProdMeta.json, range: 0-134217728, partition values: [empty row]
20/02/15 06:22:33 INFO FileScanRDD: Reading File path: file:///edw/Reviews/SourceCode/data/ProdMeta.json, range: 134217728-268435456, partition values: [empty row]
20/02/15 06:22:54 INFO Executor: Finished task 1.0 in stage 1.0 (TID 25). 1499 bytes result sent to driver
20/02/15 06:22:54 INFO TaskSetManager: Starting task 4.0 in stage 1.0 (TID 28, localhost, executor driver, partition 4, PROCESS_LOCAL, 8265 bytes)
20/02/15 06:22:54 INFO TaskSetManager: Finished task 1.0 in stage 1.0 (TID 25) in 21310 ms on localhost (executor driver) (1/24)
20/02/15 06:22:54 INFO Executor: Running task 4.0 in stage 1.0 (TID 28)
20/02/15 06:22:55 INFO FileScanRDD: Reading File path: file:///edw/Reviews/SourceCode/data/ProdMeta.json, range: 536870912-671088640, partition values: [empty row]
20/02/15 06:22:56 INFO Executor: Finished task 3.0 in stage 1.0 (TID 27). 1499 bytes result sent to driver
20/02/15 06:22:56 INFO TaskSetManager: Starting task 5.0 in stage 1.0 (TID 29, localhost, executor driver, partition 5, PROCESS_LOCAL, 8265 bytes)
20/02/15 06:22:56 INFO TaskSetManager: Finished task 3.0 in stage 1.0 (TID 27) in 22601 ms on localhost (executor driver) (2/24)
20/02/15 06:22:56 INFO Executor: Running task 5.0 in stage 1.0 (TID 29)
20/02/15 06:22:56 INFO FileScanRDD: Reading File path: file:///edw/Reviews/SourceCode/data/ProdMeta.json, range: 671088640-805306368, partition values: [empty row]
20/02/15 06:22:56 INFO Executor: Finished task 2.0 in stage 1.0 (TID 26). 1499 bytes result sent to driver
20/02/15 06:22:56 INFO TaskSetManager: Starting task 6.0 in stage 1.0 (TID 30, localhost, executor driver, partition 6, PROCESS_LOCAL, 8265 bytes)
20/02/15 06:22:56 INFO TaskSetManager: Finished task 2.0 in stage 1.0 (TID 26) in 22742 ms on localhost (executor driver) (3/24)
20/02/15 06:22:56 INFO Executor: Running task 6.0 in stage 1.0 (TID 30)
20/02/15 06:22:56 INFO FileScanRDD: Reading File path: file:///edw/Reviews/SourceCode/data/ProdMeta.json, range: 805306368-939524096, partition values: [empty row]
20/02/15 06:22:56 INFO Executor: Finished task 0.0 in stage 1.0 (TID 24). 1456 bytes result sent to driver
20/02/15 06:22:56 INFO TaskSetManager: Starting task 7.0 in stage 1.0 (TID 31, localhost, executor driver, partition 7, PROCESS_LOCAL, 8265 bytes)
20/02/15 06:22:56 INFO TaskSetManager: Finished task 0.0 in stage 1.0 (TID 24) in 23462 ms on localhost (executor driver) (4/24)
20/02/15 06:22:56 INFO Executor: Running task 7.0 in stage 1.0 (TID 31)
20/02/15 06:22:57 INFO FileScanRDD: Reading File path: file:///edw/Reviews/SourceCode/data/ProdMeta.json, range: 939524096-1073741824, partition values: [empty row]
20/02/15 06:23:18 INFO Executor: Finished task 4.0 in stage 1.0 (TID 28). 1499 bytes result sent to driver
20/02/15 06:23:18 INFO TaskSetManager: Starting task 8.0 in stage 1.0 (TID 32, localhost, executor driver, partition 8, PROCESS_LOCAL, 8265 bytes)
20/02/15 06:23:18 INFO TaskSetManager: Finished task 4.0 in stage 1.0 (TID 28) in 24190 ms on localhost (executor driver) (5/24)
20/02/15 06:23:18 INFO Executor: Running task 8.0 in stage 1.0 (TID 32)
20/02/15 06:23:19 INFO FileScanRDD: Reading File path: file:///edw/Reviews/SourceCode/data/ProdMeta.json, range: 1073741824-1207959552, partition values: [empty row]
20/02/15 06:23:19 INFO Executor: Finished task 6.0 in stage 1.0 (TID 30). 1456 bytes result sent to driver
20/02/15 06:23:19 INFO TaskSetManager: Starting task 9.0 in stage 1.0 (TID 33, localhost, executor driver, partition 9, PROCESS_LOCAL, 8265 bytes)
20/02/15 06:23:19 INFO TaskSetManager: Finished task 6.0 in stage 1.0 (TID 30) in 22856 ms on localhost (executor driver) (6/24)
20/02/15 06:23:19 INFO Executor: Running task 9.0 in stage 1.0 (TID 33)
20/02/15 06:23:19 INFO FileScanRDD: Reading File path: file:///edw/Reviews/SourceCode/data/ProdMeta.json, range: 1207959552-1342177280, partition values: [empty row]
20/02/15 06:23:20 INFO Executor: Finished task 5.0 in stage 1.0 (TID 29). 1456 bytes result sent to driver
20/02/15 06:23:20 INFO TaskSetManager: Starting task 10.0 in stage 1.0 (TID 34, localhost, executor driver, partition 10, PROCESS_LOCAL, 8265 bytes)
20/02/15 06:23:20 INFO TaskSetManager: Finished task 5.0 in stage 1.0 (TID 29) in 24044 ms on localhost (executor driver) (7/24)
20/02/15 06:23:20 INFO Executor: Running task 10.0 in stage 1.0 (TID 34)
20/02/15 06:23:20 INFO FileScanRDD: Reading File path: file:///edw/Reviews/SourceCode/data/ProdMeta.json, range: 1342177280-1476395008, partition values: [empty row]
20/02/15 06:23:22 INFO Executor: Finished task 7.0 in stage 1.0 (TID 31). 1456 bytes result sent to driver
20/02/15 06:23:22 INFO TaskSetManager: Starting task 11.0 in stage 1.0 (TID 35, localhost, executor driver, partition 11, PROCESS_LOCAL, 8265 bytes)
20/02/15 06:23:22 INFO TaskSetManager: Finished task 7.0 in stage 1.0 (TID 31) in 25297 ms on localhost (executor driver) (8/24)
20/02/15 06:23:22 INFO Executor: Running task 11.0 in stage 1.0 (TID 35)
20/02/15 06:23:23 INFO FileScanRDD: Reading File path: file:///edw/Reviews/SourceCode/data/ProdMeta.json, range: 1476395008-1610612736, partition values: [empty row]
20/02/15 06:23:44 INFO Executor: Finished task 9.0 in stage 1.0 (TID 33). 1499 bytes result sent to driver
20/02/15 06:23:44 INFO TaskSetManager: Starting task 12.0 in stage 1.0 (TID 36, localhost, executor driver, partition 12, PROCESS_LOCAL, 8265 bytes)
20/02/15 06:23:44 INFO TaskSetManager: Finished task 9.0 in stage 1.0 (TID 33) in 25450 ms on localhost (executor driver) (9/24)
20/02/15 06:23:44 INFO Executor: Running task 12.0 in stage 1.0 (TID 36)
20/02/15 06:23:44 INFO Executor: Finished task 8.0 in stage 1.0 (TID 32). 1456 bytes result sent to driver
20/02/15 06:23:44 INFO TaskSetManager: Starting task 13.0 in stage 1.0 (TID 37, localhost, executor driver, partition 13, PROCESS_LOCAL, 8265 bytes)
20/02/15 06:23:44 INFO TaskSetManager: Finished task 8.0 in stage 1.0 (TID 32) in 25935 ms on localhost (executor driver) (10/24)
20/02/15 06:23:44 INFO Executor: Running task 13.0 in stage 1.0 (TID 37)
20/02/15 06:23:45 INFO Executor: Finished task 10.0 in stage 1.0 (TID 34). 1456 bytes result sent to driver
20/02/15 06:23:45 INFO TaskSetManager: Starting task 14.0 in stage 1.0 (TID 38, localhost, executor driver, partition 14, PROCESS_LOCAL, 8265 bytes)
20/02/15 06:23:45 INFO TaskSetManager: Finished task 10.0 in stage 1.0 (TID 34) in 25513 ms on localhost (executor driver) (11/24)
20/02/15 06:23:45 INFO Executor: Running task 14.0 in stage 1.0 (TID 38)
20/02/15 06:23:46 INFO FileScanRDD: Reading File path: file:///edw/Reviews/SourceCode/data/ProdMeta.json, range: 1744830464-1879048192, partition values: [empty row]
20/02/15 06:23:46 INFO FileScanRDD: Reading File path: file:///edw/Reviews/SourceCode/data/ProdMeta.json, range: 1610612736-1744830464, partition values: [empty row]
20/02/15 06:23:46 INFO FileScanRDD: Reading File path: file:///edw/Reviews/SourceCode/data/ProdMeta.json, range: 1879048192-2013265920, partition values: [empty row]
20/02/15 06:23:47 INFO Executor: Finished task 11.0 in stage 1.0 (TID 35). 1456 bytes result sent to driver
20/02/15 06:23:47 INFO TaskSetManager: Starting task 15.0 in stage 1.0 (TID 39, localhost, executor driver, partition 15, PROCESS_LOCAL, 8265 bytes)
20/02/15 06:23:47 INFO TaskSetManager: Finished task 11.0 in stage 1.0 (TID 35) in 25622 ms on localhost (executor driver) (12/24)
20/02/15 06:23:47 INFO Executor: Running task 15.0 in stage 1.0 (TID 39)
20/02/15 06:23:47 INFO FileScanRDD: Reading File path: file:///edw/Reviews/SourceCode/data/ProdMeta.json, range: 2013265920-2147483648, partition values: [empty row]
20/02/15 06:24:10 INFO Executor: Finished task 13.0 in stage 1.0 (TID 37). 1456 bytes result sent to driver
20/02/15 06:24:10 INFO Executor: Finished task 12.0 in stage 1.0 (TID 36). 1456 bytes result sent to driver
20/02/15 06:24:10 INFO TaskSetManager: Starting task 16.0 in stage 1.0 (TID 40, localhost, executor driver, partition 16, PROCESS_LOCAL, 8265 bytes)
20/02/15 06:24:10 INFO TaskSetManager: Finished task 13.0 in stage 1.0 (TID 37) in 25771 ms on localhost (executor driver) (13/24)
20/02/15 06:24:10 INFO Executor: Running task 16.0 in stage 1.0 (TID 40)
20/02/15 06:24:10 INFO TaskSetManager: Starting task 17.0 in stage 1.0 (TID 41, localhost, executor driver, partition 17, PROCESS_LOCAL, 8265 bytes)
20/02/15 06:24:10 INFO TaskSetManager: Finished task 12.0 in stage 1.0 (TID 36) in 26158 ms on localhost (executor driver) (14/24)
20/02/15 06:24:10 INFO Executor: Running task 17.0 in stage 1.0 (TID 41)
20/02/15 06:24:10 INFO FileScanRDD: Reading File path: file:///edw/Reviews/SourceCode/data/ProdMeta.json, range: 2147483648-2281701376, partition values: [empty row]
20/02/15 06:24:11 INFO FileScanRDD: Reading File path: file:///edw/Reviews/SourceCode/data/ProdMeta.json, range: 2281701376-2415919104, partition values: [empty row]
20/02/15 06:24:14 INFO Executor: Finished task 14.0 in stage 1.0 (TID 38). 1499 bytes result sent to driver
20/02/15 06:24:14 INFO TaskSetManager: Starting task 18.0 in stage 1.0 (TID 42, localhost, executor driver, partition 18, PROCESS_LOCAL, 8265 bytes)
20/02/15 06:24:14 INFO TaskSetManager: Finished task 14.0 in stage 1.0 (TID 38) in 29311 ms on localhost (executor driver) (15/24)
20/02/15 06:24:14 INFO Executor: Running task 18.0 in stage 1.0 (TID 42)
20/02/15 06:24:15 INFO FileScanRDD: Reading File path: file:///edw/Reviews/SourceCode/data/ProdMeta.json, range: 2415919104-2550136832, partition values: [empty row]
20/02/15 06:24:16 INFO Executor: Finished task 15.0 in stage 1.0 (TID 39). 1499 bytes result sent to driver
20/02/15 06:24:16 INFO TaskSetManager: Starting task 19.0 in stage 1.0 (TID 43, localhost, executor driver, partition 19, PROCESS_LOCAL, 8265 bytes)
20/02/15 06:24:16 INFO TaskSetManager: Finished task 15.0 in stage 1.0 (TID 39) in 28319 ms on localhost (executor driver) (16/24)
20/02/15 06:24:16 INFO Executor: Running task 19.0 in stage 1.0 (TID 43)
20/02/15 06:24:16 INFO FileScanRDD: Reading File path: file:///edw/Reviews/SourceCode/data/ProdMeta.json, range: 2550136832-2684354560, partition values: [empty row]
20/02/15 06:24:38 INFO Executor: Finished task 16.0 in stage 1.0 (TID 40). 1456 bytes result sent to driver
20/02/15 06:24:38 INFO TaskSetManager: Starting task 20.0 in stage 1.0 (TID 44, localhost, executor driver, partition 20, PROCESS_LOCAL, 8265 bytes)
20/02/15 06:24:38 INFO TaskSetManager: Finished task 16.0 in stage 1.0 (TID 40) in 27342 ms on localhost (executor driver) (17/24)
20/02/15 06:24:38 INFO Executor: Running task 20.0 in stage 1.0 (TID 44)
20/02/15 06:24:38 INFO FileScanRDD: Reading File path: file:///edw/Reviews/SourceCode/data/ProdMeta.json, range: 2684354560-2818572288, partition values: [empty row]
20/02/15 06:24:40 INFO Executor: Finished task 17.0 in stage 1.0 (TID 41). 1456 bytes result sent to driver
20/02/15 06:24:40 INFO TaskSetManager: Starting task 21.0 in stage 1.0 (TID 45, localhost, executor driver, partition 21, PROCESS_LOCAL, 8265 bytes)
20/02/15 06:24:40 INFO TaskSetManager: Finished task 17.0 in stage 1.0 (TID 41) in 29356 ms on localhost (executor driver) (18/24)
20/02/15 06:24:40 INFO Executor: Running task 21.0 in stage 1.0 (TID 45)
20/02/15 06:24:40 INFO FileScanRDD: Reading File path: file:///edw/Reviews/SourceCode/data/ProdMeta.json, range: 2818572288-2952790016, partition values: [empty row]
20/02/15 06:24:44 INFO Executor: Finished task 18.0 in stage 1.0 (TID 42). 1456 bytes result sent to driver
20/02/15 06:24:44 INFO TaskSetManager: Starting task 22.0 in stage 1.0 (TID 46, localhost, executor driver, partition 22, PROCESS_LOCAL, 8265 bytes)
20/02/15 06:24:44 INFO Executor: Running task 22.0 in stage 1.0 (TID 46)
20/02/15 06:24:44 INFO TaskSetManager: Finished task 18.0 in stage 1.0 (TID 42) in 29882 ms on localhost (executor driver) (19/24)
20/02/15 06:24:45 INFO FileScanRDD: Reading File path: file:///edw/Reviews/SourceCode/data/ProdMeta.json, range: 2952790016-3087007744, partition values: [empty row]
20/02/15 06:24:46 INFO Executor: Finished task 19.0 in stage 1.0 (TID 43). 1456 bytes result sent to driver
20/02/15 06:24:46 INFO TaskSetManager: Starting task 23.0 in stage 1.0 (TID 47, localhost, executor driver, partition 23, PROCESS_LOCAL, 8265 bytes)
20/02/15 06:24:46 INFO TaskSetManager: Finished task 19.0 in stage 1.0 (TID 43) in 30114 ms on localhost (executor driver) (20/24)
20/02/15 06:24:46 INFO Executor: Running task 23.0 in stage 1.0 (TID 47)
20/02/15 06:24:46 INFO FileScanRDD: Reading File path: file:///edw/Reviews/SourceCode/data/ProdMeta.json, range: 3087007744-3160089316, partition values: [empty row]
20/02/15 06:25:03 INFO Executor: Finished task 23.0 in stage 1.0 (TID 47). 1456 bytes result sent to driver
20/02/15 06:25:03 INFO TaskSetManager: Finished task 23.0 in stage 1.0 (TID 47) in 17196 ms on localhost (executor driver) (21/24)
20/02/15 06:25:07 INFO Executor: Finished task 20.0 in stage 1.0 (TID 44). 1456 bytes result sent to driver
20/02/15 06:25:07 INFO TaskSetManager: Finished task 20.0 in stage 1.0 (TID 44) in 29711 ms on localhost (executor driver) (22/24)
20/02/15 06:25:07 INFO Executor: Finished task 21.0 in stage 1.0 (TID 45). 1456 bytes result sent to driver
20/02/15 06:25:07 INFO TaskSetManager: Finished task 21.0 in stage 1.0 (TID 45) in 27708 ms on localhost (executor driver) (23/24)
20/02/15 06:25:12 INFO Executor: Finished task 22.0 in stage 1.0 (TID 46). 1456 bytes result sent to driver
20/02/15 06:25:12 INFO TaskSetManager: Finished task 22.0 in stage 1.0 (TID 46) in 27493 ms on localhost (executor driver) (24/24)
20/02/15 06:25:12 INFO TaskSchedulerImpl: Removed TaskSet 1.0, whose tasks have all completed, from pool 
20/02/15 06:25:12 INFO DAGScheduler: ResultStage 1 (jdbc at NativeMethodAccessorImpl.java:0) finished in 158.898 s
20/02/15 06:25:12 INFO DAGScheduler: Job 1 finished: jdbc at NativeMethodAccessorImpl.java:0, took 158.907428 s
20/02/15 06:25:13 INFO SparkContext: Invoking stop() from shutdown hook
20/02/15 06:25:13 INFO SparkUI: Stopped Spark web UI at http://192.168.1.25:4040
20/02/15 06:25:13 INFO MapOutputTrackerMasterEndpoint: MapOutputTrackerMasterEndpoint stopped!
20/02/15 06:25:13 INFO MemoryStore: MemoryStore cleared
20/02/15 06:25:13 INFO BlockManager: BlockManager stopped
20/02/15 06:25:13 INFO BlockManagerMaster: BlockManagerMaster stopped
20/02/15 06:25:13 INFO OutputCommitCoordinator$OutputCommitCoordinatorEndpoint: OutputCommitCoordinator stopped!
20/02/15 06:25:13 INFO SparkContext: Successfully stopped SparkContext
20/02/15 06:25:13 INFO ShutdownHookManager: Shutdown hook called
20/02/15 06:25:13 INFO ShutdownHookManager: Deleting directory /tmp/spark-63aa0da5-6b0b-4e93-8232-d59ffed78a7e
20/02/15 06:25:13 INFO ShutdownHookManager: Deleting directory /tmp/spark-d0c2d020-e8d0-42da-9d14-1e83f32b4ade
20/02/15 06:25:13 INFO ShutdownHookManager: Deleting directory /tmp/spark-63aa0da5-6b0b-4e93-8232-d59ffed78a7e/pyspark-30a1e66f-40ef-429b-981d-4ad23ba2aaf6
###################################################################################################################################
###################################################################################################################################
Load to ODS in progress
###################################################################################################################################
###################################################################################################################################
begin;
BEGIN
	UPDATE "STAGE_DB".PRODMETA
	SET brand = PS.brand
	, price = PS.price
	, title = PS.title
	, categories = PS.categories
	, odsUpdateTd = current_timestamp(0)
	FROM "WORK_DB".PRODMETA_WT PS
	WHERE PRODMETA.asin = PS.asin;
UPDATE 76487
	INSERT INTO "STAGE_DB".PRODMETA
	SELECT PS.asin, PS.brand, PS.price, PS.title, PS.categories, current_timestamp(0), current_timestamp(0)
	FROM "WORK_DB".PRODMETA_WT PS
	LEFT OUTER JOIN "STAGE_DB".PRODMETA PM
	ON PS.asin = PM.asin
	WHERE PM.asin IS NULL;
INSERT 0 2487945
	TRUNCATE "WORK_DB".PRODMETA_WT;
TRUNCATE TABLE
commit;
COMMIT
