###################################################################################################################################
###################################################################################################################################
Load to stage in progress
###################################################################################################################################
###################################################################################################################################
20/02/15 05:52:19 WARN Utils: Your hostname, DESKTOP-502C4I4 resolves to a loopback address: 127.0.1.1; using 192.168.1.25 instead (on interface wifi0)
20/02/15 05:52:19 WARN Utils: Set SPARK_LOCAL_IP if you need to bind to another address
20/02/15 05:52:20 WARN NativeCodeLoader: Unable to load native-hadoop library for your platform... using builtin-java classes where applicable
Using Spark's default log4j profile: org/apache/spark/log4j-defaults.properties
20/02/15 05:52:21 INFO SparkContext: Running Spark version 2.4.5
20/02/15 05:52:21 INFO SparkContext: Submitted application: ProdMeta
20/02/15 05:52:21 INFO SecurityManager: Changing view acls to: devetluser
20/02/15 05:52:21 INFO SecurityManager: Changing modify acls to: devetluser
20/02/15 05:52:21 INFO SecurityManager: Changing view acls groups to: 
20/02/15 05:52:21 INFO SecurityManager: Changing modify acls groups to: 
20/02/15 05:52:21 INFO SecurityManager: SecurityManager: authentication disabled; ui acls disabled; users  with view permissions: Set(devetluser); groups with view permissions: Set(); users  with modify permissions: Set(devetluser); groups with modify permissions: Set()
20/02/15 05:52:22 INFO Utils: Successfully started service 'sparkDriver' on port 10333.
20/02/15 05:52:22 INFO SparkEnv: Registering MapOutputTracker
20/02/15 05:52:22 INFO SparkEnv: Registering BlockManagerMaster
20/02/15 05:52:22 INFO BlockManagerMasterEndpoint: Using org.apache.spark.storage.DefaultTopologyMapper for getting topology information
20/02/15 05:52:22 INFO BlockManagerMasterEndpoint: BlockManagerMasterEndpoint up
20/02/15 05:52:22 INFO DiskBlockManager: Created local directory at /tmp/blockmgr-7381afdb-2cbb-442f-9211-ef8c9713facd
20/02/15 05:52:22 INFO MemoryStore: MemoryStore started with capacity 366.3 MB
20/02/15 05:52:22 INFO SparkEnv: Registering OutputCommitCoordinator
20/02/15 05:52:22 INFO Utils: Successfully started service 'SparkUI' on port 4040.
20/02/15 05:52:22 INFO SparkUI: Bound SparkUI to 0.0.0.0, and started at http://192.168.1.25:4040
20/02/15 05:52:22 INFO Executor: Starting executor ID driver on host localhost
20/02/15 05:52:22 INFO Utils: Successfully started service 'org.apache.spark.network.netty.NettyBlockTransferService' on port 10335.
20/02/15 05:52:22 INFO NettyBlockTransferService: Server created on 192.168.1.25:10335
20/02/15 05:52:22 INFO BlockManager: Using org.apache.spark.storage.RandomBlockReplicationPolicy for block replication policy
20/02/15 05:52:22 INFO BlockManagerMaster: Registering BlockManager BlockManagerId(driver, 192.168.1.25, 10335, None)
20/02/15 05:52:22 INFO BlockManagerMasterEndpoint: Registering block manager 192.168.1.25:10335 with 366.3 MB RAM, BlockManagerId(driver, 192.168.1.25, 10335, None)
20/02/15 05:52:22 INFO BlockManagerMaster: Registered BlockManager BlockManagerId(driver, 192.168.1.25, 10335, None)
20/02/15 05:52:22 INFO BlockManager: Initialized BlockManager: BlockManagerId(driver, 192.168.1.25, 10335, None)
20/02/15 05:52:23 INFO SharedState: Setting hive.metastore.warehouse.dir ('null') to the value of spark.sql.warehouse.dir ('file:/edw/Reviews/SourceCode/bash/spark-warehouse').
20/02/15 05:52:23 INFO SharedState: Warehouse path is 'file:/edw/Reviews/SourceCode/bash/spark-warehouse'.
20/02/15 05:52:24 INFO StateStoreCoordinatorRef: Registered StateStoreCoordinator endpoint
20/02/15 05:52:25 INFO InMemoryFileIndex: It took 61 ms to list leaf files for 1 paths.
20/02/15 05:52:25 INFO InMemoryFileIndex: It took 3 ms to list leaf files for 1 paths.
20/02/15 05:52:28 INFO FileSourceStrategy: Pruning directories with: 
20/02/15 05:52:28 INFO FileSourceStrategy: Post-Scan Filters: 
20/02/15 05:52:28 INFO FileSourceStrategy: Output Data Schema: struct<value: string>
20/02/15 05:52:28 INFO FileSourceScanExec: Pushed Filters: 
20/02/15 05:52:29 INFO CodeGenerator: Code generated in 320.9192 ms
20/02/15 05:52:29 INFO MemoryStore: Block broadcast_0 stored as values in memory (estimated size 282.6 KB, free 366.0 MB)
20/02/15 05:52:29 INFO MemoryStore: Block broadcast_0_piece0 stored as bytes in memory (estimated size 23.3 KB, free 366.0 MB)
20/02/15 05:52:29 INFO BlockManagerInfo: Added broadcast_0_piece0 in memory on 192.168.1.25:10335 (size: 23.3 KB, free: 366.3 MB)
20/02/15 05:52:29 INFO SparkContext: Created broadcast 0 from json at NativeMethodAccessorImpl.java:0
20/02/15 05:52:29 INFO FileSourceScanExec: Planning scan with bin packing, max size: 37736794 bytes, open cost is considered as scanning 4194304 bytes.
20/02/15 05:52:29 INFO SparkContext: Starting job: json at NativeMethodAccessorImpl.java:0
20/02/15 05:52:29 INFO DAGScheduler: Got job 0 (json at NativeMethodAccessorImpl.java:0) with 4 output partitions
20/02/15 05:52:29 INFO DAGScheduler: Final stage: ResultStage 0 (json at NativeMethodAccessorImpl.java:0)
20/02/15 05:52:29 INFO DAGScheduler: Parents of final stage: List()
20/02/15 05:52:29 INFO DAGScheduler: Missing parents: List()
20/02/15 05:52:29 INFO DAGScheduler: Submitting ResultStage 0 (MapPartitionsRDD[3] at json at NativeMethodAccessorImpl.java:0), which has no missing parents
20/02/15 05:52:29 INFO MemoryStore: Block broadcast_1 stored as values in memory (estimated size 11.6 KB, free 366.0 MB)
20/02/15 05:52:29 INFO MemoryStore: Block broadcast_1_piece0 stored as bytes in memory (estimated size 6.7 KB, free 366.0 MB)
20/02/15 05:52:29 INFO BlockManagerInfo: Added broadcast_1_piece0 in memory on 192.168.1.25:10335 (size: 6.7 KB, free: 366.3 MB)
20/02/15 05:52:29 INFO SparkContext: Created broadcast 1 from broadcast at DAGScheduler.scala:1163
20/02/15 05:52:29 INFO DAGScheduler: Submitting 4 missing tasks from ResultStage 0 (MapPartitionsRDD[3] at json at NativeMethodAccessorImpl.java:0) (first 15 tasks are for partitions Vector(0, 1, 2, 3))
20/02/15 05:52:29 INFO TaskSchedulerImpl: Adding task set 0.0 with 4 tasks
20/02/15 05:52:29 INFO TaskSetManager: Starting task 0.0 in stage 0.0 (TID 0, localhost, executor driver, partition 0, PROCESS_LOCAL, 8265 bytes)
20/02/15 05:52:29 INFO TaskSetManager: Starting task 1.0 in stage 0.0 (TID 1, localhost, executor driver, partition 1, PROCESS_LOCAL, 8265 bytes)
20/02/15 05:52:29 INFO TaskSetManager: Starting task 2.0 in stage 0.0 (TID 2, localhost, executor driver, partition 2, PROCESS_LOCAL, 8265 bytes)
20/02/15 05:52:29 INFO TaskSetManager: Starting task 3.0 in stage 0.0 (TID 3, localhost, executor driver, partition 3, PROCESS_LOCAL, 8265 bytes)
20/02/15 05:52:29 INFO Executor: Running task 2.0 in stage 0.0 (TID 2)
20/02/15 05:52:29 INFO Executor: Running task 1.0 in stage 0.0 (TID 1)
20/02/15 05:52:29 INFO Executor: Running task 0.0 in stage 0.0 (TID 0)
20/02/15 05:52:29 INFO Executor: Running task 3.0 in stage 0.0 (TID 3)
20/02/15 05:52:29 INFO FileScanRDD: Reading File path: file:///edw/Reviews/SourceCode/data/ProdMeta.json, range: 75473588-113210382, partition values: [empty row]
20/02/15 05:52:29 INFO FileScanRDD: Reading File path: file:///edw/Reviews/SourceCode/data/ProdMeta.json, range: 0-37736794, partition values: [empty row]
20/02/15 05:52:29 INFO FileScanRDD: Reading File path: file:///edw/Reviews/SourceCode/data/ProdMeta.json, range: 37736794-75473588, partition values: [empty row]
20/02/15 05:52:29 INFO FileScanRDD: Reading File path: file:///edw/Reviews/SourceCode/data/ProdMeta.json, range: 113210382-146752875, partition values: [empty row]
20/02/15 05:52:29 INFO CodeGenerator: Code generated in 19.0967 ms
20/02/15 05:52:31 INFO Executor: Finished task 3.0 in stage 0.0 (TID 3). 2770 bytes result sent to driver
20/02/15 05:52:31 INFO TaskSetManager: Finished task 3.0 in stage 0.0 (TID 3) in 1479 ms on localhost (executor driver) (1/4)
20/02/15 05:52:31 INFO Executor: Finished task 2.0 in stage 0.0 (TID 2). 2803 bytes result sent to driver
20/02/15 05:52:31 INFO Executor: Finished task 1.0 in stage 0.0 (TID 1). 2733 bytes result sent to driver
20/02/15 05:52:31 INFO TaskSetManager: Finished task 1.0 in stage 0.0 (TID 1) in 1595 ms on localhost (executor driver) (2/4)
20/02/15 05:52:31 INFO TaskSetManager: Finished task 2.0 in stage 0.0 (TID 2) in 1596 ms on localhost (executor driver) (3/4)
20/02/15 05:52:31 INFO Executor: Finished task 0.0 in stage 0.0 (TID 0). 2824 bytes result sent to driver
20/02/15 05:52:31 INFO TaskSetManager: Finished task 0.0 in stage 0.0 (TID 0) in 1653 ms on localhost (executor driver) (4/4)
20/02/15 05:52:31 INFO TaskSchedulerImpl: Removed TaskSet 0.0, whose tasks have all completed, from pool 
20/02/15 05:52:31 INFO DAGScheduler: ResultStage 0 (json at NativeMethodAccessorImpl.java:0) finished in 1.794 s
20/02/15 05:52:31 INFO DAGScheduler: Job 0 finished: json at NativeMethodAccessorImpl.java:0, took 1.880895 s
20/02/15 05:52:32 INFO FileSourceStrategy: Pruning directories with: 
20/02/15 05:52:32 INFO FileSourceStrategy: Post-Scan Filters: isnotnull(asin#7)
20/02/15 05:52:32 INFO FileSourceStrategy: Output Data Schema: struct<asin: string, brand: string, categories: array<array<string>>, price: double, title: string ... 3 more fields>
20/02/15 05:52:32 INFO FileSourceScanExec: Pushed Filters: IsNotNull(asin)
20/02/15 05:52:32 INFO CodeGenerator: Code generated in 28.0971 ms
20/02/15 05:52:32 INFO MemoryStore: Block broadcast_2 stored as values in memory (estimated size 282.6 KB, free 365.7 MB)
20/02/15 05:52:32 INFO MemoryStore: Block broadcast_2_piece0 stored as bytes in memory (estimated size 23.3 KB, free 365.7 MB)
20/02/15 05:52:32 INFO BlockManagerInfo: Added broadcast_2_piece0 in memory on 192.168.1.25:10335 (size: 23.3 KB, free: 366.2 MB)
20/02/15 05:52:32 INFO SparkContext: Created broadcast 2 from jdbc at NativeMethodAccessorImpl.java:0
20/02/15 05:52:32 INFO FileSourceScanExec: Planning scan with bin packing, max size: 37736794 bytes, open cost is considered as scanning 4194304 bytes.
20/02/15 05:52:32 INFO SparkContext: Starting job: jdbc at NativeMethodAccessorImpl.java:0
20/02/15 05:52:32 INFO DAGScheduler: Got job 1 (jdbc at NativeMethodAccessorImpl.java:0) with 4 output partitions
20/02/15 05:52:32 INFO DAGScheduler: Final stage: ResultStage 1 (jdbc at NativeMethodAccessorImpl.java:0)
20/02/15 05:52:32 INFO DAGScheduler: Parents of final stage: List()
20/02/15 05:52:32 INFO DAGScheduler: Missing parents: List()
20/02/15 05:52:32 INFO DAGScheduler: Submitting ResultStage 1 (MapPartitionsRDD[8] at jdbc at NativeMethodAccessorImpl.java:0), which has no missing parents
20/02/15 05:52:32 INFO MemoryStore: Block broadcast_3 stored as values in memory (estimated size 21.5 KB, free 365.7 MB)
20/02/15 05:52:32 INFO MemoryStore: Block broadcast_3_piece0 stored as bytes in memory (estimated size 11.1 KB, free 365.7 MB)
20/02/15 05:52:32 INFO BlockManagerInfo: Added broadcast_3_piece0 in memory on 192.168.1.25:10335 (size: 11.1 KB, free: 366.2 MB)
20/02/15 05:52:32 INFO SparkContext: Created broadcast 3 from broadcast at DAGScheduler.scala:1163
20/02/15 05:52:32 INFO DAGScheduler: Submitting 4 missing tasks from ResultStage 1 (MapPartitionsRDD[8] at jdbc at NativeMethodAccessorImpl.java:0) (first 15 tasks are for partitions Vector(0, 1, 2, 3))
20/02/15 05:52:32 INFO TaskSchedulerImpl: Adding task set 1.0 with 4 tasks
20/02/15 05:52:32 INFO TaskSetManager: Starting task 0.0 in stage 1.0 (TID 4, localhost, executor driver, partition 0, PROCESS_LOCAL, 8265 bytes)
20/02/15 05:52:32 INFO TaskSetManager: Starting task 1.0 in stage 1.0 (TID 5, localhost, executor driver, partition 1, PROCESS_LOCAL, 8265 bytes)
20/02/15 05:52:32 INFO TaskSetManager: Starting task 2.0 in stage 1.0 (TID 6, localhost, executor driver, partition 2, PROCESS_LOCAL, 8265 bytes)
20/02/15 05:52:32 INFO TaskSetManager: Starting task 3.0 in stage 1.0 (TID 7, localhost, executor driver, partition 3, PROCESS_LOCAL, 8265 bytes)
20/02/15 05:52:32 INFO Executor: Running task 0.0 in stage 1.0 (TID 4)
20/02/15 05:52:32 INFO Executor: Running task 1.0 in stage 1.0 (TID 5)
20/02/15 05:52:32 INFO Executor: Running task 2.0 in stage 1.0 (TID 6)
20/02/15 05:52:32 INFO Executor: Running task 3.0 in stage 1.0 (TID 7)
20/02/15 05:52:32 INFO CodeGenerator: Code generated in 23.8053 ms
20/02/15 05:52:32 INFO FileScanRDD: Reading File path: file:///edw/Reviews/SourceCode/data/ProdMeta.json, range: 113210382-146752875, partition values: [empty row]
20/02/15 05:52:32 INFO FileScanRDD: Reading File path: file:///edw/Reviews/SourceCode/data/ProdMeta.json, range: 75473588-113210382, partition values: [empty row]
20/02/15 05:52:32 INFO FileScanRDD: Reading File path: file:///edw/Reviews/SourceCode/data/ProdMeta.json, range: 0-37736794, partition values: [empty row]
20/02/15 05:52:32 INFO FileScanRDD: Reading File path: file:///edw/Reviews/SourceCode/data/ProdMeta.json, range: 37736794-75473588, partition values: [empty row]
20/02/15 05:52:32 INFO CodeGenerator: Code generated in 25.3524 ms
20/02/15 05:52:34 INFO Executor: Finished task 3.0 in stage 1.0 (TID 7). 1499 bytes result sent to driver
20/02/15 05:52:34 INFO TaskSetManager: Finished task 3.0 in stage 1.0 (TID 7) in 2494 ms on localhost (executor driver) (1/4)
20/02/15 05:52:35 INFO Executor: Finished task 1.0 in stage 1.0 (TID 5). 1456 bytes result sent to driver
20/02/15 05:52:35 INFO TaskSetManager: Finished task 1.0 in stage 1.0 (TID 5) in 2859 ms on localhost (executor driver) (2/4)
20/02/15 05:52:35 INFO Executor: Finished task 2.0 in stage 1.0 (TID 6). 1456 bytes result sent to driver
20/02/15 05:52:35 INFO TaskSetManager: Finished task 2.0 in stage 1.0 (TID 6) in 2991 ms on localhost (executor driver) (3/4)
20/02/15 05:52:35 INFO Executor: Finished task 0.0 in stage 1.0 (TID 4). 1499 bytes result sent to driver
20/02/15 05:52:35 INFO TaskSetManager: Finished task 0.0 in stage 1.0 (TID 4) in 3004 ms on localhost (executor driver) (4/4)
20/02/15 05:52:35 INFO TaskSchedulerImpl: Removed TaskSet 1.0, whose tasks have all completed, from pool 
20/02/15 05:52:35 INFO DAGScheduler: ResultStage 1 (jdbc at NativeMethodAccessorImpl.java:0) finished in 3.051 s
20/02/15 05:52:35 INFO DAGScheduler: Job 1 finished: jdbc at NativeMethodAccessorImpl.java:0, took 3.057134 s
20/02/15 05:52:35 INFO SparkContext: Invoking stop() from shutdown hook
20/02/15 05:52:35 INFO SparkUI: Stopped Spark web UI at http://192.168.1.25:4040
20/02/15 05:52:35 INFO MapOutputTrackerMasterEndpoint: MapOutputTrackerMasterEndpoint stopped!
20/02/15 05:52:35 INFO MemoryStore: MemoryStore cleared
20/02/15 05:52:35 INFO BlockManager: BlockManager stopped
20/02/15 05:52:35 INFO BlockManagerMaster: BlockManagerMaster stopped
20/02/15 05:52:35 INFO OutputCommitCoordinator$OutputCommitCoordinatorEndpoint: OutputCommitCoordinator stopped!
20/02/15 05:52:35 INFO SparkContext: Successfully stopped SparkContext
20/02/15 05:52:35 INFO ShutdownHookManager: Shutdown hook called
20/02/15 05:52:35 INFO ShutdownHookManager: Deleting directory /tmp/spark-5d6bcc59-19bc-4df1-a920-2586a652252d
20/02/15 05:52:35 INFO ShutdownHookManager: Deleting directory /tmp/spark-5d6bcc59-19bc-4df1-a920-2586a652252d/pyspark-0dd65376-e792-4d12-b5be-a5d4d7a3558e
20/02/15 05:52:35 INFO ShutdownHookManager: Deleting directory /tmp/spark-f3e9c160-658b-4282-9f49-e49c41897dc3
###################################################################################################################################
###################################################################################################################################
Load to ODS in progress
###################################################################################################################################
###################################################################################################################################
begin;
BEGIN
	UPDATE "STAGE_DB".PRODMETA
	SET brand = PS.brand
	, price = PS.price
	, title = PS.title
	, categories = PS.categories
	, odsUpdateTd = current_timestamp(0)
	FROM "WORK_DB".PRODMETA_WT PS
	WHERE PRODMETA.asin = PS.asin;
UPDATE 76487
	INSERT INTO "STAGE_DB".PRODMETA
	SELECT PS.asin, PS.brand, PS.price, PS.title, PS.categories, current_timestamp(0), current_timestamp(0)
	FROM "WORK_DB".PRODMETA_WT PS
	LEFT OUTER JOIN "STAGE_DB".PRODMETA PM
	ON PS.asin = PM.asin
	WHERE PM.asin IS NULL;
INSERT 0 0
	TRUNCATE "WORK_DB".PRODMETA_WT;
TRUNCATE TABLE
commit;
COMMIT
