###################################################################################################################################
###################################################################################################################################
Load to stage in progress
###################################################################################################################################
###################################################################################################################################
20/02/15 20:48:41 WARN Utils: Your hostname, DESKTOP-502C4I4 resolves to a loopback address: 127.0.1.1; using 192.168.1.25 instead (on interface wifi0)
20/02/15 20:48:41 WARN Utils: Set SPARK_LOCAL_IP if you need to bind to another address
20/02/15 20:48:43 WARN NativeCodeLoader: Unable to load native-hadoop library for your platform... using builtin-java classes where applicable
Using Spark's default log4j profile: org/apache/spark/log4j-defaults.properties
20/02/15 20:48:55 INFO SparkContext: Running Spark version 2.4.5
20/02/15 20:48:55 INFO SparkContext: Submitted application: ProdMeta
20/02/15 20:48:55 INFO SecurityManager: Changing view acls to: devetluser
20/02/15 20:48:55 INFO SecurityManager: Changing modify acls to: devetluser
20/02/15 20:48:55 INFO SecurityManager: Changing view acls groups to: 
20/02/15 20:48:55 INFO SecurityManager: Changing modify acls groups to: 
20/02/15 20:48:55 INFO SecurityManager: SecurityManager: authentication disabled; ui acls disabled; users  with view permissions: Set(devetluser); groups with view permissions: Set(); users  with modify permissions: Set(devetluser); groups with modify permissions: Set()
20/02/15 20:48:56 INFO Utils: Successfully started service 'sparkDriver' on port 4357.
20/02/15 20:48:56 INFO SparkEnv: Registering MapOutputTracker
20/02/15 20:48:57 INFO SparkEnv: Registering BlockManagerMaster
20/02/15 20:48:57 INFO BlockManagerMasterEndpoint: Using org.apache.spark.storage.DefaultTopologyMapper for getting topology information
20/02/15 20:48:57 INFO BlockManagerMasterEndpoint: BlockManagerMasterEndpoint up
20/02/15 20:48:57 INFO DiskBlockManager: Created local directory at /tmp/blockmgr-e7175544-8454-4d7c-9bea-dd8e0490badc
20/02/15 20:48:57 INFO MemoryStore: MemoryStore started with capacity 366.3 MB
20/02/15 20:48:57 INFO SparkEnv: Registering OutputCommitCoordinator
20/02/15 20:48:57 INFO Utils: Successfully started service 'SparkUI' on port 4040.
20/02/15 20:48:58 INFO SparkUI: Bound SparkUI to 0.0.0.0, and started at http://192.168.1.25:4040
20/02/15 20:48:58 INFO Executor: Starting executor ID driver on host localhost
20/02/15 20:48:58 INFO Utils: Successfully started service 'org.apache.spark.network.netty.NettyBlockTransferService' on port 4361.
20/02/15 20:48:58 INFO NettyBlockTransferService: Server created on 192.168.1.25:4361
20/02/15 20:48:58 INFO BlockManager: Using org.apache.spark.storage.RandomBlockReplicationPolicy for block replication policy
20/02/15 20:48:58 INFO BlockManagerMaster: Registering BlockManager BlockManagerId(driver, 192.168.1.25, 4361, None)
20/02/15 20:48:58 INFO BlockManagerMasterEndpoint: Registering block manager 192.168.1.25:4361 with 366.3 MB RAM, BlockManagerId(driver, 192.168.1.25, 4361, None)
20/02/15 20:48:58 INFO BlockManagerMaster: Registered BlockManager BlockManagerId(driver, 192.168.1.25, 4361, None)
20/02/15 20:48:58 INFO BlockManager: Initialized BlockManager: BlockManagerId(driver, 192.168.1.25, 4361, None)
20/02/15 20:49:00 INFO SharedState: Setting hive.metastore.warehouse.dir ('null') to the value of spark.sql.warehouse.dir ('file:/edw/Reviews/SourceCode/bash/spark-warehouse').
20/02/15 20:49:00 INFO SharedState: Warehouse path is 'file:/edw/Reviews/SourceCode/bash/spark-warehouse'.
20/02/15 20:49:01 INFO StateStoreCoordinatorRef: Registered StateStoreCoordinator endpoint
20/02/15 20:49:02 INFO InMemoryFileIndex: It took 111 ms to list leaf files for 1 paths.
20/02/15 20:49:03 INFO InMemoryFileIndex: It took 2 ms to list leaf files for 1 paths.
20/02/15 20:49:07 INFO FileSourceStrategy: Pruning directories with: 
20/02/15 20:49:07 INFO FileSourceStrategy: Post-Scan Filters: 
20/02/15 20:49:07 INFO FileSourceStrategy: Output Data Schema: struct<value: string>
20/02/15 20:49:07 INFO FileSourceScanExec: Pushed Filters: 
20/02/15 20:49:08 INFO CodeGenerator: Code generated in 371.714 ms
20/02/15 20:49:08 INFO MemoryStore: Block broadcast_0 stored as values in memory (estimated size 282.5 KB, free 366.0 MB)
20/02/15 20:49:09 INFO MemoryStore: Block broadcast_0_piece0 stored as bytes in memory (estimated size 23.3 KB, free 366.0 MB)
20/02/15 20:49:09 INFO BlockManagerInfo: Added broadcast_0_piece0 in memory on 192.168.1.25:4361 (size: 23.3 KB, free: 366.3 MB)
20/02/15 20:49:09 INFO SparkContext: Created broadcast 0 from json at NativeMethodAccessorImpl.java:0
20/02/15 20:49:09 INFO FileSourceScanExec: Planning scan with bin packing, max size: 134217728 bytes, open cost is considered as scanning 4194304 bytes.
20/02/15 20:49:09 INFO SparkContext: Starting job: json at NativeMethodAccessorImpl.java:0
20/02/15 20:49:09 INFO DAGScheduler: Got job 0 (json at NativeMethodAccessorImpl.java:0) with 32 output partitions
20/02/15 20:49:09 INFO DAGScheduler: Final stage: ResultStage 0 (json at NativeMethodAccessorImpl.java:0)
20/02/15 20:49:09 INFO DAGScheduler: Parents of final stage: List()
20/02/15 20:49:09 INFO DAGScheduler: Missing parents: List()
20/02/15 20:49:09 INFO DAGScheduler: Submitting ResultStage 0 (MapPartitionsRDD[3] at json at NativeMethodAccessorImpl.java:0), which has no missing parents
20/02/15 20:49:09 INFO MemoryStore: Block broadcast_1 stored as values in memory (estimated size 11.6 KB, free 366.0 MB)
20/02/15 20:49:09 INFO MemoryStore: Block broadcast_1_piece0 stored as bytes in memory (estimated size 6.7 KB, free 366.0 MB)
20/02/15 20:49:09 INFO BlockManagerInfo: Added broadcast_1_piece0 in memory on 192.168.1.25:4361 (size: 6.7 KB, free: 366.3 MB)
20/02/15 20:49:09 INFO SparkContext: Created broadcast 1 from broadcast at DAGScheduler.scala:1163
20/02/15 20:49:09 INFO DAGScheduler: Submitting 32 missing tasks from ResultStage 0 (MapPartitionsRDD[3] at json at NativeMethodAccessorImpl.java:0) (first 15 tasks are for partitions Vector(0, 1, 2, 3, 4, 5, 6, 7, 8, 9, 10, 11, 12, 13, 14))
20/02/15 20:49:10 INFO TaskSchedulerImpl: Adding task set 0.0 with 32 tasks
20/02/15 20:49:10 INFO TaskSetManager: Starting task 0.0 in stage 0.0 (TID 0, localhost, executor driver, partition 0, PROCESS_LOCAL, 8265 bytes)
20/02/15 20:49:10 INFO TaskSetManager: Starting task 1.0 in stage 0.0 (TID 1, localhost, executor driver, partition 1, PROCESS_LOCAL, 8265 bytes)
20/02/15 20:49:10 INFO TaskSetManager: Starting task 2.0 in stage 0.0 (TID 2, localhost, executor driver, partition 2, PROCESS_LOCAL, 8265 bytes)
20/02/15 20:49:10 INFO TaskSetManager: Starting task 3.0 in stage 0.0 (TID 3, localhost, executor driver, partition 3, PROCESS_LOCAL, 8265 bytes)
20/02/15 20:49:10 INFO Executor: Running task 3.0 in stage 0.0 (TID 3)
20/02/15 20:49:10 INFO Executor: Running task 1.0 in stage 0.0 (TID 1)
20/02/15 20:49:10 INFO Executor: Running task 2.0 in stage 0.0 (TID 2)
20/02/15 20:49:10 INFO Executor: Running task 0.0 in stage 0.0 (TID 0)
20/02/15 20:49:10 INFO FileScanRDD: Reading File path: file:///edw/Reviews/SourceCode/data/ProdMeta.json, range: 402653184-536870912, partition values: [empty row]
20/02/15 20:49:10 INFO FileScanRDD: Reading File path: file:///edw/Reviews/SourceCode/data/ProdMeta.json, range: 0-134217728, partition values: [empty row]
20/02/15 20:49:10 INFO FileScanRDD: Reading File path: file:///edw/Reviews/SourceCode/data/ProdMeta.json, range: 134217728-268435456, partition values: [empty row]
20/02/15 20:49:10 INFO FileScanRDD: Reading File path: file:///edw/Reviews/SourceCode/data/ProdMeta.json, range: 268435456-402653184, partition values: [empty row]
20/02/15 20:49:10 INFO CodeGenerator: Code generated in 25.6216 ms
20/02/15 20:49:58 INFO Executor: Finished task 2.0 in stage 0.0 (TID 2). 3620 bytes result sent to driver
20/02/15 20:49:58 INFO TaskSetManager: Starting task 4.0 in stage 0.0 (TID 4, localhost, executor driver, partition 4, PROCESS_LOCAL, 8265 bytes)
20/02/15 20:49:58 INFO Executor: Running task 4.0 in stage 0.0 (TID 4)
20/02/15 20:49:58 INFO FileScanRDD: Reading File path: file:///edw/Reviews/SourceCode/data/ProdMeta.json, range: 536870912-671088640, partition values: [empty row]
20/02/15 20:49:59 INFO TaskSetManager: Finished task 2.0 in stage 0.0 (TID 2) in 49245 ms on localhost (executor driver) (1/32)
20/02/15 20:50:01 INFO Executor: Finished task 3.0 in stage 0.0 (TID 3). 3609 bytes result sent to driver
20/02/15 20:50:01 INFO TaskSetManager: Starting task 5.0 in stage 0.0 (TID 5, localhost, executor driver, partition 5, PROCESS_LOCAL, 8265 bytes)
20/02/15 20:50:01 INFO Executor: Running task 5.0 in stage 0.0 (TID 5)
20/02/15 20:50:01 INFO TaskSetManager: Finished task 3.0 in stage 0.0 (TID 3) in 50866 ms on localhost (executor driver) (2/32)
20/02/15 20:50:01 INFO FileScanRDD: Reading File path: file:///edw/Reviews/SourceCode/data/ProdMeta.json, range: 671088640-805306368, partition values: [empty row]
20/02/15 20:50:08 INFO Executor: Finished task 1.0 in stage 0.0 (TID 1). 3645 bytes result sent to driver
20/02/15 20:50:08 INFO TaskSetManager: Starting task 6.0 in stage 0.0 (TID 6, localhost, executor driver, partition 6, PROCESS_LOCAL, 8265 bytes)
20/02/15 20:50:08 INFO Executor: Running task 6.0 in stage 0.0 (TID 6)
20/02/15 20:50:08 INFO TaskSetManager: Finished task 1.0 in stage 0.0 (TID 1) in 58455 ms on localhost (executor driver) (3/32)
20/02/15 20:50:08 INFO FileScanRDD: Reading File path: file:///edw/Reviews/SourceCode/data/ProdMeta.json, range: 805306368-939524096, partition values: [empty row]
20/02/15 20:50:11 INFO Executor: Finished task 0.0 in stage 0.0 (TID 0). 3613 bytes result sent to driver
20/02/15 20:50:11 INFO TaskSetManager: Starting task 7.0 in stage 0.0 (TID 7, localhost, executor driver, partition 7, PROCESS_LOCAL, 8265 bytes)
20/02/15 20:50:11 INFO Executor: Running task 7.0 in stage 0.0 (TID 7)
20/02/15 20:50:11 INFO TaskSetManager: Finished task 0.0 in stage 0.0 (TID 0) in 61284 ms on localhost (executor driver) (4/32)
20/02/15 20:50:11 INFO FileScanRDD: Reading File path: file:///edw/Reviews/SourceCode/data/ProdMeta.json, range: 939524096-1073741824, partition values: [empty row]
20/02/15 20:50:40 INFO Executor: Finished task 5.0 in stage 0.0 (TID 5). 3570 bytes result sent to driver
20/02/15 20:50:40 INFO TaskSetManager: Starting task 8.0 in stage 0.0 (TID 8, localhost, executor driver, partition 8, PROCESS_LOCAL, 8265 bytes)
20/02/15 20:50:40 INFO TaskSetManager: Finished task 5.0 in stage 0.0 (TID 5) in 39224 ms on localhost (executor driver) (5/32)
20/02/15 20:50:40 INFO Executor: Running task 8.0 in stage 0.0 (TID 8)
20/02/15 20:50:40 INFO FileScanRDD: Reading File path: file:///edw/Reviews/SourceCode/data/ProdMeta.json, range: 1073741824-1207959552, partition values: [empty row]
20/02/15 20:50:50 INFO Executor: Finished task 4.0 in stage 0.0 (TID 4). 3658 bytes result sent to driver
20/02/15 20:50:50 INFO TaskSetManager: Starting task 9.0 in stage 0.0 (TID 9, localhost, executor driver, partition 9, PROCESS_LOCAL, 8265 bytes)
20/02/15 20:50:50 INFO Executor: Running task 9.0 in stage 0.0 (TID 9)
20/02/15 20:50:50 INFO TaskSetManager: Finished task 4.0 in stage 0.0 (TID 4) in 52033 ms on localhost (executor driver) (6/32)
20/02/15 20:50:50 INFO FileScanRDD: Reading File path: file:///edw/Reviews/SourceCode/data/ProdMeta.json, range: 1207959552-1342177280, partition values: [empty row]
20/02/15 20:50:56 INFO Executor: Finished task 6.0 in stage 0.0 (TID 6). 3547 bytes result sent to driver
20/02/15 20:50:56 INFO TaskSetManager: Starting task 10.0 in stage 0.0 (TID 10, localhost, executor driver, partition 10, PROCESS_LOCAL, 8265 bytes)
20/02/15 20:50:56 INFO Executor: Running task 10.0 in stage 0.0 (TID 10)
20/02/15 20:50:56 INFO TaskSetManager: Finished task 6.0 in stage 0.0 (TID 6) in 47395 ms on localhost (executor driver) (7/32)
20/02/15 20:50:56 INFO FileScanRDD: Reading File path: file:///edw/Reviews/SourceCode/data/ProdMeta.json, range: 1342177280-1476395008, partition values: [empty row]
20/02/15 20:51:03 INFO Executor: Finished task 7.0 in stage 0.0 (TID 7). 3534 bytes result sent to driver
20/02/15 20:51:03 INFO TaskSetManager: Starting task 11.0 in stage 0.0 (TID 11, localhost, executor driver, partition 11, PROCESS_LOCAL, 8265 bytes)
20/02/15 20:51:03 INFO TaskSetManager: Finished task 7.0 in stage 0.0 (TID 7) in 51883 ms on localhost (executor driver) (8/32)
20/02/15 20:51:03 INFO Executor: Running task 11.0 in stage 0.0 (TID 11)
20/02/15 20:51:03 INFO FileScanRDD: Reading File path: file:///edw/Reviews/SourceCode/data/ProdMeta.json, range: 1476395008-1610612736, partition values: [empty row]
20/02/15 20:51:37 INFO Executor: Finished task 8.0 in stage 0.0 (TID 8). 3613 bytes result sent to driver
20/02/15 20:51:37 INFO TaskSetManager: Starting task 12.0 in stage 0.0 (TID 12, localhost, executor driver, partition 12, PROCESS_LOCAL, 8265 bytes)
20/02/15 20:51:37 INFO Executor: Running task 12.0 in stage 0.0 (TID 12)
20/02/15 20:51:37 INFO TaskSetManager: Finished task 8.0 in stage 0.0 (TID 8) in 57190 ms on localhost (executor driver) (9/32)
20/02/15 20:51:37 INFO FileScanRDD: Reading File path: file:///edw/Reviews/SourceCode/data/ProdMeta.json, range: 1610612736-1744830464, partition values: [empty row]
20/02/15 20:51:38 INFO Executor: Finished task 10.0 in stage 0.0 (TID 10). 3547 bytes result sent to driver
20/02/15 20:51:38 INFO TaskSetManager: Starting task 13.0 in stage 0.0 (TID 13, localhost, executor driver, partition 13, PROCESS_LOCAL, 8265 bytes)
20/02/15 20:51:38 INFO Executor: Running task 13.0 in stage 0.0 (TID 13)
20/02/15 20:51:38 INFO TaskSetManager: Finished task 10.0 in stage 0.0 (TID 10) in 42659 ms on localhost (executor driver) (10/32)
20/02/15 20:51:38 INFO FileScanRDD: Reading File path: file:///edw/Reviews/SourceCode/data/ProdMeta.json, range: 1744830464-1879048192, partition values: [empty row]
20/02/15 20:51:44 INFO Executor: Finished task 9.0 in stage 0.0 (TID 9). 3577 bytes result sent to driver
20/02/15 20:51:44 INFO TaskSetManager: Starting task 14.0 in stage 0.0 (TID 14, localhost, executor driver, partition 14, PROCESS_LOCAL, 8265 bytes)
20/02/15 20:51:44 INFO Executor: Running task 14.0 in stage 0.0 (TID 14)
20/02/15 20:51:44 INFO TaskSetManager: Finished task 9.0 in stage 0.0 (TID 9) in 53741 ms on localhost (executor driver) (11/32)
20/02/15 20:51:44 INFO FileScanRDD: Reading File path: file:///edw/Reviews/SourceCode/data/ProdMeta.json, range: 1879048192-2013265920, partition values: [empty row]
20/02/15 20:51:46 INFO Executor: Finished task 11.0 in stage 0.0 (TID 11). 3615 bytes result sent to driver
20/02/15 20:51:46 INFO TaskSetManager: Starting task 15.0 in stage 0.0 (TID 15, localhost, executor driver, partition 15, PROCESS_LOCAL, 8265 bytes)
20/02/15 20:51:46 INFO TaskSetManager: Finished task 11.0 in stage 0.0 (TID 11) in 43612 ms on localhost (executor driver) (12/32)
20/02/15 20:51:46 INFO Executor: Running task 15.0 in stage 0.0 (TID 15)
20/02/15 20:51:46 INFO FileScanRDD: Reading File path: file:///edw/Reviews/SourceCode/data/ProdMeta.json, range: 2013265920-2147483648, partition values: [empty row]
20/02/15 20:52:13 INFO Executor: Finished task 13.0 in stage 0.0 (TID 13). 3583 bytes result sent to driver
20/02/15 20:52:13 INFO TaskSetManager: Starting task 16.0 in stage 0.0 (TID 16, localhost, executor driver, partition 16, PROCESS_LOCAL, 8265 bytes)
20/02/15 20:52:13 INFO Executor: Running task 16.0 in stage 0.0 (TID 16)
20/02/15 20:52:13 INFO TaskSetManager: Finished task 13.0 in stage 0.0 (TID 13) in 34735 ms on localhost (executor driver) (13/32)
20/02/15 20:52:13 INFO FileScanRDD: Reading File path: file:///edw/Reviews/SourceCode/data/ProdMeta.json, range: 2147483648-2281701376, partition values: [empty row]
20/02/15 20:52:14 INFO Executor: Finished task 12.0 in stage 0.0 (TID 12). 3613 bytes result sent to driver
20/02/15 20:52:14 INFO TaskSetManager: Starting task 17.0 in stage 0.0 (TID 17, localhost, executor driver, partition 17, PROCESS_LOCAL, 8265 bytes)
20/02/15 20:52:14 INFO TaskSetManager: Finished task 12.0 in stage 0.0 (TID 12) in 36625 ms on localhost (executor driver) (14/32)
20/02/15 20:52:14 INFO Executor: Running task 17.0 in stage 0.0 (TID 17)
20/02/15 20:52:14 INFO FileScanRDD: Reading File path: file:///edw/Reviews/SourceCode/data/ProdMeta.json, range: 2281701376-2415919104, partition values: [empty row]
20/02/15 20:52:19 INFO Executor: Finished task 14.0 in stage 0.0 (TID 14). 3547 bytes result sent to driver
20/02/15 20:52:19 INFO TaskSetManager: Starting task 18.0 in stage 0.0 (TID 18, localhost, executor driver, partition 18, PROCESS_LOCAL, 8265 bytes)
20/02/15 20:52:19 INFO Executor: Running task 18.0 in stage 0.0 (TID 18)
20/02/15 20:52:19 INFO TaskSetManager: Finished task 14.0 in stage 0.0 (TID 14) in 34948 ms on localhost (executor driver) (15/32)
20/02/15 20:52:19 INFO FileScanRDD: Reading File path: file:///edw/Reviews/SourceCode/data/ProdMeta.json, range: 2415919104-2550136832, partition values: [empty row]
20/02/15 20:52:19 INFO Executor: Finished task 15.0 in stage 0.0 (TID 15). 3613 bytes result sent to driver
20/02/15 20:52:19 INFO TaskSetManager: Starting task 19.0 in stage 0.0 (TID 19, localhost, executor driver, partition 19, PROCESS_LOCAL, 8265 bytes)
20/02/15 20:52:19 INFO Executor: Running task 19.0 in stage 0.0 (TID 19)
20/02/15 20:52:19 INFO TaskSetManager: Finished task 15.0 in stage 0.0 (TID 15) in 32930 ms on localhost (executor driver) (16/32)
20/02/15 20:52:19 INFO FileScanRDD: Reading File path: file:///edw/Reviews/SourceCode/data/ProdMeta.json, range: 2550136832-2684354560, partition values: [empty row]
20/02/15 20:52:40 INFO Executor: Finished task 16.0 in stage 0.0 (TID 16). 3504 bytes result sent to driver
20/02/15 20:52:40 INFO TaskSetManager: Starting task 20.0 in stage 0.0 (TID 20, localhost, executor driver, partition 20, PROCESS_LOCAL, 8265 bytes)
20/02/15 20:52:40 INFO TaskSetManager: Finished task 16.0 in stage 0.0 (TID 16) in 27144 ms on localhost (executor driver) (17/32)
20/02/15 20:52:40 INFO Executor: Running task 20.0 in stage 0.0 (TID 20)
20/02/15 20:52:40 INFO FileScanRDD: Reading File path: file:///edw/Reviews/SourceCode/data/ProdMeta.json, range: 2684354560-2818572288, partition values: [empty row]
20/02/15 20:52:50 INFO Executor: Finished task 18.0 in stage 0.0 (TID 18). 3547 bytes result sent to driver
20/02/15 20:52:50 INFO TaskSetManager: Starting task 21.0 in stage 0.0 (TID 21, localhost, executor driver, partition 21, PROCESS_LOCAL, 8265 bytes)
20/02/15 20:52:50 INFO TaskSetManager: Finished task 18.0 in stage 0.0 (TID 18) in 30898 ms on localhost (executor driver) (18/32)
20/02/15 20:52:50 INFO Executor: Running task 21.0 in stage 0.0 (TID 21)
20/02/15 20:52:50 INFO FileScanRDD: Reading File path: file:///edw/Reviews/SourceCode/data/ProdMeta.json, range: 2818572288-2952790016, partition values: [empty row]
20/02/15 20:52:51 INFO Executor: Finished task 17.0 in stage 0.0 (TID 17). 3584 bytes result sent to driver
20/02/15 20:52:51 INFO TaskSetManager: Starting task 22.0 in stage 0.0 (TID 22, localhost, executor driver, partition 22, PROCESS_LOCAL, 8265 bytes)
20/02/15 20:52:51 INFO Executor: Running task 22.0 in stage 0.0 (TID 22)
20/02/15 20:52:51 INFO TaskSetManager: Finished task 17.0 in stage 0.0 (TID 17) in 37418 ms on localhost (executor driver) (19/32)
20/02/15 20:52:51 INFO FileScanRDD: Reading File path: file:///edw/Reviews/SourceCode/data/ProdMeta.json, range: 2952790016-3087007744, partition values: [empty row]
20/02/15 20:52:52 INFO Executor: Finished task 19.0 in stage 0.0 (TID 19). 3615 bytes result sent to driver
20/02/15 20:52:52 INFO TaskSetManager: Starting task 23.0 in stage 0.0 (TID 23, localhost, executor driver, partition 23, PROCESS_LOCAL, 8265 bytes)
20/02/15 20:52:52 INFO Executor: Running task 23.0 in stage 0.0 (TID 23)
20/02/15 20:52:52 INFO TaskSetManager: Finished task 19.0 in stage 0.0 (TID 19) in 32207 ms on localhost (executor driver) (20/32)
20/02/15 20:52:52 INFO FileScanRDD: Reading File path: file:///edw/Reviews/SourceCode/data/ProdMeta.json, range: 3087007744-3221225472, partition values: [empty row]
20/02/15 20:53:08 INFO Executor: Finished task 20.0 in stage 0.0 (TID 20). 3540 bytes result sent to driver
20/02/15 20:53:08 INFO TaskSetManager: Starting task 24.0 in stage 0.0 (TID 24, localhost, executor driver, partition 24, PROCESS_LOCAL, 8265 bytes)
20/02/15 20:53:08 INFO Executor: Running task 24.0 in stage 0.0 (TID 24)
20/02/15 20:53:08 INFO TaskSetManager: Finished task 20.0 in stage 0.0 (TID 20) in 27748 ms on localhost (executor driver) (21/32)
20/02/15 20:53:08 INFO FileScanRDD: Reading File path: file:///edw/Reviews/SourceCode/data/ProdMeta.json, range: 3221225472-3355443200, partition values: [empty row]
20/02/15 20:53:15 INFO Executor: Finished task 22.0 in stage 0.0 (TID 22). 3613 bytes result sent to driver
20/02/15 20:53:15 INFO TaskSetManager: Starting task 25.0 in stage 0.0 (TID 25, localhost, executor driver, partition 25, PROCESS_LOCAL, 8265 bytes)
20/02/15 20:53:15 INFO Executor: Running task 25.0 in stage 0.0 (TID 25)
20/02/15 20:53:15 INFO TaskSetManager: Finished task 22.0 in stage 0.0 (TID 22) in 24165 ms on localhost (executor driver) (22/32)
20/02/15 20:53:15 INFO FileScanRDD: Reading File path: file:///edw/Reviews/SourceCode/data/ProdMeta.json, range: 3355443200-3489660928, partition values: [empty row]
20/02/15 20:53:16 INFO Executor: Finished task 21.0 in stage 0.0 (TID 21). 3570 bytes result sent to driver
20/02/15 20:53:16 INFO TaskSetManager: Starting task 26.0 in stage 0.0 (TID 26, localhost, executor driver, partition 26, PROCESS_LOCAL, 8265 bytes)
20/02/15 20:53:16 INFO TaskSetManager: Finished task 21.0 in stage 0.0 (TID 21) in 26147 ms on localhost (executor driver) (23/32)
20/02/15 20:53:16 INFO Executor: Running task 26.0 in stage 0.0 (TID 26)
20/02/15 20:53:16 INFO FileScanRDD: Reading File path: file:///edw/Reviews/SourceCode/data/ProdMeta.json, range: 3489660928-3623878656, partition values: [empty row]
20/02/15 20:53:17 INFO Executor: Finished task 23.0 in stage 0.0 (TID 23). 3580 bytes result sent to driver
20/02/15 20:53:17 INFO TaskSetManager: Starting task 27.0 in stage 0.0 (TID 27, localhost, executor driver, partition 27, PROCESS_LOCAL, 8265 bytes)
20/02/15 20:53:17 INFO TaskSetManager: Finished task 23.0 in stage 0.0 (TID 23) in 24935 ms on localhost (executor driver) (24/32)
20/02/15 20:53:17 INFO Executor: Running task 27.0 in stage 0.0 (TID 27)
20/02/15 20:53:17 INFO FileScanRDD: Reading File path: file:///edw/Reviews/SourceCode/data/ProdMeta.json, range: 3623878656-3758096384, partition values: [empty row]
20/02/15 20:53:30 INFO Executor: Finished task 24.0 in stage 0.0 (TID 24). 3577 bytes result sent to driver
20/02/15 20:53:30 INFO TaskSetManager: Starting task 28.0 in stage 0.0 (TID 28, localhost, executor driver, partition 28, PROCESS_LOCAL, 8265 bytes)
20/02/15 20:53:30 INFO TaskSetManager: Finished task 24.0 in stage 0.0 (TID 24) in 22229 ms on localhost (executor driver) (25/32)
20/02/15 20:53:30 INFO Executor: Running task 28.0 in stage 0.0 (TID 28)
20/02/15 20:53:30 INFO FileScanRDD: Reading File path: file:///edw/Reviews/SourceCode/data/ProdMeta.json, range: 3758096384-3892314112, partition values: [empty row]
20/02/15 20:53:38 INFO Executor: Finished task 25.0 in stage 0.0 (TID 25). 3540 bytes result sent to driver
20/02/15 20:53:38 INFO TaskSetManager: Starting task 29.0 in stage 0.0 (TID 29, localhost, executor driver, partition 29, PROCESS_LOCAL, 8265 bytes)
20/02/15 20:53:38 INFO TaskSetManager: Finished task 25.0 in stage 0.0 (TID 25) in 23152 ms on localhost (executor driver) (26/32)
20/02/15 20:53:38 INFO Executor: Running task 29.0 in stage 0.0 (TID 29)
20/02/15 20:53:38 INFO FileScanRDD: Reading File path: file:///edw/Reviews/SourceCode/data/ProdMeta.json, range: 3892314112-4026531840, partition values: [empty row]
20/02/15 20:53:42 INFO Executor: Finished task 26.0 in stage 0.0 (TID 26). 3540 bytes result sent to driver
20/02/15 20:53:42 INFO TaskSetManager: Starting task 30.0 in stage 0.0 (TID 30, localhost, executor driver, partition 30, PROCESS_LOCAL, 8265 bytes)
20/02/15 20:53:42 INFO Executor: Running task 30.0 in stage 0.0 (TID 30)
20/02/15 20:53:42 INFO TaskSetManager: Finished task 26.0 in stage 0.0 (TID 26) in 26385 ms on localhost (executor driver) (27/32)
20/02/15 20:53:42 INFO FileScanRDD: Reading File path: file:///edw/Reviews/SourceCode/data/ProdMeta.json, range: 4026531840-4160749568, partition values: [empty row]
20/02/15 20:53:43 INFO Executor: Finished task 27.0 in stage 0.0 (TID 27). 3658 bytes result sent to driver
20/02/15 20:53:43 INFO TaskSetManager: Starting task 31.0 in stage 0.0 (TID 31, localhost, executor driver, partition 31, PROCESS_LOCAL, 8265 bytes)
20/02/15 20:53:43 INFO Executor: Running task 31.0 in stage 0.0 (TID 31)
20/02/15 20:53:43 INFO TaskSetManager: Finished task 27.0 in stage 0.0 (TID 27) in 26278 ms on localhost (executor driver) (28/32)
20/02/15 20:53:43 INFO FileScanRDD: Reading File path: file:///edw/Reviews/SourceCode/data/ProdMeta.json, range: 4160749568-4160915367, partition values: [empty row]
20/02/15 20:53:43 INFO Executor: Finished task 31.0 in stage 0.0 (TID 31). 2526 bytes result sent to driver
20/02/15 20:53:43 INFO TaskSetManager: Finished task 31.0 in stage 0.0 (TID 31) in 617 ms on localhost (executor driver) (29/32)
20/02/15 20:53:56 INFO Executor: Finished task 29.0 in stage 0.0 (TID 29). 3579 bytes result sent to driver
20/02/15 20:53:56 INFO TaskSetManager: Finished task 29.0 in stage 0.0 (TID 29) in 17485 ms on localhost (executor driver) (30/32)
20/02/15 20:53:58 INFO Executor: Finished task 28.0 in stage 0.0 (TID 28). 3609 bytes result sent to driver
20/02/15 20:53:58 INFO TaskSetManager: Finished task 28.0 in stage 0.0 (TID 28) in 27532 ms on localhost (executor driver) (31/32)
20/02/15 20:53:58 INFO Executor: Finished task 30.0 in stage 0.0 (TID 30). 3536 bytes result sent to driver
20/02/15 20:53:58 INFO TaskSetManager: Finished task 30.0 in stage 0.0 (TID 30) in 15445 ms on localhost (executor driver) (32/32)
20/02/15 20:53:58 INFO DAGScheduler: ResultStage 0 (json at NativeMethodAccessorImpl.java:0) finished in 288.443 s
20/02/15 20:53:58 INFO TaskSchedulerImpl: Removed TaskSet 0.0, whose tasks have all completed, from pool 
20/02/15 20:53:58 INFO DAGScheduler: Job 0 finished: json at NativeMethodAccessorImpl.java:0, took 288.773846 s
20/02/15 20:53:58 WARN Utils: Truncated the string representation of a plan since it was too large. This behavior can be adjusted by setting 'spark.debug.maxToStringFields' in SparkEnv.conf.
20/02/15 20:54:01 INFO FileSourceStrategy: Pruning directories with: 
20/02/15 20:54:01 INFO FileSourceStrategy: Post-Scan Filters: isnotnull(asin#7)
20/02/15 20:54:01 INFO FileSourceStrategy: Output Data Schema: struct<asin: string, brand: string, categories: array<array<string>>, price: double, title: string ... 3 more fields>
20/02/15 20:54:01 INFO FileSourceScanExec: Pushed Filters: IsNotNull(asin)
20/02/15 20:54:01 INFO CodeGenerator: Code generated in 40.0045 ms
20/02/15 20:54:01 INFO MemoryStore: Block broadcast_2 stored as values in memory (estimated size 282.5 KB, free 365.7 MB)
20/02/15 20:54:01 INFO MemoryStore: Block broadcast_2_piece0 stored as bytes in memory (estimated size 23.3 KB, free 365.7 MB)
20/02/15 20:54:01 INFO BlockManagerInfo: Added broadcast_2_piece0 in memory on 192.168.1.25:4361 (size: 23.3 KB, free: 366.2 MB)
20/02/15 20:54:01 INFO SparkContext: Created broadcast 2 from jdbc at NativeMethodAccessorImpl.java:0
20/02/15 20:54:01 INFO FileSourceScanExec: Planning scan with bin packing, max size: 134217728 bytes, open cost is considered as scanning 4194304 bytes.
20/02/15 20:54:01 INFO SparkContext: Starting job: jdbc at NativeMethodAccessorImpl.java:0
20/02/15 20:54:01 INFO DAGScheduler: Got job 1 (jdbc at NativeMethodAccessorImpl.java:0) with 32 output partitions
20/02/15 20:54:01 INFO DAGScheduler: Final stage: ResultStage 1 (jdbc at NativeMethodAccessorImpl.java:0)
20/02/15 20:54:01 INFO DAGScheduler: Parents of final stage: List()
20/02/15 20:54:01 INFO DAGScheduler: Missing parents: List()
20/02/15 20:54:01 INFO DAGScheduler: Submitting ResultStage 1 (MapPartitionsRDD[8] at jdbc at NativeMethodAccessorImpl.java:0), which has no missing parents
20/02/15 20:54:02 INFO MemoryStore: Block broadcast_3 stored as values in memory (estimated size 21.8 KB, free 365.7 MB)
20/02/15 20:54:02 INFO MemoryStore: Block broadcast_3_piece0 stored as bytes in memory (estimated size 11.2 KB, free 365.7 MB)
20/02/15 20:54:02 INFO BlockManagerInfo: Added broadcast_3_piece0 in memory on 192.168.1.25:4361 (size: 11.2 KB, free: 366.2 MB)
20/02/15 20:54:02 INFO SparkContext: Created broadcast 3 from broadcast at DAGScheduler.scala:1163
20/02/15 20:54:02 INFO DAGScheduler: Submitting 32 missing tasks from ResultStage 1 (MapPartitionsRDD[8] at jdbc at NativeMethodAccessorImpl.java:0) (first 15 tasks are for partitions Vector(0, 1, 2, 3, 4, 5, 6, 7, 8, 9, 10, 11, 12, 13, 14))
20/02/15 20:54:02 INFO TaskSchedulerImpl: Adding task set 1.0 with 32 tasks
20/02/15 20:54:02 INFO TaskSetManager: Starting task 0.0 in stage 1.0 (TID 32, localhost, executor driver, partition 0, PROCESS_LOCAL, 8265 bytes)
20/02/15 20:54:02 INFO TaskSetManager: Starting task 1.0 in stage 1.0 (TID 33, localhost, executor driver, partition 1, PROCESS_LOCAL, 8265 bytes)
20/02/15 20:54:02 INFO TaskSetManager: Starting task 2.0 in stage 1.0 (TID 34, localhost, executor driver, partition 2, PROCESS_LOCAL, 8265 bytes)
20/02/15 20:54:02 INFO TaskSetManager: Starting task 3.0 in stage 1.0 (TID 35, localhost, executor driver, partition 3, PROCESS_LOCAL, 8265 bytes)
20/02/15 20:54:02 INFO Executor: Running task 0.0 in stage 1.0 (TID 32)
20/02/15 20:54:02 INFO Executor: Running task 3.0 in stage 1.0 (TID 35)
20/02/15 20:54:02 INFO Executor: Running task 2.0 in stage 1.0 (TID 34)
20/02/15 20:54:02 INFO Executor: Running task 1.0 in stage 1.0 (TID 33)
20/02/15 20:54:02 INFO CodeGenerator: Code generated in 39.0003 ms
20/02/15 20:54:02 INFO FileScanRDD: Reading File path: file:///edw/Reviews/SourceCode/data/ProdMeta.json, range: 134217728-268435456, partition values: [empty row]
20/02/15 20:54:02 INFO FileScanRDD: Reading File path: file:///edw/Reviews/SourceCode/data/ProdMeta.json, range: 268435456-402653184, partition values: [empty row]
20/02/15 20:54:02 INFO FileScanRDD: Reading File path: file:///edw/Reviews/SourceCode/data/ProdMeta.json, range: 402653184-536870912, partition values: [empty row]
20/02/15 20:54:02 INFO FileScanRDD: Reading File path: file:///edw/Reviews/SourceCode/data/ProdMeta.json, range: 0-134217728, partition values: [empty row]
20/02/15 20:54:02 INFO CodeGenerator: Code generated in 42.2297 ms
20/02/15 20:54:41 INFO Executor: Finished task 3.0 in stage 1.0 (TID 35). 1542 bytes result sent to driver
20/02/15 20:54:41 INFO TaskSetManager: Starting task 4.0 in stage 1.0 (TID 36, localhost, executor driver, partition 4, PROCESS_LOCAL, 8265 bytes)
20/02/15 20:54:41 INFO TaskSetManager: Finished task 3.0 in stage 1.0 (TID 35) in 39649 ms on localhost (executor driver) (1/32)
20/02/15 20:54:41 INFO Executor: Running task 4.0 in stage 1.0 (TID 36)
20/02/15 20:54:42 INFO FileScanRDD: Reading File path: file:///edw/Reviews/SourceCode/data/ProdMeta.json, range: 536870912-671088640, partition values: [empty row]
20/02/15 20:54:42 INFO Executor: Finished task 2.0 in stage 1.0 (TID 34). 1456 bytes result sent to driver
20/02/15 20:54:42 INFO TaskSetManager: Starting task 5.0 in stage 1.0 (TID 37, localhost, executor driver, partition 5, PROCESS_LOCAL, 8265 bytes)
20/02/15 20:54:42 INFO TaskSetManager: Finished task 2.0 in stage 1.0 (TID 34) in 40594 ms on localhost (executor driver) (2/32)
20/02/15 20:54:42 INFO Executor: Running task 5.0 in stage 1.0 (TID 37)
20/02/15 20:54:42 INFO FileScanRDD: Reading File path: file:///edw/Reviews/SourceCode/data/ProdMeta.json, range: 671088640-805306368, partition values: [empty row]
20/02/15 20:54:52 INFO Executor: Finished task 0.0 in stage 1.0 (TID 32). 1456 bytes result sent to driver
20/02/15 20:54:52 INFO TaskSetManager: Starting task 6.0 in stage 1.0 (TID 38, localhost, executor driver, partition 6, PROCESS_LOCAL, 8265 bytes)
20/02/15 20:54:52 INFO TaskSetManager: Finished task 0.0 in stage 1.0 (TID 32) in 50836 ms on localhost (executor driver) (3/32)
20/02/15 20:54:52 INFO Executor: Running task 6.0 in stage 1.0 (TID 38)
20/02/15 20:54:53 INFO FileScanRDD: Reading File path: file:///edw/Reviews/SourceCode/data/ProdMeta.json, range: 805306368-939524096, partition values: [empty row]
20/02/15 20:54:53 INFO Executor: Finished task 1.0 in stage 1.0 (TID 33). 1542 bytes result sent to driver
20/02/15 20:54:53 INFO TaskSetManager: Starting task 7.0 in stage 1.0 (TID 39, localhost, executor driver, partition 7, PROCESS_LOCAL, 8265 bytes)
20/02/15 20:54:53 INFO TaskSetManager: Finished task 1.0 in stage 1.0 (TID 33) in 51912 ms on localhost (executor driver) (4/32)
20/02/15 20:54:53 INFO Executor: Running task 7.0 in stage 1.0 (TID 39)
20/02/15 20:54:54 INFO FileScanRDD: Reading File path: file:///edw/Reviews/SourceCode/data/ProdMeta.json, range: 939524096-1073741824, partition values: [empty row]
20/02/15 20:55:25 INFO Executor: Finished task 4.0 in stage 1.0 (TID 36). 1456 bytes result sent to driver
20/02/15 20:55:25 INFO TaskSetManager: Starting task 8.0 in stage 1.0 (TID 40, localhost, executor driver, partition 8, PROCESS_LOCAL, 8265 bytes)
20/02/15 20:55:25 INFO TaskSetManager: Finished task 4.0 in stage 1.0 (TID 36) in 43856 ms on localhost (executor driver) (5/32)
20/02/15 20:55:25 INFO Executor: Running task 8.0 in stage 1.0 (TID 40)
20/02/15 20:55:25 INFO FileScanRDD: Reading File path: file:///edw/Reviews/SourceCode/data/ProdMeta.json, range: 1073741824-1207959552, partition values: [empty row]
20/02/15 20:55:26 INFO Executor: Finished task 5.0 in stage 1.0 (TID 37). 1456 bytes result sent to driver
20/02/15 20:55:26 INFO TaskSetManager: Starting task 9.0 in stage 1.0 (TID 41, localhost, executor driver, partition 9, PROCESS_LOCAL, 8265 bytes)
20/02/15 20:55:26 INFO TaskSetManager: Finished task 5.0 in stage 1.0 (TID 37) in 43515 ms on localhost (executor driver) (6/32)
20/02/15 20:55:26 INFO Executor: Running task 9.0 in stage 1.0 (TID 41)
20/02/15 20:55:26 INFO FileScanRDD: Reading File path: file:///edw/Reviews/SourceCode/data/ProdMeta.json, range: 1207959552-1342177280, partition values: [empty row]
20/02/15 20:55:36 INFO Executor: Finished task 6.0 in stage 1.0 (TID 38). 1499 bytes result sent to driver
20/02/15 20:55:36 INFO TaskSetManager: Starting task 10.0 in stage 1.0 (TID 42, localhost, executor driver, partition 10, PROCESS_LOCAL, 8265 bytes)
20/02/15 20:55:36 INFO TaskSetManager: Finished task 6.0 in stage 1.0 (TID 38) in 44055 ms on localhost (executor driver) (7/32)
20/02/15 20:55:36 INFO Executor: Running task 10.0 in stage 1.0 (TID 42)
20/02/15 20:55:37 INFO FileScanRDD: Reading File path: file:///edw/Reviews/SourceCode/data/ProdMeta.json, range: 1342177280-1476395008, partition values: [empty row]
20/02/15 20:55:48 INFO Executor: Finished task 7.0 in stage 1.0 (TID 39). 1456 bytes result sent to driver
20/02/15 20:55:48 INFO TaskSetManager: Starting task 11.0 in stage 1.0 (TID 43, localhost, executor driver, partition 11, PROCESS_LOCAL, 8265 bytes)
20/02/15 20:55:48 INFO TaskSetManager: Finished task 7.0 in stage 1.0 (TID 39) in 54218 ms on localhost (executor driver) (8/32)
20/02/15 20:55:48 INFO Executor: Running task 11.0 in stage 1.0 (TID 43)
20/02/15 20:55:48 INFO FileScanRDD: Reading File path: file:///edw/Reviews/SourceCode/data/ProdMeta.json, range: 1476395008-1610612736, partition values: [empty row]
20/02/15 20:56:17 INFO Executor: Finished task 9.0 in stage 1.0 (TID 41). 1456 bytes result sent to driver
20/02/15 20:56:17 INFO TaskSetManager: Starting task 12.0 in stage 1.0 (TID 44, localhost, executor driver, partition 12, PROCESS_LOCAL, 8265 bytes)
20/02/15 20:56:17 INFO TaskSetManager: Finished task 9.0 in stage 1.0 (TID 41) in 51605 ms on localhost (executor driver) (9/32)
20/02/15 20:56:17 INFO Executor: Running task 12.0 in stage 1.0 (TID 44)
20/02/15 20:56:18 INFO FileScanRDD: Reading File path: file:///edw/Reviews/SourceCode/data/ProdMeta.json, range: 1610612736-1744830464, partition values: [empty row]
20/02/15 20:56:21 INFO Executor: Finished task 8.0 in stage 1.0 (TID 40). 1499 bytes result sent to driver
20/02/15 20:56:21 INFO TaskSetManager: Starting task 13.0 in stage 1.0 (TID 45, localhost, executor driver, partition 13, PROCESS_LOCAL, 8265 bytes)
20/02/15 20:56:21 INFO TaskSetManager: Finished task 8.0 in stage 1.0 (TID 40) in 55475 ms on localhost (executor driver) (10/32)
20/02/15 20:56:21 INFO Executor: Running task 13.0 in stage 1.0 (TID 45)
20/02/15 20:56:21 INFO FileScanRDD: Reading File path: file:///edw/Reviews/SourceCode/data/ProdMeta.json, range: 1744830464-1879048192, partition values: [empty row]
20/02/15 20:56:25 INFO Executor: Finished task 10.0 in stage 1.0 (TID 42). 1456 bytes result sent to driver
20/02/15 20:56:25 INFO TaskSetManager: Starting task 14.0 in stage 1.0 (TID 46, localhost, executor driver, partition 14, PROCESS_LOCAL, 8265 bytes)
20/02/15 20:56:25 INFO TaskSetManager: Finished task 10.0 in stage 1.0 (TID 42) in 49007 ms on localhost (executor driver) (11/32)
20/02/15 20:56:25 INFO Executor: Running task 14.0 in stage 1.0 (TID 46)
20/02/15 20:56:26 INFO FileScanRDD: Reading File path: file:///edw/Reviews/SourceCode/data/ProdMeta.json, range: 1879048192-2013265920, partition values: [empty row]
20/02/15 20:56:38 INFO Executor: Finished task 11.0 in stage 1.0 (TID 43). 1456 bytes result sent to driver
20/02/15 20:56:38 INFO TaskSetManager: Starting task 15.0 in stage 1.0 (TID 47, localhost, executor driver, partition 15, PROCESS_LOCAL, 8265 bytes)
20/02/15 20:56:38 INFO TaskSetManager: Finished task 11.0 in stage 1.0 (TID 43) in 50028 ms on localhost (executor driver) (12/32)
20/02/15 20:56:38 INFO Executor: Running task 15.0 in stage 1.0 (TID 47)
20/02/15 20:56:38 INFO FileScanRDD: Reading File path: file:///edw/Reviews/SourceCode/data/ProdMeta.json, range: 2013265920-2147483648, partition values: [empty row]
20/02/15 20:56:58 INFO Executor: Finished task 13.0 in stage 1.0 (TID 45). 1456 bytes result sent to driver
20/02/15 20:56:58 INFO TaskSetManager: Starting task 16.0 in stage 1.0 (TID 48, localhost, executor driver, partition 16, PROCESS_LOCAL, 8265 bytes)
20/02/15 20:56:58 INFO TaskSetManager: Finished task 13.0 in stage 1.0 (TID 45) in 37846 ms on localhost (executor driver) (13/32)
20/02/15 20:56:58 INFO Executor: Running task 16.0 in stage 1.0 (TID 48)
20/02/15 20:56:58 INFO Executor: Finished task 12.0 in stage 1.0 (TID 44). 1499 bytes result sent to driver
20/02/15 20:56:58 INFO TaskSetManager: Starting task 17.0 in stage 1.0 (TID 49, localhost, executor driver, partition 17, PROCESS_LOCAL, 8265 bytes)
20/02/15 20:56:58 INFO TaskSetManager: Finished task 12.0 in stage 1.0 (TID 44) in 41136 ms on localhost (executor driver) (14/32)
20/02/15 20:56:58 INFO Executor: Running task 17.0 in stage 1.0 (TID 49)
20/02/15 20:56:58 INFO FileScanRDD: Reading File path: file:///edw/Reviews/SourceCode/data/ProdMeta.json, range: 2281701376-2415919104, partition values: [empty row]
20/02/15 20:56:59 INFO FileScanRDD: Reading File path: file:///edw/Reviews/SourceCode/data/ProdMeta.json, range: 2147483648-2281701376, partition values: [empty row]
20/02/15 20:57:01 INFO Executor: Finished task 14.0 in stage 1.0 (TID 46). 1499 bytes result sent to driver
20/02/15 20:57:01 INFO TaskSetManager: Starting task 18.0 in stage 1.0 (TID 50, localhost, executor driver, partition 18, PROCESS_LOCAL, 8265 bytes)
20/02/15 20:57:01 INFO TaskSetManager: Finished task 14.0 in stage 1.0 (TID 46) in 35370 ms on localhost (executor driver) (15/32)
20/02/15 20:57:01 INFO Executor: Running task 18.0 in stage 1.0 (TID 50)
20/02/15 20:57:01 INFO FileScanRDD: Reading File path: file:///edw/Reviews/SourceCode/data/ProdMeta.json, range: 2415919104-2550136832, partition values: [empty row]
20/02/15 20:57:13 INFO Executor: Finished task 15.0 in stage 1.0 (TID 47). 1456 bytes result sent to driver
20/02/15 20:57:13 INFO TaskSetManager: Starting task 19.0 in stage 1.0 (TID 51, localhost, executor driver, partition 19, PROCESS_LOCAL, 8265 bytes)
20/02/15 20:57:13 INFO TaskSetManager: Finished task 15.0 in stage 1.0 (TID 47) in 35076 ms on localhost (executor driver) (16/32)
20/02/15 20:57:13 INFO Executor: Running task 19.0 in stage 1.0 (TID 51)
20/02/15 20:57:13 INFO FileScanRDD: Reading File path: file:///edw/Reviews/SourceCode/data/ProdMeta.json, range: 2550136832-2684354560, partition values: [empty row]
20/02/15 20:57:35 INFO Executor: Finished task 16.0 in stage 1.0 (TID 48). 1456 bytes result sent to driver
20/02/15 20:57:35 INFO TaskSetManager: Starting task 20.0 in stage 1.0 (TID 52, localhost, executor driver, partition 20, PROCESS_LOCAL, 8265 bytes)
20/02/15 20:57:35 INFO TaskSetManager: Finished task 16.0 in stage 1.0 (TID 48) in 36841 ms on localhost (executor driver) (17/32)
20/02/15 20:57:35 INFO Executor: Running task 20.0 in stage 1.0 (TID 52)
20/02/15 20:57:36 INFO FileScanRDD: Reading File path: file:///edw/Reviews/SourceCode/data/ProdMeta.json, range: 2684354560-2818572288, partition values: [empty row]
20/02/15 20:57:39 INFO Executor: Finished task 17.0 in stage 1.0 (TID 49). 1456 bytes result sent to driver
20/02/15 20:57:39 INFO TaskSetManager: Starting task 21.0 in stage 1.0 (TID 53, localhost, executor driver, partition 21, PROCESS_LOCAL, 8265 bytes)
20/02/15 20:57:39 INFO TaskSetManager: Finished task 17.0 in stage 1.0 (TID 49) in 40508 ms on localhost (executor driver) (18/32)
20/02/15 20:57:39 INFO Executor: Running task 21.0 in stage 1.0 (TID 53)
20/02/15 20:57:39 INFO FileScanRDD: Reading File path: file:///edw/Reviews/SourceCode/data/ProdMeta.json, range: 2818572288-2952790016, partition values: [empty row]
20/02/15 20:57:42 INFO Executor: Finished task 18.0 in stage 1.0 (TID 50). 1456 bytes result sent to driver
20/02/15 20:57:42 INFO TaskSetManager: Starting task 22.0 in stage 1.0 (TID 54, localhost, executor driver, partition 22, PROCESS_LOCAL, 8265 bytes)
20/02/15 20:57:42 INFO TaskSetManager: Finished task 18.0 in stage 1.0 (TID 50) in 41255 ms on localhost (executor driver) (19/32)
20/02/15 20:57:42 INFO Executor: Running task 22.0 in stage 1.0 (TID 54)
20/02/15 20:57:42 INFO FileScanRDD: Reading File path: file:///edw/Reviews/SourceCode/data/ProdMeta.json, range: 2952790016-3087007744, partition values: [empty row]
20/02/15 20:57:52 INFO Executor: Finished task 19.0 in stage 1.0 (TID 51). 1456 bytes result sent to driver
20/02/15 20:57:52 INFO TaskSetManager: Starting task 23.0 in stage 1.0 (TID 55, localhost, executor driver, partition 23, PROCESS_LOCAL, 8265 bytes)
20/02/15 20:57:52 INFO TaskSetManager: Finished task 19.0 in stage 1.0 (TID 51) in 39131 ms on localhost (executor driver) (20/32)
20/02/15 20:57:52 INFO Executor: Running task 23.0 in stage 1.0 (TID 55)
20/02/15 20:57:53 INFO FileScanRDD: Reading File path: file:///edw/Reviews/SourceCode/data/ProdMeta.json, range: 3087007744-3221225472, partition values: [empty row]
20/02/15 20:58:12 INFO Executor: Finished task 20.0 in stage 1.0 (TID 52). 1499 bytes result sent to driver
20/02/15 20:58:12 INFO TaskSetManager: Starting task 24.0 in stage 1.0 (TID 56, localhost, executor driver, partition 24, PROCESS_LOCAL, 8265 bytes)
20/02/15 20:58:12 INFO TaskSetManager: Finished task 20.0 in stage 1.0 (TID 52) in 36371 ms on localhost (executor driver) (21/32)
20/02/15 20:58:12 INFO Executor: Running task 24.0 in stage 1.0 (TID 56)
20/02/15 20:58:12 INFO FileScanRDD: Reading File path: file:///edw/Reviews/SourceCode/data/ProdMeta.json, range: 3221225472-3355443200, partition values: [empty row]
20/02/15 20:58:14 INFO Executor: Finished task 21.0 in stage 1.0 (TID 53). 1456 bytes result sent to driver
20/02/15 20:58:14 INFO TaskSetManager: Starting task 25.0 in stage 1.0 (TID 57, localhost, executor driver, partition 25, PROCESS_LOCAL, 8265 bytes)
20/02/15 20:58:14 INFO TaskSetManager: Finished task 21.0 in stage 1.0 (TID 53) in 34763 ms on localhost (executor driver) (22/32)
20/02/15 20:58:14 INFO Executor: Running task 25.0 in stage 1.0 (TID 57)
20/02/15 20:58:14 INFO FileScanRDD: Reading File path: file:///edw/Reviews/SourceCode/data/ProdMeta.json, range: 3355443200-3489660928, partition values: [empty row]
20/02/15 20:58:15 INFO Executor: Finished task 22.0 in stage 1.0 (TID 54). 1499 bytes result sent to driver
20/02/15 20:58:15 INFO TaskSetManager: Starting task 26.0 in stage 1.0 (TID 58, localhost, executor driver, partition 26, PROCESS_LOCAL, 8265 bytes)
20/02/15 20:58:15 INFO TaskSetManager: Finished task 22.0 in stage 1.0 (TID 54) in 32525 ms on localhost (executor driver) (23/32)
20/02/15 20:58:15 INFO Executor: Running task 26.0 in stage 1.0 (TID 58)
20/02/15 20:58:15 INFO FileScanRDD: Reading File path: file:///edw/Reviews/SourceCode/data/ProdMeta.json, range: 3489660928-3623878656, partition values: [empty row]
20/02/15 20:58:27 INFO Executor: Finished task 23.0 in stage 1.0 (TID 55). 1456 bytes result sent to driver
20/02/15 20:58:27 INFO TaskSetManager: Starting task 27.0 in stage 1.0 (TID 59, localhost, executor driver, partition 27, PROCESS_LOCAL, 8265 bytes)
20/02/15 20:58:27 INFO TaskSetManager: Finished task 23.0 in stage 1.0 (TID 55) in 35541 ms on localhost (executor driver) (24/32)
20/02/15 20:58:27 INFO Executor: Running task 27.0 in stage 1.0 (TID 59)
20/02/15 20:58:28 INFO FileScanRDD: Reading File path: file:///edw/Reviews/SourceCode/data/ProdMeta.json, range: 3623878656-3758096384, partition values: [empty row]
20/02/15 20:58:39 INFO Executor: Finished task 24.0 in stage 1.0 (TID 56). 1456 bytes result sent to driver
20/02/15 20:58:39 INFO TaskSetManager: Starting task 28.0 in stage 1.0 (TID 60, localhost, executor driver, partition 28, PROCESS_LOCAL, 8265 bytes)
20/02/15 20:58:39 INFO TaskSetManager: Finished task 24.0 in stage 1.0 (TID 56) in 27699 ms on localhost (executor driver) (25/32)
20/02/15 20:58:39 INFO Executor: Running task 28.0 in stage 1.0 (TID 60)
20/02/15 20:58:40 INFO FileScanRDD: Reading File path: file:///edw/Reviews/SourceCode/data/ProdMeta.json, range: 3758096384-3892314112, partition values: [empty row]
20/02/15 20:58:43 INFO Executor: Finished task 25.0 in stage 1.0 (TID 57). 1456 bytes result sent to driver
20/02/15 20:58:43 INFO TaskSetManager: Starting task 29.0 in stage 1.0 (TID 61, localhost, executor driver, partition 29, PROCESS_LOCAL, 8265 bytes)
20/02/15 20:58:43 INFO TaskSetManager: Finished task 25.0 in stage 1.0 (TID 57) in 29625 ms on localhost (executor driver) (26/32)
20/02/15 20:58:43 INFO Executor: Running task 29.0 in stage 1.0 (TID 61)
20/02/15 20:58:43 INFO FileScanRDD: Reading File path: file:///edw/Reviews/SourceCode/data/ProdMeta.json, range: 3892314112-4026531840, partition values: [empty row]
20/02/15 20:58:44 INFO Executor: Finished task 26.0 in stage 1.0 (TID 58). 1456 bytes result sent to driver
20/02/15 20:58:44 INFO TaskSetManager: Starting task 30.0 in stage 1.0 (TID 62, localhost, executor driver, partition 30, PROCESS_LOCAL, 8265 bytes)
20/02/15 20:58:44 INFO TaskSetManager: Finished task 26.0 in stage 1.0 (TID 58) in 29273 ms on localhost (executor driver) (27/32)
20/02/15 20:58:44 INFO Executor: Running task 30.0 in stage 1.0 (TID 62)
20/02/15 20:58:44 INFO FileScanRDD: Reading File path: file:///edw/Reviews/SourceCode/data/ProdMeta.json, range: 4026531840-4160749568, partition values: [empty row]
20/02/15 20:58:55 INFO Executor: Finished task 27.0 in stage 1.0 (TID 59). 1456 bytes result sent to driver
20/02/15 20:58:55 INFO TaskSetManager: Starting task 31.0 in stage 1.0 (TID 63, localhost, executor driver, partition 31, PROCESS_LOCAL, 8265 bytes)
20/02/15 20:58:55 INFO TaskSetManager: Finished task 27.0 in stage 1.0 (TID 59) in 27717 ms on localhost (executor driver) (28/32)
20/02/15 20:58:55 INFO Executor: Running task 31.0 in stage 1.0 (TID 63)
20/02/15 20:58:56 INFO FileScanRDD: Reading File path: file:///edw/Reviews/SourceCode/data/ProdMeta.json, range: 4160749568-4160915367, partition values: [empty row]
20/02/15 20:58:57 INFO Executor: Finished task 31.0 in stage 1.0 (TID 63). 1370 bytes result sent to driver
20/02/15 20:58:57 INFO TaskSetManager: Finished task 31.0 in stage 1.0 (TID 63) in 1368 ms on localhost (executor driver) (29/32)
20/02/15 20:59:15 INFO Executor: Finished task 29.0 in stage 1.0 (TID 61). 1499 bytes result sent to driver
20/02/15 20:59:15 INFO TaskSetManager: Finished task 29.0 in stage 1.0 (TID 61) in 32076 ms on localhost (executor driver) (30/32)
20/02/15 20:59:17 INFO Executor: Finished task 28.0 in stage 1.0 (TID 60). 1456 bytes result sent to driver
20/02/15 20:59:17 INFO TaskSetManager: Finished task 28.0 in stage 1.0 (TID 60) in 37392 ms on localhost (executor driver) (31/32)
20/02/15 20:59:17 INFO Executor: Finished task 30.0 in stage 1.0 (TID 62). 1499 bytes result sent to driver
20/02/15 20:59:17 INFO TaskSetManager: Finished task 30.0 in stage 1.0 (TID 62) in 33271 ms on localhost (executor driver) (32/32)
20/02/15 20:59:17 INFO TaskSchedulerImpl: Removed TaskSet 1.0, whose tasks have all completed, from pool 
20/02/15 20:59:17 INFO DAGScheduler: ResultStage 1 (jdbc at NativeMethodAccessorImpl.java:0) finished in 315.645 s
20/02/15 20:59:17 INFO DAGScheduler: Job 1 finished: jdbc at NativeMethodAccessorImpl.java:0, took 315.653437 s
20/02/15 20:59:19 INFO SparkContext: Invoking stop() from shutdown hook
20/02/15 20:59:19 INFO SparkUI: Stopped Spark web UI at http://192.168.1.25:4040
20/02/15 20:59:19 INFO MapOutputTrackerMasterEndpoint: MapOutputTrackerMasterEndpoint stopped!
20/02/15 20:59:19 INFO MemoryStore: MemoryStore cleared
20/02/15 20:59:19 INFO BlockManager: BlockManager stopped
20/02/15 20:59:19 INFO BlockManagerMaster: BlockManagerMaster stopped
20/02/15 20:59:19 INFO OutputCommitCoordinator$OutputCommitCoordinatorEndpoint: OutputCommitCoordinator stopped!
20/02/15 20:59:19 INFO SparkContext: Successfully stopped SparkContext
20/02/15 20:59:19 INFO ShutdownHookManager: Shutdown hook called
20/02/15 20:59:19 INFO ShutdownHookManager: Deleting directory /tmp/spark-725a9e38-fe3b-424b-ac53-19550a746248/pyspark-c9f7858f-1acb-4b2f-b253-0796272418ed
20/02/15 20:59:19 INFO ShutdownHookManager: Deleting directory /tmp/spark-725a9e38-fe3b-424b-ac53-19550a746248
20/02/15 20:59:19 INFO ShutdownHookManager: Deleting directory /tmp/spark-6375d0e3-13f0-4a6c-b73a-689e464a65b3
###################################################################################################################################
###################################################################################################################################
Load to ODS in progress
###################################################################################################################################
###################################################################################################################################
begin;
BEGIN
	UPDATE "STAGE_DB".PRODMETA
	SET brand = PS.brand
	, price = PS.price
	, title = PS.title
	, categories = PS.categories
	, odsUpdateTd = current_timestamp(0)
	FROM "WORK_DB".PRODMETA_WT PS
	WHERE PRODMETA.asin = PS.asin;
UPDATE 0
	INSERT INTO "STAGE_DB".PRODMETA
	SELECT PS.asin, PS.brand, PS.price, PS.title, PS.categories, current_timestamp(0), current_timestamp(0)
	FROM "WORK_DB".PRODMETA_WT PS
	LEFT OUTER JOIN "STAGE_DB".PRODMETA PM
	ON PS.asin = PM.asin
	WHERE PM.asin IS NULL;
INSERT 0 3135265
	TRUNCATE "WORK_DB".PRODMETA_WT;
TRUNCATE TABLE
commit;
COMMIT
###################################################################################################################################
###################################################################################################################################
Job completed successfully
###################################################################################################################################
###################################################################################################################################
