###################################################################################################################################
###################################################################################################################################
Load to stage in progress
###################################################################################################################################
###################################################################################################################################
20/02/15 06:06:37 WARN Utils: Your hostname, DESKTOP-502C4I4 resolves to a loopback address: 127.0.1.1; using 192.168.1.25 instead (on interface wifi0)
20/02/15 06:06:37 WARN Utils: Set SPARK_LOCAL_IP if you need to bind to another address
20/02/15 06:06:39 WARN NativeCodeLoader: Unable to load native-hadoop library for your platform... using builtin-java classes where applicable
Using Spark's default log4j profile: org/apache/spark/log4j-defaults.properties
20/02/15 06:06:47 INFO SparkContext: Running Spark version 2.4.5
20/02/15 06:06:47 INFO SparkContext: Submitted application: ProdMeta
20/02/15 06:06:48 INFO SecurityManager: Changing view acls to: devetluser
20/02/15 06:06:48 INFO SecurityManager: Changing modify acls to: devetluser
20/02/15 06:06:48 INFO SecurityManager: Changing view acls groups to: 
20/02/15 06:06:48 INFO SecurityManager: Changing modify acls groups to: 
20/02/15 06:06:48 INFO SecurityManager: SecurityManager: authentication disabled; ui acls disabled; users  with view permissions: Set(devetluser); groups with view permissions: Set(); users  with modify permissions: Set(devetluser); groups with modify permissions: Set()
20/02/15 06:06:49 INFO Utils: Successfully started service 'sparkDriver' on port 11533.
20/02/15 06:06:49 INFO SparkEnv: Registering MapOutputTracker
20/02/15 06:06:49 INFO SparkEnv: Registering BlockManagerMaster
20/02/15 06:06:49 INFO BlockManagerMasterEndpoint: Using org.apache.spark.storage.DefaultTopologyMapper for getting topology information
20/02/15 06:06:49 INFO BlockManagerMasterEndpoint: BlockManagerMasterEndpoint up
20/02/15 06:06:49 INFO DiskBlockManager: Created local directory at /tmp/blockmgr-4e9f837e-4753-4707-aa9d-c818e18240c3
20/02/15 06:06:49 INFO MemoryStore: MemoryStore started with capacity 366.3 MB
20/02/15 06:06:49 INFO SparkEnv: Registering OutputCommitCoordinator
20/02/15 06:06:49 INFO Utils: Successfully started service 'SparkUI' on port 4040.
20/02/15 06:06:50 INFO SparkUI: Bound SparkUI to 0.0.0.0, and started at http://192.168.1.25:4040
20/02/15 06:06:50 INFO Executor: Starting executor ID driver on host localhost
20/02/15 06:06:50 INFO Utils: Successfully started service 'org.apache.spark.network.netty.NettyBlockTransferService' on port 11535.
20/02/15 06:06:50 INFO NettyBlockTransferService: Server created on 192.168.1.25:11535
20/02/15 06:06:50 INFO BlockManager: Using org.apache.spark.storage.RandomBlockReplicationPolicy for block replication policy
20/02/15 06:06:50 INFO BlockManagerMaster: Registering BlockManager BlockManagerId(driver, 192.168.1.25, 11535, None)
20/02/15 06:06:50 INFO BlockManagerMasterEndpoint: Registering block manager 192.168.1.25:11535 with 366.3 MB RAM, BlockManagerId(driver, 192.168.1.25, 11535, None)
20/02/15 06:06:50 INFO BlockManagerMaster: Registered BlockManager BlockManagerId(driver, 192.168.1.25, 11535, None)
20/02/15 06:06:50 INFO BlockManager: Initialized BlockManager: BlockManagerId(driver, 192.168.1.25, 11535, None)
20/02/15 06:06:51 INFO SharedState: Setting hive.metastore.warehouse.dir ('null') to the value of spark.sql.warehouse.dir ('file:/edw/Reviews/SourceCode/bash/spark-warehouse').
20/02/15 06:06:51 INFO SharedState: Warehouse path is 'file:/edw/Reviews/SourceCode/bash/spark-warehouse'.
20/02/15 06:06:53 INFO StateStoreCoordinatorRef: Registered StateStoreCoordinator endpoint
20/02/15 06:06:54 INFO InMemoryFileIndex: It took 189 ms to list leaf files for 1 paths.
20/02/15 06:06:54 INFO InMemoryFileIndex: It took 2 ms to list leaf files for 1 paths.
20/02/15 06:06:58 INFO FileSourceStrategy: Pruning directories with: 
20/02/15 06:06:58 INFO FileSourceStrategy: Post-Scan Filters: 
20/02/15 06:06:58 INFO FileSourceStrategy: Output Data Schema: struct<value: string>
20/02/15 06:06:58 INFO FileSourceScanExec: Pushed Filters: 
20/02/15 06:07:00 INFO CodeGenerator: Code generated in 539.1991 ms
20/02/15 06:07:00 INFO MemoryStore: Block broadcast_0 stored as values in memory (estimated size 282.6 KB, free 366.0 MB)
20/02/15 06:07:00 INFO MemoryStore: Block broadcast_0_piece0 stored as bytes in memory (estimated size 23.3 KB, free 366.0 MB)
20/02/15 06:07:00 INFO BlockManagerInfo: Added broadcast_0_piece0 in memory on 192.168.1.25:11535 (size: 23.3 KB, free: 366.3 MB)
20/02/15 06:07:00 INFO SparkContext: Created broadcast 0 from json at NativeMethodAccessorImpl.java:0
20/02/15 06:07:00 INFO FileSourceScanExec: Planning scan with bin packing, max size: 134217728 bytes, open cost is considered as scanning 4194304 bytes.
20/02/15 06:07:01 INFO SparkContext: Starting job: json at NativeMethodAccessorImpl.java:0
20/02/15 06:07:01 INFO DAGScheduler: Got job 0 (json at NativeMethodAccessorImpl.java:0) with 24 output partitions
20/02/15 06:07:01 INFO DAGScheduler: Final stage: ResultStage 0 (json at NativeMethodAccessorImpl.java:0)
20/02/15 06:07:01 INFO DAGScheduler: Parents of final stage: List()
20/02/15 06:07:01 INFO DAGScheduler: Missing parents: List()
20/02/15 06:07:01 INFO DAGScheduler: Submitting ResultStage 0 (MapPartitionsRDD[3] at json at NativeMethodAccessorImpl.java:0), which has no missing parents
20/02/15 06:07:01 INFO MemoryStore: Block broadcast_1 stored as values in memory (estimated size 11.6 KB, free 366.0 MB)
20/02/15 06:07:01 INFO MemoryStore: Block broadcast_1_piece0 stored as bytes in memory (estimated size 6.7 KB, free 366.0 MB)
20/02/15 06:07:01 INFO BlockManagerInfo: Added broadcast_1_piece0 in memory on 192.168.1.25:11535 (size: 6.7 KB, free: 366.3 MB)
20/02/15 06:07:01 INFO SparkContext: Created broadcast 1 from broadcast at DAGScheduler.scala:1163
20/02/15 06:07:01 INFO DAGScheduler: Submitting 24 missing tasks from ResultStage 0 (MapPartitionsRDD[3] at json at NativeMethodAccessorImpl.java:0) (first 15 tasks are for partitions Vector(0, 1, 2, 3, 4, 5, 6, 7, 8, 9, 10, 11, 12, 13, 14))
20/02/15 06:07:01 INFO TaskSchedulerImpl: Adding task set 0.0 with 24 tasks
20/02/15 06:07:02 INFO TaskSetManager: Starting task 0.0 in stage 0.0 (TID 0, localhost, executor driver, partition 0, PROCESS_LOCAL, 8265 bytes)
20/02/15 06:07:02 INFO TaskSetManager: Starting task 1.0 in stage 0.0 (TID 1, localhost, executor driver, partition 1, PROCESS_LOCAL, 8265 bytes)
20/02/15 06:07:02 INFO TaskSetManager: Starting task 2.0 in stage 0.0 (TID 2, localhost, executor driver, partition 2, PROCESS_LOCAL, 8265 bytes)
20/02/15 06:07:02 INFO TaskSetManager: Starting task 3.0 in stage 0.0 (TID 3, localhost, executor driver, partition 3, PROCESS_LOCAL, 8265 bytes)
20/02/15 06:07:02 INFO Executor: Running task 3.0 in stage 0.0 (TID 3)
20/02/15 06:07:02 INFO Executor: Running task 0.0 in stage 0.0 (TID 0)
20/02/15 06:07:02 INFO Executor: Running task 2.0 in stage 0.0 (TID 2)
20/02/15 06:07:02 INFO Executor: Running task 1.0 in stage 0.0 (TID 1)
20/02/15 06:07:02 INFO FileScanRDD: Reading File path: file:///edw/Reviews/SourceCode/data/ProdMeta.json, range: 0-134217728, partition values: [empty row]
20/02/15 06:07:02 INFO FileScanRDD: Reading File path: file:///edw/Reviews/SourceCode/data/ProdMeta.json, range: 402653184-536870912, partition values: [empty row]
20/02/15 06:07:02 INFO FileScanRDD: Reading File path: file:///edw/Reviews/SourceCode/data/ProdMeta.json, range: 268435456-402653184, partition values: [empty row]
20/02/15 06:07:02 INFO FileScanRDD: Reading File path: file:///edw/Reviews/SourceCode/data/ProdMeta.json, range: 134217728-268435456, partition values: [empty row]
20/02/15 06:07:02 INFO CodeGenerator: Code generated in 26.7349 ms
20/02/15 06:07:25 INFO Executor: Finished task 2.0 in stage 0.0 (TID 2). 2832 bytes result sent to driver
20/02/15 06:07:25 INFO TaskSetManager: Starting task 4.0 in stage 0.0 (TID 4, localhost, executor driver, partition 4, PROCESS_LOCAL, 8265 bytes)
20/02/15 06:07:25 INFO Executor: Running task 4.0 in stage 0.0 (TID 4)
20/02/15 06:07:25 INFO FileScanRDD: Reading File path: file:///edw/Reviews/SourceCode/data/ProdMeta.json, range: 536870912-671088640, partition values: [empty row]
20/02/15 06:07:25 INFO TaskSetManager: Finished task 2.0 in stage 0.0 (TID 2) in 23231 ms on localhost (executor driver) (1/24)
20/02/15 06:07:27 INFO Executor: Finished task 1.0 in stage 0.0 (TID 1). 2841 bytes result sent to driver
20/02/15 06:07:27 INFO TaskSetManager: Starting task 5.0 in stage 0.0 (TID 5, localhost, executor driver, partition 5, PROCESS_LOCAL, 8265 bytes)
20/02/15 06:07:27 INFO Executor: Running task 5.0 in stage 0.0 (TID 5)
20/02/15 06:07:27 INFO TaskSetManager: Finished task 1.0 in stage 0.0 (TID 1) in 25158 ms on localhost (executor driver) (2/24)
20/02/15 06:07:27 INFO FileScanRDD: Reading File path: file:///edw/Reviews/SourceCode/data/ProdMeta.json, range: 671088640-805306368, partition values: [empty row]
20/02/15 06:07:29 INFO Executor: Finished task 3.0 in stage 0.0 (TID 3). 2867 bytes result sent to driver
20/02/15 06:07:29 INFO TaskSetManager: Starting task 6.0 in stage 0.0 (TID 6, localhost, executor driver, partition 6, PROCESS_LOCAL, 8265 bytes)
20/02/15 06:07:29 INFO Executor: Running task 6.0 in stage 0.0 (TID 6)
20/02/15 06:07:29 INFO TaskSetManager: Finished task 3.0 in stage 0.0 (TID 3) in 27619 ms on localhost (executor driver) (3/24)
20/02/15 06:07:29 INFO FileScanRDD: Reading File path: file:///edw/Reviews/SourceCode/data/ProdMeta.json, range: 805306368-939524096, partition values: [empty row]
20/02/15 06:07:41 INFO Executor: Finished task 0.0 in stage 0.0 (TID 0). 2978 bytes result sent to driver
20/02/15 06:07:41 INFO TaskSetManager: Starting task 7.0 in stage 0.0 (TID 7, localhost, executor driver, partition 7, PROCESS_LOCAL, 8265 bytes)
20/02/15 06:07:41 INFO Executor: Running task 7.0 in stage 0.0 (TID 7)
20/02/15 06:07:41 INFO TaskSetManager: Finished task 0.0 in stage 0.0 (TID 0) in 39153 ms on localhost (executor driver) (4/24)
20/02/15 06:07:41 INFO FileScanRDD: Reading File path: file:///edw/Reviews/SourceCode/data/ProdMeta.json, range: 939524096-1073741824, partition values: [empty row]
20/02/15 06:07:50 INFO Executor: Finished task 4.0 in stage 0.0 (TID 4). 3153 bytes result sent to driver
20/02/15 06:07:50 INFO TaskSetManager: Starting task 8.0 in stage 0.0 (TID 8, localhost, executor driver, partition 8, PROCESS_LOCAL, 8265 bytes)
20/02/15 06:07:50 INFO TaskSetManager: Finished task 4.0 in stage 0.0 (TID 4) in 25426 ms on localhost (executor driver) (5/24)
20/02/15 06:07:50 INFO Executor: Running task 8.0 in stage 0.0 (TID 8)
20/02/15 06:07:50 INFO FileScanRDD: Reading File path: file:///edw/Reviews/SourceCode/data/ProdMeta.json, range: 1073741824-1207959552, partition values: [empty row]
20/02/15 06:07:58 INFO Executor: Finished task 5.0 in stage 0.0 (TID 5). 3058 bytes result sent to driver
20/02/15 06:07:58 INFO TaskSetManager: Starting task 9.0 in stage 0.0 (TID 9, localhost, executor driver, partition 9, PROCESS_LOCAL, 8265 bytes)
20/02/15 06:07:58 INFO Executor: Running task 9.0 in stage 0.0 (TID 9)
20/02/15 06:07:58 INFO TaskSetManager: Finished task 5.0 in stage 0.0 (TID 5) in 31639 ms on localhost (executor driver) (6/24)
20/02/15 06:07:58 INFO FileScanRDD: Reading File path: file:///edw/Reviews/SourceCode/data/ProdMeta.json, range: 1207959552-1342177280, partition values: [empty row]
20/02/15 06:08:05 INFO Executor: Finished task 6.0 in stage 0.0 (TID 6). 2709 bytes result sent to driver
20/02/15 06:08:05 INFO TaskSetManager: Starting task 10.0 in stage 0.0 (TID 10, localhost, executor driver, partition 10, PROCESS_LOCAL, 8265 bytes)
20/02/15 06:08:05 INFO Executor: Running task 10.0 in stage 0.0 (TID 10)
20/02/15 06:08:05 INFO TaskSetManager: Finished task 6.0 in stage 0.0 (TID 6) in 36152 ms on localhost (executor driver) (7/24)
20/02/15 06:08:05 INFO FileScanRDD: Reading File path: file:///edw/Reviews/SourceCode/data/ProdMeta.json, range: 1342177280-1476395008, partition values: [empty row]
20/02/15 06:08:15 INFO Executor: Finished task 7.0 in stage 0.0 (TID 7). 2927 bytes result sent to driver
20/02/15 06:08:15 INFO TaskSetManager: Starting task 11.0 in stage 0.0 (TID 11, localhost, executor driver, partition 11, PROCESS_LOCAL, 8265 bytes)
20/02/15 06:08:15 INFO Executor: Running task 11.0 in stage 0.0 (TID 11)
20/02/15 06:08:15 INFO TaskSetManager: Finished task 7.0 in stage 0.0 (TID 7) in 34234 ms on localhost (executor driver) (8/24)
20/02/15 06:08:15 INFO FileScanRDD: Reading File path: file:///edw/Reviews/SourceCode/data/ProdMeta.json, range: 1476395008-1610612736, partition values: [empty row]
20/02/15 06:08:17 INFO Executor: Finished task 9.0 in stage 0.0 (TID 9). 3149 bytes result sent to driver
20/02/15 06:08:17 INFO TaskSetManager: Starting task 12.0 in stage 0.0 (TID 12, localhost, executor driver, partition 12, PROCESS_LOCAL, 8265 bytes)
20/02/15 06:08:17 INFO TaskSetManager: Finished task 9.0 in stage 0.0 (TID 9) in 18398 ms on localhost (executor driver) (9/24)
20/02/15 06:08:17 INFO Executor: Running task 12.0 in stage 0.0 (TID 12)
20/02/15 06:08:17 INFO FileScanRDD: Reading File path: file:///edw/Reviews/SourceCode/data/ProdMeta.json, range: 1610612736-1744830464, partition values: [empty row]
20/02/15 06:08:17 INFO Executor: Finished task 8.0 in stage 0.0 (TID 8). 3113 bytes result sent to driver
20/02/15 06:08:17 INFO TaskSetManager: Starting task 13.0 in stage 0.0 (TID 13, localhost, executor driver, partition 13, PROCESS_LOCAL, 8265 bytes)
20/02/15 06:08:17 INFO TaskSetManager: Finished task 8.0 in stage 0.0 (TID 8) in 26691 ms on localhost (executor driver) (10/24)
20/02/15 06:08:17 INFO Executor: Running task 13.0 in stage 0.0 (TID 13)
20/02/15 06:08:17 INFO FileScanRDD: Reading File path: file:///edw/Reviews/SourceCode/data/ProdMeta.json, range: 1744830464-1879048192, partition values: [empty row]
20/02/15 06:08:32 INFO Executor: Finished task 10.0 in stage 0.0 (TID 10). 3014 bytes result sent to driver
20/02/15 06:08:32 INFO TaskSetManager: Starting task 14.0 in stage 0.0 (TID 14, localhost, executor driver, partition 14, PROCESS_LOCAL, 8265 bytes)
20/02/15 06:08:32 INFO Executor: Running task 14.0 in stage 0.0 (TID 14)
20/02/15 06:08:32 INFO TaskSetManager: Finished task 10.0 in stage 0.0 (TID 10) in 26930 ms on localhost (executor driver) (11/24)
20/02/15 06:08:32 INFO FileScanRDD: Reading File path: file:///edw/Reviews/SourceCode/data/ProdMeta.json, range: 1879048192-2013265920, partition values: [empty row]
20/02/15 06:08:44 INFO Executor: Finished task 13.0 in stage 0.0 (TID 13). 3255 bytes result sent to driver
20/02/15 06:08:44 INFO TaskSetManager: Starting task 15.0 in stage 0.0 (TID 15, localhost, executor driver, partition 15, PROCESS_LOCAL, 8265 bytes)
20/02/15 06:08:44 INFO Executor: Running task 15.0 in stage 0.0 (TID 15)
20/02/15 06:08:44 INFO TaskSetManager: Finished task 13.0 in stage 0.0 (TID 13) in 27360 ms on localhost (executor driver) (12/24)
20/02/15 06:08:44 INFO FileScanRDD: Reading File path: file:///edw/Reviews/SourceCode/data/ProdMeta.json, range: 2013265920-2147483648, partition values: [empty row]
20/02/15 06:08:45 INFO Executor: Finished task 12.0 in stage 0.0 (TID 12). 3127 bytes result sent to driver
20/02/15 06:08:45 INFO TaskSetManager: Starting task 16.0 in stage 0.0 (TID 16, localhost, executor driver, partition 16, PROCESS_LOCAL, 8265 bytes)
20/02/15 06:08:45 INFO Executor: Running task 16.0 in stage 0.0 (TID 16)
20/02/15 06:08:45 INFO TaskSetManager: Finished task 12.0 in stage 0.0 (TID 12) in 28109 ms on localhost (executor driver) (13/24)
20/02/15 06:08:45 INFO FileScanRDD: Reading File path: file:///edw/Reviews/SourceCode/data/ProdMeta.json, range: 2147483648-2281701376, partition values: [empty row]
20/02/15 06:08:46 INFO Executor: Finished task 11.0 in stage 0.0 (TID 11). 2963 bytes result sent to driver
20/02/15 06:08:46 INFO TaskSetManager: Starting task 17.0 in stage 0.0 (TID 17, localhost, executor driver, partition 17, PROCESS_LOCAL, 8265 bytes)
20/02/15 06:08:46 INFO TaskSetManager: Finished task 11.0 in stage 0.0 (TID 11) in 31189 ms on localhost (executor driver) (14/24)
20/02/15 06:08:46 INFO Executor: Running task 17.0 in stage 0.0 (TID 17)
20/02/15 06:08:46 INFO FileScanRDD: Reading File path: file:///edw/Reviews/SourceCode/data/ProdMeta.json, range: 2281701376-2415919104, partition values: [empty row]
20/02/15 06:08:58 INFO Executor: Finished task 14.0 in stage 0.0 (TID 14). 3426 bytes result sent to driver
20/02/15 06:08:58 INFO TaskSetManager: Starting task 18.0 in stage 0.0 (TID 18, localhost, executor driver, partition 18, PROCESS_LOCAL, 8265 bytes)
20/02/15 06:08:58 INFO Executor: Running task 18.0 in stage 0.0 (TID 18)
20/02/15 06:08:58 INFO TaskSetManager: Finished task 14.0 in stage 0.0 (TID 14) in 25420 ms on localhost (executor driver) (15/24)
20/02/15 06:08:58 INFO FileScanRDD: Reading File path: file:///edw/Reviews/SourceCode/data/ProdMeta.json, range: 2415919104-2550136832, partition values: [empty row]
20/02/15 06:09:08 INFO Executor: Finished task 15.0 in stage 0.0 (TID 15). 3491 bytes result sent to driver
20/02/15 06:09:08 INFO TaskSetManager: Starting task 19.0 in stage 0.0 (TID 19, localhost, executor driver, partition 19, PROCESS_LOCAL, 8265 bytes)
20/02/15 06:09:08 INFO Executor: Running task 19.0 in stage 0.0 (TID 19)
20/02/15 06:09:08 INFO FileScanRDD: Reading File path: file:///edw/Reviews/SourceCode/data/ProdMeta.json, range: 2550136832-2684354560, partition values: [empty row]
20/02/15 06:09:08 INFO TaskSetManager: Finished task 15.0 in stage 0.0 (TID 15) in 23519 ms on localhost (executor driver) (16/24)
20/02/15 06:09:10 INFO Executor: Finished task 16.0 in stage 0.0 (TID 16). 3504 bytes result sent to driver
20/02/15 06:09:10 INFO TaskSetManager: Starting task 20.0 in stage 0.0 (TID 20, localhost, executor driver, partition 20, PROCESS_LOCAL, 8265 bytes)
20/02/15 06:09:10 INFO Executor: Running task 20.0 in stage 0.0 (TID 20)
20/02/15 06:09:10 INFO TaskSetManager: Finished task 16.0 in stage 0.0 (TID 16) in 25328 ms on localhost (executor driver) (17/24)
20/02/15 06:09:10 INFO FileScanRDD: Reading File path: file:///edw/Reviews/SourceCode/data/ProdMeta.json, range: 2684354560-2818572288, partition values: [empty row]
20/02/15 06:09:11 INFO Executor: Finished task 17.0 in stage 0.0 (TID 17). 3504 bytes result sent to driver
20/02/15 06:09:11 INFO TaskSetManager: Starting task 21.0 in stage 0.0 (TID 21, localhost, executor driver, partition 21, PROCESS_LOCAL, 8265 bytes)
20/02/15 06:09:11 INFO Executor: Running task 21.0 in stage 0.0 (TID 21)
20/02/15 06:09:11 INFO TaskSetManager: Finished task 17.0 in stage 0.0 (TID 17) in 25252 ms on localhost (executor driver) (18/24)
20/02/15 06:09:11 INFO FileScanRDD: Reading File path: file:///edw/Reviews/SourceCode/data/ProdMeta.json, range: 2818572288-2952790016, partition values: [empty row]
20/02/15 06:09:20 INFO Executor: Finished task 18.0 in stage 0.0 (TID 18). 3590 bytes result sent to driver
20/02/15 06:09:20 INFO TaskSetManager: Starting task 22.0 in stage 0.0 (TID 22, localhost, executor driver, partition 22, PROCESS_LOCAL, 8265 bytes)
20/02/15 06:09:20 INFO Executor: Running task 22.0 in stage 0.0 (TID 22)
20/02/15 06:09:20 INFO TaskSetManager: Finished task 18.0 in stage 0.0 (TID 18) in 22740 ms on localhost (executor driver) (19/24)
20/02/15 06:09:20 INFO FileScanRDD: Reading File path: file:///edw/Reviews/SourceCode/data/ProdMeta.json, range: 2952790016-3087007744, partition values: [empty row]
20/02/15 06:09:33 INFO Executor: Finished task 21.0 in stage 0.0 (TID 21). 3579 bytes result sent to driver
20/02/15 06:09:33 INFO TaskSetManager: Starting task 23.0 in stage 0.0 (TID 23, localhost, executor driver, partition 23, PROCESS_LOCAL, 8265 bytes)
20/02/15 06:09:33 INFO TaskSetManager: Finished task 21.0 in stage 0.0 (TID 21) in 21493 ms on localhost (executor driver) (20/24)
20/02/15 06:09:33 INFO Executor: Running task 23.0 in stage 0.0 (TID 23)
20/02/15 06:09:33 INFO FileScanRDD: Reading File path: file:///edw/Reviews/SourceCode/data/ProdMeta.json, range: 3087007744-3160089316, partition values: [empty row]
20/02/15 06:09:33 INFO Executor: Finished task 20.0 in stage 0.0 (TID 20). 3534 bytes result sent to driver
20/02/15 06:09:33 INFO TaskSetManager: Finished task 20.0 in stage 0.0 (TID 20) in 23091 ms on localhost (executor driver) (21/24)
20/02/15 06:09:35 INFO Executor: Finished task 19.0 in stage 0.0 (TID 19). 3566 bytes result sent to driver
20/02/15 06:09:35 INFO TaskSetManager: Finished task 19.0 in stage 0.0 (TID 19) in 27740 ms on localhost (executor driver) (22/24)
20/02/15 06:09:40 INFO Executor: Finished task 22.0 in stage 0.0 (TID 22). 3534 bytes result sent to driver
20/02/15 06:09:40 INFO TaskSetManager: Finished task 22.0 in stage 0.0 (TID 22) in 19200 ms on localhost (executor driver) (23/24)
20/02/15 06:09:40 INFO Executor: Finished task 23.0 in stage 0.0 (TID 23). 3547 bytes result sent to driver
20/02/15 06:09:40 INFO TaskSetManager: Finished task 23.0 in stage 0.0 (TID 23) in 7292 ms on localhost (executor driver) (24/24)
20/02/15 06:09:40 INFO TaskSchedulerImpl: Removed TaskSet 0.0, whose tasks have all completed, from pool 
20/02/15 06:09:40 INFO DAGScheduler: ResultStage 0 (json at NativeMethodAccessorImpl.java:0) finished in 158.807 s
20/02/15 06:09:40 INFO DAGScheduler: Job 0 finished: json at NativeMethodAccessorImpl.java:0, took 159.161279 s
20/02/15 06:09:41 WARN Utils: Truncated the string representation of a plan since it was too large. This behavior can be adjusted by setting 'spark.debug.maxToStringFields' in SparkEnv.conf.
20/02/15 06:09:43 INFO FileSourceStrategy: Pruning directories with: 
20/02/15 06:09:43 INFO FileSourceStrategy: Post-Scan Filters: isnotnull(asin#7)
20/02/15 06:09:43 INFO FileSourceStrategy: Output Data Schema: struct<asin: string, brand: string, categories: array<array<string>>, price: double, title: string ... 3 more fields>
20/02/15 06:09:43 INFO FileSourceScanExec: Pushed Filters: IsNotNull(asin)
20/02/15 06:09:43 INFO CodeGenerator: Code generated in 29.1207 ms
20/02/15 06:09:43 INFO MemoryStore: Block broadcast_2 stored as values in memory (estimated size 282.6 KB, free 365.7 MB)
20/02/15 06:09:43 INFO MemoryStore: Block broadcast_2_piece0 stored as bytes in memory (estimated size 23.3 KB, free 365.7 MB)
20/02/15 06:09:43 INFO BlockManagerInfo: Added broadcast_2_piece0 in memory on 192.168.1.25:11535 (size: 23.3 KB, free: 366.2 MB)
20/02/15 06:09:43 INFO SparkContext: Created broadcast 2 from jdbc at NativeMethodAccessorImpl.java:0
20/02/15 06:09:43 INFO FileSourceScanExec: Planning scan with bin packing, max size: 134217728 bytes, open cost is considered as scanning 4194304 bytes.
20/02/15 06:09:43 INFO SparkContext: Starting job: jdbc at NativeMethodAccessorImpl.java:0
20/02/15 06:09:43 INFO DAGScheduler: Got job 1 (jdbc at NativeMethodAccessorImpl.java:0) with 24 output partitions
20/02/15 06:09:43 INFO DAGScheduler: Final stage: ResultStage 1 (jdbc at NativeMethodAccessorImpl.java:0)
20/02/15 06:09:43 INFO DAGScheduler: Parents of final stage: List()
20/02/15 06:09:43 INFO DAGScheduler: Missing parents: List()
20/02/15 06:09:43 INFO DAGScheduler: Submitting ResultStage 1 (MapPartitionsRDD[8] at jdbc at NativeMethodAccessorImpl.java:0), which has no missing parents
20/02/15 06:09:43 INFO MemoryStore: Block broadcast_3 stored as values in memory (estimated size 21.5 KB, free 365.7 MB)
20/02/15 06:09:43 INFO MemoryStore: Block broadcast_3_piece0 stored as bytes in memory (estimated size 11.1 KB, free 365.7 MB)
20/02/15 06:09:43 INFO BlockManagerInfo: Added broadcast_3_piece0 in memory on 192.168.1.25:11535 (size: 11.1 KB, free: 366.2 MB)
20/02/15 06:09:43 INFO SparkContext: Created broadcast 3 from broadcast at DAGScheduler.scala:1163
20/02/15 06:09:43 INFO DAGScheduler: Submitting 24 missing tasks from ResultStage 1 (MapPartitionsRDD[8] at jdbc at NativeMethodAccessorImpl.java:0) (first 15 tasks are for partitions Vector(0, 1, 2, 3, 4, 5, 6, 7, 8, 9, 10, 11, 12, 13, 14))
20/02/15 06:09:43 INFO TaskSchedulerImpl: Adding task set 1.0 with 24 tasks
20/02/15 06:09:43 INFO TaskSetManager: Starting task 0.0 in stage 1.0 (TID 24, localhost, executor driver, partition 0, PROCESS_LOCAL, 8265 bytes)
20/02/15 06:09:43 INFO TaskSetManager: Starting task 1.0 in stage 1.0 (TID 25, localhost, executor driver, partition 1, PROCESS_LOCAL, 8265 bytes)
20/02/15 06:09:43 INFO TaskSetManager: Starting task 2.0 in stage 1.0 (TID 26, localhost, executor driver, partition 2, PROCESS_LOCAL, 8265 bytes)
20/02/15 06:09:43 INFO TaskSetManager: Starting task 3.0 in stage 1.0 (TID 27, localhost, executor driver, partition 3, PROCESS_LOCAL, 8265 bytes)
20/02/15 06:09:43 INFO Executor: Running task 0.0 in stage 1.0 (TID 24)
20/02/15 06:09:43 INFO Executor: Running task 1.0 in stage 1.0 (TID 25)
20/02/15 06:09:43 INFO Executor: Running task 2.0 in stage 1.0 (TID 26)
20/02/15 06:09:43 INFO Executor: Running task 3.0 in stage 1.0 (TID 27)
20/02/15 06:09:43 INFO CodeGenerator: Code generated in 43.1137 ms
20/02/15 06:09:43 INFO FileScanRDD: Reading File path: file:///edw/Reviews/SourceCode/data/ProdMeta.json, range: 402653184-536870912, partition values: [empty row]
20/02/15 06:09:43 INFO FileScanRDD: Reading File path: file:///edw/Reviews/SourceCode/data/ProdMeta.json, range: 268435456-402653184, partition values: [empty row]
20/02/15 06:09:43 INFO CodeGenerator: Code generated in 72.9562 ms
20/02/15 06:09:43 INFO FileScanRDD: Reading File path: file:///edw/Reviews/SourceCode/data/ProdMeta.json, range: 134217728-268435456, partition values: [empty row]
20/02/15 06:09:43 INFO FileScanRDD: Reading File path: file:///edw/Reviews/SourceCode/data/ProdMeta.json, range: 0-134217728, partition values: [empty row]
20/02/15 06:09:53 ERROR Executor: Exception in task 1.0 in stage 1.0 (TID 25)
java.sql.BatchUpdateException: Batch entry 89 INSERT INTO "WORK_DB".PRODMETA_WT ("asin","brand","price","title","categories") VALUES ('0307142493','Santa Claus Is Comin To Town The Original Classic',3.86,'Santa Claus Is Comin to Town [VHS]','Movies & TV') was aborted: ERROR: value too long for type character varying(20)  Call getNextException to see other errors in the batch.
	at org.postgresql.jdbc.BatchResultHandler.handleError(BatchResultHandler.java:153)
	at org.postgresql.core.v3.QueryExecutorImpl.processResults(QueryExecutorImpl.java:2246)
	at org.postgresql.core.v3.QueryExecutorImpl.flushIfDeadlockRisk(QueryExecutorImpl.java:1364)
	at org.postgresql.core.v3.QueryExecutorImpl.sendQuery(QueryExecutorImpl.java:1389)
	at org.postgresql.core.v3.QueryExecutorImpl.execute(QueryExecutorImpl.java:495)
	at org.postgresql.jdbc.PgStatement.internalExecuteBatch(PgStatement.java:850)
	at org.postgresql.jdbc.PgStatement.executeBatch(PgStatement.java:873)
	at org.postgresql.jdbc.PgPreparedStatement.executeBatch(PgPreparedStatement.java:1569)
	at org.apache.spark.sql.execution.datasources.jdbc.JdbcUtils$.savePartition(JdbcUtils.scala:671)
	at org.apache.spark.sql.execution.datasources.jdbc.JdbcUtils$$anonfun$saveTable$1.apply(JdbcUtils.scala:838)
	at org.apache.spark.sql.execution.datasources.jdbc.JdbcUtils$$anonfun$saveTable$1.apply(JdbcUtils.scala:838)
	at org.apache.spark.rdd.RDD$$anonfun$foreachPartition$1$$anonfun$apply$28.apply(RDD.scala:980)
	at org.apache.spark.rdd.RDD$$anonfun$foreachPartition$1$$anonfun$apply$28.apply(RDD.scala:980)
	at org.apache.spark.SparkContext$$anonfun$runJob$5.apply(SparkContext.scala:2101)
	at org.apache.spark.SparkContext$$anonfun$runJob$5.apply(SparkContext.scala:2101)
	at org.apache.spark.scheduler.ResultTask.runTask(ResultTask.scala:90)
	at org.apache.spark.scheduler.Task.run(Task.scala:123)
	at org.apache.spark.executor.Executor$TaskRunner$$anonfun$10.apply(Executor.scala:408)
	at org.apache.spark.util.Utils$.tryWithSafeFinally(Utils.scala:1360)
	at org.apache.spark.executor.Executor$TaskRunner.run(Executor.scala:414)
	at java.util.concurrent.ThreadPoolExecutor.runWorker(ThreadPoolExecutor.java:1149)
	at java.util.concurrent.ThreadPoolExecutor$Worker.run(ThreadPoolExecutor.java:624)
	at java.lang.Thread.run(Thread.java:748)
Caused by: org.postgresql.util.PSQLException: ERROR: value too long for type character varying(20)
	at org.postgresql.core.v3.QueryExecutorImpl.receiveErrorResponse(QueryExecutorImpl.java:2510)
	at org.postgresql.core.v3.QueryExecutorImpl.processResults(QueryExecutorImpl.java:2245)
	... 21 more
20/02/15 06:09:54 INFO TaskSetManager: Starting task 4.0 in stage 1.0 (TID 28, localhost, executor driver, partition 4, PROCESS_LOCAL, 8265 bytes)
20/02/15 06:09:54 INFO Executor: Running task 4.0 in stage 1.0 (TID 28)
20/02/15 06:09:54 WARN TaskSetManager: Lost task 1.0 in stage 1.0 (TID 25, localhost, executor driver): java.sql.BatchUpdateException: Batch entry 89 INSERT INTO "WORK_DB".PRODMETA_WT ("asin","brand","price","title","categories") VALUES ('0307142493','Santa Claus Is Comin To Town The Original Classic',3.86,'Santa Claus Is Comin to Town [VHS]','Movies & TV') was aborted: ERROR: value too long for type character varying(20)  Call getNextException to see other errors in the batch.
	at org.postgresql.jdbc.BatchResultHandler.handleError(BatchResultHandler.java:153)
	at org.postgresql.core.v3.QueryExecutorImpl.processResults(QueryExecutorImpl.java:2246)
	at org.postgresql.core.v3.QueryExecutorImpl.flushIfDeadlockRisk(QueryExecutorImpl.java:1364)
	at org.postgresql.core.v3.QueryExecutorImpl.sendQuery(QueryExecutorImpl.java:1389)
	at org.postgresql.core.v3.QueryExecutorImpl.execute(QueryExecutorImpl.java:495)
	at org.postgresql.jdbc.PgStatement.internalExecuteBatch(PgStatement.java:850)
	at org.postgresql.jdbc.PgStatement.executeBatch(PgStatement.java:873)
	at org.postgresql.jdbc.PgPreparedStatement.executeBatch(PgPreparedStatement.java:1569)
	at org.apache.spark.sql.execution.datasources.jdbc.JdbcUtils$.savePartition(JdbcUtils.scala:671)
	at org.apache.spark.sql.execution.datasources.jdbc.JdbcUtils$$anonfun$saveTable$1.apply(JdbcUtils.scala:838)
	at org.apache.spark.sql.execution.datasources.jdbc.JdbcUtils$$anonfun$saveTable$1.apply(JdbcUtils.scala:838)
	at org.apache.spark.rdd.RDD$$anonfun$foreachPartition$1$$anonfun$apply$28.apply(RDD.scala:980)
	at org.apache.spark.rdd.RDD$$anonfun$foreachPartition$1$$anonfun$apply$28.apply(RDD.scala:980)
	at org.apache.spark.SparkContext$$anonfun$runJob$5.apply(SparkContext.scala:2101)
	at org.apache.spark.SparkContext$$anonfun$runJob$5.apply(SparkContext.scala:2101)
	at org.apache.spark.scheduler.ResultTask.runTask(ResultTask.scala:90)
	at org.apache.spark.scheduler.Task.run(Task.scala:123)
	at org.apache.spark.executor.Executor$TaskRunner$$anonfun$10.apply(Executor.scala:408)
	at org.apache.spark.util.Utils$.tryWithSafeFinally(Utils.scala:1360)
	at org.apache.spark.executor.Executor$TaskRunner.run(Executor.scala:414)
	at java.util.concurrent.ThreadPoolExecutor.runWorker(ThreadPoolExecutor.java:1149)
	at java.util.concurrent.ThreadPoolExecutor$Worker.run(ThreadPoolExecutor.java:624)
	at java.lang.Thread.run(Thread.java:748)
Caused by: org.postgresql.util.PSQLException: ERROR: value too long for type character varying(20)
	at org.postgresql.core.v3.QueryExecutorImpl.receiveErrorResponse(QueryExecutorImpl.java:2510)
	at org.postgresql.core.v3.QueryExecutorImpl.processResults(QueryExecutorImpl.java:2245)
	... 21 more

20/02/15 06:09:54 INFO FileScanRDD: Reading File path: file:///edw/Reviews/SourceCode/data/ProdMeta.json, range: 536870912-671088640, partition values: [empty row]
20/02/15 06:09:54 ERROR TaskSetManager: Task 1 in stage 1.0 failed 1 times; aborting job
20/02/15 06:09:54 INFO TaskSchedulerImpl: Cancelling stage 1
20/02/15 06:09:54 INFO TaskSchedulerImpl: Killing all running tasks in stage 1: Stage cancelled
20/02/15 06:09:55 INFO Executor: Executor is trying to kill task 3.0 in stage 1.0 (TID 27), reason: Stage cancelled
20/02/15 06:09:55 INFO Executor: Executor is trying to kill task 0.0 in stage 1.0 (TID 24), reason: Stage cancelled
20/02/15 06:09:55 INFO Executor: Executor is trying to kill task 4.0 in stage 1.0 (TID 28), reason: Stage cancelled
20/02/15 06:09:55 INFO Executor: Executor is trying to kill task 2.0 in stage 1.0 (TID 26), reason: Stage cancelled
20/02/15 06:09:55 INFO TaskSchedulerImpl: Stage 1 was cancelled
20/02/15 06:09:55 INFO DAGScheduler: ResultStage 1 (jdbc at NativeMethodAccessorImpl.java:0) failed in 11.696 s due to Job aborted due to stage failure: Task 1 in stage 1.0 failed 1 times, most recent failure: Lost task 1.0 in stage 1.0 (TID 25, localhost, executor driver): java.sql.BatchUpdateException: Batch entry 89 INSERT INTO "WORK_DB".PRODMETA_WT ("asin","brand","price","title","categories") VALUES ('0307142493','Santa Claus Is Comin To Town The Original Classic',3.86,'Santa Claus Is Comin to Town [VHS]','Movies & TV') was aborted: ERROR: value too long for type character varying(20)  Call getNextException to see other errors in the batch.
	at org.postgresql.jdbc.BatchResultHandler.handleError(BatchResultHandler.java:153)
	at org.postgresql.core.v3.QueryExecutorImpl.processResults(QueryExecutorImpl.java:2246)
	at org.postgresql.core.v3.QueryExecutorImpl.flushIfDeadlockRisk(QueryExecutorImpl.java:1364)
	at org.postgresql.core.v3.QueryExecutorImpl.sendQuery(QueryExecutorImpl.java:1389)
	at org.postgresql.core.v3.QueryExecutorImpl.execute(QueryExecutorImpl.java:495)
	at org.postgresql.jdbc.PgStatement.internalExecuteBatch(PgStatement.java:850)
	at org.postgresql.jdbc.PgStatement.executeBatch(PgStatement.java:873)
	at org.postgresql.jdbc.PgPreparedStatement.executeBatch(PgPreparedStatement.java:1569)
	at org.apache.spark.sql.execution.datasources.jdbc.JdbcUtils$.savePartition(JdbcUtils.scala:671)
	at org.apache.spark.sql.execution.datasources.jdbc.JdbcUtils$$anonfun$saveTable$1.apply(JdbcUtils.scala:838)
	at org.apache.spark.sql.execution.datasources.jdbc.JdbcUtils$$anonfun$saveTable$1.apply(JdbcUtils.scala:838)
	at org.apache.spark.rdd.RDD$$anonfun$foreachPartition$1$$anonfun$apply$28.apply(RDD.scala:980)
	at org.apache.spark.rdd.RDD$$anonfun$foreachPartition$1$$anonfun$apply$28.apply(RDD.scala:980)
	at org.apache.spark.SparkContext$$anonfun$runJob$5.apply(SparkContext.scala:2101)
	at org.apache.spark.SparkContext$$anonfun$runJob$5.apply(SparkContext.scala:2101)
	at org.apache.spark.scheduler.ResultTask.runTask(ResultTask.scala:90)
	at org.apache.spark.scheduler.Task.run(Task.scala:123)
	at org.apache.spark.executor.Executor$TaskRunner$$anonfun$10.apply(Executor.scala:408)
	at org.apache.spark.util.Utils$.tryWithSafeFinally(Utils.scala:1360)
	at org.apache.spark.executor.Executor$TaskRunner.run(Executor.scala:414)
	at java.util.concurrent.ThreadPoolExecutor.runWorker(ThreadPoolExecutor.java:1149)
	at java.util.concurrent.ThreadPoolExecutor$Worker.run(ThreadPoolExecutor.java:624)
	at java.lang.Thread.run(Thread.java:748)
Caused by: org.postgresql.util.PSQLException: ERROR: value too long for type character varying(20)
	at org.postgresql.core.v3.QueryExecutorImpl.receiveErrorResponse(QueryExecutorImpl.java:2510)
	at org.postgresql.core.v3.QueryExecutorImpl.processResults(QueryExecutorImpl.java:2245)
	... 21 more

Driver stacktrace:
20/02/15 06:09:55 INFO Executor: Executor killed task 2.0 in stage 1.0 (TID 26), reason: Stage cancelled
20/02/15 06:09:55 INFO Executor: Executor killed task 3.0 in stage 1.0 (TID 27), reason: Stage cancelled
20/02/15 06:09:55 INFO Executor: Executor killed task 4.0 in stage 1.0 (TID 28), reason: Stage cancelled
20/02/15 06:09:55 INFO Executor: Executor killed task 0.0 in stage 1.0 (TID 24), reason: Stage cancelled
20/02/15 06:09:55 INFO DAGScheduler: Job 1 failed: jdbc at NativeMethodAccessorImpl.java:0, took 11.876477 s
20/02/15 06:09:55 WARN TaskSetManager: Lost task 3.0 in stage 1.0 (TID 27, localhost, executor driver): TaskKilled (Stage cancelled)
20/02/15 06:09:55 INFO TaskSchedulerImpl: Removed TaskSet 1.0, whose tasks have all completed, from pool 
20/02/15 06:09:55 WARN TaskSetManager: Lost task 4.0 in stage 1.0 (TID 28, localhost, executor driver): TaskKilled (Stage cancelled)
20/02/15 06:09:55 INFO TaskSchedulerImpl: Removed TaskSet 1.0, whose tasks have all completed, from pool 
20/02/15 06:09:55 WARN TaskSetManager: Lost task 2.0 in stage 1.0 (TID 26, localhost, executor driver): TaskKilled (Stage cancelled)
20/02/15 06:09:55 INFO TaskSchedulerImpl: Removed TaskSet 1.0, whose tasks have all completed, from pool 
20/02/15 06:09:55 WARN TaskSetManager: Lost task 0.0 in stage 1.0 (TID 24, localhost, executor driver): TaskKilled (Stage cancelled)
20/02/15 06:09:55 INFO TaskSchedulerImpl: Removed TaskSet 1.0, whose tasks have all completed, from pool 
Traceback (most recent call last):
  File "/edw/Reviews/SourceCode/python/product_meta_ods_load.py", line 33, in <module>
    Prod_Meta_df.write.option("truncate","true").jdbc(url=url, table=table, mode=mode, properties=properties)
  File "/edw/Reviews/spark-2.4.5-bin-hadoop2.7/python/lib/pyspark.zip/pyspark/sql/readwriter.py", line 987, in jdbc
  File "/edw/Reviews/spark-2.4.5-bin-hadoop2.7/python/lib/py4j-0.10.7-src.zip/py4j/java_gateway.py", line 1257, in __call__
  File "/edw/Reviews/spark-2.4.5-bin-hadoop2.7/python/lib/pyspark.zip/pyspark/sql/utils.py", line 63, in deco
  File "/edw/Reviews/spark-2.4.5-bin-hadoop2.7/python/lib/py4j-0.10.7-src.zip/py4j/protocol.py", line 328, in get_return_value
py4j.protocol.Py4JJavaError: An error occurred while calling o49.jdbc.
: org.apache.spark.SparkException: Job aborted due to stage failure: Task 1 in stage 1.0 failed 1 times, most recent failure: Lost task 1.0 in stage 1.0 (TID 25, localhost, executor driver): java.sql.BatchUpdateException: Batch entry 89 INSERT INTO "WORK_DB".PRODMETA_WT ("asin","brand","price","title","categories") VALUES ('0307142493','Santa Claus Is Comin To Town The Original Classic',3.86,'Santa Claus Is Comin to Town [VHS]','Movies & TV') was aborted: ERROR: value too long for type character varying(20)  Call getNextException to see other errors in the batch.
	at org.postgresql.jdbc.BatchResultHandler.handleError(BatchResultHandler.java:153)
	at org.postgresql.core.v3.QueryExecutorImpl.processResults(QueryExecutorImpl.java:2246)
	at org.postgresql.core.v3.QueryExecutorImpl.flushIfDeadlockRisk(QueryExecutorImpl.java:1364)
	at org.postgresql.core.v3.QueryExecutorImpl.sendQuery(QueryExecutorImpl.java:1389)
	at org.postgresql.core.v3.QueryExecutorImpl.execute(QueryExecutorImpl.java:495)
	at org.postgresql.jdbc.PgStatement.internalExecuteBatch(PgStatement.java:850)
	at org.postgresql.jdbc.PgStatement.executeBatch(PgStatement.java:873)
	at org.postgresql.jdbc.PgPreparedStatement.executeBatch(PgPreparedStatement.java:1569)
	at org.apache.spark.sql.execution.datasources.jdbc.JdbcUtils$.savePartition(JdbcUtils.scala:671)
	at org.apache.spark.sql.execution.datasources.jdbc.JdbcUtils$$anonfun$saveTable$1.apply(JdbcUtils.scala:838)
	at org.apache.spark.sql.execution.datasources.jdbc.JdbcUtils$$anonfun$saveTable$1.apply(JdbcUtils.scala:838)
	at org.apache.spark.rdd.RDD$$anonfun$foreachPartition$1$$anonfun$apply$28.apply(RDD.scala:980)
	at org.apache.spark.rdd.RDD$$anonfun$foreachPartition$1$$anonfun$apply$28.apply(RDD.scala:980)
	at org.apache.spark.SparkContext$$anonfun$runJob$5.apply(SparkContext.scala:2101)
	at org.apache.spark.SparkContext$$anonfun$runJob$5.apply(SparkContext.scala:2101)
	at org.apache.spark.scheduler.ResultTask.runTask(ResultTask.scala:90)
	at org.apache.spark.scheduler.Task.run(Task.scala:123)
	at org.apache.spark.executor.Executor$TaskRunner$$anonfun$10.apply(Executor.scala:408)
	at org.apache.spark.util.Utils$.tryWithSafeFinally(Utils.scala:1360)
	at org.apache.spark.executor.Executor$TaskRunner.run(Executor.scala:414)
	at java.util.concurrent.ThreadPoolExecutor.runWorker(ThreadPoolExecutor.java:1149)
	at java.util.concurrent.ThreadPoolExecutor$Worker.run(ThreadPoolExecutor.java:624)
	at java.lang.Thread.run(Thread.java:748)
Caused by: org.postgresql.util.PSQLException: ERROR: value too long for type character varying(20)
	at org.postgresql.core.v3.QueryExecutorImpl.receiveErrorResponse(QueryExecutorImpl.java:2510)
	at org.postgresql.core.v3.QueryExecutorImpl.processResults(QueryExecutorImpl.java:2245)
	... 21 more

Driver stacktrace:
	at org.apache.spark.scheduler.DAGScheduler.org$apache$spark$scheduler$DAGScheduler$$failJobAndIndependentStages(DAGScheduler.scala:1891)
	at org.apache.spark.scheduler.DAGScheduler$$anonfun$abortStage$1.apply(DAGScheduler.scala:1879)
	at org.apache.spark.scheduler.DAGScheduler$$anonfun$abortStage$1.apply(DAGScheduler.scala:1878)
	at scala.collection.mutable.ResizableArray$class.foreach(ResizableArray.scala:59)
	at scala.collection.mutable.ArrayBuffer.foreach(ArrayBuffer.scala:48)
	at org.apache.spark.scheduler.DAGScheduler.abortStage(DAGScheduler.scala:1878)
	at org.apache.spark.scheduler.DAGScheduler$$anonfun$handleTaskSetFailed$1.apply(DAGScheduler.scala:927)
	at org.apache.spark.scheduler.DAGScheduler$$anonfun$handleTaskSetFailed$1.apply(DAGScheduler.scala:927)
	at scala.Option.foreach(Option.scala:257)
	at org.apache.spark.scheduler.DAGScheduler.handleTaskSetFailed(DAGScheduler.scala:927)
	at org.apache.spark.scheduler.DAGSchedulerEventProcessLoop.doOnReceive(DAGScheduler.scala:2112)
	at org.apache.spark.scheduler.DAGSchedulerEventProcessLoop.onReceive(DAGScheduler.scala:2061)
	at org.apache.spark.scheduler.DAGSchedulerEventProcessLoop.onReceive(DAGScheduler.scala:2050)
	at org.apache.spark.util.EventLoop$$anon$1.run(EventLoop.scala:49)
	at org.apache.spark.scheduler.DAGScheduler.runJob(DAGScheduler.scala:738)
	at org.apache.spark.SparkContext.runJob(SparkContext.scala:2061)
	at org.apache.spark.SparkContext.runJob(SparkContext.scala:2082)
	at org.apache.spark.SparkContext.runJob(SparkContext.scala:2101)
	at org.apache.spark.SparkContext.runJob(SparkContext.scala:2126)
	at org.apache.spark.rdd.RDD$$anonfun$foreachPartition$1.apply(RDD.scala:980)
	at org.apache.spark.rdd.RDD$$anonfun$foreachPartition$1.apply(RDD.scala:978)
	at org.apache.spark.rdd.RDDOperationScope$.withScope(RDDOperationScope.scala:151)
	at org.apache.spark.rdd.RDDOperationScope$.withScope(RDDOperationScope.scala:112)
	at org.apache.spark.rdd.RDD.withScope(RDD.scala:385)
	at org.apache.spark.rdd.RDD.foreachPartition(RDD.scala:978)
	at org.apache.spark.sql.execution.datasources.jdbc.JdbcUtils$.saveTable(JdbcUtils.scala:838)
	at org.apache.spark.sql.execution.datasources.jdbc.JdbcRelationProvider.createRelation(JdbcRelationProvider.scala:58)
	at org.apache.spark.sql.execution.datasources.SaveIntoDataSourceCommand.run(SaveIntoDataSourceCommand.scala:45)
	at org.apache.spark.sql.execution.command.ExecutedCommandExec.sideEffectResult$lzycompute(commands.scala:70)
	at org.apache.spark.sql.execution.command.ExecutedCommandExec.sideEffectResult(commands.scala:68)
	at org.apache.spark.sql.execution.command.ExecutedCommandExec.doExecute(commands.scala:86)
	at org.apache.spark.sql.execution.SparkPlan$$anonfun$execute$1.apply(SparkPlan.scala:131)
	at org.apache.spark.sql.execution.SparkPlan$$anonfun$execute$1.apply(SparkPlan.scala:127)
	at org.apache.spark.sql.execution.SparkPlan$$anonfun$executeQuery$1.apply(SparkPlan.scala:155)
	at org.apache.spark.rdd.RDDOperationScope$.withScope(RDDOperationScope.scala:151)
	at org.apache.spark.sql.execution.SparkPlan.executeQuery(SparkPlan.scala:152)
	at org.apache.spark.sql.execution.SparkPlan.execute(SparkPlan.scala:127)
	at org.apache.spark.sql.execution.QueryExecution.toRdd$lzycompute(QueryExecution.scala:83)
	at org.apache.spark.sql.execution.QueryExecution.toRdd(QueryExecution.scala:81)
	at org.apache.spark.sql.DataFrameWriter$$anonfun$runCommand$1.apply(DataFrameWriter.scala:676)
	at org.apache.spark.sql.DataFrameWriter$$anonfun$runCommand$1.apply(DataFrameWriter.scala:676)
	at org.apache.spark.sql.execution.SQLExecution$$anonfun$withNewExecutionId$1.apply(SQLExecution.scala:80)
	at org.apache.spark.sql.execution.SQLExecution$.withSQLConfPropagated(SQLExecution.scala:127)
	at org.apache.spark.sql.execution.SQLExecution$.withNewExecutionId(SQLExecution.scala:75)
	at org.apache.spark.sql.DataFrameWriter.runCommand(DataFrameWriter.scala:676)
	at org.apache.spark.sql.DataFrameWriter.saveToV1Source(DataFrameWriter.scala:285)
	at org.apache.spark.sql.DataFrameWriter.save(DataFrameWriter.scala:271)
	at org.apache.spark.sql.DataFrameWriter.jdbc(DataFrameWriter.scala:515)
	at sun.reflect.NativeMethodAccessorImpl.invoke0(Native Method)
	at sun.reflect.NativeMethodAccessorImpl.invoke(NativeMethodAccessorImpl.java:62)
	at sun.reflect.DelegatingMethodAccessorImpl.invoke(DelegatingMethodAccessorImpl.java:43)
	at java.lang.reflect.Method.invoke(Method.java:498)
	at py4j.reflection.MethodInvoker.invoke(MethodInvoker.java:244)
	at py4j.reflection.ReflectionEngine.invoke(ReflectionEngine.java:357)
	at py4j.Gateway.invoke(Gateway.java:282)
	at py4j.commands.AbstractCommand.invokeMethod(AbstractCommand.java:132)
	at py4j.commands.CallCommand.execute(CallCommand.java:79)
	at py4j.GatewayConnection.run(GatewayConnection.java:238)
	at java.lang.Thread.run(Thread.java:748)
Caused by: java.sql.BatchUpdateException: Batch entry 89 INSERT INTO "WORK_DB".PRODMETA_WT ("asin","brand","price","title","categories") VALUES ('0307142493','Santa Claus Is Comin To Town The Original Classic',3.86,'Santa Claus Is Comin to Town [VHS]','Movies & TV') was aborted: ERROR: value too long for type character varying(20)  Call getNextException to see other errors in the batch.
	at org.postgresql.jdbc.BatchResultHandler.handleError(BatchResultHandler.java:153)
	at org.postgresql.core.v3.QueryExecutorImpl.processResults(QueryExecutorImpl.java:2246)
	at org.postgresql.core.v3.QueryExecutorImpl.flushIfDeadlockRisk(QueryExecutorImpl.java:1364)
	at org.postgresql.core.v3.QueryExecutorImpl.sendQuery(QueryExecutorImpl.java:1389)
	at org.postgresql.core.v3.QueryExecutorImpl.execute(QueryExecutorImpl.java:495)
	at org.postgresql.jdbc.PgStatement.internalExecuteBatch(PgStatement.java:850)
	at org.postgresql.jdbc.PgStatement.executeBatch(PgStatement.java:873)
	at org.postgresql.jdbc.PgPreparedStatement.executeBatch(PgPreparedStatement.java:1569)
	at org.apache.spark.sql.execution.datasources.jdbc.JdbcUtils$.savePartition(JdbcUtils.scala:671)
	at org.apache.spark.sql.execution.datasources.jdbc.JdbcUtils$$anonfun$saveTable$1.apply(JdbcUtils.scala:838)
	at org.apache.spark.sql.execution.datasources.jdbc.JdbcUtils$$anonfun$saveTable$1.apply(JdbcUtils.scala:838)
	at org.apache.spark.rdd.RDD$$anonfun$foreachPartition$1$$anonfun$apply$28.apply(RDD.scala:980)
	at org.apache.spark.rdd.RDD$$anonfun$foreachPartition$1$$anonfun$apply$28.apply(RDD.scala:980)
	at org.apache.spark.SparkContext$$anonfun$runJob$5.apply(SparkContext.scala:2101)
	at org.apache.spark.SparkContext$$anonfun$runJob$5.apply(SparkContext.scala:2101)
	at org.apache.spark.scheduler.ResultTask.runTask(ResultTask.scala:90)
	at org.apache.spark.scheduler.Task.run(Task.scala:123)
	at org.apache.spark.executor.Executor$TaskRunner$$anonfun$10.apply(Executor.scala:408)
	at org.apache.spark.util.Utils$.tryWithSafeFinally(Utils.scala:1360)
	at org.apache.spark.executor.Executor$TaskRunner.run(Executor.scala:414)
	at java.util.concurrent.ThreadPoolExecutor.runWorker(ThreadPoolExecutor.java:1149)
	at java.util.concurrent.ThreadPoolExecutor$Worker.run(ThreadPoolExecutor.java:624)
	... 1 more
Caused by: org.postgresql.util.PSQLException: ERROR: value too long for type character varying(20)
	at org.postgresql.core.v3.QueryExecutorImpl.receiveErrorResponse(QueryExecutorImpl.java:2510)
	at org.postgresql.core.v3.QueryExecutorImpl.processResults(QueryExecutorImpl.java:2245)
	... 21 more

20/02/15 06:09:56 INFO SparkContext: Invoking stop() from shutdown hook
20/02/15 06:09:56 INFO SparkUI: Stopped Spark web UI at http://192.168.1.25:4040
20/02/15 06:09:56 INFO MapOutputTrackerMasterEndpoint: MapOutputTrackerMasterEndpoint stopped!
20/02/15 06:09:57 INFO MemoryStore: MemoryStore cleared
20/02/15 06:09:57 INFO BlockManager: BlockManager stopped
20/02/15 06:09:57 INFO BlockManagerMaster: BlockManagerMaster stopped
20/02/15 06:09:57 INFO OutputCommitCoordinator$OutputCommitCoordinatorEndpoint: OutputCommitCoordinator stopped!
20/02/15 06:09:57 INFO SparkContext: Successfully stopped SparkContext
20/02/15 06:09:57 INFO ShutdownHookManager: Shutdown hook called
20/02/15 06:09:57 INFO ShutdownHookManager: Deleting directory /tmp/spark-619d0285-a299-412d-ace1-ea2881368eab
20/02/15 06:09:57 INFO ShutdownHookManager: Deleting directory /tmp/spark-619d0285-a299-412d-ace1-ea2881368eab/pyspark-6633f5b6-674a-4b32-99ba-aa383bbe10bc
20/02/15 06:09:57 INFO ShutdownHookManager: Deleting directory /tmp/spark-af152dad-0742-444b-b25c-fa2f506d0396
