###################################################################################################################################
###################################################################################################################################
Load to stage in progress
###################################################################################################################################
###################################################################################################################################
20/02/17 17:41:07 WARN Utils: Your hostname, DESKTOP-502C4I4 resolves to a loopback address: 127.0.1.1; using 192.168.1.25 instead (on interface wifi0)
20/02/17 17:41:07 WARN Utils: Set SPARK_LOCAL_IP if you need to bind to another address
20/02/17 17:41:08 WARN NativeCodeLoader: Unable to load native-hadoop library for your platform... using builtin-java classes where applicable
Using Spark's default log4j profile: org/apache/spark/log4j-defaults.properties
20/02/17 17:41:12 INFO SparkContext: Running Spark version 2.4.5
20/02/17 17:41:12 INFO SparkContext: Submitted application: ReviewsOdsSession
20/02/17 17:41:12 INFO SecurityManager: Changing view acls to: devetluser
20/02/17 17:41:12 INFO SecurityManager: Changing modify acls to: devetluser
20/02/17 17:41:12 INFO SecurityManager: Changing view acls groups to: 
20/02/17 17:41:12 INFO SecurityManager: Changing modify acls groups to: 
20/02/17 17:41:12 INFO SecurityManager: SecurityManager: authentication disabled; ui acls disabled; users  with view permissions: Set(devetluser); groups with view permissions: Set(); users  with modify permissions: Set(devetluser); groups with modify permissions: Set()
20/02/17 17:41:13 INFO Utils: Successfully started service 'sparkDriver' on port 10850.
20/02/17 17:41:14 INFO SparkEnv: Registering MapOutputTracker
20/02/17 17:41:14 INFO SparkEnv: Registering BlockManagerMaster
20/02/17 17:41:14 INFO BlockManagerMasterEndpoint: Using org.apache.spark.storage.DefaultTopologyMapper for getting topology information
20/02/17 17:41:14 INFO BlockManagerMasterEndpoint: BlockManagerMasterEndpoint up
20/02/17 17:41:14 INFO DiskBlockManager: Created local directory at /tmp/blockmgr-dc396d45-0137-486b-a7b5-938633c54e41
20/02/17 17:41:14 INFO MemoryStore: MemoryStore started with capacity 366.3 MB
20/02/17 17:41:14 INFO SparkEnv: Registering OutputCommitCoordinator
20/02/17 17:41:14 INFO Utils: Successfully started service 'SparkUI' on port 4040.
20/02/17 17:41:14 INFO SparkUI: Bound SparkUI to 0.0.0.0, and started at http://192.168.1.25:4040
20/02/17 17:41:15 INFO Executor: Starting executor ID driver on host localhost
20/02/17 17:41:15 INFO Utils: Successfully started service 'org.apache.spark.network.netty.NettyBlockTransferService' on port 10852.
20/02/17 17:41:15 INFO NettyBlockTransferService: Server created on 192.168.1.25:10852
20/02/17 17:41:15 INFO BlockManager: Using org.apache.spark.storage.RandomBlockReplicationPolicy for block replication policy
20/02/17 17:41:15 INFO BlockManagerMaster: Registering BlockManager BlockManagerId(driver, 192.168.1.25, 10852, None)
20/02/17 17:41:15 INFO BlockManagerMasterEndpoint: Registering block manager 192.168.1.25:10852 with 366.3 MB RAM, BlockManagerId(driver, 192.168.1.25, 10852, None)
20/02/17 17:41:15 INFO BlockManagerMaster: Registered BlockManager BlockManagerId(driver, 192.168.1.25, 10852, None)
20/02/17 17:41:15 INFO BlockManager: Initialized BlockManager: BlockManagerId(driver, 192.168.1.25, 10852, None)
20/02/17 17:41:16 INFO SharedState: Setting hive.metastore.warehouse.dir ('null') to the value of spark.sql.warehouse.dir ('file:/edw/Reviews/SourceCode/bash/spark-warehouse').
20/02/17 17:41:16 INFO SharedState: Warehouse path is 'file:/edw/Reviews/SourceCode/bash/spark-warehouse'.
20/02/17 17:41:17 INFO StateStoreCoordinatorRef: Registered StateStoreCoordinator endpoint
20/02/17 17:41:18 INFO InMemoryFileIndex: It took 87 ms to list leaf files for 1 paths.
20/02/17 17:41:18 INFO InMemoryFileIndex: It took 2 ms to list leaf files for 1 paths.
20/02/17 17:41:22 INFO FileSourceStrategy: Pruning directories with: 
20/02/17 17:41:22 INFO FileSourceStrategy: Post-Scan Filters: 
20/02/17 17:41:22 INFO FileSourceStrategy: Output Data Schema: struct<value: string>
20/02/17 17:41:22 INFO FileSourceScanExec: Pushed Filters: 
20/02/17 17:41:23 INFO CodeGenerator: Code generated in 356.281 ms
20/02/17 17:41:23 INFO MemoryStore: Block broadcast_0 stored as values in memory (estimated size 282.9 KB, free 366.0 MB)
20/02/17 17:41:23 INFO MemoryStore: Block broadcast_0_piece0 stored as bytes in memory (estimated size 23.3 KB, free 366.0 MB)
20/02/17 17:41:23 INFO BlockManagerInfo: Added broadcast_0_piece0 in memory on 192.168.1.25:10852 (size: 23.3 KB, free: 366.3 MB)
20/02/17 17:41:23 INFO SparkContext: Created broadcast 0 from json at NativeMethodAccessorImpl.java:0
20/02/17 17:41:23 INFO FileSourceScanExec: Planning scan with bin packing, max size: 134217728 bytes, open cost is considered as scanning 4194304 bytes.
20/02/17 17:41:24 INFO SparkContext: Starting job: json at NativeMethodAccessorImpl.java:0
20/02/17 17:41:24 INFO DAGScheduler: Got job 0 (json at NativeMethodAccessorImpl.java:0) with 29 output partitions
20/02/17 17:41:24 INFO DAGScheduler: Final stage: ResultStage 0 (json at NativeMethodAccessorImpl.java:0)
20/02/17 17:41:24 INFO DAGScheduler: Parents of final stage: List()
20/02/17 17:41:24 INFO DAGScheduler: Missing parents: List()
20/02/17 17:41:24 INFO DAGScheduler: Submitting ResultStage 0 (MapPartitionsRDD[3] at json at NativeMethodAccessorImpl.java:0), which has no missing parents
20/02/17 17:41:24 INFO MemoryStore: Block broadcast_1 stored as values in memory (estimated size 11.6 KB, free 366.0 MB)
20/02/17 17:41:24 INFO MemoryStore: Block broadcast_1_piece0 stored as bytes in memory (estimated size 6.7 KB, free 366.0 MB)
20/02/17 17:41:24 INFO BlockManagerInfo: Added broadcast_1_piece0 in memory on 192.168.1.25:10852 (size: 6.7 KB, free: 366.3 MB)
20/02/17 17:41:24 INFO SparkContext: Created broadcast 1 from broadcast at DAGScheduler.scala:1163
20/02/17 17:41:24 INFO DAGScheduler: Submitting 29 missing tasks from ResultStage 0 (MapPartitionsRDD[3] at json at NativeMethodAccessorImpl.java:0) (first 15 tasks are for partitions Vector(0, 1, 2, 3, 4, 5, 6, 7, 8, 9, 10, 11, 12, 13, 14))
20/02/17 17:41:24 INFO TaskSchedulerImpl: Adding task set 0.0 with 29 tasks
20/02/17 17:41:24 INFO TaskSetManager: Starting task 0.0 in stage 0.0 (TID 0, localhost, executor driver, partition 0, PROCESS_LOCAL, 8269 bytes)
20/02/17 17:41:24 INFO TaskSetManager: Starting task 1.0 in stage 0.0 (TID 1, localhost, executor driver, partition 1, PROCESS_LOCAL, 8269 bytes)
20/02/17 17:41:24 INFO TaskSetManager: Starting task 2.0 in stage 0.0 (TID 2, localhost, executor driver, partition 2, PROCESS_LOCAL, 8269 bytes)
20/02/17 17:41:24 INFO TaskSetManager: Starting task 3.0 in stage 0.0 (TID 3, localhost, executor driver, partition 3, PROCESS_LOCAL, 8269 bytes)
20/02/17 17:41:24 INFO Executor: Running task 0.0 in stage 0.0 (TID 0)
20/02/17 17:41:24 INFO Executor: Running task 3.0 in stage 0.0 (TID 3)
20/02/17 17:41:24 INFO Executor: Running task 2.0 in stage 0.0 (TID 2)
20/02/17 17:41:24 INFO Executor: Running task 1.0 in stage 0.0 (TID 1)
20/02/17 17:41:24 INFO FileScanRDD: Reading File path: file:///edw/Reviews/SourceCode/data/asin_reviews.json, range: 134217728-268435456, partition values: [empty row]
20/02/17 17:41:24 INFO FileScanRDD: Reading File path: file:///edw/Reviews/SourceCode/data/asin_reviews.json, range: 402653184-536870912, partition values: [empty row]
20/02/17 17:41:24 INFO FileScanRDD: Reading File path: file:///edw/Reviews/SourceCode/data/asin_reviews.json, range: 0-134217728, partition values: [empty row]
20/02/17 17:41:24 INFO FileScanRDD: Reading File path: file:///edw/Reviews/SourceCode/data/asin_reviews.json, range: 268435456-402653184, partition values: [empty row]
20/02/17 17:41:24 INFO CodeGenerator: Code generated in 18.6251 ms
20/02/17 17:41:45 INFO Executor: Finished task 0.0 in stage 0.0 (TID 0). 2350 bytes result sent to driver
20/02/17 17:41:45 INFO TaskSetManager: Starting task 4.0 in stage 0.0 (TID 4, localhost, executor driver, partition 4, PROCESS_LOCAL, 8269 bytes)
20/02/17 17:41:45 INFO Executor: Running task 4.0 in stage 0.0 (TID 4)
20/02/17 17:41:45 INFO FileScanRDD: Reading File path: file:///edw/Reviews/SourceCode/data/asin_reviews.json, range: 536870912-671088640, partition values: [empty row]
20/02/17 17:41:46 INFO TaskSetManager: Finished task 0.0 in stage 0.0 (TID 0) in 21626 ms on localhost (executor driver) (1/29)
20/02/17 17:41:46 INFO Executor: Finished task 3.0 in stage 0.0 (TID 3). 2307 bytes result sent to driver
20/02/17 17:41:46 INFO TaskSetManager: Starting task 5.0 in stage 0.0 (TID 5, localhost, executor driver, partition 5, PROCESS_LOCAL, 8269 bytes)
20/02/17 17:41:46 INFO TaskSetManager: Finished task 3.0 in stage 0.0 (TID 3) in 22085 ms on localhost (executor driver) (2/29)
20/02/17 17:41:46 INFO Executor: Running task 5.0 in stage 0.0 (TID 5)
20/02/17 17:41:46 INFO FileScanRDD: Reading File path: file:///edw/Reviews/SourceCode/data/asin_reviews.json, range: 671088640-805306368, partition values: [empty row]
20/02/17 17:41:47 INFO Executor: Finished task 1.0 in stage 0.0 (TID 1). 2264 bytes result sent to driver
20/02/17 17:41:47 INFO TaskSetManager: Starting task 6.0 in stage 0.0 (TID 6, localhost, executor driver, partition 6, PROCESS_LOCAL, 8269 bytes)
20/02/17 17:41:47 INFO TaskSetManager: Finished task 1.0 in stage 0.0 (TID 1) in 22612 ms on localhost (executor driver) (3/29)
20/02/17 17:41:47 INFO Executor: Running task 6.0 in stage 0.0 (TID 6)
20/02/17 17:41:47 INFO FileScanRDD: Reading File path: file:///edw/Reviews/SourceCode/data/asin_reviews.json, range: 805306368-939524096, partition values: [empty row]
20/02/17 17:41:50 INFO Executor: Finished task 2.0 in stage 0.0 (TID 2). 2307 bytes result sent to driver
20/02/17 17:41:50 INFO TaskSetManager: Starting task 7.0 in stage 0.0 (TID 7, localhost, executor driver, partition 7, PROCESS_LOCAL, 8269 bytes)
20/02/17 17:41:50 INFO Executor: Running task 7.0 in stage 0.0 (TID 7)
20/02/17 17:41:50 INFO TaskSetManager: Finished task 2.0 in stage 0.0 (TID 2) in 25957 ms on localhost (executor driver) (4/29)
20/02/17 17:41:50 INFO FileScanRDD: Reading File path: file:///edw/Reviews/SourceCode/data/asin_reviews.json, range: 939524096-1073741824, partition values: [empty row]
20/02/17 17:42:03 INFO Executor: Finished task 6.0 in stage 0.0 (TID 6). 2264 bytes result sent to driver
20/02/17 17:42:03 INFO TaskSetManager: Starting task 8.0 in stage 0.0 (TID 8, localhost, executor driver, partition 8, PROCESS_LOCAL, 8269 bytes)
20/02/17 17:42:03 INFO Executor: Running task 8.0 in stage 0.0 (TID 8)
20/02/17 17:42:03 INFO TaskSetManager: Finished task 6.0 in stage 0.0 (TID 6) in 16265 ms on localhost (executor driver) (5/29)
20/02/17 17:42:03 INFO FileScanRDD: Reading File path: file:///edw/Reviews/SourceCode/data/asin_reviews.json, range: 1073741824-1207959552, partition values: [empty row]
20/02/17 17:42:09 INFO Executor: Finished task 7.0 in stage 0.0 (TID 7). 2307 bytes result sent to driver
20/02/17 17:42:09 INFO TaskSetManager: Starting task 9.0 in stage 0.0 (TID 9, localhost, executor driver, partition 9, PROCESS_LOCAL, 8269 bytes)
20/02/17 17:42:09 INFO Executor: Running task 9.0 in stage 0.0 (TID 9)
20/02/17 17:42:09 INFO TaskSetManager: Finished task 7.0 in stage 0.0 (TID 7) in 18942 ms on localhost (executor driver) (6/29)
20/02/17 17:42:09 INFO FileScanRDD: Reading File path: file:///edw/Reviews/SourceCode/data/asin_reviews.json, range: 1207959552-1342177280, partition values: [empty row]
20/02/17 17:42:13 INFO Executor: Finished task 4.0 in stage 0.0 (TID 4). 2307 bytes result sent to driver
20/02/17 17:42:13 INFO TaskSetManager: Starting task 10.0 in stage 0.0 (TID 10, localhost, executor driver, partition 10, PROCESS_LOCAL, 8269 bytes)
20/02/17 17:42:13 INFO TaskSetManager: Finished task 4.0 in stage 0.0 (TID 4) in 27551 ms on localhost (executor driver) (7/29)
20/02/17 17:42:13 INFO Executor: Running task 10.0 in stage 0.0 (TID 10)
20/02/17 17:42:13 INFO FileScanRDD: Reading File path: file:///edw/Reviews/SourceCode/data/asin_reviews.json, range: 1342177280-1476395008, partition values: [empty row]
20/02/17 17:42:17 INFO Executor: Finished task 5.0 in stage 0.0 (TID 5). 2264 bytes result sent to driver
20/02/17 17:42:17 INFO TaskSetManager: Starting task 11.0 in stage 0.0 (TID 11, localhost, executor driver, partition 11, PROCESS_LOCAL, 8269 bytes)
20/02/17 17:42:17 INFO TaskSetManager: Finished task 5.0 in stage 0.0 (TID 5) in 30876 ms on localhost (executor driver) (8/29)
20/02/17 17:42:17 INFO Executor: Running task 11.0 in stage 0.0 (TID 11)
20/02/17 17:42:17 INFO FileScanRDD: Reading File path: file:///edw/Reviews/SourceCode/data/asin_reviews.json, range: 1476395008-1610612736, partition values: [empty row]
20/02/17 17:42:19 INFO Executor: Finished task 8.0 in stage 0.0 (TID 8). 2307 bytes result sent to driver
20/02/17 17:42:19 INFO TaskSetManager: Starting task 12.0 in stage 0.0 (TID 12, localhost, executor driver, partition 12, PROCESS_LOCAL, 8269 bytes)
20/02/17 17:42:19 INFO TaskSetManager: Finished task 8.0 in stage 0.0 (TID 8) in 15580 ms on localhost (executor driver) (9/29)
20/02/17 17:42:19 INFO Executor: Running task 12.0 in stage 0.0 (TID 12)
20/02/17 17:42:19 INFO FileScanRDD: Reading File path: file:///edw/Reviews/SourceCode/data/asin_reviews.json, range: 1610612736-1744830464, partition values: [empty row]
20/02/17 17:42:27 INFO Executor: Finished task 9.0 in stage 0.0 (TID 9). 2307 bytes result sent to driver
20/02/17 17:42:27 INFO TaskSetManager: Starting task 13.0 in stage 0.0 (TID 13, localhost, executor driver, partition 13, PROCESS_LOCAL, 8269 bytes)
20/02/17 17:42:27 INFO Executor: Running task 13.0 in stage 0.0 (TID 13)
20/02/17 17:42:27 INFO TaskSetManager: Finished task 9.0 in stage 0.0 (TID 9) in 18299 ms on localhost (executor driver) (10/29)
20/02/17 17:42:27 INFO FileScanRDD: Reading File path: file:///edw/Reviews/SourceCode/data/asin_reviews.json, range: 1744830464-1879048192, partition values: [empty row]
20/02/17 17:42:34 INFO Executor: Finished task 10.0 in stage 0.0 (TID 10). 2350 bytes result sent to driver
20/02/17 17:42:34 INFO TaskSetManager: Starting task 14.0 in stage 0.0 (TID 14, localhost, executor driver, partition 14, PROCESS_LOCAL, 8269 bytes)
20/02/17 17:42:34 INFO Executor: Running task 14.0 in stage 0.0 (TID 14)
20/02/17 17:42:34 INFO TaskSetManager: Finished task 10.0 in stage 0.0 (TID 10) in 21076 ms on localhost (executor driver) (11/29)
20/02/17 17:42:34 INFO FileScanRDD: Reading File path: file:///edw/Reviews/SourceCode/data/asin_reviews.json, range: 1879048192-2013265920, partition values: [empty row]
20/02/17 17:42:37 INFO Executor: Finished task 11.0 in stage 0.0 (TID 11). 2264 bytes result sent to driver
20/02/17 17:42:37 INFO TaskSetManager: Starting task 15.0 in stage 0.0 (TID 15, localhost, executor driver, partition 15, PROCESS_LOCAL, 8269 bytes)
20/02/17 17:42:37 INFO TaskSetManager: Finished task 11.0 in stage 0.0 (TID 11) in 20276 ms on localhost (executor driver) (12/29)
20/02/17 17:42:37 INFO Executor: Running task 15.0 in stage 0.0 (TID 15)
20/02/17 17:42:37 INFO FileScanRDD: Reading File path: file:///edw/Reviews/SourceCode/data/asin_reviews.json, range: 2013265920-2147483648, partition values: [empty row]
20/02/17 17:42:39 INFO Executor: Finished task 12.0 in stage 0.0 (TID 12). 2264 bytes result sent to driver
20/02/17 17:42:39 INFO TaskSetManager: Starting task 16.0 in stage 0.0 (TID 16, localhost, executor driver, partition 16, PROCESS_LOCAL, 8269 bytes)
20/02/17 17:42:39 INFO TaskSetManager: Finished task 12.0 in stage 0.0 (TID 12) in 20343 ms on localhost (executor driver) (13/29)
20/02/17 17:42:39 INFO Executor: Running task 16.0 in stage 0.0 (TID 16)
20/02/17 17:42:39 INFO FileScanRDD: Reading File path: file:///edw/Reviews/SourceCode/data/asin_reviews.json, range: 2147483648-2281701376, partition values: [empty row]
20/02/17 17:42:49 INFO Executor: Finished task 13.0 in stage 0.0 (TID 13). 2264 bytes result sent to driver
20/02/17 17:42:49 INFO TaskSetManager: Starting task 17.0 in stage 0.0 (TID 17, localhost, executor driver, partition 17, PROCESS_LOCAL, 8269 bytes)
20/02/17 17:42:49 INFO TaskSetManager: Finished task 13.0 in stage 0.0 (TID 13) in 21519 ms on localhost (executor driver) (14/29)
20/02/17 17:42:49 INFO Executor: Running task 17.0 in stage 0.0 (TID 17)
20/02/17 17:42:49 INFO FileScanRDD: Reading File path: file:///edw/Reviews/SourceCode/data/asin_reviews.json, range: 2281701376-2415919104, partition values: [empty row]
20/02/17 17:42:55 INFO Executor: Finished task 14.0 in stage 0.0 (TID 14). 2264 bytes result sent to driver
20/02/17 17:42:55 INFO TaskSetManager: Starting task 18.0 in stage 0.0 (TID 18, localhost, executor driver, partition 18, PROCESS_LOCAL, 8269 bytes)
20/02/17 17:42:55 INFO TaskSetManager: Finished task 14.0 in stage 0.0 (TID 14) in 20769 ms on localhost (executor driver) (15/29)
20/02/17 17:42:55 INFO Executor: Running task 18.0 in stage 0.0 (TID 18)
20/02/17 17:42:55 INFO FileScanRDD: Reading File path: file:///edw/Reviews/SourceCode/data/asin_reviews.json, range: 2415919104-2550136832, partition values: [empty row]
20/02/17 17:42:58 INFO Executor: Finished task 15.0 in stage 0.0 (TID 15). 2264 bytes result sent to driver
20/02/17 17:42:58 INFO TaskSetManager: Starting task 19.0 in stage 0.0 (TID 19, localhost, executor driver, partition 19, PROCESS_LOCAL, 8269 bytes)
20/02/17 17:42:58 INFO Executor: Running task 19.0 in stage 0.0 (TID 19)
20/02/17 17:42:58 INFO TaskSetManager: Finished task 15.0 in stage 0.0 (TID 15) in 20298 ms on localhost (executor driver) (16/29)
20/02/17 17:42:58 INFO FileScanRDD: Reading File path: file:///edw/Reviews/SourceCode/data/asin_reviews.json, range: 2550136832-2684354560, partition values: [empty row]
20/02/17 17:43:01 INFO Executor: Finished task 16.0 in stage 0.0 (TID 16). 2264 bytes result sent to driver
20/02/17 17:43:01 INFO TaskSetManager: Starting task 20.0 in stage 0.0 (TID 20, localhost, executor driver, partition 20, PROCESS_LOCAL, 8269 bytes)
20/02/17 17:43:01 INFO Executor: Running task 20.0 in stage 0.0 (TID 20)
20/02/17 17:43:01 INFO TaskSetManager: Finished task 16.0 in stage 0.0 (TID 16) in 22106 ms on localhost (executor driver) (17/29)
20/02/17 17:43:01 INFO FileScanRDD: Reading File path: file:///edw/Reviews/SourceCode/data/asin_reviews.json, range: 2684354560-2818572288, partition values: [empty row]
20/02/17 17:43:11 INFO Executor: Finished task 17.0 in stage 0.0 (TID 17). 2264 bytes result sent to driver
20/02/17 17:43:11 INFO TaskSetManager: Starting task 21.0 in stage 0.0 (TID 21, localhost, executor driver, partition 21, PROCESS_LOCAL, 8269 bytes)
20/02/17 17:43:11 INFO Executor: Running task 21.0 in stage 0.0 (TID 21)
20/02/17 17:43:11 INFO TaskSetManager: Finished task 17.0 in stage 0.0 (TID 17) in 21944 ms on localhost (executor driver) (18/29)
20/02/17 17:43:11 INFO FileScanRDD: Reading File path: file:///edw/Reviews/SourceCode/data/asin_reviews.json, range: 2818572288-2952790016, partition values: [empty row]
20/02/17 17:43:17 INFO Executor: Finished task 18.0 in stage 0.0 (TID 18). 2264 bytes result sent to driver
20/02/17 17:43:17 INFO TaskSetManager: Starting task 22.0 in stage 0.0 (TID 22, localhost, executor driver, partition 22, PROCESS_LOCAL, 8269 bytes)
20/02/17 17:43:17 INFO TaskSetManager: Finished task 18.0 in stage 0.0 (TID 18) in 22273 ms on localhost (executor driver) (19/29)
20/02/17 17:43:17 INFO Executor: Running task 22.0 in stage 0.0 (TID 22)
20/02/17 17:43:17 INFO FileScanRDD: Reading File path: file:///edw/Reviews/SourceCode/data/asin_reviews.json, range: 2952790016-3087007744, partition values: [empty row]
20/02/17 17:43:20 INFO Executor: Finished task 19.0 in stage 0.0 (TID 19). 2264 bytes result sent to driver
20/02/17 17:43:20 INFO TaskSetManager: Starting task 23.0 in stage 0.0 (TID 23, localhost, executor driver, partition 23, PROCESS_LOCAL, 8269 bytes)
20/02/17 17:43:20 INFO Executor: Running task 23.0 in stage 0.0 (TID 23)
20/02/17 17:43:20 INFO TaskSetManager: Finished task 19.0 in stage 0.0 (TID 19) in 22706 ms on localhost (executor driver) (20/29)
20/02/17 17:43:20 INFO FileScanRDD: Reading File path: file:///edw/Reviews/SourceCode/data/asin_reviews.json, range: 3087007744-3221225472, partition values: [empty row]
20/02/17 17:43:24 INFO Executor: Finished task 20.0 in stage 0.0 (TID 20). 2264 bytes result sent to driver
20/02/17 17:43:24 INFO TaskSetManager: Starting task 24.0 in stage 0.0 (TID 24, localhost, executor driver, partition 24, PROCESS_LOCAL, 8269 bytes)
20/02/17 17:43:24 INFO TaskSetManager: Finished task 20.0 in stage 0.0 (TID 20) in 22899 ms on localhost (executor driver) (21/29)
20/02/17 17:43:24 INFO Executor: Running task 24.0 in stage 0.0 (TID 24)
20/02/17 17:43:24 INFO FileScanRDD: Reading File path: file:///edw/Reviews/SourceCode/data/asin_reviews.json, range: 3221225472-3355443200, partition values: [empty row]
20/02/17 17:43:35 INFO Executor: Finished task 21.0 in stage 0.0 (TID 21). 2264 bytes result sent to driver
20/02/17 17:43:35 INFO TaskSetManager: Starting task 25.0 in stage 0.0 (TID 25, localhost, executor driver, partition 25, PROCESS_LOCAL, 8269 bytes)
20/02/17 17:43:35 INFO TaskSetManager: Finished task 21.0 in stage 0.0 (TID 21) in 23760 ms on localhost (executor driver) (22/29)
20/02/17 17:43:35 INFO Executor: Running task 25.0 in stage 0.0 (TID 25)
20/02/17 17:43:35 INFO FileScanRDD: Reading File path: file:///edw/Reviews/SourceCode/data/asin_reviews.json, range: 3355443200-3489660928, partition values: [empty row]
20/02/17 17:43:42 INFO Executor: Finished task 23.0 in stage 0.0 (TID 23). 2264 bytes result sent to driver
20/02/17 17:43:42 INFO TaskSetManager: Starting task 26.0 in stage 0.0 (TID 26, localhost, executor driver, partition 26, PROCESS_LOCAL, 8269 bytes)
20/02/17 17:43:42 INFO TaskSetManager: Finished task 23.0 in stage 0.0 (TID 23) in 21422 ms on localhost (executor driver) (23/29)
20/02/17 17:43:42 INFO Executor: Running task 26.0 in stage 0.0 (TID 26)
20/02/17 17:43:42 INFO FileScanRDD: Reading File path: file:///edw/Reviews/SourceCode/data/asin_reviews.json, range: 3489660928-3623878656, partition values: [empty row]
20/02/17 17:43:44 INFO Executor: Finished task 24.0 in stage 0.0 (TID 24). 2307 bytes result sent to driver
20/02/17 17:43:44 INFO TaskSetManager: Starting task 27.0 in stage 0.0 (TID 27, localhost, executor driver, partition 27, PROCESS_LOCAL, 8269 bytes)
20/02/17 17:43:44 INFO Executor: Running task 27.0 in stage 0.0 (TID 27)
20/02/17 17:43:44 INFO TaskSetManager: Finished task 24.0 in stage 0.0 (TID 24) in 19738 ms on localhost (executor driver) (24/29)
20/02/17 17:43:44 INFO FileScanRDD: Reading File path: file:///edw/Reviews/SourceCode/data/asin_reviews.json, range: 3623878656-3758096384, partition values: [empty row]
20/02/17 17:43:49 INFO Executor: Finished task 22.0 in stage 0.0 (TID 22). 2264 bytes result sent to driver
20/02/17 17:43:49 INFO TaskSetManager: Starting task 28.0 in stage 0.0 (TID 28, localhost, executor driver, partition 28, PROCESS_LOCAL, 8269 bytes)
20/02/17 17:43:49 INFO TaskSetManager: Finished task 22.0 in stage 0.0 (TID 22) in 31954 ms on localhost (executor driver) (25/29)
20/02/17 17:43:49 INFO Executor: Running task 28.0 in stage 0.0 (TID 28)
20/02/17 17:43:49 INFO FileScanRDD: Reading File path: file:///edw/Reviews/SourceCode/data/asin_reviews.json, range: 3758096384-3845556797, partition values: [empty row]
20/02/17 17:43:52 INFO Executor: Finished task 25.0 in stage 0.0 (TID 25). 2350 bytes result sent to driver
20/02/17 17:43:52 INFO TaskSetManager: Finished task 25.0 in stage 0.0 (TID 25) in 17113 ms on localhost (executor driver) (26/29)
20/02/17 17:43:56 INFO Executor: Finished task 26.0 in stage 0.0 (TID 26). 2307 bytes result sent to driver
20/02/17 17:43:56 INFO TaskSetManager: Finished task 26.0 in stage 0.0 (TID 26) in 14548 ms on localhost (executor driver) (27/29)
20/02/17 17:43:58 INFO Executor: Finished task 27.0 in stage 0.0 (TID 27). 2307 bytes result sent to driver
20/02/17 17:43:58 INFO TaskSetManager: Finished task 27.0 in stage 0.0 (TID 27) in 14622 ms on localhost (executor driver) (28/29)
20/02/17 17:43:59 INFO Executor: Finished task 28.0 in stage 0.0 (TID 28). 2264 bytes result sent to driver
20/02/17 17:43:59 INFO TaskSetManager: Finished task 28.0 in stage 0.0 (TID 28) in 9919 ms on localhost (executor driver) (29/29)
20/02/17 17:43:59 INFO TaskSchedulerImpl: Removed TaskSet 0.0, whose tasks have all completed, from pool 
20/02/17 17:43:59 INFO DAGScheduler: ResultStage 0 (json at NativeMethodAccessorImpl.java:0) finished in 154.916 s
20/02/17 17:43:59 INFO DAGScheduler: Job 0 finished: json at NativeMethodAccessorImpl.java:0, took 155.238847 s
20/02/17 17:44:01 INFO FileSourceStrategy: Pruning directories with: 
20/02/17 17:44:01 INFO FileSourceStrategy: Post-Scan Filters: (cast(cast(CASE WHEN isnull(unixReviewTime#14L) THEN 1990-01-01 ELSE from_unixtime(unixReviewTime#14L, yyyy-MM-dd, Some(Europe/Berlin)) END as date) as string) >= 2011-01-01)
20/02/17 17:44:01 INFO FileSourceStrategy: Output Data Schema: struct<asin: string, overall: double, reviewerID: string, reviewerName: string, unixReviewTime: bigint ... 3 more fields>
20/02/17 17:44:01 INFO FileSourceScanExec: Pushed Filters: 
20/02/17 17:44:01 INFO CodeGenerator: Code generated in 96.6892 ms
20/02/17 17:44:02 INFO MemoryStore: Block broadcast_2 stored as values in memory (estimated size 282.9 KB, free 365.7 MB)
20/02/17 17:44:02 INFO MemoryStore: Block broadcast_2_piece0 stored as bytes in memory (estimated size 23.3 KB, free 365.7 MB)
20/02/17 17:44:02 INFO BlockManagerInfo: Added broadcast_2_piece0 in memory on 192.168.1.25:10852 (size: 23.3 KB, free: 366.2 MB)
20/02/17 17:44:02 INFO SparkContext: Created broadcast 2 from jdbc at NativeMethodAccessorImpl.java:0
20/02/17 17:44:02 INFO FileSourceScanExec: Planning scan with bin packing, max size: 134217728 bytes, open cost is considered as scanning 4194304 bytes.
20/02/17 17:44:02 INFO SparkContext: Starting job: jdbc at NativeMethodAccessorImpl.java:0
20/02/17 17:44:02 INFO DAGScheduler: Got job 1 (jdbc at NativeMethodAccessorImpl.java:0) with 29 output partitions
20/02/17 17:44:02 INFO DAGScheduler: Final stage: ResultStage 1 (jdbc at NativeMethodAccessorImpl.java:0)
20/02/17 17:44:02 INFO DAGScheduler: Parents of final stage: List()
20/02/17 17:44:02 INFO DAGScheduler: Missing parents: List()
20/02/17 17:44:02 INFO DAGScheduler: Submitting ResultStage 1 (MapPartitionsRDD[8] at jdbc at NativeMethodAccessorImpl.java:0), which has no missing parents
20/02/17 17:44:02 INFO MemoryStore: Block broadcast_3 stored as values in memory (estimated size 67.6 KB, free 365.6 MB)
20/02/17 17:44:02 INFO MemoryStore: Block broadcast_3_piece0 stored as bytes in memory (estimated size 31.2 KB, free 365.6 MB)
20/02/17 17:44:02 INFO BlockManagerInfo: Added broadcast_3_piece0 in memory on 192.168.1.25:10852 (size: 31.2 KB, free: 366.2 MB)
20/02/17 17:44:02 INFO SparkContext: Created broadcast 3 from broadcast at DAGScheduler.scala:1163
20/02/17 17:44:02 INFO DAGScheduler: Submitting 29 missing tasks from ResultStage 1 (MapPartitionsRDD[8] at jdbc at NativeMethodAccessorImpl.java:0) (first 15 tasks are for partitions Vector(0, 1, 2, 3, 4, 5, 6, 7, 8, 9, 10, 11, 12, 13, 14))
20/02/17 17:44:02 INFO TaskSchedulerImpl: Adding task set 1.0 with 29 tasks
20/02/17 17:44:02 INFO TaskSetManager: Starting task 0.0 in stage 1.0 (TID 29, localhost, executor driver, partition 0, PROCESS_LOCAL, 8269 bytes)
20/02/17 17:44:02 INFO TaskSetManager: Starting task 1.0 in stage 1.0 (TID 30, localhost, executor driver, partition 1, PROCESS_LOCAL, 8269 bytes)
20/02/17 17:44:02 INFO TaskSetManager: Starting task 2.0 in stage 1.0 (TID 31, localhost, executor driver, partition 2, PROCESS_LOCAL, 8269 bytes)
20/02/17 17:44:02 INFO TaskSetManager: Starting task 3.0 in stage 1.0 (TID 32, localhost, executor driver, partition 3, PROCESS_LOCAL, 8269 bytes)
20/02/17 17:44:02 INFO Executor: Running task 0.0 in stage 1.0 (TID 29)
20/02/17 17:44:02 INFO Executor: Running task 1.0 in stage 1.0 (TID 30)
20/02/17 17:44:02 INFO Executor: Running task 3.0 in stage 1.0 (TID 32)
20/02/17 17:44:02 INFO Executor: Running task 2.0 in stage 1.0 (TID 31)
20/02/17 17:44:02 INFO CodeGenerator: Code generated in 43.914 ms
20/02/17 17:44:02 INFO FileScanRDD: Reading File path: file:///edw/Reviews/SourceCode/data/asin_reviews.json, range: 134217728-268435456, partition values: [empty row]
20/02/17 17:44:02 INFO FileScanRDD: Reading File path: file:///edw/Reviews/SourceCode/data/asin_reviews.json, range: 268435456-402653184, partition values: [empty row]
20/02/17 17:44:02 INFO FileScanRDD: Reading File path: file:///edw/Reviews/SourceCode/data/asin_reviews.json, range: 402653184-536870912, partition values: [empty row]
20/02/17 17:44:02 INFO FileScanRDD: Reading File path: file:///edw/Reviews/SourceCode/data/asin_reviews.json, range: 0-134217728, partition values: [empty row]
20/02/17 17:44:02 INFO CodeGenerator: Code generated in 17.8555 ms
20/02/17 17:44:25 INFO Executor: Finished task 1.0 in stage 1.0 (TID 30). 1499 bytes result sent to driver
20/02/17 17:44:25 INFO TaskSetManager: Starting task 4.0 in stage 1.0 (TID 33, localhost, executor driver, partition 4, PROCESS_LOCAL, 8269 bytes)
20/02/17 17:44:25 INFO Executor: Running task 4.0 in stage 1.0 (TID 33)
20/02/17 17:44:25 INFO TaskSetManager: Finished task 1.0 in stage 1.0 (TID 30) in 23272 ms on localhost (executor driver) (1/29)
20/02/17 17:44:25 INFO FileScanRDD: Reading File path: file:///edw/Reviews/SourceCode/data/asin_reviews.json, range: 536870912-671088640, partition values: [empty row]
20/02/17 17:44:25 INFO Executor: Finished task 0.0 in stage 1.0 (TID 29). 1456 bytes result sent to driver
20/02/17 17:44:25 INFO TaskSetManager: Starting task 5.0 in stage 1.0 (TID 34, localhost, executor driver, partition 5, PROCESS_LOCAL, 8269 bytes)
20/02/17 17:44:25 INFO TaskSetManager: Finished task 0.0 in stage 1.0 (TID 29) in 23547 ms on localhost (executor driver) (2/29)
20/02/17 17:44:25 INFO Executor: Running task 5.0 in stage 1.0 (TID 34)
20/02/17 17:44:25 INFO Executor: Finished task 3.0 in stage 1.0 (TID 32). 1499 bytes result sent to driver
20/02/17 17:44:25 INFO TaskSetManager: Starting task 6.0 in stage 1.0 (TID 35, localhost, executor driver, partition 6, PROCESS_LOCAL, 8269 bytes)
20/02/17 17:44:25 INFO TaskSetManager: Finished task 3.0 in stage 1.0 (TID 32) in 23565 ms on localhost (executor driver) (3/29)
20/02/17 17:44:25 INFO Executor: Running task 6.0 in stage 1.0 (TID 35)
20/02/17 17:44:26 INFO FileScanRDD: Reading File path: file:///edw/Reviews/SourceCode/data/asin_reviews.json, range: 671088640-805306368, partition values: [empty row]
20/02/17 17:44:26 INFO FileScanRDD: Reading File path: file:///edw/Reviews/SourceCode/data/asin_reviews.json, range: 805306368-939524096, partition values: [empty row]
20/02/17 17:44:27 INFO Executor: Finished task 2.0 in stage 1.0 (TID 31). 1499 bytes result sent to driver
20/02/17 17:44:27 INFO TaskSetManager: Starting task 7.0 in stage 1.0 (TID 36, localhost, executor driver, partition 7, PROCESS_LOCAL, 8269 bytes)
20/02/17 17:44:28 INFO TaskSetManager: Finished task 2.0 in stage 1.0 (TID 31) in 25662 ms on localhost (executor driver) (4/29)
20/02/17 17:44:28 INFO Executor: Running task 7.0 in stage 1.0 (TID 36)
20/02/17 17:44:28 INFO FileScanRDD: Reading File path: file:///edw/Reviews/SourceCode/data/asin_reviews.json, range: 939524096-1073741824, partition values: [empty row]
20/02/17 17:44:46 INFO Executor: Finished task 6.0 in stage 1.0 (TID 35). 1499 bytes result sent to driver
20/02/17 17:44:46 INFO TaskSetManager: Starting task 8.0 in stage 1.0 (TID 37, localhost, executor driver, partition 8, PROCESS_LOCAL, 8269 bytes)
20/02/17 17:44:46 INFO TaskSetManager: Finished task 6.0 in stage 1.0 (TID 35) in 21042 ms on localhost (executor driver) (5/29)
20/02/17 17:44:46 INFO Executor: Running task 8.0 in stage 1.0 (TID 37)
20/02/17 17:44:47 INFO FileScanRDD: Reading File path: file:///edw/Reviews/SourceCode/data/asin_reviews.json, range: 1073741824-1207959552, partition values: [empty row]
20/02/17 17:44:50 INFO Executor: Finished task 4.0 in stage 1.0 (TID 33). 1499 bytes result sent to driver
20/02/17 17:44:50 INFO TaskSetManager: Starting task 9.0 in stage 1.0 (TID 38, localhost, executor driver, partition 9, PROCESS_LOCAL, 8269 bytes)
20/02/17 17:44:50 INFO TaskSetManager: Finished task 4.0 in stage 1.0 (TID 33) in 24717 ms on localhost (executor driver) (6/29)
20/02/17 17:44:50 INFO Executor: Running task 9.0 in stage 1.0 (TID 38)
20/02/17 17:44:50 INFO FileScanRDD: Reading File path: file:///edw/Reviews/SourceCode/data/asin_reviews.json, range: 1207959552-1342177280, partition values: [empty row]
20/02/17 17:44:50 INFO Executor: Finished task 7.0 in stage 1.0 (TID 36). 1499 bytes result sent to driver
20/02/17 17:44:50 INFO TaskSetManager: Starting task 10.0 in stage 1.0 (TID 39, localhost, executor driver, partition 10, PROCESS_LOCAL, 8269 bytes)
20/02/17 17:44:50 INFO TaskSetManager: Finished task 7.0 in stage 1.0 (TID 36) in 22661 ms on localhost (executor driver) (7/29)
20/02/17 17:44:50 INFO Executor: Running task 10.0 in stage 1.0 (TID 39)
20/02/17 17:44:50 INFO FileScanRDD: Reading File path: file:///edw/Reviews/SourceCode/data/asin_reviews.json, range: 1342177280-1476395008, partition values: [empty row]
20/02/17 17:44:56 INFO Executor: Finished task 5.0 in stage 1.0 (TID 34). 1456 bytes result sent to driver
20/02/17 17:44:56 INFO TaskSetManager: Starting task 11.0 in stage 1.0 (TID 40, localhost, executor driver, partition 11, PROCESS_LOCAL, 8269 bytes)
20/02/17 17:44:56 INFO TaskSetManager: Finished task 5.0 in stage 1.0 (TID 34) in 31089 ms on localhost (executor driver) (8/29)
20/02/17 17:44:56 INFO Executor: Running task 11.0 in stage 1.0 (TID 40)
20/02/17 17:44:56 INFO FileScanRDD: Reading File path: file:///edw/Reviews/SourceCode/data/asin_reviews.json, range: 1476395008-1610612736, partition values: [empty row]
20/02/17 17:45:07 INFO Executor: Finished task 8.0 in stage 1.0 (TID 37). 1499 bytes result sent to driver
20/02/17 17:45:07 INFO TaskSetManager: Starting task 12.0 in stage 1.0 (TID 41, localhost, executor driver, partition 12, PROCESS_LOCAL, 8269 bytes)
20/02/17 17:45:07 INFO TaskSetManager: Finished task 8.0 in stage 1.0 (TID 37) in 20212 ms on localhost (executor driver) (9/29)
20/02/17 17:45:07 INFO Executor: Running task 12.0 in stage 1.0 (TID 41)
20/02/17 17:45:07 INFO FileScanRDD: Reading File path: file:///edw/Reviews/SourceCode/data/asin_reviews.json, range: 1610612736-1744830464, partition values: [empty row]
20/02/17 17:45:10 INFO Executor: Finished task 10.0 in stage 1.0 (TID 39). 1456 bytes result sent to driver
20/02/17 17:45:10 INFO TaskSetManager: Starting task 13.0 in stage 1.0 (TID 42, localhost, executor driver, partition 13, PROCESS_LOCAL, 8269 bytes)
20/02/17 17:45:10 INFO TaskSetManager: Finished task 10.0 in stage 1.0 (TID 39) in 19758 ms on localhost (executor driver) (10/29)
20/02/17 17:45:10 INFO Executor: Running task 13.0 in stage 1.0 (TID 42)
20/02/17 17:45:10 INFO FileScanRDD: Reading File path: file:///edw/Reviews/SourceCode/data/asin_reviews.json, range: 1744830464-1879048192, partition values: [empty row]
20/02/17 17:45:12 INFO Executor: Finished task 9.0 in stage 1.0 (TID 38). 1499 bytes result sent to driver
20/02/17 17:45:12 INFO TaskSetManager: Starting task 14.0 in stage 1.0 (TID 43, localhost, executor driver, partition 14, PROCESS_LOCAL, 8269 bytes)
20/02/17 17:45:12 INFO TaskSetManager: Finished task 9.0 in stage 1.0 (TID 38) in 22156 ms on localhost (executor driver) (11/29)
20/02/17 17:45:12 INFO Executor: Running task 14.0 in stage 1.0 (TID 43)
20/02/17 17:45:12 INFO FileScanRDD: Reading File path: file:///edw/Reviews/SourceCode/data/asin_reviews.json, range: 1879048192-2013265920, partition values: [empty row]
20/02/17 17:45:19 INFO Executor: Finished task 11.0 in stage 1.0 (TID 40). 1499 bytes result sent to driver
20/02/17 17:45:19 INFO TaskSetManager: Starting task 15.0 in stage 1.0 (TID 44, localhost, executor driver, partition 15, PROCESS_LOCAL, 8269 bytes)
20/02/17 17:45:19 INFO TaskSetManager: Finished task 11.0 in stage 1.0 (TID 40) in 22760 ms on localhost (executor driver) (12/29)
20/02/17 17:45:19 INFO Executor: Running task 15.0 in stage 1.0 (TID 44)
20/02/17 17:45:19 INFO FileScanRDD: Reading File path: file:///edw/Reviews/SourceCode/data/asin_reviews.json, range: 2013265920-2147483648, partition values: [empty row]
20/02/17 17:45:29 INFO Executor: Finished task 12.0 in stage 1.0 (TID 41). 1499 bytes result sent to driver
20/02/17 17:45:29 INFO TaskSetManager: Starting task 16.0 in stage 1.0 (TID 45, localhost, executor driver, partition 16, PROCESS_LOCAL, 8269 bytes)
20/02/17 17:45:29 INFO TaskSetManager: Finished task 12.0 in stage 1.0 (TID 41) in 22499 ms on localhost (executor driver) (13/29)
20/02/17 17:45:29 INFO Executor: Running task 16.0 in stage 1.0 (TID 45)
20/02/17 17:45:29 INFO FileScanRDD: Reading File path: file:///edw/Reviews/SourceCode/data/asin_reviews.json, range: 2147483648-2281701376, partition values: [empty row]
20/02/17 17:45:33 INFO Executor: Finished task 13.0 in stage 1.0 (TID 42). 1499 bytes result sent to driver
20/02/17 17:45:33 INFO TaskSetManager: Starting task 17.0 in stage 1.0 (TID 46, localhost, executor driver, partition 17, PROCESS_LOCAL, 8269 bytes)
20/02/17 17:45:33 INFO TaskSetManager: Finished task 13.0 in stage 1.0 (TID 42) in 23134 ms on localhost (executor driver) (14/29)
20/02/17 17:45:33 INFO Executor: Running task 17.0 in stage 1.0 (TID 46)
20/02/17 17:45:33 INFO FileScanRDD: Reading File path: file:///edw/Reviews/SourceCode/data/asin_reviews.json, range: 2281701376-2415919104, partition values: [empty row]
20/02/17 17:45:34 INFO Executor: Finished task 14.0 in stage 1.0 (TID 43). 1499 bytes result sent to driver
20/02/17 17:45:34 INFO TaskSetManager: Starting task 18.0 in stage 1.0 (TID 47, localhost, executor driver, partition 18, PROCESS_LOCAL, 8269 bytes)
20/02/17 17:45:34 INFO TaskSetManager: Finished task 14.0 in stage 1.0 (TID 43) in 22505 ms on localhost (executor driver) (15/29)
20/02/17 17:45:34 INFO Executor: Running task 18.0 in stage 1.0 (TID 47)
20/02/17 17:45:35 INFO FileScanRDD: Reading File path: file:///edw/Reviews/SourceCode/data/asin_reviews.json, range: 2415919104-2550136832, partition values: [empty row]
20/02/17 17:45:42 INFO Executor: Finished task 15.0 in stage 1.0 (TID 44). 1456 bytes result sent to driver
20/02/17 17:45:42 INFO TaskSetManager: Starting task 19.0 in stage 1.0 (TID 48, localhost, executor driver, partition 19, PROCESS_LOCAL, 8269 bytes)
20/02/17 17:45:42 INFO Executor: Running task 19.0 in stage 1.0 (TID 48)
20/02/17 17:45:42 INFO TaskSetManager: Finished task 15.0 in stage 1.0 (TID 44) in 23154 ms on localhost (executor driver) (16/29)
20/02/17 17:45:42 INFO FileScanRDD: Reading File path: file:///edw/Reviews/SourceCode/data/asin_reviews.json, range: 2550136832-2684354560, partition values: [empty row]
20/02/17 17:45:52 INFO Executor: Finished task 16.0 in stage 1.0 (TID 45). 1499 bytes result sent to driver
20/02/17 17:45:52 INFO TaskSetManager: Starting task 20.0 in stage 1.0 (TID 49, localhost, executor driver, partition 20, PROCESS_LOCAL, 8269 bytes)
20/02/17 17:45:52 INFO TaskSetManager: Finished task 16.0 in stage 1.0 (TID 45) in 23342 ms on localhost (executor driver) (17/29)
20/02/17 17:45:52 INFO Executor: Running task 20.0 in stage 1.0 (TID 49)
20/02/17 17:45:53 INFO FileScanRDD: Reading File path: file:///edw/Reviews/SourceCode/data/asin_reviews.json, range: 2684354560-2818572288, partition values: [empty row]
20/02/17 17:45:55 INFO Executor: Finished task 17.0 in stage 1.0 (TID 46). 1456 bytes result sent to driver
20/02/17 17:45:55 INFO TaskSetManager: Starting task 21.0 in stage 1.0 (TID 50, localhost, executor driver, partition 21, PROCESS_LOCAL, 8269 bytes)
20/02/17 17:45:55 INFO TaskSetManager: Finished task 17.0 in stage 1.0 (TID 46) in 22122 ms on localhost (executor driver) (18/29)
20/02/17 17:45:55 INFO Executor: Running task 21.0 in stage 1.0 (TID 50)
20/02/17 17:45:55 INFO FileScanRDD: Reading File path: file:///edw/Reviews/SourceCode/data/asin_reviews.json, range: 2818572288-2952790016, partition values: [empty row]
20/02/17 17:45:57 INFO Executor: Finished task 18.0 in stage 1.0 (TID 47). 1456 bytes result sent to driver
20/02/17 17:45:57 INFO TaskSetManager: Starting task 22.0 in stage 1.0 (TID 51, localhost, executor driver, partition 22, PROCESS_LOCAL, 8269 bytes)
20/02/17 17:45:57 INFO Executor: Running task 22.0 in stage 1.0 (TID 51)
20/02/17 17:45:57 INFO TaskSetManager: Finished task 18.0 in stage 1.0 (TID 47) in 22694 ms on localhost (executor driver) (19/29)
20/02/17 17:45:57 INFO FileScanRDD: Reading File path: file:///edw/Reviews/SourceCode/data/asin_reviews.json, range: 2952790016-3087007744, partition values: [empty row]
20/02/17 17:46:06 INFO Executor: Finished task 19.0 in stage 1.0 (TID 48). 1456 bytes result sent to driver
20/02/17 17:46:06 INFO TaskSetManager: Starting task 23.0 in stage 1.0 (TID 52, localhost, executor driver, partition 23, PROCESS_LOCAL, 8269 bytes)
20/02/17 17:46:06 INFO Executor: Running task 23.0 in stage 1.0 (TID 52)
20/02/17 17:46:06 INFO TaskSetManager: Finished task 19.0 in stage 1.0 (TID 48) in 23161 ms on localhost (executor driver) (20/29)
20/02/17 17:46:06 INFO FileScanRDD: Reading File path: file:///edw/Reviews/SourceCode/data/asin_reviews.json, range: 3087007744-3221225472, partition values: [empty row]
20/02/17 17:46:17 INFO Executor: Finished task 20.0 in stage 1.0 (TID 49). 1499 bytes result sent to driver
20/02/17 17:46:17 INFO TaskSetManager: Starting task 24.0 in stage 1.0 (TID 53, localhost, executor driver, partition 24, PROCESS_LOCAL, 8269 bytes)
20/02/17 17:46:17 INFO TaskSetManager: Finished task 20.0 in stage 1.0 (TID 49) in 24151 ms on localhost (executor driver) (21/29)
20/02/17 17:46:17 INFO Executor: Running task 24.0 in stage 1.0 (TID 53)
20/02/17 17:46:17 INFO FileScanRDD: Reading File path: file:///edw/Reviews/SourceCode/data/asin_reviews.json, range: 3221225472-3355443200, partition values: [empty row]
20/02/17 17:46:19 INFO Executor: Finished task 21.0 in stage 1.0 (TID 50). 1456 bytes result sent to driver
20/02/17 17:46:19 INFO TaskSetManager: Starting task 25.0 in stage 1.0 (TID 54, localhost, executor driver, partition 25, PROCESS_LOCAL, 8269 bytes)
20/02/17 17:46:19 INFO TaskSetManager: Finished task 21.0 in stage 1.0 (TID 50) in 24294 ms on localhost (executor driver) (22/29)
20/02/17 17:46:19 INFO Executor: Running task 25.0 in stage 1.0 (TID 54)
20/02/17 17:46:20 INFO FileScanRDD: Reading File path: file:///edw/Reviews/SourceCode/data/asin_reviews.json, range: 3355443200-3489660928, partition values: [empty row]
20/02/17 17:46:31 INFO Executor: Finished task 22.0 in stage 1.0 (TID 51). 1456 bytes result sent to driver
20/02/17 17:46:31 INFO TaskSetManager: Starting task 26.0 in stage 1.0 (TID 55, localhost, executor driver, partition 26, PROCESS_LOCAL, 8269 bytes)
20/02/17 17:46:31 INFO TaskSetManager: Finished task 22.0 in stage 1.0 (TID 51) in 33621 ms on localhost (executor driver) (23/29)
20/02/17 17:46:31 INFO Executor: Running task 26.0 in stage 1.0 (TID 55)
20/02/17 17:46:31 INFO FileScanRDD: Reading File path: file:///edw/Reviews/SourceCode/data/asin_reviews.json, range: 3489660928-3623878656, partition values: [empty row]
20/02/17 17:46:35 INFO Executor: Finished task 23.0 in stage 1.0 (TID 52). 1456 bytes result sent to driver
20/02/17 17:46:35 INFO TaskSetManager: Starting task 27.0 in stage 1.0 (TID 56, localhost, executor driver, partition 27, PROCESS_LOCAL, 8269 bytes)
20/02/17 17:46:35 INFO TaskSetManager: Finished task 23.0 in stage 1.0 (TID 52) in 29004 ms on localhost (executor driver) (24/29)
20/02/17 17:46:35 INFO Executor: Running task 27.0 in stage 1.0 (TID 56)
20/02/17 17:46:35 INFO FileScanRDD: Reading File path: file:///edw/Reviews/SourceCode/data/asin_reviews.json, range: 3623878656-3758096384, partition values: [empty row]
20/02/17 17:46:42 INFO Executor: Finished task 24.0 in stage 1.0 (TID 53). 1499 bytes result sent to driver
20/02/17 17:46:42 INFO TaskSetManager: Starting task 28.0 in stage 1.0 (TID 57, localhost, executor driver, partition 28, PROCESS_LOCAL, 8269 bytes)
20/02/17 17:46:42 INFO TaskSetManager: Finished task 24.0 in stage 1.0 (TID 53) in 25619 ms on localhost (executor driver) (25/29)
20/02/17 17:46:42 INFO Executor: Running task 28.0 in stage 1.0 (TID 57)
20/02/17 17:46:42 INFO FileScanRDD: Reading File path: file:///edw/Reviews/SourceCode/data/asin_reviews.json, range: 3758096384-3845556797, partition values: [empty row]
20/02/17 17:46:45 INFO Executor: Finished task 25.0 in stage 1.0 (TID 54). 1499 bytes result sent to driver
20/02/17 17:46:45 INFO TaskSetManager: Finished task 25.0 in stage 1.0 (TID 54) in 25814 ms on localhost (executor driver) (26/29)
20/02/17 17:46:51 INFO Executor: Finished task 26.0 in stage 1.0 (TID 55). 1456 bytes result sent to driver
20/02/17 17:46:51 INFO TaskSetManager: Finished task 26.0 in stage 1.0 (TID 55) in 20514 ms on localhost (executor driver) (27/29)
20/02/17 17:46:52 INFO Executor: Finished task 27.0 in stage 1.0 (TID 56). 1499 bytes result sent to driver
20/02/17 17:46:52 INFO TaskSetManager: Finished task 27.0 in stage 1.0 (TID 56) in 17767 ms on localhost (executor driver) (28/29)
20/02/17 17:46:54 INFO Executor: Finished task 28.0 in stage 1.0 (TID 57). 1499 bytes result sent to driver
20/02/17 17:46:54 INFO TaskSetManager: Finished task 28.0 in stage 1.0 (TID 57) in 11447 ms on localhost (executor driver) (29/29)
20/02/17 17:46:54 INFO TaskSchedulerImpl: Removed TaskSet 1.0, whose tasks have all completed, from pool 
20/02/17 17:46:54 INFO DAGScheduler: ResultStage 1 (jdbc at NativeMethodAccessorImpl.java:0) finished in 171.966 s
20/02/17 17:46:54 INFO DAGScheduler: Job 1 finished: jdbc at NativeMethodAccessorImpl.java:0, took 171.977048 s
20/02/17 17:46:54 INFO SparkContext: Invoking stop() from shutdown hook
20/02/17 17:46:54 INFO SparkUI: Stopped Spark web UI at http://192.168.1.25:4040
20/02/17 17:46:55 INFO MapOutputTrackerMasterEndpoint: MapOutputTrackerMasterEndpoint stopped!
20/02/17 17:46:55 INFO MemoryStore: MemoryStore cleared
20/02/17 17:46:55 INFO BlockManager: BlockManager stopped
20/02/17 17:46:55 INFO BlockManagerMaster: BlockManagerMaster stopped
20/02/17 17:46:55 INFO OutputCommitCoordinator$OutputCommitCoordinatorEndpoint: OutputCommitCoordinator stopped!
20/02/17 17:46:55 INFO SparkContext: Successfully stopped SparkContext
20/02/17 17:46:55 INFO ShutdownHookManager: Shutdown hook called
20/02/17 17:46:55 INFO ShutdownHookManager: Deleting directory /tmp/spark-9d1b5988-8adb-4603-a930-aee648e86ca1
20/02/17 17:46:55 INFO ShutdownHookManager: Deleting directory /tmp/spark-bb1a68b4-fe83-4a8d-aee5-e122f1a71973
20/02/17 17:46:55 INFO ShutdownHookManager: Deleting directory /tmp/spark-9d1b5988-8adb-4603-a930-aee648e86ca1/pyspark-dcf70067-f711-4eec-84fc-21d17a4141ad
###################################################################################################################################
###################################################################################################################################
Job completed successfully
###################################################################################################################################
###################################################################################################################################
