###################################################################################################################################
###################################################################################################################################
Load to stage in progress
###################################################################################################################################
###################################################################################################################################
20/02/16 02:39:57 WARN Utils: Your hostname, DESKTOP-502C4I4 resolves to a loopback address: 127.0.1.1; using 192.168.1.25 instead (on interface wifi0)
20/02/16 02:39:57 WARN Utils: Set SPARK_LOCAL_IP if you need to bind to another address
20/02/16 02:39:59 WARN NativeCodeLoader: Unable to load native-hadoop library for your platform... using builtin-java classes where applicable
Using Spark's default log4j profile: org/apache/spark/log4j-defaults.properties
20/02/16 02:40:06 INFO SparkContext: Running Spark version 2.4.5
20/02/16 02:40:06 INFO SparkContext: Submitted application: ReviewsOdsSession
20/02/16 02:40:06 INFO SecurityManager: Changing view acls to: devetluser
20/02/16 02:40:06 INFO SecurityManager: Changing modify acls to: devetluser
20/02/16 02:40:06 INFO SecurityManager: Changing view acls groups to: 
20/02/16 02:40:06 INFO SecurityManager: Changing modify acls groups to: 
20/02/16 02:40:06 INFO SecurityManager: SecurityManager: authentication disabled; ui acls disabled; users  with view permissions: Set(devetluser); groups with view permissions: Set(); users  with modify permissions: Set(devetluser); groups with modify permissions: Set()
20/02/16 02:40:07 INFO Utils: Successfully started service 'sparkDriver' on port 11112.
20/02/16 02:40:07 INFO SparkEnv: Registering MapOutputTracker
20/02/16 02:40:07 INFO SparkEnv: Registering BlockManagerMaster
20/02/16 02:40:07 INFO BlockManagerMasterEndpoint: Using org.apache.spark.storage.DefaultTopologyMapper for getting topology information
20/02/16 02:40:07 INFO BlockManagerMasterEndpoint: BlockManagerMasterEndpoint up
20/02/16 02:40:07 INFO DiskBlockManager: Created local directory at /tmp/blockmgr-ef278cba-c205-4198-bb85-ba22a0befb83
20/02/16 02:40:07 INFO MemoryStore: MemoryStore started with capacity 366.3 MB
20/02/16 02:40:08 INFO SparkEnv: Registering OutputCommitCoordinator
20/02/16 02:40:08 INFO Utils: Successfully started service 'SparkUI' on port 4040.
20/02/16 02:40:08 INFO SparkUI: Bound SparkUI to 0.0.0.0, and started at http://192.168.1.25:4040
20/02/16 02:40:08 INFO Executor: Starting executor ID driver on host localhost
20/02/16 02:40:09 INFO Utils: Successfully started service 'org.apache.spark.network.netty.NettyBlockTransferService' on port 11116.
20/02/16 02:40:09 INFO NettyBlockTransferService: Server created on 192.168.1.25:11116
20/02/16 02:40:09 INFO BlockManager: Using org.apache.spark.storage.RandomBlockReplicationPolicy for block replication policy
20/02/16 02:40:09 INFO BlockManagerMaster: Registering BlockManager BlockManagerId(driver, 192.168.1.25, 11116, None)
20/02/16 02:40:09 INFO BlockManagerMasterEndpoint: Registering block manager 192.168.1.25:11116 with 366.3 MB RAM, BlockManagerId(driver, 192.168.1.25, 11116, None)
20/02/16 02:40:09 INFO BlockManagerMaster: Registered BlockManager BlockManagerId(driver, 192.168.1.25, 11116, None)
20/02/16 02:40:09 INFO BlockManager: Initialized BlockManager: BlockManagerId(driver, 192.168.1.25, 11116, None)
20/02/16 02:40:10 INFO SharedState: Setting hive.metastore.warehouse.dir ('null') to the value of spark.sql.warehouse.dir ('file:/edw/Reviews/SourceCode/bash/spark-warehouse').
20/02/16 02:40:10 INFO SharedState: Warehouse path is 'file:/edw/Reviews/SourceCode/bash/spark-warehouse'.
20/02/16 02:40:12 INFO StateStoreCoordinatorRef: Registered StateStoreCoordinator endpoint
20/02/16 02:40:13 INFO InMemoryFileIndex: It took 215 ms to list leaf files for 1 paths.
20/02/16 02:40:13 INFO InMemoryFileIndex: It took 2 ms to list leaf files for 1 paths.
20/02/16 02:40:17 INFO FileSourceStrategy: Pruning directories with: 
20/02/16 02:40:17 INFO FileSourceStrategy: Post-Scan Filters: 
20/02/16 02:40:17 INFO FileSourceStrategy: Output Data Schema: struct<value: string>
20/02/16 02:40:17 INFO FileSourceScanExec: Pushed Filters: 
20/02/16 02:40:19 INFO CodeGenerator: Code generated in 434.6267 ms
20/02/16 02:40:19 INFO MemoryStore: Block broadcast_0 stored as values in memory (estimated size 282.9 KB, free 366.0 MB)
20/02/16 02:40:20 INFO MemoryStore: Block broadcast_0_piece0 stored as bytes in memory (estimated size 23.3 KB, free 366.0 MB)
20/02/16 02:40:20 INFO BlockManagerInfo: Added broadcast_0_piece0 in memory on 192.168.1.25:11116 (size: 23.3 KB, free: 366.3 MB)
20/02/16 02:40:20 INFO SparkContext: Created broadcast 0 from json at NativeMethodAccessorImpl.java:0
20/02/16 02:40:20 INFO FileSourceScanExec: Planning scan with bin packing, max size: 134217728 bytes, open cost is considered as scanning 4194304 bytes.
20/02/16 02:40:20 INFO SparkContext: Starting job: json at NativeMethodAccessorImpl.java:0
20/02/16 02:40:20 INFO DAGScheduler: Got job 0 (json at NativeMethodAccessorImpl.java:0) with 35 output partitions
20/02/16 02:40:20 INFO DAGScheduler: Final stage: ResultStage 0 (json at NativeMethodAccessorImpl.java:0)
20/02/16 02:40:20 INFO DAGScheduler: Parents of final stage: List()
20/02/16 02:40:20 INFO DAGScheduler: Missing parents: List()
20/02/16 02:40:20 INFO DAGScheduler: Submitting ResultStage 0 (MapPartitionsRDD[3] at json at NativeMethodAccessorImpl.java:0), which has no missing parents
20/02/16 02:40:20 INFO MemoryStore: Block broadcast_1 stored as values in memory (estimated size 11.6 KB, free 366.0 MB)
20/02/16 02:40:20 INFO MemoryStore: Block broadcast_1_piece0 stored as bytes in memory (estimated size 6.7 KB, free 366.0 MB)
20/02/16 02:40:20 INFO BlockManagerInfo: Added broadcast_1_piece0 in memory on 192.168.1.25:11116 (size: 6.7 KB, free: 366.3 MB)
20/02/16 02:40:20 INFO SparkContext: Created broadcast 1 from broadcast at DAGScheduler.scala:1163
20/02/16 02:40:20 INFO DAGScheduler: Submitting 35 missing tasks from ResultStage 0 (MapPartitionsRDD[3] at json at NativeMethodAccessorImpl.java:0) (first 15 tasks are for partitions Vector(0, 1, 2, 3, 4, 5, 6, 7, 8, 9, 10, 11, 12, 13, 14))
20/02/16 02:40:20 INFO TaskSchedulerImpl: Adding task set 0.0 with 35 tasks
20/02/16 02:40:20 INFO TaskSetManager: Starting task 0.0 in stage 0.0 (TID 0, localhost, executor driver, partition 0, PROCESS_LOCAL, 8269 bytes)
20/02/16 02:40:20 INFO TaskSetManager: Starting task 1.0 in stage 0.0 (TID 1, localhost, executor driver, partition 1, PROCESS_LOCAL, 8269 bytes)
20/02/16 02:40:20 INFO TaskSetManager: Starting task 2.0 in stage 0.0 (TID 2, localhost, executor driver, partition 2, PROCESS_LOCAL, 8269 bytes)
20/02/16 02:40:20 INFO TaskSetManager: Starting task 3.0 in stage 0.0 (TID 3, localhost, executor driver, partition 3, PROCESS_LOCAL, 8269 bytes)
20/02/16 02:40:20 INFO Executor: Running task 0.0 in stage 0.0 (TID 0)
20/02/16 02:40:20 INFO Executor: Running task 2.0 in stage 0.0 (TID 2)
20/02/16 02:40:20 INFO Executor: Running task 1.0 in stage 0.0 (TID 1)
20/02/16 02:40:20 INFO Executor: Running task 3.0 in stage 0.0 (TID 3)
20/02/16 02:40:21 INFO FileScanRDD: Reading File path: file:///edw/Reviews/SourceCode/data/asin_reviews.json, range: 0-134217728, partition values: [empty row]
20/02/16 02:40:21 INFO FileScanRDD: Reading File path: file:///edw/Reviews/SourceCode/data/asin_reviews.json, range: 134217728-268435456, partition values: [empty row]
20/02/16 02:40:21 INFO FileScanRDD: Reading File path: file:///edw/Reviews/SourceCode/data/asin_reviews.json, range: 402653184-536870912, partition values: [empty row]
20/02/16 02:40:21 INFO FileScanRDD: Reading File path: file:///edw/Reviews/SourceCode/data/asin_reviews.json, range: 268435456-402653184, partition values: [empty row]
20/02/16 02:40:21 INFO CodeGenerator: Code generated in 19.5308 ms
20/02/16 02:40:47 INFO Executor: Finished task 3.0 in stage 0.0 (TID 3). 2350 bytes result sent to driver
20/02/16 02:40:47 INFO TaskSetManager: Starting task 4.0 in stage 0.0 (TID 4, localhost, executor driver, partition 4, PROCESS_LOCAL, 8269 bytes)
20/02/16 02:40:47 INFO Executor: Running task 4.0 in stage 0.0 (TID 4)
20/02/16 02:40:47 INFO FileScanRDD: Reading File path: file:///edw/Reviews/SourceCode/data/asin_reviews.json, range: 536870912-671088640, partition values: [empty row]
20/02/16 02:40:47 INFO TaskSetManager: Finished task 3.0 in stage 0.0 (TID 3) in 26493 ms on localhost (executor driver) (1/35)
20/02/16 02:40:47 INFO Executor: Finished task 2.0 in stage 0.0 (TID 2). 2307 bytes result sent to driver
20/02/16 02:40:47 INFO TaskSetManager: Starting task 5.0 in stage 0.0 (TID 5, localhost, executor driver, partition 5, PROCESS_LOCAL, 8269 bytes)
20/02/16 02:40:47 INFO Executor: Running task 5.0 in stage 0.0 (TID 5)
20/02/16 02:40:47 INFO TaskSetManager: Finished task 2.0 in stage 0.0 (TID 2) in 26803 ms on localhost (executor driver) (2/35)
20/02/16 02:40:47 INFO FileScanRDD: Reading File path: file:///edw/Reviews/SourceCode/data/asin_reviews.json, range: 671088640-805306368, partition values: [empty row]
20/02/16 02:40:52 INFO Executor: Finished task 1.0 in stage 0.0 (TID 1). 2350 bytes result sent to driver
20/02/16 02:40:52 INFO TaskSetManager: Starting task 6.0 in stage 0.0 (TID 6, localhost, executor driver, partition 6, PROCESS_LOCAL, 8269 bytes)
20/02/16 02:40:52 INFO TaskSetManager: Finished task 1.0 in stage 0.0 (TID 1) in 31338 ms on localhost (executor driver) (3/35)
20/02/16 02:40:52 INFO Executor: Running task 6.0 in stage 0.0 (TID 6)
20/02/16 02:40:52 INFO FileScanRDD: Reading File path: file:///edw/Reviews/SourceCode/data/asin_reviews.json, range: 805306368-939524096, partition values: [empty row]
20/02/16 02:41:01 INFO Executor: Finished task 0.0 in stage 0.0 (TID 0). 2350 bytes result sent to driver
20/02/16 02:41:01 INFO TaskSetManager: Starting task 7.0 in stage 0.0 (TID 7, localhost, executor driver, partition 7, PROCESS_LOCAL, 8269 bytes)
20/02/16 02:41:01 INFO Executor: Running task 7.0 in stage 0.0 (TID 7)
20/02/16 02:41:01 INFO TaskSetManager: Finished task 0.0 in stage 0.0 (TID 0) in 40705 ms on localhost (executor driver) (4/35)
20/02/16 02:41:01 INFO FileScanRDD: Reading File path: file:///edw/Reviews/SourceCode/data/asin_reviews.json, range: 939524096-1073741824, partition values: [empty row]
20/02/16 02:41:15 INFO Executor: Finished task 5.0 in stage 0.0 (TID 5). 2264 bytes result sent to driver
20/02/16 02:41:15 INFO TaskSetManager: Starting task 8.0 in stage 0.0 (TID 8, localhost, executor driver, partition 8, PROCESS_LOCAL, 8269 bytes)
20/02/16 02:41:15 INFO Executor: Running task 8.0 in stage 0.0 (TID 8)
20/02/16 02:41:15 INFO TaskSetManager: Finished task 5.0 in stage 0.0 (TID 5) in 28339 ms on localhost (executor driver) (5/35)
20/02/16 02:41:15 INFO FileScanRDD: Reading File path: file:///edw/Reviews/SourceCode/data/asin_reviews.json, range: 1073741824-1207959552, partition values: [empty row]
20/02/16 02:41:20 INFO Executor: Finished task 4.0 in stage 0.0 (TID 4). 2307 bytes result sent to driver
20/02/16 02:41:20 INFO TaskSetManager: Starting task 9.0 in stage 0.0 (TID 9, localhost, executor driver, partition 9, PROCESS_LOCAL, 8269 bytes)
20/02/16 02:41:20 INFO TaskSetManager: Finished task 4.0 in stage 0.0 (TID 4) in 33469 ms on localhost (executor driver) (6/35)
20/02/16 02:41:20 INFO Executor: Running task 9.0 in stage 0.0 (TID 9)
20/02/16 02:41:20 INFO FileScanRDD: Reading File path: file:///edw/Reviews/SourceCode/data/asin_reviews.json, range: 1207959552-1342177280, partition values: [empty row]
20/02/16 02:41:21 INFO Executor: Finished task 6.0 in stage 0.0 (TID 6). 2264 bytes result sent to driver
20/02/16 02:41:21 INFO TaskSetManager: Starting task 10.0 in stage 0.0 (TID 10, localhost, executor driver, partition 10, PROCESS_LOCAL, 8269 bytes)
20/02/16 02:41:21 INFO Executor: Running task 10.0 in stage 0.0 (TID 10)
20/02/16 02:41:21 INFO TaskSetManager: Finished task 6.0 in stage 0.0 (TID 6) in 29432 ms on localhost (executor driver) (7/35)
20/02/16 02:41:21 INFO FileScanRDD: Reading File path: file:///edw/Reviews/SourceCode/data/asin_reviews.json, range: 1342177280-1476395008, partition values: [empty row]
20/02/16 02:41:37 INFO Executor: Finished task 7.0 in stage 0.0 (TID 7). 2264 bytes result sent to driver
20/02/16 02:41:37 INFO TaskSetManager: Starting task 11.0 in stage 0.0 (TID 11, localhost, executor driver, partition 11, PROCESS_LOCAL, 8269 bytes)
20/02/16 02:41:37 INFO Executor: Running task 11.0 in stage 0.0 (TID 11)
20/02/16 02:41:37 INFO TaskSetManager: Finished task 7.0 in stage 0.0 (TID 7) in 36108 ms on localhost (executor driver) (8/35)
20/02/16 02:41:37 INFO FileScanRDD: Reading File path: file:///edw/Reviews/SourceCode/data/asin_reviews.json, range: 1476395008-1610612736, partition values: [empty row]
20/02/16 02:41:50 INFO Executor: Finished task 8.0 in stage 0.0 (TID 8). 2264 bytes result sent to driver
20/02/16 02:41:50 INFO TaskSetManager: Starting task 12.0 in stage 0.0 (TID 12, localhost, executor driver, partition 12, PROCESS_LOCAL, 8269 bytes)
20/02/16 02:41:50 INFO TaskSetManager: Finished task 8.0 in stage 0.0 (TID 8) in 34353 ms on localhost (executor driver) (9/35)
20/02/16 02:41:50 INFO Executor: Running task 12.0 in stage 0.0 (TID 12)
20/02/16 02:41:50 INFO FileScanRDD: Reading File path: file:///edw/Reviews/SourceCode/data/asin_reviews.json, range: 1610612736-1744830464, partition values: [empty row]
20/02/16 02:41:50 INFO Executor: Finished task 10.0 in stage 0.0 (TID 10). 2264 bytes result sent to driver
20/02/16 02:41:50 INFO TaskSetManager: Starting task 13.0 in stage 0.0 (TID 13, localhost, executor driver, partition 13, PROCESS_LOCAL, 8269 bytes)
20/02/16 02:41:50 INFO Executor: Running task 13.0 in stage 0.0 (TID 13)
20/02/16 02:41:50 INFO TaskSetManager: Finished task 10.0 in stage 0.0 (TID 10) in 29269 ms on localhost (executor driver) (10/35)
20/02/16 02:41:50 INFO FileScanRDD: Reading File path: file:///edw/Reviews/SourceCode/data/asin_reviews.json, range: 1744830464-1879048192, partition values: [empty row]
20/02/16 02:41:56 INFO Executor: Finished task 9.0 in stage 0.0 (TID 9). 2264 bytes result sent to driver
20/02/16 02:41:56 INFO TaskSetManager: Starting task 14.0 in stage 0.0 (TID 14, localhost, executor driver, partition 14, PROCESS_LOCAL, 8269 bytes)
20/02/16 02:41:56 INFO TaskSetManager: Finished task 9.0 in stage 0.0 (TID 9) in 36304 ms on localhost (executor driver) (11/35)
20/02/16 02:41:56 INFO Executor: Running task 14.0 in stage 0.0 (TID 14)
20/02/16 02:41:56 INFO FileScanRDD: Reading File path: file:///edw/Reviews/SourceCode/data/asin_reviews.json, range: 1879048192-2013265920, partition values: [empty row]
20/02/16 02:42:03 INFO Executor: Finished task 11.0 in stage 0.0 (TID 11). 2350 bytes result sent to driver
20/02/16 02:42:03 INFO TaskSetManager: Starting task 15.0 in stage 0.0 (TID 15, localhost, executor driver, partition 15, PROCESS_LOCAL, 8269 bytes)
20/02/16 02:42:03 INFO TaskSetManager: Finished task 11.0 in stage 0.0 (TID 11) in 25599 ms on localhost (executor driver) (12/35)
20/02/16 02:42:03 INFO Executor: Running task 15.0 in stage 0.0 (TID 15)
20/02/16 02:42:03 INFO FileScanRDD: Reading File path: file:///edw/Reviews/SourceCode/data/asin_reviews.json, range: 2013265920-2147483648, partition values: [empty row]
20/02/16 02:42:27 INFO Executor: Finished task 12.0 in stage 0.0 (TID 12). 2307 bytes result sent to driver
20/02/16 02:42:27 INFO TaskSetManager: Starting task 16.0 in stage 0.0 (TID 16, localhost, executor driver, partition 16, PROCESS_LOCAL, 8269 bytes)
20/02/16 02:42:27 INFO TaskSetManager: Finished task 12.0 in stage 0.0 (TID 12) in 36839 ms on localhost (executor driver) (13/35)
20/02/16 02:42:27 INFO Executor: Running task 16.0 in stage 0.0 (TID 16)
20/02/16 02:42:27 INFO FileScanRDD: Reading File path: file:///edw/Reviews/SourceCode/data/asin_reviews.json, range: 2147483648-2281701376, partition values: [empty row]
20/02/16 02:42:32 INFO Executor: Finished task 13.0 in stage 0.0 (TID 13). 2264 bytes result sent to driver
20/02/16 02:42:32 INFO TaskSetManager: Starting task 17.0 in stage 0.0 (TID 17, localhost, executor driver, partition 17, PROCESS_LOCAL, 8269 bytes)
20/02/16 02:42:32 INFO TaskSetManager: Finished task 13.0 in stage 0.0 (TID 13) in 41167 ms on localhost (executor driver) (14/35)
20/02/16 02:42:32 INFO Executor: Running task 17.0 in stage 0.0 (TID 17)
20/02/16 02:42:32 INFO FileScanRDD: Reading File path: file:///edw/Reviews/SourceCode/data/asin_reviews.json, range: 2281701376-2415919104, partition values: [empty row]
20/02/16 02:42:37 INFO Executor: Finished task 14.0 in stage 0.0 (TID 14). 2264 bytes result sent to driver
20/02/16 02:42:37 INFO TaskSetManager: Starting task 18.0 in stage 0.0 (TID 18, localhost, executor driver, partition 18, PROCESS_LOCAL, 8269 bytes)
20/02/16 02:42:37 INFO Executor: Finished task 15.0 in stage 0.0 (TID 15). 2307 bytes result sent to driver
20/02/16 02:42:37 INFO TaskSetManager: Finished task 14.0 in stage 0.0 (TID 14) in 40368 ms on localhost (executor driver) (15/35)
20/02/16 02:42:37 INFO Executor: Running task 18.0 in stage 0.0 (TID 18)
20/02/16 02:42:37 INFO TaskSetManager: Starting task 19.0 in stage 0.0 (TID 19, localhost, executor driver, partition 19, PROCESS_LOCAL, 8269 bytes)
20/02/16 02:42:37 INFO Executor: Running task 19.0 in stage 0.0 (TID 19)
20/02/16 02:42:37 INFO FileScanRDD: Reading File path: file:///edw/Reviews/SourceCode/data/asin_reviews.json, range: 2415919104-2550136832, partition values: [empty row]
20/02/16 02:42:37 INFO TaskSetManager: Finished task 15.0 in stage 0.0 (TID 15) in 33996 ms on localhost (executor driver) (16/35)
20/02/16 02:42:37 INFO FileScanRDD: Reading File path: file:///edw/Reviews/SourceCode/data/asin_reviews.json, range: 2550136832-2684354560, partition values: [empty row]
20/02/16 02:43:06 INFO Executor: Finished task 16.0 in stage 0.0 (TID 16). 2307 bytes result sent to driver
20/02/16 02:43:06 INFO TaskSetManager: Starting task 20.0 in stage 0.0 (TID 20, localhost, executor driver, partition 20, PROCESS_LOCAL, 8269 bytes)
20/02/16 02:43:06 INFO Executor: Running task 20.0 in stage 0.0 (TID 20)
20/02/16 02:43:06 INFO TaskSetManager: Finished task 16.0 in stage 0.0 (TID 16) in 39761 ms on localhost (executor driver) (17/35)
20/02/16 02:43:06 INFO FileScanRDD: Reading File path: file:///edw/Reviews/SourceCode/data/asin_reviews.json, range: 2684354560-2818572288, partition values: [empty row]
20/02/16 02:43:07 INFO Executor: Finished task 18.0 in stage 0.0 (TID 18). 2264 bytes result sent to driver
20/02/16 02:43:07 INFO TaskSetManager: Starting task 21.0 in stage 0.0 (TID 21, localhost, executor driver, partition 21, PROCESS_LOCAL, 8269 bytes)
20/02/16 02:43:07 INFO TaskSetManager: Finished task 18.0 in stage 0.0 (TID 18) in 30456 ms on localhost (executor driver) (18/35)
20/02/16 02:43:07 INFO Executor: Running task 21.0 in stage 0.0 (TID 21)
20/02/16 02:43:07 INFO FileScanRDD: Reading File path: file:///edw/Reviews/SourceCode/data/asin_reviews.json, range: 2818572288-2952790016, partition values: [empty row]
20/02/16 02:43:10 INFO Executor: Finished task 19.0 in stage 0.0 (TID 19). 2307 bytes result sent to driver
20/02/16 02:43:10 INFO TaskSetManager: Starting task 22.0 in stage 0.0 (TID 22, localhost, executor driver, partition 22, PROCESS_LOCAL, 8269 bytes)
20/02/16 02:43:10 INFO TaskSetManager: Finished task 19.0 in stage 0.0 (TID 19) in 32962 ms on localhost (executor driver) (19/35)
20/02/16 02:43:10 INFO Executor: Running task 22.0 in stage 0.0 (TID 22)
20/02/16 02:43:10 INFO FileScanRDD: Reading File path: file:///edw/Reviews/SourceCode/data/asin_reviews.json, range: 2952790016-3087007744, partition values: [empty row]
20/02/16 02:43:10 INFO Executor: Finished task 17.0 in stage 0.0 (TID 17). 2264 bytes result sent to driver
20/02/16 02:43:10 INFO TaskSetManager: Starting task 23.0 in stage 0.0 (TID 23, localhost, executor driver, partition 23, PROCESS_LOCAL, 8269 bytes)
20/02/16 02:43:10 INFO TaskSetManager: Finished task 17.0 in stage 0.0 (TID 17) in 38562 ms on localhost (executor driver) (20/35)
20/02/16 02:43:10 INFO Executor: Running task 23.0 in stage 0.0 (TID 23)
20/02/16 02:43:10 INFO FileScanRDD: Reading File path: file:///edw/Reviews/SourceCode/data/asin_reviews.json, range: 3087007744-3221225472, partition values: [empty row]
20/02/16 02:43:38 INFO Executor: Finished task 20.0 in stage 0.0 (TID 20). 2350 bytes result sent to driver
20/02/16 02:43:38 INFO TaskSetManager: Starting task 24.0 in stage 0.0 (TID 24, localhost, executor driver, partition 24, PROCESS_LOCAL, 8269 bytes)
20/02/16 02:43:38 INFO Executor: Running task 24.0 in stage 0.0 (TID 24)
20/02/16 02:43:38 INFO TaskSetManager: Finished task 20.0 in stage 0.0 (TID 20) in 31303 ms on localhost (executor driver) (21/35)
20/02/16 02:43:38 INFO FileScanRDD: Reading File path: file:///edw/Reviews/SourceCode/data/asin_reviews.json, range: 3221225472-3355443200, partition values: [empty row]
20/02/16 02:43:44 INFO Executor: Finished task 22.0 in stage 0.0 (TID 22). 2264 bytes result sent to driver
20/02/16 02:43:44 INFO TaskSetManager: Starting task 25.0 in stage 0.0 (TID 25, localhost, executor driver, partition 25, PROCESS_LOCAL, 8269 bytes)
20/02/16 02:43:44 INFO Executor: Running task 25.0 in stage 0.0 (TID 25)
20/02/16 02:43:44 INFO TaskSetManager: Finished task 22.0 in stage 0.0 (TID 22) in 34625 ms on localhost (executor driver) (22/35)
20/02/16 02:43:44 INFO FileScanRDD: Reading File path: file:///edw/Reviews/SourceCode/data/asin_reviews.json, range: 3355443200-3489660928, partition values: [empty row]
20/02/16 02:43:45 INFO Executor: Finished task 23.0 in stage 0.0 (TID 23). 2307 bytes result sent to driver
20/02/16 02:43:45 INFO TaskSetManager: Starting task 26.0 in stage 0.0 (TID 26, localhost, executor driver, partition 26, PROCESS_LOCAL, 8269 bytes)
20/02/16 02:43:45 INFO Executor: Running task 26.0 in stage 0.0 (TID 26)
20/02/16 02:43:45 INFO TaskSetManager: Finished task 23.0 in stage 0.0 (TID 23) in 34497 ms on localhost (executor driver) (23/35)
20/02/16 02:43:45 INFO FileScanRDD: Reading File path: file:///edw/Reviews/SourceCode/data/asin_reviews.json, range: 3489660928-3623878656, partition values: [empty row]
20/02/16 02:43:50 INFO Executor: Finished task 21.0 in stage 0.0 (TID 21). 2307 bytes result sent to driver
20/02/16 02:43:50 INFO TaskSetManager: Starting task 27.0 in stage 0.0 (TID 27, localhost, executor driver, partition 27, PROCESS_LOCAL, 8269 bytes)
20/02/16 02:43:50 INFO TaskSetManager: Finished task 21.0 in stage 0.0 (TID 21) in 42372 ms on localhost (executor driver) (24/35)
20/02/16 02:43:50 INFO Executor: Running task 27.0 in stage 0.0 (TID 27)
20/02/16 02:43:50 INFO FileScanRDD: Reading File path: file:///edw/Reviews/SourceCode/data/asin_reviews.json, range: 3623878656-3758096384, partition values: [empty row]
20/02/16 02:44:16 INFO Executor: Finished task 24.0 in stage 0.0 (TID 24). 2264 bytes result sent to driver
20/02/16 02:44:16 INFO TaskSetManager: Starting task 28.0 in stage 0.0 (TID 28, localhost, executor driver, partition 28, PROCESS_LOCAL, 8269 bytes)
20/02/16 02:44:16 INFO Executor: Running task 28.0 in stage 0.0 (TID 28)
20/02/16 02:44:16 INFO TaskSetManager: Finished task 24.0 in stage 0.0 (TID 24) in 38189 ms on localhost (executor driver) (25/35)
20/02/16 02:44:16 INFO FileScanRDD: Reading File path: file:///edw/Reviews/SourceCode/data/asin_reviews.json, range: 3758096384-3892314112, partition values: [empty row]
20/02/16 02:44:21 INFO Executor: Finished task 26.0 in stage 0.0 (TID 26). 2264 bytes result sent to driver
20/02/16 02:44:21 INFO TaskSetManager: Starting task 29.0 in stage 0.0 (TID 29, localhost, executor driver, partition 29, PROCESS_LOCAL, 8269 bytes)
20/02/16 02:44:21 INFO TaskSetManager: Finished task 26.0 in stage 0.0 (TID 26) in 36047 ms on localhost (executor driver) (26/35)
20/02/16 02:44:21 INFO Executor: Running task 29.0 in stage 0.0 (TID 29)
20/02/16 02:44:21 INFO FileScanRDD: Reading File path: file:///edw/Reviews/SourceCode/data/asin_reviews.json, range: 3892314112-4026531840, partition values: [empty row]
20/02/16 02:44:26 INFO Executor: Finished task 25.0 in stage 0.0 (TID 25). 2264 bytes result sent to driver
20/02/16 02:44:26 INFO TaskSetManager: Starting task 30.0 in stage 0.0 (TID 30, localhost, executor driver, partition 30, PROCESS_LOCAL, 8269 bytes)
20/02/16 02:44:26 INFO Executor: Running task 30.0 in stage 0.0 (TID 30)
20/02/16 02:44:26 INFO TaskSetManager: Finished task 25.0 in stage 0.0 (TID 25) in 41877 ms on localhost (executor driver) (27/35)
20/02/16 02:44:26 INFO FileScanRDD: Reading File path: file:///edw/Reviews/SourceCode/data/asin_reviews.json, range: 4026531840-4160749568, partition values: [empty row]
20/02/16 02:44:31 INFO Executor: Finished task 27.0 in stage 0.0 (TID 27). 2264 bytes result sent to driver
20/02/16 02:44:31 INFO TaskSetManager: Starting task 31.0 in stage 0.0 (TID 31, localhost, executor driver, partition 31, PROCESS_LOCAL, 8269 bytes)
20/02/16 02:44:31 INFO TaskSetManager: Finished task 27.0 in stage 0.0 (TID 27) in 41071 ms on localhost (executor driver) (28/35)
20/02/16 02:44:31 INFO Executor: Running task 31.0 in stage 0.0 (TID 31)
20/02/16 02:44:31 INFO FileScanRDD: Reading File path: file:///edw/Reviews/SourceCode/data/asin_reviews.json, range: 4160749568-4294967296, partition values: [empty row]
20/02/16 02:44:51 INFO Executor: Finished task 29.0 in stage 0.0 (TID 29). 2264 bytes result sent to driver
20/02/16 02:44:51 INFO TaskSetManager: Starting task 32.0 in stage 0.0 (TID 32, localhost, executor driver, partition 32, PROCESS_LOCAL, 8269 bytes)
20/02/16 02:44:51 INFO Executor: Running task 32.0 in stage 0.0 (TID 32)
20/02/16 02:44:51 INFO TaskSetManager: Finished task 29.0 in stage 0.0 (TID 29) in 30003 ms on localhost (executor driver) (29/35)
20/02/16 02:44:51 INFO FileScanRDD: Reading File path: file:///edw/Reviews/SourceCode/data/asin_reviews.json, range: 4294967296-4429185024, partition values: [empty row]
20/02/16 02:44:51 INFO Executor: Finished task 28.0 in stage 0.0 (TID 28). 2264 bytes result sent to driver
20/02/16 02:44:51 INFO TaskSetManager: Starting task 33.0 in stage 0.0 (TID 33, localhost, executor driver, partition 33, PROCESS_LOCAL, 8269 bytes)
20/02/16 02:44:51 INFO Executor: Running task 33.0 in stage 0.0 (TID 33)
20/02/16 02:44:51 INFO TaskSetManager: Finished task 28.0 in stage 0.0 (TID 28) in 35301 ms on localhost (executor driver) (30/35)
20/02/16 02:44:51 INFO FileScanRDD: Reading File path: file:///edw/Reviews/SourceCode/data/asin_reviews.json, range: 4429185024-4563402752, partition values: [empty row]
20/02/16 02:44:53 INFO Executor: Finished task 30.0 in stage 0.0 (TID 30). 2350 bytes result sent to driver
20/02/16 02:44:53 INFO TaskSetManager: Starting task 34.0 in stage 0.0 (TID 34, localhost, executor driver, partition 34, PROCESS_LOCAL, 8269 bytes)
20/02/16 02:44:53 INFO TaskSetManager: Finished task 30.0 in stage 0.0 (TID 30) in 27062 ms on localhost (executor driver) (31/35)
20/02/16 02:44:53 INFO Executor: Running task 34.0 in stage 0.0 (TID 34)
20/02/16 02:44:53 INFO FileScanRDD: Reading File path: file:///edw/Reviews/SourceCode/data/asin_reviews.json, range: 4563402752-4615290316, partition values: [empty row]
20/02/16 02:45:03 INFO Executor: Finished task 34.0 in stage 0.0 (TID 34). 2264 bytes result sent to driver
20/02/16 02:45:04 INFO TaskSetManager: Finished task 34.0 in stage 0.0 (TID 34) in 10619 ms on localhost (executor driver) (32/35)
20/02/16 02:45:14 INFO Executor: Finished task 31.0 in stage 0.0 (TID 31). 2264 bytes result sent to driver
20/02/16 02:45:14 INFO TaskSetManager: Finished task 31.0 in stage 0.0 (TID 31) in 43044 ms on localhost (executor driver) (33/35)
20/02/16 02:45:18 INFO Executor: Finished task 33.0 in stage 0.0 (TID 33). 2307 bytes result sent to driver
20/02/16 02:45:18 INFO TaskSetManager: Finished task 33.0 in stage 0.0 (TID 33) in 26870 ms on localhost (executor driver) (34/35)
20/02/16 02:45:19 INFO Executor: Finished task 32.0 in stage 0.0 (TID 32). 2264 bytes result sent to driver
20/02/16 02:45:19 INFO TaskSetManager: Finished task 32.0 in stage 0.0 (TID 32) in 28502 ms on localhost (executor driver) (35/35)
20/02/16 02:45:19 INFO DAGScheduler: ResultStage 0 (json at NativeMethodAccessorImpl.java:0) finished in 299.075 s
20/02/16 02:45:19 INFO TaskSchedulerImpl: Removed TaskSet 0.0, whose tasks have all completed, from pool 
20/02/16 02:45:19 INFO DAGScheduler: Job 0 finished: json at NativeMethodAccessorImpl.java:0, took 299.450694 s
20/02/16 02:45:23 INFO FileSourceStrategy: Pruning directories with: 
20/02/16 02:45:23 INFO FileSourceStrategy: Post-Scan Filters: 
20/02/16 02:45:23 INFO FileSourceStrategy: Output Data Schema: struct<asin: string, overall: double, reviewerID: string, reviewerName: string, unixReviewTime: bigint ... 3 more fields>
20/02/16 02:45:23 INFO FileSourceScanExec: Pushed Filters: 
20/02/16 02:45:23 INFO CodeGenerator: Code generated in 60.4563 ms
20/02/16 02:45:23 INFO MemoryStore: Block broadcast_2 stored as values in memory (estimated size 282.9 KB, free 365.7 MB)
20/02/16 02:45:23 INFO MemoryStore: Block broadcast_2_piece0 stored as bytes in memory (estimated size 23.3 KB, free 365.7 MB)
20/02/16 02:45:23 INFO BlockManagerInfo: Added broadcast_2_piece0 in memory on 192.168.1.25:11116 (size: 23.3 KB, free: 366.2 MB)
20/02/16 02:45:23 INFO SparkContext: Created broadcast 2 from jdbc at NativeMethodAccessorImpl.java:0
20/02/16 02:45:23 INFO FileSourceScanExec: Planning scan with bin packing, max size: 134217728 bytes, open cost is considered as scanning 4194304 bytes.
20/02/16 02:45:23 INFO SparkContext: Starting job: jdbc at NativeMethodAccessorImpl.java:0
20/02/16 02:45:23 INFO DAGScheduler: Got job 1 (jdbc at NativeMethodAccessorImpl.java:0) with 35 output partitions
20/02/16 02:45:23 INFO DAGScheduler: Final stage: ResultStage 1 (jdbc at NativeMethodAccessorImpl.java:0)
20/02/16 02:45:23 INFO DAGScheduler: Parents of final stage: List()
20/02/16 02:45:23 INFO DAGScheduler: Missing parents: List()
20/02/16 02:45:23 INFO DAGScheduler: Submitting ResultStage 1 (MapPartitionsRDD[8] at jdbc at NativeMethodAccessorImpl.java:0), which has no missing parents
20/02/16 02:45:23 INFO MemoryStore: Block broadcast_3 stored as values in memory (estimated size 64.3 KB, free 365.6 MB)
20/02/16 02:45:23 INFO MemoryStore: Block broadcast_3_piece0 stored as bytes in memory (estimated size 29.5 KB, free 365.6 MB)
20/02/16 02:45:23 INFO BlockManagerInfo: Added broadcast_3_piece0 in memory on 192.168.1.25:11116 (size: 29.5 KB, free: 366.2 MB)
20/02/16 02:45:23 INFO SparkContext: Created broadcast 3 from broadcast at DAGScheduler.scala:1163
20/02/16 02:45:23 INFO DAGScheduler: Submitting 35 missing tasks from ResultStage 1 (MapPartitionsRDD[8] at jdbc at NativeMethodAccessorImpl.java:0) (first 15 tasks are for partitions Vector(0, 1, 2, 3, 4, 5, 6, 7, 8, 9, 10, 11, 12, 13, 14))
20/02/16 02:45:23 INFO TaskSchedulerImpl: Adding task set 1.0 with 35 tasks
20/02/16 02:45:23 INFO TaskSetManager: Starting task 0.0 in stage 1.0 (TID 35, localhost, executor driver, partition 0, PROCESS_LOCAL, 8269 bytes)
20/02/16 02:45:23 INFO TaskSetManager: Starting task 1.0 in stage 1.0 (TID 36, localhost, executor driver, partition 1, PROCESS_LOCAL, 8269 bytes)
20/02/16 02:45:23 INFO TaskSetManager: Starting task 2.0 in stage 1.0 (TID 37, localhost, executor driver, partition 2, PROCESS_LOCAL, 8269 bytes)
20/02/16 02:45:23 INFO TaskSetManager: Starting task 3.0 in stage 1.0 (TID 38, localhost, executor driver, partition 3, PROCESS_LOCAL, 8269 bytes)
20/02/16 02:45:23 INFO Executor: Running task 2.0 in stage 1.0 (TID 37)
20/02/16 02:45:23 INFO Executor: Running task 3.0 in stage 1.0 (TID 38)
20/02/16 02:45:23 INFO Executor: Running task 0.0 in stage 1.0 (TID 35)
20/02/16 02:45:23 INFO Executor: Running task 1.0 in stage 1.0 (TID 36)
20/02/16 02:45:23 INFO CodeGenerator: Code generated in 37.3201 ms
20/02/16 02:45:24 INFO FileScanRDD: Reading File path: file:///edw/Reviews/SourceCode/data/asin_reviews.json, range: 134217728-268435456, partition values: [empty row]
20/02/16 02:45:24 INFO FileScanRDD: Reading File path: file:///edw/Reviews/SourceCode/data/asin_reviews.json, range: 268435456-402653184, partition values: [empty row]
20/02/16 02:45:24 INFO FileScanRDD: Reading File path: file:///edw/Reviews/SourceCode/data/asin_reviews.json, range: 402653184-536870912, partition values: [empty row]
20/02/16 02:45:24 INFO CodeGenerator: Code generated in 19.2895 ms
20/02/16 02:45:24 INFO FileScanRDD: Reading File path: file:///edw/Reviews/SourceCode/data/asin_reviews.json, range: 0-134217728, partition values: [empty row]
20/02/16 02:45:55 INFO Executor: Finished task 2.0 in stage 1.0 (TID 37). 1480 bytes result sent to driver
20/02/16 02:45:55 INFO TaskSetManager: Starting task 4.0 in stage 1.0 (TID 39, localhost, executor driver, partition 4, PROCESS_LOCAL, 8269 bytes)
20/02/16 02:45:55 INFO Executor: Running task 4.0 in stage 1.0 (TID 39)
20/02/16 02:45:55 INFO TaskSetManager: Finished task 2.0 in stage 1.0 (TID 37) in 32191 ms on localhost (executor driver) (1/35)
20/02/16 02:45:57 INFO FileScanRDD: Reading File path: file:///edw/Reviews/SourceCode/data/asin_reviews.json, range: 536870912-671088640, partition values: [empty row]
20/02/16 02:45:58 INFO Executor: Finished task 1.0 in stage 1.0 (TID 36). 1394 bytes result sent to driver
20/02/16 02:45:58 INFO TaskSetManager: Starting task 5.0 in stage 1.0 (TID 40, localhost, executor driver, partition 5, PROCESS_LOCAL, 8269 bytes)
20/02/16 02:45:58 INFO TaskSetManager: Finished task 1.0 in stage 1.0 (TID 36) in 34505 ms on localhost (executor driver) (2/35)
20/02/16 02:45:58 INFO Executor: Running task 5.0 in stage 1.0 (TID 40)
20/02/16 02:45:58 INFO FileScanRDD: Reading File path: file:///edw/Reviews/SourceCode/data/asin_reviews.json, range: 671088640-805306368, partition values: [empty row]
20/02/16 02:45:58 INFO Executor: Finished task 3.0 in stage 1.0 (TID 38). 1437 bytes result sent to driver
20/02/16 02:45:58 INFO TaskSetManager: Starting task 6.0 in stage 1.0 (TID 41, localhost, executor driver, partition 6, PROCESS_LOCAL, 8269 bytes)
20/02/16 02:45:58 INFO TaskSetManager: Finished task 3.0 in stage 1.0 (TID 38) in 35037 ms on localhost (executor driver) (3/35)
20/02/16 02:45:58 INFO Executor: Running task 6.0 in stage 1.0 (TID 41)
20/02/16 02:45:58 INFO FileScanRDD: Reading File path: file:///edw/Reviews/SourceCode/data/asin_reviews.json, range: 805306368-939524096, partition values: [empty row]
20/02/16 02:46:02 INFO Executor: Finished task 0.0 in stage 1.0 (TID 35). 1394 bytes result sent to driver
20/02/16 02:46:02 INFO TaskSetManager: Starting task 7.0 in stage 1.0 (TID 42, localhost, executor driver, partition 7, PROCESS_LOCAL, 8269 bytes)
20/02/16 02:46:02 INFO TaskSetManager: Finished task 0.0 in stage 1.0 (TID 35) in 39374 ms on localhost (executor driver) (4/35)
20/02/16 02:46:02 INFO Executor: Running task 7.0 in stage 1.0 (TID 42)
20/02/16 02:46:04 INFO FileScanRDD: Reading File path: file:///edw/Reviews/SourceCode/data/asin_reviews.json, range: 939524096-1073741824, partition values: [empty row]
20/02/16 02:46:30 INFO Executor: Finished task 6.0 in stage 1.0 (TID 41). 1437 bytes result sent to driver
20/02/16 02:46:30 INFO TaskSetManager: Starting task 8.0 in stage 1.0 (TID 43, localhost, executor driver, partition 8, PROCESS_LOCAL, 8269 bytes)
20/02/16 02:46:30 INFO Executor: Running task 8.0 in stage 1.0 (TID 43)
20/02/16 02:46:30 INFO TaskSetManager: Finished task 6.0 in stage 1.0 (TID 41) in 31835 ms on localhost (executor driver) (5/35)
20/02/16 02:46:31 INFO FileScanRDD: Reading File path: file:///edw/Reviews/SourceCode/data/asin_reviews.json, range: 1073741824-1207959552, partition values: [empty row]
20/02/16 02:46:31 INFO Executor: Finished task 4.0 in stage 1.0 (TID 39). 1394 bytes result sent to driver
20/02/16 02:46:31 INFO TaskSetManager: Starting task 9.0 in stage 1.0 (TID 44, localhost, executor driver, partition 9, PROCESS_LOCAL, 8269 bytes)
20/02/16 02:46:31 INFO TaskSetManager: Finished task 4.0 in stage 1.0 (TID 39) in 35455 ms on localhost (executor driver) (6/35)
20/02/16 02:46:31 INFO Executor: Running task 9.0 in stage 1.0 (TID 44)
20/02/16 02:46:31 INFO FileScanRDD: Reading File path: file:///edw/Reviews/SourceCode/data/asin_reviews.json, range: 1207959552-1342177280, partition values: [empty row]
20/02/16 02:46:32 INFO Executor: Finished task 5.0 in stage 1.0 (TID 40). 1394 bytes result sent to driver
20/02/16 02:46:32 INFO TaskSetManager: Starting task 10.0 in stage 1.0 (TID 45, localhost, executor driver, partition 10, PROCESS_LOCAL, 8269 bytes)
20/02/16 02:46:32 INFO TaskSetManager: Finished task 5.0 in stage 1.0 (TID 40) in 34151 ms on localhost (executor driver) (7/35)
20/02/16 02:46:32 INFO Executor: Running task 10.0 in stage 1.0 (TID 45)
20/02/16 02:46:32 INFO FileScanRDD: Reading File path: file:///edw/Reviews/SourceCode/data/asin_reviews.json, range: 1342177280-1476395008, partition values: [empty row]
20/02/16 02:46:39 INFO Executor: Finished task 7.0 in stage 1.0 (TID 42). 1394 bytes result sent to driver
20/02/16 02:46:39 INFO TaskSetManager: Starting task 11.0 in stage 1.0 (TID 46, localhost, executor driver, partition 11, PROCESS_LOCAL, 8269 bytes)
20/02/16 02:46:39 INFO Executor: Running task 11.0 in stage 1.0 (TID 46)
20/02/16 02:46:39 INFO TaskSetManager: Finished task 7.0 in stage 1.0 (TID 42) in 36516 ms on localhost (executor driver) (8/35)
20/02/16 02:46:39 INFO FileScanRDD: Reading File path: file:///edw/Reviews/SourceCode/data/asin_reviews.json, range: 1476395008-1610612736, partition values: [empty row]
20/02/16 02:47:10 INFO Executor: Finished task 10.0 in stage 1.0 (TID 45). 1437 bytes result sent to driver
20/02/16 02:47:10 INFO TaskSetManager: Starting task 12.0 in stage 1.0 (TID 47, localhost, executor driver, partition 12, PROCESS_LOCAL, 8269 bytes)
20/02/16 02:47:10 INFO TaskSetManager: Finished task 10.0 in stage 1.0 (TID 45) in 38365 ms on localhost (executor driver) (9/35)
20/02/16 02:47:10 INFO Executor: Running task 12.0 in stage 1.0 (TID 47)
20/02/16 02:47:10 INFO Executor: Finished task 9.0 in stage 1.0 (TID 44). 1437 bytes result sent to driver
20/02/16 02:47:10 INFO TaskSetManager: Starting task 13.0 in stage 1.0 (TID 48, localhost, executor driver, partition 13, PROCESS_LOCAL, 8269 bytes)
20/02/16 02:47:10 INFO TaskSetManager: Finished task 9.0 in stage 1.0 (TID 44) in 39436 ms on localhost (executor driver) (10/35)
20/02/16 02:47:10 INFO Executor: Running task 13.0 in stage 1.0 (TID 48)
20/02/16 02:47:11 INFO Executor: Finished task 8.0 in stage 1.0 (TID 43). 1437 bytes result sent to driver
20/02/16 02:47:11 INFO TaskSetManager: Starting task 14.0 in stage 1.0 (TID 49, localhost, executor driver, partition 14, PROCESS_LOCAL, 8269 bytes)
20/02/16 02:47:11 INFO TaskSetManager: Finished task 8.0 in stage 1.0 (TID 43) in 40650 ms on localhost (executor driver) (11/35)
20/02/16 02:47:11 INFO Executor: Running task 14.0 in stage 1.0 (TID 49)
20/02/16 02:47:11 INFO FileScanRDD: Reading File path: file:///edw/Reviews/SourceCode/data/asin_reviews.json, range: 1610612736-1744830464, partition values: [empty row]
20/02/16 02:47:11 INFO FileScanRDD: Reading File path: file:///edw/Reviews/SourceCode/data/asin_reviews.json, range: 1879048192-2013265920, partition values: [empty row]
20/02/16 02:47:11 INFO FileScanRDD: Reading File path: file:///edw/Reviews/SourceCode/data/asin_reviews.json, range: 1744830464-1879048192, partition values: [empty row]
20/02/16 02:47:14 INFO Executor: Finished task 11.0 in stage 1.0 (TID 46). 1394 bytes result sent to driver
20/02/16 02:47:14 INFO TaskSetManager: Starting task 15.0 in stage 1.0 (TID 50, localhost, executor driver, partition 15, PROCESS_LOCAL, 8269 bytes)
20/02/16 02:47:14 INFO TaskSetManager: Finished task 11.0 in stage 1.0 (TID 46) in 35122 ms on localhost (executor driver) (12/35)
20/02/16 02:47:14 INFO Executor: Running task 15.0 in stage 1.0 (TID 50)
20/02/16 02:47:14 INFO FileScanRDD: Reading File path: file:///edw/Reviews/SourceCode/data/asin_reviews.json, range: 2013265920-2147483648, partition values: [empty row]
20/02/16 02:48:45 INFO Executor: Finished task 12.0 in stage 1.0 (TID 47). 1394 bytes result sent to driver
20/02/16 02:48:45 INFO TaskSetManager: Starting task 16.0 in stage 1.0 (TID 51, localhost, executor driver, partition 16, PROCESS_LOCAL, 8269 bytes)
20/02/16 02:48:45 INFO TaskSetManager: Finished task 12.0 in stage 1.0 (TID 47) in 94865 ms on localhost (executor driver) (13/35)
20/02/16 02:48:45 INFO Executor: Running task 16.0 in stage 1.0 (TID 51)
20/02/16 02:48:50 INFO FileScanRDD: Reading File path: file:///edw/Reviews/SourceCode/data/asin_reviews.json, range: 2147483648-2281701376, partition values: [empty row]
20/02/16 02:48:55 INFO Executor: Finished task 13.0 in stage 1.0 (TID 48). 1394 bytes result sent to driver
20/02/16 02:48:55 INFO TaskSetManager: Starting task 17.0 in stage 1.0 (TID 52, localhost, executor driver, partition 17, PROCESS_LOCAL, 8269 bytes)
20/02/16 02:48:55 INFO Executor: Running task 17.0 in stage 1.0 (TID 52)
20/02/16 02:48:55 INFO TaskSetManager: Finished task 13.0 in stage 1.0 (TID 48) in 104858 ms on localhost (executor driver) (14/35)
20/02/16 02:48:57 INFO FileScanRDD: Reading File path: file:///edw/Reviews/SourceCode/data/asin_reviews.json, range: 2281701376-2415919104, partition values: [empty row]
20/02/16 02:48:58 INFO Executor: Finished task 14.0 in stage 1.0 (TID 49). 1394 bytes result sent to driver
20/02/16 02:48:58 INFO TaskSetManager: Starting task 18.0 in stage 1.0 (TID 53, localhost, executor driver, partition 18, PROCESS_LOCAL, 8269 bytes)
20/02/16 02:48:58 INFO TaskSetManager: Finished task 14.0 in stage 1.0 (TID 49) in 107371 ms on localhost (executor driver) (15/35)
20/02/16 02:48:58 INFO Executor: Running task 18.0 in stage 1.0 (TID 53)
20/02/16 02:48:58 INFO FileScanRDD: Reading File path: file:///edw/Reviews/SourceCode/data/asin_reviews.json, range: 2415919104-2550136832, partition values: [empty row]
20/02/16 02:49:02 INFO Executor: Finished task 15.0 in stage 1.0 (TID 50). 1394 bytes result sent to driver
20/02/16 02:49:02 INFO TaskSetManager: Starting task 19.0 in stage 1.0 (TID 54, localhost, executor driver, partition 19, PROCESS_LOCAL, 8269 bytes)
20/02/16 02:49:02 INFO Executor: Running task 19.0 in stage 1.0 (TID 54)
20/02/16 02:49:02 INFO TaskSetManager: Finished task 15.0 in stage 1.0 (TID 50) in 107514 ms on localhost (executor driver) (16/35)
20/02/16 02:49:02 INFO FileScanRDD: Reading File path: file:///edw/Reviews/SourceCode/data/asin_reviews.json, range: 2550136832-2684354560, partition values: [empty row]
20/02/16 02:50:17 INFO Executor: Finished task 17.0 in stage 1.0 (TID 52). 1437 bytes result sent to driver
20/02/16 02:50:17 INFO TaskSetManager: Starting task 20.0 in stage 1.0 (TID 55, localhost, executor driver, partition 20, PROCESS_LOCAL, 8269 bytes)
20/02/16 02:50:17 INFO TaskSetManager: Finished task 17.0 in stage 1.0 (TID 52) in 81832 ms on localhost (executor driver) (17/35)
20/02/16 02:50:17 INFO Executor: Running task 20.0 in stage 1.0 (TID 55)
20/02/16 02:50:19 INFO Executor: Finished task 19.0 in stage 1.0 (TID 54). 1437 bytes result sent to driver
20/02/16 02:50:19 INFO TaskSetManager: Starting task 21.0 in stage 1.0 (TID 56, localhost, executor driver, partition 21, PROCESS_LOCAL, 8269 bytes)
20/02/16 02:50:19 INFO TaskSetManager: Finished task 19.0 in stage 1.0 (TID 54) in 77371 ms on localhost (executor driver) (18/35)
20/02/16 02:50:19 INFO Executor: Running task 21.0 in stage 1.0 (TID 56)
20/02/16 02:50:20 INFO FileScanRDD: Reading File path: file:///edw/Reviews/SourceCode/data/asin_reviews.json, range: 2818572288-2952790016, partition values: [empty row]
20/02/16 02:50:21 INFO FileScanRDD: Reading File path: file:///edw/Reviews/SourceCode/data/asin_reviews.json, range: 2684354560-2818572288, partition values: [empty row]
20/02/16 02:50:22 INFO Executor: Finished task 16.0 in stage 1.0 (TID 51). 1394 bytes result sent to driver
20/02/16 02:50:22 INFO TaskSetManager: Starting task 22.0 in stage 1.0 (TID 57, localhost, executor driver, partition 22, PROCESS_LOCAL, 8269 bytes)
20/02/16 02:50:22 INFO TaskSetManager: Finished task 16.0 in stage 1.0 (TID 51) in 97235 ms on localhost (executor driver) (19/35)
20/02/16 02:50:22 INFO Executor: Running task 22.0 in stage 1.0 (TID 57)
20/02/16 02:50:22 INFO FileScanRDD: Reading File path: file:///edw/Reviews/SourceCode/data/asin_reviews.json, range: 2952790016-3087007744, partition values: [empty row]
20/02/16 02:50:23 INFO Executor: Finished task 18.0 in stage 1.0 (TID 53). 1394 bytes result sent to driver
20/02/16 02:50:23 INFO TaskSetManager: Starting task 23.0 in stage 1.0 (TID 58, localhost, executor driver, partition 23, PROCESS_LOCAL, 8269 bytes)
20/02/16 02:50:23 INFO TaskSetManager: Finished task 18.0 in stage 1.0 (TID 53) in 85193 ms on localhost (executor driver) (20/35)
20/02/16 02:50:23 INFO Executor: Running task 23.0 in stage 1.0 (TID 58)
20/02/16 02:50:24 INFO FileScanRDD: Reading File path: file:///edw/Reviews/SourceCode/data/asin_reviews.json, range: 3087007744-3221225472, partition values: [empty row]
20/02/16 02:52:01 INFO Executor: Finished task 21.0 in stage 1.0 (TID 56). 1394 bytes result sent to driver
20/02/16 02:52:01 INFO TaskSetManager: Starting task 24.0 in stage 1.0 (TID 59, localhost, executor driver, partition 24, PROCESS_LOCAL, 8269 bytes)
20/02/16 02:52:01 INFO TaskSetManager: Finished task 21.0 in stage 1.0 (TID 56) in 102030 ms on localhost (executor driver) (21/35)
20/02/16 02:52:01 INFO Executor: Running task 24.0 in stage 1.0 (TID 59)
20/02/16 02:52:01 INFO FileScanRDD: Reading File path: file:///edw/Reviews/SourceCode/data/asin_reviews.json, range: 3221225472-3355443200, partition values: [empty row]
20/02/16 02:52:11 INFO Executor: Finished task 20.0 in stage 1.0 (TID 55). 1437 bytes result sent to driver
20/02/16 02:52:11 INFO TaskSetManager: Starting task 25.0 in stage 1.0 (TID 60, localhost, executor driver, partition 25, PROCESS_LOCAL, 8269 bytes)
20/02/16 02:52:11 INFO TaskSetManager: Finished task 20.0 in stage 1.0 (TID 55) in 113951 ms on localhost (executor driver) (22/35)
20/02/16 02:52:11 INFO Executor: Running task 25.0 in stage 1.0 (TID 60)
20/02/16 02:52:12 INFO FileScanRDD: Reading File path: file:///edw/Reviews/SourceCode/data/asin_reviews.json, range: 3355443200-3489660928, partition values: [empty row]
20/02/16 02:52:13 INFO Executor: Finished task 23.0 in stage 1.0 (TID 58). 1437 bytes result sent to driver
20/02/16 02:52:13 INFO TaskSetManager: Starting task 26.0 in stage 1.0 (TID 61, localhost, executor driver, partition 26, PROCESS_LOCAL, 8269 bytes)
20/02/16 02:52:13 INFO TaskSetManager: Finished task 23.0 in stage 1.0 (TID 58) in 109557 ms on localhost (executor driver) (23/35)
20/02/16 02:52:13 INFO Executor: Running task 26.0 in stage 1.0 (TID 61)
20/02/16 02:52:13 INFO FileScanRDD: Reading File path: file:///edw/Reviews/SourceCode/data/asin_reviews.json, range: 3489660928-3623878656, partition values: [empty row]
20/02/16 02:52:40 INFO Executor: Finished task 22.0 in stage 1.0 (TID 57). 1394 bytes result sent to driver
20/02/16 02:52:40 INFO TaskSetManager: Starting task 27.0 in stage 1.0 (TID 62, localhost, executor driver, partition 27, PROCESS_LOCAL, 8269 bytes)
20/02/16 02:52:40 INFO TaskSetManager: Finished task 22.0 in stage 1.0 (TID 57) in 138147 ms on localhost (executor driver) (24/35)
20/02/16 02:52:40 INFO Executor: Running task 27.0 in stage 1.0 (TID 62)
20/02/16 02:52:41 INFO FileScanRDD: Reading File path: file:///edw/Reviews/SourceCode/data/asin_reviews.json, range: 3623878656-3758096384, partition values: [empty row]
20/02/16 02:53:29 INFO Executor: Finished task 24.0 in stage 1.0 (TID 59). 1394 bytes result sent to driver
20/02/16 02:53:29 INFO TaskSetManager: Starting task 28.0 in stage 1.0 (TID 63, localhost, executor driver, partition 28, PROCESS_LOCAL, 8269 bytes)
20/02/16 02:53:29 INFO TaskSetManager: Finished task 24.0 in stage 1.0 (TID 59) in 87945 ms on localhost (executor driver) (25/35)
20/02/16 02:53:29 INFO Executor: Running task 28.0 in stage 1.0 (TID 63)
20/02/16 02:53:30 INFO FileScanRDD: Reading File path: file:///edw/Reviews/SourceCode/data/asin_reviews.json, range: 3758096384-3892314112, partition values: [empty row]
20/02/16 02:53:36 INFO Executor: Finished task 25.0 in stage 1.0 (TID 60). 1394 bytes result sent to driver
20/02/16 02:53:36 INFO TaskSetManager: Starting task 29.0 in stage 1.0 (TID 64, localhost, executor driver, partition 29, PROCESS_LOCAL, 8269 bytes)
20/02/16 02:53:36 INFO TaskSetManager: Finished task 25.0 in stage 1.0 (TID 60) in 85276 ms on localhost (executor driver) (26/35)
20/02/16 02:53:36 INFO Executor: Running task 29.0 in stage 1.0 (TID 64)
20/02/16 02:53:37 INFO FileScanRDD: Reading File path: file:///edw/Reviews/SourceCode/data/asin_reviews.json, range: 3892314112-4026531840, partition values: [empty row]
20/02/16 02:53:37 INFO Executor: Finished task 26.0 in stage 1.0 (TID 61). 1480 bytes result sent to driver
20/02/16 02:53:37 INFO TaskSetManager: Starting task 30.0 in stage 1.0 (TID 65, localhost, executor driver, partition 30, PROCESS_LOCAL, 8269 bytes)
20/02/16 02:53:37 INFO TaskSetManager: Finished task 26.0 in stage 1.0 (TID 61) in 84541 ms on localhost (executor driver) (27/35)
20/02/16 02:53:37 INFO Executor: Running task 30.0 in stage 1.0 (TID 65)
20/02/16 02:53:38 INFO FileScanRDD: Reading File path: file:///edw/Reviews/SourceCode/data/asin_reviews.json, range: 4026531840-4160749568, partition values: [empty row]
20/02/16 02:54:23 INFO Executor: Finished task 27.0 in stage 1.0 (TID 62). 1394 bytes result sent to driver
20/02/16 02:54:23 INFO TaskSetManager: Starting task 31.0 in stage 1.0 (TID 66, localhost, executor driver, partition 31, PROCESS_LOCAL, 8269 bytes)
20/02/16 02:54:23 INFO TaskSetManager: Finished task 27.0 in stage 1.0 (TID 62) in 102946 ms on localhost (executor driver) (28/35)
20/02/16 02:54:23 INFO Executor: Running task 31.0 in stage 1.0 (TID 66)
20/02/16 02:55:48 ERROR Executor: Exception in task 31.0 in stage 1.0 (TID 66)
org.postgresql.util.PSQLException: The connection attempt failed.
	at org.postgresql.core.v3.ConnectionFactoryImpl.openConnectionImpl(ConnectionFactoryImpl.java:296)
	at org.postgresql.core.ConnectionFactory.openConnection(ConnectionFactory.java:49)
	at org.postgresql.jdbc.PgConnection.<init>(PgConnection.java:211)
	at org.postgresql.Driver.makeConnection(Driver.java:459)
	at org.postgresql.Driver.connect(Driver.java:261)
	at org.apache.spark.sql.execution.datasources.jdbc.JdbcUtils$$anonfun$createConnectionFactory$1.apply(JdbcUtils.scala:63)
	at org.apache.spark.sql.execution.datasources.jdbc.JdbcUtils$$anonfun$createConnectionFactory$1.apply(JdbcUtils.scala:54)
	at org.apache.spark.sql.execution.datasources.jdbc.JdbcUtils$.savePartition(JdbcUtils.scala:614)
	at org.apache.spark.sql.execution.datasources.jdbc.JdbcUtils$$anonfun$saveTable$1.apply(JdbcUtils.scala:838)
	at org.apache.spark.sql.execution.datasources.jdbc.JdbcUtils$$anonfun$saveTable$1.apply(JdbcUtils.scala:838)
	at org.apache.spark.rdd.RDD$$anonfun$foreachPartition$1$$anonfun$apply$28.apply(RDD.scala:980)
	at org.apache.spark.rdd.RDD$$anonfun$foreachPartition$1$$anonfun$apply$28.apply(RDD.scala:980)
	at org.apache.spark.SparkContext$$anonfun$runJob$5.apply(SparkContext.scala:2101)
	at org.apache.spark.SparkContext$$anonfun$runJob$5.apply(SparkContext.scala:2101)
	at org.apache.spark.scheduler.ResultTask.runTask(ResultTask.scala:90)
	at org.apache.spark.scheduler.Task.run(Task.scala:123)
	at org.apache.spark.executor.Executor$TaskRunner$$anonfun$10.apply(Executor.scala:408)
	at org.apache.spark.util.Utils$.tryWithSafeFinally(Utils.scala:1360)
	at org.apache.spark.executor.Executor$TaskRunner.run(Executor.scala:414)
	at java.util.concurrent.ThreadPoolExecutor.runWorker(ThreadPoolExecutor.java:1149)
	at java.util.concurrent.ThreadPoolExecutor$Worker.run(ThreadPoolExecutor.java:624)
	at java.lang.Thread.run(Thread.java:748)
Caused by: java.io.EOFException
	at org.postgresql.core.PGStream.receiveChar(PGStream.java:372)
	at org.postgresql.core.v3.ConnectionFactoryImpl.doAuthentication(ConnectionFactoryImpl.java:509)
	at org.postgresql.core.v3.ConnectionFactoryImpl.tryConnect(ConnectionFactoryImpl.java:145)
	at org.postgresql.core.v3.ConnectionFactoryImpl.openConnectionImpl(ConnectionFactoryImpl.java:196)
	... 21 more
20/02/16 02:55:50 INFO TaskSetManager: Starting task 32.0 in stage 1.0 (TID 67, localhost, executor driver, partition 32, PROCESS_LOCAL, 8269 bytes)
20/02/16 02:55:50 INFO Executor: Running task 32.0 in stage 1.0 (TID 67)
20/02/16 02:55:50 INFO FileScanRDD: Reading File path: file:///edw/Reviews/SourceCode/data/asin_reviews.json, range: 4294967296-4429185024, partition values: [empty row]
20/02/16 02:55:51 WARN TaskSetManager: Lost task 31.0 in stage 1.0 (TID 66, localhost, executor driver): org.postgresql.util.PSQLException: The connection attempt failed.
	at org.postgresql.core.v3.ConnectionFactoryImpl.openConnectionImpl(ConnectionFactoryImpl.java:296)
	at org.postgresql.core.ConnectionFactory.openConnection(ConnectionFactory.java:49)
	at org.postgresql.jdbc.PgConnection.<init>(PgConnection.java:211)
	at org.postgresql.Driver.makeConnection(Driver.java:459)
	at org.postgresql.Driver.connect(Driver.java:261)
	at org.apache.spark.sql.execution.datasources.jdbc.JdbcUtils$$anonfun$createConnectionFactory$1.apply(JdbcUtils.scala:63)
	at org.apache.spark.sql.execution.datasources.jdbc.JdbcUtils$$anonfun$createConnectionFactory$1.apply(JdbcUtils.scala:54)
	at org.apache.spark.sql.execution.datasources.jdbc.JdbcUtils$.savePartition(JdbcUtils.scala:614)
	at org.apache.spark.sql.execution.datasources.jdbc.JdbcUtils$$anonfun$saveTable$1.apply(JdbcUtils.scala:838)
	at org.apache.spark.sql.execution.datasources.jdbc.JdbcUtils$$anonfun$saveTable$1.apply(JdbcUtils.scala:838)
	at org.apache.spark.rdd.RDD$$anonfun$foreachPartition$1$$anonfun$apply$28.apply(RDD.scala:980)
	at org.apache.spark.rdd.RDD$$anonfun$foreachPartition$1$$anonfun$apply$28.apply(RDD.scala:980)
	at org.apache.spark.SparkContext$$anonfun$runJob$5.apply(SparkContext.scala:2101)
	at org.apache.spark.SparkContext$$anonfun$runJob$5.apply(SparkContext.scala:2101)
	at org.apache.spark.scheduler.ResultTask.runTask(ResultTask.scala:90)
	at org.apache.spark.scheduler.Task.run(Task.scala:123)
	at org.apache.spark.executor.Executor$TaskRunner$$anonfun$10.apply(Executor.scala:408)
	at org.apache.spark.util.Utils$.tryWithSafeFinally(Utils.scala:1360)
	at org.apache.spark.executor.Executor$TaskRunner.run(Executor.scala:414)
	at java.util.concurrent.ThreadPoolExecutor.runWorker(ThreadPoolExecutor.java:1149)
	at java.util.concurrent.ThreadPoolExecutor$Worker.run(ThreadPoolExecutor.java:624)
	at java.lang.Thread.run(Thread.java:748)
Caused by: java.io.EOFException
	at org.postgresql.core.PGStream.receiveChar(PGStream.java:372)
	at org.postgresql.core.v3.ConnectionFactoryImpl.doAuthentication(ConnectionFactoryImpl.java:509)
	at org.postgresql.core.v3.ConnectionFactoryImpl.tryConnect(ConnectionFactoryImpl.java:145)
	at org.postgresql.core.v3.ConnectionFactoryImpl.openConnectionImpl(ConnectionFactoryImpl.java:196)
	... 21 more

20/02/16 02:55:51 ERROR TaskSetManager: Task 31 in stage 1.0 failed 1 times; aborting job
20/02/16 02:55:53 INFO TaskSchedulerImpl: Cancelling stage 1
20/02/16 02:55:53 INFO TaskSchedulerImpl: Killing all running tasks in stage 1: Stage cancelled
20/02/16 02:55:54 INFO Executor: Executor is trying to kill task 28.0 in stage 1.0 (TID 63), reason: Stage cancelled
20/02/16 02:55:54 INFO Executor: Executor is trying to kill task 32.0 in stage 1.0 (TID 67), reason: Stage cancelled
20/02/16 02:55:54 INFO Executor: Executor is trying to kill task 29.0 in stage 1.0 (TID 64), reason: Stage cancelled
20/02/16 02:55:54 INFO Executor: Executor is trying to kill task 30.0 in stage 1.0 (TID 65), reason: Stage cancelled
20/02/16 02:55:55 INFO TaskSchedulerImpl: Stage 1 was cancelled
20/02/16 02:55:55 INFO Executor: Executor killed task 28.0 in stage 1.0 (TID 63), reason: Stage cancelled
20/02/16 02:55:55 INFO DAGScheduler: ResultStage 1 (jdbc at NativeMethodAccessorImpl.java:0) failed in 631.842 s due to Job aborted due to stage failure: Task 31 in stage 1.0 failed 1 times, most recent failure: Lost task 31.0 in stage 1.0 (TID 66, localhost, executor driver): org.postgresql.util.PSQLException: The connection attempt failed.
	at org.postgresql.core.v3.ConnectionFactoryImpl.openConnectionImpl(ConnectionFactoryImpl.java:296)
	at org.postgresql.core.ConnectionFactory.openConnection(ConnectionFactory.java:49)
	at org.postgresql.jdbc.PgConnection.<init>(PgConnection.java:211)
	at org.postgresql.Driver.makeConnection(Driver.java:459)
	at org.postgresql.Driver.connect(Driver.java:261)
	at org.apache.spark.sql.execution.datasources.jdbc.JdbcUtils$$anonfun$createConnectionFactory$1.apply(JdbcUtils.scala:63)
	at org.apache.spark.sql.execution.datasources.jdbc.JdbcUtils$$anonfun$createConnectionFactory$1.apply(JdbcUtils.scala:54)
	at org.apache.spark.sql.execution.datasources.jdbc.JdbcUtils$.savePartition(JdbcUtils.scala:614)
	at org.apache.spark.sql.execution.datasources.jdbc.JdbcUtils$$anonfun$saveTable$1.apply(JdbcUtils.scala:838)
	at org.apache.spark.sql.execution.datasources.jdbc.JdbcUtils$$anonfun$saveTable$1.apply(JdbcUtils.scala:838)
	at org.apache.spark.rdd.RDD$$anonfun$foreachPartition$1$$anonfun$apply$28.apply(RDD.scala:980)
	at org.apache.spark.rdd.RDD$$anonfun$foreachPartition$1$$anonfun$apply$28.apply(RDD.scala:980)
	at org.apache.spark.SparkContext$$anonfun$runJob$5.apply(SparkContext.scala:2101)
	at org.apache.spark.SparkContext$$anonfun$runJob$5.apply(SparkContext.scala:2101)
	at org.apache.spark.scheduler.ResultTask.runTask(ResultTask.scala:90)
	at org.apache.spark.scheduler.Task.run(Task.scala:123)
	at org.apache.spark.executor.Executor$TaskRunner$$anonfun$10.apply(Executor.scala:408)
	at org.apache.spark.util.Utils$.tryWithSafeFinally(Utils.scala:1360)
	at org.apache.spark.executor.Executor$TaskRunner.run(Executor.scala:414)
	at java.util.concurrent.ThreadPoolExecutor.runWorker(ThreadPoolExecutor.java:1149)
	at java.util.concurrent.ThreadPoolExecutor$Worker.run(ThreadPoolExecutor.java:624)
	at java.lang.Thread.run(Thread.java:748)
Caused by: java.io.EOFException
	at org.postgresql.core.PGStream.receiveChar(PGStream.java:372)
	at org.postgresql.core.v3.ConnectionFactoryImpl.doAuthentication(ConnectionFactoryImpl.java:509)
	at org.postgresql.core.v3.ConnectionFactoryImpl.tryConnect(ConnectionFactoryImpl.java:145)
	at org.postgresql.core.v3.ConnectionFactoryImpl.openConnectionImpl(ConnectionFactoryImpl.java:196)
	... 21 more

Driver stacktrace:
20/02/16 02:55:55 INFO Executor: Executor killed task 30.0 in stage 1.0 (TID 65), reason: Stage cancelled
20/02/16 02:55:55 INFO Executor: Executor killed task 29.0 in stage 1.0 (TID 64), reason: Stage cancelled
20/02/16 02:55:55 INFO Executor: Executor killed task 32.0 in stage 1.0 (TID 67), reason: Stage cancelled
20/02/16 02:55:55 INFO DAGScheduler: Job 1 failed: jdbc at NativeMethodAccessorImpl.java:0, took 632.036340 s
20/02/16 02:55:55 WARN TaskSetManager: Lost task 28.0 in stage 1.0 (TID 63, localhost, executor driver): TaskKilled (Stage cancelled)
20/02/16 02:55:55 INFO TaskSchedulerImpl: Removed TaskSet 1.0, whose tasks have all completed, from pool 
20/02/16 02:55:55 WARN TaskSetManager: Lost task 29.0 in stage 1.0 (TID 64, localhost, executor driver): TaskKilled (Stage cancelled)
20/02/16 02:55:55 INFO TaskSchedulerImpl: Removed TaskSet 1.0, whose tasks have all completed, from pool 
20/02/16 02:55:55 WARN TaskSetManager: Lost task 32.0 in stage 1.0 (TID 67, localhost, executor driver): TaskKilled (Stage cancelled)
20/02/16 02:55:55 INFO TaskSchedulerImpl: Removed TaskSet 1.0, whose tasks have all completed, from pool 
20/02/16 02:55:55 WARN TaskSetManager: Lost task 30.0 in stage 1.0 (TID 65, localhost, executor driver): TaskKilled (Stage cancelled)
20/02/16 02:55:55 INFO TaskSchedulerImpl: Removed TaskSet 1.0, whose tasks have all completed, from pool 
Traceback (most recent call last):
  File "/edw/Reviews/SourceCode/python/rating_ods_load.py", line 33, in <module>
    Cl_Reviews_df.write.option("truncate","true").jdbc(url=url, table=table, mode=mode, properties=properties)
  File "/edw/Reviews/spark-2.4.5-bin-hadoop2.7/python/lib/pyspark.zip/pyspark/sql/readwriter.py", line 987, in jdbc
  File "/edw/Reviews/spark-2.4.5-bin-hadoop2.7/python/lib/py4j-0.10.7-src.zip/py4j/java_gateway.py", line 1257, in __call__
  File "/edw/Reviews/spark-2.4.5-bin-hadoop2.7/python/lib/pyspark.zip/pyspark/sql/utils.py", line 63, in deco
  File "/edw/Reviews/spark-2.4.5-bin-hadoop2.7/python/lib/py4j-0.10.7-src.zip/py4j/protocol.py", line 328, in get_return_value
py4j.protocol.Py4JJavaError: An error occurred while calling o53.jdbc.
: org.apache.spark.SparkException: Job aborted due to stage failure: Task 31 in stage 1.0 failed 1 times, most recent failure: Lost task 31.0 in stage 1.0 (TID 66, localhost, executor driver): org.postgresql.util.PSQLException: The connection attempt failed.
	at org.postgresql.core.v3.ConnectionFactoryImpl.openConnectionImpl(ConnectionFactoryImpl.java:296)
	at org.postgresql.core.ConnectionFactory.openConnection(ConnectionFactory.java:49)
	at org.postgresql.jdbc.PgConnection.<init>(PgConnection.java:211)
	at org.postgresql.Driver.makeConnection(Driver.java:459)
	at org.postgresql.Driver.connect(Driver.java:261)
	at org.apache.spark.sql.execution.datasources.jdbc.JdbcUtils$$anonfun$createConnectionFactory$1.apply(JdbcUtils.scala:63)
	at org.apache.spark.sql.execution.datasources.jdbc.JdbcUtils$$anonfun$createConnectionFactory$1.apply(JdbcUtils.scala:54)
	at org.apache.spark.sql.execution.datasources.jdbc.JdbcUtils$.savePartition(JdbcUtils.scala:614)
	at org.apache.spark.sql.execution.datasources.jdbc.JdbcUtils$$anonfun$saveTable$1.apply(JdbcUtils.scala:838)
	at org.apache.spark.sql.execution.datasources.jdbc.JdbcUtils$$anonfun$saveTable$1.apply(JdbcUtils.scala:838)
	at org.apache.spark.rdd.RDD$$anonfun$foreachPartition$1$$anonfun$apply$28.apply(RDD.scala:980)
	at org.apache.spark.rdd.RDD$$anonfun$foreachPartition$1$$anonfun$apply$28.apply(RDD.scala:980)
	at org.apache.spark.SparkContext$$anonfun$runJob$5.apply(SparkContext.scala:2101)
	at org.apache.spark.SparkContext$$anonfun$runJob$5.apply(SparkContext.scala:2101)
	at org.apache.spark.scheduler.ResultTask.runTask(ResultTask.scala:90)
	at org.apache.spark.scheduler.Task.run(Task.scala:123)
	at org.apache.spark.executor.Executor$TaskRunner$$anonfun$10.apply(Executor.scala:408)
	at org.apache.spark.util.Utils$.tryWithSafeFinally(Utils.scala:1360)
	at org.apache.spark.executor.Executor$TaskRunner.run(Executor.scala:414)
	at java.util.concurrent.ThreadPoolExecutor.runWorker(ThreadPoolExecutor.java:1149)
	at java.util.concurrent.ThreadPoolExecutor$Worker.run(ThreadPoolExecutor.java:624)
	at java.lang.Thread.run(Thread.java:748)
Caused by: java.io.EOFException
	at org.postgresql.core.PGStream.receiveChar(PGStream.java:372)
	at org.postgresql.core.v3.ConnectionFactoryImpl.doAuthentication(ConnectionFactoryImpl.java:509)
	at org.postgresql.core.v3.ConnectionFactoryImpl.tryConnect(ConnectionFactoryImpl.java:145)
	at org.postgresql.core.v3.ConnectionFactoryImpl.openConnectionImpl(ConnectionFactoryImpl.java:196)
	... 21 more

Driver stacktrace:
	at org.apache.spark.scheduler.DAGScheduler.org$apache$spark$scheduler$DAGScheduler$$failJobAndIndependentStages(DAGScheduler.scala:1891)
	at org.apache.spark.scheduler.DAGScheduler$$anonfun$abortStage$1.apply(DAGScheduler.scala:1879)
	at org.apache.spark.scheduler.DAGScheduler$$anonfun$abortStage$1.apply(DAGScheduler.scala:1878)
	at scala.collection.mutable.ResizableArray$class.foreach(ResizableArray.scala:59)
	at scala.collection.mutable.ArrayBuffer.foreach(ArrayBuffer.scala:48)
	at org.apache.spark.scheduler.DAGScheduler.abortStage(DAGScheduler.scala:1878)
	at org.apache.spark.scheduler.DAGScheduler$$anonfun$handleTaskSetFailed$1.apply(DAGScheduler.scala:927)
	at org.apache.spark.scheduler.DAGScheduler$$anonfun$handleTaskSetFailed$1.apply(DAGScheduler.scala:927)
	at scala.Option.foreach(Option.scala:257)
	at org.apache.spark.scheduler.DAGScheduler.handleTaskSetFailed(DAGScheduler.scala:927)
	at org.apache.spark.scheduler.DAGSchedulerEventProcessLoop.doOnReceive(DAGScheduler.scala:2112)
	at org.apache.spark.scheduler.DAGSchedulerEventProcessLoop.onReceive(DAGScheduler.scala:2061)
	at org.apache.spark.scheduler.DAGSchedulerEventProcessLoop.onReceive(DAGScheduler.scala:2050)
	at org.apache.spark.util.EventLoop$$anon$1.run(EventLoop.scala:49)
	at org.apache.spark.scheduler.DAGScheduler.runJob(DAGScheduler.scala:738)
	at org.apache.spark.SparkContext.runJob(SparkContext.scala:2061)
	at org.apache.spark.SparkContext.runJob(SparkContext.scala:2082)
	at org.apache.spark.SparkContext.runJob(SparkContext.scala:2101)
	at org.apache.spark.SparkContext.runJob(SparkContext.scala:2126)
	at org.apache.spark.rdd.RDD$$anonfun$foreachPartition$1.apply(RDD.scala:980)
	at org.apache.spark.rdd.RDD$$anonfun$foreachPartition$1.apply(RDD.scala:978)
	at org.apache.spark.rdd.RDDOperationScope$.withScope(RDDOperationScope.scala:151)
	at org.apache.spark.rdd.RDDOperationScope$.withScope(RDDOperationScope.scala:112)
	at org.apache.spark.rdd.RDD.withScope(RDD.scala:385)
	at org.apache.spark.rdd.RDD.foreachPartition(RDD.scala:978)
	at org.apache.spark.sql.execution.datasources.jdbc.JdbcUtils$.saveTable(JdbcUtils.scala:838)
	at org.apache.spark.sql.execution.datasources.jdbc.JdbcRelationProvider.createRelation(JdbcRelationProvider.scala:58)
	at org.apache.spark.sql.execution.datasources.SaveIntoDataSourceCommand.run(SaveIntoDataSourceCommand.scala:45)
	at org.apache.spark.sql.execution.command.ExecutedCommandExec.sideEffectResult$lzycompute(commands.scala:70)
	at org.apache.spark.sql.execution.command.ExecutedCommandExec.sideEffectResult(commands.scala:68)
	at org.apache.spark.sql.execution.command.ExecutedCommandExec.doExecute(commands.scala:86)
	at org.apache.spark.sql.execution.SparkPlan$$anonfun$execute$1.apply(SparkPlan.scala:131)
	at org.apache.spark.sql.execution.SparkPlan$$anonfun$execute$1.apply(SparkPlan.scala:127)
	at org.apache.spark.sql.execution.SparkPlan$$anonfun$executeQuery$1.apply(SparkPlan.scala:155)
	at org.apache.spark.rdd.RDDOperationScope$.withScope(RDDOperationScope.scala:151)
	at org.apache.spark.sql.execution.SparkPlan.executeQuery(SparkPlan.scala:152)
	at org.apache.spark.sql.execution.SparkPlan.execute(SparkPlan.scala:127)
	at org.apache.spark.sql.execution.QueryExecution.toRdd$lzycompute(QueryExecution.scala:83)
	at org.apache.spark.sql.execution.QueryExecution.toRdd(QueryExecution.scala:81)
	at org.apache.spark.sql.DataFrameWriter$$anonfun$runCommand$1.apply(DataFrameWriter.scala:676)
	at org.apache.spark.sql.DataFrameWriter$$anonfun$runCommand$1.apply(DataFrameWriter.scala:676)
	at org.apache.spark.sql.execution.SQLExecution$$anonfun$withNewExecutionId$1.apply(SQLExecution.scala:80)
	at org.apache.spark.sql.execution.SQLExecution$.withSQLConfPropagated(SQLExecution.scala:127)
	at org.apache.spark.sql.execution.SQLExecution$.withNewExecutionId(SQLExecution.scala:75)
	at org.apache.spark.sql.DataFrameWriter.runCommand(DataFrameWriter.scala:676)
	at org.apache.spark.sql.DataFrameWriter.saveToV1Source(DataFrameWriter.scala:285)
	at org.apache.spark.sql.DataFrameWriter.save(DataFrameWriter.scala:271)
	at org.apache.spark.sql.DataFrameWriter.jdbc(DataFrameWriter.scala:515)
	at sun.reflect.NativeMethodAccessorImpl.invoke0(Native Method)
	at sun.reflect.NativeMethodAccessorImpl.invoke(NativeMethodAccessorImpl.java:62)
	at sun.reflect.DelegatingMethodAccessorImpl.invoke(DelegatingMethodAccessorImpl.java:43)
	at java.lang.reflect.Method.invoke(Method.java:498)
	at py4j.reflection.MethodInvoker.invoke(MethodInvoker.java:244)
	at py4j.reflection.ReflectionEngine.invoke(ReflectionEngine.java:357)
	at py4j.Gateway.invoke(Gateway.java:282)
	at py4j.commands.AbstractCommand.invokeMethod(AbstractCommand.java:132)
	at py4j.commands.CallCommand.execute(CallCommand.java:79)
	at py4j.GatewayConnection.run(GatewayConnection.java:238)
	at java.lang.Thread.run(Thread.java:748)
Caused by: org.postgresql.util.PSQLException: The connection attempt failed.
	at org.postgresql.core.v3.ConnectionFactoryImpl.openConnectionImpl(ConnectionFactoryImpl.java:296)
	at org.postgresql.core.ConnectionFactory.openConnection(ConnectionFactory.java:49)
	at org.postgresql.jdbc.PgConnection.<init>(PgConnection.java:211)
	at org.postgresql.Driver.makeConnection(Driver.java:459)
	at org.postgresql.Driver.connect(Driver.java:261)
	at org.apache.spark.sql.execution.datasources.jdbc.JdbcUtils$$anonfun$createConnectionFactory$1.apply(JdbcUtils.scala:63)
	at org.apache.spark.sql.execution.datasources.jdbc.JdbcUtils$$anonfun$createConnectionFactory$1.apply(JdbcUtils.scala:54)
	at org.apache.spark.sql.execution.datasources.jdbc.JdbcUtils$.savePartition(JdbcUtils.scala:614)
	at org.apache.spark.sql.execution.datasources.jdbc.JdbcUtils$$anonfun$saveTable$1.apply(JdbcUtils.scala:838)
	at org.apache.spark.sql.execution.datasources.jdbc.JdbcUtils$$anonfun$saveTable$1.apply(JdbcUtils.scala:838)
	at org.apache.spark.rdd.RDD$$anonfun$foreachPartition$1$$anonfun$apply$28.apply(RDD.scala:980)
	at org.apache.spark.rdd.RDD$$anonfun$foreachPartition$1$$anonfun$apply$28.apply(RDD.scala:980)
	at org.apache.spark.SparkContext$$anonfun$runJob$5.apply(SparkContext.scala:2101)
	at org.apache.spark.SparkContext$$anonfun$runJob$5.apply(SparkContext.scala:2101)
	at org.apache.spark.scheduler.ResultTask.runTask(ResultTask.scala:90)
	at org.apache.spark.scheduler.Task.run(Task.scala:123)
	at org.apache.spark.executor.Executor$TaskRunner$$anonfun$10.apply(Executor.scala:408)
	at org.apache.spark.util.Utils$.tryWithSafeFinally(Utils.scala:1360)
	at org.apache.spark.executor.Executor$TaskRunner.run(Executor.scala:414)
	at java.util.concurrent.ThreadPoolExecutor.runWorker(ThreadPoolExecutor.java:1149)
	at java.util.concurrent.ThreadPoolExecutor$Worker.run(ThreadPoolExecutor.java:624)
	... 1 more
Caused by: java.io.EOFException
	at org.postgresql.core.PGStream.receiveChar(PGStream.java:372)
	at org.postgresql.core.v3.ConnectionFactoryImpl.doAuthentication(ConnectionFactoryImpl.java:509)
	at org.postgresql.core.v3.ConnectionFactoryImpl.tryConnect(ConnectionFactoryImpl.java:145)
	at org.postgresql.core.v3.ConnectionFactoryImpl.openConnectionImpl(ConnectionFactoryImpl.java:196)
	... 21 more

20/02/16 02:56:28 INFO SparkContext: Invoking stop() from shutdown hook
20/02/16 02:56:29 INFO SparkUI: Stopped Spark web UI at http://192.168.1.25:4040
20/02/16 02:56:32 INFO MapOutputTrackerMasterEndpoint: MapOutputTrackerMasterEndpoint stopped!
20/02/16 02:56:34 INFO MemoryStore: MemoryStore cleared
20/02/16 02:56:34 INFO BlockManager: BlockManager stopped
20/02/16 02:56:34 INFO BlockManagerMaster: BlockManagerMaster stopped
20/02/16 02:56:34 INFO OutputCommitCoordinator$OutputCommitCoordinatorEndpoint: OutputCommitCoordinator stopped!
20/02/16 02:56:35 INFO SparkContext: Successfully stopped SparkContext
20/02/16 02:56:35 INFO ShutdownHookManager: Shutdown hook called
20/02/16 02:56:35 INFO ShutdownHookManager: Deleting directory /tmp/spark-ed719c80-d8b8-4c57-94fd-6efa357c591d
20/02/16 02:56:35 INFO ShutdownHookManager: Deleting directory /tmp/spark-1f56508c-4850-4f61-a6c1-2465fd735081
20/02/16 02:56:35 INFO ShutdownHookManager: Deleting directory /tmp/spark-ed719c80-d8b8-4c57-94fd-6efa357c591d/pyspark-a64c1055-d37d-4c4e-9af5-63bb3d8a0167
