###################################################################################################################################
###################################################################################################################################
Load to stage in progress
###################################################################################################################################
###################################################################################################################################
20/02/14 04:26:02 WARN Utils: Your hostname, DESKTOP-502C4I4 resolves to a loopback address: 127.0.1.1; using 192.168.1.25 instead (on interface wifi0)
20/02/14 04:26:02 WARN Utils: Set SPARK_LOCAL_IP if you need to bind to another address
20/02/14 04:26:03 WARN NativeCodeLoader: Unable to load native-hadoop library for your platform... using builtin-java classes where applicable
Using Spark's default log4j profile: org/apache/spark/log4j-defaults.properties
20/02/14 04:26:04 INFO SparkContext: Running Spark version 2.4.5
20/02/14 04:26:04 INFO SparkContext: Submitted application: Basics
20/02/14 04:26:04 INFO SecurityManager: Changing view acls to: devetluser
20/02/14 04:26:04 INFO SecurityManager: Changing modify acls to: devetluser
20/02/14 04:26:04 INFO SecurityManager: Changing view acls groups to: 
20/02/14 04:26:04 INFO SecurityManager: Changing modify acls groups to: 
20/02/14 04:26:04 INFO SecurityManager: SecurityManager: authentication disabled; ui acls disabled; users  with view permissions: Set(devetluser); groups with view permissions: Set(); users  with modify permissions: Set(devetluser); groups with modify permissions: Set()
20/02/14 04:26:04 INFO Utils: Successfully started service 'sparkDriver' on port 8747.
20/02/14 04:26:04 INFO SparkEnv: Registering MapOutputTracker
20/02/14 04:26:04 INFO SparkEnv: Registering BlockManagerMaster
20/02/14 04:26:04 INFO BlockManagerMasterEndpoint: Using org.apache.spark.storage.DefaultTopologyMapper for getting topology information
20/02/14 04:26:04 INFO BlockManagerMasterEndpoint: BlockManagerMasterEndpoint up
20/02/14 04:26:04 INFO DiskBlockManager: Created local directory at /tmp/blockmgr-40d310e2-7b75-4bee-ac03-773cb97bea91
20/02/14 04:26:04 INFO MemoryStore: MemoryStore started with capacity 366.3 MB
20/02/14 04:26:04 INFO SparkEnv: Registering OutputCommitCoordinator
20/02/14 04:26:05 INFO Utils: Successfully started service 'SparkUI' on port 4040.
20/02/14 04:26:05 INFO SparkUI: Bound SparkUI to 0.0.0.0, and started at http://192.168.1.25:4040
20/02/14 04:26:05 INFO Executor: Starting executor ID driver on host localhost
20/02/14 04:26:05 INFO Utils: Successfully started service 'org.apache.spark.network.netty.NettyBlockTransferService' on port 8750.
20/02/14 04:26:05 INFO NettyBlockTransferService: Server created on 192.168.1.25:8750
20/02/14 04:26:05 INFO BlockManager: Using org.apache.spark.storage.RandomBlockReplicationPolicy for block replication policy
20/02/14 04:26:05 INFO BlockManagerMaster: Registering BlockManager BlockManagerId(driver, 192.168.1.25, 8750, None)
20/02/14 04:26:05 INFO BlockManagerMasterEndpoint: Registering block manager 192.168.1.25:8750 with 366.3 MB RAM, BlockManagerId(driver, 192.168.1.25, 8750, None)
20/02/14 04:26:05 INFO BlockManagerMaster: Registered BlockManager BlockManagerId(driver, 192.168.1.25, 8750, None)
20/02/14 04:26:05 INFO BlockManager: Initialized BlockManager: BlockManagerId(driver, 192.168.1.25, 8750, None)
20/02/14 04:26:06 INFO SharedState: Setting hive.metastore.warehouse.dir ('null') to the value of spark.sql.warehouse.dir ('file:/edw/Reviews/SourceCode/bash/spark-warehouse').
20/02/14 04:26:06 INFO SharedState: Warehouse path is 'file:/edw/Reviews/SourceCode/bash/spark-warehouse'.
20/02/14 04:26:07 INFO StateStoreCoordinatorRef: Registered StateStoreCoordinator endpoint
20/02/14 04:26:07 INFO InMemoryFileIndex: It took 84 ms to list leaf files for 1 paths.
20/02/14 04:26:08 INFO InMemoryFileIndex: It took 2 ms to list leaf files for 1 paths.
20/02/14 04:26:10 INFO FileSourceStrategy: Pruning directories with: 
20/02/14 04:26:10 INFO FileSourceStrategy: Post-Scan Filters: 
20/02/14 04:26:10 INFO FileSourceStrategy: Output Data Schema: struct<value: string>
20/02/14 04:26:11 INFO FileSourceScanExec: Pushed Filters: 
20/02/14 04:26:11 INFO CodeGenerator: Code generated in 305.8559 ms
20/02/14 04:26:11 INFO MemoryStore: Block broadcast_0 stored as values in memory (estimated size 282.5 KB, free 366.0 MB)
20/02/14 04:26:12 INFO MemoryStore: Block broadcast_0_piece0 stored as bytes in memory (estimated size 23.2 KB, free 366.0 MB)
20/02/14 04:26:12 INFO BlockManagerInfo: Added broadcast_0_piece0 in memory on 192.168.1.25:8750 (size: 23.2 KB, free: 366.3 MB)
20/02/14 04:26:12 INFO SparkContext: Created broadcast 0 from json at NativeMethodAccessorImpl.java:0
20/02/14 04:26:12 INFO FileSourceScanExec: Planning scan with bin packing, max size: 22011312 bytes, open cost is considered as scanning 4194304 bytes.
20/02/14 04:26:12 INFO SparkContext: Starting job: json at NativeMethodAccessorImpl.java:0
20/02/14 04:26:12 INFO DAGScheduler: Got job 0 (json at NativeMethodAccessorImpl.java:0) with 4 output partitions
20/02/14 04:26:12 INFO DAGScheduler: Final stage: ResultStage 0 (json at NativeMethodAccessorImpl.java:0)
20/02/14 04:26:12 INFO DAGScheduler: Parents of final stage: List()
20/02/14 04:26:12 INFO DAGScheduler: Missing parents: List()
20/02/14 04:26:12 INFO DAGScheduler: Submitting ResultStage 0 (MapPartitionsRDD[3] at json at NativeMethodAccessorImpl.java:0), which has no missing parents
20/02/14 04:26:12 INFO MemoryStore: Block broadcast_1 stored as values in memory (estimated size 11.6 KB, free 366.0 MB)
20/02/14 04:26:12 INFO MemoryStore: Block broadcast_1_piece0 stored as bytes in memory (estimated size 6.7 KB, free 366.0 MB)
20/02/14 04:26:12 INFO BlockManagerInfo: Added broadcast_1_piece0 in memory on 192.168.1.25:8750 (size: 6.7 KB, free: 366.3 MB)
20/02/14 04:26:12 INFO SparkContext: Created broadcast 1 from broadcast at DAGScheduler.scala:1163
20/02/14 04:26:12 INFO DAGScheduler: Submitting 4 missing tasks from ResultStage 0 (MapPartitionsRDD[3] at json at NativeMethodAccessorImpl.java:0) (first 15 tasks are for partitions Vector(0, 1, 2, 3))
20/02/14 04:26:12 INFO TaskSchedulerImpl: Adding task set 0.0 with 4 tasks
20/02/14 04:26:12 INFO TaskSetManager: Starting task 0.0 in stage 0.0 (TID 0, localhost, executor driver, partition 0, PROCESS_LOCAL, 8267 bytes)
20/02/14 04:26:12 INFO TaskSetManager: Starting task 1.0 in stage 0.0 (TID 1, localhost, executor driver, partition 1, PROCESS_LOCAL, 8267 bytes)
20/02/14 04:26:12 INFO TaskSetManager: Starting task 2.0 in stage 0.0 (TID 2, localhost, executor driver, partition 2, PROCESS_LOCAL, 8267 bytes)
20/02/14 04:26:12 INFO TaskSetManager: Starting task 3.0 in stage 0.0 (TID 3, localhost, executor driver, partition 3, PROCESS_LOCAL, 8267 bytes)
20/02/14 04:26:12 INFO Executor: Running task 0.0 in stage 0.0 (TID 0)
20/02/14 04:26:12 INFO Executor: Running task 1.0 in stage 0.0 (TID 1)
20/02/14 04:26:12 INFO Executor: Running task 2.0 in stage 0.0 (TID 2)
20/02/14 04:26:12 INFO Executor: Running task 3.0 in stage 0.0 (TID 3)
20/02/14 04:26:12 INFO FileScanRDD: Reading File path: file:///edw/Reviews/SourceCode/data/AmzReviews.json, range: 22011312-44022624, partition values: [empty row]
20/02/14 04:26:12 INFO FileScanRDD: Reading File path: file:///edw/Reviews/SourceCode/data/AmzReviews.json, range: 44022624-66033936, partition values: [empty row]
20/02/14 04:26:12 INFO FileScanRDD: Reading File path: file:///edw/Reviews/SourceCode/data/AmzReviews.json, range: 66033936-83850945, partition values: [empty row]
20/02/14 04:26:12 INFO FileScanRDD: Reading File path: file:///edw/Reviews/SourceCode/data/AmzReviews.json, range: 0-22011312, partition values: [empty row]
20/02/14 04:26:12 INFO CodeGenerator: Code generated in 20.3831 ms
20/02/14 04:26:13 INFO Executor: Finished task 3.0 in stage 0.0 (TID 3). 2350 bytes result sent to driver
20/02/14 04:26:13 INFO TaskSetManager: Finished task 3.0 in stage 0.0 (TID 3) in 1179 ms on localhost (executor driver) (1/4)
20/02/14 04:26:13 INFO Executor: Finished task 1.0 in stage 0.0 (TID 1). 2307 bytes result sent to driver
20/02/14 04:26:13 INFO Executor: Finished task 2.0 in stage 0.0 (TID 2). 2307 bytes result sent to driver
20/02/14 04:26:13 INFO Executor: Finished task 0.0 in stage 0.0 (TID 0). 2307 bytes result sent to driver
20/02/14 04:26:13 INFO TaskSetManager: Finished task 0.0 in stage 0.0 (TID 0) in 1242 ms on localhost (executor driver) (2/4)
20/02/14 04:26:13 INFO TaskSetManager: Finished task 1.0 in stage 0.0 (TID 1) in 1230 ms on localhost (executor driver) (3/4)
20/02/14 04:26:13 INFO TaskSetManager: Finished task 2.0 in stage 0.0 (TID 2) in 1241 ms on localhost (executor driver) (4/4)
20/02/14 04:26:13 INFO TaskSchedulerImpl: Removed TaskSet 0.0, whose tasks have all completed, from pool 
20/02/14 04:26:13 INFO DAGScheduler: ResultStage 0 (json at NativeMethodAccessorImpl.java:0) finished in 1.389 s
20/02/14 04:26:13 INFO DAGScheduler: Job 0 finished: json at NativeMethodAccessorImpl.java:0, took 1.468125 s
Traceback (most recent call last):
  File "/edw/Reviews/SourceCode/python/rating_ods_load.py", line 24, in <module>
    Cl_Reviews_df = Reviews_df.select('asin',col('overall').alias("reviewRating"),'reviewerID','reviewerName', (from_unixtime('unixReviewTime', 'yyyy-MM-dd')).cast(DateType()).alias("reviewDate"))
NameError: name 'DateType' is not defined
20/02/14 04:26:13 INFO SparkContext: Invoking stop() from shutdown hook
20/02/14 04:26:13 INFO SparkUI: Stopped Spark web UI at http://192.168.1.25:4040
20/02/14 04:26:13 INFO MapOutputTrackerMasterEndpoint: MapOutputTrackerMasterEndpoint stopped!
20/02/14 04:26:13 INFO MemoryStore: MemoryStore cleared
20/02/14 04:26:13 INFO BlockManager: BlockManager stopped
20/02/14 04:26:13 INFO BlockManagerMaster: BlockManagerMaster stopped
20/02/14 04:26:13 INFO OutputCommitCoordinator$OutputCommitCoordinatorEndpoint: OutputCommitCoordinator stopped!
20/02/14 04:26:13 INFO SparkContext: Successfully stopped SparkContext
20/02/14 04:26:13 INFO ShutdownHookManager: Shutdown hook called
20/02/14 04:26:13 INFO ShutdownHookManager: Deleting directory /tmp/spark-eecc973d-9d93-4519-9fb8-7664da923678
20/02/14 04:26:14 INFO ShutdownHookManager: Deleting directory /tmp/spark-eecc973d-9d93-4519-9fb8-7664da923678/pyspark-6efdd19b-9336-40c5-b27f-79eb234d1a00
20/02/14 04:26:14 INFO ShutdownHookManager: Deleting directory /tmp/spark-f6715adf-f0e5-469e-bc52-6dd9c1fbb008
