###################################################################################################################################
###################################################################################################################################
Load to stage in progress
###################################################################################################################################
###################################################################################################################################
20/02/17 02:15:48 WARN Utils: Your hostname, DESKTOP-502C4I4 resolves to a loopback address: 127.0.1.1; using 192.168.1.25 instead (on interface wifi0)
20/02/17 02:15:48 WARN Utils: Set SPARK_LOCAL_IP if you need to bind to another address
20/02/17 02:15:51 WARN NativeCodeLoader: Unable to load native-hadoop library for your platform... using builtin-java classes where applicable
Using Spark's default log4j profile: org/apache/spark/log4j-defaults.properties
20/02/17 02:15:56 INFO SparkContext: Running Spark version 2.4.5
20/02/17 02:15:56 INFO SparkContext: Submitted application: ReviewsOdsSession
20/02/17 02:15:57 INFO SecurityManager: Changing view acls to: devetluser
20/02/17 02:15:57 INFO SecurityManager: Changing modify acls to: devetluser
20/02/17 02:15:57 INFO SecurityManager: Changing view acls groups to: 
20/02/17 02:15:57 INFO SecurityManager: Changing modify acls groups to: 
20/02/17 02:15:57 INFO SecurityManager: SecurityManager: authentication disabled; ui acls disabled; users  with view permissions: Set(devetluser); groups with view permissions: Set(); users  with modify permissions: Set(devetluser); groups with modify permissions: Set()
20/02/17 02:15:58 INFO Utils: Successfully started service 'sparkDriver' on port 1816.
20/02/17 02:15:58 INFO SparkEnv: Registering MapOutputTracker
20/02/17 02:15:58 INFO SparkEnv: Registering BlockManagerMaster
20/02/17 02:15:58 INFO BlockManagerMasterEndpoint: Using org.apache.spark.storage.DefaultTopologyMapper for getting topology information
20/02/17 02:15:58 INFO BlockManagerMasterEndpoint: BlockManagerMasterEndpoint up
20/02/17 02:15:58 INFO DiskBlockManager: Created local directory at /tmp/blockmgr-0ebdec9b-e2d5-47ac-9aa5-05271a6f86b3
20/02/17 02:15:58 INFO MemoryStore: MemoryStore started with capacity 366.3 MB
20/02/17 02:15:58 INFO SparkEnv: Registering OutputCommitCoordinator
20/02/17 02:15:59 INFO Utils: Successfully started service 'SparkUI' on port 4040.
20/02/17 02:15:59 INFO SparkUI: Bound SparkUI to 0.0.0.0, and started at http://192.168.1.25:4040
20/02/17 02:16:00 INFO Executor: Starting executor ID driver on host localhost
20/02/17 02:16:00 INFO Utils: Successfully started service 'org.apache.spark.network.netty.NettyBlockTransferService' on port 1820.
20/02/17 02:16:00 INFO NettyBlockTransferService: Server created on 192.168.1.25:1820
20/02/17 02:16:00 INFO BlockManager: Using org.apache.spark.storage.RandomBlockReplicationPolicy for block replication policy
20/02/17 02:16:00 INFO BlockManagerMaster: Registering BlockManager BlockManagerId(driver, 192.168.1.25, 1820, None)
20/02/17 02:16:00 INFO BlockManagerMasterEndpoint: Registering block manager 192.168.1.25:1820 with 366.3 MB RAM, BlockManagerId(driver, 192.168.1.25, 1820, None)
20/02/17 02:16:00 INFO BlockManagerMaster: Registered BlockManager BlockManagerId(driver, 192.168.1.25, 1820, None)
20/02/17 02:16:00 INFO BlockManager: Initialized BlockManager: BlockManagerId(driver, 192.168.1.25, 1820, None)
20/02/17 02:16:02 INFO SharedState: Setting hive.metastore.warehouse.dir ('null') to the value of spark.sql.warehouse.dir ('file:/edw/Reviews/SourceCode/bash/spark-warehouse').
20/02/17 02:16:02 INFO SharedState: Warehouse path is 'file:/edw/Reviews/SourceCode/bash/spark-warehouse'.
20/02/17 02:16:05 INFO StateStoreCoordinatorRef: Registered StateStoreCoordinator endpoint
20/02/17 02:16:05 INFO InMemoryFileIndex: It took 146 ms to list leaf files for 1 paths.
20/02/17 02:16:06 INFO InMemoryFileIndex: It took 3 ms to list leaf files for 1 paths.
20/02/17 02:16:12 INFO FileSourceStrategy: Pruning directories with: 
20/02/17 02:16:12 INFO FileSourceStrategy: Post-Scan Filters: 
20/02/17 02:16:12 INFO FileSourceStrategy: Output Data Schema: struct<value: string>
20/02/17 02:16:12 INFO FileSourceScanExec: Pushed Filters: 
20/02/17 02:16:14 INFO CodeGenerator: Code generated in 537.4797 ms
20/02/17 02:16:14 INFO MemoryStore: Block broadcast_0 stored as values in memory (estimated size 282.9 KB, free 366.0 MB)
20/02/17 02:16:14 INFO MemoryStore: Block broadcast_0_piece0 stored as bytes in memory (estimated size 23.3 KB, free 366.0 MB)
20/02/17 02:16:14 INFO BlockManagerInfo: Added broadcast_0_piece0 in memory on 192.168.1.25:1820 (size: 23.3 KB, free: 366.3 MB)
20/02/17 02:16:15 INFO SparkContext: Created broadcast 0 from json at NativeMethodAccessorImpl.java:0
20/02/17 02:16:15 INFO FileSourceScanExec: Planning scan with bin packing, max size: 134217728 bytes, open cost is considered as scanning 4194304 bytes.
20/02/17 02:16:15 INFO SparkContext: Starting job: json at NativeMethodAccessorImpl.java:0
20/02/17 02:16:15 INFO DAGScheduler: Got job 0 (json at NativeMethodAccessorImpl.java:0) with 17 output partitions
20/02/17 02:16:15 INFO DAGScheduler: Final stage: ResultStage 0 (json at NativeMethodAccessorImpl.java:0)
20/02/17 02:16:15 INFO DAGScheduler: Parents of final stage: List()
20/02/17 02:16:15 INFO DAGScheduler: Missing parents: List()
20/02/17 02:16:15 INFO DAGScheduler: Submitting ResultStage 0 (MapPartitionsRDD[3] at json at NativeMethodAccessorImpl.java:0), which has no missing parents
20/02/17 02:16:15 INFO MemoryStore: Block broadcast_1 stored as values in memory (estimated size 11.6 KB, free 366.0 MB)
20/02/17 02:16:15 INFO MemoryStore: Block broadcast_1_piece0 stored as bytes in memory (estimated size 6.7 KB, free 366.0 MB)
20/02/17 02:16:15 INFO BlockManagerInfo: Added broadcast_1_piece0 in memory on 192.168.1.25:1820 (size: 6.7 KB, free: 366.3 MB)
20/02/17 02:16:15 INFO SparkContext: Created broadcast 1 from broadcast at DAGScheduler.scala:1163
20/02/17 02:16:16 INFO DAGScheduler: Submitting 17 missing tasks from ResultStage 0 (MapPartitionsRDD[3] at json at NativeMethodAccessorImpl.java:0) (first 15 tasks are for partitions Vector(0, 1, 2, 3, 4, 5, 6, 7, 8, 9, 10, 11, 12, 13, 14))
20/02/17 02:16:16 INFO TaskSchedulerImpl: Adding task set 0.0 with 17 tasks
20/02/17 02:16:16 INFO TaskSetManager: Starting task 0.0 in stage 0.0 (TID 0, localhost, executor driver, partition 0, PROCESS_LOCAL, 8269 bytes)
20/02/17 02:16:16 INFO TaskSetManager: Starting task 1.0 in stage 0.0 (TID 1, localhost, executor driver, partition 1, PROCESS_LOCAL, 8269 bytes)
20/02/17 02:16:16 INFO TaskSetManager: Starting task 2.0 in stage 0.0 (TID 2, localhost, executor driver, partition 2, PROCESS_LOCAL, 8269 bytes)
20/02/17 02:16:16 INFO TaskSetManager: Starting task 3.0 in stage 0.0 (TID 3, localhost, executor driver, partition 3, PROCESS_LOCAL, 8269 bytes)
20/02/17 02:16:16 INFO Executor: Running task 0.0 in stage 0.0 (TID 0)
20/02/17 02:16:16 INFO Executor: Running task 1.0 in stage 0.0 (TID 1)
20/02/17 02:16:16 INFO Executor: Running task 3.0 in stage 0.0 (TID 3)
20/02/17 02:16:16 INFO Executor: Running task 2.0 in stage 0.0 (TID 2)
20/02/17 02:16:16 INFO FileScanRDD: Reading File path: file:///edw/Reviews/SourceCode/data/asin_reviews.json, range: 134217728-268435456, partition values: [empty row]
20/02/17 02:16:16 INFO FileScanRDD: Reading File path: file:///edw/Reviews/SourceCode/data/asin_reviews.json, range: 402653184-536870912, partition values: [empty row]
20/02/17 02:16:16 INFO FileScanRDD: Reading File path: file:///edw/Reviews/SourceCode/data/asin_reviews.json, range: 0-134217728, partition values: [empty row]
20/02/17 02:16:16 INFO FileScanRDD: Reading File path: file:///edw/Reviews/SourceCode/data/asin_reviews.json, range: 268435456-402653184, partition values: [empty row]
20/02/17 02:16:16 INFO CodeGenerator: Code generated in 32.6752 ms
20/02/17 02:16:35 INFO Executor: Finished task 2.0 in stage 0.0 (TID 2). 2350 bytes result sent to driver
20/02/17 02:16:35 INFO TaskSetManager: Starting task 4.0 in stage 0.0 (TID 4, localhost, executor driver, partition 4, PROCESS_LOCAL, 8269 bytes)
20/02/17 02:16:35 INFO Executor: Running task 4.0 in stage 0.0 (TID 4)
20/02/17 02:16:35 INFO FileScanRDD: Reading File path: file:///edw/Reviews/SourceCode/data/asin_reviews.json, range: 536870912-671088640, partition values: [empty row]
20/02/17 02:16:35 INFO Executor: Finished task 3.0 in stage 0.0 (TID 3). 2350 bytes result sent to driver
20/02/17 02:16:35 INFO TaskSetManager: Finished task 2.0 in stage 0.0 (TID 2) in 19266 ms on localhost (executor driver) (1/17)
20/02/17 02:16:35 INFO Executor: Finished task 1.0 in stage 0.0 (TID 1). 2350 bytes result sent to driver
20/02/17 02:16:35 INFO TaskSetManager: Starting task 5.0 in stage 0.0 (TID 5, localhost, executor driver, partition 5, PROCESS_LOCAL, 8269 bytes)
20/02/17 02:16:35 INFO Executor: Running task 5.0 in stage 0.0 (TID 5)
20/02/17 02:16:35 INFO FileScanRDD: Reading File path: file:///edw/Reviews/SourceCode/data/asin_reviews.json, range: 671088640-805306368, partition values: [empty row]
20/02/17 02:16:35 INFO TaskSetManager: Starting task 6.0 in stage 0.0 (TID 6, localhost, executor driver, partition 6, PROCESS_LOCAL, 8269 bytes)
20/02/17 02:16:35 INFO TaskSetManager: Finished task 3.0 in stage 0.0 (TID 3) in 19449 ms on localhost (executor driver) (2/17)
20/02/17 02:16:35 INFO Executor: Running task 6.0 in stage 0.0 (TID 6)
20/02/17 02:16:35 INFO TaskSetManager: Finished task 1.0 in stage 0.0 (TID 1) in 19451 ms on localhost (executor driver) (3/17)
20/02/17 02:16:35 INFO FileScanRDD: Reading File path: file:///edw/Reviews/SourceCode/data/asin_reviews.json, range: 805306368-939524096, partition values: [empty row]
20/02/17 02:16:35 INFO Executor: Finished task 0.0 in stage 0.0 (TID 0). 2307 bytes result sent to driver
20/02/17 02:16:35 INFO TaskSetManager: Starting task 7.0 in stage 0.0 (TID 7, localhost, executor driver, partition 7, PROCESS_LOCAL, 8269 bytes)
20/02/17 02:16:35 INFO TaskSetManager: Finished task 0.0 in stage 0.0 (TID 0) in 19637 ms on localhost (executor driver) (4/17)
20/02/17 02:16:35 INFO Executor: Running task 7.0 in stage 0.0 (TID 7)
20/02/17 02:16:35 INFO FileScanRDD: Reading File path: file:///edw/Reviews/SourceCode/data/asin_reviews.json, range: 939524096-1073741824, partition values: [empty row]
20/02/17 02:16:54 INFO Executor: Finished task 4.0 in stage 0.0 (TID 4). 2350 bytes result sent to driver
20/02/17 02:16:54 INFO TaskSetManager: Starting task 8.0 in stage 0.0 (TID 8, localhost, executor driver, partition 8, PROCESS_LOCAL, 8269 bytes)
20/02/17 02:16:54 INFO TaskSetManager: Finished task 4.0 in stage 0.0 (TID 4) in 18998 ms on localhost (executor driver) (5/17)
20/02/17 02:16:54 INFO Executor: Running task 8.0 in stage 0.0 (TID 8)
20/02/17 02:16:54 INFO Executor: Finished task 5.0 in stage 0.0 (TID 5). 2307 bytes result sent to driver
20/02/17 02:16:54 INFO TaskSetManager: Starting task 9.0 in stage 0.0 (TID 9, localhost, executor driver, partition 9, PROCESS_LOCAL, 8269 bytes)
20/02/17 02:16:54 INFO Executor: Running task 9.0 in stage 0.0 (TID 9)
20/02/17 02:16:54 INFO FileScanRDD: Reading File path: file:///edw/Reviews/SourceCode/data/asin_reviews.json, range: 1207959552-1342177280, partition values: [empty row]
20/02/17 02:16:54 INFO TaskSetManager: Finished task 5.0 in stage 0.0 (TID 5) in 18774 ms on localhost (executor driver) (6/17)
20/02/17 02:16:54 INFO FileScanRDD: Reading File path: file:///edw/Reviews/SourceCode/data/asin_reviews.json, range: 1073741824-1207959552, partition values: [empty row]
20/02/17 02:16:54 INFO Executor: Finished task 6.0 in stage 0.0 (TID 6). 2264 bytes result sent to driver
20/02/17 02:16:54 INFO TaskSetManager: Starting task 10.0 in stage 0.0 (TID 10, localhost, executor driver, partition 10, PROCESS_LOCAL, 8269 bytes)
20/02/17 02:16:54 INFO TaskSetManager: Finished task 6.0 in stage 0.0 (TID 6) in 18822 ms on localhost (executor driver) (7/17)
20/02/17 02:16:54 INFO Executor: Running task 10.0 in stage 0.0 (TID 10)
20/02/17 02:16:54 INFO FileScanRDD: Reading File path: file:///edw/Reviews/SourceCode/data/asin_reviews.json, range: 1342177280-1476395008, partition values: [empty row]
20/02/17 02:16:55 INFO Executor: Finished task 7.0 in stage 0.0 (TID 7). 2264 bytes result sent to driver
20/02/17 02:16:55 INFO TaskSetManager: Starting task 11.0 in stage 0.0 (TID 11, localhost, executor driver, partition 11, PROCESS_LOCAL, 8269 bytes)
20/02/17 02:16:55 INFO TaskSetManager: Finished task 7.0 in stage 0.0 (TID 7) in 19460 ms on localhost (executor driver) (8/17)
20/02/17 02:16:55 INFO Executor: Running task 11.0 in stage 0.0 (TID 11)
20/02/17 02:16:55 INFO FileScanRDD: Reading File path: file:///edw/Reviews/SourceCode/data/asin_reviews.json, range: 1476395008-1610612736, partition values: [empty row]
20/02/17 02:17:13 INFO Executor: Finished task 10.0 in stage 0.0 (TID 10). 2307 bytes result sent to driver
20/02/17 02:17:13 INFO Executor: Finished task 9.0 in stage 0.0 (TID 9). 2307 bytes result sent to driver
20/02/17 02:17:13 INFO TaskSetManager: Starting task 12.0 in stage 0.0 (TID 12, localhost, executor driver, partition 12, PROCESS_LOCAL, 8269 bytes)
20/02/17 02:17:13 INFO TaskSetManager: Starting task 13.0 in stage 0.0 (TID 13, localhost, executor driver, partition 13, PROCESS_LOCAL, 8269 bytes)
20/02/17 02:17:13 INFO Executor: Running task 12.0 in stage 0.0 (TID 12)
20/02/17 02:17:13 INFO TaskSetManager: Finished task 9.0 in stage 0.0 (TID 9) in 18980 ms on localhost (executor driver) (9/17)
20/02/17 02:17:13 INFO Executor: Running task 13.0 in stage 0.0 (TID 13)
20/02/17 02:17:13 INFO TaskSetManager: Finished task 10.0 in stage 0.0 (TID 10) in 18899 ms on localhost (executor driver) (10/17)
20/02/17 02:17:13 INFO FileScanRDD: Reading File path: file:///edw/Reviews/SourceCode/data/asin_reviews.json, range: 1610612736-1744830464, partition values: [empty row]
20/02/17 02:17:13 INFO FileScanRDD: Reading File path: file:///edw/Reviews/SourceCode/data/asin_reviews.json, range: 1744830464-1879048192, partition values: [empty row]
20/02/17 02:17:13 INFO Executor: Finished task 8.0 in stage 0.0 (TID 8). 2307 bytes result sent to driver
20/02/17 02:17:13 INFO TaskSetManager: Starting task 14.0 in stage 0.0 (TID 14, localhost, executor driver, partition 14, PROCESS_LOCAL, 8269 bytes)
20/02/17 02:17:13 INFO TaskSetManager: Finished task 8.0 in stage 0.0 (TID 8) in 19259 ms on localhost (executor driver) (11/17)
20/02/17 02:17:13 INFO Executor: Running task 14.0 in stage 0.0 (TID 14)
20/02/17 02:17:13 INFO FileScanRDD: Reading File path: file:///edw/Reviews/SourceCode/data/asin_reviews.json, range: 1879048192-2013265920, partition values: [empty row]
20/02/17 02:17:14 INFO Executor: Finished task 11.0 in stage 0.0 (TID 11). 2350 bytes result sent to driver
20/02/17 02:17:14 INFO TaskSetManager: Starting task 15.0 in stage 0.0 (TID 15, localhost, executor driver, partition 15, PROCESS_LOCAL, 8269 bytes)
20/02/17 02:17:14 INFO TaskSetManager: Finished task 11.0 in stage 0.0 (TID 11) in 18824 ms on localhost (executor driver) (12/17)
20/02/17 02:17:14 INFO Executor: Running task 15.0 in stage 0.0 (TID 15)
20/02/17 02:17:14 INFO FileScanRDD: Reading File path: file:///edw/Reviews/SourceCode/data/asin_reviews.json, range: 2013265920-2147483648, partition values: [empty row]
20/02/17 02:17:32 INFO Executor: Finished task 12.0 in stage 0.0 (TID 12). 2264 bytes result sent to driver
20/02/17 02:17:33 INFO TaskSetManager: Starting task 16.0 in stage 0.0 (TID 16, localhost, executor driver, partition 16, PROCESS_LOCAL, 8269 bytes)
20/02/17 02:17:33 INFO TaskSetManager: Finished task 12.0 in stage 0.0 (TID 12) in 19710 ms on localhost (executor driver) (13/17)
20/02/17 02:17:33 INFO Executor: Finished task 13.0 in stage 0.0 (TID 13). 2350 bytes result sent to driver
20/02/17 02:17:33 INFO Executor: Running task 16.0 in stage 0.0 (TID 16)
20/02/17 02:17:33 INFO FileScanRDD: Reading File path: file:///edw/Reviews/SourceCode/data/asin_reviews.json, range: 2147483648-2257657248, partition values: [empty row]
20/02/17 02:17:33 INFO TaskSetManager: Finished task 13.0 in stage 0.0 (TID 13) in 19801 ms on localhost (executor driver) (14/17)
20/02/17 02:17:33 INFO Executor: Finished task 14.0 in stage 0.0 (TID 14). 2307 bytes result sent to driver
20/02/17 02:17:33 INFO TaskSetManager: Finished task 14.0 in stage 0.0 (TID 14) in 19748 ms on localhost (executor driver) (15/17)
20/02/17 02:17:33 INFO Executor: Finished task 15.0 in stage 0.0 (TID 15). 2307 bytes result sent to driver
20/02/17 02:17:33 INFO TaskSetManager: Finished task 15.0 in stage 0.0 (TID 15) in 19495 ms on localhost (executor driver) (16/17)
20/02/17 02:17:35 INFO Executor: Finished task 16.0 in stage 0.0 (TID 16). 2264 bytes result sent to driver
20/02/17 02:17:35 INFO TaskSetManager: Finished task 16.0 in stage 0.0 (TID 16) in 2168 ms on localhost (executor driver) (17/17)
20/02/17 02:17:35 INFO TaskSchedulerImpl: Removed TaskSet 0.0, whose tasks have all completed, from pool 
20/02/17 02:17:35 INFO DAGScheduler: ResultStage 0 (json at NativeMethodAccessorImpl.java:0) finished in 79.464 s
20/02/17 02:17:35 INFO DAGScheduler: Job 0 finished: json at NativeMethodAccessorImpl.java:0, took 79.696882 s
20/02/17 02:17:36 INFO FileSourceStrategy: Pruning directories with: 
20/02/17 02:17:36 INFO FileSourceStrategy: Post-Scan Filters: (cast(cast(CASE WHEN isnull(unixReviewTime#14L) THEN 1990-01-01 ELSE from_unixtime(unixReviewTime#14L, yyyy-MM-dd, Some(Europe/Berlin)) END as date) as string) >= 2011-01-01)
20/02/17 02:17:36 INFO FileSourceStrategy: Output Data Schema: struct<asin: string, overall: double, reviewerID: string, reviewerName: string, unixReviewTime: bigint ... 3 more fields>
20/02/17 02:17:36 INFO FileSourceScanExec: Pushed Filters: 
20/02/17 02:17:37 INFO CodeGenerator: Code generated in 111.9132 ms
20/02/17 02:17:37 INFO MemoryStore: Block broadcast_2 stored as values in memory (estimated size 282.9 KB, free 365.7 MB)
20/02/17 02:17:37 INFO MemoryStore: Block broadcast_2_piece0 stored as bytes in memory (estimated size 23.3 KB, free 365.7 MB)
20/02/17 02:17:37 INFO BlockManagerInfo: Added broadcast_2_piece0 in memory on 192.168.1.25:1820 (size: 23.3 KB, free: 366.2 MB)
20/02/17 02:17:37 INFO SparkContext: Created broadcast 2 from jdbc at NativeMethodAccessorImpl.java:0
20/02/17 02:17:37 INFO FileSourceScanExec: Planning scan with bin packing, max size: 134217728 bytes, open cost is considered as scanning 4194304 bytes.
20/02/17 02:17:37 INFO SparkContext: Starting job: jdbc at NativeMethodAccessorImpl.java:0
20/02/17 02:17:37 INFO DAGScheduler: Got job 1 (jdbc at NativeMethodAccessorImpl.java:0) with 17 output partitions
20/02/17 02:17:37 INFO DAGScheduler: Final stage: ResultStage 1 (jdbc at NativeMethodAccessorImpl.java:0)
20/02/17 02:17:37 INFO DAGScheduler: Parents of final stage: List()
20/02/17 02:17:37 INFO DAGScheduler: Missing parents: List()
20/02/17 02:17:37 INFO DAGScheduler: Submitting ResultStage 1 (MapPartitionsRDD[8] at jdbc at NativeMethodAccessorImpl.java:0), which has no missing parents
20/02/17 02:17:37 INFO MemoryStore: Block broadcast_3 stored as values in memory (estimated size 67.6 KB, free 365.6 MB)
20/02/17 02:17:37 INFO MemoryStore: Block broadcast_3_piece0 stored as bytes in memory (estimated size 31.2 KB, free 365.6 MB)
20/02/17 02:17:37 INFO BlockManagerInfo: Added broadcast_3_piece0 in memory on 192.168.1.25:1820 (size: 31.2 KB, free: 366.2 MB)
20/02/17 02:17:37 INFO SparkContext: Created broadcast 3 from broadcast at DAGScheduler.scala:1163
20/02/17 02:17:37 INFO DAGScheduler: Submitting 17 missing tasks from ResultStage 1 (MapPartitionsRDD[8] at jdbc at NativeMethodAccessorImpl.java:0) (first 15 tasks are for partitions Vector(0, 1, 2, 3, 4, 5, 6, 7, 8, 9, 10, 11, 12, 13, 14))
20/02/17 02:17:37 INFO TaskSchedulerImpl: Adding task set 1.0 with 17 tasks
20/02/17 02:17:37 INFO TaskSetManager: Starting task 0.0 in stage 1.0 (TID 17, localhost, executor driver, partition 0, PROCESS_LOCAL, 8269 bytes)
20/02/17 02:17:37 INFO TaskSetManager: Starting task 1.0 in stage 1.0 (TID 18, localhost, executor driver, partition 1, PROCESS_LOCAL, 8269 bytes)
20/02/17 02:17:37 INFO TaskSetManager: Starting task 2.0 in stage 1.0 (TID 19, localhost, executor driver, partition 2, PROCESS_LOCAL, 8269 bytes)
20/02/17 02:17:37 INFO TaskSetManager: Starting task 3.0 in stage 1.0 (TID 20, localhost, executor driver, partition 3, PROCESS_LOCAL, 8269 bytes)
20/02/17 02:17:37 INFO Executor: Running task 0.0 in stage 1.0 (TID 17)
20/02/17 02:17:37 INFO Executor: Running task 1.0 in stage 1.0 (TID 18)
20/02/17 02:17:37 INFO Executor: Running task 2.0 in stage 1.0 (TID 19)
20/02/17 02:17:37 INFO Executor: Running task 3.0 in stage 1.0 (TID 20)
20/02/17 02:17:37 INFO CodeGenerator: Code generated in 57.1397 ms
20/02/17 02:17:37 INFO FileScanRDD: Reading File path: file:///edw/Reviews/SourceCode/data/asin_reviews.json, range: 134217728-268435456, partition values: [empty row]
20/02/17 02:17:37 INFO FileScanRDD: Reading File path: file:///edw/Reviews/SourceCode/data/asin_reviews.json, range: 0-134217728, partition values: [empty row]
20/02/17 02:17:37 INFO CodeGenerator: Code generated in 43.1775 ms
20/02/17 02:17:37 INFO FileScanRDD: Reading File path: file:///edw/Reviews/SourceCode/data/asin_reviews.json, range: 268435456-402653184, partition values: [empty row]
20/02/17 02:17:37 INFO FileScanRDD: Reading File path: file:///edw/Reviews/SourceCode/data/asin_reviews.json, range: 402653184-536870912, partition values: [empty row]
20/02/17 02:17:51 INFO Executor: Finished task 0.0 in stage 1.0 (TID 17). 1542 bytes result sent to driver
20/02/17 02:17:51 INFO TaskSetManager: Starting task 4.0 in stage 1.0 (TID 21, localhost, executor driver, partition 4, PROCESS_LOCAL, 8269 bytes)
20/02/17 02:17:51 INFO TaskSetManager: Finished task 0.0 in stage 1.0 (TID 17) in 14228 ms on localhost (executor driver) (1/17)
20/02/17 02:17:51 INFO Executor: Running task 4.0 in stage 1.0 (TID 21)
20/02/17 02:17:52 INFO FileScanRDD: Reading File path: file:///edw/Reviews/SourceCode/data/asin_reviews.json, range: 536870912-671088640, partition values: [empty row]
20/02/17 02:17:52 INFO Executor: Finished task 1.0 in stage 1.0 (TID 18). 1499 bytes result sent to driver
20/02/17 02:17:52 INFO TaskSetManager: Starting task 5.0 in stage 1.0 (TID 22, localhost, executor driver, partition 5, PROCESS_LOCAL, 8269 bytes)
20/02/17 02:17:52 INFO TaskSetManager: Finished task 1.0 in stage 1.0 (TID 18) in 15265 ms on localhost (executor driver) (2/17)
20/02/17 02:17:52 INFO Executor: Running task 5.0 in stage 1.0 (TID 22)
20/02/17 02:17:53 INFO FileScanRDD: Reading File path: file:///edw/Reviews/SourceCode/data/asin_reviews.json, range: 671088640-805306368, partition values: [empty row]
20/02/17 02:17:53 INFO Executor: Finished task 2.0 in stage 1.0 (TID 19). 1499 bytes result sent to driver
20/02/17 02:17:53 INFO Executor: Finished task 3.0 in stage 1.0 (TID 20). 1499 bytes result sent to driver
20/02/17 02:17:53 INFO TaskSetManager: Starting task 6.0 in stage 1.0 (TID 23, localhost, executor driver, partition 6, PROCESS_LOCAL, 8269 bytes)
20/02/17 02:17:53 INFO TaskSetManager: Starting task 7.0 in stage 1.0 (TID 24, localhost, executor driver, partition 7, PROCESS_LOCAL, 8269 bytes)
20/02/17 02:17:53 INFO Executor: Running task 6.0 in stage 1.0 (TID 23)
20/02/17 02:17:53 INFO TaskSetManager: Finished task 2.0 in stage 1.0 (TID 19) in 15808 ms on localhost (executor driver) (3/17)
20/02/17 02:17:53 INFO TaskSetManager: Finished task 3.0 in stage 1.0 (TID 20) in 15810 ms on localhost (executor driver) (4/17)
20/02/17 02:17:53 INFO Executor: Running task 7.0 in stage 1.0 (TID 24)
20/02/17 02:17:53 INFO FileScanRDD: Reading File path: file:///edw/Reviews/SourceCode/data/asin_reviews.json, range: 939524096-1073741824, partition values: [empty row]
20/02/17 02:17:53 INFO FileScanRDD: Reading File path: file:///edw/Reviews/SourceCode/data/asin_reviews.json, range: 805306368-939524096, partition values: [empty row]
20/02/17 02:18:05 INFO Executor: Finished task 4.0 in stage 1.0 (TID 21). 1456 bytes result sent to driver
20/02/17 02:18:05 INFO TaskSetManager: Starting task 8.0 in stage 1.0 (TID 25, localhost, executor driver, partition 8, PROCESS_LOCAL, 8269 bytes)
20/02/17 02:18:05 INFO TaskSetManager: Finished task 4.0 in stage 1.0 (TID 21) in 13831 ms on localhost (executor driver) (5/17)
20/02/17 02:18:05 INFO Executor: Running task 8.0 in stage 1.0 (TID 25)
20/02/17 02:18:05 INFO FileScanRDD: Reading File path: file:///edw/Reviews/SourceCode/data/asin_reviews.json, range: 1073741824-1207959552, partition values: [empty row]
20/02/17 02:18:05 INFO Executor: Finished task 6.0 in stage 1.0 (TID 23). 1499 bytes result sent to driver
20/02/17 02:18:05 INFO TaskSetManager: Starting task 9.0 in stage 1.0 (TID 26, localhost, executor driver, partition 9, PROCESS_LOCAL, 8269 bytes)
20/02/17 02:18:05 INFO TaskSetManager: Finished task 6.0 in stage 1.0 (TID 23) in 12571 ms on localhost (executor driver) (6/17)
20/02/17 02:18:05 INFO Executor: Running task 9.0 in stage 1.0 (TID 26)
20/02/17 02:18:06 INFO FileScanRDD: Reading File path: file:///edw/Reviews/SourceCode/data/asin_reviews.json, range: 1207959552-1342177280, partition values: [empty row]
20/02/17 02:18:06 INFO Executor: Finished task 5.0 in stage 1.0 (TID 22). 1456 bytes result sent to driver
20/02/17 02:18:06 INFO TaskSetManager: Starting task 10.0 in stage 1.0 (TID 27, localhost, executor driver, partition 10, PROCESS_LOCAL, 8269 bytes)
20/02/17 02:18:06 INFO TaskSetManager: Finished task 5.0 in stage 1.0 (TID 22) in 13276 ms on localhost (executor driver) (7/17)
20/02/17 02:18:06 INFO Executor: Running task 10.0 in stage 1.0 (TID 27)
20/02/17 02:18:06 INFO FileScanRDD: Reading File path: file:///edw/Reviews/SourceCode/data/asin_reviews.json, range: 1342177280-1476395008, partition values: [empty row]
20/02/17 02:18:06 INFO Executor: Finished task 7.0 in stage 1.0 (TID 24). 1456 bytes result sent to driver
20/02/17 02:18:06 INFO TaskSetManager: Starting task 11.0 in stage 1.0 (TID 28, localhost, executor driver, partition 11, PROCESS_LOCAL, 8269 bytes)
20/02/17 02:18:06 INFO TaskSetManager: Finished task 7.0 in stage 1.0 (TID 24) in 13190 ms on localhost (executor driver) (8/17)
20/02/17 02:18:06 INFO Executor: Running task 11.0 in stage 1.0 (TID 28)
20/02/17 02:18:06 INFO FileScanRDD: Reading File path: file:///edw/Reviews/SourceCode/data/asin_reviews.json, range: 1476395008-1610612736, partition values: [empty row]
20/02/17 02:18:18 INFO Executor: Finished task 8.0 in stage 1.0 (TID 25). 1499 bytes result sent to driver
20/02/17 02:18:18 INFO TaskSetManager: Starting task 12.0 in stage 1.0 (TID 29, localhost, executor driver, partition 12, PROCESS_LOCAL, 8269 bytes)
20/02/17 02:18:18 INFO TaskSetManager: Finished task 8.0 in stage 1.0 (TID 25) in 13247 ms on localhost (executor driver) (9/17)
20/02/17 02:18:18 INFO Executor: Running task 12.0 in stage 1.0 (TID 29)
20/02/17 02:18:19 INFO Executor: Finished task 10.0 in stage 1.0 (TID 27). 1499 bytes result sent to driver
20/02/17 02:18:19 INFO TaskSetManager: Starting task 13.0 in stage 1.0 (TID 30, localhost, executor driver, partition 13, PROCESS_LOCAL, 8269 bytes)
20/02/17 02:18:19 INFO TaskSetManager: Finished task 10.0 in stage 1.0 (TID 27) in 12942 ms on localhost (executor driver) (10/17)
20/02/17 02:18:19 INFO Executor: Running task 13.0 in stage 1.0 (TID 30)
20/02/17 02:18:19 INFO Executor: Finished task 9.0 in stage 1.0 (TID 26). 1456 bytes result sent to driver
20/02/17 02:18:19 INFO TaskSetManager: Starting task 14.0 in stage 1.0 (TID 31, localhost, executor driver, partition 14, PROCESS_LOCAL, 8269 bytes)
20/02/17 02:18:19 INFO TaskSetManager: Finished task 9.0 in stage 1.0 (TID 26) in 13134 ms on localhost (executor driver) (11/17)
20/02/17 02:18:19 INFO Executor: Running task 14.0 in stage 1.0 (TID 31)
20/02/17 02:18:19 INFO FileScanRDD: Reading File path: file:///edw/Reviews/SourceCode/data/asin_reviews.json, range: 1879048192-2013265920, partition values: [empty row]
20/02/17 02:18:19 INFO FileScanRDD: Reading File path: file:///edw/Reviews/SourceCode/data/asin_reviews.json, range: 1744830464-1879048192, partition values: [empty row]
20/02/17 02:18:19 INFO FileScanRDD: Reading File path: file:///edw/Reviews/SourceCode/data/asin_reviews.json, range: 1610612736-1744830464, partition values: [empty row]
20/02/17 02:18:19 INFO Executor: Finished task 11.0 in stage 1.0 (TID 28). 1499 bytes result sent to driver
20/02/17 02:18:19 INFO TaskSetManager: Starting task 15.0 in stage 1.0 (TID 32, localhost, executor driver, partition 15, PROCESS_LOCAL, 8269 bytes)
20/02/17 02:18:19 INFO TaskSetManager: Finished task 11.0 in stage 1.0 (TID 28) in 12848 ms on localhost (executor driver) (12/17)
20/02/17 02:18:19 INFO Executor: Running task 15.0 in stage 1.0 (TID 32)
20/02/17 02:18:19 INFO FileScanRDD: Reading File path: file:///edw/Reviews/SourceCode/data/asin_reviews.json, range: 2013265920-2147483648, partition values: [empty row]
20/02/17 02:18:32 INFO Executor: Finished task 14.0 in stage 1.0 (TID 31). 1456 bytes result sent to driver
20/02/17 02:18:32 INFO TaskSetManager: Starting task 16.0 in stage 1.0 (TID 33, localhost, executor driver, partition 16, PROCESS_LOCAL, 8269 bytes)
20/02/17 02:18:32 INFO TaskSetManager: Finished task 14.0 in stage 1.0 (TID 31) in 13254 ms on localhost (executor driver) (13/17)
20/02/17 02:18:32 INFO Executor: Running task 16.0 in stage 1.0 (TID 33)
20/02/17 02:18:32 INFO Executor: Finished task 12.0 in stage 1.0 (TID 29). 1499 bytes result sent to driver
20/02/17 02:18:32 INFO TaskSetManager: Finished task 12.0 in stage 1.0 (TID 29) in 13632 ms on localhost (executor driver) (14/17)
20/02/17 02:18:32 INFO Executor: Finished task 15.0 in stage 1.0 (TID 32). 1499 bytes result sent to driver
20/02/17 02:18:32 INFO TaskSetManager: Finished task 15.0 in stage 1.0 (TID 32) in 13289 ms on localhost (executor driver) (15/17)
20/02/17 02:18:32 INFO Executor: Finished task 13.0 in stage 1.0 (TID 30). 1499 bytes result sent to driver
20/02/17 02:18:32 INFO TaskSetManager: Finished task 13.0 in stage 1.0 (TID 30) in 13664 ms on localhost (executor driver) (16/17)
20/02/17 02:18:32 INFO FileScanRDD: Reading File path: file:///edw/Reviews/SourceCode/data/asin_reviews.json, range: 2147483648-2257657248, partition values: [empty row]
20/02/17 02:18:45 INFO Executor: Finished task 16.0 in stage 1.0 (TID 33). 1456 bytes result sent to driver
20/02/17 02:18:45 INFO TaskSetManager: Finished task 16.0 in stage 1.0 (TID 33) in 13615 ms on localhost (executor driver) (17/17)
20/02/17 02:18:45 INFO TaskSchedulerImpl: Removed TaskSet 1.0, whose tasks have all completed, from pool 
20/02/17 02:18:45 INFO DAGScheduler: ResultStage 1 (jdbc at NativeMethodAccessorImpl.java:0) finished in 68.478 s
20/02/17 02:18:45 INFO DAGScheduler: Job 1 finished: jdbc at NativeMethodAccessorImpl.java:0, took 68.488778 s
root
 |-- reviewer_id: string (nullable = true)
 |-- reviewer_nm: string (nullable = true)
 |-- add_td: timestamp (nullable = true)
 |-- modified_td: timestamp (nullable = true)

root
 |-- asin: string (nullable = true)
 |-- reviewRating: double (nullable = true)
 |-- reviewerID: string (nullable = true)
 |-- reviewerName: string (nullable = true)
 |-- reviewDate: date (nullable = true)

Traceback (most recent call last):
  File "/edw/Reviews/spark-2.4.5-bin-hadoop2.7/python/lib/pyspark.zip/pyspark/sql/utils.py", line 63, in deco
  File "/edw/Reviews/spark-2.4.5-bin-hadoop2.7/python/lib/py4j-0.10.7-src.zip/py4j/protocol.py", line 328, in get_return_value
py4j.protocol.Py4JJavaError: An error occurred while calling o66.filter.
: org.apache.spark.sql.AnalysisException: cannot resolve '`Reviewer_Core_df.reviewer_id`' given input columns: [reviewRating, asin, reviewer_id, modified_td, reviewerName, add_td, reviewDate, reviewer_nm, reviewerID];;
'Filter 'Reviewer_Core_df.reviewer_id
+- Join LeftOuter, (reviewerID#11 = reviewer_id#47)
   :- Filter (cast(reviewDate#25 as string) >= 2011-01-01)
   :  +- Project [asin#6, overall#8 AS reviewRating#24, reviewerID#11, reviewerName#12, cast(CASE WHEN isnull(unixReviewTime#14L) THEN 1990-01-01 ELSE from_unixtime(unixReviewTime#14L, yyyy-MM-dd, Some(Europe/Berlin)) END as date) AS reviewDate#25]
   :     +- Relation[asin#6,helpful#7,overall#8,reviewText#9,reviewTime#10,reviewerID#11,reviewerName#12,summary#13,unixReviewTime#14L] json
   +- Relation[reviewer_id#47,reviewer_nm#48,add_td#49,modified_td#50] JDBCRelation("CORE_DB".REVIEWER_DIM) [numPartitions=1]

	at org.apache.spark.sql.catalyst.analysis.package$AnalysisErrorAt.failAnalysis(package.scala:42)
	at org.apache.spark.sql.catalyst.analysis.CheckAnalysis$$anonfun$checkAnalysis$1$$anonfun$apply$3.applyOrElse(CheckAnalysis.scala:111)
	at org.apache.spark.sql.catalyst.analysis.CheckAnalysis$$anonfun$checkAnalysis$1$$anonfun$apply$3.applyOrElse(CheckAnalysis.scala:108)
	at org.apache.spark.sql.catalyst.trees.TreeNode$$anonfun$transformUp$1.apply(TreeNode.scala:280)
	at org.apache.spark.sql.catalyst.trees.TreeNode$$anonfun$transformUp$1.apply(TreeNode.scala:280)
	at org.apache.spark.sql.catalyst.trees.CurrentOrigin$.withOrigin(TreeNode.scala:69)
	at org.apache.spark.sql.catalyst.trees.TreeNode.transformUp(TreeNode.scala:279)
	at org.apache.spark.sql.catalyst.plans.QueryPlan$$anonfun$transformExpressionsUp$1.apply(QueryPlan.scala:93)
	at org.apache.spark.sql.catalyst.plans.QueryPlan$$anonfun$transformExpressionsUp$1.apply(QueryPlan.scala:93)
	at org.apache.spark.sql.catalyst.plans.QueryPlan$$anonfun$1.apply(QueryPlan.scala:105)
	at org.apache.spark.sql.catalyst.plans.QueryPlan$$anonfun$1.apply(QueryPlan.scala:105)
	at org.apache.spark.sql.catalyst.trees.CurrentOrigin$.withOrigin(TreeNode.scala:69)
	at org.apache.spark.sql.catalyst.plans.QueryPlan.transformExpression$1(QueryPlan.scala:104)
	at org.apache.spark.sql.catalyst.plans.QueryPlan.org$apache$spark$sql$catalyst$plans$QueryPlan$$recursiveTransform$1(QueryPlan.scala:116)
	at org.apache.spark.sql.catalyst.plans.QueryPlan$$anonfun$2.apply(QueryPlan.scala:126)
	at org.apache.spark.sql.catalyst.trees.TreeNode.mapProductIterator(TreeNode.scala:186)
	at org.apache.spark.sql.catalyst.plans.QueryPlan.mapExpressions(QueryPlan.scala:126)
	at org.apache.spark.sql.catalyst.plans.QueryPlan.transformExpressionsUp(QueryPlan.scala:93)
	at org.apache.spark.sql.catalyst.analysis.CheckAnalysis$$anonfun$checkAnalysis$1.apply(CheckAnalysis.scala:108)
	at org.apache.spark.sql.catalyst.analysis.CheckAnalysis$$anonfun$checkAnalysis$1.apply(CheckAnalysis.scala:86)
	at org.apache.spark.sql.catalyst.trees.TreeNode.foreachUp(TreeNode.scala:126)
	at org.apache.spark.sql.catalyst.analysis.CheckAnalysis$class.checkAnalysis(CheckAnalysis.scala:86)
	at org.apache.spark.sql.catalyst.analysis.Analyzer.checkAnalysis(Analyzer.scala:95)
	at org.apache.spark.sql.catalyst.analysis.Analyzer$$anonfun$executeAndCheck$1.apply(Analyzer.scala:108)
	at org.apache.spark.sql.catalyst.analysis.Analyzer$$anonfun$executeAndCheck$1.apply(Analyzer.scala:105)
	at org.apache.spark.sql.catalyst.plans.logical.AnalysisHelper$.markInAnalyzer(AnalysisHelper.scala:201)
	at org.apache.spark.sql.catalyst.analysis.Analyzer.executeAndCheck(Analyzer.scala:105)
	at org.apache.spark.sql.execution.QueryExecution.analyzed$lzycompute(QueryExecution.scala:58)
	at org.apache.spark.sql.execution.QueryExecution.analyzed(QueryExecution.scala:56)
	at org.apache.spark.sql.execution.QueryExecution.assertAnalyzed(QueryExecution.scala:48)
	at org.apache.spark.sql.Dataset.<init>(Dataset.scala:176)
	at org.apache.spark.sql.Dataset.<init>(Dataset.scala:182)
	at org.apache.spark.sql.Dataset$.apply(Dataset.scala:64)
	at org.apache.spark.sql.Dataset.withTypedPlan(Dataset.scala:3417)
	at org.apache.spark.sql.Dataset.filter(Dataset.scala:1490)
	at sun.reflect.NativeMethodAccessorImpl.invoke0(Native Method)
	at sun.reflect.NativeMethodAccessorImpl.invoke(NativeMethodAccessorImpl.java:62)
	at sun.reflect.DelegatingMethodAccessorImpl.invoke(DelegatingMethodAccessorImpl.java:43)
	at java.lang.reflect.Method.invoke(Method.java:498)
	at py4j.reflection.MethodInvoker.invoke(MethodInvoker.java:244)
	at py4j.reflection.ReflectionEngine.invoke(ReflectionEngine.java:357)
	at py4j.Gateway.invoke(Gateway.java:282)
	at py4j.commands.AbstractCommand.invokeMethod(AbstractCommand.java:132)
	at py4j.commands.CallCommand.execute(CallCommand.java:79)
	at py4j.GatewayConnection.run(GatewayConnection.java:238)
	at java.lang.Thread.run(Thread.java:748)


During handling of the above exception, another exception occurred:

Traceback (most recent call last):
  File "/edw/Reviews/SourceCode/python/rating_ods_load.py", line 41, in <module>
    Updated_Reviewer_df = Cl_Reviews_df.join(Reviewer_Core_df, Cl_Reviews_df.reviewerID == Reviewer_Core_df.reviewer_id, how = 'left').filter(col('Reviewer_Core_df.reviewer_id')).isNull()
  File "/edw/Reviews/spark-2.4.5-bin-hadoop2.7/python/lib/pyspark.zip/pyspark/sql/dataframe.py", line 1364, in filter
  File "/edw/Reviews/spark-2.4.5-bin-hadoop2.7/python/lib/py4j-0.10.7-src.zip/py4j/java_gateway.py", line 1257, in __call__
  File "/edw/Reviews/spark-2.4.5-bin-hadoop2.7/python/lib/pyspark.zip/pyspark/sql/utils.py", line 69, in deco
pyspark.sql.utils.AnalysisException: 'cannot resolve \'`Reviewer_Core_df.reviewer_id`\' given input columns: [reviewRating, asin, reviewer_id, modified_td, reviewerName, add_td, reviewDate, reviewer_nm, reviewerID];;\n\'Filter \'Reviewer_Core_df.reviewer_id\n+- Join LeftOuter, (reviewerID#11 = reviewer_id#47)\n   :- Filter (cast(reviewDate#25 as string) >= 2011-01-01)\n   :  +- Project [asin#6, overall#8 AS reviewRating#24, reviewerID#11, reviewerName#12, cast(CASE WHEN isnull(unixReviewTime#14L) THEN 1990-01-01 ELSE from_unixtime(unixReviewTime#14L, yyyy-MM-dd, Some(Europe/Berlin)) END as date) AS reviewDate#25]\n   :     +- Relation[asin#6,helpful#7,overall#8,reviewText#9,reviewTime#10,reviewerID#11,reviewerName#12,summary#13,unixReviewTime#14L] json\n   +- Relation[reviewer_id#47,reviewer_nm#48,add_td#49,modified_td#50] JDBCRelation("CORE_DB".REVIEWER_DIM) [numPartitions=1]\n'
20/02/17 02:18:50 INFO SparkContext: Invoking stop() from shutdown hook
20/02/17 02:18:50 INFO SparkUI: Stopped Spark web UI at http://192.168.1.25:4040
20/02/17 02:18:50 INFO MapOutputTrackerMasterEndpoint: MapOutputTrackerMasterEndpoint stopped!
20/02/17 02:18:51 INFO MemoryStore: MemoryStore cleared
20/02/17 02:18:51 INFO BlockManager: BlockManager stopped
20/02/17 02:18:51 INFO BlockManagerMaster: BlockManagerMaster stopped
20/02/17 02:18:51 INFO OutputCommitCoordinator$OutputCommitCoordinatorEndpoint: OutputCommitCoordinator stopped!
20/02/17 02:18:51 INFO SparkContext: Successfully stopped SparkContext
20/02/17 02:18:51 INFO ShutdownHookManager: Shutdown hook called
20/02/17 02:18:51 INFO ShutdownHookManager: Deleting directory /tmp/spark-50c1f017-26ac-4a8f-9744-c229937a35a4
20/02/17 02:18:51 INFO ShutdownHookManager: Deleting directory /tmp/spark-eaab1cd9-3e4b-48b6-9a72-5b2e7df2499d
20/02/17 02:18:51 INFO ShutdownHookManager: Deleting directory /tmp/spark-50c1f017-26ac-4a8f-9744-c229937a35a4/pyspark-693ebf8e-9885-4d16-88f8-a0138552004f
