###################################################################################################################################
###################################################################################################################################
Load to stage in progress
###################################################################################################################################
###################################################################################################################################
20/02/16 19:10:48 WARN Utils: Your hostname, DESKTOP-502C4I4 resolves to a loopback address: 127.0.1.1; using 192.168.1.25 instead (on interface wifi0)
20/02/16 19:10:48 WARN Utils: Set SPARK_LOCAL_IP if you need to bind to another address
20/02/16 19:10:50 WARN NativeCodeLoader: Unable to load native-hadoop library for your platform... using builtin-java classes where applicable
Using Spark's default log4j profile: org/apache/spark/log4j-defaults.properties
20/02/16 19:10:54 INFO SparkContext: Running Spark version 2.4.5
20/02/16 19:10:54 INFO SparkContext: Submitted application: ReviewsOdsSession
20/02/16 19:10:54 INFO SecurityManager: Changing view acls to: devetluser
20/02/16 19:10:54 INFO SecurityManager: Changing modify acls to: devetluser
20/02/16 19:10:54 INFO SecurityManager: Changing view acls groups to: 
20/02/16 19:10:54 INFO SecurityManager: Changing modify acls groups to: 
20/02/16 19:10:54 INFO SecurityManager: SecurityManager: authentication disabled; ui acls disabled; users  with view permissions: Set(devetluser); groups with view permissions: Set(); users  with modify permissions: Set(devetluser); groups with modify permissions: Set()
20/02/16 19:10:55 INFO Utils: Successfully started service 'sparkDriver' on port 6661.
20/02/16 19:10:55 INFO SparkEnv: Registering MapOutputTracker
20/02/16 19:10:55 INFO SparkEnv: Registering BlockManagerMaster
20/02/16 19:10:55 INFO BlockManagerMasterEndpoint: Using org.apache.spark.storage.DefaultTopologyMapper for getting topology information
20/02/16 19:10:55 INFO BlockManagerMasterEndpoint: BlockManagerMasterEndpoint up
20/02/16 19:10:55 INFO DiskBlockManager: Created local directory at /tmp/blockmgr-d4d0bed6-6b3e-4f37-802c-c5113b771d91
20/02/16 19:10:55 INFO MemoryStore: MemoryStore started with capacity 366.3 MB
20/02/16 19:10:55 INFO SparkEnv: Registering OutputCommitCoordinator
20/02/16 19:10:56 INFO Utils: Successfully started service 'SparkUI' on port 4040.
20/02/16 19:10:56 INFO SparkUI: Bound SparkUI to 0.0.0.0, and started at http://192.168.1.25:4040
20/02/16 19:10:56 INFO Executor: Starting executor ID driver on host localhost
20/02/16 19:10:56 INFO Utils: Successfully started service 'org.apache.spark.network.netty.NettyBlockTransferService' on port 6663.
20/02/16 19:10:56 INFO NettyBlockTransferService: Server created on 192.168.1.25:6663
20/02/16 19:10:56 INFO BlockManager: Using org.apache.spark.storage.RandomBlockReplicationPolicy for block replication policy
20/02/16 19:10:56 INFO BlockManagerMaster: Registering BlockManager BlockManagerId(driver, 192.168.1.25, 6663, None)
20/02/16 19:10:56 INFO BlockManagerMasterEndpoint: Registering block manager 192.168.1.25:6663 with 366.3 MB RAM, BlockManagerId(driver, 192.168.1.25, 6663, None)
20/02/16 19:10:56 INFO BlockManagerMaster: Registered BlockManager BlockManagerId(driver, 192.168.1.25, 6663, None)
20/02/16 19:10:56 INFO BlockManager: Initialized BlockManager: BlockManagerId(driver, 192.168.1.25, 6663, None)
20/02/16 19:10:58 INFO SharedState: Setting hive.metastore.warehouse.dir ('null') to the value of spark.sql.warehouse.dir ('file:/edw/Reviews/SourceCode/bash/spark-warehouse').
20/02/16 19:10:58 INFO SharedState: Warehouse path is 'file:/edw/Reviews/SourceCode/bash/spark-warehouse'.
20/02/16 19:10:59 INFO StateStoreCoordinatorRef: Registered StateStoreCoordinator endpoint
20/02/16 19:11:00 INFO InMemoryFileIndex: It took 69 ms to list leaf files for 1 paths.
20/02/16 19:11:00 INFO InMemoryFileIndex: It took 2 ms to list leaf files for 1 paths.
20/02/16 19:11:04 INFO FileSourceStrategy: Pruning directories with: 
20/02/16 19:11:04 INFO FileSourceStrategy: Post-Scan Filters: 
20/02/16 19:11:04 INFO FileSourceStrategy: Output Data Schema: struct<value: string>
20/02/16 19:11:04 INFO FileSourceScanExec: Pushed Filters: 
20/02/16 19:11:05 INFO CodeGenerator: Code generated in 371.7126 ms
20/02/16 19:11:05 INFO MemoryStore: Block broadcast_0 stored as values in memory (estimated size 282.9 KB, free 366.0 MB)
20/02/16 19:11:06 INFO MemoryStore: Block broadcast_0_piece0 stored as bytes in memory (estimated size 23.3 KB, free 366.0 MB)
20/02/16 19:11:06 INFO BlockManagerInfo: Added broadcast_0_piece0 in memory on 192.168.1.25:6663 (size: 23.3 KB, free: 366.3 MB)
20/02/16 19:11:06 INFO SparkContext: Created broadcast 0 from json at NativeMethodAccessorImpl.java:0
20/02/16 19:11:06 INFO FileSourceScanExec: Planning scan with bin packing, max size: 134217728 bytes, open cost is considered as scanning 4194304 bytes.
20/02/16 19:11:06 INFO SparkContext: Starting job: json at NativeMethodAccessorImpl.java:0
20/02/16 19:11:06 INFO DAGScheduler: Got job 0 (json at NativeMethodAccessorImpl.java:0) with 29 output partitions
20/02/16 19:11:06 INFO DAGScheduler: Final stage: ResultStage 0 (json at NativeMethodAccessorImpl.java:0)
20/02/16 19:11:06 INFO DAGScheduler: Parents of final stage: List()
20/02/16 19:11:06 INFO DAGScheduler: Missing parents: List()
20/02/16 19:11:06 INFO DAGScheduler: Submitting ResultStage 0 (MapPartitionsRDD[3] at json at NativeMethodAccessorImpl.java:0), which has no missing parents
20/02/16 19:11:06 INFO MemoryStore: Block broadcast_1 stored as values in memory (estimated size 11.6 KB, free 366.0 MB)
20/02/16 19:11:06 INFO MemoryStore: Block broadcast_1_piece0 stored as bytes in memory (estimated size 6.7 KB, free 366.0 MB)
20/02/16 19:11:06 INFO BlockManagerInfo: Added broadcast_1_piece0 in memory on 192.168.1.25:6663 (size: 6.7 KB, free: 366.3 MB)
20/02/16 19:11:06 INFO SparkContext: Created broadcast 1 from broadcast at DAGScheduler.scala:1163
20/02/16 19:11:06 INFO DAGScheduler: Submitting 29 missing tasks from ResultStage 0 (MapPartitionsRDD[3] at json at NativeMethodAccessorImpl.java:0) (first 15 tasks are for partitions Vector(0, 1, 2, 3, 4, 5, 6, 7, 8, 9, 10, 11, 12, 13, 14))
20/02/16 19:11:06 INFO TaskSchedulerImpl: Adding task set 0.0 with 29 tasks
20/02/16 19:11:06 INFO TaskSetManager: Starting task 0.0 in stage 0.0 (TID 0, localhost, executor driver, partition 0, PROCESS_LOCAL, 8269 bytes)
20/02/16 19:11:06 INFO TaskSetManager: Starting task 1.0 in stage 0.0 (TID 1, localhost, executor driver, partition 1, PROCESS_LOCAL, 8269 bytes)
20/02/16 19:11:06 INFO TaskSetManager: Starting task 2.0 in stage 0.0 (TID 2, localhost, executor driver, partition 2, PROCESS_LOCAL, 8269 bytes)
20/02/16 19:11:06 INFO TaskSetManager: Starting task 3.0 in stage 0.0 (TID 3, localhost, executor driver, partition 3, PROCESS_LOCAL, 8269 bytes)
20/02/16 19:11:06 INFO Executor: Running task 1.0 in stage 0.0 (TID 1)
20/02/16 19:11:06 INFO Executor: Running task 0.0 in stage 0.0 (TID 0)
20/02/16 19:11:06 INFO Executor: Running task 2.0 in stage 0.0 (TID 2)
20/02/16 19:11:06 INFO Executor: Running task 3.0 in stage 0.0 (TID 3)
20/02/16 19:11:07 INFO FileScanRDD: Reading File path: file:///edw/Reviews/SourceCode/data/asin_reviews.json, range: 268435456-402653184, partition values: [empty row]
20/02/16 19:11:07 INFO FileScanRDD: Reading File path: file:///edw/Reviews/SourceCode/data/asin_reviews.json, range: 0-134217728, partition values: [empty row]
20/02/16 19:11:07 INFO FileScanRDD: Reading File path: file:///edw/Reviews/SourceCode/data/asin_reviews.json, range: 134217728-268435456, partition values: [empty row]
20/02/16 19:11:07 INFO FileScanRDD: Reading File path: file:///edw/Reviews/SourceCode/data/asin_reviews.json, range: 402653184-536870912, partition values: [empty row]
20/02/16 19:11:07 INFO CodeGenerator: Code generated in 20.2967 ms
20/02/16 19:11:26 INFO Executor: Finished task 3.0 in stage 0.0 (TID 3). 2350 bytes result sent to driver
20/02/16 19:11:26 INFO Executor: Finished task 2.0 in stage 0.0 (TID 2). 2350 bytes result sent to driver
20/02/16 19:11:26 INFO Executor: Finished task 1.0 in stage 0.0 (TID 1). 2307 bytes result sent to driver
20/02/16 19:11:26 INFO TaskSetManager: Starting task 4.0 in stage 0.0 (TID 4, localhost, executor driver, partition 4, PROCESS_LOCAL, 8269 bytes)
20/02/16 19:11:26 INFO Executor: Running task 4.0 in stage 0.0 (TID 4)
20/02/16 19:11:26 INFO TaskSetManager: Starting task 5.0 in stage 0.0 (TID 5, localhost, executor driver, partition 5, PROCESS_LOCAL, 8269 bytes)
20/02/16 19:11:26 INFO Executor: Running task 5.0 in stage 0.0 (TID 5)
20/02/16 19:11:26 INFO TaskSetManager: Starting task 6.0 in stage 0.0 (TID 6, localhost, executor driver, partition 6, PROCESS_LOCAL, 8269 bytes)
20/02/16 19:11:26 INFO Executor: Finished task 0.0 in stage 0.0 (TID 0). 2307 bytes result sent to driver
20/02/16 19:11:26 INFO FileScanRDD: Reading File path: file:///edw/Reviews/SourceCode/data/asin_reviews.json, range: 671088640-805306368, partition values: [empty row]
20/02/16 19:11:26 INFO Executor: Running task 6.0 in stage 0.0 (TID 6)
20/02/16 19:11:26 INFO FileScanRDD: Reading File path: file:///edw/Reviews/SourceCode/data/asin_reviews.json, range: 805306368-939524096, partition values: [empty row]
20/02/16 19:11:26 INFO TaskSetManager: Starting task 7.0 in stage 0.0 (TID 7, localhost, executor driver, partition 7, PROCESS_LOCAL, 8269 bytes)
20/02/16 19:11:26 INFO FileScanRDD: Reading File path: file:///edw/Reviews/SourceCode/data/asin_reviews.json, range: 536870912-671088640, partition values: [empty row]
20/02/16 19:11:26 INFO Executor: Running task 7.0 in stage 0.0 (TID 7)
20/02/16 19:11:26 INFO TaskSetManager: Finished task 2.0 in stage 0.0 (TID 2) in 19583 ms on localhost (executor driver) (1/29)
20/02/16 19:11:26 INFO FileScanRDD: Reading File path: file:///edw/Reviews/SourceCode/data/asin_reviews.json, range: 939524096-1073741824, partition values: [empty row]
20/02/16 19:11:26 INFO TaskSetManager: Finished task 3.0 in stage 0.0 (TID 3) in 19600 ms on localhost (executor driver) (2/29)
20/02/16 19:11:26 INFO TaskSetManager: Finished task 1.0 in stage 0.0 (TID 1) in 19605 ms on localhost (executor driver) (3/29)
20/02/16 19:11:26 INFO TaskSetManager: Finished task 0.0 in stage 0.0 (TID 0) in 19627 ms on localhost (executor driver) (4/29)
20/02/16 19:11:46 INFO Executor: Finished task 5.0 in stage 0.0 (TID 5). 2264 bytes result sent to driver
20/02/16 19:11:46 INFO TaskSetManager: Starting task 8.0 in stage 0.0 (TID 8, localhost, executor driver, partition 8, PROCESS_LOCAL, 8269 bytes)
20/02/16 19:11:46 INFO TaskSetManager: Finished task 5.0 in stage 0.0 (TID 5) in 20519 ms on localhost (executor driver) (5/29)
20/02/16 19:11:46 INFO Executor: Running task 8.0 in stage 0.0 (TID 8)
20/02/16 19:11:46 INFO FileScanRDD: Reading File path: file:///edw/Reviews/SourceCode/data/asin_reviews.json, range: 1073741824-1207959552, partition values: [empty row]
20/02/16 19:11:47 INFO Executor: Finished task 6.0 in stage 0.0 (TID 6). 2264 bytes result sent to driver
20/02/16 19:11:47 INFO TaskSetManager: Starting task 9.0 in stage 0.0 (TID 9, localhost, executor driver, partition 9, PROCESS_LOCAL, 8269 bytes)
20/02/16 19:11:47 INFO TaskSetManager: Finished task 6.0 in stage 0.0 (TID 6) in 20595 ms on localhost (executor driver) (6/29)
20/02/16 19:11:47 INFO Executor: Running task 9.0 in stage 0.0 (TID 9)
20/02/16 19:11:47 INFO FileScanRDD: Reading File path: file:///edw/Reviews/SourceCode/data/asin_reviews.json, range: 1207959552-1342177280, partition values: [empty row]
20/02/16 19:11:47 INFO Executor: Finished task 4.0 in stage 0.0 (TID 4). 2350 bytes result sent to driver
20/02/16 19:11:47 INFO TaskSetManager: Starting task 10.0 in stage 0.0 (TID 10, localhost, executor driver, partition 10, PROCESS_LOCAL, 8269 bytes)
20/02/16 19:11:47 INFO Executor: Running task 10.0 in stage 0.0 (TID 10)
20/02/16 19:11:47 INFO TaskSetManager: Finished task 4.0 in stage 0.0 (TID 4) in 20985 ms on localhost (executor driver) (7/29)
20/02/16 19:11:47 INFO FileScanRDD: Reading File path: file:///edw/Reviews/SourceCode/data/asin_reviews.json, range: 1342177280-1476395008, partition values: [empty row]
20/02/16 19:11:48 INFO Executor: Finished task 7.0 in stage 0.0 (TID 7). 2350 bytes result sent to driver
20/02/16 19:11:48 INFO TaskSetManager: Starting task 11.0 in stage 0.0 (TID 11, localhost, executor driver, partition 11, PROCESS_LOCAL, 8269 bytes)
20/02/16 19:11:48 INFO TaskSetManager: Finished task 7.0 in stage 0.0 (TID 7) in 21705 ms on localhost (executor driver) (8/29)
20/02/16 19:11:48 INFO Executor: Running task 11.0 in stage 0.0 (TID 11)
20/02/16 19:11:48 INFO FileScanRDD: Reading File path: file:///edw/Reviews/SourceCode/data/asin_reviews.json, range: 1476395008-1610612736, partition values: [empty row]
20/02/16 19:12:02 INFO Executor: Finished task 9.0 in stage 0.0 (TID 9). 2307 bytes result sent to driver
20/02/16 19:12:02 INFO TaskSetManager: Starting task 12.0 in stage 0.0 (TID 12, localhost, executor driver, partition 12, PROCESS_LOCAL, 8269 bytes)
20/02/16 19:12:02 INFO Executor: Running task 12.0 in stage 0.0 (TID 12)
20/02/16 19:12:02 INFO TaskSetManager: Finished task 9.0 in stage 0.0 (TID 9) in 15424 ms on localhost (executor driver) (9/29)
20/02/16 19:12:02 INFO FileScanRDD: Reading File path: file:///edw/Reviews/SourceCode/data/asin_reviews.json, range: 1610612736-1744830464, partition values: [empty row]
20/02/16 19:12:03 INFO Executor: Finished task 8.0 in stage 0.0 (TID 8). 2307 bytes result sent to driver
20/02/16 19:12:03 INFO TaskSetManager: Starting task 13.0 in stage 0.0 (TID 13, localhost, executor driver, partition 13, PROCESS_LOCAL, 8269 bytes)
20/02/16 19:12:03 INFO Executor: Running task 13.0 in stage 0.0 (TID 13)
20/02/16 19:12:03 INFO TaskSetManager: Finished task 8.0 in stage 0.0 (TID 8) in 16726 ms on localhost (executor driver) (10/29)
20/02/16 19:12:03 INFO FileScanRDD: Reading File path: file:///edw/Reviews/SourceCode/data/asin_reviews.json, range: 1744830464-1879048192, partition values: [empty row]
20/02/16 19:12:09 INFO Executor: Finished task 11.0 in stage 0.0 (TID 11). 2307 bytes result sent to driver
20/02/16 19:12:09 INFO TaskSetManager: Starting task 14.0 in stage 0.0 (TID 14, localhost, executor driver, partition 14, PROCESS_LOCAL, 8269 bytes)
20/02/16 19:12:09 INFO Executor: Running task 14.0 in stage 0.0 (TID 14)
20/02/16 19:12:09 INFO TaskSetManager: Finished task 11.0 in stage 0.0 (TID 11) in 21111 ms on localhost (executor driver) (11/29)
20/02/16 19:12:09 INFO FileScanRDD: Reading File path: file:///edw/Reviews/SourceCode/data/asin_reviews.json, range: 1879048192-2013265920, partition values: [empty row]
20/02/16 19:12:18 INFO Executor: Finished task 13.0 in stage 0.0 (TID 13). 2350 bytes result sent to driver
20/02/16 19:12:18 INFO TaskSetManager: Starting task 15.0 in stage 0.0 (TID 15, localhost, executor driver, partition 15, PROCESS_LOCAL, 8269 bytes)
20/02/16 19:12:18 INFO Executor: Running task 15.0 in stage 0.0 (TID 15)
20/02/16 19:12:18 INFO TaskSetManager: Finished task 13.0 in stage 0.0 (TID 13) in 15129 ms on localhost (executor driver) (12/29)
20/02/16 19:12:18 INFO FileScanRDD: Reading File path: file:///edw/Reviews/SourceCode/data/asin_reviews.json, range: 2013265920-2147483648, partition values: [empty row]
20/02/16 19:12:25 INFO Executor: Finished task 14.0 in stage 0.0 (TID 14). 2264 bytes result sent to driver
20/02/16 19:12:25 INFO TaskSetManager: Starting task 16.0 in stage 0.0 (TID 16, localhost, executor driver, partition 16, PROCESS_LOCAL, 8269 bytes)
20/02/16 19:12:25 INFO TaskSetManager: Finished task 14.0 in stage 0.0 (TID 14) in 16040 ms on localhost (executor driver) (13/29)
20/02/16 19:12:25 INFO Executor: Running task 16.0 in stage 0.0 (TID 16)
20/02/16 19:12:25 INFO FileScanRDD: Reading File path: file:///edw/Reviews/SourceCode/data/asin_reviews.json, range: 2147483648-2281701376, partition values: [empty row]
20/02/16 19:12:26 INFO Executor: Finished task 10.0 in stage 0.0 (TID 10). 2307 bytes result sent to driver
20/02/16 19:12:26 INFO TaskSetManager: Starting task 17.0 in stage 0.0 (TID 17, localhost, executor driver, partition 17, PROCESS_LOCAL, 8269 bytes)
20/02/16 19:12:26 INFO TaskSetManager: Finished task 10.0 in stage 0.0 (TID 10) in 38910 ms on localhost (executor driver) (14/29)
20/02/16 19:12:26 INFO Executor: Running task 17.0 in stage 0.0 (TID 17)
20/02/16 19:12:26 INFO FileScanRDD: Reading File path: file:///edw/Reviews/SourceCode/data/asin_reviews.json, range: 2281701376-2415919104, partition values: [empty row]
20/02/16 19:12:29 INFO Executor: Finished task 12.0 in stage 0.0 (TID 12). 2307 bytes result sent to driver
20/02/16 19:12:29 INFO TaskSetManager: Starting task 18.0 in stage 0.0 (TID 18, localhost, executor driver, partition 18, PROCESS_LOCAL, 8269 bytes)
20/02/16 19:12:29 INFO Executor: Running task 18.0 in stage 0.0 (TID 18)
20/02/16 19:12:29 INFO TaskSetManager: Finished task 12.0 in stage 0.0 (TID 12) in 26592 ms on localhost (executor driver) (15/29)
20/02/16 19:12:29 INFO FileScanRDD: Reading File path: file:///edw/Reviews/SourceCode/data/asin_reviews.json, range: 2415919104-2550136832, partition values: [empty row]
20/02/16 19:12:39 INFO Executor: Finished task 15.0 in stage 0.0 (TID 15). 2264 bytes result sent to driver
20/02/16 19:12:39 INFO TaskSetManager: Starting task 19.0 in stage 0.0 (TID 19, localhost, executor driver, partition 19, PROCESS_LOCAL, 8269 bytes)
20/02/16 19:12:39 INFO Executor: Running task 19.0 in stage 0.0 (TID 19)
20/02/16 19:12:39 INFO TaskSetManager: Finished task 15.0 in stage 0.0 (TID 15) in 20482 ms on localhost (executor driver) (16/29)
20/02/16 19:12:39 INFO FileScanRDD: Reading File path: file:///edw/Reviews/SourceCode/data/asin_reviews.json, range: 2550136832-2684354560, partition values: [empty row]
20/02/16 19:12:50 INFO Executor: Finished task 18.0 in stage 0.0 (TID 18). 2264 bytes result sent to driver
20/02/16 19:12:50 INFO TaskSetManager: Starting task 20.0 in stage 0.0 (TID 20, localhost, executor driver, partition 20, PROCESS_LOCAL, 8269 bytes)
20/02/16 19:12:50 INFO TaskSetManager: Finished task 18.0 in stage 0.0 (TID 18) in 21910 ms on localhost (executor driver) (17/29)
20/02/16 19:12:50 INFO Executor: Running task 20.0 in stage 0.0 (TID 20)
20/02/16 19:12:50 INFO FileScanRDD: Reading File path: file:///edw/Reviews/SourceCode/data/asin_reviews.json, range: 2684354560-2818572288, partition values: [empty row]
20/02/16 19:12:51 INFO Executor: Finished task 17.0 in stage 0.0 (TID 17). 2307 bytes result sent to driver
20/02/16 19:12:51 INFO TaskSetManager: Starting task 21.0 in stage 0.0 (TID 21, localhost, executor driver, partition 21, PROCESS_LOCAL, 8269 bytes)
20/02/16 19:12:51 INFO TaskSetManager: Finished task 17.0 in stage 0.0 (TID 17) in 24861 ms on localhost (executor driver) (18/29)
20/02/16 19:12:51 INFO Executor: Running task 21.0 in stage 0.0 (TID 21)
20/02/16 19:12:51 INFO FileScanRDD: Reading File path: file:///edw/Reviews/SourceCode/data/asin_reviews.json, range: 2818572288-2952790016, partition values: [empty row]
20/02/16 19:12:57 INFO Executor: Finished task 16.0 in stage 0.0 (TID 16). 2307 bytes result sent to driver
20/02/16 19:12:57 INFO TaskSetManager: Starting task 22.0 in stage 0.0 (TID 22, localhost, executor driver, partition 22, PROCESS_LOCAL, 8269 bytes)
20/02/16 19:12:57 INFO Executor: Running task 22.0 in stage 0.0 (TID 22)
20/02/16 19:12:57 INFO TaskSetManager: Finished task 16.0 in stage 0.0 (TID 16) in 32191 ms on localhost (executor driver) (19/29)
20/02/16 19:12:57 INFO FileScanRDD: Reading File path: file:///edw/Reviews/SourceCode/data/asin_reviews.json, range: 2952790016-3087007744, partition values: [empty row]
20/02/16 19:13:03 INFO Executor: Finished task 19.0 in stage 0.0 (TID 19). 2307 bytes result sent to driver
20/02/16 19:13:03 INFO TaskSetManager: Starting task 23.0 in stage 0.0 (TID 23, localhost, executor driver, partition 23, PROCESS_LOCAL, 8269 bytes)
20/02/16 19:13:03 INFO Executor: Running task 23.0 in stage 0.0 (TID 23)
20/02/16 19:13:03 INFO TaskSetManager: Finished task 19.0 in stage 0.0 (TID 19) in 23909 ms on localhost (executor driver) (20/29)
20/02/16 19:13:03 INFO FileScanRDD: Reading File path: file:///edw/Reviews/SourceCode/data/asin_reviews.json, range: 3087007744-3221225472, partition values: [empty row]
20/02/16 19:13:14 INFO Executor: Finished task 22.0 in stage 0.0 (TID 22). 2307 bytes result sent to driver
20/02/16 19:13:14 INFO TaskSetManager: Starting task 24.0 in stage 0.0 (TID 24, localhost, executor driver, partition 24, PROCESS_LOCAL, 8269 bytes)
20/02/16 19:13:14 INFO Executor: Running task 24.0 in stage 0.0 (TID 24)
20/02/16 19:13:14 INFO TaskSetManager: Finished task 22.0 in stage 0.0 (TID 22) in 16647 ms on localhost (executor driver) (21/29)
20/02/16 19:13:14 INFO FileScanRDD: Reading File path: file:///edw/Reviews/SourceCode/data/asin_reviews.json, range: 3221225472-3355443200, partition values: [empty row]
20/02/16 19:13:17 INFO Executor: Finished task 23.0 in stage 0.0 (TID 23). 2264 bytes result sent to driver
20/02/16 19:13:17 INFO TaskSetManager: Starting task 25.0 in stage 0.0 (TID 25, localhost, executor driver, partition 25, PROCESS_LOCAL, 8269 bytes)
20/02/16 19:13:17 INFO Executor: Running task 25.0 in stage 0.0 (TID 25)
20/02/16 19:13:17 INFO TaskSetManager: Finished task 23.0 in stage 0.0 (TID 23) in 14012 ms on localhost (executor driver) (22/29)
20/02/16 19:13:17 INFO FileScanRDD: Reading File path: file:///edw/Reviews/SourceCode/data/asin_reviews.json, range: 3355443200-3489660928, partition values: [empty row]
20/02/16 19:13:24 INFO Executor: Finished task 21.0 in stage 0.0 (TID 21). 2264 bytes result sent to driver
20/02/16 19:13:24 INFO TaskSetManager: Starting task 26.0 in stage 0.0 (TID 26, localhost, executor driver, partition 26, PROCESS_LOCAL, 8269 bytes)
20/02/16 19:13:24 INFO TaskSetManager: Finished task 21.0 in stage 0.0 (TID 21) in 33824 ms on localhost (executor driver) (23/29)
20/02/16 19:13:24 INFO Executor: Running task 26.0 in stage 0.0 (TID 26)
20/02/16 19:13:24 INFO FileScanRDD: Reading File path: file:///edw/Reviews/SourceCode/data/asin_reviews.json, range: 3489660928-3623878656, partition values: [empty row]
20/02/16 19:13:34 INFO Executor: Finished task 25.0 in stage 0.0 (TID 25). 2264 bytes result sent to driver
20/02/16 19:13:34 INFO TaskSetManager: Starting task 27.0 in stage 0.0 (TID 27, localhost, executor driver, partition 27, PROCESS_LOCAL, 8269 bytes)
20/02/16 19:13:34 INFO Executor: Running task 27.0 in stage 0.0 (TID 27)
20/02/16 19:13:34 INFO TaskSetManager: Finished task 25.0 in stage 0.0 (TID 25) in 17061 ms on localhost (executor driver) (24/29)
20/02/16 19:13:34 INFO FileScanRDD: Reading File path: file:///edw/Reviews/SourceCode/data/asin_reviews.json, range: 3623878656-3758096384, partition values: [empty row]
20/02/16 19:13:35 INFO Executor: Finished task 20.0 in stage 0.0 (TID 20). 2307 bytes result sent to driver
20/02/16 19:13:35 INFO TaskSetManager: Starting task 28.0 in stage 0.0 (TID 28, localhost, executor driver, partition 28, PROCESS_LOCAL, 8269 bytes)
20/02/16 19:13:35 INFO Executor: Running task 28.0 in stage 0.0 (TID 28)
20/02/16 19:13:35 INFO TaskSetManager: Finished task 20.0 in stage 0.0 (TID 20) in 44619 ms on localhost (executor driver) (25/29)
20/02/16 19:13:35 INFO FileScanRDD: Reading File path: file:///edw/Reviews/SourceCode/data/asin_reviews.json, range: 3758096384-3845556797, partition values: [empty row]
20/02/16 19:13:38 INFO Executor: Finished task 24.0 in stage 0.0 (TID 24). 2264 bytes result sent to driver
20/02/16 19:13:39 INFO Executor: Finished task 26.0 in stage 0.0 (TID 26). 2264 bytes result sent to driver
20/02/16 19:13:39 INFO TaskSetManager: Finished task 24.0 in stage 0.0 (TID 24) in 25573 ms on localhost (executor driver) (26/29)
20/02/16 19:13:39 INFO TaskSetManager: Finished task 26.0 in stage 0.0 (TID 26) in 14727 ms on localhost (executor driver) (27/29)
20/02/16 19:13:48 INFO Executor: Finished task 27.0 in stage 0.0 (TID 27). 2264 bytes result sent to driver
20/02/16 19:13:48 INFO TaskSetManager: Finished task 27.0 in stage 0.0 (TID 27) in 14733 ms on localhost (executor driver) (28/29)
20/02/16 19:13:49 INFO Executor: Finished task 28.0 in stage 0.0 (TID 28). 2264 bytes result sent to driver
20/02/16 19:13:49 INFO TaskSetManager: Finished task 28.0 in stage 0.0 (TID 28) in 13813 ms on localhost (executor driver) (29/29)
20/02/16 19:13:49 INFO DAGScheduler: ResultStage 0 (json at NativeMethodAccessorImpl.java:0) finished in 162.771 s
20/02/16 19:13:49 INFO TaskSchedulerImpl: Removed TaskSet 0.0, whose tasks have all completed, from pool 
20/02/16 19:13:49 INFO DAGScheduler: Job 0 finished: json at NativeMethodAccessorImpl.java:0, took 163.296288 s
20/02/16 19:13:53 INFO FileSourceStrategy: Pruning directories with: 
20/02/16 19:13:53 INFO FileSourceStrategy: Post-Scan Filters: (cast(cast(CASE WHEN isnull(unixReviewTime#14L) THEN 1990-01-01 ELSE from_unixtime(unixReviewTime#14L, yyyy-MM-dd, Some(Europe/Berlin)) END as date) as string) >= 2011-01-01)
20/02/16 19:13:53 INFO FileSourceStrategy: Output Data Schema: struct<asin: string, overall: double, reviewerID: string, reviewerName: string, unixReviewTime: bigint ... 3 more fields>
20/02/16 19:13:53 INFO FileSourceScanExec: Pushed Filters: 
20/02/16 19:13:53 INFO CodeGenerator: Code generated in 122.8005 ms
20/02/16 19:13:53 INFO MemoryStore: Block broadcast_2 stored as values in memory (estimated size 282.9 KB, free 365.7 MB)
20/02/16 19:13:53 INFO MemoryStore: Block broadcast_2_piece0 stored as bytes in memory (estimated size 23.3 KB, free 365.7 MB)
20/02/16 19:13:53 INFO BlockManagerInfo: Added broadcast_2_piece0 in memory on 192.168.1.25:6663 (size: 23.3 KB, free: 366.2 MB)
20/02/16 19:13:53 INFO SparkContext: Created broadcast 2 from jdbc at NativeMethodAccessorImpl.java:0
20/02/16 19:13:53 INFO FileSourceScanExec: Planning scan with bin packing, max size: 134217728 bytes, open cost is considered as scanning 4194304 bytes.
20/02/16 19:13:54 INFO SparkContext: Starting job: jdbc at NativeMethodAccessorImpl.java:0
20/02/16 19:13:54 INFO DAGScheduler: Got job 1 (jdbc at NativeMethodAccessorImpl.java:0) with 29 output partitions
20/02/16 19:13:54 INFO DAGScheduler: Final stage: ResultStage 1 (jdbc at NativeMethodAccessorImpl.java:0)
20/02/16 19:13:54 INFO DAGScheduler: Parents of final stage: List()
20/02/16 19:13:54 INFO DAGScheduler: Missing parents: List()
20/02/16 19:13:54 INFO DAGScheduler: Submitting ResultStage 1 (MapPartitionsRDD[8] at jdbc at NativeMethodAccessorImpl.java:0), which has no missing parents
20/02/16 19:13:54 INFO MemoryStore: Block broadcast_3 stored as values in memory (estimated size 67.6 KB, free 365.6 MB)
20/02/16 19:13:54 INFO MemoryStore: Block broadcast_3_piece0 stored as bytes in memory (estimated size 31.2 KB, free 365.6 MB)
20/02/16 19:13:54 INFO BlockManagerInfo: Added broadcast_3_piece0 in memory on 192.168.1.25:6663 (size: 31.2 KB, free: 366.2 MB)
20/02/16 19:13:54 INFO SparkContext: Created broadcast 3 from broadcast at DAGScheduler.scala:1163
20/02/16 19:13:54 INFO DAGScheduler: Submitting 29 missing tasks from ResultStage 1 (MapPartitionsRDD[8] at jdbc at NativeMethodAccessorImpl.java:0) (first 15 tasks are for partitions Vector(0, 1, 2, 3, 4, 5, 6, 7, 8, 9, 10, 11, 12, 13, 14))
20/02/16 19:13:54 INFO TaskSchedulerImpl: Adding task set 1.0 with 29 tasks
20/02/16 19:13:54 INFO TaskSetManager: Starting task 0.0 in stage 1.0 (TID 29, localhost, executor driver, partition 0, PROCESS_LOCAL, 8269 bytes)
20/02/16 19:13:54 INFO TaskSetManager: Starting task 1.0 in stage 1.0 (TID 30, localhost, executor driver, partition 1, PROCESS_LOCAL, 8269 bytes)
20/02/16 19:13:54 INFO TaskSetManager: Starting task 2.0 in stage 1.0 (TID 31, localhost, executor driver, partition 2, PROCESS_LOCAL, 8269 bytes)
20/02/16 19:13:54 INFO TaskSetManager: Starting task 3.0 in stage 1.0 (TID 32, localhost, executor driver, partition 3, PROCESS_LOCAL, 8269 bytes)
20/02/16 19:13:54 INFO Executor: Running task 0.0 in stage 1.0 (TID 29)
20/02/16 19:13:54 INFO Executor: Running task 1.0 in stage 1.0 (TID 30)
20/02/16 19:13:54 INFO Executor: Running task 2.0 in stage 1.0 (TID 31)
20/02/16 19:13:54 INFO Executor: Running task 3.0 in stage 1.0 (TID 32)
20/02/16 19:13:54 INFO CodeGenerator: Code generated in 36.2583 ms
20/02/16 19:13:54 INFO FileScanRDD: Reading File path: file:///edw/Reviews/SourceCode/data/asin_reviews.json, range: 134217728-268435456, partition values: [empty row]
20/02/16 19:13:54 INFO FileScanRDD: Reading File path: file:///edw/Reviews/SourceCode/data/asin_reviews.json, range: 0-134217728, partition values: [empty row]
20/02/16 19:13:54 INFO FileScanRDD: Reading File path: file:///edw/Reviews/SourceCode/data/asin_reviews.json, range: 268435456-402653184, partition values: [empty row]
20/02/16 19:13:54 INFO CodeGenerator: Code generated in 19.4216 ms
20/02/16 19:13:54 INFO FileScanRDD: Reading File path: file:///edw/Reviews/SourceCode/data/asin_reviews.json, range: 402653184-536870912, partition values: [empty row]
20/02/16 19:14:14 INFO Executor: Finished task 3.0 in stage 1.0 (TID 32). 1542 bytes result sent to driver
20/02/16 19:14:14 INFO TaskSetManager: Starting task 4.0 in stage 1.0 (TID 33, localhost, executor driver, partition 4, PROCESS_LOCAL, 8269 bytes)
20/02/16 19:14:14 INFO Executor: Running task 4.0 in stage 1.0 (TID 33)
20/02/16 19:14:14 INFO TaskSetManager: Finished task 3.0 in stage 1.0 (TID 32) in 20192 ms on localhost (executor driver) (1/29)
20/02/16 19:14:14 INFO Executor: Finished task 2.0 in stage 1.0 (TID 31). 1456 bytes result sent to driver
20/02/16 19:14:14 INFO TaskSetManager: Starting task 5.0 in stage 1.0 (TID 34, localhost, executor driver, partition 5, PROCESS_LOCAL, 8269 bytes)
20/02/16 19:14:14 INFO Executor: Running task 5.0 in stage 1.0 (TID 34)
20/02/16 19:14:14 INFO TaskSetManager: Finished task 2.0 in stage 1.0 (TID 31) in 20272 ms on localhost (executor driver) (2/29)
20/02/16 19:14:14 INFO FileScanRDD: Reading File path: file:///edw/Reviews/SourceCode/data/asin_reviews.json, range: 536870912-671088640, partition values: [empty row]
20/02/16 19:14:14 INFO FileScanRDD: Reading File path: file:///edw/Reviews/SourceCode/data/asin_reviews.json, range: 671088640-805306368, partition values: [empty row]
20/02/16 19:14:15 INFO Executor: Finished task 1.0 in stage 1.0 (TID 30). 1499 bytes result sent to driver
20/02/16 19:14:15 INFO TaskSetManager: Starting task 6.0 in stage 1.0 (TID 35, localhost, executor driver, partition 6, PROCESS_LOCAL, 8269 bytes)
20/02/16 19:14:15 INFO TaskSetManager: Finished task 1.0 in stage 1.0 (TID 30) in 21112 ms on localhost (executor driver) (3/29)
20/02/16 19:14:15 INFO Executor: Running task 6.0 in stage 1.0 (TID 35)
20/02/16 19:14:15 INFO FileScanRDD: Reading File path: file:///edw/Reviews/SourceCode/data/asin_reviews.json, range: 805306368-939524096, partition values: [empty row]
20/02/16 19:14:19 INFO Executor: Finished task 0.0 in stage 1.0 (TID 29). 1542 bytes result sent to driver
20/02/16 19:14:19 INFO TaskSetManager: Starting task 7.0 in stage 1.0 (TID 36, localhost, executor driver, partition 7, PROCESS_LOCAL, 8269 bytes)
20/02/16 19:14:19 INFO TaskSetManager: Finished task 0.0 in stage 1.0 (TID 29) in 25018 ms on localhost (executor driver) (4/29)
20/02/16 19:14:19 INFO Executor: Running task 7.0 in stage 1.0 (TID 36)
20/02/16 19:14:19 INFO FileScanRDD: Reading File path: file:///edw/Reviews/SourceCode/data/asin_reviews.json, range: 939524096-1073741824, partition values: [empty row]
20/02/16 19:14:35 INFO Executor: Finished task 5.0 in stage 1.0 (TID 34). 1499 bytes result sent to driver
20/02/16 19:14:35 INFO TaskSetManager: Starting task 8.0 in stage 1.0 (TID 37, localhost, executor driver, partition 8, PROCESS_LOCAL, 8269 bytes)
20/02/16 19:14:35 INFO TaskSetManager: Finished task 5.0 in stage 1.0 (TID 34) in 21039 ms on localhost (executor driver) (5/29)
20/02/16 19:14:35 INFO Executor: Running task 8.0 in stage 1.0 (TID 37)
20/02/16 19:14:35 INFO FileScanRDD: Reading File path: file:///edw/Reviews/SourceCode/data/asin_reviews.json, range: 1073741824-1207959552, partition values: [empty row]
20/02/16 19:14:35 INFO Executor: Finished task 4.0 in stage 1.0 (TID 33). 1499 bytes result sent to driver
20/02/16 19:14:35 INFO TaskSetManager: Starting task 9.0 in stage 1.0 (TID 38, localhost, executor driver, partition 9, PROCESS_LOCAL, 8269 bytes)
20/02/16 19:14:35 INFO TaskSetManager: Finished task 4.0 in stage 1.0 (TID 33) in 21635 ms on localhost (executor driver) (6/29)
20/02/16 19:14:36 INFO Executor: Running task 9.0 in stage 1.0 (TID 38)
20/02/16 19:14:36 INFO FileScanRDD: Reading File path: file:///edw/Reviews/SourceCode/data/asin_reviews.json, range: 1207959552-1342177280, partition values: [empty row]
20/02/16 19:14:37 INFO Executor: Finished task 6.0 in stage 1.0 (TID 35). 1499 bytes result sent to driver
20/02/16 19:14:37 INFO TaskSetManager: Starting task 10.0 in stage 1.0 (TID 39, localhost, executor driver, partition 10, PROCESS_LOCAL, 8269 bytes)
20/02/16 19:14:37 INFO TaskSetManager: Finished task 6.0 in stage 1.0 (TID 35) in 22421 ms on localhost (executor driver) (7/29)
20/02/16 19:14:37 INFO Executor: Running task 10.0 in stage 1.0 (TID 39)
20/02/16 19:14:38 INFO FileScanRDD: Reading File path: file:///edw/Reviews/SourceCode/data/asin_reviews.json, range: 1342177280-1476395008, partition values: [empty row]
20/02/16 19:14:42 INFO Executor: Finished task 7.0 in stage 1.0 (TID 36). 1499 bytes result sent to driver
20/02/16 19:14:42 INFO TaskSetManager: Starting task 11.0 in stage 1.0 (TID 40, localhost, executor driver, partition 11, PROCESS_LOCAL, 8269 bytes)
20/02/16 19:14:42 INFO Executor: Running task 11.0 in stage 1.0 (TID 40)
20/02/16 19:14:42 INFO TaskSetManager: Finished task 7.0 in stage 1.0 (TID 36) in 23492 ms on localhost (executor driver) (8/29)
20/02/16 19:14:44 INFO FileScanRDD: Reading File path: file:///edw/Reviews/SourceCode/data/asin_reviews.json, range: 1476395008-1610612736, partition values: [empty row]
20/02/16 19:14:56 INFO Executor: Finished task 9.0 in stage 1.0 (TID 38). 1499 bytes result sent to driver
20/02/16 19:14:56 INFO TaskSetManager: Starting task 12.0 in stage 1.0 (TID 41, localhost, executor driver, partition 12, PROCESS_LOCAL, 8269 bytes)
20/02/16 19:14:56 INFO TaskSetManager: Finished task 9.0 in stage 1.0 (TID 38) in 20908 ms on localhost (executor driver) (9/29)
20/02/16 19:14:56 INFO Executor: Running task 12.0 in stage 1.0 (TID 41)
20/02/16 19:14:57 INFO FileScanRDD: Reading File path: file:///edw/Reviews/SourceCode/data/asin_reviews.json, range: 1610612736-1744830464, partition values: [empty row]
20/02/16 19:14:57 INFO Executor: Finished task 8.0 in stage 1.0 (TID 37). 1499 bytes result sent to driver
20/02/16 19:14:57 INFO TaskSetManager: Starting task 13.0 in stage 1.0 (TID 42, localhost, executor driver, partition 13, PROCESS_LOCAL, 8269 bytes)
20/02/16 19:14:57 INFO TaskSetManager: Finished task 8.0 in stage 1.0 (TID 37) in 22208 ms on localhost (executor driver) (10/29)
20/02/16 19:14:57 INFO Executor: Running task 13.0 in stage 1.0 (TID 42)
20/02/16 19:14:57 INFO FileScanRDD: Reading File path: file:///edw/Reviews/SourceCode/data/asin_reviews.json, range: 1744830464-1879048192, partition values: [empty row]
20/02/16 19:15:09 INFO Executor: Finished task 10.0 in stage 1.0 (TID 39). 1456 bytes result sent to driver
20/02/16 19:15:09 INFO TaskSetManager: Starting task 14.0 in stage 1.0 (TID 43, localhost, executor driver, partition 14, PROCESS_LOCAL, 8269 bytes)
20/02/16 19:15:09 INFO TaskSetManager: Finished task 10.0 in stage 1.0 (TID 39) in 31569 ms on localhost (executor driver) (11/29)
20/02/16 19:15:09 INFO Executor: Running task 14.0 in stage 1.0 (TID 43)
20/02/16 19:15:09 INFO Executor: Finished task 11.0 in stage 1.0 (TID 40). 1499 bytes result sent to driver
20/02/16 19:15:09 INFO TaskSetManager: Starting task 15.0 in stage 1.0 (TID 44, localhost, executor driver, partition 15, PROCESS_LOCAL, 8269 bytes)
20/02/16 19:15:09 INFO Executor: Running task 15.0 in stage 1.0 (TID 44)
20/02/16 19:15:09 INFO TaskSetManager: Finished task 11.0 in stage 1.0 (TID 40) in 26961 ms on localhost (executor driver) (12/29)
20/02/16 19:15:09 INFO FileScanRDD: Reading File path: file:///edw/Reviews/SourceCode/data/asin_reviews.json, range: 2013265920-2147483648, partition values: [empty row]
20/02/16 19:15:10 INFO FileScanRDD: Reading File path: file:///edw/Reviews/SourceCode/data/asin_reviews.json, range: 1879048192-2013265920, partition values: [empty row]
20/02/16 19:15:18 INFO Executor: Finished task 13.0 in stage 1.0 (TID 42). 1456 bytes result sent to driver
20/02/16 19:15:18 INFO TaskSetManager: Starting task 16.0 in stage 1.0 (TID 45, localhost, executor driver, partition 16, PROCESS_LOCAL, 8269 bytes)
20/02/16 19:15:18 INFO TaskSetManager: Finished task 13.0 in stage 1.0 (TID 42) in 20794 ms on localhost (executor driver) (13/29)
20/02/16 19:15:18 INFO Executor: Running task 16.0 in stage 1.0 (TID 45)
20/02/16 19:15:19 INFO FileScanRDD: Reading File path: file:///edw/Reviews/SourceCode/data/asin_reviews.json, range: 2147483648-2281701376, partition values: [empty row]
20/02/16 19:15:25 INFO Executor: Finished task 12.0 in stage 1.0 (TID 41). 1456 bytes result sent to driver
20/02/16 19:15:25 INFO TaskSetManager: Starting task 17.0 in stage 1.0 (TID 46, localhost, executor driver, partition 17, PROCESS_LOCAL, 8269 bytes)
20/02/16 19:15:25 INFO TaskSetManager: Finished task 12.0 in stage 1.0 (TID 41) in 28384 ms on localhost (executor driver) (14/29)
20/02/16 19:15:25 INFO Executor: Running task 17.0 in stage 1.0 (TID 46)
20/02/16 19:15:26 INFO FileScanRDD: Reading File path: file:///edw/Reviews/SourceCode/data/asin_reviews.json, range: 2281701376-2415919104, partition values: [empty row]
20/02/16 19:15:32 INFO Executor: Finished task 15.0 in stage 1.0 (TID 44). 1456 bytes result sent to driver
20/02/16 19:15:32 INFO TaskSetManager: Starting task 18.0 in stage 1.0 (TID 47, localhost, executor driver, partition 18, PROCESS_LOCAL, 8269 bytes)
20/02/16 19:15:32 INFO TaskSetManager: Finished task 15.0 in stage 1.0 (TID 44) in 22762 ms on localhost (executor driver) (15/29)
20/02/16 19:15:32 INFO Executor: Running task 18.0 in stage 1.0 (TID 47)
20/02/16 19:15:34 INFO FileScanRDD: Reading File path: file:///edw/Reviews/SourceCode/data/asin_reviews.json, range: 2415919104-2550136832, partition values: [empty row]
20/02/16 19:15:37 INFO Executor: Finished task 14.0 in stage 1.0 (TID 43). 1456 bytes result sent to driver
20/02/16 19:15:37 INFO TaskSetManager: Starting task 19.0 in stage 1.0 (TID 48, localhost, executor driver, partition 19, PROCESS_LOCAL, 8269 bytes)
20/02/16 19:15:37 INFO TaskSetManager: Finished task 14.0 in stage 1.0 (TID 43) in 28662 ms on localhost (executor driver) (16/29)
20/02/16 19:15:37 INFO Executor: Running task 19.0 in stage 1.0 (TID 48)
20/02/16 19:15:38 INFO FileScanRDD: Reading File path: file:///edw/Reviews/SourceCode/data/asin_reviews.json, range: 2550136832-2684354560, partition values: [empty row]
20/02/16 19:15:48 INFO Executor: Finished task 17.0 in stage 1.0 (TID 46). 1499 bytes result sent to driver
20/02/16 19:15:48 INFO TaskSetManager: Starting task 20.0 in stage 1.0 (TID 49, localhost, executor driver, partition 20, PROCESS_LOCAL, 8269 bytes)
20/02/16 19:15:48 INFO TaskSetManager: Finished task 17.0 in stage 1.0 (TID 46) in 23498 ms on localhost (executor driver) (17/29)
20/02/16 19:15:48 INFO Executor: Running task 20.0 in stage 1.0 (TID 49)
20/02/16 19:15:49 INFO Executor: Finished task 16.0 in stage 1.0 (TID 45). 1499 bytes result sent to driver
20/02/16 19:15:49 INFO TaskSetManager: Starting task 21.0 in stage 1.0 (TID 50, localhost, executor driver, partition 21, PROCESS_LOCAL, 8269 bytes)
20/02/16 19:15:49 INFO TaskSetManager: Finished task 16.0 in stage 1.0 (TID 45) in 31224 ms on localhost (executor driver) (18/29)
20/02/16 19:15:49 INFO Executor: Running task 21.0 in stage 1.0 (TID 50)
20/02/16 19:15:50 INFO FileScanRDD: Reading File path: file:///edw/Reviews/SourceCode/data/asin_reviews.json, range: 2684354560-2818572288, partition values: [empty row]
20/02/16 19:15:50 INFO FileScanRDD: Reading File path: file:///edw/Reviews/SourceCode/data/asin_reviews.json, range: 2818572288-2952790016, partition values: [empty row]
20/02/16 19:15:58 INFO Executor: Finished task 18.0 in stage 1.0 (TID 47). 1456 bytes result sent to driver
20/02/16 19:15:58 INFO TaskSetManager: Starting task 22.0 in stage 1.0 (TID 51, localhost, executor driver, partition 22, PROCESS_LOCAL, 8269 bytes)
20/02/16 19:15:58 INFO TaskSetManager: Finished task 18.0 in stage 1.0 (TID 47) in 25949 ms on localhost (executor driver) (19/29)
20/02/16 19:15:58 INFO Executor: Running task 22.0 in stage 1.0 (TID 51)
20/02/16 19:15:59 INFO FileScanRDD: Reading File path: file:///edw/Reviews/SourceCode/data/asin_reviews.json, range: 2952790016-3087007744, partition values: [empty row]
20/02/16 19:16:03 INFO Executor: Finished task 19.0 in stage 1.0 (TID 48). 1456 bytes result sent to driver
20/02/16 19:16:03 INFO TaskSetManager: Starting task 23.0 in stage 1.0 (TID 52, localhost, executor driver, partition 23, PROCESS_LOCAL, 8269 bytes)
20/02/16 19:16:03 INFO TaskSetManager: Finished task 19.0 in stage 1.0 (TID 48) in 25844 ms on localhost (executor driver) (20/29)
20/02/16 19:16:03 INFO Executor: Running task 23.0 in stage 1.0 (TID 52)
20/02/16 19:16:04 INFO FileScanRDD: Reading File path: file:///edw/Reviews/SourceCode/data/asin_reviews.json, range: 3087007744-3221225472, partition values: [empty row]
20/02/16 19:16:17 INFO Executor: Finished task 22.0 in stage 1.0 (TID 51). 1456 bytes result sent to driver
20/02/16 19:16:17 INFO TaskSetManager: Starting task 24.0 in stage 1.0 (TID 53, localhost, executor driver, partition 24, PROCESS_LOCAL, 8269 bytes)
20/02/16 19:16:17 INFO TaskSetManager: Finished task 22.0 in stage 1.0 (TID 51) in 19177 ms on localhost (executor driver) (21/29)
20/02/16 19:16:17 INFO Executor: Running task 24.0 in stage 1.0 (TID 53)
20/02/16 19:16:17 INFO FileScanRDD: Reading File path: file:///edw/Reviews/SourceCode/data/asin_reviews.json, range: 3221225472-3355443200, partition values: [empty row]
20/02/16 19:16:23 INFO Executor: Finished task 23.0 in stage 1.0 (TID 52). 1456 bytes result sent to driver
20/02/16 19:16:23 INFO TaskSetManager: Starting task 25.0 in stage 1.0 (TID 54, localhost, executor driver, partition 25, PROCESS_LOCAL, 8269 bytes)
20/02/16 19:16:23 INFO TaskSetManager: Finished task 23.0 in stage 1.0 (TID 52) in 19776 ms on localhost (executor driver) (22/29)
20/02/16 19:16:23 INFO Executor: Running task 25.0 in stage 1.0 (TID 54)
20/02/16 19:16:24 INFO FileScanRDD: Reading File path: file:///edw/Reviews/SourceCode/data/asin_reviews.json, range: 3355443200-3489660928, partition values: [empty row]
20/02/16 19:16:27 INFO Executor: Finished task 20.0 in stage 1.0 (TID 49). 1456 bytes result sent to driver
20/02/16 19:16:27 INFO TaskSetManager: Starting task 26.0 in stage 1.0 (TID 55, localhost, executor driver, partition 26, PROCESS_LOCAL, 8269 bytes)
20/02/16 19:16:27 INFO TaskSetManager: Finished task 20.0 in stage 1.0 (TID 49) in 38802 ms on localhost (executor driver) (23/29)
20/02/16 19:16:27 INFO Executor: Running task 26.0 in stage 1.0 (TID 55)
20/02/16 19:16:27 INFO FileScanRDD: Reading File path: file:///edw/Reviews/SourceCode/data/asin_reviews.json, range: 3489660928-3623878656, partition values: [empty row]
20/02/16 19:16:27 INFO Executor: Finished task 21.0 in stage 1.0 (TID 50). 1499 bytes result sent to driver
20/02/16 19:16:27 INFO TaskSetManager: Starting task 27.0 in stage 1.0 (TID 56, localhost, executor driver, partition 27, PROCESS_LOCAL, 8269 bytes)
20/02/16 19:16:27 INFO TaskSetManager: Finished task 21.0 in stage 1.0 (TID 50) in 38120 ms on localhost (executor driver) (24/29)
20/02/16 19:16:27 INFO Executor: Running task 27.0 in stage 1.0 (TID 56)
20/02/16 19:16:27 INFO FileScanRDD: Reading File path: file:///edw/Reviews/SourceCode/data/asin_reviews.json, range: 3623878656-3758096384, partition values: [empty row]
20/02/16 19:16:48 INFO Executor: Finished task 26.0 in stage 1.0 (TID 55). 1542 bytes result sent to driver
20/02/16 19:16:48 INFO TaskSetManager: Starting task 28.0 in stage 1.0 (TID 57, localhost, executor driver, partition 28, PROCESS_LOCAL, 8269 bytes)
20/02/16 19:16:48 INFO TaskSetManager: Finished task 26.0 in stage 1.0 (TID 55) in 21296 ms on localhost (executor driver) (25/29)
20/02/16 19:16:48 INFO Executor: Running task 28.0 in stage 1.0 (TID 57)
20/02/16 19:16:49 INFO FileScanRDD: Reading File path: file:///edw/Reviews/SourceCode/data/asin_reviews.json, range: 3758096384-3845556797, partition values: [empty row]
20/02/16 19:16:50 INFO Executor: Finished task 25.0 in stage 1.0 (TID 54). 1456 bytes result sent to driver
20/02/16 19:16:50 INFO TaskSetManager: Finished task 25.0 in stage 1.0 (TID 54) in 27328 ms on localhost (executor driver) (26/29)
20/02/16 19:16:52 INFO Executor: Finished task 24.0 in stage 1.0 (TID 53). 1456 bytes result sent to driver
20/02/16 19:16:52 INFO TaskSetManager: Finished task 24.0 in stage 1.0 (TID 53) in 34890 ms on localhost (executor driver) (27/29)
20/02/16 19:16:59 INFO Executor: Finished task 27.0 in stage 1.0 (TID 56). 1456 bytes result sent to driver
20/02/16 19:16:59 INFO TaskSetManager: Finished task 27.0 in stage 1.0 (TID 56) in 31730 ms on localhost (executor driver) (28/29)
20/02/16 19:17:01 INFO Executor: Finished task 28.0 in stage 1.0 (TID 57). 1499 bytes result sent to driver
20/02/16 19:17:01 INFO TaskSetManager: Finished task 28.0 in stage 1.0 (TID 57) in 12595 ms on localhost (executor driver) (29/29)
20/02/16 19:17:01 INFO TaskSchedulerImpl: Removed TaskSet 1.0, whose tasks have all completed, from pool 
20/02/16 19:17:01 INFO DAGScheduler: ResultStage 1 (jdbc at NativeMethodAccessorImpl.java:0) finished in 187.428 s
20/02/16 19:17:01 INFO DAGScheduler: Job 1 finished: jdbc at NativeMethodAccessorImpl.java:0, took 187.436572 s
20/02/16 19:17:02 INFO SparkContext: Invoking stop() from shutdown hook
20/02/16 19:17:02 INFO SparkUI: Stopped Spark web UI at http://192.168.1.25:4040
20/02/16 19:17:02 INFO MapOutputTrackerMasterEndpoint: MapOutputTrackerMasterEndpoint stopped!
20/02/16 19:17:03 INFO MemoryStore: MemoryStore cleared
20/02/16 19:17:03 INFO BlockManager: BlockManager stopped
20/02/16 19:17:03 INFO BlockManagerMaster: BlockManagerMaster stopped
20/02/16 19:17:03 INFO OutputCommitCoordinator$OutputCommitCoordinatorEndpoint: OutputCommitCoordinator stopped!
20/02/16 19:17:03 INFO SparkContext: Successfully stopped SparkContext
20/02/16 19:17:03 INFO ShutdownHookManager: Shutdown hook called
20/02/16 19:17:03 INFO ShutdownHookManager: Deleting directory /tmp/spark-11f06a0d-ff96-4b0b-a17c-0f5bd5dbbe82
20/02/16 19:17:03 INFO ShutdownHookManager: Deleting directory /tmp/spark-1a08a1a6-64b8-4b4e-8e8d-93263adf70ea/pyspark-651c063f-3613-4f0c-917f-d04d53b54c48
20/02/16 19:17:03 INFO ShutdownHookManager: Deleting directory /tmp/spark-1a08a1a6-64b8-4b4e-8e8d-93263adf70ea
###################################################################################################################################
###################################################################################################################################
Load to ODS in progress
###################################################################################################################################
###################################################################################################################################
begin;
BEGIN
	
	INSERT INTO "STAGE_DB".REVIEWS
	SELECT RS.reviewerID, RS.asin, RS.reviewerName, RS.reviewRating , RS.reviewDate, current_timestamp(0), current_timestamp(0)
	FROM "WORK_DB".REVIEWS_WT RS
	WHERE RV.reviewerID IS NOT NULL
	AND RV.asin IS NOT NULL;
ERROR:  missing FROM-clause entry for table "rv"
LINE 4:  WHERE RV.reviewerID IS NOT NULL
               ^
