###################################################################################################################################
###################################################################################################################################
Load to stage in progress
###################################################################################################################################
###################################################################################################################################
20/02/16 23:32:32 WARN Utils: Your hostname, DESKTOP-502C4I4 resolves to a loopback address: 127.0.1.1; using 192.168.1.25 instead (on interface wifi0)
20/02/16 23:32:32 WARN Utils: Set SPARK_LOCAL_IP if you need to bind to another address
20/02/16 23:32:34 WARN NativeCodeLoader: Unable to load native-hadoop library for your platform... using builtin-java classes where applicable
Using Spark's default log4j profile: org/apache/spark/log4j-defaults.properties
20/02/16 23:32:45 INFO SparkContext: Running Spark version 2.4.5
20/02/16 23:32:45 INFO SparkContext: Submitted application: ReviewsOdsSession
20/02/16 23:32:46 INFO SecurityManager: Changing view acls to: devetluser
20/02/16 23:32:46 INFO SecurityManager: Changing modify acls to: devetluser
20/02/16 23:32:46 INFO SecurityManager: Changing view acls groups to: 
20/02/16 23:32:46 INFO SecurityManager: Changing modify acls groups to: 
20/02/16 23:32:46 INFO SecurityManager: SecurityManager: authentication disabled; ui acls disabled; users  with view permissions: Set(devetluser); groups with view permissions: Set(); users  with modify permissions: Set(devetluser); groups with modify permissions: Set()
20/02/16 23:32:48 INFO Utils: Successfully started service 'sparkDriver' on port 3513.
20/02/16 23:32:48 INFO SparkEnv: Registering MapOutputTracker
20/02/16 23:32:48 INFO SparkEnv: Registering BlockManagerMaster
20/02/16 23:32:48 INFO BlockManagerMasterEndpoint: Using org.apache.spark.storage.DefaultTopologyMapper for getting topology information
20/02/16 23:32:48 INFO BlockManagerMasterEndpoint: BlockManagerMasterEndpoint up
20/02/16 23:32:48 INFO DiskBlockManager: Created local directory at /tmp/blockmgr-e85a2b42-b249-4221-8e68-016da9a418ba
20/02/16 23:32:48 INFO MemoryStore: MemoryStore started with capacity 366.3 MB
20/02/16 23:32:48 INFO SparkEnv: Registering OutputCommitCoordinator
20/02/16 23:32:49 INFO Utils: Successfully started service 'SparkUI' on port 4040.
20/02/16 23:32:49 INFO SparkUI: Bound SparkUI to 0.0.0.0, and started at http://192.168.1.25:4040
20/02/16 23:32:50 INFO Executor: Starting executor ID driver on host localhost
20/02/16 23:32:50 INFO Utils: Successfully started service 'org.apache.spark.network.netty.NettyBlockTransferService' on port 3515.
20/02/16 23:32:50 INFO NettyBlockTransferService: Server created on 192.168.1.25:3515
20/02/16 23:32:50 INFO BlockManager: Using org.apache.spark.storage.RandomBlockReplicationPolicy for block replication policy
20/02/16 23:32:50 INFO BlockManagerMaster: Registering BlockManager BlockManagerId(driver, 192.168.1.25, 3515, None)
20/02/16 23:32:50 INFO BlockManagerMasterEndpoint: Registering block manager 192.168.1.25:3515 with 366.3 MB RAM, BlockManagerId(driver, 192.168.1.25, 3515, None)
20/02/16 23:32:50 INFO BlockManagerMaster: Registered BlockManager BlockManagerId(driver, 192.168.1.25, 3515, None)
20/02/16 23:32:50 INFO BlockManager: Initialized BlockManager: BlockManagerId(driver, 192.168.1.25, 3515, None)
20/02/16 23:32:52 INFO SharedState: Setting hive.metastore.warehouse.dir ('null') to the value of spark.sql.warehouse.dir ('file:/edw/Reviews/SourceCode/bash/spark-warehouse').
20/02/16 23:32:52 INFO SharedState: Warehouse path is 'file:/edw/Reviews/SourceCode/bash/spark-warehouse'.
20/02/16 23:32:53 INFO StateStoreCoordinatorRef: Registered StateStoreCoordinator endpoint
20/02/16 23:32:55 INFO InMemoryFileIndex: It took 420 ms to list leaf files for 1 paths.
20/02/16 23:32:55 INFO InMemoryFileIndex: It took 2 ms to list leaf files for 1 paths.
20/02/16 23:33:00 INFO FileSourceStrategy: Pruning directories with: 
20/02/16 23:33:00 INFO FileSourceStrategy: Post-Scan Filters: 
20/02/16 23:33:00 INFO FileSourceStrategy: Output Data Schema: struct<value: string>
20/02/16 23:33:00 INFO FileSourceScanExec: Pushed Filters: 
20/02/16 23:33:02 INFO CodeGenerator: Code generated in 654.1289 ms
20/02/16 23:33:02 INFO MemoryStore: Block broadcast_0 stored as values in memory (estimated size 282.9 KB, free 366.0 MB)
20/02/16 23:33:03 INFO MemoryStore: Block broadcast_0_piece0 stored as bytes in memory (estimated size 23.2 KB, free 366.0 MB)
20/02/16 23:33:03 INFO BlockManagerInfo: Added broadcast_0_piece0 in memory on 192.168.1.25:3515 (size: 23.2 KB, free: 366.3 MB)
20/02/16 23:33:03 INFO SparkContext: Created broadcast 0 from json at NativeMethodAccessorImpl.java:0
20/02/16 23:33:03 INFO FileSourceScanExec: Planning scan with bin packing, max size: 134217728 bytes, open cost is considered as scanning 4194304 bytes.
20/02/16 23:33:03 INFO SparkContext: Starting job: json at NativeMethodAccessorImpl.java:0
20/02/16 23:33:03 INFO DAGScheduler: Got job 0 (json at NativeMethodAccessorImpl.java:0) with 20 output partitions
20/02/16 23:33:03 INFO DAGScheduler: Final stage: ResultStage 0 (json at NativeMethodAccessorImpl.java:0)
20/02/16 23:33:03 INFO DAGScheduler: Parents of final stage: List()
20/02/16 23:33:03 INFO DAGScheduler: Missing parents: List()
20/02/16 23:33:03 INFO DAGScheduler: Submitting ResultStage 0 (MapPartitionsRDD[3] at json at NativeMethodAccessorImpl.java:0), which has no missing parents
20/02/16 23:33:04 INFO MemoryStore: Block broadcast_1 stored as values in memory (estimated size 11.6 KB, free 366.0 MB)
20/02/16 23:33:04 INFO MemoryStore: Block broadcast_1_piece0 stored as bytes in memory (estimated size 6.7 KB, free 366.0 MB)
20/02/16 23:33:04 INFO BlockManagerInfo: Added broadcast_1_piece0 in memory on 192.168.1.25:3515 (size: 6.7 KB, free: 366.3 MB)
20/02/16 23:33:04 INFO SparkContext: Created broadcast 1 from broadcast at DAGScheduler.scala:1163
20/02/16 23:33:04 INFO DAGScheduler: Submitting 20 missing tasks from ResultStage 0 (MapPartitionsRDD[3] at json at NativeMethodAccessorImpl.java:0) (first 15 tasks are for partitions Vector(0, 1, 2, 3, 4, 5, 6, 7, 8, 9, 10, 11, 12, 13, 14))
20/02/16 23:33:04 INFO TaskSchedulerImpl: Adding task set 0.0 with 20 tasks
20/02/16 23:33:04 INFO TaskSetManager: Starting task 0.0 in stage 0.0 (TID 0, localhost, executor driver, partition 0, PROCESS_LOCAL, 8269 bytes)
20/02/16 23:33:04 INFO TaskSetManager: Starting task 1.0 in stage 0.0 (TID 1, localhost, executor driver, partition 1, PROCESS_LOCAL, 8269 bytes)
20/02/16 23:33:04 INFO TaskSetManager: Starting task 2.0 in stage 0.0 (TID 2, localhost, executor driver, partition 2, PROCESS_LOCAL, 8269 bytes)
20/02/16 23:33:04 INFO TaskSetManager: Starting task 3.0 in stage 0.0 (TID 3, localhost, executor driver, partition 3, PROCESS_LOCAL, 8269 bytes)
20/02/16 23:33:04 INFO Executor: Running task 0.0 in stage 0.0 (TID 0)
20/02/16 23:33:04 INFO Executor: Running task 3.0 in stage 0.0 (TID 3)
20/02/16 23:33:04 INFO Executor: Running task 1.0 in stage 0.0 (TID 1)
20/02/16 23:33:04 INFO Executor: Running task 2.0 in stage 0.0 (TID 2)
20/02/16 23:33:04 INFO FileScanRDD: Reading File path: file:///edw/Reviews/SourceCode/data/asin_reviews.json, range: 134217728-268435456, partition values: [empty row]
20/02/16 23:33:04 INFO FileScanRDD: Reading File path: file:///edw/Reviews/SourceCode/data/asin_reviews.json, range: 268435456-402653184, partition values: [empty row]
20/02/16 23:33:04 INFO FileScanRDD: Reading File path: file:///edw/Reviews/SourceCode/data/asin_reviews.json, range: 0-134217728, partition values: [empty row]
20/02/16 23:33:04 INFO FileScanRDD: Reading File path: file:///edw/Reviews/SourceCode/data/asin_reviews.json, range: 402653184-536870912, partition values: [empty row]
20/02/16 23:33:04 INFO CodeGenerator: Code generated in 23.5104 ms
20/02/16 23:33:27 INFO Executor: Finished task 2.0 in stage 0.0 (TID 2). 2307 bytes result sent to driver
20/02/16 23:33:27 INFO TaskSetManager: Starting task 4.0 in stage 0.0 (TID 4, localhost, executor driver, partition 4, PROCESS_LOCAL, 8269 bytes)
20/02/16 23:33:27 INFO Executor: Running task 4.0 in stage 0.0 (TID 4)
20/02/16 23:33:27 INFO FileScanRDD: Reading File path: file:///edw/Reviews/SourceCode/data/asin_reviews.json, range: 536870912-671088640, partition values: [empty row]
20/02/16 23:33:28 INFO TaskSetManager: Finished task 2.0 in stage 0.0 (TID 2) in 23729 ms on localhost (executor driver) (1/20)
20/02/16 23:33:28 INFO Executor: Finished task 1.0 in stage 0.0 (TID 1). 2350 bytes result sent to driver
20/02/16 23:33:28 INFO TaskSetManager: Starting task 5.0 in stage 0.0 (TID 5, localhost, executor driver, partition 5, PROCESS_LOCAL, 8269 bytes)
20/02/16 23:33:28 INFO Executor: Running task 5.0 in stage 0.0 (TID 5)
20/02/16 23:33:28 INFO TaskSetManager: Finished task 1.0 in stage 0.0 (TID 1) in 24122 ms on localhost (executor driver) (2/20)
20/02/16 23:33:28 INFO FileScanRDD: Reading File path: file:///edw/Reviews/SourceCode/data/asin_reviews.json, range: 671088640-805306368, partition values: [empty row]
20/02/16 23:33:29 INFO Executor: Finished task 3.0 in stage 0.0 (TID 3). 2350 bytes result sent to driver
20/02/16 23:33:29 INFO TaskSetManager: Starting task 6.0 in stage 0.0 (TID 6, localhost, executor driver, partition 6, PROCESS_LOCAL, 8269 bytes)
20/02/16 23:33:29 INFO TaskSetManager: Finished task 3.0 in stage 0.0 (TID 3) in 24901 ms on localhost (executor driver) (3/20)
20/02/16 23:33:29 INFO Executor: Running task 6.0 in stage 0.0 (TID 6)
20/02/16 23:33:29 INFO FileScanRDD: Reading File path: file:///edw/Reviews/SourceCode/data/asin_reviews.json, range: 805306368-939524096, partition values: [empty row]
20/02/16 23:33:29 INFO Executor: Finished task 0.0 in stage 0.0 (TID 0). 2350 bytes result sent to driver
20/02/16 23:33:29 INFO TaskSetManager: Starting task 7.0 in stage 0.0 (TID 7, localhost, executor driver, partition 7, PROCESS_LOCAL, 8269 bytes)
20/02/16 23:33:29 INFO TaskSetManager: Finished task 0.0 in stage 0.0 (TID 0) in 25184 ms on localhost (executor driver) (4/20)
20/02/16 23:33:29 INFO Executor: Running task 7.0 in stage 0.0 (TID 7)
20/02/16 23:33:29 INFO FileScanRDD: Reading File path: file:///edw/Reviews/SourceCode/data/asin_reviews.json, range: 939524096-1073741824, partition values: [empty row]
20/02/16 23:33:51 INFO Executor: Finished task 5.0 in stage 0.0 (TID 5). 2307 bytes result sent to driver
20/02/16 23:33:51 INFO TaskSetManager: Starting task 8.0 in stage 0.0 (TID 8, localhost, executor driver, partition 8, PROCESS_LOCAL, 8269 bytes)
20/02/16 23:33:51 INFO Executor: Running task 8.0 in stage 0.0 (TID 8)
20/02/16 23:33:51 INFO TaskSetManager: Finished task 5.0 in stage 0.0 (TID 5) in 23371 ms on localhost (executor driver) (5/20)
20/02/16 23:33:51 INFO FileScanRDD: Reading File path: file:///edw/Reviews/SourceCode/data/asin_reviews.json, range: 1073741824-1207959552, partition values: [empty row]
20/02/16 23:33:52 INFO Executor: Finished task 4.0 in stage 0.0 (TID 4). 2307 bytes result sent to driver
20/02/16 23:33:52 INFO TaskSetManager: Starting task 9.0 in stage 0.0 (TID 9, localhost, executor driver, partition 9, PROCESS_LOCAL, 8269 bytes)
20/02/16 23:33:52 INFO Executor: Running task 9.0 in stage 0.0 (TID 9)
20/02/16 23:33:52 INFO TaskSetManager: Finished task 4.0 in stage 0.0 (TID 4) in 24345 ms on localhost (executor driver) (6/20)
20/02/16 23:33:52 INFO FileScanRDD: Reading File path: file:///edw/Reviews/SourceCode/data/asin_reviews.json, range: 1207959552-1342177280, partition values: [empty row]
20/02/16 23:33:53 INFO Executor: Finished task 6.0 in stage 0.0 (TID 6). 2350 bytes result sent to driver
20/02/16 23:33:53 INFO TaskSetManager: Starting task 10.0 in stage 0.0 (TID 10, localhost, executor driver, partition 10, PROCESS_LOCAL, 8269 bytes)
20/02/16 23:33:53 INFO Executor: Running task 10.0 in stage 0.0 (TID 10)
20/02/16 23:33:53 INFO TaskSetManager: Finished task 6.0 in stage 0.0 (TID 6) in 24319 ms on localhost (executor driver) (7/20)
20/02/16 23:33:53 INFO FileScanRDD: Reading File path: file:///edw/Reviews/SourceCode/data/asin_reviews.json, range: 1342177280-1476395008, partition values: [empty row]
20/02/16 23:33:53 INFO Executor: Finished task 7.0 in stage 0.0 (TID 7). 2264 bytes result sent to driver
20/02/16 23:33:53 INFO TaskSetManager: Starting task 11.0 in stage 0.0 (TID 11, localhost, executor driver, partition 11, PROCESS_LOCAL, 8269 bytes)
20/02/16 23:33:53 INFO Executor: Running task 11.0 in stage 0.0 (TID 11)
20/02/16 23:33:53 INFO TaskSetManager: Finished task 7.0 in stage 0.0 (TID 7) in 24161 ms on localhost (executor driver) (8/20)
20/02/16 23:33:53 INFO FileScanRDD: Reading File path: file:///edw/Reviews/SourceCode/data/asin_reviews.json, range: 1476395008-1610612736, partition values: [empty row]
20/02/16 23:34:16 INFO Executor: Finished task 9.0 in stage 0.0 (TID 9). 2307 bytes result sent to driver
20/02/16 23:34:16 INFO TaskSetManager: Starting task 12.0 in stage 0.0 (TID 12, localhost, executor driver, partition 12, PROCESS_LOCAL, 8269 bytes)
20/02/16 23:34:16 INFO Executor: Running task 12.0 in stage 0.0 (TID 12)
20/02/16 23:34:16 INFO TaskSetManager: Finished task 9.0 in stage 0.0 (TID 9) in 24076 ms on localhost (executor driver) (9/20)
20/02/16 23:34:16 INFO FileScanRDD: Reading File path: file:///edw/Reviews/SourceCode/data/asin_reviews.json, range: 1610612736-1744830464, partition values: [empty row]
20/02/16 23:34:17 INFO Executor: Finished task 10.0 in stage 0.0 (TID 10). 2307 bytes result sent to driver
20/02/16 23:34:17 INFO TaskSetManager: Starting task 13.0 in stage 0.0 (TID 13, localhost, executor driver, partition 13, PROCESS_LOCAL, 8269 bytes)
20/02/16 23:34:17 INFO TaskSetManager: Finished task 10.0 in stage 0.0 (TID 10) in 23547 ms on localhost (executor driver) (10/20)
20/02/16 23:34:17 INFO Executor: Running task 13.0 in stage 0.0 (TID 13)
20/02/16 23:34:17 INFO FileScanRDD: Reading File path: file:///edw/Reviews/SourceCode/data/asin_reviews.json, range: 1744830464-1879048192, partition values: [empty row]
20/02/16 23:34:17 INFO Executor: Finished task 8.0 in stage 0.0 (TID 8). 2350 bytes result sent to driver
20/02/16 23:34:17 INFO TaskSetManager: Starting task 14.0 in stage 0.0 (TID 14, localhost, executor driver, partition 14, PROCESS_LOCAL, 8269 bytes)
20/02/16 23:34:17 INFO TaskSetManager: Finished task 8.0 in stage 0.0 (TID 8) in 25638 ms on localhost (executor driver) (11/20)
20/02/16 23:34:17 INFO Executor: Running task 14.0 in stage 0.0 (TID 14)
20/02/16 23:34:17 INFO FileScanRDD: Reading File path: file:///edw/Reviews/SourceCode/data/asin_reviews.json, range: 1879048192-2013265920, partition values: [empty row]
20/02/16 23:34:18 INFO Executor: Finished task 11.0 in stage 0.0 (TID 11). 2307 bytes result sent to driver
20/02/16 23:34:18 INFO TaskSetManager: Starting task 15.0 in stage 0.0 (TID 15, localhost, executor driver, partition 15, PROCESS_LOCAL, 8269 bytes)
20/02/16 23:34:18 INFO Executor: Running task 15.0 in stage 0.0 (TID 15)
20/02/16 23:34:18 INFO TaskSetManager: Finished task 11.0 in stage 0.0 (TID 11) in 24780 ms on localhost (executor driver) (12/20)
20/02/16 23:34:18 INFO FileScanRDD: Reading File path: file:///edw/Reviews/SourceCode/data/asin_reviews.json, range: 2013265920-2147483648, partition values: [empty row]
20/02/16 23:34:39 INFO Executor: Finished task 12.0 in stage 0.0 (TID 12). 2307 bytes result sent to driver
20/02/16 23:34:39 INFO TaskSetManager: Starting task 16.0 in stage 0.0 (TID 16, localhost, executor driver, partition 16, PROCESS_LOCAL, 8269 bytes)
20/02/16 23:34:39 INFO Executor: Running task 16.0 in stage 0.0 (TID 16)
20/02/16 23:34:39 INFO TaskSetManager: Finished task 12.0 in stage 0.0 (TID 12) in 23385 ms on localhost (executor driver) (13/20)
20/02/16 23:34:39 INFO FileScanRDD: Reading File path: file:///edw/Reviews/SourceCode/data/asin_reviews.json, range: 2147483648-2281701376, partition values: [empty row]
20/02/16 23:34:41 INFO Executor: Finished task 13.0 in stage 0.0 (TID 13). 2307 bytes result sent to driver
20/02/16 23:34:41 INFO TaskSetManager: Starting task 17.0 in stage 0.0 (TID 17, localhost, executor driver, partition 17, PROCESS_LOCAL, 8269 bytes)
20/02/16 23:34:41 INFO TaskSetManager: Finished task 13.0 in stage 0.0 (TID 13) in 24400 ms on localhost (executor driver) (14/20)
20/02/16 23:34:41 INFO Executor: Running task 17.0 in stage 0.0 (TID 17)
20/02/16 23:34:41 INFO FileScanRDD: Reading File path: file:///edw/Reviews/SourceCode/data/asin_reviews.json, range: 2281701376-2415919104, partition values: [empty row]
20/02/16 23:34:43 INFO Executor: Finished task 15.0 in stage 0.0 (TID 15). 2307 bytes result sent to driver
20/02/16 23:34:43 INFO TaskSetManager: Starting task 18.0 in stage 0.0 (TID 18, localhost, executor driver, partition 18, PROCESS_LOCAL, 8269 bytes)
20/02/16 23:34:43 INFO TaskSetManager: Finished task 15.0 in stage 0.0 (TID 15) in 24732 ms on localhost (executor driver) (15/20)
20/02/16 23:34:43 INFO Executor: Running task 18.0 in stage 0.0 (TID 18)
20/02/16 23:34:43 INFO FileScanRDD: Reading File path: file:///edw/Reviews/SourceCode/data/asin_reviews.json, range: 2415919104-2550136832, partition values: [empty row]
20/02/16 23:34:58 INFO Executor: Finished task 14.0 in stage 0.0 (TID 14). 2307 bytes result sent to driver
20/02/16 23:34:58 INFO TaskSetManager: Starting task 19.0 in stage 0.0 (TID 19, localhost, executor driver, partition 19, PROCESS_LOCAL, 8269 bytes)
20/02/16 23:34:58 INFO Executor: Running task 19.0 in stage 0.0 (TID 19)
20/02/16 23:34:58 INFO TaskSetManager: Finished task 14.0 in stage 0.0 (TID 14) in 40792 ms on localhost (executor driver) (16/20)
20/02/16 23:34:58 INFO FileScanRDD: Reading File path: file:///edw/Reviews/SourceCode/data/asin_reviews.json, range: 2550136832-2602802204, partition values: [empty row]
20/02/16 23:35:06 INFO Executor: Finished task 16.0 in stage 0.0 (TID 16). 2264 bytes result sent to driver
20/02/16 23:35:06 INFO TaskSetManager: Finished task 16.0 in stage 0.0 (TID 16) in 26751 ms on localhost (executor driver) (17/20)
20/02/16 23:35:07 INFO Executor: Finished task 19.0 in stage 0.0 (TID 19). 2307 bytes result sent to driver
20/02/16 23:35:07 INFO TaskSetManager: Finished task 19.0 in stage 0.0 (TID 19) in 9520 ms on localhost (executor driver) (18/20)
20/02/16 23:35:08 INFO Executor: Finished task 18.0 in stage 0.0 (TID 18). 2307 bytes result sent to driver
20/02/16 23:35:08 INFO TaskSetManager: Finished task 18.0 in stage 0.0 (TID 18) in 25668 ms on localhost (executor driver) (19/20)
20/02/16 23:35:09 INFO Executor: Finished task 17.0 in stage 0.0 (TID 17). 2307 bytes result sent to driver
20/02/16 23:35:10 INFO TaskSetManager: Finished task 17.0 in stage 0.0 (TID 17) in 28562 ms on localhost (executor driver) (20/20)
20/02/16 23:35:10 INFO TaskSchedulerImpl: Removed TaskSet 0.0, whose tasks have all completed, from pool 
20/02/16 23:35:10 INFO DAGScheduler: ResultStage 0 (json at NativeMethodAccessorImpl.java:0) finished in 125.980 s
20/02/16 23:35:10 INFO DAGScheduler: Job 0 finished: json at NativeMethodAccessorImpl.java:0, took 126.202063 s
20/02/16 23:35:12 INFO FileSourceStrategy: Pruning directories with: 
20/02/16 23:35:12 INFO FileSourceStrategy: Post-Scan Filters: (cast(cast(CASE WHEN isnull(unixReviewTime#14L) THEN 1990-01-01 ELSE from_unixtime(unixReviewTime#14L, yyyy-MM-dd, Some(Europe/Berlin)) END as date) as string) >= 2011-01-01)
20/02/16 23:35:12 INFO FileSourceStrategy: Output Data Schema: struct<asin: string, overall: double, reviewerID: string, reviewerName: string, unixReviewTime: bigint ... 3 more fields>
20/02/16 23:35:12 INFO FileSourceScanExec: Pushed Filters: 
20/02/16 23:35:12 INFO CodeGenerator: Code generated in 83.0738 ms
20/02/16 23:35:12 INFO MemoryStore: Block broadcast_2 stored as values in memory (estimated size 282.9 KB, free 365.7 MB)
20/02/16 23:35:12 INFO MemoryStore: Block broadcast_2_piece0 stored as bytes in memory (estimated size 23.2 KB, free 365.7 MB)
20/02/16 23:35:12 INFO BlockManagerInfo: Added broadcast_2_piece0 in memory on 192.168.1.25:3515 (size: 23.2 KB, free: 366.2 MB)
20/02/16 23:35:12 INFO SparkContext: Created broadcast 2 from jdbc at NativeMethodAccessorImpl.java:0
20/02/16 23:35:12 INFO FileSourceScanExec: Planning scan with bin packing, max size: 134217728 bytes, open cost is considered as scanning 4194304 bytes.
20/02/16 23:35:12 INFO SparkContext: Starting job: jdbc at NativeMethodAccessorImpl.java:0
20/02/16 23:35:12 INFO DAGScheduler: Got job 1 (jdbc at NativeMethodAccessorImpl.java:0) with 20 output partitions
20/02/16 23:35:12 INFO DAGScheduler: Final stage: ResultStage 1 (jdbc at NativeMethodAccessorImpl.java:0)
20/02/16 23:35:12 INFO DAGScheduler: Parents of final stage: List()
20/02/16 23:35:12 INFO DAGScheduler: Missing parents: List()
20/02/16 23:35:12 INFO DAGScheduler: Submitting ResultStage 1 (MapPartitionsRDD[8] at jdbc at NativeMethodAccessorImpl.java:0), which has no missing parents
20/02/16 23:35:12 INFO MemoryStore: Block broadcast_3 stored as values in memory (estimated size 67.6 KB, free 365.6 MB)
20/02/16 23:35:12 INFO MemoryStore: Block broadcast_3_piece0 stored as bytes in memory (estimated size 31.2 KB, free 365.6 MB)
20/02/16 23:35:12 INFO BlockManagerInfo: Added broadcast_3_piece0 in memory on 192.168.1.25:3515 (size: 31.2 KB, free: 366.2 MB)
20/02/16 23:35:12 INFO SparkContext: Created broadcast 3 from broadcast at DAGScheduler.scala:1163
20/02/16 23:35:12 INFO DAGScheduler: Submitting 20 missing tasks from ResultStage 1 (MapPartitionsRDD[8] at jdbc at NativeMethodAccessorImpl.java:0) (first 15 tasks are for partitions Vector(0, 1, 2, 3, 4, 5, 6, 7, 8, 9, 10, 11, 12, 13, 14))
20/02/16 23:35:12 INFO TaskSchedulerImpl: Adding task set 1.0 with 20 tasks
20/02/16 23:35:12 INFO TaskSetManager: Starting task 0.0 in stage 1.0 (TID 20, localhost, executor driver, partition 0, PROCESS_LOCAL, 8269 bytes)
20/02/16 23:35:12 INFO TaskSetManager: Starting task 1.0 in stage 1.0 (TID 21, localhost, executor driver, partition 1, PROCESS_LOCAL, 8269 bytes)
20/02/16 23:35:12 INFO TaskSetManager: Starting task 2.0 in stage 1.0 (TID 22, localhost, executor driver, partition 2, PROCESS_LOCAL, 8269 bytes)
20/02/16 23:35:12 INFO TaskSetManager: Starting task 3.0 in stage 1.0 (TID 23, localhost, executor driver, partition 3, PROCESS_LOCAL, 8269 bytes)
20/02/16 23:35:12 INFO Executor: Running task 2.0 in stage 1.0 (TID 22)
20/02/16 23:35:12 INFO Executor: Running task 3.0 in stage 1.0 (TID 23)
20/02/16 23:35:12 INFO Executor: Running task 0.0 in stage 1.0 (TID 20)
20/02/16 23:35:12 INFO Executor: Running task 1.0 in stage 1.0 (TID 21)
20/02/16 23:35:12 INFO CodeGenerator: Code generated in 37.7953 ms
20/02/16 23:35:13 INFO FileScanRDD: Reading File path: file:///edw/Reviews/SourceCode/data/asin_reviews.json, range: 134217728-268435456, partition values: [empty row]
20/02/16 23:35:13 INFO FileScanRDD: Reading File path: file:///edw/Reviews/SourceCode/data/asin_reviews.json, range: 268435456-402653184, partition values: [empty row]
20/02/16 23:35:13 INFO FileScanRDD: Reading File path: file:///edw/Reviews/SourceCode/data/asin_reviews.json, range: 402653184-536870912, partition values: [empty row]
20/02/16 23:35:13 INFO FileScanRDD: Reading File path: file:///edw/Reviews/SourceCode/data/asin_reviews.json, range: 0-134217728, partition values: [empty row]
20/02/16 23:35:13 INFO CodeGenerator: Code generated in 20.0503 ms
20/02/16 23:35:21 INFO Executor: Finished task 0.0 in stage 1.0 (TID 20). 1499 bytes result sent to driver
20/02/16 23:35:21 INFO TaskSetManager: Starting task 4.0 in stage 1.0 (TID 24, localhost, executor driver, partition 4, PROCESS_LOCAL, 8269 bytes)
20/02/16 23:35:21 INFO Executor: Running task 4.0 in stage 1.0 (TID 24)
20/02/16 23:35:21 INFO TaskSetManager: Finished task 0.0 in stage 1.0 (TID 20) in 8256 ms on localhost (executor driver) (1/20)
20/02/16 23:35:21 INFO FileScanRDD: Reading File path: file:///edw/Reviews/SourceCode/data/asin_reviews.json, range: 536870912-671088640, partition values: [empty row]
20/02/16 23:35:24 INFO Executor: Finished task 1.0 in stage 1.0 (TID 21). 1456 bytes result sent to driver
20/02/16 23:35:24 INFO TaskSetManager: Starting task 5.0 in stage 1.0 (TID 25, localhost, executor driver, partition 5, PROCESS_LOCAL, 8269 bytes)
20/02/16 23:35:24 INFO TaskSetManager: Finished task 1.0 in stage 1.0 (TID 21) in 12018 ms on localhost (executor driver) (2/20)
20/02/16 23:35:24 INFO Executor: Running task 5.0 in stage 1.0 (TID 25)
20/02/16 23:35:24 INFO FileScanRDD: Reading File path: file:///edw/Reviews/SourceCode/data/asin_reviews.json, range: 671088640-805306368, partition values: [empty row]
20/02/16 23:35:29 INFO Executor: Finished task 2.0 in stage 1.0 (TID 22). 1499 bytes result sent to driver
20/02/16 23:35:29 INFO TaskSetManager: Starting task 6.0 in stage 1.0 (TID 26, localhost, executor driver, partition 6, PROCESS_LOCAL, 8269 bytes)
20/02/16 23:35:29 INFO TaskSetManager: Finished task 2.0 in stage 1.0 (TID 22) in 16836 ms on localhost (executor driver) (3/20)
20/02/16 23:35:29 INFO Executor: Running task 6.0 in stage 1.0 (TID 26)
20/02/16 23:35:29 INFO Executor: Finished task 5.0 in stage 1.0 (TID 25). 1499 bytes result sent to driver
20/02/16 23:35:29 INFO TaskSetManager: Starting task 7.0 in stage 1.0 (TID 27, localhost, executor driver, partition 7, PROCESS_LOCAL, 8269 bytes)
20/02/16 23:35:29 INFO TaskSetManager: Finished task 5.0 in stage 1.0 (TID 25) in 5086 ms on localhost (executor driver) (4/20)
20/02/16 23:35:29 INFO Executor: Running task 7.0 in stage 1.0 (TID 27)
20/02/16 23:35:30 INFO FileScanRDD: Reading File path: file:///edw/Reviews/SourceCode/data/asin_reviews.json, range: 939524096-1073741824, partition values: [empty row]
20/02/16 23:35:30 INFO FileScanRDD: Reading File path: file:///edw/Reviews/SourceCode/data/asin_reviews.json, range: 805306368-939524096, partition values: [empty row]
20/02/16 23:35:31 INFO Executor: Finished task 4.0 in stage 1.0 (TID 24). 1456 bytes result sent to driver
20/02/16 23:35:31 INFO TaskSetManager: Starting task 8.0 in stage 1.0 (TID 28, localhost, executor driver, partition 8, PROCESS_LOCAL, 8269 bytes)
20/02/16 23:35:31 INFO TaskSetManager: Finished task 4.0 in stage 1.0 (TID 24) in 10269 ms on localhost (executor driver) (5/20)
20/02/16 23:35:31 INFO Executor: Running task 8.0 in stage 1.0 (TID 28)
20/02/16 23:35:31 INFO FileScanRDD: Reading File path: file:///edw/Reviews/SourceCode/data/asin_reviews.json, range: 1073741824-1207959552, partition values: [empty row]
20/02/16 23:35:37 INFO Executor: Finished task 6.0 in stage 1.0 (TID 26). 1456 bytes result sent to driver
20/02/16 23:35:37 INFO TaskSetManager: Starting task 9.0 in stage 1.0 (TID 29, localhost, executor driver, partition 9, PROCESS_LOCAL, 8269 bytes)
20/02/16 23:35:37 INFO TaskSetManager: Finished task 6.0 in stage 1.0 (TID 26) in 8135 ms on localhost (executor driver) (6/20)
20/02/16 23:35:37 INFO Executor: Running task 9.0 in stage 1.0 (TID 29)
20/02/16 23:35:38 INFO Executor: Finished task 8.0 in stage 1.0 (TID 28). 1499 bytes result sent to driver
20/02/16 23:35:38 INFO TaskSetManager: Starting task 10.0 in stage 1.0 (TID 30, localhost, executor driver, partition 10, PROCESS_LOCAL, 8269 bytes)
20/02/16 23:35:38 INFO TaskSetManager: Finished task 8.0 in stage 1.0 (TID 28) in 6623 ms on localhost (executor driver) (7/20)
20/02/16 23:35:38 INFO Executor: Running task 10.0 in stage 1.0 (TID 30)
20/02/16 23:35:38 INFO FileScanRDD: Reading File path: file:///edw/Reviews/SourceCode/data/asin_reviews.json, range: 1342177280-1476395008, partition values: [empty row]
20/02/16 23:35:38 INFO FileScanRDD: Reading File path: file:///edw/Reviews/SourceCode/data/asin_reviews.json, range: 1207959552-1342177280, partition values: [empty row]
20/02/16 23:35:40 INFO Executor: Finished task 7.0 in stage 1.0 (TID 27). 1456 bytes result sent to driver
20/02/16 23:35:40 INFO TaskSetManager: Starting task 11.0 in stage 1.0 (TID 31, localhost, executor driver, partition 11, PROCESS_LOCAL, 8269 bytes)
20/02/16 23:35:40 INFO TaskSetManager: Finished task 7.0 in stage 1.0 (TID 27) in 10115 ms on localhost (executor driver) (8/20)
20/02/16 23:35:40 INFO Executor: Running task 11.0 in stage 1.0 (TID 31)
20/02/16 23:35:40 INFO FileScanRDD: Reading File path: file:///edw/Reviews/SourceCode/data/asin_reviews.json, range: 1476395008-1610612736, partition values: [empty row]
20/02/16 23:36:01 INFO Executor: Finished task 11.0 in stage 1.0 (TID 31). 1456 bytes result sent to driver
20/02/16 23:36:01 INFO TaskSetManager: Starting task 12.0 in stage 1.0 (TID 32, localhost, executor driver, partition 12, PROCESS_LOCAL, 8269 bytes)
20/02/16 23:36:01 INFO Executor: Running task 12.0 in stage 1.0 (TID 32)
20/02/16 23:36:01 INFO TaskSetManager: Finished task 11.0 in stage 1.0 (TID 31) in 21623 ms on localhost (executor driver) (9/20)
20/02/16 23:36:02 INFO FileScanRDD: Reading File path: file:///edw/Reviews/SourceCode/data/asin_reviews.json, range: 1610612736-1744830464, partition values: [empty row]
20/02/16 23:36:08 INFO Executor: Finished task 9.0 in stage 1.0 (TID 29). 1456 bytes result sent to driver
20/02/16 23:36:08 INFO TaskSetManager: Starting task 13.0 in stage 1.0 (TID 33, localhost, executor driver, partition 13, PROCESS_LOCAL, 8269 bytes)
20/02/16 23:36:08 INFO TaskSetManager: Finished task 9.0 in stage 1.0 (TID 29) in 30452 ms on localhost (executor driver) (10/20)
20/02/16 23:36:08 INFO Executor: Running task 13.0 in stage 1.0 (TID 33)
20/02/16 23:36:08 INFO FileScanRDD: Reading File path: file:///edw/Reviews/SourceCode/data/asin_reviews.json, range: 1744830464-1879048192, partition values: [empty row]
20/02/16 23:36:18 INFO Executor: Finished task 12.0 in stage 1.0 (TID 32). 1499 bytes result sent to driver
20/02/16 23:36:18 INFO TaskSetManager: Starting task 14.0 in stage 1.0 (TID 34, localhost, executor driver, partition 14, PROCESS_LOCAL, 8269 bytes)
20/02/16 23:36:18 INFO TaskSetManager: Finished task 12.0 in stage 1.0 (TID 32) in 17179 ms on localhost (executor driver) (11/20)
20/02/16 23:36:18 INFO Executor: Running task 14.0 in stage 1.0 (TID 34)
20/02/16 23:36:19 INFO FileScanRDD: Reading File path: file:///edw/Reviews/SourceCode/data/asin_reviews.json, range: 1879048192-2013265920, partition values: [empty row]
20/02/16 23:36:33 INFO Executor: Finished task 14.0 in stage 1.0 (TID 34). 1456 bytes result sent to driver
20/02/16 23:36:33 INFO TaskSetManager: Starting task 15.0 in stage 1.0 (TID 35, localhost, executor driver, partition 15, PROCESS_LOCAL, 8269 bytes)
20/02/16 23:36:33 INFO TaskSetManager: Finished task 14.0 in stage 1.0 (TID 34) in 15066 ms on localhost (executor driver) (12/20)
20/02/16 23:36:33 INFO Executor: Running task 15.0 in stage 1.0 (TID 35)
20/02/16 23:36:36 INFO FileScanRDD: Reading File path: file:///edw/Reviews/SourceCode/data/asin_reviews.json, range: 2013265920-2147483648, partition values: [empty row]
20/02/16 23:36:36 INFO Executor: Finished task 10.0 in stage 1.0 (TID 30). 1456 bytes result sent to driver
20/02/16 23:36:36 INFO TaskSetManager: Starting task 16.0 in stage 1.0 (TID 36, localhost, executor driver, partition 16, PROCESS_LOCAL, 8269 bytes)
20/02/16 23:36:36 INFO TaskSetManager: Finished task 10.0 in stage 1.0 (TID 30) in 58605 ms on localhost (executor driver) (13/20)
20/02/16 23:36:36 INFO Executor: Running task 16.0 in stage 1.0 (TID 36)
20/02/16 23:36:36 INFO FileScanRDD: Reading File path: file:///edw/Reviews/SourceCode/data/asin_reviews.json, range: 2147483648-2281701376, partition values: [empty row]
20/02/16 23:36:44 INFO Executor: Finished task 3.0 in stage 1.0 (TID 23). 1499 bytes result sent to driver
20/02/16 23:36:44 INFO TaskSetManager: Starting task 17.0 in stage 1.0 (TID 37, localhost, executor driver, partition 17, PROCESS_LOCAL, 8269 bytes)
20/02/16 23:36:44 INFO TaskSetManager: Finished task 3.0 in stage 1.0 (TID 23) in 91725 ms on localhost (executor driver) (14/20)
20/02/16 23:36:44 INFO Executor: Running task 17.0 in stage 1.0 (TID 37)
20/02/16 23:36:45 INFO FileScanRDD: Reading File path: file:///edw/Reviews/SourceCode/data/asin_reviews.json, range: 2281701376-2415919104, partition values: [empty row]
20/02/16 23:37:07 INFO Executor: Finished task 13.0 in stage 1.0 (TID 33). 1456 bytes result sent to driver
20/02/16 23:37:07 INFO TaskSetManager: Starting task 18.0 in stage 1.0 (TID 38, localhost, executor driver, partition 18, PROCESS_LOCAL, 8269 bytes)
20/02/16 23:37:07 INFO TaskSetManager: Finished task 13.0 in stage 1.0 (TID 33) in 58889 ms on localhost (executor driver) (15/20)
20/02/16 23:37:07 INFO Executor: Running task 18.0 in stage 1.0 (TID 38)
20/02/16 23:37:07 INFO FileScanRDD: Reading File path: file:///edw/Reviews/SourceCode/data/asin_reviews.json, range: 2415919104-2550136832, partition values: [empty row]
20/02/16 23:37:49 INFO Executor: Finished task 17.0 in stage 1.0 (TID 37). 1456 bytes result sent to driver
20/02/16 23:37:49 INFO TaskSetManager: Starting task 19.0 in stage 1.0 (TID 39, localhost, executor driver, partition 19, PROCESS_LOCAL, 8269 bytes)
20/02/16 23:37:49 INFO Executor: Running task 19.0 in stage 1.0 (TID 39)
20/02/16 23:37:49 INFO TaskSetManager: Finished task 17.0 in stage 1.0 (TID 37) in 64503 ms on localhost (executor driver) (16/20)
20/02/16 23:37:51 INFO FileScanRDD: Reading File path: file:///edw/Reviews/SourceCode/data/asin_reviews.json, range: 2550136832-2602802204, partition values: [empty row]
20/02/16 23:38:00 INFO Executor: Finished task 15.0 in stage 1.0 (TID 35). 1456 bytes result sent to driver
20/02/16 23:38:00 INFO TaskSetManager: Finished task 15.0 in stage 1.0 (TID 35) in 86862 ms on localhost (executor driver) (17/20)
20/02/16 23:38:24 INFO Executor: Finished task 18.0 in stage 1.0 (TID 38). 1499 bytes result sent to driver
20/02/16 23:38:24 INFO TaskSetManager: Finished task 18.0 in stage 1.0 (TID 38) in 77596 ms on localhost (executor driver) (18/20)
20/02/16 23:38:41 INFO Executor: Finished task 19.0 in stage 1.0 (TID 39). 1456 bytes result sent to driver
20/02/16 23:38:41 INFO TaskSetManager: Finished task 19.0 in stage 1.0 (TID 39) in 52408 ms on localhost (executor driver) (19/20)
20/02/16 23:38:44 INFO Executor: Finished task 16.0 in stage 1.0 (TID 36). 1499 bytes result sent to driver
20/02/16 23:38:44 INFO TaskSetManager: Finished task 16.0 in stage 1.0 (TID 36) in 128369 ms on localhost (executor driver) (20/20)
20/02/16 23:38:44 INFO TaskSchedulerImpl: Removed TaskSet 1.0, whose tasks have all completed, from pool 
20/02/16 23:38:44 INFO DAGScheduler: ResultStage 1 (jdbc at NativeMethodAccessorImpl.java:0) finished in 212.172 s
20/02/16 23:38:44 INFO DAGScheduler: Job 1 finished: jdbc at NativeMethodAccessorImpl.java:0, took 212.181726 s
20/02/16 23:38:51 INFO SparkContext: Invoking stop() from shutdown hook
20/02/16 23:38:52 INFO SparkUI: Stopped Spark web UI at http://192.168.1.25:4040
20/02/16 23:38:53 INFO MapOutputTrackerMasterEndpoint: MapOutputTrackerMasterEndpoint stopped!
20/02/16 23:38:54 INFO MemoryStore: MemoryStore cleared
20/02/16 23:38:54 INFO BlockManager: BlockManager stopped
20/02/16 23:38:54 INFO BlockManagerMaster: BlockManagerMaster stopped
20/02/16 23:38:55 INFO OutputCommitCoordinator$OutputCommitCoordinatorEndpoint: OutputCommitCoordinator stopped!
20/02/16 23:38:55 INFO SparkContext: Successfully stopped SparkContext
20/02/16 23:38:55 INFO ShutdownHookManager: Shutdown hook called
20/02/16 23:38:55 INFO ShutdownHookManager: Deleting directory /tmp/spark-3595b0d8-bbc4-4454-814f-2861214ff1c0
20/02/16 23:38:55 INFO ShutdownHookManager: Deleting directory /tmp/spark-046a2c98-c92f-41df-934c-7ad6eaaa18cd
20/02/16 23:38:55 INFO ShutdownHookManager: Deleting directory /tmp/spark-3595b0d8-bbc4-4454-814f-2861214ff1c0/pyspark-b870314f-6822-4a90-9020-b88c56424070
###################################################################################################################################
###################################################################################################################################
Job completed successfully
###################################################################################################################################
###################################################################################################################################
