###################################################################################################################################
###################################################################################################################################
Load to stage in progress
###################################################################################################################################
###################################################################################################################################
20/02/14 20:31:58 WARN Utils: Your hostname, DESKTOP-502C4I4 resolves to a loopback address: 127.0.1.1; using 192.168.1.25 instead (on interface wifi0)
20/02/14 20:31:58 WARN Utils: Set SPARK_LOCAL_IP if you need to bind to another address
20/02/14 20:31:58 WARN NativeCodeLoader: Unable to load native-hadoop library for your platform... using builtin-java classes where applicable
Using Spark's default log4j profile: org/apache/spark/log4j-defaults.properties
20/02/14 20:32:00 INFO SparkContext: Running Spark version 2.4.5
20/02/14 20:32:00 INFO SparkContext: Submitted application: MySession
20/02/14 20:32:00 INFO SecurityManager: Changing view acls to: devetluser
20/02/14 20:32:00 INFO SecurityManager: Changing modify acls to: devetluser
20/02/14 20:32:00 INFO SecurityManager: Changing view acls groups to: 
20/02/14 20:32:00 INFO SecurityManager: Changing modify acls groups to: 
20/02/14 20:32:00 INFO SecurityManager: SecurityManager: authentication disabled; ui acls disabled; users  with view permissions: Set(devetluser); groups with view permissions: Set(); users  with modify permissions: Set(devetluser); groups with modify permissions: Set()
20/02/14 20:32:00 INFO Utils: Successfully started service 'sparkDriver' on port 9151.
20/02/14 20:32:00 INFO SparkEnv: Registering MapOutputTracker
20/02/14 20:32:00 INFO SparkEnv: Registering BlockManagerMaster
20/02/14 20:32:00 INFO BlockManagerMasterEndpoint: Using org.apache.spark.storage.DefaultTopologyMapper for getting topology information
20/02/14 20:32:00 INFO BlockManagerMasterEndpoint: BlockManagerMasterEndpoint up
20/02/14 20:32:00 INFO DiskBlockManager: Created local directory at /tmp/blockmgr-9fc5ecc7-cb0c-4d48-bc2b-19974d5513ca
20/02/14 20:32:00 INFO MemoryStore: MemoryStore started with capacity 366.3 MB
20/02/14 20:32:00 INFO SparkEnv: Registering OutputCommitCoordinator
20/02/14 20:32:01 INFO Utils: Successfully started service 'SparkUI' on port 4040.
20/02/14 20:32:01 INFO SparkUI: Bound SparkUI to 0.0.0.0, and started at http://192.168.1.25:4040
20/02/14 20:32:01 INFO Executor: Starting executor ID driver on host localhost
20/02/14 20:32:01 INFO Utils: Successfully started service 'org.apache.spark.network.netty.NettyBlockTransferService' on port 9154.
20/02/14 20:32:01 INFO NettyBlockTransferService: Server created on 192.168.1.25:9154
20/02/14 20:32:01 INFO BlockManager: Using org.apache.spark.storage.RandomBlockReplicationPolicy for block replication policy
20/02/14 20:32:01 INFO BlockManagerMaster: Registering BlockManager BlockManagerId(driver, 192.168.1.25, 9154, None)
20/02/14 20:32:01 INFO BlockManagerMasterEndpoint: Registering block manager 192.168.1.25:9154 with 366.3 MB RAM, BlockManagerId(driver, 192.168.1.25, 9154, None)
20/02/14 20:32:01 INFO BlockManagerMaster: Registered BlockManager BlockManagerId(driver, 192.168.1.25, 9154, None)
20/02/14 20:32:01 INFO BlockManager: Initialized BlockManager: BlockManagerId(driver, 192.168.1.25, 9154, None)
20/02/14 20:32:02 INFO SharedState: Setting hive.metastore.warehouse.dir ('null') to the value of spark.sql.warehouse.dir ('file:/edw/Reviews/SourceCode/bash/spark-warehouse').
20/02/14 20:32:02 INFO SharedState: Warehouse path is 'file:/edw/Reviews/SourceCode/bash/spark-warehouse'.
20/02/14 20:32:03 INFO StateStoreCoordinatorRef: Registered StateStoreCoordinator endpoint
20/02/14 20:32:03 INFO InMemoryFileIndex: It took 57 ms to list leaf files for 1 paths.
20/02/14 20:32:03 INFO InMemoryFileIndex: It took 2 ms to list leaf files for 1 paths.
20/02/14 20:32:06 INFO FileSourceStrategy: Pruning directories with: 
20/02/14 20:32:06 INFO FileSourceStrategy: Post-Scan Filters: 
20/02/14 20:32:06 INFO FileSourceStrategy: Output Data Schema: struct<value: string>
20/02/14 20:32:06 INFO FileSourceScanExec: Pushed Filters: 
20/02/14 20:32:07 INFO CodeGenerator: Code generated in 397.4335 ms
20/02/14 20:32:07 INFO MemoryStore: Block broadcast_0 stored as values in memory (estimated size 282.7 KB, free 366.0 MB)
20/02/14 20:32:07 INFO MemoryStore: Block broadcast_0_piece0 stored as bytes in memory (estimated size 23.3 KB, free 366.0 MB)
20/02/14 20:32:07 INFO BlockManagerInfo: Added broadcast_0_piece0 in memory on 192.168.1.25:9154 (size: 23.3 KB, free: 366.3 MB)
20/02/14 20:32:07 INFO SparkContext: Created broadcast 0 from json at NativeMethodAccessorImpl.java:0
20/02/14 20:32:07 INFO FileSourceScanExec: Planning scan with bin packing, max size: 22011312 bytes, open cost is considered as scanning 4194304 bytes.
20/02/14 20:32:08 INFO SparkContext: Starting job: json at NativeMethodAccessorImpl.java:0
20/02/14 20:32:08 INFO DAGScheduler: Got job 0 (json at NativeMethodAccessorImpl.java:0) with 4 output partitions
20/02/14 20:32:08 INFO DAGScheduler: Final stage: ResultStage 0 (json at NativeMethodAccessorImpl.java:0)
20/02/14 20:32:08 INFO DAGScheduler: Parents of final stage: List()
20/02/14 20:32:08 INFO DAGScheduler: Missing parents: List()
20/02/14 20:32:08 INFO DAGScheduler: Submitting ResultStage 0 (MapPartitionsRDD[3] at json at NativeMethodAccessorImpl.java:0), which has no missing parents
20/02/14 20:32:08 INFO MemoryStore: Block broadcast_1 stored as values in memory (estimated size 11.6 KB, free 366.0 MB)
20/02/14 20:32:08 INFO MemoryStore: Block broadcast_1_piece0 stored as bytes in memory (estimated size 6.7 KB, free 366.0 MB)
20/02/14 20:32:08 INFO BlockManagerInfo: Added broadcast_1_piece0 in memory on 192.168.1.25:9154 (size: 6.7 KB, free: 366.3 MB)
20/02/14 20:32:08 INFO SparkContext: Created broadcast 1 from broadcast at DAGScheduler.scala:1163
20/02/14 20:32:08 INFO DAGScheduler: Submitting 4 missing tasks from ResultStage 0 (MapPartitionsRDD[3] at json at NativeMethodAccessorImpl.java:0) (first 15 tasks are for partitions Vector(0, 1, 2, 3))
20/02/14 20:32:08 INFO TaskSchedulerImpl: Adding task set 0.0 with 4 tasks
20/02/14 20:32:08 INFO TaskSetManager: Starting task 0.0 in stage 0.0 (TID 0, localhost, executor driver, partition 0, PROCESS_LOCAL, 8267 bytes)
20/02/14 20:32:08 INFO TaskSetManager: Starting task 1.0 in stage 0.0 (TID 1, localhost, executor driver, partition 1, PROCESS_LOCAL, 8267 bytes)
20/02/14 20:32:08 INFO TaskSetManager: Starting task 2.0 in stage 0.0 (TID 2, localhost, executor driver, partition 2, PROCESS_LOCAL, 8267 bytes)
20/02/14 20:32:08 INFO TaskSetManager: Starting task 3.0 in stage 0.0 (TID 3, localhost, executor driver, partition 3, PROCESS_LOCAL, 8267 bytes)
20/02/14 20:32:08 INFO Executor: Running task 3.0 in stage 0.0 (TID 3)
20/02/14 20:32:08 INFO Executor: Running task 0.0 in stage 0.0 (TID 0)
20/02/14 20:32:08 INFO Executor: Running task 2.0 in stage 0.0 (TID 2)
20/02/14 20:32:08 INFO Executor: Running task 1.0 in stage 0.0 (TID 1)
20/02/14 20:32:08 INFO FileScanRDD: Reading File path: file:///edw/Reviews/SourceCode/data/AmzReviews.json, range: 44022624-66033936, partition values: [empty row]
20/02/14 20:32:08 INFO FileScanRDD: Reading File path: file:///edw/Reviews/SourceCode/data/AmzReviews.json, range: 0-22011312, partition values: [empty row]
20/02/14 20:32:08 INFO FileScanRDD: Reading File path: file:///edw/Reviews/SourceCode/data/AmzReviews.json, range: 66033936-83850945, partition values: [empty row]
20/02/14 20:32:08 INFO FileScanRDD: Reading File path: file:///edw/Reviews/SourceCode/data/AmzReviews.json, range: 22011312-44022624, partition values: [empty row]
20/02/14 20:32:08 INFO CodeGenerator: Code generated in 19.6186 ms
20/02/14 20:32:09 INFO Executor: Finished task 1.0 in stage 0.0 (TID 1). 2307 bytes result sent to driver
20/02/14 20:32:09 INFO Executor: Finished task 3.0 in stage 0.0 (TID 3). 2307 bytes result sent to driver
20/02/14 20:32:09 INFO Executor: Finished task 0.0 in stage 0.0 (TID 0). 2350 bytes result sent to driver
20/02/14 20:32:09 INFO Executor: Finished task 2.0 in stage 0.0 (TID 2). 2350 bytes result sent to driver
20/02/14 20:32:09 INFO TaskSetManager: Finished task 1.0 in stage 0.0 (TID 1) in 1047 ms on localhost (executor driver) (1/4)
20/02/14 20:32:09 INFO TaskSetManager: Finished task 3.0 in stage 0.0 (TID 3) in 1054 ms on localhost (executor driver) (2/4)
20/02/14 20:32:09 INFO TaskSetManager: Finished task 2.0 in stage 0.0 (TID 2) in 1056 ms on localhost (executor driver) (3/4)
20/02/14 20:32:09 INFO TaskSetManager: Finished task 0.0 in stage 0.0 (TID 0) in 1071 ms on localhost (executor driver) (4/4)
20/02/14 20:32:09 INFO TaskSchedulerImpl: Removed TaskSet 0.0, whose tasks have all completed, from pool 
20/02/14 20:32:09 INFO DAGScheduler: ResultStage 0 (json at NativeMethodAccessorImpl.java:0) finished in 1.217 s
20/02/14 20:32:09 INFO DAGScheduler: Job 0 finished: json at NativeMethodAccessorImpl.java:0, took 1.303621 s
20/02/14 20:32:10 INFO FileSourceStrategy: Pruning directories with: 
20/02/14 20:32:10 INFO FileSourceStrategy: Post-Scan Filters: 
20/02/14 20:32:10 INFO FileSourceStrategy: Output Data Schema: struct<asin: string, overall: double, reviewerID: string, reviewerName: string, unixReviewTime: bigint ... 3 more fields>
20/02/14 20:32:10 INFO FileSourceScanExec: Pushed Filters: 
20/02/14 20:32:10 INFO CodeGenerator: Code generated in 38.3195 ms
20/02/14 20:32:10 INFO MemoryStore: Block broadcast_2 stored as values in memory (estimated size 282.7 KB, free 365.7 MB)
20/02/14 20:32:10 INFO MemoryStore: Block broadcast_2_piece0 stored as bytes in memory (estimated size 23.3 KB, free 365.7 MB)
20/02/14 20:32:10 INFO BlockManagerInfo: Added broadcast_2_piece0 in memory on 192.168.1.25:9154 (size: 23.3 KB, free: 366.2 MB)
20/02/14 20:32:10 INFO SparkContext: Created broadcast 2 from jdbc at NativeMethodAccessorImpl.java:0
20/02/14 20:32:10 INFO FileSourceScanExec: Planning scan with bin packing, max size: 22011312 bytes, open cost is considered as scanning 4194304 bytes.
20/02/14 20:32:10 INFO SparkContext: Starting job: jdbc at NativeMethodAccessorImpl.java:0
20/02/14 20:32:10 INFO DAGScheduler: Got job 1 (jdbc at NativeMethodAccessorImpl.java:0) with 4 output partitions
20/02/14 20:32:10 INFO DAGScheduler: Final stage: ResultStage 1 (jdbc at NativeMethodAccessorImpl.java:0)
20/02/14 20:32:10 INFO DAGScheduler: Parents of final stage: List()
20/02/14 20:32:10 INFO DAGScheduler: Missing parents: List()
20/02/14 20:32:10 INFO DAGScheduler: Submitting ResultStage 1 (MapPartitionsRDD[8] at jdbc at NativeMethodAccessorImpl.java:0), which has no missing parents
20/02/14 20:32:10 INFO MemoryStore: Block broadcast_3 stored as values in memory (estimated size 64.3 KB, free 365.6 MB)
20/02/14 20:32:10 INFO MemoryStore: Block broadcast_3_piece0 stored as bytes in memory (estimated size 29.5 KB, free 365.6 MB)
20/02/14 20:32:10 INFO BlockManagerInfo: Added broadcast_3_piece0 in memory on 192.168.1.25:9154 (size: 29.5 KB, free: 366.2 MB)
20/02/14 20:32:10 INFO SparkContext: Created broadcast 3 from broadcast at DAGScheduler.scala:1163
20/02/14 20:32:10 INFO DAGScheduler: Submitting 4 missing tasks from ResultStage 1 (MapPartitionsRDD[8] at jdbc at NativeMethodAccessorImpl.java:0) (first 15 tasks are for partitions Vector(0, 1, 2, 3))
20/02/14 20:32:10 INFO TaskSchedulerImpl: Adding task set 1.0 with 4 tasks
20/02/14 20:32:10 INFO TaskSetManager: Starting task 0.0 in stage 1.0 (TID 4, localhost, executor driver, partition 0, PROCESS_LOCAL, 8267 bytes)
20/02/14 20:32:10 INFO TaskSetManager: Starting task 1.0 in stage 1.0 (TID 5, localhost, executor driver, partition 1, PROCESS_LOCAL, 8267 bytes)
20/02/14 20:32:10 INFO TaskSetManager: Starting task 2.0 in stage 1.0 (TID 6, localhost, executor driver, partition 2, PROCESS_LOCAL, 8267 bytes)
20/02/14 20:32:10 INFO TaskSetManager: Starting task 3.0 in stage 1.0 (TID 7, localhost, executor driver, partition 3, PROCESS_LOCAL, 8267 bytes)
20/02/14 20:32:10 INFO Executor: Running task 0.0 in stage 1.0 (TID 4)
20/02/14 20:32:10 INFO Executor: Running task 1.0 in stage 1.0 (TID 5)
20/02/14 20:32:10 INFO Executor: Running task 2.0 in stage 1.0 (TID 6)
20/02/14 20:32:10 INFO Executor: Running task 3.0 in stage 1.0 (TID 7)
20/02/14 20:32:10 INFO CodeGenerator: Code generated in 34.8338 ms
20/02/14 20:32:10 INFO FileScanRDD: Reading File path: file:///edw/Reviews/SourceCode/data/AmzReviews.json, range: 44022624-66033936, partition values: [empty row]
20/02/14 20:32:10 INFO FileScanRDD: Reading File path: file:///edw/Reviews/SourceCode/data/AmzReviews.json, range: 22011312-44022624, partition values: [empty row]
20/02/14 20:32:10 INFO FileScanRDD: Reading File path: file:///edw/Reviews/SourceCode/data/AmzReviews.json, range: 66033936-83850945, partition values: [empty row]
20/02/14 20:32:10 INFO FileScanRDD: Reading File path: file:///edw/Reviews/SourceCode/data/AmzReviews.json, range: 0-22011312, partition values: [empty row]
20/02/14 20:32:10 INFO CodeGenerator: Code generated in 17.6022 ms
20/02/14 20:32:13 INFO Executor: Finished task 1.0 in stage 1.0 (TID 5). 1480 bytes result sent to driver
20/02/14 20:32:13 INFO TaskSetManager: Finished task 1.0 in stage 1.0 (TID 5) in 2948 ms on localhost (executor driver) (1/4)
20/02/14 20:32:13 INFO Executor: Finished task 2.0 in stage 1.0 (TID 6). 1437 bytes result sent to driver
20/02/14 20:32:13 INFO Executor: Finished task 0.0 in stage 1.0 (TID 4). 1437 bytes result sent to driver
20/02/14 20:32:13 INFO TaskSetManager: Finished task 2.0 in stage 1.0 (TID 6) in 3172 ms on localhost (executor driver) (2/4)
20/02/14 20:32:13 INFO TaskSetManager: Finished task 0.0 in stage 1.0 (TID 4) in 3174 ms on localhost (executor driver) (3/4)
20/02/14 20:32:14 INFO Executor: Finished task 3.0 in stage 1.0 (TID 7). 1394 bytes result sent to driver
20/02/14 20:32:14 INFO TaskSetManager: Finished task 3.0 in stage 1.0 (TID 7) in 3356 ms on localhost (executor driver) (4/4)
20/02/14 20:32:14 INFO TaskSchedulerImpl: Removed TaskSet 1.0, whose tasks have all completed, from pool 
20/02/14 20:32:14 INFO DAGScheduler: ResultStage 1 (jdbc at NativeMethodAccessorImpl.java:0) finished in 3.407 s
20/02/14 20:32:14 INFO DAGScheduler: Job 1 finished: jdbc at NativeMethodAccessorImpl.java:0, took 3.415016 s
20/02/14 20:32:14 INFO SparkContext: Invoking stop() from shutdown hook
20/02/14 20:32:14 INFO SparkUI: Stopped Spark web UI at http://192.168.1.25:4040
20/02/14 20:32:14 INFO MapOutputTrackerMasterEndpoint: MapOutputTrackerMasterEndpoint stopped!
20/02/14 20:32:14 INFO MemoryStore: MemoryStore cleared
20/02/14 20:32:14 INFO BlockManager: BlockManager stopped
20/02/14 20:32:14 INFO BlockManagerMaster: BlockManagerMaster stopped
20/02/14 20:32:14 INFO OutputCommitCoordinator$OutputCommitCoordinatorEndpoint: OutputCommitCoordinator stopped!
20/02/14 20:32:14 INFO SparkContext: Successfully stopped SparkContext
20/02/14 20:32:14 INFO ShutdownHookManager: Shutdown hook called
20/02/14 20:32:14 INFO ShutdownHookManager: Deleting directory /tmp/spark-feddd36f-bae5-483e-b8a0-909b664c05c5/pyspark-6987e249-54a9-4afb-99c2-cc93c877b3fc
20/02/14 20:32:14 INFO ShutdownHookManager: Deleting directory /tmp/spark-7c1d7dcd-8802-44a0-9c6e-0e1affc659ba
20/02/14 20:32:14 INFO ShutdownHookManager: Deleting directory /tmp/spark-feddd36f-bae5-483e-b8a0-909b664c05c5
###################################################################################################################################
###################################################################################################################################
Load to ODS in progress
###################################################################################################################################
###################################################################################################################################
begin;
BEGIN
	  UPDATE "STAGE_DB".REVIEWS 
	  SET reviewerName = RS.reviewerName
	  , reviewRating = RS.reviewRating
	  , odsUpdateTd = current_timestamp(0)
	  FROM "WORK_DB".REVIEWS_W RS
	  WHERE REVIEWS.reviewerID = RS.reviewerID
	  AND REVIEWS.asin = RS.asin
	  AND REVIEWS.reviewDate = RS.reviewDate;
ERROR:  relation "WORK_DB.reviews_w" does not exist
LINE 5:    FROM "WORK_DB".REVIEWS_W RS
                ^
