###################################################################################################################################
###################################################################################################################################
Load to stage in progress
###################################################################################################################################
###################################################################################################################################
20/02/17 02:06:54 WARN Utils: Your hostname, DESKTOP-502C4I4 resolves to a loopback address: 127.0.1.1; using 192.168.1.25 instead (on interface wifi0)
20/02/17 02:06:54 WARN Utils: Set SPARK_LOCAL_IP if you need to bind to another address
20/02/17 02:06:56 WARN NativeCodeLoader: Unable to load native-hadoop library for your platform... using builtin-java classes where applicable
Using Spark's default log4j profile: org/apache/spark/log4j-defaults.properties
20/02/17 02:07:03 INFO SparkContext: Running Spark version 2.4.5
20/02/17 02:07:04 INFO SparkContext: Submitted application: ReviewsOdsSession
20/02/17 02:07:04 INFO SecurityManager: Changing view acls to: devetluser
20/02/17 02:07:04 INFO SecurityManager: Changing modify acls to: devetluser
20/02/17 02:07:04 INFO SecurityManager: Changing view acls groups to: 
20/02/17 02:07:04 INFO SecurityManager: Changing modify acls groups to: 
20/02/17 02:07:04 INFO SecurityManager: SecurityManager: authentication disabled; ui acls disabled; users  with view permissions: Set(devetluser); groups with view permissions: Set(); users  with modify permissions: Set(devetluser); groups with modify permissions: Set()
20/02/17 02:07:06 INFO Utils: Successfully started service 'sparkDriver' on port 14898.
20/02/17 02:07:06 INFO SparkEnv: Registering MapOutputTracker
20/02/17 02:07:06 INFO SparkEnv: Registering BlockManagerMaster
20/02/17 02:07:06 INFO BlockManagerMasterEndpoint: Using org.apache.spark.storage.DefaultTopologyMapper for getting topology information
20/02/17 02:07:06 INFO BlockManagerMasterEndpoint: BlockManagerMasterEndpoint up
20/02/17 02:07:06 INFO DiskBlockManager: Created local directory at /tmp/blockmgr-e5441f59-fca3-4e62-b7a6-8fe859ce12b6
20/02/17 02:07:06 INFO MemoryStore: MemoryStore started with capacity 366.3 MB
20/02/17 02:07:06 INFO SparkEnv: Registering OutputCommitCoordinator
20/02/17 02:07:07 INFO Utils: Successfully started service 'SparkUI' on port 4040.
20/02/17 02:07:07 INFO SparkUI: Bound SparkUI to 0.0.0.0, and started at http://192.168.1.25:4040
20/02/17 02:07:07 INFO Executor: Starting executor ID driver on host localhost
20/02/17 02:07:07 INFO Utils: Successfully started service 'org.apache.spark.network.netty.NettyBlockTransferService' on port 14901.
20/02/17 02:07:07 INFO NettyBlockTransferService: Server created on 192.168.1.25:14901
20/02/17 02:07:07 INFO BlockManager: Using org.apache.spark.storage.RandomBlockReplicationPolicy for block replication policy
20/02/17 02:07:07 INFO BlockManagerMaster: Registering BlockManager BlockManagerId(driver, 192.168.1.25, 14901, None)
20/02/17 02:07:07 INFO BlockManagerMasterEndpoint: Registering block manager 192.168.1.25:14901 with 366.3 MB RAM, BlockManagerId(driver, 192.168.1.25, 14901, None)
20/02/17 02:07:07 INFO BlockManagerMaster: Registered BlockManager BlockManagerId(driver, 192.168.1.25, 14901, None)
20/02/17 02:07:07 INFO BlockManager: Initialized BlockManager: BlockManagerId(driver, 192.168.1.25, 14901, None)
20/02/17 02:07:09 INFO SharedState: Setting hive.metastore.warehouse.dir ('null') to the value of spark.sql.warehouse.dir ('file:/edw/Reviews/SourceCode/bash/spark-warehouse').
20/02/17 02:07:09 INFO SharedState: Warehouse path is 'file:/edw/Reviews/SourceCode/bash/spark-warehouse'.
20/02/17 02:07:11 INFO StateStoreCoordinatorRef: Registered StateStoreCoordinator endpoint
20/02/17 02:07:12 INFO InMemoryFileIndex: It took 204 ms to list leaf files for 1 paths.
20/02/17 02:07:12 INFO InMemoryFileIndex: It took 5 ms to list leaf files for 1 paths.
20/02/17 02:07:18 INFO FileSourceStrategy: Pruning directories with: 
20/02/17 02:07:18 INFO FileSourceStrategy: Post-Scan Filters: 
20/02/17 02:07:18 INFO FileSourceStrategy: Output Data Schema: struct<value: string>
20/02/17 02:07:18 INFO FileSourceScanExec: Pushed Filters: 
20/02/17 02:07:28 INFO CodeGenerator: Code generated in 3450.0813 ms
20/02/17 02:07:29 INFO MemoryStore: Block broadcast_0 stored as values in memory (estimated size 282.9 KB, free 366.0 MB)
20/02/17 02:07:30 INFO MemoryStore: Block broadcast_0_piece0 stored as bytes in memory (estimated size 23.2 KB, free 366.0 MB)
20/02/17 02:07:30 INFO BlockManagerInfo: Added broadcast_0_piece0 in memory on 192.168.1.25:14901 (size: 23.2 KB, free: 366.3 MB)
20/02/17 02:07:30 INFO SparkContext: Created broadcast 0 from json at NativeMethodAccessorImpl.java:0
20/02/17 02:07:30 INFO FileSourceScanExec: Planning scan with bin packing, max size: 134217728 bytes, open cost is considered as scanning 4194304 bytes.
20/02/17 02:07:31 INFO SparkContext: Starting job: json at NativeMethodAccessorImpl.java:0
20/02/17 02:07:31 INFO DAGScheduler: Got job 0 (json at NativeMethodAccessorImpl.java:0) with 18 output partitions
20/02/17 02:07:31 INFO DAGScheduler: Final stage: ResultStage 0 (json at NativeMethodAccessorImpl.java:0)
20/02/17 02:07:31 INFO DAGScheduler: Parents of final stage: List()
20/02/17 02:07:31 INFO DAGScheduler: Missing parents: List()
20/02/17 02:07:31 INFO DAGScheduler: Submitting ResultStage 0 (MapPartitionsRDD[3] at json at NativeMethodAccessorImpl.java:0), which has no missing parents
20/02/17 02:07:32 INFO MemoryStore: Block broadcast_1 stored as values in memory (estimated size 11.6 KB, free 366.0 MB)
20/02/17 02:07:32 INFO MemoryStore: Block broadcast_1_piece0 stored as bytes in memory (estimated size 6.7 KB, free 366.0 MB)
20/02/17 02:07:32 INFO BlockManagerInfo: Added broadcast_1_piece0 in memory on 192.168.1.25:14901 (size: 6.7 KB, free: 366.3 MB)
20/02/17 02:07:32 INFO SparkContext: Created broadcast 1 from broadcast at DAGScheduler.scala:1163
20/02/17 02:07:32 INFO DAGScheduler: Submitting 18 missing tasks from ResultStage 0 (MapPartitionsRDD[3] at json at NativeMethodAccessorImpl.java:0) (first 15 tasks are for partitions Vector(0, 1, 2, 3, 4, 5, 6, 7, 8, 9, 10, 11, 12, 13, 14))
20/02/17 02:07:32 INFO TaskSchedulerImpl: Adding task set 0.0 with 18 tasks
20/02/17 02:07:33 INFO TaskSetManager: Starting task 0.0 in stage 0.0 (TID 0, localhost, executor driver, partition 0, PROCESS_LOCAL, 8269 bytes)
20/02/17 02:07:33 INFO TaskSetManager: Starting task 1.0 in stage 0.0 (TID 1, localhost, executor driver, partition 1, PROCESS_LOCAL, 8269 bytes)
20/02/17 02:07:33 INFO TaskSetManager: Starting task 2.0 in stage 0.0 (TID 2, localhost, executor driver, partition 2, PROCESS_LOCAL, 8269 bytes)
20/02/17 02:07:33 INFO TaskSetManager: Starting task 3.0 in stage 0.0 (TID 3, localhost, executor driver, partition 3, PROCESS_LOCAL, 8269 bytes)
20/02/17 02:07:33 INFO Executor: Running task 3.0 in stage 0.0 (TID 3)
20/02/17 02:07:33 INFO Executor: Running task 0.0 in stage 0.0 (TID 0)
20/02/17 02:07:33 INFO Executor: Running task 1.0 in stage 0.0 (TID 1)
20/02/17 02:07:33 INFO Executor: Running task 2.0 in stage 0.0 (TID 2)
20/02/17 02:07:34 INFO FileScanRDD: Reading File path: file:///edw/Reviews/SourceCode/data/asin_reviews.json, range: 402653184-536870912, partition values: [empty row]
20/02/17 02:07:34 INFO FileScanRDD: Reading File path: file:///edw/Reviews/SourceCode/data/asin_reviews.json, range: 268435456-402653184, partition values: [empty row]
20/02/17 02:07:34 INFO FileScanRDD: Reading File path: file:///edw/Reviews/SourceCode/data/asin_reviews.json, range: 134217728-268435456, partition values: [empty row]
20/02/17 02:07:34 INFO FileScanRDD: Reading File path: file:///edw/Reviews/SourceCode/data/asin_reviews.json, range: 0-134217728, partition values: [empty row]
20/02/17 02:07:34 INFO CodeGenerator: Code generated in 70.7682 ms
20/02/17 02:07:58 INFO Executor: Finished task 3.0 in stage 0.0 (TID 3). 2350 bytes result sent to driver
20/02/17 02:07:58 INFO Executor: Finished task 1.0 in stage 0.0 (TID 1). 2350 bytes result sent to driver
20/02/17 02:07:58 INFO Executor: Finished task 2.0 in stage 0.0 (TID 2). 2350 bytes result sent to driver
20/02/17 02:07:58 INFO TaskSetManager: Starting task 4.0 in stage 0.0 (TID 4, localhost, executor driver, partition 4, PROCESS_LOCAL, 8269 bytes)
20/02/17 02:07:58 INFO Executor: Running task 4.0 in stage 0.0 (TID 4)
20/02/17 02:07:58 INFO TaskSetManager: Starting task 5.0 in stage 0.0 (TID 5, localhost, executor driver, partition 5, PROCESS_LOCAL, 8269 bytes)
20/02/17 02:07:58 INFO Executor: Running task 5.0 in stage 0.0 (TID 5)
20/02/17 02:07:58 INFO TaskSetManager: Starting task 6.0 in stage 0.0 (TID 6, localhost, executor driver, partition 6, PROCESS_LOCAL, 8269 bytes)
20/02/17 02:07:58 INFO FileScanRDD: Reading File path: file:///edw/Reviews/SourceCode/data/asin_reviews.json, range: 536870912-671088640, partition values: [empty row]
20/02/17 02:07:58 INFO FileScanRDD: Reading File path: file:///edw/Reviews/SourceCode/data/asin_reviews.json, range: 671088640-805306368, partition values: [empty row]
20/02/17 02:07:58 INFO Executor: Running task 6.0 in stage 0.0 (TID 6)
20/02/17 02:07:58 INFO TaskSetManager: Finished task 3.0 in stage 0.0 (TID 3) in 25457 ms on localhost (executor driver) (1/18)
20/02/17 02:07:58 INFO FileScanRDD: Reading File path: file:///edw/Reviews/SourceCode/data/asin_reviews.json, range: 805306368-939524096, partition values: [empty row]
20/02/17 02:07:58 INFO TaskSetManager: Finished task 2.0 in stage 0.0 (TID 2) in 25546 ms on localhost (executor driver) (2/18)
20/02/17 02:07:58 INFO TaskSetManager: Finished task 1.0 in stage 0.0 (TID 1) in 25565 ms on localhost (executor driver) (3/18)
20/02/17 02:08:00 INFO Executor: Finished task 0.0 in stage 0.0 (TID 0). 2350 bytes result sent to driver
20/02/17 02:08:00 INFO TaskSetManager: Starting task 7.0 in stage 0.0 (TID 7, localhost, executor driver, partition 7, PROCESS_LOCAL, 8269 bytes)
20/02/17 02:08:00 INFO Executor: Running task 7.0 in stage 0.0 (TID 7)
20/02/17 02:08:00 INFO TaskSetManager: Finished task 0.0 in stage 0.0 (TID 0) in 27387 ms on localhost (executor driver) (4/18)
20/02/17 02:08:00 INFO FileScanRDD: Reading File path: file:///edw/Reviews/SourceCode/data/asin_reviews.json, range: 939524096-1073741824, partition values: [empty row]
20/02/17 02:08:19 INFO Executor: Finished task 5.0 in stage 0.0 (TID 5). 2350 bytes result sent to driver
20/02/17 02:08:19 INFO TaskSetManager: Starting task 8.0 in stage 0.0 (TID 8, localhost, executor driver, partition 8, PROCESS_LOCAL, 8269 bytes)
20/02/17 02:08:19 INFO TaskSetManager: Finished task 5.0 in stage 0.0 (TID 5) in 21310 ms on localhost (executor driver) (5/18)
20/02/17 02:08:19 INFO Executor: Running task 8.0 in stage 0.0 (TID 8)
20/02/17 02:08:19 INFO FileScanRDD: Reading File path: file:///edw/Reviews/SourceCode/data/asin_reviews.json, range: 1073741824-1207959552, partition values: [empty row]
20/02/17 02:08:20 INFO Executor: Finished task 4.0 in stage 0.0 (TID 4). 2307 bytes result sent to driver
20/02/17 02:08:20 INFO Executor: Finished task 6.0 in stage 0.0 (TID 6). 2307 bytes result sent to driver
20/02/17 02:08:20 INFO TaskSetManager: Starting task 9.0 in stage 0.0 (TID 9, localhost, executor driver, partition 9, PROCESS_LOCAL, 8269 bytes)
20/02/17 02:08:20 INFO Executor: Running task 9.0 in stage 0.0 (TID 9)
20/02/17 02:08:20 INFO TaskSetManager: Starting task 10.0 in stage 0.0 (TID 10, localhost, executor driver, partition 10, PROCESS_LOCAL, 8269 bytes)
20/02/17 02:08:20 INFO Executor: Running task 10.0 in stage 0.0 (TID 10)
20/02/17 02:08:20 INFO TaskSetManager: Finished task 6.0 in stage 0.0 (TID 6) in 22210 ms on localhost (executor driver) (6/18)
20/02/17 02:08:20 INFO TaskSetManager: Finished task 4.0 in stage 0.0 (TID 4) in 22249 ms on localhost (executor driver) (7/18)
20/02/17 02:08:20 INFO FileScanRDD: Reading File path: file:///edw/Reviews/SourceCode/data/asin_reviews.json, range: 1342177280-1476395008, partition values: [empty row]
20/02/17 02:08:20 INFO FileScanRDD: Reading File path: file:///edw/Reviews/SourceCode/data/asin_reviews.json, range: 1207959552-1342177280, partition values: [empty row]
20/02/17 02:08:23 INFO Executor: Finished task 7.0 in stage 0.0 (TID 7). 2350 bytes result sent to driver
20/02/17 02:08:23 INFO TaskSetManager: Starting task 11.0 in stage 0.0 (TID 11, localhost, executor driver, partition 11, PROCESS_LOCAL, 8269 bytes)
20/02/17 02:08:23 INFO Executor: Running task 11.0 in stage 0.0 (TID 11)
20/02/17 02:08:23 INFO TaskSetManager: Finished task 7.0 in stage 0.0 (TID 7) in 22675 ms on localhost (executor driver) (8/18)
20/02/17 02:08:23 INFO FileScanRDD: Reading File path: file:///edw/Reviews/SourceCode/data/asin_reviews.json, range: 1476395008-1610612736, partition values: [empty row]
20/02/17 02:08:40 INFO Executor: Finished task 8.0 in stage 0.0 (TID 8). 2264 bytes result sent to driver
20/02/17 02:08:40 INFO TaskSetManager: Starting task 12.0 in stage 0.0 (TID 12, localhost, executor driver, partition 12, PROCESS_LOCAL, 8269 bytes)
20/02/17 02:08:40 INFO TaskSetManager: Finished task 8.0 in stage 0.0 (TID 8) in 20675 ms on localhost (executor driver) (9/18)
20/02/17 02:08:40 INFO Executor: Running task 12.0 in stage 0.0 (TID 12)
20/02/17 02:08:40 INFO FileScanRDD: Reading File path: file:///edw/Reviews/SourceCode/data/asin_reviews.json, range: 1610612736-1744830464, partition values: [empty row]
20/02/17 02:08:41 INFO Executor: Finished task 10.0 in stage 0.0 (TID 10). 2307 bytes result sent to driver
20/02/17 02:08:41 INFO TaskSetManager: Starting task 13.0 in stage 0.0 (TID 13, localhost, executor driver, partition 13, PROCESS_LOCAL, 8269 bytes)
20/02/17 02:08:41 INFO Executor: Running task 13.0 in stage 0.0 (TID 13)
20/02/17 02:08:41 INFO TaskSetManager: Finished task 10.0 in stage 0.0 (TID 10) in 20885 ms on localhost (executor driver) (10/18)
20/02/17 02:08:41 INFO FileScanRDD: Reading File path: file:///edw/Reviews/SourceCode/data/asin_reviews.json, range: 1744830464-1879048192, partition values: [empty row]
20/02/17 02:08:42 INFO Executor: Finished task 9.0 in stage 0.0 (TID 9). 2350 bytes result sent to driver
20/02/17 02:08:42 INFO TaskSetManager: Starting task 14.0 in stage 0.0 (TID 14, localhost, executor driver, partition 14, PROCESS_LOCAL, 8269 bytes)
20/02/17 02:08:42 INFO TaskSetManager: Finished task 9.0 in stage 0.0 (TID 9) in 21237 ms on localhost (executor driver) (11/18)
20/02/17 02:08:42 INFO Executor: Running task 14.0 in stage 0.0 (TID 14)
20/02/17 02:08:42 INFO FileScanRDD: Reading File path: file:///edw/Reviews/SourceCode/data/asin_reviews.json, range: 1879048192-2013265920, partition values: [empty row]
20/02/17 02:08:44 INFO Executor: Finished task 11.0 in stage 0.0 (TID 11). 2307 bytes result sent to driver
20/02/17 02:08:44 INFO TaskSetManager: Starting task 15.0 in stage 0.0 (TID 15, localhost, executor driver, partition 15, PROCESS_LOCAL, 8269 bytes)
20/02/17 02:08:44 INFO TaskSetManager: Finished task 11.0 in stage 0.0 (TID 11) in 21801 ms on localhost (executor driver) (12/18)
20/02/17 02:08:44 INFO Executor: Running task 15.0 in stage 0.0 (TID 15)
20/02/17 02:08:44 INFO FileScanRDD: Reading File path: file:///edw/Reviews/SourceCode/data/asin_reviews.json, range: 2013265920-2147483648, partition values: [empty row]
20/02/17 02:09:02 INFO Executor: Finished task 12.0 in stage 0.0 (TID 12). 2307 bytes result sent to driver
20/02/17 02:09:02 INFO TaskSetManager: Starting task 16.0 in stage 0.0 (TID 16, localhost, executor driver, partition 16, PROCESS_LOCAL, 8269 bytes)
20/02/17 02:09:02 INFO Executor: Running task 16.0 in stage 0.0 (TID 16)
20/02/17 02:09:02 INFO TaskSetManager: Finished task 12.0 in stage 0.0 (TID 12) in 21899 ms on localhost (executor driver) (13/18)
20/02/17 02:09:02 INFO FileScanRDD: Reading File path: file:///edw/Reviews/SourceCode/data/asin_reviews.json, range: 2147483648-2281701376, partition values: [empty row]
20/02/17 02:09:04 INFO Executor: Finished task 13.0 in stage 0.0 (TID 13). 2307 bytes result sent to driver
20/02/17 02:09:04 INFO TaskSetManager: Starting task 17.0 in stage 0.0 (TID 17, localhost, executor driver, partition 17, PROCESS_LOCAL, 8269 bytes)
20/02/17 02:09:04 INFO TaskSetManager: Finished task 13.0 in stage 0.0 (TID 13) in 22348 ms on localhost (executor driver) (14/18)
20/02/17 02:09:04 INFO Executor: Running task 17.0 in stage 0.0 (TID 17)
20/02/17 02:09:04 INFO FileScanRDD: Reading File path: file:///edw/Reviews/SourceCode/data/asin_reviews.json, range: 2281701376-2297936060, partition values: [empty row]
20/02/17 02:09:04 INFO Executor: Finished task 14.0 in stage 0.0 (TID 14). 2307 bytes result sent to driver
20/02/17 02:09:04 INFO TaskSetManager: Finished task 14.0 in stage 0.0 (TID 14) in 22265 ms on localhost (executor driver) (15/18)
20/02/17 02:09:05 INFO Executor: Finished task 15.0 in stage 0.0 (TID 15). 2307 bytes result sent to driver
20/02/17 02:09:05 INFO TaskSetManager: Finished task 15.0 in stage 0.0 (TID 15) in 20914 ms on localhost (executor driver) (16/18)
20/02/17 02:09:06 INFO Executor: Finished task 17.0 in stage 0.0 (TID 17). 2350 bytes result sent to driver
20/02/17 02:09:06 INFO TaskSetManager: Finished task 17.0 in stage 0.0 (TID 17) in 2003 ms on localhost (executor driver) (17/18)
20/02/17 02:09:15 INFO Executor: Finished task 16.0 in stage 0.0 (TID 16). 2307 bytes result sent to driver
20/02/17 02:09:15 INFO TaskSetManager: Finished task 16.0 in stage 0.0 (TID 16) in 12760 ms on localhost (executor driver) (18/18)
20/02/17 02:09:15 INFO TaskSchedulerImpl: Removed TaskSet 0.0, whose tasks have all completed, from pool 
20/02/17 02:09:15 INFO DAGScheduler: ResultStage 0 (json at NativeMethodAccessorImpl.java:0) finished in 102.883 s
20/02/17 02:09:15 INFO DAGScheduler: Job 0 finished: json at NativeMethodAccessorImpl.java:0, took 103.638452 s
20/02/17 02:09:19 INFO FileSourceStrategy: Pruning directories with: 
20/02/17 02:09:19 INFO FileSourceStrategy: Post-Scan Filters: (cast(cast(CASE WHEN isnull(unixReviewTime#14L) THEN 1990-01-01 ELSE from_unixtime(unixReviewTime#14L, yyyy-MM-dd, Some(Europe/Berlin)) END as date) as string) >= 2011-01-01)
20/02/17 02:09:19 INFO FileSourceStrategy: Output Data Schema: struct<asin: string, overall: double, reviewerID: string, reviewerName: string, unixReviewTime: bigint ... 3 more fields>
20/02/17 02:09:19 INFO FileSourceScanExec: Pushed Filters: 
20/02/17 02:09:19 INFO CodeGenerator: Code generated in 209.1071 ms
20/02/17 02:09:19 INFO MemoryStore: Block broadcast_2 stored as values in memory (estimated size 282.9 KB, free 365.7 MB)
20/02/17 02:09:19 INFO MemoryStore: Block broadcast_2_piece0 stored as bytes in memory (estimated size 23.2 KB, free 365.7 MB)
20/02/17 02:09:19 INFO BlockManagerInfo: Added broadcast_2_piece0 in memory on 192.168.1.25:14901 (size: 23.2 KB, free: 366.2 MB)
20/02/17 02:09:19 INFO SparkContext: Created broadcast 2 from jdbc at NativeMethodAccessorImpl.java:0
20/02/17 02:09:19 INFO FileSourceScanExec: Planning scan with bin packing, max size: 134217728 bytes, open cost is considered as scanning 4194304 bytes.
20/02/17 02:09:20 INFO SparkContext: Starting job: jdbc at NativeMethodAccessorImpl.java:0
20/02/17 02:09:20 INFO DAGScheduler: Got job 1 (jdbc at NativeMethodAccessorImpl.java:0) with 18 output partitions
20/02/17 02:09:20 INFO DAGScheduler: Final stage: ResultStage 1 (jdbc at NativeMethodAccessorImpl.java:0)
20/02/17 02:09:20 INFO DAGScheduler: Parents of final stage: List()
20/02/17 02:09:20 INFO DAGScheduler: Missing parents: List()
20/02/17 02:09:20 INFO DAGScheduler: Submitting ResultStage 1 (MapPartitionsRDD[8] at jdbc at NativeMethodAccessorImpl.java:0), which has no missing parents
20/02/17 02:09:20 INFO MemoryStore: Block broadcast_3 stored as values in memory (estimated size 67.6 KB, free 365.6 MB)
20/02/17 02:09:20 INFO MemoryStore: Block broadcast_3_piece0 stored as bytes in memory (estimated size 31.2 KB, free 365.6 MB)
20/02/17 02:09:20 INFO BlockManagerInfo: Added broadcast_3_piece0 in memory on 192.168.1.25:14901 (size: 31.2 KB, free: 366.2 MB)
20/02/17 02:09:20 INFO SparkContext: Created broadcast 3 from broadcast at DAGScheduler.scala:1163
20/02/17 02:09:20 INFO DAGScheduler: Submitting 18 missing tasks from ResultStage 1 (MapPartitionsRDD[8] at jdbc at NativeMethodAccessorImpl.java:0) (first 15 tasks are for partitions Vector(0, 1, 2, 3, 4, 5, 6, 7, 8, 9, 10, 11, 12, 13, 14))
20/02/17 02:09:20 INFO TaskSchedulerImpl: Adding task set 1.0 with 18 tasks
20/02/17 02:09:20 INFO TaskSetManager: Starting task 0.0 in stage 1.0 (TID 18, localhost, executor driver, partition 0, PROCESS_LOCAL, 8269 bytes)
20/02/17 02:09:20 INFO TaskSetManager: Starting task 1.0 in stage 1.0 (TID 19, localhost, executor driver, partition 1, PROCESS_LOCAL, 8269 bytes)
20/02/17 02:09:20 INFO TaskSetManager: Starting task 2.0 in stage 1.0 (TID 20, localhost, executor driver, partition 2, PROCESS_LOCAL, 8269 bytes)
20/02/17 02:09:20 INFO TaskSetManager: Starting task 3.0 in stage 1.0 (TID 21, localhost, executor driver, partition 3, PROCESS_LOCAL, 8269 bytes)
20/02/17 02:09:20 INFO Executor: Running task 3.0 in stage 1.0 (TID 21)
20/02/17 02:09:20 INFO Executor: Running task 2.0 in stage 1.0 (TID 20)
20/02/17 02:09:20 INFO Executor: Running task 1.0 in stage 1.0 (TID 19)
20/02/17 02:09:20 INFO Executor: Running task 0.0 in stage 1.0 (TID 18)
20/02/17 02:09:20 INFO CodeGenerator: Code generated in 53.3162 ms
20/02/17 02:09:20 INFO FileScanRDD: Reading File path: file:///edw/Reviews/SourceCode/data/asin_reviews.json, range: 402653184-536870912, partition values: [empty row]
20/02/17 02:09:20 INFO FileScanRDD: Reading File path: file:///edw/Reviews/SourceCode/data/asin_reviews.json, range: 268435456-402653184, partition values: [empty row]
20/02/17 02:09:20 INFO FileScanRDD: Reading File path: file:///edw/Reviews/SourceCode/data/asin_reviews.json, range: 134217728-268435456, partition values: [empty row]
20/02/17 02:09:20 INFO FileScanRDD: Reading File path: file:///edw/Reviews/SourceCode/data/asin_reviews.json, range: 0-134217728, partition values: [empty row]
20/02/17 02:09:20 INFO CodeGenerator: Code generated in 34.3768 ms
20/02/17 02:09:32 INFO Executor: Finished task 0.0 in stage 1.0 (TID 18). 1499 bytes result sent to driver
20/02/17 02:09:32 INFO TaskSetManager: Starting task 4.0 in stage 1.0 (TID 22, localhost, executor driver, partition 4, PROCESS_LOCAL, 8269 bytes)
20/02/17 02:09:32 INFO TaskSetManager: Finished task 0.0 in stage 1.0 (TID 18) in 12293 ms on localhost (executor driver) (1/18)
20/02/17 02:09:32 INFO Executor: Running task 4.0 in stage 1.0 (TID 22)
20/02/17 02:09:33 INFO FileScanRDD: Reading File path: file:///edw/Reviews/SourceCode/data/asin_reviews.json, range: 536870912-671088640, partition values: [empty row]
20/02/17 02:09:43 INFO Executor: Finished task 4.0 in stage 1.0 (TID 22). 1499 bytes result sent to driver
20/02/17 02:09:43 INFO TaskSetManager: Starting task 5.0 in stage 1.0 (TID 23, localhost, executor driver, partition 5, PROCESS_LOCAL, 8269 bytes)
20/02/17 02:09:43 INFO TaskSetManager: Finished task 4.0 in stage 1.0 (TID 22) in 10880 ms on localhost (executor driver) (2/18)
20/02/17 02:09:43 INFO Executor: Running task 5.0 in stage 1.0 (TID 23)
20/02/17 02:09:44 INFO Executor: Finished task 3.0 in stage 1.0 (TID 21). 1456 bytes result sent to driver
20/02/17 02:09:44 INFO TaskSetManager: Starting task 6.0 in stage 1.0 (TID 24, localhost, executor driver, partition 6, PROCESS_LOCAL, 8269 bytes)
20/02/17 02:09:44 INFO TaskSetManager: Finished task 3.0 in stage 1.0 (TID 21) in 23788 ms on localhost (executor driver) (3/18)
20/02/17 02:09:44 INFO Executor: Running task 6.0 in stage 1.0 (TID 24)
20/02/17 02:09:44 INFO Executor: Finished task 1.0 in stage 1.0 (TID 19). 1542 bytes result sent to driver
20/02/17 02:09:44 INFO TaskSetManager: Starting task 7.0 in stage 1.0 (TID 25, localhost, executor driver, partition 7, PROCESS_LOCAL, 8269 bytes)
20/02/17 02:09:44 INFO TaskSetManager: Finished task 1.0 in stage 1.0 (TID 19) in 24216 ms on localhost (executor driver) (4/18)
20/02/17 02:09:44 INFO Executor: Running task 7.0 in stage 1.0 (TID 25)
20/02/17 02:09:44 INFO Executor: Finished task 2.0 in stage 1.0 (TID 20). 1542 bytes result sent to driver
20/02/17 02:09:44 INFO TaskSetManager: Starting task 8.0 in stage 1.0 (TID 26, localhost, executor driver, partition 8, PROCESS_LOCAL, 8269 bytes)
20/02/17 02:09:44 INFO Executor: Running task 8.0 in stage 1.0 (TID 26)
20/02/17 02:09:44 INFO TaskSetManager: Finished task 2.0 in stage 1.0 (TID 20) in 24414 ms on localhost (executor driver) (5/18)
20/02/17 02:09:44 INFO FileScanRDD: Reading File path: file:///edw/Reviews/SourceCode/data/asin_reviews.json, range: 671088640-805306368, partition values: [empty row]
20/02/17 02:09:44 INFO FileScanRDD: Reading File path: file:///edw/Reviews/SourceCode/data/asin_reviews.json, range: 1073741824-1207959552, partition values: [empty row]
20/02/17 02:09:44 INFO FileScanRDD: Reading File path: file:///edw/Reviews/SourceCode/data/asin_reviews.json, range: 939524096-1073741824, partition values: [empty row]
20/02/17 02:09:44 INFO FileScanRDD: Reading File path: file:///edw/Reviews/SourceCode/data/asin_reviews.json, range: 805306368-939524096, partition values: [empty row]
20/02/17 02:09:53 INFO Executor: Finished task 8.0 in stage 1.0 (TID 26). 1499 bytes result sent to driver
20/02/17 02:09:53 INFO TaskSetManager: Starting task 9.0 in stage 1.0 (TID 27, localhost, executor driver, partition 9, PROCESS_LOCAL, 8269 bytes)
20/02/17 02:09:53 INFO TaskSetManager: Finished task 8.0 in stage 1.0 (TID 26) in 9273 ms on localhost (executor driver) (6/18)
20/02/17 02:09:53 INFO Executor: Running task 9.0 in stage 1.0 (TID 27)
20/02/17 02:09:55 INFO FileScanRDD: Reading File path: file:///edw/Reviews/SourceCode/data/asin_reviews.json, range: 1207959552-1342177280, partition values: [empty row]
20/02/17 02:10:12 INFO Executor: Finished task 6.0 in stage 1.0 (TID 24). 1499 bytes result sent to driver
20/02/17 02:10:12 INFO TaskSetManager: Starting task 10.0 in stage 1.0 (TID 28, localhost, executor driver, partition 10, PROCESS_LOCAL, 8269 bytes)
20/02/17 02:10:12 INFO TaskSetManager: Finished task 6.0 in stage 1.0 (TID 24) in 28243 ms on localhost (executor driver) (7/18)
20/02/17 02:10:12 INFO Executor: Running task 10.0 in stage 1.0 (TID 28)
20/02/17 02:10:12 INFO Executor: Finished task 7.0 in stage 1.0 (TID 25). 1499 bytes result sent to driver
20/02/17 02:10:12 INFO TaskSetManager: Starting task 11.0 in stage 1.0 (TID 29, localhost, executor driver, partition 11, PROCESS_LOCAL, 8269 bytes)
20/02/17 02:10:12 INFO TaskSetManager: Finished task 7.0 in stage 1.0 (TID 25) in 28005 ms on localhost (executor driver) (8/18)
20/02/17 02:10:12 INFO Executor: Running task 11.0 in stage 1.0 (TID 29)
20/02/17 02:10:12 INFO Executor: Finished task 5.0 in stage 1.0 (TID 23). 1499 bytes result sent to driver
20/02/17 02:10:12 INFO TaskSetManager: Starting task 12.0 in stage 1.0 (TID 30, localhost, executor driver, partition 12, PROCESS_LOCAL, 8269 bytes)
20/02/17 02:10:12 INFO TaskSetManager: Finished task 5.0 in stage 1.0 (TID 23) in 29543 ms on localhost (executor driver) (9/18)
20/02/17 02:10:12 INFO Executor: Running task 12.0 in stage 1.0 (TID 30)
20/02/17 02:10:13 INFO FileScanRDD: Reading File path: file:///edw/Reviews/SourceCode/data/asin_reviews.json, range: 1610612736-1744830464, partition values: [empty row]
20/02/17 02:10:13 INFO FileScanRDD: Reading File path: file:///edw/Reviews/SourceCode/data/asin_reviews.json, range: 1342177280-1476395008, partition values: [empty row]
20/02/17 02:10:13 INFO FileScanRDD: Reading File path: file:///edw/Reviews/SourceCode/data/asin_reviews.json, range: 1476395008-1610612736, partition values: [empty row]
20/02/17 02:10:25 INFO Executor: Finished task 9.0 in stage 1.0 (TID 27). 1456 bytes result sent to driver
20/02/17 02:10:25 INFO TaskSetManager: Starting task 13.0 in stage 1.0 (TID 31, localhost, executor driver, partition 13, PROCESS_LOCAL, 8269 bytes)
20/02/17 02:10:25 INFO TaskSetManager: Finished task 9.0 in stage 1.0 (TID 27) in 31713 ms on localhost (executor driver) (10/18)
20/02/17 02:10:25 INFO Executor: Running task 13.0 in stage 1.0 (TID 31)
20/02/17 02:10:26 INFO FileScanRDD: Reading File path: file:///edw/Reviews/SourceCode/data/asin_reviews.json, range: 1744830464-1879048192, partition values: [empty row]
20/02/17 02:10:39 INFO Executor: Finished task 11.0 in stage 1.0 (TID 29). 1456 bytes result sent to driver
20/02/17 02:10:39 INFO TaskSetManager: Starting task 14.0 in stage 1.0 (TID 32, localhost, executor driver, partition 14, PROCESS_LOCAL, 8269 bytes)
20/02/17 02:10:39 INFO Executor: Running task 14.0 in stage 1.0 (TID 32)
20/02/17 02:10:39 INFO TaskSetManager: Finished task 11.0 in stage 1.0 (TID 29) in 27132 ms on localhost (executor driver) (11/18)
20/02/17 02:10:39 INFO FileScanRDD: Reading File path: file:///edw/Reviews/SourceCode/data/asin_reviews.json, range: 1879048192-2013265920, partition values: [empty row]
20/02/17 02:10:39 INFO Executor: Finished task 12.0 in stage 1.0 (TID 30). 1499 bytes result sent to driver
20/02/17 02:10:39 INFO TaskSetManager: Starting task 15.0 in stage 1.0 (TID 33, localhost, executor driver, partition 15, PROCESS_LOCAL, 8269 bytes)
20/02/17 02:10:39 INFO TaskSetManager: Finished task 12.0 in stage 1.0 (TID 30) in 26838 ms on localhost (executor driver) (12/18)
20/02/17 02:10:39 INFO Executor: Running task 15.0 in stage 1.0 (TID 33)
20/02/17 02:10:39 INFO FileScanRDD: Reading File path: file:///edw/Reviews/SourceCode/data/asin_reviews.json, range: 2013265920-2147483648, partition values: [empty row]
20/02/17 02:10:40 INFO Executor: Finished task 10.0 in stage 1.0 (TID 28). 1456 bytes result sent to driver
20/02/17 02:10:40 INFO TaskSetManager: Starting task 16.0 in stage 1.0 (TID 34, localhost, executor driver, partition 16, PROCESS_LOCAL, 8269 bytes)
20/02/17 02:10:40 INFO TaskSetManager: Finished task 10.0 in stage 1.0 (TID 28) in 28190 ms on localhost (executor driver) (13/18)
20/02/17 02:10:40 INFO Executor: Running task 16.0 in stage 1.0 (TID 34)
20/02/17 02:10:40 INFO FileScanRDD: Reading File path: file:///edw/Reviews/SourceCode/data/asin_reviews.json, range: 2147483648-2281701376, partition values: [empty row]
20/02/17 02:10:54 INFO Executor: Finished task 13.0 in stage 1.0 (TID 31). 1499 bytes result sent to driver
20/02/17 02:10:54 INFO TaskSetManager: Starting task 17.0 in stage 1.0 (TID 35, localhost, executor driver, partition 17, PROCESS_LOCAL, 8269 bytes)
20/02/17 02:10:54 INFO TaskSetManager: Finished task 13.0 in stage 1.0 (TID 31) in 28864 ms on localhost (executor driver) (14/18)
20/02/17 02:10:54 INFO Executor: Running task 17.0 in stage 1.0 (TID 35)
20/02/17 02:10:55 INFO FileScanRDD: Reading File path: file:///edw/Reviews/SourceCode/data/asin_reviews.json, range: 2281701376-2297936060, partition values: [empty row]
20/02/17 02:10:58 INFO Executor: Finished task 17.0 in stage 1.0 (TID 35). 1542 bytes result sent to driver
20/02/17 02:10:58 INFO TaskSetManager: Finished task 17.0 in stage 1.0 (TID 35) in 4421 ms on localhost (executor driver) (15/18)
20/02/17 02:11:04 INFO Executor: Finished task 15.0 in stage 1.0 (TID 33). 1499 bytes result sent to driver
20/02/17 02:11:04 INFO TaskSetManager: Finished task 15.0 in stage 1.0 (TID 33) in 25100 ms on localhost (executor driver) (16/18)
20/02/17 02:11:05 INFO Executor: Finished task 14.0 in stage 1.0 (TID 32). 1499 bytes result sent to driver
20/02/17 02:11:05 INFO TaskSetManager: Finished task 14.0 in stage 1.0 (TID 32) in 25973 ms on localhost (executor driver) (17/18)
20/02/17 02:11:05 INFO Executor: Finished task 16.0 in stage 1.0 (TID 34). 1456 bytes result sent to driver
20/02/17 02:11:05 INFO TaskSetManager: Finished task 16.0 in stage 1.0 (TID 34) in 25158 ms on localhost (executor driver) (18/18)
20/02/17 02:11:05 INFO TaskSchedulerImpl: Removed TaskSet 1.0, whose tasks have all completed, from pool 
20/02/17 02:11:05 INFO DAGScheduler: ResultStage 1 (jdbc at NativeMethodAccessorImpl.java:0) finished in 105.519 s
20/02/17 02:11:05 INFO DAGScheduler: Job 1 finished: jdbc at NativeMethodAccessorImpl.java:0, took 105.529249 s
root
 |-- reviewer_id: string (nullable = true)
 |-- reviewer_nm: string (nullable = true)
 |-- add_td: timestamp (nullable = true)
 |-- modified_td: timestamp (nullable = true)

root
 |-- asin: string (nullable = true)
 |-- reviewRating: double (nullable = true)
 |-- reviewerID: string (nullable = true)
 |-- reviewerName: string (nullable = true)
 |-- reviewDate: date (nullable = true)

20/02/17 02:11:07 INFO SparkContext: Invoking stop() from shutdown hook
20/02/17 02:11:07 INFO SparkUI: Stopped Spark web UI at http://192.168.1.25:4040
20/02/17 02:11:07 INFO MapOutputTrackerMasterEndpoint: MapOutputTrackerMasterEndpoint stopped!
20/02/17 02:11:07 INFO MemoryStore: MemoryStore cleared
20/02/17 02:11:07 INFO BlockManager: BlockManager stopped
20/02/17 02:11:07 INFO BlockManagerMaster: BlockManagerMaster stopped
20/02/17 02:11:07 INFO OutputCommitCoordinator$OutputCommitCoordinatorEndpoint: OutputCommitCoordinator stopped!
20/02/17 02:11:08 INFO SparkContext: Successfully stopped SparkContext
20/02/17 02:11:08 INFO ShutdownHookManager: Shutdown hook called
20/02/17 02:11:08 INFO ShutdownHookManager: Deleting directory /tmp/spark-5110600c-5327-4e7a-ac9b-78e7cbf03b5e
20/02/17 02:11:08 INFO ShutdownHookManager: Deleting directory /tmp/spark-5110600c-5327-4e7a-ac9b-78e7cbf03b5e/pyspark-dc589539-c7e7-445c-8c6a-981dbf02ffc5
20/02/17 02:11:08 INFO ShutdownHookManager: Deleting directory /tmp/spark-18e09346-1928-4678-82bc-9f771938a0fe
###################################################################################################################################
###################################################################################################################################
Job completed successfully
###################################################################################################################################
###################################################################################################################################
