###################################################################################################################################
###################################################################################################################################
Load to stage in progress
###################################################################################################################################
###################################################################################################################################
20/02/17 02:41:37 WARN Utils: Your hostname, DESKTOP-502C4I4 resolves to a loopback address: 127.0.1.1; using 192.168.1.25 instead (on interface wifi0)
20/02/17 02:41:37 WARN Utils: Set SPARK_LOCAL_IP if you need to bind to another address
20/02/17 02:41:41 WARN NativeCodeLoader: Unable to load native-hadoop library for your platform... using builtin-java classes where applicable
Using Spark's default log4j profile: org/apache/spark/log4j-defaults.properties
20/02/17 02:41:48 INFO SparkContext: Running Spark version 2.4.5
20/02/17 02:41:48 INFO SparkContext: Submitted application: ReviewsOdsSession
20/02/17 02:41:49 INFO SecurityManager: Changing view acls to: devetluser
20/02/17 02:41:49 INFO SecurityManager: Changing modify acls to: devetluser
20/02/17 02:41:49 INFO SecurityManager: Changing view acls groups to: 
20/02/17 02:41:49 INFO SecurityManager: Changing modify acls groups to: 
20/02/17 02:41:49 INFO SecurityManager: SecurityManager: authentication disabled; ui acls disabled; users  with view permissions: Set(devetluser); groups with view permissions: Set(); users  with modify permissions: Set(devetluser); groups with modify permissions: Set()
20/02/17 02:41:51 INFO Utils: Successfully started service 'sparkDriver' on port 4356.
20/02/17 02:41:52 INFO SparkEnv: Registering MapOutputTracker
20/02/17 02:41:52 INFO SparkEnv: Registering BlockManagerMaster
20/02/17 02:41:52 INFO BlockManagerMasterEndpoint: Using org.apache.spark.storage.DefaultTopologyMapper for getting topology information
20/02/17 02:41:52 INFO BlockManagerMasterEndpoint: BlockManagerMasterEndpoint up
20/02/17 02:41:52 INFO DiskBlockManager: Created local directory at /tmp/blockmgr-67f32856-760d-44d0-9085-7563c38ee0ad
20/02/17 02:41:52 INFO MemoryStore: MemoryStore started with capacity 366.3 MB
20/02/17 02:41:52 INFO SparkEnv: Registering OutputCommitCoordinator
20/02/17 02:41:53 INFO Utils: Successfully started service 'SparkUI' on port 4040.
20/02/17 02:41:53 INFO SparkUI: Bound SparkUI to 0.0.0.0, and started at http://192.168.1.25:4040
20/02/17 02:41:53 INFO Executor: Starting executor ID driver on host localhost
20/02/17 02:41:53 INFO Utils: Successfully started service 'org.apache.spark.network.netty.NettyBlockTransferService' on port 4360.
20/02/17 02:41:53 INFO NettyBlockTransferService: Server created on 192.168.1.25:4360
20/02/17 02:41:54 INFO BlockManager: Using org.apache.spark.storage.RandomBlockReplicationPolicy for block replication policy
20/02/17 02:41:54 INFO BlockManagerMaster: Registering BlockManager BlockManagerId(driver, 192.168.1.25, 4360, None)
20/02/17 02:41:54 INFO BlockManagerMasterEndpoint: Registering block manager 192.168.1.25:4360 with 366.3 MB RAM, BlockManagerId(driver, 192.168.1.25, 4360, None)
20/02/17 02:41:54 INFO BlockManagerMaster: Registered BlockManager BlockManagerId(driver, 192.168.1.25, 4360, None)
20/02/17 02:41:54 INFO BlockManager: Initialized BlockManager: BlockManagerId(driver, 192.168.1.25, 4360, None)
20/02/17 02:41:56 INFO SharedState: Setting hive.metastore.warehouse.dir ('null') to the value of spark.sql.warehouse.dir ('file:/edw/Reviews/SourceCode/bash/spark-warehouse').
20/02/17 02:41:56 INFO SharedState: Warehouse path is 'file:/edw/Reviews/SourceCode/bash/spark-warehouse'.
20/02/17 02:41:58 INFO StateStoreCoordinatorRef: Registered StateStoreCoordinator endpoint
20/02/17 02:42:00 INFO InMemoryFileIndex: It took 404 ms to list leaf files for 1 paths.
20/02/17 02:42:01 INFO InMemoryFileIndex: It took 4 ms to list leaf files for 1 paths.
20/02/17 02:42:08 INFO FileSourceStrategy: Pruning directories with: 
20/02/17 02:42:08 INFO FileSourceStrategy: Post-Scan Filters: 
20/02/17 02:42:08 INFO FileSourceStrategy: Output Data Schema: struct<value: string>
20/02/17 02:42:08 INFO FileSourceScanExec: Pushed Filters: 
20/02/17 02:42:10 INFO CodeGenerator: Code generated in 514.8291 ms
20/02/17 02:42:10 INFO MemoryStore: Block broadcast_0 stored as values in memory (estimated size 282.9 KB, free 366.0 MB)
20/02/17 02:42:10 INFO MemoryStore: Block broadcast_0_piece0 stored as bytes in memory (estimated size 23.3 KB, free 366.0 MB)
20/02/17 02:42:10 INFO BlockManagerInfo: Added broadcast_0_piece0 in memory on 192.168.1.25:4360 (size: 23.3 KB, free: 366.3 MB)
20/02/17 02:42:10 INFO SparkContext: Created broadcast 0 from json at NativeMethodAccessorImpl.java:0
20/02/17 02:42:10 INFO FileSourceScanExec: Planning scan with bin packing, max size: 134217728 bytes, open cost is considered as scanning 4194304 bytes.
20/02/17 02:42:11 INFO SparkContext: Starting job: json at NativeMethodAccessorImpl.java:0
20/02/17 02:42:11 INFO DAGScheduler: Got job 0 (json at NativeMethodAccessorImpl.java:0) with 17 output partitions
20/02/17 02:42:11 INFO DAGScheduler: Final stage: ResultStage 0 (json at NativeMethodAccessorImpl.java:0)
20/02/17 02:42:11 INFO DAGScheduler: Parents of final stage: List()
20/02/17 02:42:11 INFO DAGScheduler: Missing parents: List()
20/02/17 02:42:11 INFO DAGScheduler: Submitting ResultStage 0 (MapPartitionsRDD[3] at json at NativeMethodAccessorImpl.java:0), which has no missing parents
20/02/17 02:42:11 INFO MemoryStore: Block broadcast_1 stored as values in memory (estimated size 11.6 KB, free 366.0 MB)
20/02/17 02:42:11 INFO MemoryStore: Block broadcast_1_piece0 stored as bytes in memory (estimated size 6.7 KB, free 366.0 MB)
20/02/17 02:42:11 INFO BlockManagerInfo: Added broadcast_1_piece0 in memory on 192.168.1.25:4360 (size: 6.7 KB, free: 366.3 MB)
20/02/17 02:42:11 INFO SparkContext: Created broadcast 1 from broadcast at DAGScheduler.scala:1163
20/02/17 02:42:11 INFO DAGScheduler: Submitting 17 missing tasks from ResultStage 0 (MapPartitionsRDD[3] at json at NativeMethodAccessorImpl.java:0) (first 15 tasks are for partitions Vector(0, 1, 2, 3, 4, 5, 6, 7, 8, 9, 10, 11, 12, 13, 14))
20/02/17 02:42:11 INFO TaskSchedulerImpl: Adding task set 0.0 with 17 tasks
20/02/17 02:42:12 INFO TaskSetManager: Starting task 0.0 in stage 0.0 (TID 0, localhost, executor driver, partition 0, PROCESS_LOCAL, 8269 bytes)
20/02/17 02:42:12 INFO TaskSetManager: Starting task 1.0 in stage 0.0 (TID 1, localhost, executor driver, partition 1, PROCESS_LOCAL, 8269 bytes)
20/02/17 02:42:12 INFO TaskSetManager: Starting task 2.0 in stage 0.0 (TID 2, localhost, executor driver, partition 2, PROCESS_LOCAL, 8269 bytes)
20/02/17 02:42:12 INFO TaskSetManager: Starting task 3.0 in stage 0.0 (TID 3, localhost, executor driver, partition 3, PROCESS_LOCAL, 8269 bytes)
20/02/17 02:42:12 INFO Executor: Running task 3.0 in stage 0.0 (TID 3)
20/02/17 02:42:12 INFO Executor: Running task 0.0 in stage 0.0 (TID 0)
20/02/17 02:42:12 INFO Executor: Running task 1.0 in stage 0.0 (TID 1)
20/02/17 02:42:12 INFO Executor: Running task 2.0 in stage 0.0 (TID 2)
20/02/17 02:42:12 INFO FileScanRDD: Reading File path: file:///edw/Reviews/SourceCode/data/asin_reviews.json, range: 402653184-536870912, partition values: [empty row]
20/02/17 02:42:12 INFO FileScanRDD: Reading File path: file:///edw/Reviews/SourceCode/data/asin_reviews.json, range: 134217728-268435456, partition values: [empty row]
20/02/17 02:42:12 INFO FileScanRDD: Reading File path: file:///edw/Reviews/SourceCode/data/asin_reviews.json, range: 0-134217728, partition values: [empty row]
20/02/17 02:42:12 INFO FileScanRDD: Reading File path: file:///edw/Reviews/SourceCode/data/asin_reviews.json, range: 268435456-402653184, partition values: [empty row]
20/02/17 02:42:12 INFO CodeGenerator: Code generated in 34.5032 ms
20/02/17 02:42:33 INFO Executor: Finished task 2.0 in stage 0.0 (TID 2). 2350 bytes result sent to driver
20/02/17 02:42:33 INFO Executor: Finished task 0.0 in stage 0.0 (TID 0). 2350 bytes result sent to driver
20/02/17 02:42:33 INFO Executor: Finished task 1.0 in stage 0.0 (TID 1). 2350 bytes result sent to driver
20/02/17 02:42:33 INFO TaskSetManager: Starting task 4.0 in stage 0.0 (TID 4, localhost, executor driver, partition 4, PROCESS_LOCAL, 8269 bytes)
20/02/17 02:42:33 INFO Executor: Running task 4.0 in stage 0.0 (TID 4)
20/02/17 02:42:33 INFO TaskSetManager: Starting task 5.0 in stage 0.0 (TID 5, localhost, executor driver, partition 5, PROCESS_LOCAL, 8269 bytes)
20/02/17 02:42:33 INFO Executor: Running task 5.0 in stage 0.0 (TID 5)
20/02/17 02:42:33 INFO FileScanRDD: Reading File path: file:///edw/Reviews/SourceCode/data/asin_reviews.json, range: 536870912-671088640, partition values: [empty row]
20/02/17 02:42:33 INFO TaskSetManager: Starting task 6.0 in stage 0.0 (TID 6, localhost, executor driver, partition 6, PROCESS_LOCAL, 8269 bytes)
20/02/17 02:42:33 INFO FileScanRDD: Reading File path: file:///edw/Reviews/SourceCode/data/asin_reviews.json, range: 671088640-805306368, partition values: [empty row]
20/02/17 02:42:33 INFO Executor: Running task 6.0 in stage 0.0 (TID 6)
20/02/17 02:42:33 INFO FileScanRDD: Reading File path: file:///edw/Reviews/SourceCode/data/asin_reviews.json, range: 805306368-939524096, partition values: [empty row]
20/02/17 02:42:33 INFO TaskSetManager: Finished task 2.0 in stage 0.0 (TID 2) in 21366 ms on localhost (executor driver) (1/17)
20/02/17 02:42:33 INFO Executor: Finished task 3.0 in stage 0.0 (TID 3). 2307 bytes result sent to driver
20/02/17 02:42:33 INFO TaskSetManager: Starting task 7.0 in stage 0.0 (TID 7, localhost, executor driver, partition 7, PROCESS_LOCAL, 8269 bytes)
20/02/17 02:42:33 INFO TaskSetManager: Finished task 1.0 in stage 0.0 (TID 1) in 21689 ms on localhost (executor driver) (2/17)
20/02/17 02:42:33 INFO Executor: Running task 7.0 in stage 0.0 (TID 7)
20/02/17 02:42:33 INFO TaskSetManager: Finished task 3.0 in stage 0.0 (TID 3) in 21687 ms on localhost (executor driver) (3/17)
20/02/17 02:42:33 INFO FileScanRDD: Reading File path: file:///edw/Reviews/SourceCode/data/asin_reviews.json, range: 939524096-1073741824, partition values: [empty row]
20/02/17 02:42:33 INFO TaskSetManager: Finished task 0.0 in stage 0.0 (TID 0) in 21754 ms on localhost (executor driver) (4/17)
20/02/17 02:42:54 INFO Executor: Finished task 6.0 in stage 0.0 (TID 6). 2350 bytes result sent to driver
20/02/17 02:42:54 INFO TaskSetManager: Starting task 8.0 in stage 0.0 (TID 8, localhost, executor driver, partition 8, PROCESS_LOCAL, 8269 bytes)
20/02/17 02:42:54 INFO TaskSetManager: Finished task 6.0 in stage 0.0 (TID 6) in 21040 ms on localhost (executor driver) (5/17)
20/02/17 02:42:54 INFO Executor: Running task 8.0 in stage 0.0 (TID 8)
20/02/17 02:42:54 INFO FileScanRDD: Reading File path: file:///edw/Reviews/SourceCode/data/asin_reviews.json, range: 1073741824-1207959552, partition values: [empty row]
20/02/17 02:42:55 INFO Executor: Finished task 5.0 in stage 0.0 (TID 5). 2307 bytes result sent to driver
20/02/17 02:42:55 INFO TaskSetManager: Starting task 9.0 in stage 0.0 (TID 9, localhost, executor driver, partition 9, PROCESS_LOCAL, 8269 bytes)
20/02/17 02:42:55 INFO Executor: Running task 9.0 in stage 0.0 (TID 9)
20/02/17 02:42:55 INFO TaskSetManager: Finished task 5.0 in stage 0.0 (TID 5) in 21847 ms on localhost (executor driver) (6/17)
20/02/17 02:42:55 INFO FileScanRDD: Reading File path: file:///edw/Reviews/SourceCode/data/asin_reviews.json, range: 1207959552-1342177280, partition values: [empty row]
20/02/17 02:42:56 INFO Executor: Finished task 7.0 in stage 0.0 (TID 7). 2307 bytes result sent to driver
20/02/17 02:42:56 INFO TaskSetManager: Starting task 10.0 in stage 0.0 (TID 10, localhost, executor driver, partition 10, PROCESS_LOCAL, 8269 bytes)
20/02/17 02:42:56 INFO Executor: Running task 10.0 in stage 0.0 (TID 10)
20/02/17 02:42:56 INFO TaskSetManager: Finished task 7.0 in stage 0.0 (TID 7) in 22189 ms on localhost (executor driver) (7/17)
20/02/17 02:42:56 INFO FileScanRDD: Reading File path: file:///edw/Reviews/SourceCode/data/asin_reviews.json, range: 1342177280-1476395008, partition values: [empty row]
20/02/17 02:42:56 INFO Executor: Finished task 4.0 in stage 0.0 (TID 4). 2350 bytes result sent to driver
20/02/17 02:42:56 INFO TaskSetManager: Starting task 11.0 in stage 0.0 (TID 11, localhost, executor driver, partition 11, PROCESS_LOCAL, 8269 bytes)
20/02/17 02:42:56 INFO TaskSetManager: Finished task 4.0 in stage 0.0 (TID 4) in 23060 ms on localhost (executor driver) (8/17)
20/02/17 02:42:56 INFO Executor: Running task 11.0 in stage 0.0 (TID 11)
20/02/17 02:42:56 INFO FileScanRDD: Reading File path: file:///edw/Reviews/SourceCode/data/asin_reviews.json, range: 1476395008-1610612736, partition values: [empty row]
20/02/17 02:43:16 INFO Executor: Finished task 8.0 in stage 0.0 (TID 8). 2264 bytes result sent to driver
20/02/17 02:43:16 INFO Executor: Finished task 11.0 in stage 0.0 (TID 11). 2307 bytes result sent to driver
20/02/17 02:43:16 INFO TaskSetManager: Starting task 12.0 in stage 0.0 (TID 12, localhost, executor driver, partition 12, PROCESS_LOCAL, 8269 bytes)
20/02/17 02:43:16 INFO TaskSetManager: Starting task 13.0 in stage 0.0 (TID 13, localhost, executor driver, partition 13, PROCESS_LOCAL, 8269 bytes)
20/02/17 02:43:16 INFO Executor: Running task 12.0 in stage 0.0 (TID 12)
20/02/17 02:43:16 INFO Executor: Running task 13.0 in stage 0.0 (TID 13)
20/02/17 02:43:16 INFO TaskSetManager: Finished task 11.0 in stage 0.0 (TID 11) in 19641 ms on localhost (executor driver) (9/17)
20/02/17 02:43:16 INFO TaskSetManager: Finished task 8.0 in stage 0.0 (TID 8) in 21673 ms on localhost (executor driver) (10/17)
20/02/17 02:43:16 INFO Executor: Finished task 9.0 in stage 0.0 (TID 9). 2307 bytes result sent to driver
20/02/17 02:43:16 INFO FileScanRDD: Reading File path: file:///edw/Reviews/SourceCode/data/asin_reviews.json, range: 1744830464-1879048192, partition values: [empty row]
20/02/17 02:43:16 INFO FileScanRDD: Reading File path: file:///edw/Reviews/SourceCode/data/asin_reviews.json, range: 1610612736-1744830464, partition values: [empty row]
20/02/17 02:43:16 INFO TaskSetManager: Starting task 14.0 in stage 0.0 (TID 14, localhost, executor driver, partition 14, PROCESS_LOCAL, 8269 bytes)
20/02/17 02:43:16 INFO Executor: Running task 14.0 in stage 0.0 (TID 14)
20/02/17 02:43:16 INFO TaskSetManager: Finished task 9.0 in stage 0.0 (TID 9) in 20885 ms on localhost (executor driver) (11/17)
20/02/17 02:43:16 INFO FileScanRDD: Reading File path: file:///edw/Reviews/SourceCode/data/asin_reviews.json, range: 1879048192-2013265920, partition values: [empty row]
20/02/17 02:43:17 INFO Executor: Finished task 10.0 in stage 0.0 (TID 10). 2264 bytes result sent to driver
20/02/17 02:43:17 INFO TaskSetManager: Starting task 15.0 in stage 0.0 (TID 15, localhost, executor driver, partition 15, PROCESS_LOCAL, 8269 bytes)
20/02/17 02:43:17 INFO TaskSetManager: Finished task 10.0 in stage 0.0 (TID 10) in 21227 ms on localhost (executor driver) (12/17)
20/02/17 02:43:17 INFO Executor: Running task 15.0 in stage 0.0 (TID 15)
20/02/17 02:43:17 INFO FileScanRDD: Reading File path: file:///edw/Reviews/SourceCode/data/asin_reviews.json, range: 2013265920-2147483648, partition values: [empty row]
20/02/17 02:43:37 INFO Executor: Finished task 14.0 in stage 0.0 (TID 14). 2307 bytes result sent to driver
20/02/17 02:43:37 INFO TaskSetManager: Starting task 16.0 in stage 0.0 (TID 16, localhost, executor driver, partition 16, PROCESS_LOCAL, 8269 bytes)
20/02/17 02:43:37 INFO TaskSetManager: Finished task 14.0 in stage 0.0 (TID 14) in 21024 ms on localhost (executor driver) (13/17)
20/02/17 02:43:37 INFO Executor: Running task 16.0 in stage 0.0 (TID 16)
20/02/17 02:43:37 INFO FileScanRDD: Reading File path: file:///edw/Reviews/SourceCode/data/asin_reviews.json, range: 2147483648-2247871603, partition values: [empty row]
20/02/17 02:43:37 INFO Executor: Finished task 13.0 in stage 0.0 (TID 13). 2307 bytes result sent to driver
20/02/17 02:43:37 INFO TaskSetManager: Finished task 13.0 in stage 0.0 (TID 13) in 21491 ms on localhost (executor driver) (14/17)
20/02/17 02:43:37 INFO Executor: Finished task 12.0 in stage 0.0 (TID 12). 2307 bytes result sent to driver
20/02/17 02:43:37 INFO TaskSetManager: Finished task 12.0 in stage 0.0 (TID 12) in 21726 ms on localhost (executor driver) (15/17)
20/02/17 02:43:38 INFO Executor: Finished task 15.0 in stage 0.0 (TID 15). 2264 bytes result sent to driver
20/02/17 02:43:38 INFO TaskSetManager: Finished task 15.0 in stage 0.0 (TID 15) in 20906 ms on localhost (executor driver) (16/17)
20/02/17 02:43:45 INFO Executor: Finished task 16.0 in stage 0.0 (TID 16). 2350 bytes result sent to driver
20/02/17 02:43:45 INFO TaskSetManager: Finished task 16.0 in stage 0.0 (TID 16) in 8514 ms on localhost (executor driver) (17/17)
20/02/17 02:43:45 INFO TaskSchedulerImpl: Removed TaskSet 0.0, whose tasks have all completed, from pool 
20/02/17 02:43:45 INFO DAGScheduler: ResultStage 0 (json at NativeMethodAccessorImpl.java:0) finished in 94.016 s
20/02/17 02:43:45 INFO DAGScheduler: Job 0 finished: json at NativeMethodAccessorImpl.java:0, took 94.470920 s
20/02/17 02:43:49 INFO FileSourceStrategy: Pruning directories with: 
20/02/17 02:43:49 INFO FileSourceStrategy: Post-Scan Filters: (cast(cast(CASE WHEN isnull(unixReviewTime#14L) THEN 1990-01-01 ELSE from_unixtime(unixReviewTime#14L, yyyy-MM-dd, Some(Europe/Berlin)) END as date) as string) >= 2011-01-01)
20/02/17 02:43:49 INFO FileSourceStrategy: Output Data Schema: struct<asin: string, overall: double, reviewerID: string, reviewerName: string, unixReviewTime: bigint ... 3 more fields>
20/02/17 02:43:49 INFO FileSourceScanExec: Pushed Filters: 
20/02/17 02:43:49 INFO CodeGenerator: Code generated in 185.3466 ms
20/02/17 02:43:49 INFO MemoryStore: Block broadcast_2 stored as values in memory (estimated size 282.9 KB, free 365.7 MB)
20/02/17 02:43:49 INFO MemoryStore: Block broadcast_2_piece0 stored as bytes in memory (estimated size 23.3 KB, free 365.7 MB)
20/02/17 02:43:49 INFO BlockManagerInfo: Added broadcast_2_piece0 in memory on 192.168.1.25:4360 (size: 23.3 KB, free: 366.2 MB)
20/02/17 02:43:49 INFO SparkContext: Created broadcast 2 from jdbc at NativeMethodAccessorImpl.java:0
20/02/17 02:43:49 INFO FileSourceScanExec: Planning scan with bin packing, max size: 134217728 bytes, open cost is considered as scanning 4194304 bytes.
20/02/17 02:43:49 INFO SparkContext: Starting job: jdbc at NativeMethodAccessorImpl.java:0
20/02/17 02:43:49 INFO DAGScheduler: Got job 1 (jdbc at NativeMethodAccessorImpl.java:0) with 17 output partitions
20/02/17 02:43:49 INFO DAGScheduler: Final stage: ResultStage 1 (jdbc at NativeMethodAccessorImpl.java:0)
20/02/17 02:43:49 INFO DAGScheduler: Parents of final stage: List()
20/02/17 02:43:49 INFO DAGScheduler: Missing parents: List()
20/02/17 02:43:49 INFO DAGScheduler: Submitting ResultStage 1 (MapPartitionsRDD[8] at jdbc at NativeMethodAccessorImpl.java:0), which has no missing parents
20/02/17 02:43:49 INFO MemoryStore: Block broadcast_3 stored as values in memory (estimated size 67.6 KB, free 365.6 MB)
20/02/17 02:43:50 INFO MemoryStore: Block broadcast_3_piece0 stored as bytes in memory (estimated size 31.2 KB, free 365.6 MB)
20/02/17 02:43:50 INFO BlockManagerInfo: Added broadcast_3_piece0 in memory on 192.168.1.25:4360 (size: 31.2 KB, free: 366.2 MB)
20/02/17 02:43:50 INFO SparkContext: Created broadcast 3 from broadcast at DAGScheduler.scala:1163
20/02/17 02:43:50 INFO DAGScheduler: Submitting 17 missing tasks from ResultStage 1 (MapPartitionsRDD[8] at jdbc at NativeMethodAccessorImpl.java:0) (first 15 tasks are for partitions Vector(0, 1, 2, 3, 4, 5, 6, 7, 8, 9, 10, 11, 12, 13, 14))
20/02/17 02:43:50 INFO TaskSchedulerImpl: Adding task set 1.0 with 17 tasks
20/02/17 02:43:50 INFO TaskSetManager: Starting task 0.0 in stage 1.0 (TID 17, localhost, executor driver, partition 0, PROCESS_LOCAL, 8269 bytes)
20/02/17 02:43:50 INFO TaskSetManager: Starting task 1.0 in stage 1.0 (TID 18, localhost, executor driver, partition 1, PROCESS_LOCAL, 8269 bytes)
20/02/17 02:43:50 INFO TaskSetManager: Starting task 2.0 in stage 1.0 (TID 19, localhost, executor driver, partition 2, PROCESS_LOCAL, 8269 bytes)
20/02/17 02:43:50 INFO TaskSetManager: Starting task 3.0 in stage 1.0 (TID 20, localhost, executor driver, partition 3, PROCESS_LOCAL, 8269 bytes)
20/02/17 02:43:50 INFO Executor: Running task 0.0 in stage 1.0 (TID 17)
20/02/17 02:43:50 INFO Executor: Running task 1.0 in stage 1.0 (TID 18)
20/02/17 02:43:50 INFO Executor: Running task 2.0 in stage 1.0 (TID 19)
20/02/17 02:43:50 INFO Executor: Running task 3.0 in stage 1.0 (TID 20)
20/02/17 02:43:50 INFO CodeGenerator: Code generated in 54.5725 ms
20/02/17 02:43:50 INFO FileScanRDD: Reading File path: file:///edw/Reviews/SourceCode/data/asin_reviews.json, range: 134217728-268435456, partition values: [empty row]
20/02/17 02:43:50 INFO FileScanRDD: Reading File path: file:///edw/Reviews/SourceCode/data/asin_reviews.json, range: 0-134217728, partition values: [empty row]
20/02/17 02:43:50 INFO CodeGenerator: Code generated in 39.9003 ms
20/02/17 02:43:50 INFO FileScanRDD: Reading File path: file:///edw/Reviews/SourceCode/data/asin_reviews.json, range: 402653184-536870912, partition values: [empty row]
20/02/17 02:43:50 INFO FileScanRDD: Reading File path: file:///edw/Reviews/SourceCode/data/asin_reviews.json, range: 268435456-402653184, partition values: [empty row]
20/02/17 02:44:06 INFO Executor: Finished task 0.0 in stage 1.0 (TID 17). 1542 bytes result sent to driver
20/02/17 02:44:06 INFO TaskSetManager: Starting task 4.0 in stage 1.0 (TID 21, localhost, executor driver, partition 4, PROCESS_LOCAL, 8269 bytes)
20/02/17 02:44:06 INFO TaskSetManager: Finished task 0.0 in stage 1.0 (TID 17) in 16483 ms on localhost (executor driver) (1/17)
20/02/17 02:44:06 INFO Executor: Running task 4.0 in stage 1.0 (TID 21)
20/02/17 02:44:06 INFO Executor: Finished task 3.0 in stage 1.0 (TID 20). 1456 bytes result sent to driver
20/02/17 02:44:06 INFO TaskSetManager: Starting task 5.0 in stage 1.0 (TID 22, localhost, executor driver, partition 5, PROCESS_LOCAL, 8269 bytes)
20/02/17 02:44:06 INFO TaskSetManager: Finished task 3.0 in stage 1.0 (TID 20) in 16733 ms on localhost (executor driver) (2/17)
20/02/17 02:44:06 INFO Executor: Running task 5.0 in stage 1.0 (TID 22)
20/02/17 02:44:06 INFO Executor: Finished task 2.0 in stage 1.0 (TID 19). 1499 bytes result sent to driver
20/02/17 02:44:06 INFO TaskSetManager: Starting task 6.0 in stage 1.0 (TID 23, localhost, executor driver, partition 6, PROCESS_LOCAL, 8269 bytes)
20/02/17 02:44:06 INFO TaskSetManager: Finished task 2.0 in stage 1.0 (TID 19) in 16900 ms on localhost (executor driver) (3/17)
20/02/17 02:44:06 INFO Executor: Running task 6.0 in stage 1.0 (TID 23)
20/02/17 02:44:06 INFO FileScanRDD: Reading File path: file:///edw/Reviews/SourceCode/data/asin_reviews.json, range: 536870912-671088640, partition values: [empty row]
20/02/17 02:44:07 INFO FileScanRDD: Reading File path: file:///edw/Reviews/SourceCode/data/asin_reviews.json, range: 671088640-805306368, partition values: [empty row]
20/02/17 02:44:07 INFO FileScanRDD: Reading File path: file:///edw/Reviews/SourceCode/data/asin_reviews.json, range: 805306368-939524096, partition values: [empty row]
20/02/17 02:44:07 INFO Executor: Finished task 1.0 in stage 1.0 (TID 18). 1499 bytes result sent to driver
20/02/17 02:44:07 INFO TaskSetManager: Starting task 7.0 in stage 1.0 (TID 24, localhost, executor driver, partition 7, PROCESS_LOCAL, 8269 bytes)
20/02/17 02:44:07 INFO TaskSetManager: Finished task 1.0 in stage 1.0 (TID 18) in 17233 ms on localhost (executor driver) (4/17)
20/02/17 02:44:07 INFO Executor: Running task 7.0 in stage 1.0 (TID 24)
20/02/17 02:44:07 INFO FileScanRDD: Reading File path: file:///edw/Reviews/SourceCode/data/asin_reviews.json, range: 939524096-1073741824, partition values: [empty row]
20/02/17 02:44:20 INFO Executor: Finished task 6.0 in stage 1.0 (TID 23). 1456 bytes result sent to driver
20/02/17 02:44:20 INFO TaskSetManager: Starting task 8.0 in stage 1.0 (TID 25, localhost, executor driver, partition 8, PROCESS_LOCAL, 8269 bytes)
20/02/17 02:44:20 INFO TaskSetManager: Finished task 6.0 in stage 1.0 (TID 23) in 13838 ms on localhost (executor driver) (5/17)
20/02/17 02:44:20 INFO Executor: Running task 8.0 in stage 1.0 (TID 25)
20/02/17 02:44:20 INFO FileScanRDD: Reading File path: file:///edw/Reviews/SourceCode/data/asin_reviews.json, range: 1073741824-1207959552, partition values: [empty row]
20/02/17 02:44:21 INFO Executor: Finished task 7.0 in stage 1.0 (TID 24). 1542 bytes result sent to driver
20/02/17 02:44:21 INFO TaskSetManager: Starting task 9.0 in stage 1.0 (TID 26, localhost, executor driver, partition 9, PROCESS_LOCAL, 8269 bytes)
20/02/17 02:44:21 INFO TaskSetManager: Finished task 7.0 in stage 1.0 (TID 24) in 14245 ms on localhost (executor driver) (6/17)
20/02/17 02:44:21 INFO Executor: Running task 9.0 in stage 1.0 (TID 26)
20/02/17 02:44:21 INFO Executor: Finished task 5.0 in stage 1.0 (TID 22). 1456 bytes result sent to driver
20/02/17 02:44:21 INFO TaskSetManager: Starting task 10.0 in stage 1.0 (TID 27, localhost, executor driver, partition 10, PROCESS_LOCAL, 8269 bytes)
20/02/17 02:44:21 INFO TaskSetManager: Finished task 5.0 in stage 1.0 (TID 22) in 14801 ms on localhost (executor driver) (7/17)
20/02/17 02:44:21 INFO Executor: Running task 10.0 in stage 1.0 (TID 27)
20/02/17 02:44:21 INFO FileScanRDD: Reading File path: file:///edw/Reviews/SourceCode/data/asin_reviews.json, range: 1342177280-1476395008, partition values: [empty row]
20/02/17 02:44:21 INFO Executor: Finished task 4.0 in stage 1.0 (TID 21). 1499 bytes result sent to driver
20/02/17 02:44:21 INFO TaskSetManager: Starting task 11.0 in stage 1.0 (TID 28, localhost, executor driver, partition 11, PROCESS_LOCAL, 8269 bytes)
20/02/17 02:44:21 INFO TaskSetManager: Finished task 4.0 in stage 1.0 (TID 21) in 15317 ms on localhost (executor driver) (8/17)
20/02/17 02:44:21 INFO Executor: Running task 11.0 in stage 1.0 (TID 28)
20/02/17 02:44:21 INFO FileScanRDD: Reading File path: file:///edw/Reviews/SourceCode/data/asin_reviews.json, range: 1476395008-1610612736, partition values: [empty row]
20/02/17 02:44:21 INFO FileScanRDD: Reading File path: file:///edw/Reviews/SourceCode/data/asin_reviews.json, range: 1207959552-1342177280, partition values: [empty row]
20/02/17 02:44:31 INFO Executor: Finished task 11.0 in stage 1.0 (TID 28). 1499 bytes result sent to driver
20/02/17 02:44:31 INFO TaskSetManager: Starting task 12.0 in stage 1.0 (TID 29, localhost, executor driver, partition 12, PROCESS_LOCAL, 8269 bytes)
20/02/17 02:44:31 INFO TaskSetManager: Finished task 11.0 in stage 1.0 (TID 28) in 9473 ms on localhost (executor driver) (9/17)
20/02/17 02:44:31 INFO Executor: Running task 12.0 in stage 1.0 (TID 29)
20/02/17 02:44:32 INFO FileScanRDD: Reading File path: file:///edw/Reviews/SourceCode/data/asin_reviews.json, range: 1610612736-1744830464, partition values: [empty row]
20/02/17 02:44:41 INFO Executor: Finished task 12.0 in stage 1.0 (TID 29). 1499 bytes result sent to driver
20/02/17 02:44:41 INFO TaskSetManager: Starting task 13.0 in stage 1.0 (TID 30, localhost, executor driver, partition 13, PROCESS_LOCAL, 8269 bytes)
20/02/17 02:44:41 INFO TaskSetManager: Finished task 12.0 in stage 1.0 (TID 29) in 10476 ms on localhost (executor driver) (10/17)
20/02/17 02:44:41 INFO Executor: Running task 13.0 in stage 1.0 (TID 30)
20/02/17 02:44:42 INFO FileScanRDD: Reading File path: file:///edw/Reviews/SourceCode/data/asin_reviews.json, range: 1744830464-1879048192, partition values: [empty row]
20/02/17 02:44:55 INFO Executor: Finished task 8.0 in stage 1.0 (TID 25). 1499 bytes result sent to driver
20/02/17 02:44:55 INFO TaskSetManager: Starting task 14.0 in stage 1.0 (TID 31, localhost, executor driver, partition 14, PROCESS_LOCAL, 8269 bytes)
20/02/17 02:44:55 INFO TaskSetManager: Finished task 8.0 in stage 1.0 (TID 25) in 34996 ms on localhost (executor driver) (11/17)
20/02/17 02:44:55 INFO Executor: Running task 14.0 in stage 1.0 (TID 31)
20/02/17 02:44:56 INFO FileScanRDD: Reading File path: file:///edw/Reviews/SourceCode/data/asin_reviews.json, range: 1879048192-2013265920, partition values: [empty row]
20/02/17 02:44:58 INFO Executor: Finished task 10.0 in stage 1.0 (TID 27). 1456 bytes result sent to driver
20/02/17 02:44:58 INFO TaskSetManager: Starting task 15.0 in stage 1.0 (TID 32, localhost, executor driver, partition 15, PROCESS_LOCAL, 8269 bytes)
20/02/17 02:44:58 INFO TaskSetManager: Finished task 10.0 in stage 1.0 (TID 27) in 36657 ms on localhost (executor driver) (12/17)
20/02/17 02:44:58 INFO Executor: Running task 15.0 in stage 1.0 (TID 32)
20/02/17 02:44:58 INFO Executor: Finished task 9.0 in stage 1.0 (TID 26). 1456 bytes result sent to driver
20/02/17 02:44:58 INFO TaskSetManager: Starting task 16.0 in stage 1.0 (TID 33, localhost, executor driver, partition 16, PROCESS_LOCAL, 8269 bytes)
20/02/17 02:44:58 INFO TaskSetManager: Finished task 9.0 in stage 1.0 (TID 26) in 36726 ms on localhost (executor driver) (13/17)
20/02/17 02:44:58 INFO Executor: Running task 16.0 in stage 1.0 (TID 33)
20/02/17 02:44:58 INFO FileScanRDD: Reading File path: file:///edw/Reviews/SourceCode/data/asin_reviews.json, range: 2147483648-2247871603, partition values: [empty row]
20/02/17 02:44:58 INFO FileScanRDD: Reading File path: file:///edw/Reviews/SourceCode/data/asin_reviews.json, range: 2013265920-2147483648, partition values: [empty row]
20/02/17 02:45:15 INFO Executor: Finished task 13.0 in stage 1.0 (TID 30). 1499 bytes result sent to driver
20/02/17 02:45:15 INFO TaskSetManager: Finished task 13.0 in stage 1.0 (TID 30) in 33286 ms on localhost (executor driver) (14/17)
20/02/17 02:45:17 INFO Executor: Finished task 16.0 in stage 1.0 (TID 33). 1456 bytes result sent to driver
20/02/17 02:45:17 INFO TaskSetManager: Finished task 16.0 in stage 1.0 (TID 33) in 19754 ms on localhost (executor driver) (15/17)
20/02/17 02:45:27 INFO Executor: Finished task 14.0 in stage 1.0 (TID 31). 1499 bytes result sent to driver
20/02/17 02:45:27 INFO TaskSetManager: Finished task 14.0 in stage 1.0 (TID 31) in 32150 ms on localhost (executor driver) (16/17)
20/02/17 02:45:28 INFO Executor: Finished task 15.0 in stage 1.0 (TID 32). 1499 bytes result sent to driver
20/02/17 02:45:28 INFO TaskSetManager: Finished task 15.0 in stage 1.0 (TID 32) in 29899 ms on localhost (executor driver) (17/17)
20/02/17 02:45:28 INFO TaskSchedulerImpl: Removed TaskSet 1.0, whose tasks have all completed, from pool 
20/02/17 02:45:28 INFO DAGScheduler: ResultStage 1 (jdbc at NativeMethodAccessorImpl.java:0) finished in 98.303 s
20/02/17 02:45:28 INFO DAGScheduler: Job 1 finished: jdbc at NativeMethodAccessorImpl.java:0, took 98.310318 s
root
 |-- reviewer_id: string (nullable = true)
 |-- reviewer_nm: string (nullable = true)
 |-- add_td: timestamp (nullable = true)
 |-- modified_td: timestamp (nullable = true)

root
 |-- asin: string (nullable = true)
 |-- reviewRating: double (nullable = true)
 |-- reviewerID: string (nullable = true)
 |-- reviewerName: string (nullable = true)
 |-- reviewDate: date (nullable = true)

root
 |-- reviewer_id: string (nullable = true)
 |-- reviewer_nm: string (nullable = true)

20/02/17 02:45:30 INFO SparkContext: Invoking stop() from shutdown hook
20/02/17 02:45:30 INFO SparkUI: Stopped Spark web UI at http://192.168.1.25:4040
20/02/17 02:45:30 INFO MapOutputTrackerMasterEndpoint: MapOutputTrackerMasterEndpoint stopped!
20/02/17 02:45:31 INFO MemoryStore: MemoryStore cleared
20/02/17 02:45:31 INFO BlockManager: BlockManager stopped
20/02/17 02:45:31 INFO BlockManagerMaster: BlockManagerMaster stopped
20/02/17 02:45:31 INFO OutputCommitCoordinator$OutputCommitCoordinatorEndpoint: OutputCommitCoordinator stopped!
20/02/17 02:45:31 INFO SparkContext: Successfully stopped SparkContext
20/02/17 02:45:31 INFO ShutdownHookManager: Shutdown hook called
20/02/17 02:45:31 INFO ShutdownHookManager: Deleting directory /tmp/spark-0379aaad-3852-49d2-a46b-34938c4dc373/pyspark-c7335fad-fd6b-4d60-aee4-0b2e1109a3bf
20/02/17 02:45:31 INFO ShutdownHookManager: Deleting directory /tmp/spark-0379aaad-3852-49d2-a46b-34938c4dc373
20/02/17 02:45:31 INFO ShutdownHookManager: Deleting directory /tmp/spark-a352033e-a3b3-462e-acac-c02576591811
###################################################################################################################################
###################################################################################################################################
Job completed successfully
###################################################################################################################################
###################################################################################################################################
