###################################################################################################################################
###################################################################################################################################
Load to stage in progress
###################################################################################################################################
###################################################################################################################################
20/02/15 05:35:58 WARN Utils: Your hostname, DESKTOP-502C4I4 resolves to a loopback address: 127.0.1.1; using 192.168.1.25 instead (on interface wifi0)
20/02/15 05:35:58 WARN Utils: Set SPARK_LOCAL_IP if you need to bind to another address
20/02/15 05:36:00 WARN NativeCodeLoader: Unable to load native-hadoop library for your platform... using builtin-java classes where applicable
Using Spark's default log4j profile: org/apache/spark/log4j-defaults.properties
20/02/15 05:36:10 INFO SparkContext: Running Spark version 2.4.5
20/02/15 05:36:10 INFO SparkContext: Submitted application: MySession
20/02/15 05:36:11 INFO SecurityManager: Changing view acls to: devetluser
20/02/15 05:36:11 INFO SecurityManager: Changing modify acls to: devetluser
20/02/15 05:36:11 INFO SecurityManager: Changing view acls groups to: 
20/02/15 05:36:11 INFO SecurityManager: Changing modify acls groups to: 
20/02/15 05:36:11 INFO SecurityManager: SecurityManager: authentication disabled; ui acls disabled; users  with view permissions: Set(devetluser); groups with view permissions: Set(); users  with modify permissions: Set(devetluser); groups with modify permissions: Set()
20/02/15 05:36:12 INFO Utils: Successfully started service 'sparkDriver' on port 8753.
20/02/15 05:36:12 INFO SparkEnv: Registering MapOutputTracker
20/02/15 05:36:12 INFO SparkEnv: Registering BlockManagerMaster
20/02/15 05:36:12 INFO BlockManagerMasterEndpoint: Using org.apache.spark.storage.DefaultTopologyMapper for getting topology information
20/02/15 05:36:12 INFO BlockManagerMasterEndpoint: BlockManagerMasterEndpoint up
20/02/15 05:36:12 INFO DiskBlockManager: Created local directory at /tmp/blockmgr-7f00dde7-3181-4b75-96c9-8448b864bca7
20/02/15 05:36:12 INFO MemoryStore: MemoryStore started with capacity 366.3 MB
20/02/15 05:36:12 INFO SparkEnv: Registering OutputCommitCoordinator
20/02/15 05:36:13 INFO Utils: Successfully started service 'SparkUI' on port 4040.
20/02/15 05:36:13 INFO SparkUI: Bound SparkUI to 0.0.0.0, and started at http://192.168.1.25:4040
20/02/15 05:36:13 INFO Executor: Starting executor ID driver on host localhost
20/02/15 05:36:14 INFO Utils: Successfully started service 'org.apache.spark.network.netty.NettyBlockTransferService' on port 8757.
20/02/15 05:36:14 INFO NettyBlockTransferService: Server created on 192.168.1.25:8757
20/02/15 05:36:14 INFO BlockManager: Using org.apache.spark.storage.RandomBlockReplicationPolicy for block replication policy
20/02/15 05:36:14 INFO BlockManagerMaster: Registering BlockManager BlockManagerId(driver, 192.168.1.25, 8757, None)
20/02/15 05:36:14 INFO BlockManagerMasterEndpoint: Registering block manager 192.168.1.25:8757 with 366.3 MB RAM, BlockManagerId(driver, 192.168.1.25, 8757, None)
20/02/15 05:36:14 INFO BlockManagerMaster: Registered BlockManager BlockManagerId(driver, 192.168.1.25, 8757, None)
20/02/15 05:36:14 INFO BlockManager: Initialized BlockManager: BlockManagerId(driver, 192.168.1.25, 8757, None)
20/02/15 05:36:15 INFO SharedState: Setting hive.metastore.warehouse.dir ('null') to the value of spark.sql.warehouse.dir ('file:/edw/Reviews/SourceCode/bash/spark-warehouse').
20/02/15 05:36:15 INFO SharedState: Warehouse path is 'file:/edw/Reviews/SourceCode/bash/spark-warehouse'.
20/02/15 05:36:17 INFO StateStoreCoordinatorRef: Registered StateStoreCoordinator endpoint
20/02/15 05:36:18 INFO InMemoryFileIndex: It took 176 ms to list leaf files for 1 paths.
20/02/15 05:36:18 INFO InMemoryFileIndex: It took 2 ms to list leaf files for 1 paths.
20/02/15 05:36:22 INFO FileSourceStrategy: Pruning directories with: 
20/02/15 05:36:22 INFO FileSourceStrategy: Post-Scan Filters: 
20/02/15 05:36:22 INFO FileSourceStrategy: Output Data Schema: struct<value: string>
20/02/15 05:36:22 INFO FileSourceScanExec: Pushed Filters: 
20/02/15 05:36:23 INFO CodeGenerator: Code generated in 424.7095 ms
20/02/15 05:36:24 INFO MemoryStore: Block broadcast_0 stored as values in memory (estimated size 282.7 KB, free 366.0 MB)
20/02/15 05:36:24 INFO MemoryStore: Block broadcast_0_piece0 stored as bytes in memory (estimated size 23.3 KB, free 366.0 MB)
20/02/15 05:36:24 INFO BlockManagerInfo: Added broadcast_0_piece0 in memory on 192.168.1.25:8757 (size: 23.3 KB, free: 366.3 MB)
20/02/15 05:36:24 INFO SparkContext: Created broadcast 0 from json at NativeMethodAccessorImpl.java:0
20/02/15 05:36:24 INFO FileSourceScanExec: Planning scan with bin packing, max size: 24813408 bytes, open cost is considered as scanning 4194304 bytes.
20/02/15 05:36:24 INFO SparkContext: Starting job: json at NativeMethodAccessorImpl.java:0
20/02/15 05:36:24 INFO DAGScheduler: Got job 0 (json at NativeMethodAccessorImpl.java:0) with 4 output partitions
20/02/15 05:36:24 INFO DAGScheduler: Final stage: ResultStage 0 (json at NativeMethodAccessorImpl.java:0)
20/02/15 05:36:24 INFO DAGScheduler: Parents of final stage: List()
20/02/15 05:36:24 INFO DAGScheduler: Missing parents: List()
20/02/15 05:36:24 INFO DAGScheduler: Submitting ResultStage 0 (MapPartitionsRDD[3] at json at NativeMethodAccessorImpl.java:0), which has no missing parents
20/02/15 05:36:25 INFO MemoryStore: Block broadcast_1 stored as values in memory (estimated size 11.6 KB, free 366.0 MB)
20/02/15 05:36:25 INFO MemoryStore: Block broadcast_1_piece0 stored as bytes in memory (estimated size 6.7 KB, free 366.0 MB)
20/02/15 05:36:25 INFO BlockManagerInfo: Added broadcast_1_piece0 in memory on 192.168.1.25:8757 (size: 6.7 KB, free: 366.3 MB)
20/02/15 05:36:25 INFO SparkContext: Created broadcast 1 from broadcast at DAGScheduler.scala:1163
20/02/15 05:36:25 INFO DAGScheduler: Submitting 4 missing tasks from ResultStage 0 (MapPartitionsRDD[3] at json at NativeMethodAccessorImpl.java:0) (first 15 tasks are for partitions Vector(0, 1, 2, 3))
20/02/15 05:36:25 INFO TaskSchedulerImpl: Adding task set 0.0 with 4 tasks
20/02/15 05:36:25 INFO TaskSetManager: Starting task 0.0 in stage 0.0 (TID 0, localhost, executor driver, partition 0, PROCESS_LOCAL, 8267 bytes)
20/02/15 05:36:25 INFO TaskSetManager: Starting task 1.0 in stage 0.0 (TID 1, localhost, executor driver, partition 1, PROCESS_LOCAL, 8267 bytes)
20/02/15 05:36:25 INFO TaskSetManager: Starting task 2.0 in stage 0.0 (TID 2, localhost, executor driver, partition 2, PROCESS_LOCAL, 8267 bytes)
20/02/15 05:36:25 INFO TaskSetManager: Starting task 3.0 in stage 0.0 (TID 3, localhost, executor driver, partition 3, PROCESS_LOCAL, 8267 bytes)
20/02/15 05:36:25 INFO Executor: Running task 0.0 in stage 0.0 (TID 0)
20/02/15 05:36:25 INFO Executor: Running task 3.0 in stage 0.0 (TID 3)
20/02/15 05:36:25 INFO Executor: Running task 2.0 in stage 0.0 (TID 2)
20/02/15 05:36:25 INFO Executor: Running task 1.0 in stage 0.0 (TID 1)
20/02/15 05:36:25 INFO FileScanRDD: Reading File path: file:///edw/Reviews/SourceCode/data/AmzReviews.json, range: 49626816-74440224, partition values: [empty row]
20/02/15 05:36:25 INFO FileScanRDD: Reading File path: file:///edw/Reviews/SourceCode/data/AmzReviews.json, range: 0-24813408, partition values: [empty row]
20/02/15 05:36:25 INFO FileScanRDD: Reading File path: file:///edw/Reviews/SourceCode/data/AmzReviews.json, range: 24813408-49626816, partition values: [empty row]
20/02/15 05:36:25 INFO FileScanRDD: Reading File path: file:///edw/Reviews/SourceCode/data/AmzReviews.json, range: 74440224-95059330, partition values: [empty row]
20/02/15 05:36:25 INFO CodeGenerator: Code generated in 22.0423 ms
20/02/15 05:36:29 INFO Executor: Finished task 1.0 in stage 0.0 (TID 1). 2350 bytes result sent to driver
20/02/15 05:36:29 INFO TaskSetManager: Finished task 1.0 in stage 0.0 (TID 1) in 4403 ms on localhost (executor driver) (1/4)
20/02/15 05:36:29 INFO Executor: Finished task 2.0 in stage 0.0 (TID 2). 2307 bytes result sent to driver
20/02/15 05:36:29 INFO TaskSetManager: Finished task 2.0 in stage 0.0 (TID 2) in 4620 ms on localhost (executor driver) (2/4)
20/02/15 05:36:30 INFO Executor: Finished task 0.0 in stage 0.0 (TID 0). 2350 bytes result sent to driver
20/02/15 05:36:30 INFO Executor: Finished task 3.0 in stage 0.0 (TID 3). 2307 bytes result sent to driver
20/02/15 05:36:30 INFO TaskSetManager: Finished task 0.0 in stage 0.0 (TID 0) in 5839 ms on localhost (executor driver) (3/4)
20/02/15 05:36:30 INFO TaskSetManager: Finished task 3.0 in stage 0.0 (TID 3) in 5818 ms on localhost (executor driver) (4/4)
20/02/15 05:36:30 INFO TaskSchedulerImpl: Removed TaskSet 0.0, whose tasks have all completed, from pool 
20/02/15 05:36:31 INFO DAGScheduler: ResultStage 0 (json at NativeMethodAccessorImpl.java:0) finished in 6.028 s
20/02/15 05:36:31 INFO DAGScheduler: Job 0 finished: json at NativeMethodAccessorImpl.java:0, took 6.327835 s
20/02/15 05:36:32 INFO FileSourceStrategy: Pruning directories with: 
20/02/15 05:36:32 INFO FileSourceStrategy: Post-Scan Filters: 
20/02/15 05:36:32 INFO FileSourceStrategy: Output Data Schema: struct<asin: string, overall: double, reviewerID: string, reviewerName: string, unixReviewTime: bigint ... 3 more fields>
20/02/15 05:36:32 INFO FileSourceScanExec: Pushed Filters: 
20/02/15 05:36:32 INFO CodeGenerator: Code generated in 51.4614 ms
20/02/15 05:36:32 INFO MemoryStore: Block broadcast_2 stored as values in memory (estimated size 282.7 KB, free 365.7 MB)
20/02/15 05:36:32 INFO MemoryStore: Block broadcast_2_piece0 stored as bytes in memory (estimated size 23.3 KB, free 365.7 MB)
20/02/15 05:36:32 INFO BlockManagerInfo: Added broadcast_2_piece0 in memory on 192.168.1.25:8757 (size: 23.3 KB, free: 366.2 MB)
20/02/15 05:36:32 INFO SparkContext: Created broadcast 2 from jdbc at NativeMethodAccessorImpl.java:0
20/02/15 05:36:32 INFO FileSourceScanExec: Planning scan with bin packing, max size: 24813408 bytes, open cost is considered as scanning 4194304 bytes.
20/02/15 05:36:33 INFO SparkContext: Starting job: jdbc at NativeMethodAccessorImpl.java:0
20/02/15 05:36:33 INFO DAGScheduler: Got job 1 (jdbc at NativeMethodAccessorImpl.java:0) with 4 output partitions
20/02/15 05:36:33 INFO DAGScheduler: Final stage: ResultStage 1 (jdbc at NativeMethodAccessorImpl.java:0)
20/02/15 05:36:33 INFO DAGScheduler: Parents of final stage: List()
20/02/15 05:36:33 INFO DAGScheduler: Missing parents: List()
20/02/15 05:36:33 INFO DAGScheduler: Submitting ResultStage 1 (MapPartitionsRDD[8] at jdbc at NativeMethodAccessorImpl.java:0), which has no missing parents
20/02/15 05:36:33 INFO MemoryStore: Block broadcast_3 stored as values in memory (estimated size 64.3 KB, free 365.6 MB)
20/02/15 05:36:33 INFO MemoryStore: Block broadcast_3_piece0 stored as bytes in memory (estimated size 29.5 KB, free 365.6 MB)
20/02/15 05:36:33 INFO BlockManagerInfo: Added broadcast_3_piece0 in memory on 192.168.1.25:8757 (size: 29.5 KB, free: 366.2 MB)
20/02/15 05:36:33 INFO SparkContext: Created broadcast 3 from broadcast at DAGScheduler.scala:1163
20/02/15 05:36:33 INFO DAGScheduler: Submitting 4 missing tasks from ResultStage 1 (MapPartitionsRDD[8] at jdbc at NativeMethodAccessorImpl.java:0) (first 15 tasks are for partitions Vector(0, 1, 2, 3))
20/02/15 05:36:33 INFO TaskSchedulerImpl: Adding task set 1.0 with 4 tasks
20/02/15 05:36:33 INFO TaskSetManager: Starting task 0.0 in stage 1.0 (TID 4, localhost, executor driver, partition 0, PROCESS_LOCAL, 8267 bytes)
20/02/15 05:36:33 INFO TaskSetManager: Starting task 1.0 in stage 1.0 (TID 5, localhost, executor driver, partition 1, PROCESS_LOCAL, 8267 bytes)
20/02/15 05:36:33 INFO TaskSetManager: Starting task 2.0 in stage 1.0 (TID 6, localhost, executor driver, partition 2, PROCESS_LOCAL, 8267 bytes)
20/02/15 05:36:33 INFO TaskSetManager: Starting task 3.0 in stage 1.0 (TID 7, localhost, executor driver, partition 3, PROCESS_LOCAL, 8267 bytes)
20/02/15 05:36:33 INFO Executor: Running task 0.0 in stage 1.0 (TID 4)
20/02/15 05:36:33 INFO Executor: Running task 3.0 in stage 1.0 (TID 7)
20/02/15 05:36:33 INFO Executor: Running task 1.0 in stage 1.0 (TID 5)
20/02/15 05:36:33 INFO Executor: Running task 2.0 in stage 1.0 (TID 6)
20/02/15 05:36:33 INFO CodeGenerator: Code generated in 59.0637 ms
20/02/15 05:36:33 INFO FileScanRDD: Reading File path: file:///edw/Reviews/SourceCode/data/AmzReviews.json, range: 24813408-49626816, partition values: [empty row]
20/02/15 05:36:33 INFO FileScanRDD: Reading File path: file:///edw/Reviews/SourceCode/data/AmzReviews.json, range: 74440224-95059330, partition values: [empty row]
20/02/15 05:36:33 INFO FileScanRDD: Reading File path: file:///edw/Reviews/SourceCode/data/AmzReviews.json, range: 49626816-74440224, partition values: [empty row]
20/02/15 05:36:33 INFO FileScanRDD: Reading File path: file:///edw/Reviews/SourceCode/data/AmzReviews.json, range: 0-24813408, partition values: [empty row]
20/02/15 05:36:33 INFO ContextCleaner: Cleaned accumulator 10
20/02/15 05:36:33 INFO ContextCleaner: Cleaned accumulator 7
20/02/15 05:36:33 INFO ContextCleaner: Cleaned accumulator 15
20/02/15 05:36:33 INFO ContextCleaner: Cleaned accumulator 24
20/02/15 05:36:33 INFO ContextCleaner: Cleaned accumulator 9
20/02/15 05:36:33 INFO ContextCleaner: Cleaned accumulator 19
20/02/15 05:36:33 INFO ContextCleaner: Cleaned accumulator 12
20/02/15 05:36:33 INFO ContextCleaner: Cleaned accumulator 29
20/02/15 05:36:33 INFO ContextCleaner: Cleaned accumulator 27
20/02/15 05:36:33 INFO ContextCleaner: Cleaned accumulator 17
20/02/15 05:36:33 INFO ContextCleaner: Cleaned accumulator 16
20/02/15 05:36:33 INFO ContextCleaner: Cleaned accumulator 28
20/02/15 05:36:33 INFO ContextCleaner: Cleaned accumulator 25
20/02/15 05:36:33 INFO ContextCleaner: Cleaned accumulator 22
20/02/15 05:36:33 INFO ContextCleaner: Cleaned accumulator 18
20/02/15 05:36:33 INFO ContextCleaner: Cleaned accumulator 26
20/02/15 05:36:33 INFO ContextCleaner: Cleaned accumulator 6
20/02/15 05:36:33 INFO ContextCleaner: Cleaned accumulator 23
20/02/15 05:36:33 INFO ContextCleaner: Cleaned accumulator 21
20/02/15 05:36:33 INFO ContextCleaner: Cleaned accumulator 20
20/02/15 05:36:33 INFO ContextCleaner: Cleaned accumulator 13
20/02/15 05:36:33 INFO ContextCleaner: Cleaned accumulator 11
20/02/15 05:36:33 INFO CodeGenerator: Code generated in 38.4918 ms
20/02/15 05:36:33 INFO BlockManagerInfo: Removed broadcast_1_piece0 on 192.168.1.25:8757 in memory (size: 6.7 KB, free: 366.2 MB)
20/02/15 05:36:33 INFO ContextCleaner: Cleaned accumulator 30
20/02/15 05:36:33 INFO ContextCleaner: Cleaned accumulator 8
20/02/15 05:36:33 INFO ContextCleaner: Cleaned accumulator 14
20/02/15 05:36:36 INFO Executor: Finished task 3.0 in stage 1.0 (TID 7). 1480 bytes result sent to driver
20/02/15 05:36:36 INFO TaskSetManager: Finished task 3.0 in stage 1.0 (TID 7) in 3348 ms on localhost (executor driver) (1/4)
20/02/15 05:36:36 INFO Executor: Finished task 2.0 in stage 1.0 (TID 6). 1437 bytes result sent to driver
20/02/15 05:36:36 INFO TaskSetManager: Finished task 2.0 in stage 1.0 (TID 6) in 3648 ms on localhost (executor driver) (2/4)
20/02/15 05:36:36 INFO Executor: Finished task 1.0 in stage 1.0 (TID 5). 1437 bytes result sent to driver
20/02/15 05:36:36 INFO TaskSetManager: Finished task 1.0 in stage 1.0 (TID 5) in 3661 ms on localhost (executor driver) (3/4)
20/02/15 05:36:36 INFO Executor: Finished task 0.0 in stage 1.0 (TID 4). 1437 bytes result sent to driver
20/02/15 05:36:36 INFO TaskSetManager: Finished task 0.0 in stage 1.0 (TID 4) in 3758 ms on localhost (executor driver) (4/4)
20/02/15 05:36:36 INFO TaskSchedulerImpl: Removed TaskSet 1.0, whose tasks have all completed, from pool 
20/02/15 05:36:36 INFO DAGScheduler: ResultStage 1 (jdbc at NativeMethodAccessorImpl.java:0) finished in 3.828 s
20/02/15 05:36:36 INFO DAGScheduler: Job 1 finished: jdbc at NativeMethodAccessorImpl.java:0, took 3.835478 s
20/02/15 05:36:37 INFO SparkContext: Invoking stop() from shutdown hook
20/02/15 05:36:37 INFO SparkUI: Stopped Spark web UI at http://192.168.1.25:4040
20/02/15 05:36:37 INFO MapOutputTrackerMasterEndpoint: MapOutputTrackerMasterEndpoint stopped!
20/02/15 05:36:37 INFO MemoryStore: MemoryStore cleared
20/02/15 05:36:37 INFO BlockManager: BlockManager stopped
20/02/15 05:36:37 INFO BlockManagerMaster: BlockManagerMaster stopped
20/02/15 05:36:37 INFO OutputCommitCoordinator$OutputCommitCoordinatorEndpoint: OutputCommitCoordinator stopped!
20/02/15 05:36:37 INFO SparkContext: Successfully stopped SparkContext
20/02/15 05:36:37 INFO ShutdownHookManager: Shutdown hook called
20/02/15 05:36:37 INFO ShutdownHookManager: Deleting directory /tmp/spark-83033a96-6b4b-4e80-9d86-6c52c84a0346
20/02/15 05:36:37 INFO ShutdownHookManager: Deleting directory /tmp/spark-77dde5ac-4ffd-45b6-ad83-c1ef37b209ce
20/02/15 05:36:37 INFO ShutdownHookManager: Deleting directory /tmp/spark-83033a96-6b4b-4e80-9d86-6c52c84a0346/pyspark-11e361ed-eb90-4650-8fe4-16fdd0955224
###################################################################################################################################
###################################################################################################################################
Load to ODS in progress
###################################################################################################################################
###################################################################################################################################
begin;
BEGIN
	  UPDATE "STAGE_DB".REVIEWS 
	  SET reviewerName = RS.reviewerName
	  , reviewRating = RS.reviewRating
	  , odsUpdateTd = current_timestamp(0)
	  FROM "WORK_DB".REVIEWS_WT RS
	  WHERE REVIEWS.reviewerID = RS.reviewerID
	  AND REVIEWS.asin = RS.asin
	  AND REVIEWS.reviewDate = RS.reviewDate;
UPDATE 0
	
	INSERT INTO "STAGE_DB".REVIEWS
	SELECT RS.reviewerID, RS.asin, RS.reviewerName, RS.reviewRating , RS.reviewDate, current_timestamp(0), current_timestamp(0)
	FROM "WORK_DB".REVIEWS_WT RS
	LEFT OUTER JOIN "STAGE_DB".REVIEWS RV
	ON RS.reviewerID = RV.reviewerID
	AND RS.asin = RV.asin
	AND RS.reviewDate = RV.reviewDate
	WHERE RV.reviewerID IS NULL
	AND RV.asin IS NULL
	AND RV.reviewDate IS NULL;
INSERT 0 100000
	TRUNCATE "WORK_DB".REVIEWS_WT;
TRUNCATE TABLE
commit;
COMMIT
