###################################################################################################################################
###################################################################################################################################
Load to stage in progress
###################################################################################################################################
###################################################################################################################################
20/02/16 23:28:26 WARN Utils: Your hostname, DESKTOP-502C4I4 resolves to a loopback address: 127.0.1.1; using 192.168.1.25 instead (on interface wifi0)
20/02/16 23:28:26 WARN Utils: Set SPARK_LOCAL_IP if you need to bind to another address
20/02/16 23:28:27 WARN NativeCodeLoader: Unable to load native-hadoop library for your platform... using builtin-java classes where applicable
Using Spark's default log4j profile: org/apache/spark/log4j-defaults.properties
20/02/16 23:28:31 INFO SparkContext: Running Spark version 2.4.5
20/02/16 23:28:31 INFO SparkContext: Submitted application: ReviewsOdsSession
20/02/16 23:28:32 INFO SecurityManager: Changing view acls to: devetluser
20/02/16 23:28:32 INFO SecurityManager: Changing modify acls to: devetluser
20/02/16 23:28:32 INFO SecurityManager: Changing view acls groups to: 
20/02/16 23:28:32 INFO SecurityManager: Changing modify acls groups to: 
20/02/16 23:28:32 INFO SecurityManager: SecurityManager: authentication disabled; ui acls disabled; users  with view permissions: Set(devetluser); groups with view permissions: Set(); users  with modify permissions: Set(devetluser); groups with modify permissions: Set()
20/02/16 23:28:33 INFO Utils: Successfully started service 'sparkDriver' on port 3343.
20/02/16 23:28:33 INFO SparkEnv: Registering MapOutputTracker
20/02/16 23:28:33 INFO SparkEnv: Registering BlockManagerMaster
20/02/16 23:28:33 INFO BlockManagerMasterEndpoint: Using org.apache.spark.storage.DefaultTopologyMapper for getting topology information
20/02/16 23:28:33 INFO BlockManagerMasterEndpoint: BlockManagerMasterEndpoint up
20/02/16 23:28:33 INFO DiskBlockManager: Created local directory at /tmp/blockmgr-ef243cc9-8f7b-4a02-b953-e814ea55119b
20/02/16 23:28:33 INFO MemoryStore: MemoryStore started with capacity 366.3 MB
20/02/16 23:28:33 INFO SparkEnv: Registering OutputCommitCoordinator
20/02/16 23:28:34 INFO Utils: Successfully started service 'SparkUI' on port 4040.
20/02/16 23:28:34 INFO SparkUI: Bound SparkUI to 0.0.0.0, and started at http://192.168.1.25:4040
20/02/16 23:28:34 INFO Executor: Starting executor ID driver on host localhost
20/02/16 23:28:34 INFO Utils: Successfully started service 'org.apache.spark.network.netty.NettyBlockTransferService' on port 3345.
20/02/16 23:28:34 INFO NettyBlockTransferService: Server created on 192.168.1.25:3345
20/02/16 23:28:34 INFO BlockManager: Using org.apache.spark.storage.RandomBlockReplicationPolicy for block replication policy
20/02/16 23:28:34 INFO BlockManagerMaster: Registering BlockManager BlockManagerId(driver, 192.168.1.25, 3345, None)
20/02/16 23:28:34 INFO BlockManagerMasterEndpoint: Registering block manager 192.168.1.25:3345 with 366.3 MB RAM, BlockManagerId(driver, 192.168.1.25, 3345, None)
20/02/16 23:28:34 INFO BlockManagerMaster: Registered BlockManager BlockManagerId(driver, 192.168.1.25, 3345, None)
20/02/16 23:28:34 INFO BlockManager: Initialized BlockManager: BlockManagerId(driver, 192.168.1.25, 3345, None)
20/02/16 23:28:35 INFO SharedState: Setting hive.metastore.warehouse.dir ('null') to the value of spark.sql.warehouse.dir ('file:/edw/Reviews/SourceCode/bash/spark-warehouse').
20/02/16 23:28:35 INFO SharedState: Warehouse path is 'file:/edw/Reviews/SourceCode/bash/spark-warehouse'.
20/02/16 23:28:37 INFO StateStoreCoordinatorRef: Registered StateStoreCoordinator endpoint
20/02/16 23:28:38 INFO InMemoryFileIndex: It took 81 ms to list leaf files for 1 paths.
20/02/16 23:28:38 INFO InMemoryFileIndex: It took 2 ms to list leaf files for 1 paths.
20/02/16 23:28:41 INFO FileSourceStrategy: Pruning directories with: 
20/02/16 23:28:41 INFO FileSourceStrategy: Post-Scan Filters: 
20/02/16 23:28:41 INFO FileSourceStrategy: Output Data Schema: struct<value: string>
20/02/16 23:28:41 INFO FileSourceScanExec: Pushed Filters: 
20/02/16 23:28:43 INFO CodeGenerator: Code generated in 348.9932 ms
20/02/16 23:28:43 INFO MemoryStore: Block broadcast_0 stored as values in memory (estimated size 282.9 KB, free 366.0 MB)
20/02/16 23:28:43 INFO MemoryStore: Block broadcast_0_piece0 stored as bytes in memory (estimated size 23.3 KB, free 366.0 MB)
20/02/16 23:28:43 INFO BlockManagerInfo: Added broadcast_0_piece0 in memory on 192.168.1.25:3345 (size: 23.3 KB, free: 366.3 MB)
20/02/16 23:28:43 INFO SparkContext: Created broadcast 0 from json at NativeMethodAccessorImpl.java:0
20/02/16 23:28:43 INFO FileSourceScanExec: Planning scan with bin packing, max size: 134217728 bytes, open cost is considered as scanning 4194304 bytes.
20/02/16 23:28:43 INFO SparkContext: Starting job: json at NativeMethodAccessorImpl.java:0
20/02/16 23:28:43 INFO DAGScheduler: Got job 0 (json at NativeMethodAccessorImpl.java:0) with 20 output partitions
20/02/16 23:28:43 INFO DAGScheduler: Final stage: ResultStage 0 (json at NativeMethodAccessorImpl.java:0)
20/02/16 23:28:43 INFO DAGScheduler: Parents of final stage: List()
20/02/16 23:28:43 INFO DAGScheduler: Missing parents: List()
20/02/16 23:28:43 INFO DAGScheduler: Submitting ResultStage 0 (MapPartitionsRDD[3] at json at NativeMethodAccessorImpl.java:0), which has no missing parents
20/02/16 23:28:43 INFO MemoryStore: Block broadcast_1 stored as values in memory (estimated size 11.6 KB, free 366.0 MB)
20/02/16 23:28:43 INFO MemoryStore: Block broadcast_1_piece0 stored as bytes in memory (estimated size 6.7 KB, free 366.0 MB)
20/02/16 23:28:43 INFO BlockManagerInfo: Added broadcast_1_piece0 in memory on 192.168.1.25:3345 (size: 6.7 KB, free: 366.3 MB)
20/02/16 23:28:43 INFO SparkContext: Created broadcast 1 from broadcast at DAGScheduler.scala:1163
20/02/16 23:28:43 INFO DAGScheduler: Submitting 20 missing tasks from ResultStage 0 (MapPartitionsRDD[3] at json at NativeMethodAccessorImpl.java:0) (first 15 tasks are for partitions Vector(0, 1, 2, 3, 4, 5, 6, 7, 8, 9, 10, 11, 12, 13, 14))
20/02/16 23:28:43 INFO TaskSchedulerImpl: Adding task set 0.0 with 20 tasks
20/02/16 23:28:43 INFO TaskSetManager: Starting task 0.0 in stage 0.0 (TID 0, localhost, executor driver, partition 0, PROCESS_LOCAL, 8269 bytes)
20/02/16 23:28:43 INFO TaskSetManager: Starting task 1.0 in stage 0.0 (TID 1, localhost, executor driver, partition 1, PROCESS_LOCAL, 8269 bytes)
20/02/16 23:28:43 INFO TaskSetManager: Starting task 2.0 in stage 0.0 (TID 2, localhost, executor driver, partition 2, PROCESS_LOCAL, 8269 bytes)
20/02/16 23:28:43 INFO TaskSetManager: Starting task 3.0 in stage 0.0 (TID 3, localhost, executor driver, partition 3, PROCESS_LOCAL, 8269 bytes)
20/02/16 23:28:43 INFO Executor: Running task 1.0 in stage 0.0 (TID 1)
20/02/16 23:28:43 INFO Executor: Running task 3.0 in stage 0.0 (TID 3)
20/02/16 23:28:43 INFO Executor: Running task 0.0 in stage 0.0 (TID 0)
20/02/16 23:28:43 INFO Executor: Running task 2.0 in stage 0.0 (TID 2)
20/02/16 23:28:44 INFO FileScanRDD: Reading File path: file:///edw/Reviews/SourceCode/data/asin_reviews.json, range: 268435456-402653184, partition values: [empty row]
20/02/16 23:28:44 INFO FileScanRDD: Reading File path: file:///edw/Reviews/SourceCode/data/asin_reviews.json, range: 0-134217728, partition values: [empty row]
20/02/16 23:28:44 INFO FileScanRDD: Reading File path: file:///edw/Reviews/SourceCode/data/asin_reviews.json, range: 402653184-536870912, partition values: [empty row]
20/02/16 23:28:44 INFO FileScanRDD: Reading File path: file:///edw/Reviews/SourceCode/data/asin_reviews.json, range: 134217728-268435456, partition values: [empty row]
20/02/16 23:28:44 INFO CodeGenerator: Code generated in 19.0389 ms
20/02/16 23:29:00 INFO Executor: Finished task 2.0 in stage 0.0 (TID 2). 2350 bytes result sent to driver
20/02/16 23:29:00 INFO Executor: Finished task 1.0 in stage 0.0 (TID 1). 2350 bytes result sent to driver
20/02/16 23:29:00 INFO TaskSetManager: Starting task 4.0 in stage 0.0 (TID 4, localhost, executor driver, partition 4, PROCESS_LOCAL, 8269 bytes)
20/02/16 23:29:00 INFO Executor: Running task 4.0 in stage 0.0 (TID 4)
20/02/16 23:29:00 INFO TaskSetManager: Starting task 5.0 in stage 0.0 (TID 5, localhost, executor driver, partition 5, PROCESS_LOCAL, 8269 bytes)
20/02/16 23:29:00 INFO Executor: Running task 5.0 in stage 0.0 (TID 5)
20/02/16 23:29:00 INFO FileScanRDD: Reading File path: file:///edw/Reviews/SourceCode/data/asin_reviews.json, range: 536870912-671088640, partition values: [empty row]
20/02/16 23:29:00 INFO FileScanRDD: Reading File path: file:///edw/Reviews/SourceCode/data/asin_reviews.json, range: 671088640-805306368, partition values: [empty row]
20/02/16 23:29:01 INFO TaskSetManager: Finished task 1.0 in stage 0.0 (TID 1) in 17430 ms on localhost (executor driver) (1/20)
20/02/16 23:29:01 INFO TaskSetManager: Finished task 2.0 in stage 0.0 (TID 2) in 17675 ms on localhost (executor driver) (2/20)
20/02/16 23:29:05 INFO Executor: Finished task 3.0 in stage 0.0 (TID 3). 2264 bytes result sent to driver
20/02/16 23:29:05 INFO TaskSetManager: Starting task 6.0 in stage 0.0 (TID 6, localhost, executor driver, partition 6, PROCESS_LOCAL, 8269 bytes)
20/02/16 23:29:05 INFO TaskSetManager: Finished task 3.0 in stage 0.0 (TID 3) in 21567 ms on localhost (executor driver) (3/20)
20/02/16 23:29:05 INFO Executor: Running task 6.0 in stage 0.0 (TID 6)
20/02/16 23:29:05 INFO FileScanRDD: Reading File path: file:///edw/Reviews/SourceCode/data/asin_reviews.json, range: 805306368-939524096, partition values: [empty row]
20/02/16 23:29:07 INFO Executor: Finished task 0.0 in stage 0.0 (TID 0). 2307 bytes result sent to driver
20/02/16 23:29:07 INFO TaskSetManager: Starting task 7.0 in stage 0.0 (TID 7, localhost, executor driver, partition 7, PROCESS_LOCAL, 8269 bytes)
20/02/16 23:29:07 INFO Executor: Running task 7.0 in stage 0.0 (TID 7)
20/02/16 23:29:07 INFO TaskSetManager: Finished task 0.0 in stage 0.0 (TID 0) in 23568 ms on localhost (executor driver) (4/20)
20/02/16 23:29:07 INFO FileScanRDD: Reading File path: file:///edw/Reviews/SourceCode/data/asin_reviews.json, range: 939524096-1073741824, partition values: [empty row]
20/02/16 23:29:17 INFO Executor: Finished task 6.0 in stage 0.0 (TID 6). 2350 bytes result sent to driver
20/02/16 23:29:17 INFO TaskSetManager: Starting task 8.0 in stage 0.0 (TID 8, localhost, executor driver, partition 8, PROCESS_LOCAL, 8269 bytes)
20/02/16 23:29:17 INFO Executor: Running task 8.0 in stage 0.0 (TID 8)
20/02/16 23:29:17 INFO TaskSetManager: Finished task 6.0 in stage 0.0 (TID 6) in 12108 ms on localhost (executor driver) (5/20)
20/02/16 23:29:17 INFO FileScanRDD: Reading File path: file:///edw/Reviews/SourceCode/data/asin_reviews.json, range: 1073741824-1207959552, partition values: [empty row]
20/02/16 23:29:20 INFO Executor: Finished task 7.0 in stage 0.0 (TID 7). 2307 bytes result sent to driver
20/02/16 23:29:20 INFO TaskSetManager: Starting task 9.0 in stage 0.0 (TID 9, localhost, executor driver, partition 9, PROCESS_LOCAL, 8269 bytes)
20/02/16 23:29:20 INFO TaskSetManager: Finished task 7.0 in stage 0.0 (TID 7) in 13390 ms on localhost (executor driver) (6/20)
20/02/16 23:29:20 INFO Executor: Running task 9.0 in stage 0.0 (TID 9)
20/02/16 23:29:20 INFO FileScanRDD: Reading File path: file:///edw/Reviews/SourceCode/data/asin_reviews.json, range: 1207959552-1342177280, partition values: [empty row]
20/02/16 23:29:26 INFO Executor: Finished task 5.0 in stage 0.0 (TID 5). 2264 bytes result sent to driver
20/02/16 23:29:26 INFO TaskSetManager: Starting task 10.0 in stage 0.0 (TID 10, localhost, executor driver, partition 10, PROCESS_LOCAL, 8269 bytes)
20/02/16 23:29:26 INFO Executor: Running task 10.0 in stage 0.0 (TID 10)
20/02/16 23:29:26 INFO TaskSetManager: Finished task 5.0 in stage 0.0 (TID 5) in 25738 ms on localhost (executor driver) (7/20)
20/02/16 23:29:26 INFO FileScanRDD: Reading File path: file:///edw/Reviews/SourceCode/data/asin_reviews.json, range: 1342177280-1476395008, partition values: [empty row]
20/02/16 23:29:33 INFO Executor: Finished task 9.0 in stage 0.0 (TID 9). 2264 bytes result sent to driver
20/02/16 23:29:33 INFO TaskSetManager: Starting task 11.0 in stage 0.0 (TID 11, localhost, executor driver, partition 11, PROCESS_LOCAL, 8269 bytes)
20/02/16 23:29:33 INFO TaskSetManager: Finished task 9.0 in stage 0.0 (TID 9) in 12625 ms on localhost (executor driver) (8/20)
20/02/16 23:29:33 INFO Executor: Running task 11.0 in stage 0.0 (TID 11)
20/02/16 23:29:33 INFO FileScanRDD: Reading File path: file:///edw/Reviews/SourceCode/data/asin_reviews.json, range: 1476395008-1610612736, partition values: [empty row]
20/02/16 23:29:38 INFO Executor: Finished task 10.0 in stage 0.0 (TID 10). 2264 bytes result sent to driver
20/02/16 23:29:38 INFO TaskSetManager: Starting task 12.0 in stage 0.0 (TID 12, localhost, executor driver, partition 12, PROCESS_LOCAL, 8269 bytes)
20/02/16 23:29:38 INFO Executor: Running task 12.0 in stage 0.0 (TID 12)
20/02/16 23:29:38 INFO TaskSetManager: Finished task 10.0 in stage 0.0 (TID 10) in 12265 ms on localhost (executor driver) (9/20)
20/02/16 23:29:38 INFO FileScanRDD: Reading File path: file:///edw/Reviews/SourceCode/data/asin_reviews.json, range: 1610612736-1744830464, partition values: [empty row]
20/02/16 23:29:43 INFO Executor: Finished task 8.0 in stage 0.0 (TID 8). 2307 bytes result sent to driver
20/02/16 23:29:43 INFO TaskSetManager: Starting task 13.0 in stage 0.0 (TID 13, localhost, executor driver, partition 13, PROCESS_LOCAL, 8269 bytes)
20/02/16 23:29:43 INFO TaskSetManager: Finished task 8.0 in stage 0.0 (TID 8) in 26219 ms on localhost (executor driver) (10/20)
20/02/16 23:29:43 INFO Executor: Running task 13.0 in stage 0.0 (TID 13)
20/02/16 23:29:43 INFO FileScanRDD: Reading File path: file:///edw/Reviews/SourceCode/data/asin_reviews.json, range: 1744830464-1879048192, partition values: [empty row]
20/02/16 23:29:48 INFO Executor: Finished task 11.0 in stage 0.0 (TID 11). 2307 bytes result sent to driver
20/02/16 23:29:48 INFO TaskSetManager: Starting task 14.0 in stage 0.0 (TID 14, localhost, executor driver, partition 14, PROCESS_LOCAL, 8269 bytes)
20/02/16 23:29:48 INFO TaskSetManager: Finished task 11.0 in stage 0.0 (TID 11) in 15323 ms on localhost (executor driver) (11/20)
20/02/16 23:29:48 INFO Executor: Running task 14.0 in stage 0.0 (TID 14)
20/02/16 23:29:48 INFO FileScanRDD: Reading File path: file:///edw/Reviews/SourceCode/data/asin_reviews.json, range: 1879048192-2013265920, partition values: [empty row]
20/02/16 23:29:51 INFO Executor: Finished task 4.0 in stage 0.0 (TID 4). 2307 bytes result sent to driver
20/02/16 23:29:51 INFO TaskSetManager: Starting task 15.0 in stage 0.0 (TID 15, localhost, executor driver, partition 15, PROCESS_LOCAL, 8269 bytes)
20/02/16 23:29:51 INFO TaskSetManager: Finished task 4.0 in stage 0.0 (TID 4) in 51279 ms on localhost (executor driver) (12/20)
20/02/16 23:29:51 INFO Executor: Running task 15.0 in stage 0.0 (TID 15)
20/02/16 23:29:51 INFO FileScanRDD: Reading File path: file:///edw/Reviews/SourceCode/data/asin_reviews.json, range: 2013265920-2147483648, partition values: [empty row]
20/02/16 23:29:55 INFO Executor: Finished task 12.0 in stage 0.0 (TID 12). 2264 bytes result sent to driver
20/02/16 23:29:55 INFO TaskSetManager: Starting task 16.0 in stage 0.0 (TID 16, localhost, executor driver, partition 16, PROCESS_LOCAL, 8269 bytes)
20/02/16 23:29:55 INFO TaskSetManager: Finished task 12.0 in stage 0.0 (TID 12) in 16695 ms on localhost (executor driver) (13/20)
20/02/16 23:29:55 INFO Executor: Running task 16.0 in stage 0.0 (TID 16)
20/02/16 23:29:55 INFO FileScanRDD: Reading File path: file:///edw/Reviews/SourceCode/data/asin_reviews.json, range: 2147483648-2281701376, partition values: [empty row]
20/02/16 23:30:02 INFO Executor: Finished task 13.0 in stage 0.0 (TID 13). 2307 bytes result sent to driver
20/02/16 23:30:02 INFO TaskSetManager: Starting task 17.0 in stage 0.0 (TID 17, localhost, executor driver, partition 17, PROCESS_LOCAL, 8269 bytes)
20/02/16 23:30:02 INFO TaskSetManager: Finished task 13.0 in stage 0.0 (TID 13) in 18809 ms on localhost (executor driver) (14/20)
20/02/16 23:30:02 INFO Executor: Running task 17.0 in stage 0.0 (TID 17)
20/02/16 23:30:02 INFO FileScanRDD: Reading File path: file:///edw/Reviews/SourceCode/data/asin_reviews.json, range: 2281701376-2415919104, partition values: [empty row]
20/02/16 23:30:07 INFO Executor: Finished task 14.0 in stage 0.0 (TID 14). 2307 bytes result sent to driver
20/02/16 23:30:07 INFO TaskSetManager: Starting task 18.0 in stage 0.0 (TID 18, localhost, executor driver, partition 18, PROCESS_LOCAL, 8269 bytes)
20/02/16 23:30:07 INFO TaskSetManager: Finished task 14.0 in stage 0.0 (TID 14) in 18859 ms on localhost (executor driver) (15/20)
20/02/16 23:30:07 INFO Executor: Running task 18.0 in stage 0.0 (TID 18)
20/02/16 23:30:07 INFO FileScanRDD: Reading File path: file:///edw/Reviews/SourceCode/data/asin_reviews.json, range: 2415919104-2550136832, partition values: [empty row]
20/02/16 23:30:12 INFO Executor: Finished task 15.0 in stage 0.0 (TID 15). 2307 bytes result sent to driver
20/02/16 23:30:12 INFO TaskSetManager: Starting task 19.0 in stage 0.0 (TID 19, localhost, executor driver, partition 19, PROCESS_LOCAL, 8269 bytes)
20/02/16 23:30:12 INFO Executor: Running task 19.0 in stage 0.0 (TID 19)
20/02/16 23:30:12 INFO TaskSetManager: Finished task 15.0 in stage 0.0 (TID 15) in 20182 ms on localhost (executor driver) (16/20)
20/02/16 23:30:12 INFO FileScanRDD: Reading File path: file:///edw/Reviews/SourceCode/data/asin_reviews.json, range: 2550136832-2642365750, partition values: [empty row]
20/02/16 23:30:15 INFO Executor: Finished task 16.0 in stage 0.0 (TID 16). 2307 bytes result sent to driver
20/02/16 23:30:15 INFO TaskSetManager: Finished task 16.0 in stage 0.0 (TID 16) in 20502 ms on localhost (executor driver) (17/20)
20/02/16 23:30:20 INFO Executor: Finished task 17.0 in stage 0.0 (TID 17). 2350 bytes result sent to driver
20/02/16 23:30:20 INFO TaskSetManager: Finished task 17.0 in stage 0.0 (TID 17) in 17426 ms on localhost (executor driver) (18/20)
20/02/16 23:30:21 INFO Executor: Finished task 19.0 in stage 0.0 (TID 19). 2264 bytes result sent to driver
20/02/16 23:30:21 INFO TaskSetManager: Finished task 19.0 in stage 0.0 (TID 19) in 9857 ms on localhost (executor driver) (19/20)
20/02/16 23:30:22 INFO Executor: Finished task 18.0 in stage 0.0 (TID 18). 2307 bytes result sent to driver
20/02/16 23:30:22 INFO TaskSetManager: Finished task 18.0 in stage 0.0 (TID 18) in 14497 ms on localhost (executor driver) (20/20)
20/02/16 23:30:22 INFO TaskSchedulerImpl: Removed TaskSet 0.0, whose tasks have all completed, from pool 
20/02/16 23:30:22 INFO DAGScheduler: ResultStage 0 (json at NativeMethodAccessorImpl.java:0) finished in 98.412 s
20/02/16 23:30:22 INFO DAGScheduler: Job 0 finished: json at NativeMethodAccessorImpl.java:0, took 98.540314 s
20/02/16 23:30:23 INFO FileSourceStrategy: Pruning directories with: 
20/02/16 23:30:23 INFO FileSourceStrategy: Post-Scan Filters: (cast(cast(CASE WHEN isnull(unixReviewTime#14L) THEN 1990-01-01 ELSE from_unixtime(unixReviewTime#14L, yyyy-MM-dd, Some(Europe/Berlin)) END as date) as string) >= 2011-01-01)
20/02/16 23:30:23 INFO FileSourceStrategy: Output Data Schema: struct<asin: string, overall: double, reviewerID: string, reviewerName: string, unixReviewTime: bigint ... 3 more fields>
20/02/16 23:30:23 INFO FileSourceScanExec: Pushed Filters: 
20/02/16 23:30:23 INFO CodeGenerator: Code generated in 54.5994 ms
20/02/16 23:30:23 INFO MemoryStore: Block broadcast_2 stored as values in memory (estimated size 282.9 KB, free 365.7 MB)
20/02/16 23:30:23 INFO MemoryStore: Block broadcast_2_piece0 stored as bytes in memory (estimated size 23.3 KB, free 365.7 MB)
20/02/16 23:30:23 INFO BlockManagerInfo: Added broadcast_2_piece0 in memory on 192.168.1.25:3345 (size: 23.3 KB, free: 366.2 MB)
20/02/16 23:30:23 INFO SparkContext: Created broadcast 2 from jdbc at NativeMethodAccessorImpl.java:0
20/02/16 23:30:23 INFO FileSourceScanExec: Planning scan with bin packing, max size: 134217728 bytes, open cost is considered as scanning 4194304 bytes.
20/02/16 23:30:23 INFO SparkContext: Starting job: jdbc at NativeMethodAccessorImpl.java:0
20/02/16 23:30:23 INFO DAGScheduler: Got job 1 (jdbc at NativeMethodAccessorImpl.java:0) with 20 output partitions
20/02/16 23:30:23 INFO DAGScheduler: Final stage: ResultStage 1 (jdbc at NativeMethodAccessorImpl.java:0)
20/02/16 23:30:23 INFO DAGScheduler: Parents of final stage: List()
20/02/16 23:30:23 INFO DAGScheduler: Missing parents: List()
20/02/16 23:30:23 INFO DAGScheduler: Submitting ResultStage 1 (MapPartitionsRDD[8] at jdbc at NativeMethodAccessorImpl.java:0), which has no missing parents
20/02/16 23:30:23 INFO MemoryStore: Block broadcast_3 stored as values in memory (estimated size 67.6 KB, free 365.6 MB)
20/02/16 23:30:23 INFO MemoryStore: Block broadcast_3_piece0 stored as bytes in memory (estimated size 31.2 KB, free 365.6 MB)
20/02/16 23:30:23 INFO BlockManagerInfo: Added broadcast_3_piece0 in memory on 192.168.1.25:3345 (size: 31.2 KB, free: 366.2 MB)
20/02/16 23:30:23 INFO SparkContext: Created broadcast 3 from broadcast at DAGScheduler.scala:1163
20/02/16 23:30:23 INFO DAGScheduler: Submitting 20 missing tasks from ResultStage 1 (MapPartitionsRDD[8] at jdbc at NativeMethodAccessorImpl.java:0) (first 15 tasks are for partitions Vector(0, 1, 2, 3, 4, 5, 6, 7, 8, 9, 10, 11, 12, 13, 14))
20/02/16 23:30:23 INFO TaskSchedulerImpl: Adding task set 1.0 with 20 tasks
20/02/16 23:30:23 INFO TaskSetManager: Starting task 0.0 in stage 1.0 (TID 20, localhost, executor driver, partition 0, PROCESS_LOCAL, 8269 bytes)
20/02/16 23:30:23 INFO TaskSetManager: Starting task 1.0 in stage 1.0 (TID 21, localhost, executor driver, partition 1, PROCESS_LOCAL, 8269 bytes)
20/02/16 23:30:23 INFO TaskSetManager: Starting task 2.0 in stage 1.0 (TID 22, localhost, executor driver, partition 2, PROCESS_LOCAL, 8269 bytes)
20/02/16 23:30:23 INFO TaskSetManager: Starting task 3.0 in stage 1.0 (TID 23, localhost, executor driver, partition 3, PROCESS_LOCAL, 8269 bytes)
20/02/16 23:30:23 INFO Executor: Running task 2.0 in stage 1.0 (TID 22)
20/02/16 23:30:23 INFO Executor: Running task 3.0 in stage 1.0 (TID 23)
20/02/16 23:30:23 INFO Executor: Running task 0.0 in stage 1.0 (TID 20)
20/02/16 23:30:23 INFO Executor: Running task 1.0 in stage 1.0 (TID 21)
20/02/16 23:30:23 INFO CodeGenerator: Code generated in 51.6696 ms
20/02/16 23:30:23 INFO FileScanRDD: Reading File path: file:///edw/Reviews/SourceCode/data/asin_reviews.json, range: 0-134217728, partition values: [empty row]
20/02/16 23:30:23 INFO FileScanRDD: Reading File path: file:///edw/Reviews/SourceCode/data/asin_reviews.json, range: 402653184-536870912, partition values: [empty row]
20/02/16 23:30:23 INFO CodeGenerator: Code generated in 22.0526 ms
20/02/16 23:30:23 INFO FileScanRDD: Reading File path: file:///edw/Reviews/SourceCode/data/asin_reviews.json, range: 134217728-268435456, partition values: [empty row]
20/02/16 23:30:23 INFO FileScanRDD: Reading File path: file:///edw/Reviews/SourceCode/data/asin_reviews.json, range: 268435456-402653184, partition values: [empty row]
20/02/16 23:30:32 INFO Executor: Finished task 3.0 in stage 1.0 (TID 23). 1499 bytes result sent to driver
20/02/16 23:30:32 INFO TaskSetManager: Starting task 4.0 in stage 1.0 (TID 24, localhost, executor driver, partition 4, PROCESS_LOCAL, 8269 bytes)
20/02/16 23:30:32 INFO Executor: Running task 4.0 in stage 1.0 (TID 24)
20/02/16 23:30:32 INFO TaskSetManager: Finished task 3.0 in stage 1.0 (TID 23) in 8413 ms on localhost (executor driver) (1/20)
20/02/16 23:30:32 INFO Executor: Finished task 1.0 in stage 1.0 (TID 21). 1499 bytes result sent to driver
20/02/16 23:30:32 INFO TaskSetManager: Starting task 5.0 in stage 1.0 (TID 25, localhost, executor driver, partition 5, PROCESS_LOCAL, 8269 bytes)
20/02/16 23:30:32 INFO TaskSetManager: Finished task 1.0 in stage 1.0 (TID 21) in 8651 ms on localhost (executor driver) (2/20)
20/02/16 23:30:32 INFO Executor: Running task 5.0 in stage 1.0 (TID 25)
20/02/16 23:30:32 INFO Executor: Finished task 0.0 in stage 1.0 (TID 20). 1499 bytes result sent to driver
20/02/16 23:30:32 INFO TaskSetManager: Starting task 6.0 in stage 1.0 (TID 26, localhost, executor driver, partition 6, PROCESS_LOCAL, 8269 bytes)
20/02/16 23:30:32 INFO TaskSetManager: Finished task 0.0 in stage 1.0 (TID 20) in 8701 ms on localhost (executor driver) (3/20)
20/02/16 23:30:32 INFO Executor: Running task 6.0 in stage 1.0 (TID 26)
20/02/16 23:30:32 INFO FileScanRDD: Reading File path: file:///edw/Reviews/SourceCode/data/asin_reviews.json, range: 671088640-805306368, partition values: [empty row]
20/02/16 23:30:32 INFO FileScanRDD: Reading File path: file:///edw/Reviews/SourceCode/data/asin_reviews.json, range: 805306368-939524096, partition values: [empty row]
20/02/16 23:30:32 INFO FileScanRDD: Reading File path: file:///edw/Reviews/SourceCode/data/asin_reviews.json, range: 536870912-671088640, partition values: [empty row]
20/02/16 23:30:33 INFO Executor: Finished task 2.0 in stage 1.0 (TID 22). 1456 bytes result sent to driver
20/02/16 23:30:33 INFO TaskSetManager: Starting task 7.0 in stage 1.0 (TID 27, localhost, executor driver, partition 7, PROCESS_LOCAL, 8269 bytes)
20/02/16 23:30:33 INFO TaskSetManager: Finished task 2.0 in stage 1.0 (TID 22) in 9759 ms on localhost (executor driver) (4/20)
20/02/16 23:30:33 INFO Executor: Running task 7.0 in stage 1.0 (TID 27)
20/02/16 23:30:33 INFO FileScanRDD: Reading File path: file:///edw/Reviews/SourceCode/data/asin_reviews.json, range: 939524096-1073741824, partition values: [empty row]
20/02/16 23:30:39 INFO Executor: Finished task 6.0 in stage 1.0 (TID 26). 1499 bytes result sent to driver
20/02/16 23:30:39 INFO TaskSetManager: Starting task 8.0 in stage 1.0 (TID 28, localhost, executor driver, partition 8, PROCESS_LOCAL, 8269 bytes)
20/02/16 23:30:39 INFO TaskSetManager: Finished task 6.0 in stage 1.0 (TID 26) in 7348 ms on localhost (executor driver) (5/20)
20/02/16 23:30:39 INFO Executor: Running task 8.0 in stage 1.0 (TID 28)
20/02/16 23:30:39 INFO FileScanRDD: Reading File path: file:///edw/Reviews/SourceCode/data/asin_reviews.json, range: 1073741824-1207959552, partition values: [empty row]
20/02/16 23:30:39 INFO Executor: Finished task 4.0 in stage 1.0 (TID 24). 1542 bytes result sent to driver
20/02/16 23:30:39 INFO TaskSetManager: Starting task 9.0 in stage 1.0 (TID 29, localhost, executor driver, partition 9, PROCESS_LOCAL, 8269 bytes)
20/02/16 23:30:39 INFO TaskSetManager: Finished task 4.0 in stage 1.0 (TID 24) in 7939 ms on localhost (executor driver) (6/20)
20/02/16 23:30:39 INFO Executor: Running task 9.0 in stage 1.0 (TID 29)
20/02/16 23:30:39 INFO Executor: Finished task 7.0 in stage 1.0 (TID 27). 1499 bytes result sent to driver
20/02/16 23:30:40 INFO TaskSetManager: Starting task 10.0 in stage 1.0 (TID 30, localhost, executor driver, partition 10, PROCESS_LOCAL, 8269 bytes)
20/02/16 23:30:40 INFO TaskSetManager: Finished task 7.0 in stage 1.0 (TID 27) in 6623 ms on localhost (executor driver) (7/20)
20/02/16 23:30:40 INFO Executor: Running task 10.0 in stage 1.0 (TID 30)
20/02/16 23:30:40 INFO FileScanRDD: Reading File path: file:///edw/Reviews/SourceCode/data/asin_reviews.json, range: 1342177280-1476395008, partition values: [empty row]
20/02/16 23:30:40 INFO FileScanRDD: Reading File path: file:///edw/Reviews/SourceCode/data/asin_reviews.json, range: 1207959552-1342177280, partition values: [empty row]
20/02/16 23:30:40 INFO Executor: Finished task 5.0 in stage 1.0 (TID 25). 1499 bytes result sent to driver
20/02/16 23:30:40 INFO TaskSetManager: Starting task 11.0 in stage 1.0 (TID 31, localhost, executor driver, partition 11, PROCESS_LOCAL, 8269 bytes)
20/02/16 23:30:40 INFO TaskSetManager: Finished task 5.0 in stage 1.0 (TID 25) in 8679 ms on localhost (executor driver) (8/20)
20/02/16 23:30:40 INFO Executor: Running task 11.0 in stage 1.0 (TID 31)
20/02/16 23:30:41 INFO FileScanRDD: Reading File path: file:///edw/Reviews/SourceCode/data/asin_reviews.json, range: 1476395008-1610612736, partition values: [empty row]
20/02/16 23:30:46 INFO Executor: Finished task 9.0 in stage 1.0 (TID 29). 1456 bytes result sent to driver
20/02/16 23:30:46 INFO TaskSetManager: Starting task 12.0 in stage 1.0 (TID 32, localhost, executor driver, partition 12, PROCESS_LOCAL, 8269 bytes)
20/02/16 23:30:46 INFO TaskSetManager: Finished task 9.0 in stage 1.0 (TID 29) in 6705 ms on localhost (executor driver) (9/20)
20/02/16 23:30:46 INFO Executor: Running task 12.0 in stage 1.0 (TID 32)
20/02/16 23:30:47 INFO FileScanRDD: Reading File path: file:///edw/Reviews/SourceCode/data/asin_reviews.json, range: 1610612736-1744830464, partition values: [empty row]
20/02/16 23:30:47 INFO Executor: Finished task 8.0 in stage 1.0 (TID 28). 1456 bytes result sent to driver
20/02/16 23:30:47 INFO TaskSetManager: Starting task 13.0 in stage 1.0 (TID 33, localhost, executor driver, partition 13, PROCESS_LOCAL, 8269 bytes)
20/02/16 23:30:47 INFO TaskSetManager: Finished task 8.0 in stage 1.0 (TID 28) in 8044 ms on localhost (executor driver) (10/20)
20/02/16 23:30:47 INFO Executor: Running task 13.0 in stage 1.0 (TID 33)
20/02/16 23:30:47 INFO Executor: Finished task 11.0 in stage 1.0 (TID 31). 1499 bytes result sent to driver
20/02/16 23:30:47 INFO TaskSetManager: Starting task 14.0 in stage 1.0 (TID 34, localhost, executor driver, partition 14, PROCESS_LOCAL, 8269 bytes)
20/02/16 23:30:47 INFO Executor: Running task 14.0 in stage 1.0 (TID 34)
20/02/16 23:30:47 INFO TaskSetManager: Finished task 11.0 in stage 1.0 (TID 31) in 6801 ms on localhost (executor driver) (11/20)
20/02/16 23:30:47 INFO FileScanRDD: Reading File path: file:///edw/Reviews/SourceCode/data/asin_reviews.json, range: 1879048192-2013265920, partition values: [empty row]
20/02/16 23:30:47 INFO FileScanRDD: Reading File path: file:///edw/Reviews/SourceCode/data/asin_reviews.json, range: 1744830464-1879048192, partition values: [empty row]
20/02/16 23:30:48 INFO Executor: Finished task 10.0 in stage 1.0 (TID 30). 1456 bytes result sent to driver
20/02/16 23:30:48 INFO TaskSetManager: Starting task 15.0 in stage 1.0 (TID 35, localhost, executor driver, partition 15, PROCESS_LOCAL, 8269 bytes)
20/02/16 23:30:48 INFO TaskSetManager: Finished task 10.0 in stage 1.0 (TID 30) in 8275 ms on localhost (executor driver) (12/20)
20/02/16 23:30:48 INFO Executor: Running task 15.0 in stage 1.0 (TID 35)
20/02/16 23:30:48 INFO FileScanRDD: Reading File path: file:///edw/Reviews/SourceCode/data/asin_reviews.json, range: 2013265920-2147483648, partition values: [empty row]
20/02/16 23:30:53 INFO Executor: Finished task 12.0 in stage 1.0 (TID 32). 1499 bytes result sent to driver
20/02/16 23:30:53 INFO TaskSetManager: Starting task 16.0 in stage 1.0 (TID 36, localhost, executor driver, partition 16, PROCESS_LOCAL, 8269 bytes)
20/02/16 23:30:53 INFO TaskSetManager: Finished task 12.0 in stage 1.0 (TID 32) in 7278 ms on localhost (executor driver) (13/20)
20/02/16 23:30:53 INFO Executor: Running task 16.0 in stage 1.0 (TID 36)
20/02/16 23:30:54 INFO FileScanRDD: Reading File path: file:///edw/Reviews/SourceCode/data/asin_reviews.json, range: 2147483648-2281701376, partition values: [empty row]
20/02/16 23:30:54 INFO Executor: Finished task 14.0 in stage 1.0 (TID 34). 1456 bytes result sent to driver
20/02/16 23:30:54 INFO TaskSetManager: Starting task 17.0 in stage 1.0 (TID 37, localhost, executor driver, partition 17, PROCESS_LOCAL, 8269 bytes)
20/02/16 23:30:54 INFO TaskSetManager: Finished task 14.0 in stage 1.0 (TID 34) in 6937 ms on localhost (executor driver) (14/20)
20/02/16 23:30:54 INFO Executor: Running task 17.0 in stage 1.0 (TID 37)
20/02/16 23:30:54 INFO FileScanRDD: Reading File path: file:///edw/Reviews/SourceCode/data/asin_reviews.json, range: 2281701376-2415919104, partition values: [empty row]
20/02/16 23:30:55 INFO Executor: Finished task 13.0 in stage 1.0 (TID 33). 1499 bytes result sent to driver
20/02/16 23:30:55 INFO TaskSetManager: Starting task 18.0 in stage 1.0 (TID 38, localhost, executor driver, partition 18, PROCESS_LOCAL, 8269 bytes)
20/02/16 23:30:55 INFO TaskSetManager: Finished task 13.0 in stage 1.0 (TID 33) in 7463 ms on localhost (executor driver) (15/20)
20/02/16 23:30:55 INFO Executor: Running task 18.0 in stage 1.0 (TID 38)
20/02/16 23:30:55 INFO FileScanRDD: Reading File path: file:///edw/Reviews/SourceCode/data/asin_reviews.json, range: 2415919104-2550136832, partition values: [empty row]
20/02/16 23:30:55 INFO Executor: Finished task 15.0 in stage 1.0 (TID 35). 1456 bytes result sent to driver
20/02/16 23:30:55 INFO TaskSetManager: Starting task 19.0 in stage 1.0 (TID 39, localhost, executor driver, partition 19, PROCESS_LOCAL, 8269 bytes)
20/02/16 23:30:55 INFO TaskSetManager: Finished task 15.0 in stage 1.0 (TID 35) in 7500 ms on localhost (executor driver) (16/20)
20/02/16 23:30:55 INFO Executor: Running task 19.0 in stage 1.0 (TID 39)
20/02/16 23:30:55 INFO FileScanRDD: Reading File path: file:///edw/Reviews/SourceCode/data/asin_reviews.json, range: 2550136832-2642365750, partition values: [empty row]
20/02/16 23:31:00 INFO Executor: Finished task 19.0 in stage 1.0 (TID 39). 1456 bytes result sent to driver
20/02/16 23:31:00 INFO TaskSetManager: Finished task 19.0 in stage 1.0 (TID 39) in 4778 ms on localhost (executor driver) (17/20)
20/02/16 23:31:00 INFO Executor: Finished task 16.0 in stage 1.0 (TID 36). 1456 bytes result sent to driver
20/02/16 23:31:00 INFO TaskSetManager: Finished task 16.0 in stage 1.0 (TID 36) in 7024 ms on localhost (executor driver) (18/20)
20/02/16 23:31:01 INFO Executor: Finished task 17.0 in stage 1.0 (TID 37). 1456 bytes result sent to driver
20/02/16 23:31:01 INFO TaskSetManager: Finished task 17.0 in stage 1.0 (TID 37) in 6549 ms on localhost (executor driver) (19/20)
20/02/16 23:31:01 INFO Executor: Finished task 18.0 in stage 1.0 (TID 38). 1456 bytes result sent to driver
20/02/16 23:31:01 INFO TaskSetManager: Finished task 18.0 in stage 1.0 (TID 38) in 6324 ms on localhost (executor driver) (20/20)
20/02/16 23:31:01 INFO TaskSchedulerImpl: Removed TaskSet 1.0, whose tasks have all completed, from pool 
20/02/16 23:31:01 INFO DAGScheduler: ResultStage 1 (jdbc at NativeMethodAccessorImpl.java:0) finished in 37.927 s
20/02/16 23:31:01 INFO DAGScheduler: Job 1 finished: jdbc at NativeMethodAccessorImpl.java:0, took 37.933962 s
20/02/16 23:31:02 INFO SparkContext: Invoking stop() from shutdown hook
20/02/16 23:31:02 INFO SparkUI: Stopped Spark web UI at http://192.168.1.25:4040
20/02/16 23:31:02 INFO MapOutputTrackerMasterEndpoint: MapOutputTrackerMasterEndpoint stopped!
20/02/16 23:31:03 INFO MemoryStore: MemoryStore cleared
20/02/16 23:31:03 INFO BlockManager: BlockManager stopped
20/02/16 23:31:03 INFO BlockManagerMaster: BlockManagerMaster stopped
20/02/16 23:31:03 INFO OutputCommitCoordinator$OutputCommitCoordinatorEndpoint: OutputCommitCoordinator stopped!
20/02/16 23:31:03 INFO SparkContext: Successfully stopped SparkContext
20/02/16 23:31:03 INFO ShutdownHookManager: Shutdown hook called
20/02/16 23:31:03 INFO ShutdownHookManager: Deleting directory /tmp/spark-d7ef22d9-dc3d-40d2-8e2b-c9b68a33a031
20/02/16 23:31:03 INFO ShutdownHookManager: Deleting directory /tmp/spark-d7ef22d9-dc3d-40d2-8e2b-c9b68a33a031/pyspark-907d9e2b-f159-485d-b074-05fbe2512b03
20/02/16 23:31:03 INFO ShutdownHookManager: Deleting directory /tmp/spark-b6ca2318-6f62-4049-9b47-3a993499edf1
###################################################################################################################################
###################################################################################################################################
Job completed successfully
###################################################################################################################################
###################################################################################################################################
