###################################################################################################################################
###################################################################################################################################
Load to stage in progress
###################################################################################################################################
###################################################################################################################################
20/02/15 23:57:40 WARN Utils: Your hostname, DESKTOP-502C4I4 resolves to a loopback address: 127.0.1.1; using 192.168.1.25 instead (on interface wifi0)
20/02/15 23:57:40 WARN Utils: Set SPARK_LOCAL_IP if you need to bind to another address
20/02/15 23:57:44 WARN NativeCodeLoader: Unable to load native-hadoop library for your platform... using builtin-java classes where applicable
Using Spark's default log4j profile: org/apache/spark/log4j-defaults.properties
20/02/15 23:57:59 INFO SparkContext: Running Spark version 2.4.5
20/02/15 23:57:59 INFO SparkContext: Submitted application: ReviewsOdsSession
20/02/15 23:58:00 INFO SecurityManager: Changing view acls to: devetluser
20/02/15 23:58:00 INFO SecurityManager: Changing modify acls to: devetluser
20/02/15 23:58:00 INFO SecurityManager: Changing view acls groups to: 
20/02/15 23:58:00 INFO SecurityManager: Changing modify acls groups to: 
20/02/15 23:58:00 INFO SecurityManager: SecurityManager: authentication disabled; ui acls disabled; users  with view permissions: Set(devetluser); groups with view permissions: Set(); users  with modify permissions: Set(devetluser); groups with modify permissions: Set()
20/02/15 23:58:02 INFO Utils: Successfully started service 'sparkDriver' on port 1346.
20/02/15 23:58:02 INFO SparkEnv: Registering MapOutputTracker
20/02/15 23:58:03 INFO SparkEnv: Registering BlockManagerMaster
20/02/15 23:58:03 INFO BlockManagerMasterEndpoint: Using org.apache.spark.storage.DefaultTopologyMapper for getting topology information
20/02/15 23:58:03 INFO BlockManagerMasterEndpoint: BlockManagerMasterEndpoint up
20/02/15 23:58:03 INFO DiskBlockManager: Created local directory at /tmp/blockmgr-c1169b6f-eb8f-45b5-9002-536d69d071bb
20/02/15 23:58:03 INFO MemoryStore: MemoryStore started with capacity 366.3 MB
20/02/15 23:58:03 INFO SparkEnv: Registering OutputCommitCoordinator
20/02/15 23:58:05 INFO Utils: Successfully started service 'SparkUI' on port 4040.
20/02/15 23:58:06 INFO SparkUI: Bound SparkUI to 0.0.0.0, and started at http://192.168.1.25:4040
20/02/15 23:58:08 INFO Executor: Starting executor ID driver on host localhost
20/02/15 23:58:11 INFO Utils: Successfully started service 'org.apache.spark.network.netty.NettyBlockTransferService' on port 1351.
20/02/15 23:58:11 INFO NettyBlockTransferService: Server created on 192.168.1.25:1351
20/02/15 23:58:11 INFO BlockManager: Using org.apache.spark.storage.RandomBlockReplicationPolicy for block replication policy
20/02/15 23:58:11 INFO BlockManagerMaster: Registering BlockManager BlockManagerId(driver, 192.168.1.25, 1351, None)
20/02/15 23:58:11 INFO BlockManagerMasterEndpoint: Registering block manager 192.168.1.25:1351 with 366.3 MB RAM, BlockManagerId(driver, 192.168.1.25, 1351, None)
20/02/15 23:58:11 INFO BlockManagerMaster: Registered BlockManager BlockManagerId(driver, 192.168.1.25, 1351, None)
20/02/15 23:58:11 INFO BlockManager: Initialized BlockManager: BlockManagerId(driver, 192.168.1.25, 1351, None)
20/02/15 23:58:18 INFO SharedState: Setting hive.metastore.warehouse.dir ('null') to the value of spark.sql.warehouse.dir ('file:/edw/Reviews/SourceCode/bash/spark-warehouse').
20/02/15 23:58:18 INFO SharedState: Warehouse path is 'file:/edw/Reviews/SourceCode/bash/spark-warehouse'.
20/02/15 23:58:34 INFO StateStoreCoordinatorRef: Registered StateStoreCoordinator endpoint
20/02/15 23:58:51 INFO InMemoryFileIndex: It took 1252 ms to list leaf files for 1 paths.
20/02/15 23:58:54 INFO InMemoryFileIndex: It took 2 ms to list leaf files for 1 paths.
20/02/15 23:59:16 INFO FileSourceStrategy: Pruning directories with: 
20/02/15 23:59:16 INFO FileSourceStrategy: Post-Scan Filters: 
20/02/15 23:59:16 INFO FileSourceStrategy: Output Data Schema: struct<value: string>
20/02/15 23:59:16 INFO FileSourceScanExec: Pushed Filters: 
20/02/15 23:59:22 INFO CodeGenerator: Code generated in 1049.8391 ms
20/02/15 23:59:24 INFO MemoryStore: Block broadcast_0 stored as values in memory (estimated size 282.9 KB, free 366.0 MB)
20/02/15 23:59:27 INFO MemoryStore: Block broadcast_0_piece0 stored as bytes in memory (estimated size 23.3 KB, free 366.0 MB)
20/02/15 23:59:27 INFO BlockManagerInfo: Added broadcast_0_piece0 in memory on 192.168.1.25:1351 (size: 23.3 KB, free: 366.3 MB)
20/02/15 23:59:28 INFO SparkContext: Created broadcast 0 from json at NativeMethodAccessorImpl.java:0
20/02/15 23:59:28 INFO FileSourceScanExec: Planning scan with bin packing, max size: 134217728 bytes, open cost is considered as scanning 4194304 bytes.
20/02/15 23:59:32 INFO SparkContext: Starting job: json at NativeMethodAccessorImpl.java:0
20/02/15 23:59:33 INFO DAGScheduler: Got job 0 (json at NativeMethodAccessorImpl.java:0) with 22 output partitions
20/02/15 23:59:33 INFO DAGScheduler: Final stage: ResultStage 0 (json at NativeMethodAccessorImpl.java:0)
20/02/15 23:59:33 INFO DAGScheduler: Parents of final stage: List()
20/02/15 23:59:33 INFO DAGScheduler: Missing parents: List()
20/02/15 23:59:33 INFO DAGScheduler: Submitting ResultStage 0 (MapPartitionsRDD[3] at json at NativeMethodAccessorImpl.java:0), which has no missing parents
20/02/15 23:59:34 INFO MemoryStore: Block broadcast_1 stored as values in memory (estimated size 11.6 KB, free 366.0 MB)
20/02/15 23:59:34 INFO MemoryStore: Block broadcast_1_piece0 stored as bytes in memory (estimated size 6.7 KB, free 366.0 MB)
20/02/15 23:59:34 INFO BlockManagerInfo: Added broadcast_1_piece0 in memory on 192.168.1.25:1351 (size: 6.7 KB, free: 366.3 MB)
20/02/15 23:59:34 INFO SparkContext: Created broadcast 1 from broadcast at DAGScheduler.scala:1163
20/02/15 23:59:34 INFO DAGScheduler: Submitting 22 missing tasks from ResultStage 0 (MapPartitionsRDD[3] at json at NativeMethodAccessorImpl.java:0) (first 15 tasks are for partitions Vector(0, 1, 2, 3, 4, 5, 6, 7, 8, 9, 10, 11, 12, 13, 14))
20/02/15 23:59:34 INFO TaskSchedulerImpl: Adding task set 0.0 with 22 tasks
20/02/15 23:59:34 INFO TaskSetManager: Starting task 0.0 in stage 0.0 (TID 0, localhost, executor driver, partition 0, PROCESS_LOCAL, 8269 bytes)
20/02/15 23:59:34 INFO TaskSetManager: Starting task 1.0 in stage 0.0 (TID 1, localhost, executor driver, partition 1, PROCESS_LOCAL, 8269 bytes)
20/02/15 23:59:34 INFO TaskSetManager: Starting task 2.0 in stage 0.0 (TID 2, localhost, executor driver, partition 2, PROCESS_LOCAL, 8269 bytes)
20/02/15 23:59:34 INFO TaskSetManager: Starting task 3.0 in stage 0.0 (TID 3, localhost, executor driver, partition 3, PROCESS_LOCAL, 8269 bytes)
20/02/15 23:59:34 INFO Executor: Running task 1.0 in stage 0.0 (TID 1)
20/02/15 23:59:34 INFO Executor: Running task 2.0 in stage 0.0 (TID 2)
20/02/15 23:59:34 INFO Executor: Running task 0.0 in stage 0.0 (TID 0)
20/02/15 23:59:34 INFO Executor: Running task 3.0 in stage 0.0 (TID 3)
20/02/15 23:59:35 INFO FileScanRDD: Reading File path: file:///edw/Reviews/SourceCode/data/asin_reviews.json, range: 134217728-268435456, partition values: [empty row]
20/02/15 23:59:35 INFO FileScanRDD: Reading File path: file:///edw/Reviews/SourceCode/data/asin_reviews.json, range: 402653184-536870912, partition values: [empty row]
20/02/15 23:59:35 INFO FileScanRDD: Reading File path: file:///edw/Reviews/SourceCode/data/asin_reviews.json, range: 0-134217728, partition values: [empty row]
20/02/15 23:59:35 INFO FileScanRDD: Reading File path: file:///edw/Reviews/SourceCode/data/asin_reviews.json, range: 268435456-402653184, partition values: [empty row]
20/02/15 23:59:35 INFO CodeGenerator: Code generated in 28.1107 ms
20/02/16 00:00:08 INFO Executor: Finished task 1.0 in stage 0.0 (TID 1). 2350 bytes result sent to driver
20/02/16 00:00:08 INFO Executor: Finished task 2.0 in stage 0.0 (TID 2). 2350 bytes result sent to driver
20/02/16 00:00:08 INFO TaskSetManager: Starting task 4.0 in stage 0.0 (TID 4, localhost, executor driver, partition 4, PROCESS_LOCAL, 8269 bytes)
20/02/16 00:00:08 INFO Executor: Running task 4.0 in stage 0.0 (TID 4)
20/02/16 00:00:08 INFO TaskSetManager: Starting task 5.0 in stage 0.0 (TID 5, localhost, executor driver, partition 5, PROCESS_LOCAL, 8269 bytes)
20/02/16 00:00:08 INFO Executor: Running task 5.0 in stage 0.0 (TID 5)
20/02/16 00:00:08 INFO FileScanRDD: Reading File path: file:///edw/Reviews/SourceCode/data/asin_reviews.json, range: 671088640-805306368, partition values: [empty row]
20/02/16 00:00:08 INFO FileScanRDD: Reading File path: file:///edw/Reviews/SourceCode/data/asin_reviews.json, range: 536870912-671088640, partition values: [empty row]
20/02/16 00:00:08 INFO TaskSetManager: Finished task 2.0 in stage 0.0 (TID 2) in 33877 ms on localhost (executor driver) (1/22)
20/02/16 00:00:09 INFO TaskSetManager: Finished task 1.0 in stage 0.0 (TID 1) in 34244 ms on localhost (executor driver) (2/22)
20/02/16 00:00:54 INFO Executor: Finished task 3.0 in stage 0.0 (TID 3). 2307 bytes result sent to driver
20/02/16 00:00:54 INFO TaskSetManager: Starting task 6.0 in stage 0.0 (TID 6, localhost, executor driver, partition 6, PROCESS_LOCAL, 8269 bytes)
20/02/16 00:00:54 INFO TaskSetManager: Finished task 3.0 in stage 0.0 (TID 3) in 79554 ms on localhost (executor driver) (3/22)
20/02/16 00:00:54 INFO Executor: Running task 6.0 in stage 0.0 (TID 6)
20/02/16 00:00:54 INFO FileScanRDD: Reading File path: file:///edw/Reviews/SourceCode/data/asin_reviews.json, range: 805306368-939524096, partition values: [empty row]
20/02/16 00:01:16 INFO Executor: Finished task 0.0 in stage 0.0 (TID 0). 2307 bytes result sent to driver
20/02/16 00:01:16 INFO TaskSetManager: Starting task 7.0 in stage 0.0 (TID 7, localhost, executor driver, partition 7, PROCESS_LOCAL, 8269 bytes)
20/02/16 00:01:16 INFO Executor: Running task 7.0 in stage 0.0 (TID 7)
20/02/16 00:01:16 INFO TaskSetManager: Finished task 0.0 in stage 0.0 (TID 0) in 101563 ms on localhost (executor driver) (4/22)
20/02/16 00:01:16 INFO FileScanRDD: Reading File path: file:///edw/Reviews/SourceCode/data/asin_reviews.json, range: 939524096-1073741824, partition values: [empty row]
20/02/16 00:01:21 INFO Executor: Finished task 4.0 in stage 0.0 (TID 4). 2307 bytes result sent to driver
20/02/16 00:01:21 INFO TaskSetManager: Starting task 8.0 in stage 0.0 (TID 8, localhost, executor driver, partition 8, PROCESS_LOCAL, 8269 bytes)
20/02/16 00:01:21 INFO TaskSetManager: Finished task 4.0 in stage 0.0 (TID 4) in 73005 ms on localhost (executor driver) (5/22)
20/02/16 00:01:21 INFO Executor: Running task 8.0 in stage 0.0 (TID 8)
20/02/16 00:01:21 INFO FileScanRDD: Reading File path: file:///edw/Reviews/SourceCode/data/asin_reviews.json, range: 1073741824-1207959552, partition values: [empty row]
20/02/16 00:01:23 INFO Executor: Finished task 5.0 in stage 0.0 (TID 5). 2264 bytes result sent to driver
20/02/16 00:01:23 INFO TaskSetManager: Starting task 9.0 in stage 0.0 (TID 9, localhost, executor driver, partition 9, PROCESS_LOCAL, 8269 bytes)
20/02/16 00:01:23 INFO TaskSetManager: Finished task 5.0 in stage 0.0 (TID 5) in 75115 ms on localhost (executor driver) (6/22)
20/02/16 00:01:23 INFO Executor: Running task 9.0 in stage 0.0 (TID 9)
20/02/16 00:01:23 INFO FileScanRDD: Reading File path: file:///edw/Reviews/SourceCode/data/asin_reviews.json, range: 1207959552-1342177280, partition values: [empty row]
20/02/16 00:01:54 INFO Executor: Finished task 7.0 in stage 0.0 (TID 7). 2307 bytes result sent to driver
20/02/16 00:01:54 INFO TaskSetManager: Starting task 10.0 in stage 0.0 (TID 10, localhost, executor driver, partition 10, PROCESS_LOCAL, 8269 bytes)
20/02/16 00:01:54 INFO TaskSetManager: Finished task 7.0 in stage 0.0 (TID 7) in 37843 ms on localhost (executor driver) (7/22)
20/02/16 00:01:54 INFO Executor: Running task 10.0 in stage 0.0 (TID 10)
20/02/16 00:01:54 INFO FileScanRDD: Reading File path: file:///edw/Reviews/SourceCode/data/asin_reviews.json, range: 1342177280-1476395008, partition values: [empty row]
20/02/16 00:01:59 INFO Executor: Finished task 9.0 in stage 0.0 (TID 9). 2307 bytes result sent to driver
20/02/16 00:01:59 INFO TaskSetManager: Starting task 11.0 in stage 0.0 (TID 11, localhost, executor driver, partition 11, PROCESS_LOCAL, 8269 bytes)
20/02/16 00:01:59 INFO Executor: Running task 11.0 in stage 0.0 (TID 11)
20/02/16 00:01:59 INFO TaskSetManager: Finished task 9.0 in stage 0.0 (TID 9) in 35971 ms on localhost (executor driver) (8/22)
20/02/16 00:01:59 INFO FileScanRDD: Reading File path: file:///edw/Reviews/SourceCode/data/asin_reviews.json, range: 1476395008-1610612736, partition values: [empty row]
20/02/16 00:02:09 INFO Executor: Finished task 8.0 in stage 0.0 (TID 8). 2307 bytes result sent to driver
20/02/16 00:02:09 INFO TaskSetManager: Starting task 12.0 in stage 0.0 (TID 12, localhost, executor driver, partition 12, PROCESS_LOCAL, 8269 bytes)
20/02/16 00:02:09 INFO TaskSetManager: Finished task 8.0 in stage 0.0 (TID 8) in 48105 ms on localhost (executor driver) (9/22)
20/02/16 00:02:09 INFO Executor: Running task 12.0 in stage 0.0 (TID 12)
20/02/16 00:02:09 INFO FileScanRDD: Reading File path: file:///edw/Reviews/SourceCode/data/asin_reviews.json, range: 1610612736-1744830464, partition values: [empty row]
20/02/16 00:02:12 INFO Executor: Finished task 6.0 in stage 0.0 (TID 6). 2307 bytes result sent to driver
20/02/16 00:02:12 INFO TaskSetManager: Starting task 13.0 in stage 0.0 (TID 13, localhost, executor driver, partition 13, PROCESS_LOCAL, 8269 bytes)
20/02/16 00:02:12 INFO TaskSetManager: Finished task 6.0 in stage 0.0 (TID 6) in 78297 ms on localhost (executor driver) (10/22)
20/02/16 00:02:12 INFO Executor: Running task 13.0 in stage 0.0 (TID 13)
20/02/16 00:02:12 INFO FileScanRDD: Reading File path: file:///edw/Reviews/SourceCode/data/asin_reviews.json, range: 1744830464-1879048192, partition values: [empty row]
20/02/16 00:02:12 INFO Executor: Finished task 10.0 in stage 0.0 (TID 10). 2264 bytes result sent to driver
20/02/16 00:02:12 INFO TaskSetManager: Starting task 14.0 in stage 0.0 (TID 14, localhost, executor driver, partition 14, PROCESS_LOCAL, 8269 bytes)
20/02/16 00:02:12 INFO TaskSetManager: Finished task 10.0 in stage 0.0 (TID 10) in 18769 ms on localhost (executor driver) (11/22)
20/02/16 00:02:12 INFO Executor: Running task 14.0 in stage 0.0 (TID 14)
20/02/16 00:02:12 INFO FileScanRDD: Reading File path: file:///edw/Reviews/SourceCode/data/asin_reviews.json, range: 1879048192-2013265920, partition values: [empty row]
20/02/16 00:02:19 INFO Executor: Finished task 11.0 in stage 0.0 (TID 11). 2307 bytes result sent to driver
20/02/16 00:02:19 INFO TaskSetManager: Starting task 15.0 in stage 0.0 (TID 15, localhost, executor driver, partition 15, PROCESS_LOCAL, 8269 bytes)
20/02/16 00:02:19 INFO Executor: Running task 15.0 in stage 0.0 (TID 15)
20/02/16 00:02:19 INFO TaskSetManager: Finished task 11.0 in stage 0.0 (TID 11) in 20130 ms on localhost (executor driver) (12/22)
20/02/16 00:02:19 INFO FileScanRDD: Reading File path: file:///edw/Reviews/SourceCode/data/asin_reviews.json, range: 2013265920-2147483648, partition values: [empty row]
20/02/16 00:02:48 INFO Executor: Finished task 12.0 in stage 0.0 (TID 12). 2264 bytes result sent to driver
20/02/16 00:02:48 INFO TaskSetManager: Starting task 16.0 in stage 0.0 (TID 16, localhost, executor driver, partition 16, PROCESS_LOCAL, 8269 bytes)
20/02/16 00:02:48 INFO Executor: Running task 16.0 in stage 0.0 (TID 16)
20/02/16 00:02:48 INFO TaskSetManager: Finished task 12.0 in stage 0.0 (TID 12) in 38711 ms on localhost (executor driver) (13/22)
20/02/16 00:02:48 INFO FileScanRDD: Reading File path: file:///edw/Reviews/SourceCode/data/asin_reviews.json, range: 2147483648-2281701376, partition values: [empty row]
20/02/16 00:03:08 INFO Executor: Finished task 13.0 in stage 0.0 (TID 13). 2264 bytes result sent to driver
20/02/16 00:03:08 INFO TaskSetManager: Starting task 17.0 in stage 0.0 (TID 17, localhost, executor driver, partition 17, PROCESS_LOCAL, 8269 bytes)
20/02/16 00:03:08 INFO TaskSetManager: Finished task 13.0 in stage 0.0 (TID 13) in 55413 ms on localhost (executor driver) (14/22)
20/02/16 00:03:08 INFO Executor: Running task 17.0 in stage 0.0 (TID 17)
20/02/16 00:03:08 INFO FileScanRDD: Reading File path: file:///edw/Reviews/SourceCode/data/asin_reviews.json, range: 2281701376-2415919104, partition values: [empty row]
20/02/16 00:03:10 INFO Executor: Finished task 14.0 in stage 0.0 (TID 14). 2350 bytes result sent to driver
20/02/16 00:03:10 INFO TaskSetManager: Starting task 18.0 in stage 0.0 (TID 18, localhost, executor driver, partition 18, PROCESS_LOCAL, 8269 bytes)
20/02/16 00:03:10 INFO Executor: Running task 18.0 in stage 0.0 (TID 18)
20/02/16 00:03:10 INFO TaskSetManager: Finished task 14.0 in stage 0.0 (TID 14) in 58029 ms on localhost (executor driver) (15/22)
20/02/16 00:03:10 INFO FileScanRDD: Reading File path: file:///edw/Reviews/SourceCode/data/asin_reviews.json, range: 2415919104-2550136832, partition values: [empty row]
20/02/16 00:03:25 INFO Executor: Finished task 16.0 in stage 0.0 (TID 16). 2264 bytes result sent to driver
20/02/16 00:03:25 INFO TaskSetManager: Starting task 19.0 in stage 0.0 (TID 19, localhost, executor driver, partition 19, PROCESS_LOCAL, 8269 bytes)
20/02/16 00:03:25 INFO TaskSetManager: Finished task 16.0 in stage 0.0 (TID 16) in 36934 ms on localhost (executor driver) (16/22)
20/02/16 00:03:25 INFO Executor: Running task 19.0 in stage 0.0 (TID 19)
20/02/16 00:03:25 INFO FileScanRDD: Reading File path: file:///edw/Reviews/SourceCode/data/asin_reviews.json, range: 2550136832-2684354560, partition values: [empty row]
20/02/16 00:03:29 INFO Executor: Finished task 15.0 in stage 0.0 (TID 15). 2307 bytes result sent to driver
20/02/16 00:03:29 INFO TaskSetManager: Starting task 20.0 in stage 0.0 (TID 20, localhost, executor driver, partition 20, PROCESS_LOCAL, 8269 bytes)
20/02/16 00:03:29 INFO Executor: Running task 20.0 in stage 0.0 (TID 20)
20/02/16 00:03:29 INFO TaskSetManager: Finished task 15.0 in stage 0.0 (TID 15) in 69685 ms on localhost (executor driver) (17/22)
20/02/16 00:03:29 INFO FileScanRDD: Reading File path: file:///edw/Reviews/SourceCode/data/asin_reviews.json, range: 2684354560-2818572288, partition values: [empty row]
20/02/16 00:03:39 INFO Executor: Finished task 17.0 in stage 0.0 (TID 17). 2307 bytes result sent to driver
20/02/16 00:03:39 INFO TaskSetManager: Starting task 21.0 in stage 0.0 (TID 21, localhost, executor driver, partition 21, PROCESS_LOCAL, 8269 bytes)
20/02/16 00:03:39 INFO Executor: Running task 21.0 in stage 0.0 (TID 21)
20/02/16 00:03:39 INFO TaskSetManager: Finished task 17.0 in stage 0.0 (TID 17) in 31349 ms on localhost (executor driver) (18/22)
20/02/16 00:03:39 INFO FileScanRDD: Reading File path: file:///edw/Reviews/SourceCode/data/asin_reviews.json, range: 2818572288-2915386900, partition values: [empty row]
20/02/16 00:03:55 INFO Executor: Finished task 18.0 in stage 0.0 (TID 18). 2264 bytes result sent to driver
20/02/16 00:03:56 INFO TaskSetManager: Finished task 18.0 in stage 0.0 (TID 18) in 45368 ms on localhost (executor driver) (19/22)
20/02/16 00:04:03 INFO Executor: Finished task 19.0 in stage 0.0 (TID 19). 2264 bytes result sent to driver
20/02/16 00:04:03 INFO TaskSetManager: Finished task 19.0 in stage 0.0 (TID 19) in 37990 ms on localhost (executor driver) (20/22)
20/02/16 00:04:05 INFO Executor: Finished task 20.0 in stage 0.0 (TID 20). 2264 bytes result sent to driver
20/02/16 00:04:05 INFO TaskSetManager: Finished task 20.0 in stage 0.0 (TID 20) in 36175 ms on localhost (executor driver) (21/22)
20/02/16 00:04:09 INFO Executor: Finished task 21.0 in stage 0.0 (TID 21). 2307 bytes result sent to driver
20/02/16 00:04:09 INFO TaskSetManager: Finished task 21.0 in stage 0.0 (TID 21) in 30538 ms on localhost (executor driver) (22/22)
20/02/16 00:04:10 INFO TaskSchedulerImpl: Removed TaskSet 0.0, whose tasks have all completed, from pool 
20/02/16 00:04:10 INFO DAGScheduler: ResultStage 0 (json at NativeMethodAccessorImpl.java:0) finished in 275.865 s
20/02/16 00:04:10 INFO DAGScheduler: Job 0 finished: json at NativeMethodAccessorImpl.java:0, took 277.779986 s
20/02/16 00:04:18 INFO FileSourceStrategy: Pruning directories with: 
20/02/16 00:04:18 INFO FileSourceStrategy: Post-Scan Filters: 
20/02/16 00:04:18 INFO FileSourceStrategy: Output Data Schema: struct<asin: string, overall: double, reviewerID: string, reviewerName: string, unixReviewTime: bigint ... 3 more fields>
20/02/16 00:04:18 INFO FileSourceScanExec: Pushed Filters: 
20/02/16 00:04:18 INFO CodeGenerator: Code generated in 70.2045 ms
20/02/16 00:04:18 INFO MemoryStore: Block broadcast_2 stored as values in memory (estimated size 282.9 KB, free 365.7 MB)
20/02/16 00:04:18 INFO MemoryStore: Block broadcast_2_piece0 stored as bytes in memory (estimated size 23.3 KB, free 365.7 MB)
20/02/16 00:04:18 INFO BlockManagerInfo: Added broadcast_2_piece0 in memory on 192.168.1.25:1351 (size: 23.3 KB, free: 366.2 MB)
20/02/16 00:04:18 INFO SparkContext: Created broadcast 2 from jdbc at NativeMethodAccessorImpl.java:0
20/02/16 00:04:18 INFO FileSourceScanExec: Planning scan with bin packing, max size: 134217728 bytes, open cost is considered as scanning 4194304 bytes.
20/02/16 00:04:19 INFO SparkContext: Starting job: jdbc at NativeMethodAccessorImpl.java:0
20/02/16 00:04:19 INFO DAGScheduler: Got job 1 (jdbc at NativeMethodAccessorImpl.java:0) with 22 output partitions
20/02/16 00:04:19 INFO DAGScheduler: Final stage: ResultStage 1 (jdbc at NativeMethodAccessorImpl.java:0)
20/02/16 00:04:19 INFO DAGScheduler: Parents of final stage: List()
20/02/16 00:04:19 INFO DAGScheduler: Missing parents: List()
20/02/16 00:04:19 INFO DAGScheduler: Submitting ResultStage 1 (MapPartitionsRDD[8] at jdbc at NativeMethodAccessorImpl.java:0), which has no missing parents
20/02/16 00:04:19 INFO MemoryStore: Block broadcast_3 stored as values in memory (estimated size 64.3 KB, free 365.6 MB)
20/02/16 00:04:19 INFO MemoryStore: Block broadcast_3_piece0 stored as bytes in memory (estimated size 29.5 KB, free 365.6 MB)
20/02/16 00:04:19 INFO BlockManagerInfo: Added broadcast_3_piece0 in memory on 192.168.1.25:1351 (size: 29.5 KB, free: 366.2 MB)
20/02/16 00:04:19 INFO SparkContext: Created broadcast 3 from broadcast at DAGScheduler.scala:1163
20/02/16 00:04:19 INFO DAGScheduler: Submitting 22 missing tasks from ResultStage 1 (MapPartitionsRDD[8] at jdbc at NativeMethodAccessorImpl.java:0) (first 15 tasks are for partitions Vector(0, 1, 2, 3, 4, 5, 6, 7, 8, 9, 10, 11, 12, 13, 14))
20/02/16 00:04:19 INFO TaskSchedulerImpl: Adding task set 1.0 with 22 tasks
20/02/16 00:04:19 INFO TaskSetManager: Starting task 0.0 in stage 1.0 (TID 22, localhost, executor driver, partition 0, PROCESS_LOCAL, 8269 bytes)
20/02/16 00:04:19 INFO TaskSetManager: Starting task 1.0 in stage 1.0 (TID 23, localhost, executor driver, partition 1, PROCESS_LOCAL, 8269 bytes)
20/02/16 00:04:19 INFO TaskSetManager: Starting task 2.0 in stage 1.0 (TID 24, localhost, executor driver, partition 2, PROCESS_LOCAL, 8269 bytes)
20/02/16 00:04:19 INFO TaskSetManager: Starting task 3.0 in stage 1.0 (TID 25, localhost, executor driver, partition 3, PROCESS_LOCAL, 8269 bytes)
20/02/16 00:04:19 INFO Executor: Running task 1.0 in stage 1.0 (TID 23)
20/02/16 00:04:19 INFO Executor: Running task 0.0 in stage 1.0 (TID 22)
20/02/16 00:04:19 INFO Executor: Running task 2.0 in stage 1.0 (TID 24)
20/02/16 00:04:19 INFO Executor: Running task 3.0 in stage 1.0 (TID 25)
20/02/16 00:04:19 INFO CodeGenerator: Code generated in 55.1108 ms
20/02/16 00:04:20 ERROR Executor: Exception in task 2.0 in stage 1.0 (TID 24)
org.postgresql.util.PSQLException: Connection to 127.0.0.1:5432 refused. Check that the hostname and port are correct and that the postmaster is accepting TCP/IP connections.
	at org.postgresql.core.v3.ConnectionFactoryImpl.openConnectionImpl(ConnectionFactoryImpl.java:284)
	at org.postgresql.core.ConnectionFactory.openConnection(ConnectionFactory.java:49)
	at org.postgresql.jdbc.PgConnection.<init>(PgConnection.java:211)
	at org.postgresql.Driver.makeConnection(Driver.java:459)
	at org.postgresql.Driver.connect(Driver.java:261)
	at org.apache.spark.sql.execution.datasources.jdbc.JdbcUtils$$anonfun$createConnectionFactory$1.apply(JdbcUtils.scala:63)
	at org.apache.spark.sql.execution.datasources.jdbc.JdbcUtils$$anonfun$createConnectionFactory$1.apply(JdbcUtils.scala:54)
	at org.apache.spark.sql.execution.datasources.jdbc.JdbcUtils$.savePartition(JdbcUtils.scala:614)
	at org.apache.spark.sql.execution.datasources.jdbc.JdbcUtils$$anonfun$saveTable$1.apply(JdbcUtils.scala:838)
	at org.apache.spark.sql.execution.datasources.jdbc.JdbcUtils$$anonfun$saveTable$1.apply(JdbcUtils.scala:838)
	at org.apache.spark.rdd.RDD$$anonfun$foreachPartition$1$$anonfun$apply$28.apply(RDD.scala:980)
	at org.apache.spark.rdd.RDD$$anonfun$foreachPartition$1$$anonfun$apply$28.apply(RDD.scala:980)
	at org.apache.spark.SparkContext$$anonfun$runJob$5.apply(SparkContext.scala:2101)
	at org.apache.spark.SparkContext$$anonfun$runJob$5.apply(SparkContext.scala:2101)
	at org.apache.spark.scheduler.ResultTask.runTask(ResultTask.scala:90)
	at org.apache.spark.scheduler.Task.run(Task.scala:123)
	at org.apache.spark.executor.Executor$TaskRunner$$anonfun$10.apply(Executor.scala:408)
	at org.apache.spark.util.Utils$.tryWithSafeFinally(Utils.scala:1360)
	at org.apache.spark.executor.Executor$TaskRunner.run(Executor.scala:414)
	at java.util.concurrent.ThreadPoolExecutor.runWorker(ThreadPoolExecutor.java:1149)
	at java.util.concurrent.ThreadPoolExecutor$Worker.run(ThreadPoolExecutor.java:624)
	at java.lang.Thread.run(Thread.java:748)
Caused by: java.net.ConnectException: Connection refused (Connection refused)
	at java.net.PlainSocketImpl.socketConnect(Native Method)
	at java.net.AbstractPlainSocketImpl.doConnect(AbstractPlainSocketImpl.java:350)
	at java.net.AbstractPlainSocketImpl.connectToAddress(AbstractPlainSocketImpl.java:206)
	at java.net.AbstractPlainSocketImpl.connect(AbstractPlainSocketImpl.java:188)
	at java.net.SocksSocketImpl.connect(SocksSocketImpl.java:392)
	at java.net.Socket.connect(Socket.java:607)
	at org.postgresql.core.PGStream.<init>(PGStream.java:81)
	at org.postgresql.core.v3.ConnectionFactoryImpl.tryConnect(ConnectionFactoryImpl.java:92)
	at org.postgresql.core.v3.ConnectionFactoryImpl.openConnectionImpl(ConnectionFactoryImpl.java:196)
	... 21 more
20/02/16 00:04:20 INFO FileScanRDD: Reading File path: file:///edw/Reviews/SourceCode/data/asin_reviews.json, range: 134217728-268435456, partition values: [empty row]
20/02/16 00:04:20 INFO FileScanRDD: Reading File path: file:///edw/Reviews/SourceCode/data/asin_reviews.json, range: 402653184-536870912, partition values: [empty row]
20/02/16 00:04:20 INFO FileScanRDD: Reading File path: file:///edw/Reviews/SourceCode/data/asin_reviews.json, range: 0-134217728, partition values: [empty row]
20/02/16 00:04:20 INFO CodeGenerator: Code generated in 70.3548 ms
20/02/16 00:04:20 INFO TaskSetManager: Starting task 4.0 in stage 1.0 (TID 26, localhost, executor driver, partition 4, PROCESS_LOCAL, 8269 bytes)
20/02/16 00:04:20 INFO Executor: Running task 4.0 in stage 1.0 (TID 26)
20/02/16 00:04:20 WARN TaskSetManager: Lost task 2.0 in stage 1.0 (TID 24, localhost, executor driver): org.postgresql.util.PSQLException: Connection to 127.0.0.1:5432 refused. Check that the hostname and port are correct and that the postmaster is accepting TCP/IP connections.
	at org.postgresql.core.v3.ConnectionFactoryImpl.openConnectionImpl(ConnectionFactoryImpl.java:284)
	at org.postgresql.core.ConnectionFactory.openConnection(ConnectionFactory.java:49)
	at org.postgresql.jdbc.PgConnection.<init>(PgConnection.java:211)
	at org.postgresql.Driver.makeConnection(Driver.java:459)
	at org.postgresql.Driver.connect(Driver.java:261)
	at org.apache.spark.sql.execution.datasources.jdbc.JdbcUtils$$anonfun$createConnectionFactory$1.apply(JdbcUtils.scala:63)
	at org.apache.spark.sql.execution.datasources.jdbc.JdbcUtils$$anonfun$createConnectionFactory$1.apply(JdbcUtils.scala:54)
	at org.apache.spark.sql.execution.datasources.jdbc.JdbcUtils$.savePartition(JdbcUtils.scala:614)
	at org.apache.spark.sql.execution.datasources.jdbc.JdbcUtils$$anonfun$saveTable$1.apply(JdbcUtils.scala:838)
	at org.apache.spark.sql.execution.datasources.jdbc.JdbcUtils$$anonfun$saveTable$1.apply(JdbcUtils.scala:838)
	at org.apache.spark.rdd.RDD$$anonfun$foreachPartition$1$$anonfun$apply$28.apply(RDD.scala:980)
	at org.apache.spark.rdd.RDD$$anonfun$foreachPartition$1$$anonfun$apply$28.apply(RDD.scala:980)
	at org.apache.spark.SparkContext$$anonfun$runJob$5.apply(SparkContext.scala:2101)
	at org.apache.spark.SparkContext$$anonfun$runJob$5.apply(SparkContext.scala:2101)
	at org.apache.spark.scheduler.ResultTask.runTask(ResultTask.scala:90)
	at org.apache.spark.scheduler.Task.run(Task.scala:123)
	at org.apache.spark.executor.Executor$TaskRunner$$anonfun$10.apply(Executor.scala:408)
	at org.apache.spark.util.Utils$.tryWithSafeFinally(Utils.scala:1360)
	at org.apache.spark.executor.Executor$TaskRunner.run(Executor.scala:414)
	at java.util.concurrent.ThreadPoolExecutor.runWorker(ThreadPoolExecutor.java:1149)
	at java.util.concurrent.ThreadPoolExecutor$Worker.run(ThreadPoolExecutor.java:624)
	at java.lang.Thread.run(Thread.java:748)
Caused by: java.net.ConnectException: Connection refused (Connection refused)
	at java.net.PlainSocketImpl.socketConnect(Native Method)
	at java.net.AbstractPlainSocketImpl.doConnect(AbstractPlainSocketImpl.java:350)
	at java.net.AbstractPlainSocketImpl.connectToAddress(AbstractPlainSocketImpl.java:206)
	at java.net.AbstractPlainSocketImpl.connect(AbstractPlainSocketImpl.java:188)
	at java.net.SocksSocketImpl.connect(SocksSocketImpl.java:392)
	at java.net.Socket.connect(Socket.java:607)
	at org.postgresql.core.PGStream.<init>(PGStream.java:81)
	at org.postgresql.core.v3.ConnectionFactoryImpl.tryConnect(ConnectionFactoryImpl.java:92)
	at org.postgresql.core.v3.ConnectionFactoryImpl.openConnectionImpl(ConnectionFactoryImpl.java:196)
	... 21 more

20/02/16 00:04:20 ERROR TaskSetManager: Task 2 in stage 1.0 failed 1 times; aborting job
20/02/16 00:04:20 INFO FileScanRDD: Reading File path: file:///edw/Reviews/SourceCode/data/asin_reviews.json, range: 536870912-671088640, partition values: [empty row]
20/02/16 00:04:20 INFO TaskSchedulerImpl: Cancelling stage 1
20/02/16 00:04:20 INFO TaskSchedulerImpl: Killing all running tasks in stage 1: Stage cancelled
20/02/16 00:04:21 INFO Executor: Executor is trying to kill task 3.0 in stage 1.0 (TID 25), reason: Stage cancelled
20/02/16 00:04:21 INFO Executor: Executor is trying to kill task 0.0 in stage 1.0 (TID 22), reason: Stage cancelled
20/02/16 00:04:21 INFO Executor: Executor is trying to kill task 4.0 in stage 1.0 (TID 26), reason: Stage cancelled
20/02/16 00:04:21 INFO Executor: Executor is trying to kill task 1.0 in stage 1.0 (TID 23), reason: Stage cancelled
20/02/16 00:04:21 INFO TaskSchedulerImpl: Stage 1 was cancelled
20/02/16 00:04:21 INFO DAGScheduler: ResultStage 1 (jdbc at NativeMethodAccessorImpl.java:0) failed in 1.819 s due to Job aborted due to stage failure: Task 2 in stage 1.0 failed 1 times, most recent failure: Lost task 2.0 in stage 1.0 (TID 24, localhost, executor driver): org.postgresql.util.PSQLException: Connection to 127.0.0.1:5432 refused. Check that the hostname and port are correct and that the postmaster is accepting TCP/IP connections.
	at org.postgresql.core.v3.ConnectionFactoryImpl.openConnectionImpl(ConnectionFactoryImpl.java:284)
	at org.postgresql.core.ConnectionFactory.openConnection(ConnectionFactory.java:49)
	at org.postgresql.jdbc.PgConnection.<init>(PgConnection.java:211)
	at org.postgresql.Driver.makeConnection(Driver.java:459)
	at org.postgresql.Driver.connect(Driver.java:261)
	at org.apache.spark.sql.execution.datasources.jdbc.JdbcUtils$$anonfun$createConnectionFactory$1.apply(JdbcUtils.scala:63)
	at org.apache.spark.sql.execution.datasources.jdbc.JdbcUtils$$anonfun$createConnectionFactory$1.apply(JdbcUtils.scala:54)
	at org.apache.spark.sql.execution.datasources.jdbc.JdbcUtils$.savePartition(JdbcUtils.scala:614)
	at org.apache.spark.sql.execution.datasources.jdbc.JdbcUtils$$anonfun$saveTable$1.apply(JdbcUtils.scala:838)
	at org.apache.spark.sql.execution.datasources.jdbc.JdbcUtils$$anonfun$saveTable$1.apply(JdbcUtils.scala:838)
	at org.apache.spark.rdd.RDD$$anonfun$foreachPartition$1$$anonfun$apply$28.apply(RDD.scala:980)
	at org.apache.spark.rdd.RDD$$anonfun$foreachPartition$1$$anonfun$apply$28.apply(RDD.scala:980)
	at org.apache.spark.SparkContext$$anonfun$runJob$5.apply(SparkContext.scala:2101)
	at org.apache.spark.SparkContext$$anonfun$runJob$5.apply(SparkContext.scala:2101)
	at org.apache.spark.scheduler.ResultTask.runTask(ResultTask.scala:90)
	at org.apache.spark.scheduler.Task.run(Task.scala:123)
	at org.apache.spark.executor.Executor$TaskRunner$$anonfun$10.apply(Executor.scala:408)
	at org.apache.spark.util.Utils$.tryWithSafeFinally(Utils.scala:1360)
	at org.apache.spark.executor.Executor$TaskRunner.run(Executor.scala:414)
	at java.util.concurrent.ThreadPoolExecutor.runWorker(ThreadPoolExecutor.java:1149)
	at java.util.concurrent.ThreadPoolExecutor$Worker.run(ThreadPoolExecutor.java:624)
	at java.lang.Thread.run(Thread.java:748)
Caused by: java.net.ConnectException: Connection refused (Connection refused)
	at java.net.PlainSocketImpl.socketConnect(Native Method)
	at java.net.AbstractPlainSocketImpl.doConnect(AbstractPlainSocketImpl.java:350)
	at java.net.AbstractPlainSocketImpl.connectToAddress(AbstractPlainSocketImpl.java:206)
	at java.net.AbstractPlainSocketImpl.connect(AbstractPlainSocketImpl.java:188)
	at java.net.SocksSocketImpl.connect(SocksSocketImpl.java:392)
	at java.net.Socket.connect(Socket.java:607)
	at org.postgresql.core.PGStream.<init>(PGStream.java:81)
	at org.postgresql.core.v3.ConnectionFactoryImpl.tryConnect(ConnectionFactoryImpl.java:92)
	at org.postgresql.core.v3.ConnectionFactoryImpl.openConnectionImpl(ConnectionFactoryImpl.java:196)
	... 21 more

Driver stacktrace:
20/02/16 00:04:21 INFO DAGScheduler: Job 1 failed: jdbc at NativeMethodAccessorImpl.java:0, took 1.951630 s
20/02/16 00:04:21 INFO Executor: Executor killed task 3.0 in stage 1.0 (TID 25), reason: Stage cancelled
20/02/16 00:04:21 INFO Executor: Executor killed task 1.0 in stage 1.0 (TID 23), reason: Stage cancelled
20/02/16 00:04:21 INFO Executor: Executor killed task 0.0 in stage 1.0 (TID 22), reason: Stage cancelled
20/02/16 00:04:21 INFO Executor: Executor killed task 4.0 in stage 1.0 (TID 26), reason: Stage cancelled
20/02/16 00:04:21 WARN TaskSetManager: Lost task 4.0 in stage 1.0 (TID 26, localhost, executor driver): TaskKilled (Stage cancelled)
20/02/16 00:04:21 INFO TaskSchedulerImpl: Removed TaskSet 1.0, whose tasks have all completed, from pool 
20/02/16 00:04:21 WARN TaskSetManager: Lost task 1.0 in stage 1.0 (TID 23, localhost, executor driver): TaskKilled (Stage cancelled)
20/02/16 00:04:21 INFO TaskSchedulerImpl: Removed TaskSet 1.0, whose tasks have all completed, from pool 
20/02/16 00:04:21 WARN TaskSetManager: Lost task 3.0 in stage 1.0 (TID 25, localhost, executor driver): TaskKilled (Stage cancelled)
20/02/16 00:04:21 INFO TaskSchedulerImpl: Removed TaskSet 1.0, whose tasks have all completed, from pool 
20/02/16 00:04:21 WARN TaskSetManager: Lost task 0.0 in stage 1.0 (TID 22, localhost, executor driver): TaskKilled (Stage cancelled)
20/02/16 00:04:21 INFO TaskSchedulerImpl: Removed TaskSet 1.0, whose tasks have all completed, from pool 
Traceback (most recent call last):
  File "/edw/Reviews/SourceCode/python/rating_ods_load.py", line 33, in <module>
    Cl_Reviews_df.write.option("truncate","true").jdbc(url=url, table=table, mode=mode, properties=properties)
  File "/edw/Reviews/spark-2.4.5-bin-hadoop2.7/python/lib/pyspark.zip/pyspark/sql/readwriter.py", line 987, in jdbc
  File "/edw/Reviews/spark-2.4.5-bin-hadoop2.7/python/lib/py4j-0.10.7-src.zip/py4j/java_gateway.py", line 1257, in __call__
  File "/edw/Reviews/spark-2.4.5-bin-hadoop2.7/python/lib/pyspark.zip/pyspark/sql/utils.py", line 63, in deco
  File "/edw/Reviews/spark-2.4.5-bin-hadoop2.7/python/lib/py4j-0.10.7-src.zip/py4j/protocol.py", line 328, in get_return_value
py4j.protocol.Py4JJavaError: An error occurred while calling o53.jdbc.
: org.apache.spark.SparkException: Job aborted due to stage failure: Task 2 in stage 1.0 failed 1 times, most recent failure: Lost task 2.0 in stage 1.0 (TID 24, localhost, executor driver): org.postgresql.util.PSQLException: Connection to 127.0.0.1:5432 refused. Check that the hostname and port are correct and that the postmaster is accepting TCP/IP connections.
	at org.postgresql.core.v3.ConnectionFactoryImpl.openConnectionImpl(ConnectionFactoryImpl.java:284)
	at org.postgresql.core.ConnectionFactory.openConnection(ConnectionFactory.java:49)
	at org.postgresql.jdbc.PgConnection.<init>(PgConnection.java:211)
	at org.postgresql.Driver.makeConnection(Driver.java:459)
	at org.postgresql.Driver.connect(Driver.java:261)
	at org.apache.spark.sql.execution.datasources.jdbc.JdbcUtils$$anonfun$createConnectionFactory$1.apply(JdbcUtils.scala:63)
	at org.apache.spark.sql.execution.datasources.jdbc.JdbcUtils$$anonfun$createConnectionFactory$1.apply(JdbcUtils.scala:54)
	at org.apache.spark.sql.execution.datasources.jdbc.JdbcUtils$.savePartition(JdbcUtils.scala:614)
	at org.apache.spark.sql.execution.datasources.jdbc.JdbcUtils$$anonfun$saveTable$1.apply(JdbcUtils.scala:838)
	at org.apache.spark.sql.execution.datasources.jdbc.JdbcUtils$$anonfun$saveTable$1.apply(JdbcUtils.scala:838)
	at org.apache.spark.rdd.RDD$$anonfun$foreachPartition$1$$anonfun$apply$28.apply(RDD.scala:980)
	at org.apache.spark.rdd.RDD$$anonfun$foreachPartition$1$$anonfun$apply$28.apply(RDD.scala:980)
	at org.apache.spark.SparkContext$$anonfun$runJob$5.apply(SparkContext.scala:2101)
	at org.apache.spark.SparkContext$$anonfun$runJob$5.apply(SparkContext.scala:2101)
	at org.apache.spark.scheduler.ResultTask.runTask(ResultTask.scala:90)
	at org.apache.spark.scheduler.Task.run(Task.scala:123)
	at org.apache.spark.executor.Executor$TaskRunner$$anonfun$10.apply(Executor.scala:408)
	at org.apache.spark.util.Utils$.tryWithSafeFinally(Utils.scala:1360)
	at org.apache.spark.executor.Executor$TaskRunner.run(Executor.scala:414)
	at java.util.concurrent.ThreadPoolExecutor.runWorker(ThreadPoolExecutor.java:1149)
	at java.util.concurrent.ThreadPoolExecutor$Worker.run(ThreadPoolExecutor.java:624)
	at java.lang.Thread.run(Thread.java:748)
Caused by: java.net.ConnectException: Connection refused (Connection refused)
	at java.net.PlainSocketImpl.socketConnect(Native Method)
	at java.net.AbstractPlainSocketImpl.doConnect(AbstractPlainSocketImpl.java:350)
	at java.net.AbstractPlainSocketImpl.connectToAddress(AbstractPlainSocketImpl.java:206)
	at java.net.AbstractPlainSocketImpl.connect(AbstractPlainSocketImpl.java:188)
	at java.net.SocksSocketImpl.connect(SocksSocketImpl.java:392)
	at java.net.Socket.connect(Socket.java:607)
	at org.postgresql.core.PGStream.<init>(PGStream.java:81)
	at org.postgresql.core.v3.ConnectionFactoryImpl.tryConnect(ConnectionFactoryImpl.java:92)
	at org.postgresql.core.v3.ConnectionFactoryImpl.openConnectionImpl(ConnectionFactoryImpl.java:196)
	... 21 more

Driver stacktrace:
	at org.apache.spark.scheduler.DAGScheduler.org$apache$spark$scheduler$DAGScheduler$$failJobAndIndependentStages(DAGScheduler.scala:1891)
	at org.apache.spark.scheduler.DAGScheduler$$anonfun$abortStage$1.apply(DAGScheduler.scala:1879)
	at org.apache.spark.scheduler.DAGScheduler$$anonfun$abortStage$1.apply(DAGScheduler.scala:1878)
	at scala.collection.mutable.ResizableArray$class.foreach(ResizableArray.scala:59)
	at scala.collection.mutable.ArrayBuffer.foreach(ArrayBuffer.scala:48)
	at org.apache.spark.scheduler.DAGScheduler.abortStage(DAGScheduler.scala:1878)
	at org.apache.spark.scheduler.DAGScheduler$$anonfun$handleTaskSetFailed$1.apply(DAGScheduler.scala:927)
	at org.apache.spark.scheduler.DAGScheduler$$anonfun$handleTaskSetFailed$1.apply(DAGScheduler.scala:927)
	at scala.Option.foreach(Option.scala:257)
	at org.apache.spark.scheduler.DAGScheduler.handleTaskSetFailed(DAGScheduler.scala:927)
	at org.apache.spark.scheduler.DAGSchedulerEventProcessLoop.doOnReceive(DAGScheduler.scala:2112)
	at org.apache.spark.scheduler.DAGSchedulerEventProcessLoop.onReceive(DAGScheduler.scala:2061)
	at org.apache.spark.scheduler.DAGSchedulerEventProcessLoop.onReceive(DAGScheduler.scala:2050)
	at org.apache.spark.util.EventLoop$$anon$1.run(EventLoop.scala:49)
	at org.apache.spark.scheduler.DAGScheduler.runJob(DAGScheduler.scala:738)
	at org.apache.spark.SparkContext.runJob(SparkContext.scala:2061)
	at org.apache.spark.SparkContext.runJob(SparkContext.scala:2082)
	at org.apache.spark.SparkContext.runJob(SparkContext.scala:2101)
	at org.apache.spark.SparkContext.runJob(SparkContext.scala:2126)
	at org.apache.spark.rdd.RDD$$anonfun$foreachPartition$1.apply(RDD.scala:980)
	at org.apache.spark.rdd.RDD$$anonfun$foreachPartition$1.apply(RDD.scala:978)
	at org.apache.spark.rdd.RDDOperationScope$.withScope(RDDOperationScope.scala:151)
	at org.apache.spark.rdd.RDDOperationScope$.withScope(RDDOperationScope.scala:112)
	at org.apache.spark.rdd.RDD.withScope(RDD.scala:385)
	at org.apache.spark.rdd.RDD.foreachPartition(RDD.scala:978)
	at org.apache.spark.sql.execution.datasources.jdbc.JdbcUtils$.saveTable(JdbcUtils.scala:838)
	at org.apache.spark.sql.execution.datasources.jdbc.JdbcRelationProvider.createRelation(JdbcRelationProvider.scala:58)
	at org.apache.spark.sql.execution.datasources.SaveIntoDataSourceCommand.run(SaveIntoDataSourceCommand.scala:45)
	at org.apache.spark.sql.execution.command.ExecutedCommandExec.sideEffectResult$lzycompute(commands.scala:70)
	at org.apache.spark.sql.execution.command.ExecutedCommandExec.sideEffectResult(commands.scala:68)
	at org.apache.spark.sql.execution.command.ExecutedCommandExec.doExecute(commands.scala:86)
	at org.apache.spark.sql.execution.SparkPlan$$anonfun$execute$1.apply(SparkPlan.scala:131)
	at org.apache.spark.sql.execution.SparkPlan$$anonfun$execute$1.apply(SparkPlan.scala:127)
	at org.apache.spark.sql.execution.SparkPlan$$anonfun$executeQuery$1.apply(SparkPlan.scala:155)
	at org.apache.spark.rdd.RDDOperationScope$.withScope(RDDOperationScope.scala:151)
	at org.apache.spark.sql.execution.SparkPlan.executeQuery(SparkPlan.scala:152)
	at org.apache.spark.sql.execution.SparkPlan.execute(SparkPlan.scala:127)
	at org.apache.spark.sql.execution.QueryExecution.toRdd$lzycompute(QueryExecution.scala:83)
	at org.apache.spark.sql.execution.QueryExecution.toRdd(QueryExecution.scala:81)
	at org.apache.spark.sql.DataFrameWriter$$anonfun$runCommand$1.apply(DataFrameWriter.scala:676)
	at org.apache.spark.sql.DataFrameWriter$$anonfun$runCommand$1.apply(DataFrameWriter.scala:676)
	at org.apache.spark.sql.execution.SQLExecution$$anonfun$withNewExecutionId$1.apply(SQLExecution.scala:80)
	at org.apache.spark.sql.execution.SQLExecution$.withSQLConfPropagated(SQLExecution.scala:127)
	at org.apache.spark.sql.execution.SQLExecution$.withNewExecutionId(SQLExecution.scala:75)
	at org.apache.spark.sql.DataFrameWriter.runCommand(DataFrameWriter.scala:676)
	at org.apache.spark.sql.DataFrameWriter.saveToV1Source(DataFrameWriter.scala:285)
	at org.apache.spark.sql.DataFrameWriter.save(DataFrameWriter.scala:271)
	at org.apache.spark.sql.DataFrameWriter.jdbc(DataFrameWriter.scala:515)
	at sun.reflect.NativeMethodAccessorImpl.invoke0(Native Method)
	at sun.reflect.NativeMethodAccessorImpl.invoke(NativeMethodAccessorImpl.java:62)
	at sun.reflect.DelegatingMethodAccessorImpl.invoke(DelegatingMethodAccessorImpl.java:43)
	at java.lang.reflect.Method.invoke(Method.java:498)
	at py4j.reflection.MethodInvoker.invoke(MethodInvoker.java:244)
	at py4j.reflection.ReflectionEngine.invoke(ReflectionEngine.java:357)
	at py4j.Gateway.invoke(Gateway.java:282)
	at py4j.commands.AbstractCommand.invokeMethod(AbstractCommand.java:132)
	at py4j.commands.CallCommand.execute(CallCommand.java:79)
	at py4j.GatewayConnection.run(GatewayConnection.java:238)
	at java.lang.Thread.run(Thread.java:748)
Caused by: org.postgresql.util.PSQLException: Connection to 127.0.0.1:5432 refused. Check that the hostname and port are correct and that the postmaster is accepting TCP/IP connections.
	at org.postgresql.core.v3.ConnectionFactoryImpl.openConnectionImpl(ConnectionFactoryImpl.java:284)
	at org.postgresql.core.ConnectionFactory.openConnection(ConnectionFactory.java:49)
	at org.postgresql.jdbc.PgConnection.<init>(PgConnection.java:211)
	at org.postgresql.Driver.makeConnection(Driver.java:459)
	at org.postgresql.Driver.connect(Driver.java:261)
	at org.apache.spark.sql.execution.datasources.jdbc.JdbcUtils$$anonfun$createConnectionFactory$1.apply(JdbcUtils.scala:63)
	at org.apache.spark.sql.execution.datasources.jdbc.JdbcUtils$$anonfun$createConnectionFactory$1.apply(JdbcUtils.scala:54)
	at org.apache.spark.sql.execution.datasources.jdbc.JdbcUtils$.savePartition(JdbcUtils.scala:614)
	at org.apache.spark.sql.execution.datasources.jdbc.JdbcUtils$$anonfun$saveTable$1.apply(JdbcUtils.scala:838)
	at org.apache.spark.sql.execution.datasources.jdbc.JdbcUtils$$anonfun$saveTable$1.apply(JdbcUtils.scala:838)
	at org.apache.spark.rdd.RDD$$anonfun$foreachPartition$1$$anonfun$apply$28.apply(RDD.scala:980)
	at org.apache.spark.rdd.RDD$$anonfun$foreachPartition$1$$anonfun$apply$28.apply(RDD.scala:980)
	at org.apache.spark.SparkContext$$anonfun$runJob$5.apply(SparkContext.scala:2101)
	at org.apache.spark.SparkContext$$anonfun$runJob$5.apply(SparkContext.scala:2101)
	at org.apache.spark.scheduler.ResultTask.runTask(ResultTask.scala:90)
	at org.apache.spark.scheduler.Task.run(Task.scala:123)
	at org.apache.spark.executor.Executor$TaskRunner$$anonfun$10.apply(Executor.scala:408)
	at org.apache.spark.util.Utils$.tryWithSafeFinally(Utils.scala:1360)
	at org.apache.spark.executor.Executor$TaskRunner.run(Executor.scala:414)
	at java.util.concurrent.ThreadPoolExecutor.runWorker(ThreadPoolExecutor.java:1149)
	at java.util.concurrent.ThreadPoolExecutor$Worker.run(ThreadPoolExecutor.java:624)
	... 1 more
Caused by: java.net.ConnectException: Connection refused (Connection refused)
	at java.net.PlainSocketImpl.socketConnect(Native Method)
	at java.net.AbstractPlainSocketImpl.doConnect(AbstractPlainSocketImpl.java:350)
	at java.net.AbstractPlainSocketImpl.connectToAddress(AbstractPlainSocketImpl.java:206)
	at java.net.AbstractPlainSocketImpl.connect(AbstractPlainSocketImpl.java:188)
	at java.net.SocksSocketImpl.connect(SocksSocketImpl.java:392)
	at java.net.Socket.connect(Socket.java:607)
	at org.postgresql.core.PGStream.<init>(PGStream.java:81)
	at org.postgresql.core.v3.ConnectionFactoryImpl.tryConnect(ConnectionFactoryImpl.java:92)
	at org.postgresql.core.v3.ConnectionFactoryImpl.openConnectionImpl(ConnectionFactoryImpl.java:196)
	... 21 more

20/02/16 00:04:25 INFO SparkContext: Invoking stop() from shutdown hook
20/02/16 00:04:25 INFO SparkUI: Stopped Spark web UI at http://192.168.1.25:4040
20/02/16 00:04:26 INFO MapOutputTrackerMasterEndpoint: MapOutputTrackerMasterEndpoint stopped!
20/02/16 00:04:27 INFO MemoryStore: MemoryStore cleared
20/02/16 00:04:27 INFO BlockManager: BlockManager stopped
20/02/16 00:04:27 INFO BlockManagerMaster: BlockManagerMaster stopped
20/02/16 00:04:27 INFO OutputCommitCoordinator$OutputCommitCoordinatorEndpoint: OutputCommitCoordinator stopped!
20/02/16 00:04:27 INFO SparkContext: Successfully stopped SparkContext
20/02/16 00:04:27 INFO ShutdownHookManager: Shutdown hook called
20/02/16 00:04:27 INFO ShutdownHookManager: Deleting directory /tmp/spark-d0dfdda2-9432-4f4c-99ab-58c5e20a4545
20/02/16 00:04:27 INFO ShutdownHookManager: Deleting directory /tmp/spark-90b30f7e-5594-47a9-8bd8-2c3a01372ca8/pyspark-2978f59e-fac0-4b75-b4b2-0bf688f1d928
20/02/16 00:04:27 INFO ShutdownHookManager: Deleting directory /tmp/spark-90b30f7e-5594-47a9-8bd8-2c3a01372ca8
