###################################################################################################################################
###################################################################################################################################
Load to stage in progress
###################################################################################################################################
###################################################################################################################################
20/02/16 00:08:22 WARN Utils: Your hostname, DESKTOP-502C4I4 resolves to a loopback address: 127.0.1.1; using 192.168.1.25 instead (on interface wifi0)
20/02/16 00:08:22 WARN Utils: Set SPARK_LOCAL_IP if you need to bind to another address
20/02/16 00:08:24 WARN NativeCodeLoader: Unable to load native-hadoop library for your platform... using builtin-java classes where applicable
Using Spark's default log4j profile: org/apache/spark/log4j-defaults.properties
20/02/16 00:08:35 INFO SparkContext: Running Spark version 2.4.5
20/02/16 00:08:35 INFO SparkContext: Submitted application: ReviewsOdsSession
20/02/16 00:08:36 INFO SecurityManager: Changing view acls to: devetluser
20/02/16 00:08:36 INFO SecurityManager: Changing modify acls to: devetluser
20/02/16 00:08:36 INFO SecurityManager: Changing view acls groups to: 
20/02/16 00:08:36 INFO SecurityManager: Changing modify acls groups to: 
20/02/16 00:08:36 INFO SecurityManager: SecurityManager: authentication disabled; ui acls disabled; users  with view permissions: Set(devetluser); groups with view permissions: Set(); users  with modify permissions: Set(devetluser); groups with modify permissions: Set()
20/02/16 00:08:37 INFO Utils: Successfully started service 'sparkDriver' on port 1727.
20/02/16 00:08:37 INFO SparkEnv: Registering MapOutputTracker
20/02/16 00:08:37 INFO SparkEnv: Registering BlockManagerMaster
20/02/16 00:08:37 INFO BlockManagerMasterEndpoint: Using org.apache.spark.storage.DefaultTopologyMapper for getting topology information
20/02/16 00:08:37 INFO BlockManagerMasterEndpoint: BlockManagerMasterEndpoint up
20/02/16 00:08:37 INFO DiskBlockManager: Created local directory at /tmp/blockmgr-1301ee5e-b97d-4624-81f6-8650e96e1dac
20/02/16 00:08:37 INFO MemoryStore: MemoryStore started with capacity 366.3 MB
20/02/16 00:08:37 INFO SparkEnv: Registering OutputCommitCoordinator
20/02/16 00:08:38 INFO Utils: Successfully started service 'SparkUI' on port 4040.
20/02/16 00:08:38 INFO SparkUI: Bound SparkUI to 0.0.0.0, and started at http://192.168.1.25:4040
20/02/16 00:08:39 INFO Executor: Starting executor ID driver on host localhost
20/02/16 00:08:39 INFO Utils: Successfully started service 'org.apache.spark.network.netty.NettyBlockTransferService' on port 1731.
20/02/16 00:08:39 INFO NettyBlockTransferService: Server created on 192.168.1.25:1731
20/02/16 00:08:39 INFO BlockManager: Using org.apache.spark.storage.RandomBlockReplicationPolicy for block replication policy
20/02/16 00:08:39 INFO BlockManagerMaster: Registering BlockManager BlockManagerId(driver, 192.168.1.25, 1731, None)
20/02/16 00:08:39 INFO BlockManagerMasterEndpoint: Registering block manager 192.168.1.25:1731 with 366.3 MB RAM, BlockManagerId(driver, 192.168.1.25, 1731, None)
20/02/16 00:08:39 INFO BlockManagerMaster: Registered BlockManager BlockManagerId(driver, 192.168.1.25, 1731, None)
20/02/16 00:08:39 INFO BlockManager: Initialized BlockManager: BlockManagerId(driver, 192.168.1.25, 1731, None)
20/02/16 00:08:42 INFO SharedState: Setting hive.metastore.warehouse.dir ('null') to the value of spark.sql.warehouse.dir ('file:/edw/Reviews/SourceCode/bash/spark-warehouse').
20/02/16 00:08:42 INFO SharedState: Warehouse path is 'file:/edw/Reviews/SourceCode/bash/spark-warehouse'.
20/02/16 00:08:44 INFO StateStoreCoordinatorRef: Registered StateStoreCoordinator endpoint
20/02/16 00:08:45 INFO InMemoryFileIndex: It took 289 ms to list leaf files for 1 paths.
20/02/16 00:08:46 INFO InMemoryFileIndex: It took 2 ms to list leaf files for 1 paths.
20/02/16 00:08:53 INFO FileSourceStrategy: Pruning directories with: 
20/02/16 00:08:53 INFO FileSourceStrategy: Post-Scan Filters: 
20/02/16 00:08:53 INFO FileSourceStrategy: Output Data Schema: struct<value: string>
20/02/16 00:08:53 INFO FileSourceScanExec: Pushed Filters: 
20/02/16 00:08:55 INFO CodeGenerator: Code generated in 477.5483 ms
20/02/16 00:08:55 INFO MemoryStore: Block broadcast_0 stored as values in memory (estimated size 282.9 KB, free 366.0 MB)
20/02/16 00:08:56 INFO MemoryStore: Block broadcast_0_piece0 stored as bytes in memory (estimated size 23.3 KB, free 366.0 MB)
20/02/16 00:08:56 INFO BlockManagerInfo: Added broadcast_0_piece0 in memory on 192.168.1.25:1731 (size: 23.3 KB, free: 366.3 MB)
20/02/16 00:08:56 INFO SparkContext: Created broadcast 0 from json at NativeMethodAccessorImpl.java:0
20/02/16 00:08:56 INFO FileSourceScanExec: Planning scan with bin packing, max size: 134217728 bytes, open cost is considered as scanning 4194304 bytes.
20/02/16 00:08:56 INFO SparkContext: Starting job: json at NativeMethodAccessorImpl.java:0
20/02/16 00:08:56 INFO DAGScheduler: Got job 0 (json at NativeMethodAccessorImpl.java:0) with 22 output partitions
20/02/16 00:08:56 INFO DAGScheduler: Final stage: ResultStage 0 (json at NativeMethodAccessorImpl.java:0)
20/02/16 00:08:56 INFO DAGScheduler: Parents of final stage: List()
20/02/16 00:08:56 INFO DAGScheduler: Missing parents: List()
20/02/16 00:08:56 INFO DAGScheduler: Submitting ResultStage 0 (MapPartitionsRDD[3] at json at NativeMethodAccessorImpl.java:0), which has no missing parents
20/02/16 00:08:56 INFO MemoryStore: Block broadcast_1 stored as values in memory (estimated size 11.6 KB, free 366.0 MB)
20/02/16 00:08:56 INFO MemoryStore: Block broadcast_1_piece0 stored as bytes in memory (estimated size 6.7 KB, free 366.0 MB)
20/02/16 00:08:56 INFO BlockManagerInfo: Added broadcast_1_piece0 in memory on 192.168.1.25:1731 (size: 6.7 KB, free: 366.3 MB)
20/02/16 00:08:56 INFO SparkContext: Created broadcast 1 from broadcast at DAGScheduler.scala:1163
20/02/16 00:08:56 INFO DAGScheduler: Submitting 22 missing tasks from ResultStage 0 (MapPartitionsRDD[3] at json at NativeMethodAccessorImpl.java:0) (first 15 tasks are for partitions Vector(0, 1, 2, 3, 4, 5, 6, 7, 8, 9, 10, 11, 12, 13, 14))
20/02/16 00:08:56 INFO TaskSchedulerImpl: Adding task set 0.0 with 22 tasks
20/02/16 00:08:57 INFO TaskSetManager: Starting task 0.0 in stage 0.0 (TID 0, localhost, executor driver, partition 0, PROCESS_LOCAL, 8269 bytes)
20/02/16 00:08:57 INFO TaskSetManager: Starting task 1.0 in stage 0.0 (TID 1, localhost, executor driver, partition 1, PROCESS_LOCAL, 8269 bytes)
20/02/16 00:08:57 INFO TaskSetManager: Starting task 2.0 in stage 0.0 (TID 2, localhost, executor driver, partition 2, PROCESS_LOCAL, 8269 bytes)
20/02/16 00:08:57 INFO TaskSetManager: Starting task 3.0 in stage 0.0 (TID 3, localhost, executor driver, partition 3, PROCESS_LOCAL, 8269 bytes)
20/02/16 00:08:57 INFO Executor: Running task 2.0 in stage 0.0 (TID 2)
20/02/16 00:08:57 INFO Executor: Running task 0.0 in stage 0.0 (TID 0)
20/02/16 00:08:57 INFO Executor: Running task 3.0 in stage 0.0 (TID 3)
20/02/16 00:08:57 INFO Executor: Running task 1.0 in stage 0.0 (TID 1)
20/02/16 00:08:57 INFO FileScanRDD: Reading File path: file:///edw/Reviews/SourceCode/data/asin_reviews.json, range: 402653184-536870912, partition values: [empty row]
20/02/16 00:08:57 INFO FileScanRDD: Reading File path: file:///edw/Reviews/SourceCode/data/asin_reviews.json, range: 268435456-402653184, partition values: [empty row]
20/02/16 00:08:57 INFO FileScanRDD: Reading File path: file:///edw/Reviews/SourceCode/data/asin_reviews.json, range: 134217728-268435456, partition values: [empty row]
20/02/16 00:08:57 INFO FileScanRDD: Reading File path: file:///edw/Reviews/SourceCode/data/asin_reviews.json, range: 0-134217728, partition values: [empty row]
20/02/16 00:08:57 INFO CodeGenerator: Code generated in 18.8204 ms
20/02/16 00:09:15 INFO Executor: Finished task 1.0 in stage 0.0 (TID 1). 2350 bytes result sent to driver
20/02/16 00:09:15 INFO TaskSetManager: Starting task 4.0 in stage 0.0 (TID 4, localhost, executor driver, partition 4, PROCESS_LOCAL, 8269 bytes)
20/02/16 00:09:15 INFO Executor: Running task 4.0 in stage 0.0 (TID 4)
20/02/16 00:09:15 INFO FileScanRDD: Reading File path: file:///edw/Reviews/SourceCode/data/asin_reviews.json, range: 536870912-671088640, partition values: [empty row]
20/02/16 00:09:15 INFO TaskSetManager: Finished task 1.0 in stage 0.0 (TID 1) in 18245 ms on localhost (executor driver) (1/22)
20/02/16 00:09:15 INFO Executor: Finished task 2.0 in stage 0.0 (TID 2). 2350 bytes result sent to driver
20/02/16 00:09:15 INFO TaskSetManager: Starting task 5.0 in stage 0.0 (TID 5, localhost, executor driver, partition 5, PROCESS_LOCAL, 8269 bytes)
20/02/16 00:09:15 INFO Executor: Running task 5.0 in stage 0.0 (TID 5)
20/02/16 00:09:15 INFO TaskSetManager: Finished task 2.0 in stage 0.0 (TID 2) in 18644 ms on localhost (executor driver) (2/22)
20/02/16 00:09:15 INFO FileScanRDD: Reading File path: file:///edw/Reviews/SourceCode/data/asin_reviews.json, range: 671088640-805306368, partition values: [empty row]
20/02/16 00:09:52 INFO Executor: Finished task 3.0 in stage 0.0 (TID 3). 2350 bytes result sent to driver
20/02/16 00:09:52 INFO TaskSetManager: Starting task 6.0 in stage 0.0 (TID 6, localhost, executor driver, partition 6, PROCESS_LOCAL, 8269 bytes)
20/02/16 00:09:52 INFO Executor: Running task 6.0 in stage 0.0 (TID 6)
20/02/16 00:09:52 INFO TaskSetManager: Finished task 3.0 in stage 0.0 (TID 3) in 55166 ms on localhost (executor driver) (3/22)
20/02/16 00:09:52 INFO FileScanRDD: Reading File path: file:///edw/Reviews/SourceCode/data/asin_reviews.json, range: 805306368-939524096, partition values: [empty row]
20/02/16 00:09:55 INFO Executor: Finished task 5.0 in stage 0.0 (TID 5). 2307 bytes result sent to driver
20/02/16 00:09:55 INFO TaskSetManager: Starting task 7.0 in stage 0.0 (TID 7, localhost, executor driver, partition 7, PROCESS_LOCAL, 8269 bytes)
20/02/16 00:09:55 INFO Executor: Running task 7.0 in stage 0.0 (TID 7)
20/02/16 00:09:55 INFO TaskSetManager: Finished task 5.0 in stage 0.0 (TID 5) in 40000 ms on localhost (executor driver) (4/22)
20/02/16 00:09:55 INFO FileScanRDD: Reading File path: file:///edw/Reviews/SourceCode/data/asin_reviews.json, range: 939524096-1073741824, partition values: [empty row]
20/02/16 00:10:00 INFO Executor: Finished task 4.0 in stage 0.0 (TID 4). 2264 bytes result sent to driver
20/02/16 00:10:00 INFO TaskSetManager: Starting task 8.0 in stage 0.0 (TID 8, localhost, executor driver, partition 8, PROCESS_LOCAL, 8269 bytes)
20/02/16 00:10:00 INFO Executor: Running task 8.0 in stage 0.0 (TID 8)
20/02/16 00:10:00 INFO TaskSetManager: Finished task 4.0 in stage 0.0 (TID 4) in 45819 ms on localhost (executor driver) (5/22)
20/02/16 00:10:00 INFO FileScanRDD: Reading File path: file:///edw/Reviews/SourceCode/data/asin_reviews.json, range: 1073741824-1207959552, partition values: [empty row]
20/02/16 00:10:07 INFO Executor: Finished task 0.0 in stage 0.0 (TID 0). 2307 bytes result sent to driver
20/02/16 00:10:07 INFO TaskSetManager: Starting task 9.0 in stage 0.0 (TID 9, localhost, executor driver, partition 9, PROCESS_LOCAL, 8269 bytes)
20/02/16 00:10:07 INFO TaskSetManager: Finished task 0.0 in stage 0.0 (TID 0) in 70615 ms on localhost (executor driver) (6/22)
20/02/16 00:10:07 INFO Executor: Running task 9.0 in stage 0.0 (TID 9)
20/02/16 00:10:07 INFO FileScanRDD: Reading File path: file:///edw/Reviews/SourceCode/data/asin_reviews.json, range: 1207959552-1342177280, partition values: [empty row]
20/02/16 00:10:42 INFO Executor: Finished task 9.0 in stage 0.0 (TID 9). 2307 bytes result sent to driver
20/02/16 00:10:42 INFO TaskSetManager: Starting task 10.0 in stage 0.0 (TID 10, localhost, executor driver, partition 10, PROCESS_LOCAL, 8269 bytes)
20/02/16 00:10:42 INFO Executor: Running task 10.0 in stage 0.0 (TID 10)
20/02/16 00:10:42 INFO TaskSetManager: Finished task 9.0 in stage 0.0 (TID 9) in 34478 ms on localhost (executor driver) (7/22)
20/02/16 00:10:42 INFO FileScanRDD: Reading File path: file:///edw/Reviews/SourceCode/data/asin_reviews.json, range: 1342177280-1476395008, partition values: [empty row]
20/02/16 00:10:45 INFO Executor: Finished task 7.0 in stage 0.0 (TID 7). 2307 bytes result sent to driver
20/02/16 00:10:45 INFO TaskSetManager: Starting task 11.0 in stage 0.0 (TID 11, localhost, executor driver, partition 11, PROCESS_LOCAL, 8269 bytes)
20/02/16 00:10:45 INFO Executor: Running task 11.0 in stage 0.0 (TID 11)
20/02/16 00:10:45 INFO TaskSetManager: Finished task 7.0 in stage 0.0 (TID 7) in 49789 ms on localhost (executor driver) (8/22)
20/02/16 00:10:45 INFO FileScanRDD: Reading File path: file:///edw/Reviews/SourceCode/data/asin_reviews.json, range: 1476395008-1610612736, partition values: [empty row]
20/02/16 00:10:48 INFO Executor: Finished task 8.0 in stage 0.0 (TID 8). 2264 bytes result sent to driver
20/02/16 00:10:48 INFO TaskSetManager: Starting task 12.0 in stage 0.0 (TID 12, localhost, executor driver, partition 12, PROCESS_LOCAL, 8269 bytes)
20/02/16 00:10:48 INFO Executor: Running task 12.0 in stage 0.0 (TID 12)
20/02/16 00:10:48 INFO TaskSetManager: Finished task 8.0 in stage 0.0 (TID 8) in 47657 ms on localhost (executor driver) (9/22)
20/02/16 00:10:48 INFO FileScanRDD: Reading File path: file:///edw/Reviews/SourceCode/data/asin_reviews.json, range: 1610612736-1744830464, partition values: [empty row]
20/02/16 00:11:03 INFO Executor: Finished task 10.0 in stage 0.0 (TID 10). 2264 bytes result sent to driver
20/02/16 00:11:03 INFO TaskSetManager: Starting task 13.0 in stage 0.0 (TID 13, localhost, executor driver, partition 13, PROCESS_LOCAL, 8269 bytes)
20/02/16 00:11:03 INFO TaskSetManager: Finished task 10.0 in stage 0.0 (TID 10) in 21314 ms on localhost (executor driver) (10/22)
20/02/16 00:11:03 INFO Executor: Running task 13.0 in stage 0.0 (TID 13)
20/02/16 00:11:03 INFO FileScanRDD: Reading File path: file:///edw/Reviews/SourceCode/data/asin_reviews.json, range: 1744830464-1879048192, partition values: [empty row]
20/02/16 00:11:05 INFO Executor: Finished task 11.0 in stage 0.0 (TID 11). 2264 bytes result sent to driver
20/02/16 00:11:05 INFO TaskSetManager: Starting task 14.0 in stage 0.0 (TID 14, localhost, executor driver, partition 14, PROCESS_LOCAL, 8269 bytes)
20/02/16 00:11:05 INFO TaskSetManager: Finished task 11.0 in stage 0.0 (TID 11) in 20124 ms on localhost (executor driver) (11/22)
20/02/16 00:11:05 INFO Executor: Running task 14.0 in stage 0.0 (TID 14)
20/02/16 00:11:05 INFO FileScanRDD: Reading File path: file:///edw/Reviews/SourceCode/data/asin_reviews.json, range: 1879048192-2013265920, partition values: [empty row]
20/02/16 00:11:15 INFO Executor: Finished task 12.0 in stage 0.0 (TID 12). 2264 bytes result sent to driver
20/02/16 00:11:15 INFO TaskSetManager: Starting task 15.0 in stage 0.0 (TID 15, localhost, executor driver, partition 15, PROCESS_LOCAL, 8269 bytes)
20/02/16 00:11:15 INFO Executor: Running task 15.0 in stage 0.0 (TID 15)
20/02/16 00:11:15 INFO TaskSetManager: Finished task 12.0 in stage 0.0 (TID 12) in 26690 ms on localhost (executor driver) (12/22)
20/02/16 00:11:15 INFO FileScanRDD: Reading File path: file:///edw/Reviews/SourceCode/data/asin_reviews.json, range: 2013265920-2147483648, partition values: [empty row]
20/02/16 00:11:16 INFO Executor: Finished task 6.0 in stage 0.0 (TID 6). 2307 bytes result sent to driver
20/02/16 00:11:16 INFO TaskSetManager: Starting task 16.0 in stage 0.0 (TID 16, localhost, executor driver, partition 16, PROCESS_LOCAL, 8269 bytes)
20/02/16 00:11:16 INFO TaskSetManager: Finished task 6.0 in stage 0.0 (TID 6) in 84059 ms on localhost (executor driver) (13/22)
20/02/16 00:11:16 INFO Executor: Running task 16.0 in stage 0.0 (TID 16)
20/02/16 00:11:16 INFO FileScanRDD: Reading File path: file:///edw/Reviews/SourceCode/data/asin_reviews.json, range: 2147483648-2281701376, partition values: [empty row]
20/02/16 00:11:48 INFO Executor: Finished task 13.0 in stage 0.0 (TID 13). 2264 bytes result sent to driver
20/02/16 00:11:48 INFO TaskSetManager: Starting task 17.0 in stage 0.0 (TID 17, localhost, executor driver, partition 17, PROCESS_LOCAL, 8269 bytes)
20/02/16 00:11:48 INFO Executor: Running task 17.0 in stage 0.0 (TID 17)
20/02/16 00:11:48 INFO TaskSetManager: Finished task 13.0 in stage 0.0 (TID 13) in 44939 ms on localhost (executor driver) (14/22)
20/02/16 00:11:48 INFO FileScanRDD: Reading File path: file:///edw/Reviews/SourceCode/data/asin_reviews.json, range: 2281701376-2415919104, partition values: [empty row]
20/02/16 00:11:58 INFO Executor: Finished task 16.0 in stage 0.0 (TID 16). 2307 bytes result sent to driver
20/02/16 00:11:58 INFO TaskSetManager: Starting task 18.0 in stage 0.0 (TID 18, localhost, executor driver, partition 18, PROCESS_LOCAL, 8269 bytes)
20/02/16 00:11:58 INFO Executor: Running task 18.0 in stage 0.0 (TID 18)
20/02/16 00:11:58 INFO TaskSetManager: Finished task 16.0 in stage 0.0 (TID 16) in 42321 ms on localhost (executor driver) (15/22)
20/02/16 00:11:58 INFO FileScanRDD: Reading File path: file:///edw/Reviews/SourceCode/data/asin_reviews.json, range: 2415919104-2550136832, partition values: [empty row]
20/02/16 00:12:03 INFO Executor: Finished task 14.0 in stage 0.0 (TID 14). 2350 bytes result sent to driver
20/02/16 00:12:03 INFO TaskSetManager: Starting task 19.0 in stage 0.0 (TID 19, localhost, executor driver, partition 19, PROCESS_LOCAL, 8269 bytes)
20/02/16 00:12:03 INFO TaskSetManager: Finished task 14.0 in stage 0.0 (TID 14) in 58212 ms on localhost (executor driver) (16/22)
20/02/16 00:12:03 INFO Executor: Running task 19.0 in stage 0.0 (TID 19)
20/02/16 00:12:03 INFO FileScanRDD: Reading File path: file:///edw/Reviews/SourceCode/data/asin_reviews.json, range: 2550136832-2684354560, partition values: [empty row]
20/02/16 00:12:30 INFO Executor: Finished task 15.0 in stage 0.0 (TID 15). 2307 bytes result sent to driver
20/02/16 00:12:30 INFO TaskSetManager: Starting task 20.0 in stage 0.0 (TID 20, localhost, executor driver, partition 20, PROCESS_LOCAL, 8269 bytes)
20/02/16 00:12:30 INFO Executor: Running task 20.0 in stage 0.0 (TID 20)
20/02/16 00:12:30 INFO TaskSetManager: Finished task 15.0 in stage 0.0 (TID 15) in 75084 ms on localhost (executor driver) (17/22)
20/02/16 00:12:30 INFO FileScanRDD: Reading File path: file:///edw/Reviews/SourceCode/data/asin_reviews.json, range: 2684354560-2818572288, partition values: [empty row]
20/02/16 00:12:41 INFO Executor: Finished task 17.0 in stage 0.0 (TID 17). 2307 bytes result sent to driver
20/02/16 00:12:41 INFO TaskSetManager: Starting task 21.0 in stage 0.0 (TID 21, localhost, executor driver, partition 21, PROCESS_LOCAL, 8269 bytes)
20/02/16 00:12:41 INFO Executor: Running task 21.0 in stage 0.0 (TID 21)
20/02/16 00:12:41 INFO TaskSetManager: Finished task 17.0 in stage 0.0 (TID 17) in 52937 ms on localhost (executor driver) (18/22)
20/02/16 00:12:41 INFO FileScanRDD: Reading File path: file:///edw/Reviews/SourceCode/data/asin_reviews.json, range: 2818572288-2915386900, partition values: [empty row]
20/02/16 00:12:49 INFO Executor: Finished task 19.0 in stage 0.0 (TID 19). 2307 bytes result sent to driver
20/02/16 00:12:50 INFO TaskSetManager: Finished task 19.0 in stage 0.0 (TID 19) in 46452 ms on localhost (executor driver) (19/22)
20/02/16 00:12:57 INFO Executor: Finished task 18.0 in stage 0.0 (TID 18). 2264 bytes result sent to driver
20/02/16 00:12:57 INFO TaskSetManager: Finished task 18.0 in stage 0.0 (TID 18) in 58507 ms on localhost (executor driver) (20/22)
20/02/16 00:13:09 INFO Executor: Finished task 20.0 in stage 0.0 (TID 20). 2264 bytes result sent to driver
20/02/16 00:13:09 INFO TaskSetManager: Finished task 20.0 in stage 0.0 (TID 20) in 39545 ms on localhost (executor driver) (21/22)
20/02/16 00:13:12 INFO Executor: Finished task 21.0 in stage 0.0 (TID 21). 2307 bytes result sent to driver
20/02/16 00:13:12 INFO TaskSetManager: Finished task 21.0 in stage 0.0 (TID 21) in 30991 ms on localhost (executor driver) (22/22)
20/02/16 00:13:12 INFO DAGScheduler: ResultStage 0 (json at NativeMethodAccessorImpl.java:0) finished in 255.425 s
20/02/16 00:13:12 INFO TaskSchedulerImpl: Removed TaskSet 0.0, whose tasks have all completed, from pool 
20/02/16 00:13:12 INFO DAGScheduler: Job 0 finished: json at NativeMethodAccessorImpl.java:0, took 256.091945 s
20/02/16 00:13:17 INFO FileSourceStrategy: Pruning directories with: 
20/02/16 00:13:17 INFO FileSourceStrategy: Post-Scan Filters: 
20/02/16 00:13:17 INFO FileSourceStrategy: Output Data Schema: struct<asin: string, overall: double, reviewerID: string, reviewerName: string, unixReviewTime: bigint ... 3 more fields>
20/02/16 00:13:17 INFO FileSourceScanExec: Pushed Filters: 
20/02/16 00:13:17 INFO CodeGenerator: Code generated in 110.7703 ms
20/02/16 00:13:17 INFO MemoryStore: Block broadcast_2 stored as values in memory (estimated size 282.9 KB, free 365.7 MB)
20/02/16 00:13:17 INFO MemoryStore: Block broadcast_2_piece0 stored as bytes in memory (estimated size 23.3 KB, free 365.7 MB)
20/02/16 00:13:17 INFO BlockManagerInfo: Added broadcast_2_piece0 in memory on 192.168.1.25:1731 (size: 23.3 KB, free: 366.2 MB)
20/02/16 00:13:17 INFO SparkContext: Created broadcast 2 from jdbc at NativeMethodAccessorImpl.java:0
20/02/16 00:13:17 INFO FileSourceScanExec: Planning scan with bin packing, max size: 134217728 bytes, open cost is considered as scanning 4194304 bytes.
20/02/16 00:13:18 INFO SparkContext: Starting job: jdbc at NativeMethodAccessorImpl.java:0
20/02/16 00:13:18 INFO DAGScheduler: Got job 1 (jdbc at NativeMethodAccessorImpl.java:0) with 22 output partitions
20/02/16 00:13:18 INFO DAGScheduler: Final stage: ResultStage 1 (jdbc at NativeMethodAccessorImpl.java:0)
20/02/16 00:13:18 INFO DAGScheduler: Parents of final stage: List()
20/02/16 00:13:18 INFO DAGScheduler: Missing parents: List()
20/02/16 00:13:18 INFO DAGScheduler: Submitting ResultStage 1 (MapPartitionsRDD[8] at jdbc at NativeMethodAccessorImpl.java:0), which has no missing parents
20/02/16 00:13:18 INFO MemoryStore: Block broadcast_3 stored as values in memory (estimated size 64.3 KB, free 365.6 MB)
20/02/16 00:13:18 INFO MemoryStore: Block broadcast_3_piece0 stored as bytes in memory (estimated size 29.5 KB, free 365.6 MB)
20/02/16 00:13:18 INFO BlockManagerInfo: Added broadcast_3_piece0 in memory on 192.168.1.25:1731 (size: 29.5 KB, free: 366.2 MB)
20/02/16 00:13:18 INFO SparkContext: Created broadcast 3 from broadcast at DAGScheduler.scala:1163
20/02/16 00:13:18 INFO DAGScheduler: Submitting 22 missing tasks from ResultStage 1 (MapPartitionsRDD[8] at jdbc at NativeMethodAccessorImpl.java:0) (first 15 tasks are for partitions Vector(0, 1, 2, 3, 4, 5, 6, 7, 8, 9, 10, 11, 12, 13, 14))
20/02/16 00:13:18 INFO TaskSchedulerImpl: Adding task set 1.0 with 22 tasks
20/02/16 00:13:18 INFO TaskSetManager: Starting task 0.0 in stage 1.0 (TID 22, localhost, executor driver, partition 0, PROCESS_LOCAL, 8269 bytes)
20/02/16 00:13:18 INFO TaskSetManager: Starting task 1.0 in stage 1.0 (TID 23, localhost, executor driver, partition 1, PROCESS_LOCAL, 8269 bytes)
20/02/16 00:13:18 INFO TaskSetManager: Starting task 2.0 in stage 1.0 (TID 24, localhost, executor driver, partition 2, PROCESS_LOCAL, 8269 bytes)
20/02/16 00:13:18 INFO TaskSetManager: Starting task 3.0 in stage 1.0 (TID 25, localhost, executor driver, partition 3, PROCESS_LOCAL, 8269 bytes)
20/02/16 00:13:18 INFO Executor: Running task 1.0 in stage 1.0 (TID 23)
20/02/16 00:13:18 INFO Executor: Running task 0.0 in stage 1.0 (TID 22)
20/02/16 00:13:18 INFO Executor: Running task 2.0 in stage 1.0 (TID 24)
20/02/16 00:13:18 INFO Executor: Running task 3.0 in stage 1.0 (TID 25)
20/02/16 00:13:18 INFO CodeGenerator: Code generated in 32.4177 ms
20/02/16 00:13:18 INFO FileScanRDD: Reading File path: file:///edw/Reviews/SourceCode/data/asin_reviews.json, range: 268435456-402653184, partition values: [empty row]
20/02/16 00:13:18 INFO FileScanRDD: Reading File path: file:///edw/Reviews/SourceCode/data/asin_reviews.json, range: 134217728-268435456, partition values: [empty row]
20/02/16 00:13:18 INFO FileScanRDD: Reading File path: file:///edw/Reviews/SourceCode/data/asin_reviews.json, range: 0-134217728, partition values: [empty row]
20/02/16 00:13:18 INFO CodeGenerator: Code generated in 47.8007 ms
20/02/16 00:13:18 INFO FileScanRDD: Reading File path: file:///edw/Reviews/SourceCode/data/asin_reviews.json, range: 402653184-536870912, partition values: [empty row]
20/02/16 00:13:52 INFO Executor: Finished task 2.0 in stage 1.0 (TID 24). 1437 bytes result sent to driver
20/02/16 00:13:52 INFO TaskSetManager: Starting task 4.0 in stage 1.0 (TID 26, localhost, executor driver, partition 4, PROCESS_LOCAL, 8269 bytes)
20/02/16 00:13:52 INFO TaskSetManager: Finished task 2.0 in stage 1.0 (TID 24) in 34340 ms on localhost (executor driver) (1/22)
20/02/16 00:13:52 INFO Executor: Running task 4.0 in stage 1.0 (TID 26)
20/02/16 00:13:53 INFO FileScanRDD: Reading File path: file:///edw/Reviews/SourceCode/data/asin_reviews.json, range: 536870912-671088640, partition values: [empty row]
20/02/16 00:13:53 INFO Executor: Finished task 1.0 in stage 1.0 (TID 23). 1394 bytes result sent to driver
20/02/16 00:13:53 INFO TaskSetManager: Starting task 5.0 in stage 1.0 (TID 27, localhost, executor driver, partition 5, PROCESS_LOCAL, 8269 bytes)
20/02/16 00:13:53 INFO TaskSetManager: Finished task 1.0 in stage 1.0 (TID 23) in 35689 ms on localhost (executor driver) (2/22)
20/02/16 00:13:53 INFO Executor: Running task 5.0 in stage 1.0 (TID 27)
20/02/16 00:13:54 INFO FileScanRDD: Reading File path: file:///edw/Reviews/SourceCode/data/asin_reviews.json, range: 671088640-805306368, partition values: [empty row]
20/02/16 00:14:20 INFO Executor: Finished task 3.0 in stage 1.0 (TID 25). 1437 bytes result sent to driver
20/02/16 00:14:20 INFO TaskSetManager: Starting task 6.0 in stage 1.0 (TID 28, localhost, executor driver, partition 6, PROCESS_LOCAL, 8269 bytes)
20/02/16 00:14:20 INFO TaskSetManager: Finished task 3.0 in stage 1.0 (TID 25) in 62302 ms on localhost (executor driver) (3/22)
20/02/16 00:14:20 INFO Executor: Running task 6.0 in stage 1.0 (TID 28)
20/02/16 00:14:21 INFO FileScanRDD: Reading File path: file:///edw/Reviews/SourceCode/data/asin_reviews.json, range: 805306368-939524096, partition values: [empty row]
20/02/16 00:14:43 INFO Executor: Finished task 0.0 in stage 1.0 (TID 22). 1437 bytes result sent to driver
20/02/16 00:14:43 INFO TaskSetManager: Starting task 7.0 in stage 1.0 (TID 29, localhost, executor driver, partition 7, PROCESS_LOCAL, 8269 bytes)
20/02/16 00:14:43 INFO Executor: Running task 7.0 in stage 1.0 (TID 29)
20/02/16 00:14:43 INFO TaskSetManager: Finished task 0.0 in stage 1.0 (TID 22) in 85022 ms on localhost (executor driver) (4/22)
20/02/16 00:14:44 INFO FileScanRDD: Reading File path: file:///edw/Reviews/SourceCode/data/asin_reviews.json, range: 939524096-1073741824, partition values: [empty row]
20/02/16 00:14:49 INFO Executor: Finished task 4.0 in stage 1.0 (TID 26). 1394 bytes result sent to driver
20/02/16 00:14:49 INFO TaskSetManager: Starting task 8.0 in stage 1.0 (TID 30, localhost, executor driver, partition 8, PROCESS_LOCAL, 8269 bytes)
20/02/16 00:14:49 INFO TaskSetManager: Finished task 4.0 in stage 1.0 (TID 26) in 56527 ms on localhost (executor driver) (5/22)
20/02/16 00:14:49 INFO Executor: Running task 8.0 in stage 1.0 (TID 30)
20/02/16 00:14:53 INFO Executor: Finished task 5.0 in stage 1.0 (TID 27). 1394 bytes result sent to driver
20/02/16 00:14:53 INFO TaskSetManager: Starting task 9.0 in stage 1.0 (TID 31, localhost, executor driver, partition 9, PROCESS_LOCAL, 8269 bytes)
20/02/16 00:14:53 INFO TaskSetManager: Finished task 5.0 in stage 1.0 (TID 27) in 59664 ms on localhost (executor driver) (6/22)
20/02/16 00:14:53 INFO Executor: Running task 9.0 in stage 1.0 (TID 31)
20/02/16 00:15:12 INFO FileScanRDD: Reading File path: file:///edw/Reviews/SourceCode/data/asin_reviews.json, range: 1073741824-1207959552, partition values: [empty row]
20/02/16 00:15:12 INFO FileScanRDD: Reading File path: file:///edw/Reviews/SourceCode/data/asin_reviews.json, range: 1207959552-1342177280, partition values: [empty row]
20/02/16 00:15:27 INFO Executor: Finished task 7.0 in stage 1.0 (TID 29). 1437 bytes result sent to driver
20/02/16 00:15:27 INFO TaskSetManager: Starting task 10.0 in stage 1.0 (TID 32, localhost, executor driver, partition 10, PROCESS_LOCAL, 8269 bytes)
20/02/16 00:15:27 INFO TaskSetManager: Finished task 7.0 in stage 1.0 (TID 29) in 43729 ms on localhost (executor driver) (7/22)
20/02/16 00:15:27 INFO Executor: Running task 10.0 in stage 1.0 (TID 32)
20/02/16 00:15:27 INFO FileScanRDD: Reading File path: file:///edw/Reviews/SourceCode/data/asin_reviews.json, range: 1342177280-1476395008, partition values: [empty row]
20/02/16 00:15:31 INFO Executor: Finished task 6.0 in stage 1.0 (TID 28). 1437 bytes result sent to driver
20/02/16 00:15:31 INFO TaskSetManager: Starting task 11.0 in stage 1.0 (TID 33, localhost, executor driver, partition 11, PROCESS_LOCAL, 8269 bytes)
20/02/16 00:15:31 INFO TaskSetManager: Finished task 6.0 in stage 1.0 (TID 28) in 71199 ms on localhost (executor driver) (8/22)
20/02/16 00:15:31 INFO Executor: Running task 11.0 in stage 1.0 (TID 33)
20/02/16 00:15:31 INFO FileScanRDD: Reading File path: file:///edw/Reviews/SourceCode/data/asin_reviews.json, range: 1476395008-1610612736, partition values: [empty row]
20/02/16 00:15:57 INFO Executor: Finished task 9.0 in stage 1.0 (TID 31). 1437 bytes result sent to driver
20/02/16 00:15:57 INFO TaskSetManager: Starting task 12.0 in stage 1.0 (TID 34, localhost, executor driver, partition 12, PROCESS_LOCAL, 8269 bytes)
20/02/16 00:15:57 INFO TaskSetManager: Finished task 9.0 in stage 1.0 (TID 31) in 63727 ms on localhost (executor driver) (9/22)
20/02/16 00:15:57 INFO Executor: Running task 12.0 in stage 1.0 (TID 34)
20/02/16 00:15:57 INFO FileScanRDD: Reading File path: file:///edw/Reviews/SourceCode/data/asin_reviews.json, range: 1610612736-1744830464, partition values: [empty row]
20/02/16 00:16:00 INFO Executor: Finished task 10.0 in stage 1.0 (TID 32). 1394 bytes result sent to driver
20/02/16 00:16:00 INFO TaskSetManager: Starting task 13.0 in stage 1.0 (TID 35, localhost, executor driver, partition 13, PROCESS_LOCAL, 8269 bytes)
20/02/16 00:16:00 INFO TaskSetManager: Finished task 10.0 in stage 1.0 (TID 32) in 33553 ms on localhost (executor driver) (10/22)
20/02/16 00:16:00 INFO Executor: Running task 13.0 in stage 1.0 (TID 35)
20/02/16 00:16:01 INFO FileScanRDD: Reading File path: file:///edw/Reviews/SourceCode/data/asin_reviews.json, range: 1744830464-1879048192, partition values: [empty row]
20/02/16 00:16:03 INFO Executor: Finished task 11.0 in stage 1.0 (TID 33). 1394 bytes result sent to driver
20/02/16 00:16:03 INFO TaskSetManager: Starting task 14.0 in stage 1.0 (TID 36, localhost, executor driver, partition 14, PROCESS_LOCAL, 8269 bytes)
20/02/16 00:16:03 INFO TaskSetManager: Finished task 11.0 in stage 1.0 (TID 33) in 31761 ms on localhost (executor driver) (11/22)
20/02/16 00:16:03 INFO Executor: Running task 14.0 in stage 1.0 (TID 36)
20/02/16 00:16:03 INFO FileScanRDD: Reading File path: file:///edw/Reviews/SourceCode/data/asin_reviews.json, range: 1879048192-2013265920, partition values: [empty row]
20/02/16 00:16:14 INFO Executor: Finished task 8.0 in stage 1.0 (TID 30). 1394 bytes result sent to driver
20/02/16 00:16:14 INFO TaskSetManager: Starting task 15.0 in stage 1.0 (TID 37, localhost, executor driver, partition 15, PROCESS_LOCAL, 8269 bytes)
20/02/16 00:16:14 INFO Executor: Running task 15.0 in stage 1.0 (TID 37)
20/02/16 00:16:14 INFO TaskSetManager: Finished task 8.0 in stage 1.0 (TID 30) in 85127 ms on localhost (executor driver) (12/22)
20/02/16 00:16:14 INFO FileScanRDD: Reading File path: file:///edw/Reviews/SourceCode/data/asin_reviews.json, range: 2013265920-2147483648, partition values: [empty row]
20/02/16 00:17:02 INFO Executor: Finished task 12.0 in stage 1.0 (TID 34). 1394 bytes result sent to driver
20/02/16 00:17:02 INFO TaskSetManager: Starting task 16.0 in stage 1.0 (TID 38, localhost, executor driver, partition 16, PROCESS_LOCAL, 8269 bytes)
20/02/16 00:17:02 INFO TaskSetManager: Finished task 12.0 in stage 1.0 (TID 34) in 65271 ms on localhost (executor driver) (13/22)
20/02/16 00:17:02 INFO Executor: Running task 16.0 in stage 1.0 (TID 38)
20/02/16 00:17:04 INFO FileScanRDD: Reading File path: file:///edw/Reviews/SourceCode/data/asin_reviews.json, range: 2147483648-2281701376, partition values: [empty row]
20/02/16 00:17:22 INFO Executor: Finished task 13.0 in stage 1.0 (TID 35). 1394 bytes result sent to driver
20/02/16 00:17:22 INFO TaskSetManager: Starting task 17.0 in stage 1.0 (TID 39, localhost, executor driver, partition 17, PROCESS_LOCAL, 8269 bytes)
20/02/16 00:17:22 INFO TaskSetManager: Finished task 13.0 in stage 1.0 (TID 35) in 81786 ms on localhost (executor driver) (14/22)
20/02/16 00:17:22 INFO Executor: Running task 17.0 in stage 1.0 (TID 39)
20/02/16 00:17:23 INFO FileScanRDD: Reading File path: file:///edw/Reviews/SourceCode/data/asin_reviews.json, range: 2281701376-2415919104, partition values: [empty row]
20/02/16 00:17:35 INFO Executor: Finished task 14.0 in stage 1.0 (TID 36). 1394 bytes result sent to driver
20/02/16 00:17:35 INFO TaskSetManager: Starting task 18.0 in stage 1.0 (TID 40, localhost, executor driver, partition 18, PROCESS_LOCAL, 8269 bytes)
20/02/16 00:17:35 INFO TaskSetManager: Finished task 14.0 in stage 1.0 (TID 36) in 91829 ms on localhost (executor driver) (15/22)
20/02/16 00:17:35 INFO Executor: Running task 18.0 in stage 1.0 (TID 40)
20/02/16 00:17:35 INFO FileScanRDD: Reading File path: file:///edw/Reviews/SourceCode/data/asin_reviews.json, range: 2415919104-2550136832, partition values: [empty row]
20/02/16 00:18:04 INFO Executor: Finished task 15.0 in stage 1.0 (TID 37). 1437 bytes result sent to driver
20/02/16 00:18:04 INFO TaskSetManager: Starting task 19.0 in stage 1.0 (TID 41, localhost, executor driver, partition 19, PROCESS_LOCAL, 8269 bytes)
20/02/16 00:18:04 INFO Executor: Running task 19.0 in stage 1.0 (TID 41)
20/02/16 00:18:04 INFO TaskSetManager: Finished task 15.0 in stage 1.0 (TID 37) in 110556 ms on localhost (executor driver) (16/22)
20/02/16 00:18:06 INFO FileScanRDD: Reading File path: file:///edw/Reviews/SourceCode/data/asin_reviews.json, range: 2550136832-2684354560, partition values: [empty row]
20/02/16 00:19:46 INFO Executor: Finished task 16.0 in stage 1.0 (TID 38). 1394 bytes result sent to driver
20/02/16 00:19:46 INFO TaskSetManager: Starting task 20.0 in stage 1.0 (TID 42, localhost, executor driver, partition 20, PROCESS_LOCAL, 8269 bytes)
20/02/16 00:19:46 INFO TaskSetManager: Finished task 16.0 in stage 1.0 (TID 38) in 163602 ms on localhost (executor driver) (17/22)
20/02/16 00:19:46 INFO Executor: Running task 20.0 in stage 1.0 (TID 42)
20/02/16 00:19:47 INFO FileScanRDD: Reading File path: file:///edw/Reviews/SourceCode/data/asin_reviews.json, range: 2684354560-2818572288, partition values: [empty row]
20/02/16 00:20:15 INFO Executor: Finished task 17.0 in stage 1.0 (TID 39). 1394 bytes result sent to driver
20/02/16 00:20:15 INFO TaskSetManager: Starting task 21.0 in stage 1.0 (TID 43, localhost, executor driver, partition 21, PROCESS_LOCAL, 8269 bytes)
20/02/16 00:20:15 INFO TaskSetManager: Finished task 17.0 in stage 1.0 (TID 39) in 173130 ms on localhost (executor driver) (18/22)
20/02/16 00:20:15 INFO Executor: Running task 21.0 in stage 1.0 (TID 43)
20/02/16 00:20:15 INFO FileScanRDD: Reading File path: file:///edw/Reviews/SourceCode/data/asin_reviews.json, range: 2818572288-2915386900, partition values: [empty row]
20/02/16 00:20:38 INFO Executor: Finished task 18.0 in stage 1.0 (TID 40). 1394 bytes result sent to driver
20/02/16 00:20:38 INFO TaskSetManager: Finished task 18.0 in stage 1.0 (TID 40) in 183141 ms on localhost (executor driver) (19/22)
20/02/16 00:20:49 INFO Executor: Finished task 19.0 in stage 1.0 (TID 41). 1394 bytes result sent to driver
20/02/16 00:20:49 INFO TaskSetManager: Finished task 19.0 in stage 1.0 (TID 41) in 164617 ms on localhost (executor driver) (20/22)
20/02/16 00:21:39 INFO Executor: Finished task 20.0 in stage 1.0 (TID 42). 1437 bytes result sent to driver
20/02/16 00:21:39 INFO TaskSetManager: Finished task 20.0 in stage 1.0 (TID 42) in 113428 ms on localhost (executor driver) (21/22)
20/02/16 00:21:55 INFO Executor: Finished task 21.0 in stage 1.0 (TID 43). 1394 bytes result sent to driver
20/02/16 00:21:55 INFO TaskSetManager: Finished task 21.0 in stage 1.0 (TID 43) in 99712 ms on localhost (executor driver) (22/22)
20/02/16 00:21:55 INFO TaskSchedulerImpl: Removed TaskSet 1.0, whose tasks have all completed, from pool 
20/02/16 00:21:55 INFO DAGScheduler: ResultStage 1 (jdbc at NativeMethodAccessorImpl.java:0) finished in 517.046 s
20/02/16 00:21:55 INFO DAGScheduler: Job 1 finished: jdbc at NativeMethodAccessorImpl.java:0, took 517.055777 s
20/02/16 00:22:02 INFO SparkContext: Invoking stop() from shutdown hook
20/02/16 00:22:03 INFO SparkUI: Stopped Spark web UI at http://192.168.1.25:4040
20/02/16 00:22:03 INFO MapOutputTrackerMasterEndpoint: MapOutputTrackerMasterEndpoint stopped!
20/02/16 00:22:05 INFO MemoryStore: MemoryStore cleared
20/02/16 00:22:05 INFO BlockManager: BlockManager stopped
20/02/16 00:22:05 INFO BlockManagerMaster: BlockManagerMaster stopped
20/02/16 00:22:06 INFO OutputCommitCoordinator$OutputCommitCoordinatorEndpoint: OutputCommitCoordinator stopped!
20/02/16 00:22:06 INFO SparkContext: Successfully stopped SparkContext
20/02/16 00:22:06 INFO ShutdownHookManager: Shutdown hook called
20/02/16 00:22:06 INFO ShutdownHookManager: Deleting directory /tmp/spark-78f4985b-c476-45d3-b7d0-ae701f2b2b1c
20/02/16 00:22:07 INFO ShutdownHookManager: Deleting directory /tmp/spark-79f261ba-9a77-4149-8993-448af7e47438
20/02/16 00:22:08 INFO ShutdownHookManager: Deleting directory /tmp/spark-79f261ba-9a77-4149-8993-448af7e47438/pyspark-8a2ae92d-f218-46b0-8885-955136ac1867
###################################################################################################################################
###################################################################################################################################
Load to ODS in progress
###################################################################################################################################
###################################################################################################################################
begin;
BEGIN
	  UPDATE "STAGE_DB".REVIEWS 
	  SET reviewerName = RS.reviewerName
	  , reviewRating = RS.reviewRating
	  , odsUpdateTd = current_timestamp(0)
	  FROM "WORK_DB".REVIEWS_WT RS
	  WHERE REVIEWS.reviewerID = RS.reviewerID
	  AND REVIEWS.asin = RS.asin
	  AND REVIEWS.reviewDate = RS.reviewDate;
UPDATE 200000
	
	INSERT INTO "STAGE_DB".REVIEWS
	SELECT RS.reviewerID, RS.asin, RS.reviewerName, RS.reviewRating , RS.reviewDate, current_timestamp(0), current_timestamp(0)
	FROM "WORK_DB".REVIEWS_WT RS
	LEFT OUTER JOIN "STAGE_DB".REVIEWS RV
	ON RS.reviewerID = RV.reviewerID
	AND RS.asin = RV.asin
	AND RS.reviewDate = RV.reviewDate
	WHERE RV.reviewerID IS NULL
	AND RV.asin IS NULL
	AND RV.reviewDate IS NULL;
INSERT 0 2800000
	TRUNCATE "WORK_DB".REVIEWS_WT;
TRUNCATE TABLE
commit;
COMMIT
###################################################################################################################################
###################################################################################################################################
File archival in progress
###################################################################################################################################
###################################################################################################################################
###################################################################################################################################
###################################################################################################################################
Job completed successfully
###################################################################################################################################
###################################################################################################################################
