###################################################################################################################################
###################################################################################################################################
Load to stage in progress
###################################################################################################################################
###################################################################################################################################
20/02/16 23:58:52 WARN Utils: Your hostname, DESKTOP-502C4I4 resolves to a loopback address: 127.0.1.1; using 192.168.1.25 instead (on interface wifi0)
20/02/16 23:58:52 WARN Utils: Set SPARK_LOCAL_IP if you need to bind to another address
20/02/16 23:58:55 WARN NativeCodeLoader: Unable to load native-hadoop library for your platform... using builtin-java classes where applicable
Using Spark's default log4j profile: org/apache/spark/log4j-defaults.properties
20/02/16 23:59:02 INFO SparkContext: Running Spark version 2.4.5
20/02/16 23:59:02 INFO SparkContext: Submitted application: ReviewsOdsSession
20/02/16 23:59:02 INFO SecurityManager: Changing view acls to: devetluser
20/02/16 23:59:02 INFO SecurityManager: Changing modify acls to: devetluser
20/02/16 23:59:02 INFO SecurityManager: Changing view acls groups to: 
20/02/16 23:59:02 INFO SecurityManager: Changing modify acls groups to: 
20/02/16 23:59:02 INFO SecurityManager: SecurityManager: authentication disabled; ui acls disabled; users  with view permissions: Set(devetluser); groups with view permissions: Set(); users  with modify permissions: Set(devetluser); groups with modify permissions: Set()
20/02/16 23:59:04 INFO Utils: Successfully started service 'sparkDriver' on port 4909.
20/02/16 23:59:04 INFO SparkEnv: Registering MapOutputTracker
20/02/16 23:59:04 INFO SparkEnv: Registering BlockManagerMaster
20/02/16 23:59:04 INFO BlockManagerMasterEndpoint: Using org.apache.spark.storage.DefaultTopologyMapper for getting topology information
20/02/16 23:59:04 INFO BlockManagerMasterEndpoint: BlockManagerMasterEndpoint up
20/02/16 23:59:04 INFO DiskBlockManager: Created local directory at /tmp/blockmgr-2603fca9-2d52-4385-b17d-08e0a28f757d
20/02/16 23:59:04 INFO MemoryStore: MemoryStore started with capacity 366.3 MB
20/02/16 23:59:04 INFO SparkEnv: Registering OutputCommitCoordinator
20/02/16 23:59:04 INFO Utils: Successfully started service 'SparkUI' on port 4040.
20/02/16 23:59:05 INFO SparkUI: Bound SparkUI to 0.0.0.0, and started at http://192.168.1.25:4040
20/02/16 23:59:05 INFO Executor: Starting executor ID driver on host localhost
20/02/16 23:59:05 INFO Utils: Successfully started service 'org.apache.spark.network.netty.NettyBlockTransferService' on port 4912.
20/02/16 23:59:05 INFO NettyBlockTransferService: Server created on 192.168.1.25:4912
20/02/16 23:59:05 INFO BlockManager: Using org.apache.spark.storage.RandomBlockReplicationPolicy for block replication policy
20/02/16 23:59:05 INFO BlockManagerMaster: Registering BlockManager BlockManagerId(driver, 192.168.1.25, 4912, None)
20/02/16 23:59:05 INFO BlockManagerMasterEndpoint: Registering block manager 192.168.1.25:4912 with 366.3 MB RAM, BlockManagerId(driver, 192.168.1.25, 4912, None)
20/02/16 23:59:05 INFO BlockManagerMaster: Registered BlockManager BlockManagerId(driver, 192.168.1.25, 4912, None)
20/02/16 23:59:05 INFO BlockManager: Initialized BlockManager: BlockManagerId(driver, 192.168.1.25, 4912, None)
20/02/16 23:59:07 INFO SharedState: Setting hive.metastore.warehouse.dir ('null') to the value of spark.sql.warehouse.dir ('file:/edw/Reviews/SourceCode/bash/spark-warehouse').
20/02/16 23:59:07 INFO SharedState: Warehouse path is 'file:/edw/Reviews/SourceCode/bash/spark-warehouse'.
20/02/16 23:59:08 INFO StateStoreCoordinatorRef: Registered StateStoreCoordinator endpoint
20/02/16 23:59:09 INFO InMemoryFileIndex: It took 157 ms to list leaf files for 1 paths.
20/02/16 23:59:10 INFO InMemoryFileIndex: It took 2 ms to list leaf files for 1 paths.
20/02/16 23:59:14 INFO FileSourceStrategy: Pruning directories with: 
20/02/16 23:59:14 INFO FileSourceStrategy: Post-Scan Filters: 
20/02/16 23:59:14 INFO FileSourceStrategy: Output Data Schema: struct<value: string>
20/02/16 23:59:14 INFO FileSourceScanExec: Pushed Filters: 
20/02/16 23:59:20 INFO CodeGenerator: Code generated in 760.3386 ms
20/02/16 23:59:22 INFO MemoryStore: Block broadcast_0 stored as values in memory (estimated size 282.9 KB, free 366.0 MB)
20/02/16 23:59:22 INFO MemoryStore: Block broadcast_0_piece0 stored as bytes in memory (estimated size 23.3 KB, free 366.0 MB)
20/02/16 23:59:22 INFO BlockManagerInfo: Added broadcast_0_piece0 in memory on 192.168.1.25:4912 (size: 23.3 KB, free: 366.3 MB)
20/02/16 23:59:22 INFO SparkContext: Created broadcast 0 from json at NativeMethodAccessorImpl.java:0
20/02/16 23:59:22 INFO FileSourceScanExec: Planning scan with bin packing, max size: 134217728 bytes, open cost is considered as scanning 4194304 bytes.
20/02/16 23:59:22 INFO SparkContext: Starting job: json at NativeMethodAccessorImpl.java:0
20/02/16 23:59:22 INFO DAGScheduler: Got job 0 (json at NativeMethodAccessorImpl.java:0) with 19 output partitions
20/02/16 23:59:22 INFO DAGScheduler: Final stage: ResultStage 0 (json at NativeMethodAccessorImpl.java:0)
20/02/16 23:59:22 INFO DAGScheduler: Parents of final stage: List()
20/02/16 23:59:22 INFO DAGScheduler: Missing parents: List()
20/02/16 23:59:22 INFO DAGScheduler: Submitting ResultStage 0 (MapPartitionsRDD[3] at json at NativeMethodAccessorImpl.java:0), which has no missing parents
20/02/16 23:59:22 INFO MemoryStore: Block broadcast_1 stored as values in memory (estimated size 11.6 KB, free 366.0 MB)
20/02/16 23:59:22 INFO MemoryStore: Block broadcast_1_piece0 stored as bytes in memory (estimated size 6.7 KB, free 366.0 MB)
20/02/16 23:59:22 INFO BlockManagerInfo: Added broadcast_1_piece0 in memory on 192.168.1.25:4912 (size: 6.7 KB, free: 366.3 MB)
20/02/16 23:59:22 INFO SparkContext: Created broadcast 1 from broadcast at DAGScheduler.scala:1163
20/02/16 23:59:22 INFO DAGScheduler: Submitting 19 missing tasks from ResultStage 0 (MapPartitionsRDD[3] at json at NativeMethodAccessorImpl.java:0) (first 15 tasks are for partitions Vector(0, 1, 2, 3, 4, 5, 6, 7, 8, 9, 10, 11, 12, 13, 14))
20/02/16 23:59:22 INFO TaskSchedulerImpl: Adding task set 0.0 with 19 tasks
20/02/16 23:59:23 INFO TaskSetManager: Starting task 0.0 in stage 0.0 (TID 0, localhost, executor driver, partition 0, PROCESS_LOCAL, 8269 bytes)
20/02/16 23:59:23 INFO TaskSetManager: Starting task 1.0 in stage 0.0 (TID 1, localhost, executor driver, partition 1, PROCESS_LOCAL, 8269 bytes)
20/02/16 23:59:23 INFO TaskSetManager: Starting task 2.0 in stage 0.0 (TID 2, localhost, executor driver, partition 2, PROCESS_LOCAL, 8269 bytes)
20/02/16 23:59:23 INFO TaskSetManager: Starting task 3.0 in stage 0.0 (TID 3, localhost, executor driver, partition 3, PROCESS_LOCAL, 8269 bytes)
20/02/16 23:59:23 INFO Executor: Running task 0.0 in stage 0.0 (TID 0)
20/02/16 23:59:23 INFO Executor: Running task 1.0 in stage 0.0 (TID 1)
20/02/16 23:59:23 INFO Executor: Running task 3.0 in stage 0.0 (TID 3)
20/02/16 23:59:23 INFO Executor: Running task 2.0 in stage 0.0 (TID 2)
20/02/16 23:59:23 INFO FileScanRDD: Reading File path: file:///edw/Reviews/SourceCode/data/asin_reviews.json, range: 402653184-536870912, partition values: [empty row]
20/02/16 23:59:23 INFO FileScanRDD: Reading File path: file:///edw/Reviews/SourceCode/data/asin_reviews.json, range: 0-134217728, partition values: [empty row]
20/02/16 23:59:23 INFO FileScanRDD: Reading File path: file:///edw/Reviews/SourceCode/data/asin_reviews.json, range: 134217728-268435456, partition values: [empty row]
20/02/16 23:59:23 INFO FileScanRDD: Reading File path: file:///edw/Reviews/SourceCode/data/asin_reviews.json, range: 268435456-402653184, partition values: [empty row]
20/02/16 23:59:23 INFO CodeGenerator: Code generated in 22.5066 ms
20/02/17 00:00:05 INFO Executor: Finished task 3.0 in stage 0.0 (TID 3). 2307 bytes result sent to driver
20/02/17 00:00:05 INFO TaskSetManager: Starting task 4.0 in stage 0.0 (TID 4, localhost, executor driver, partition 4, PROCESS_LOCAL, 8269 bytes)
20/02/17 00:00:05 INFO Executor: Running task 4.0 in stage 0.0 (TID 4)
20/02/17 00:00:05 INFO FileScanRDD: Reading File path: file:///edw/Reviews/SourceCode/data/asin_reviews.json, range: 536870912-671088640, partition values: [empty row]
20/02/17 00:00:05 INFO TaskSetManager: Finished task 3.0 in stage 0.0 (TID 3) in 42651 ms on localhost (executor driver) (1/19)
20/02/17 00:00:06 INFO Executor: Finished task 0.0 in stage 0.0 (TID 0). 2350 bytes result sent to driver
20/02/17 00:00:06 INFO TaskSetManager: Starting task 5.0 in stage 0.0 (TID 5, localhost, executor driver, partition 5, PROCESS_LOCAL, 8269 bytes)
20/02/17 00:00:06 INFO TaskSetManager: Finished task 0.0 in stage 0.0 (TID 0) in 43143 ms on localhost (executor driver) (2/19)
20/02/17 00:00:06 INFO Executor: Running task 5.0 in stage 0.0 (TID 5)
20/02/17 00:00:06 INFO FileScanRDD: Reading File path: file:///edw/Reviews/SourceCode/data/asin_reviews.json, range: 671088640-805306368, partition values: [empty row]
20/02/17 00:00:06 INFO Executor: Finished task 1.0 in stage 0.0 (TID 1). 2307 bytes result sent to driver
20/02/17 00:00:06 INFO TaskSetManager: Starting task 6.0 in stage 0.0 (TID 6, localhost, executor driver, partition 6, PROCESS_LOCAL, 8269 bytes)
20/02/17 00:00:06 INFO Executor: Running task 6.0 in stage 0.0 (TID 6)
20/02/17 00:00:06 INFO TaskSetManager: Finished task 1.0 in stage 0.0 (TID 1) in 43944 ms on localhost (executor driver) (3/19)
20/02/17 00:00:06 INFO FileScanRDD: Reading File path: file:///edw/Reviews/SourceCode/data/asin_reviews.json, range: 805306368-939524096, partition values: [empty row]
20/02/17 00:00:09 INFO Executor: Finished task 2.0 in stage 0.0 (TID 2). 2350 bytes result sent to driver
20/02/17 00:00:09 INFO TaskSetManager: Starting task 7.0 in stage 0.0 (TID 7, localhost, executor driver, partition 7, PROCESS_LOCAL, 8269 bytes)
20/02/17 00:00:09 INFO Executor: Running task 7.0 in stage 0.0 (TID 7)
20/02/17 00:00:09 INFO TaskSetManager: Finished task 2.0 in stage 0.0 (TID 2) in 46422 ms on localhost (executor driver) (4/19)
20/02/17 00:00:09 INFO FileScanRDD: Reading File path: file:///edw/Reviews/SourceCode/data/asin_reviews.json, range: 939524096-1073741824, partition values: [empty row]
20/02/17 00:00:47 INFO Executor: Finished task 4.0 in stage 0.0 (TID 4). 2264 bytes result sent to driver
20/02/17 00:00:47 INFO TaskSetManager: Starting task 8.0 in stage 0.0 (TID 8, localhost, executor driver, partition 8, PROCESS_LOCAL, 8269 bytes)
20/02/17 00:00:47 INFO TaskSetManager: Finished task 4.0 in stage 0.0 (TID 4) in 41999 ms on localhost (executor driver) (5/19)
20/02/17 00:00:47 INFO Executor: Running task 8.0 in stage 0.0 (TID 8)
20/02/17 00:00:47 INFO FileScanRDD: Reading File path: file:///edw/Reviews/SourceCode/data/asin_reviews.json, range: 1073741824-1207959552, partition values: [empty row]
20/02/17 00:00:54 INFO Executor: Finished task 6.0 in stage 0.0 (TID 6). 2307 bytes result sent to driver
20/02/17 00:00:54 INFO TaskSetManager: Starting task 9.0 in stage 0.0 (TID 9, localhost, executor driver, partition 9, PROCESS_LOCAL, 8269 bytes)
20/02/17 00:00:54 INFO Executor: Running task 9.0 in stage 0.0 (TID 9)
20/02/17 00:00:54 INFO TaskSetManager: Finished task 6.0 in stage 0.0 (TID 6) in 47433 ms on localhost (executor driver) (6/19)
20/02/17 00:00:54 INFO FileScanRDD: Reading File path: file:///edw/Reviews/SourceCode/data/asin_reviews.json, range: 1207959552-1342177280, partition values: [empty row]
20/02/17 00:00:55 INFO Executor: Finished task 7.0 in stage 0.0 (TID 7). 2307 bytes result sent to driver
20/02/17 00:00:55 INFO TaskSetManager: Starting task 10.0 in stage 0.0 (TID 10, localhost, executor driver, partition 10, PROCESS_LOCAL, 8269 bytes)
20/02/17 00:00:55 INFO Executor: Running task 10.0 in stage 0.0 (TID 10)
20/02/17 00:00:55 INFO TaskSetManager: Finished task 7.0 in stage 0.0 (TID 7) in 46275 ms on localhost (executor driver) (7/19)
20/02/17 00:00:55 INFO FileScanRDD: Reading File path: file:///edw/Reviews/SourceCode/data/asin_reviews.json, range: 1342177280-1476395008, partition values: [empty row]
20/02/17 00:00:56 INFO Executor: Finished task 5.0 in stage 0.0 (TID 5). 2264 bytes result sent to driver
20/02/17 00:00:56 INFO TaskSetManager: Starting task 11.0 in stage 0.0 (TID 11, localhost, executor driver, partition 11, PROCESS_LOCAL, 8269 bytes)
20/02/17 00:00:56 INFO Executor: Running task 11.0 in stage 0.0 (TID 11)
20/02/17 00:00:56 INFO TaskSetManager: Finished task 5.0 in stage 0.0 (TID 5) in 50263 ms on localhost (executor driver) (8/19)
20/02/17 00:00:56 INFO FileScanRDD: Reading File path: file:///edw/Reviews/SourceCode/data/asin_reviews.json, range: 1476395008-1610612736, partition values: [empty row]
20/02/17 00:01:16 INFO Executor: Finished task 8.0 in stage 0.0 (TID 8). 2264 bytes result sent to driver
20/02/17 00:01:16 INFO TaskSetManager: Starting task 12.0 in stage 0.0 (TID 12, localhost, executor driver, partition 12, PROCESS_LOCAL, 8269 bytes)
20/02/17 00:01:16 INFO TaskSetManager: Finished task 8.0 in stage 0.0 (TID 8) in 28774 ms on localhost (executor driver) (9/19)
20/02/17 00:01:16 INFO Executor: Running task 12.0 in stage 0.0 (TID 12)
20/02/17 00:01:16 INFO FileScanRDD: Reading File path: file:///edw/Reviews/SourceCode/data/asin_reviews.json, range: 1610612736-1744830464, partition values: [empty row]
20/02/17 00:01:19 INFO Executor: Finished task 9.0 in stage 0.0 (TID 9). 2307 bytes result sent to driver
20/02/17 00:01:19 INFO Executor: Finished task 10.0 in stage 0.0 (TID 10). 2264 bytes result sent to driver
20/02/17 00:01:19 INFO TaskSetManager: Starting task 13.0 in stage 0.0 (TID 13, localhost, executor driver, partition 13, PROCESS_LOCAL, 8269 bytes)
20/02/17 00:01:19 INFO Executor: Running task 13.0 in stage 0.0 (TID 13)
20/02/17 00:01:19 INFO TaskSetManager: Starting task 14.0 in stage 0.0 (TID 14, localhost, executor driver, partition 14, PROCESS_LOCAL, 8269 bytes)
20/02/17 00:01:19 INFO TaskSetManager: Finished task 10.0 in stage 0.0 (TID 10) in 23882 ms on localhost (executor driver) (10/19)
20/02/17 00:01:19 INFO TaskSetManager: Finished task 9.0 in stage 0.0 (TID 9) in 25205 ms on localhost (executor driver) (11/19)
20/02/17 00:01:19 INFO Executor: Running task 14.0 in stage 0.0 (TID 14)
20/02/17 00:01:19 INFO FileScanRDD: Reading File path: file:///edw/Reviews/SourceCode/data/asin_reviews.json, range: 1744830464-1879048192, partition values: [empty row]
20/02/17 00:01:19 INFO FileScanRDD: Reading File path: file:///edw/Reviews/SourceCode/data/asin_reviews.json, range: 1879048192-2013265920, partition values: [empty row]
20/02/17 00:01:19 INFO Executor: Finished task 11.0 in stage 0.0 (TID 11). 2264 bytes result sent to driver
20/02/17 00:01:19 INFO TaskSetManager: Starting task 15.0 in stage 0.0 (TID 15, localhost, executor driver, partition 15, PROCESS_LOCAL, 8269 bytes)
20/02/17 00:01:19 INFO Executor: Running task 15.0 in stage 0.0 (TID 15)
20/02/17 00:01:19 INFO TaskSetManager: Finished task 11.0 in stage 0.0 (TID 11) in 23393 ms on localhost (executor driver) (12/19)
20/02/17 00:01:19 INFO FileScanRDD: Reading File path: file:///edw/Reviews/SourceCode/data/asin_reviews.json, range: 2013265920-2147483648, partition values: [empty row]
20/02/17 00:01:36 INFO Executor: Finished task 12.0 in stage 0.0 (TID 12). 2264 bytes result sent to driver
20/02/17 00:01:36 INFO TaskSetManager: Starting task 16.0 in stage 0.0 (TID 16, localhost, executor driver, partition 16, PROCESS_LOCAL, 8269 bytes)
20/02/17 00:01:36 INFO Executor: Running task 16.0 in stage 0.0 (TID 16)
20/02/17 00:01:36 INFO TaskSetManager: Finished task 12.0 in stage 0.0 (TID 12) in 20534 ms on localhost (executor driver) (13/19)
20/02/17 00:01:36 INFO FileScanRDD: Reading File path: file:///edw/Reviews/SourceCode/data/asin_reviews.json, range: 2147483648-2281701376, partition values: [empty row]
20/02/17 00:01:39 INFO Executor: Finished task 14.0 in stage 0.0 (TID 14). 2307 bytes result sent to driver
20/02/17 00:01:39 INFO TaskSetManager: Starting task 17.0 in stage 0.0 (TID 17, localhost, executor driver, partition 17, PROCESS_LOCAL, 8269 bytes)
20/02/17 00:01:39 INFO TaskSetManager: Finished task 14.0 in stage 0.0 (TID 14) in 20210 ms on localhost (executor driver) (14/19)
20/02/17 00:01:39 INFO Executor: Running task 17.0 in stage 0.0 (TID 17)
20/02/17 00:01:39 INFO FileScanRDD: Reading File path: file:///edw/Reviews/SourceCode/data/asin_reviews.json, range: 2281701376-2415919104, partition values: [empty row]
20/02/17 00:01:40 INFO Executor: Finished task 15.0 in stage 0.0 (TID 15). 2307 bytes result sent to driver
20/02/17 00:01:40 INFO TaskSetManager: Starting task 18.0 in stage 0.0 (TID 18, localhost, executor driver, partition 18, PROCESS_LOCAL, 8269 bytes)
20/02/17 00:01:40 INFO TaskSetManager: Finished task 15.0 in stage 0.0 (TID 15) in 20218 ms on localhost (executor driver) (15/19)
20/02/17 00:01:40 INFO Executor: Running task 18.0 in stage 0.0 (TID 18)
20/02/17 00:01:40 INFO FileScanRDD: Reading File path: file:///edw/Reviews/SourceCode/data/asin_reviews.json, range: 2415919104-2508069231, partition values: [empty row]
20/02/17 00:01:40 INFO Executor: Finished task 13.0 in stage 0.0 (TID 13). 2264 bytes result sent to driver
20/02/17 00:01:40 INFO TaskSetManager: Finished task 13.0 in stage 0.0 (TID 13) in 20937 ms on localhost (executor driver) (16/19)
20/02/17 00:01:50 INFO Executor: Finished task 18.0 in stage 0.0 (TID 18). 2264 bytes result sent to driver
20/02/17 00:01:50 INFO TaskSetManager: Finished task 18.0 in stage 0.0 (TID 18) in 10164 ms on localhost (executor driver) (17/19)
20/02/17 00:01:51 INFO Executor: Finished task 16.0 in stage 0.0 (TID 16). 2264 bytes result sent to driver
20/02/17 00:01:51 INFO TaskSetManager: Finished task 16.0 in stage 0.0 (TID 16) in 14986 ms on localhost (executor driver) (18/19)
20/02/17 00:01:53 INFO Executor: Finished task 17.0 in stage 0.0 (TID 17). 2264 bytes result sent to driver
20/02/17 00:01:53 INFO TaskSetManager: Finished task 17.0 in stage 0.0 (TID 17) in 13776 ms on localhost (executor driver) (19/19)
20/02/17 00:01:53 INFO TaskSchedulerImpl: Removed TaskSet 0.0, whose tasks have all completed, from pool 
20/02/17 00:01:53 INFO DAGScheduler: ResultStage 0 (json at NativeMethodAccessorImpl.java:0) finished in 150.829 s
20/02/17 00:01:53 INFO DAGScheduler: Job 0 finished: json at NativeMethodAccessorImpl.java:0, took 151.001764 s
20/02/17 00:01:55 INFO FileSourceStrategy: Pruning directories with: 
20/02/17 00:01:55 INFO FileSourceStrategy: Post-Scan Filters: (cast(cast(CASE WHEN isnull(unixReviewTime#14L) THEN 1990-01-01 ELSE from_unixtime(unixReviewTime#14L, yyyy-MM-dd, Some(Europe/Berlin)) END as date) as string) >= 2011-01-01)
20/02/17 00:01:55 INFO FileSourceStrategy: Output Data Schema: struct<asin: string, overall: double, reviewerID: string, reviewerName: string, unixReviewTime: bigint ... 3 more fields>
20/02/17 00:01:55 INFO FileSourceScanExec: Pushed Filters: 
20/02/17 00:01:55 INFO CodeGenerator: Code generated in 58.7547 ms
20/02/17 00:01:55 INFO MemoryStore: Block broadcast_2 stored as values in memory (estimated size 282.9 KB, free 365.7 MB)
20/02/17 00:01:55 INFO MemoryStore: Block broadcast_2_piece0 stored as bytes in memory (estimated size 23.3 KB, free 365.7 MB)
20/02/17 00:01:55 INFO BlockManagerInfo: Added broadcast_2_piece0 in memory on 192.168.1.25:4912 (size: 23.3 KB, free: 366.2 MB)
20/02/17 00:01:55 INFO SparkContext: Created broadcast 2 from jdbc at NativeMethodAccessorImpl.java:0
20/02/17 00:01:55 INFO FileSourceScanExec: Planning scan with bin packing, max size: 134217728 bytes, open cost is considered as scanning 4194304 bytes.
20/02/17 00:01:55 INFO SparkContext: Starting job: jdbc at NativeMethodAccessorImpl.java:0
20/02/17 00:01:55 INFO DAGScheduler: Got job 1 (jdbc at NativeMethodAccessorImpl.java:0) with 19 output partitions
20/02/17 00:01:55 INFO DAGScheduler: Final stage: ResultStage 1 (jdbc at NativeMethodAccessorImpl.java:0)
20/02/17 00:01:55 INFO DAGScheduler: Parents of final stage: List()
20/02/17 00:01:55 INFO DAGScheduler: Missing parents: List()
20/02/17 00:01:55 INFO DAGScheduler: Submitting ResultStage 1 (MapPartitionsRDD[8] at jdbc at NativeMethodAccessorImpl.java:0), which has no missing parents
20/02/17 00:01:55 INFO MemoryStore: Block broadcast_3 stored as values in memory (estimated size 67.6 KB, free 365.6 MB)
20/02/17 00:01:55 INFO MemoryStore: Block broadcast_3_piece0 stored as bytes in memory (estimated size 31.2 KB, free 365.6 MB)
20/02/17 00:01:55 INFO BlockManagerInfo: Added broadcast_3_piece0 in memory on 192.168.1.25:4912 (size: 31.2 KB, free: 366.2 MB)
20/02/17 00:01:55 INFO SparkContext: Created broadcast 3 from broadcast at DAGScheduler.scala:1163
20/02/17 00:01:55 INFO DAGScheduler: Submitting 19 missing tasks from ResultStage 1 (MapPartitionsRDD[8] at jdbc at NativeMethodAccessorImpl.java:0) (first 15 tasks are for partitions Vector(0, 1, 2, 3, 4, 5, 6, 7, 8, 9, 10, 11, 12, 13, 14))
20/02/17 00:01:55 INFO TaskSchedulerImpl: Adding task set 1.0 with 19 tasks
20/02/17 00:01:55 INFO TaskSetManager: Starting task 0.0 in stage 1.0 (TID 19, localhost, executor driver, partition 0, PROCESS_LOCAL, 8269 bytes)
20/02/17 00:01:55 INFO TaskSetManager: Starting task 1.0 in stage 1.0 (TID 20, localhost, executor driver, partition 1, PROCESS_LOCAL, 8269 bytes)
20/02/17 00:01:55 INFO TaskSetManager: Starting task 2.0 in stage 1.0 (TID 21, localhost, executor driver, partition 2, PROCESS_LOCAL, 8269 bytes)
20/02/17 00:01:55 INFO TaskSetManager: Starting task 3.0 in stage 1.0 (TID 22, localhost, executor driver, partition 3, PROCESS_LOCAL, 8269 bytes)
20/02/17 00:01:55 INFO Executor: Running task 0.0 in stage 1.0 (TID 19)
20/02/17 00:01:55 INFO Executor: Running task 3.0 in stage 1.0 (TID 22)
20/02/17 00:01:55 INFO Executor: Running task 1.0 in stage 1.0 (TID 20)
20/02/17 00:01:55 INFO Executor: Running task 2.0 in stage 1.0 (TID 21)
20/02/17 00:01:55 INFO CodeGenerator: Code generated in 29.7873 ms
20/02/17 00:01:55 INFO FileScanRDD: Reading File path: file:///edw/Reviews/SourceCode/data/asin_reviews.json, range: 0-134217728, partition values: [empty row]
20/02/17 00:01:55 INFO FileScanRDD: Reading File path: file:///edw/Reviews/SourceCode/data/asin_reviews.json, range: 268435456-402653184, partition values: [empty row]
20/02/17 00:01:55 INFO FileScanRDD: Reading File path: file:///edw/Reviews/SourceCode/data/asin_reviews.json, range: 134217728-268435456, partition values: [empty row]
20/02/17 00:01:56 INFO CodeGenerator: Code generated in 26.0951 ms
20/02/17 00:01:56 INFO FileScanRDD: Reading File path: file:///edw/Reviews/SourceCode/data/asin_reviews.json, range: 402653184-536870912, partition values: [empty row]
20/02/17 00:02:12 INFO Executor: Finished task 1.0 in stage 1.0 (TID 20). 1499 bytes result sent to driver
20/02/17 00:02:12 INFO TaskSetManager: Starting task 4.0 in stage 1.0 (TID 23, localhost, executor driver, partition 4, PROCESS_LOCAL, 8269 bytes)
20/02/17 00:02:12 INFO Executor: Running task 4.0 in stage 1.0 (TID 23)
20/02/17 00:02:12 INFO TaskSetManager: Finished task 1.0 in stage 1.0 (TID 20) in 16526 ms on localhost (executor driver) (1/19)
20/02/17 00:02:12 INFO Executor: Finished task 2.0 in stage 1.0 (TID 21). 1542 bytes result sent to driver
20/02/17 00:02:12 INFO TaskSetManager: Starting task 5.0 in stage 1.0 (TID 24, localhost, executor driver, partition 5, PROCESS_LOCAL, 8269 bytes)
20/02/17 00:02:12 INFO TaskSetManager: Finished task 2.0 in stage 1.0 (TID 21) in 16564 ms on localhost (executor driver) (2/19)
20/02/17 00:02:12 INFO Executor: Running task 5.0 in stage 1.0 (TID 24)
20/02/17 00:02:12 INFO FileScanRDD: Reading File path: file:///edw/Reviews/SourceCode/data/asin_reviews.json, range: 671088640-805306368, partition values: [empty row]
20/02/17 00:02:12 INFO Executor: Finished task 3.0 in stage 1.0 (TID 22). 1499 bytes result sent to driver
20/02/17 00:02:12 INFO TaskSetManager: Starting task 6.0 in stage 1.0 (TID 25, localhost, executor driver, partition 6, PROCESS_LOCAL, 8269 bytes)
20/02/17 00:02:12 INFO Executor: Running task 6.0 in stage 1.0 (TID 25)
20/02/17 00:02:12 INFO TaskSetManager: Finished task 3.0 in stage 1.0 (TID 22) in 16908 ms on localhost (executor driver) (3/19)
20/02/17 00:02:12 INFO FileScanRDD: Reading File path: file:///edw/Reviews/SourceCode/data/asin_reviews.json, range: 805306368-939524096, partition values: [empty row]
20/02/17 00:02:12 INFO FileScanRDD: Reading File path: file:///edw/Reviews/SourceCode/data/asin_reviews.json, range: 536870912-671088640, partition values: [empty row]
20/02/17 00:02:13 INFO Executor: Finished task 0.0 in stage 1.0 (TID 19). 1456 bytes result sent to driver
20/02/17 00:02:13 INFO TaskSetManager: Starting task 7.0 in stage 1.0 (TID 26, localhost, executor driver, partition 7, PROCESS_LOCAL, 8269 bytes)
20/02/17 00:02:13 INFO TaskSetManager: Finished task 0.0 in stage 1.0 (TID 19) in 17710 ms on localhost (executor driver) (4/19)
20/02/17 00:02:13 INFO Executor: Running task 7.0 in stage 1.0 (TID 26)
20/02/17 00:02:13 INFO FileScanRDD: Reading File path: file:///edw/Reviews/SourceCode/data/asin_reviews.json, range: 939524096-1073741824, partition values: [empty row]
20/02/17 00:02:23 INFO Executor: Finished task 5.0 in stage 1.0 (TID 24). 1499 bytes result sent to driver
20/02/17 00:02:23 INFO TaskSetManager: Starting task 8.0 in stage 1.0 (TID 27, localhost, executor driver, partition 8, PROCESS_LOCAL, 8269 bytes)
20/02/17 00:02:23 INFO TaskSetManager: Finished task 5.0 in stage 1.0 (TID 24) in 11044 ms on localhost (executor driver) (5/19)
20/02/17 00:02:23 INFO Executor: Running task 8.0 in stage 1.0 (TID 27)
20/02/17 00:02:23 INFO Executor: Finished task 6.0 in stage 1.0 (TID 25). 1499 bytes result sent to driver
20/02/17 00:02:23 INFO TaskSetManager: Starting task 9.0 in stage 1.0 (TID 28, localhost, executor driver, partition 9, PROCESS_LOCAL, 8269 bytes)
20/02/17 00:02:23 INFO TaskSetManager: Finished task 6.0 in stage 1.0 (TID 25) in 11072 ms on localhost (executor driver) (6/19)
20/02/17 00:02:23 INFO Executor: Running task 9.0 in stage 1.0 (TID 28)
20/02/17 00:02:23 INFO Executor: Finished task 4.0 in stage 1.0 (TID 23). 1456 bytes result sent to driver
20/02/17 00:02:23 INFO TaskSetManager: Starting task 10.0 in stage 1.0 (TID 29, localhost, executor driver, partition 10, PROCESS_LOCAL, 8269 bytes)
20/02/17 00:02:23 INFO TaskSetManager: Finished task 4.0 in stage 1.0 (TID 23) in 11469 ms on localhost (executor driver) (7/19)
20/02/17 00:02:23 INFO Executor: Running task 10.0 in stage 1.0 (TID 29)
20/02/17 00:02:23 INFO FileScanRDD: Reading File path: file:///edw/Reviews/SourceCode/data/asin_reviews.json, range: 1342177280-1476395008, partition values: [empty row]
20/02/17 00:02:23 INFO FileScanRDD: Reading File path: file:///edw/Reviews/SourceCode/data/asin_reviews.json, range: 1073741824-1207959552, partition values: [empty row]
20/02/17 00:02:23 INFO FileScanRDD: Reading File path: file:///edw/Reviews/SourceCode/data/asin_reviews.json, range: 1207959552-1342177280, partition values: [empty row]
20/02/17 00:02:23 INFO Executor: Finished task 7.0 in stage 1.0 (TID 26). 1456 bytes result sent to driver
20/02/17 00:02:23 INFO TaskSetManager: Starting task 11.0 in stage 1.0 (TID 30, localhost, executor driver, partition 11, PROCESS_LOCAL, 8269 bytes)
20/02/17 00:02:23 INFO TaskSetManager: Finished task 7.0 in stage 1.0 (TID 26) in 10533 ms on localhost (executor driver) (8/19)
20/02/17 00:02:23 INFO Executor: Running task 11.0 in stage 1.0 (TID 30)
20/02/17 00:02:24 INFO FileScanRDD: Reading File path: file:///edw/Reviews/SourceCode/data/asin_reviews.json, range: 1476395008-1610612736, partition values: [empty row]
20/02/17 00:02:38 INFO Executor: Finished task 8.0 in stage 1.0 (TID 27). 1456 bytes result sent to driver
20/02/17 00:02:38 INFO Executor: Finished task 10.0 in stage 1.0 (TID 29). 1499 bytes result sent to driver
20/02/17 00:02:38 INFO TaskSetManager: Starting task 12.0 in stage 1.0 (TID 31, localhost, executor driver, partition 12, PROCESS_LOCAL, 8269 bytes)
20/02/17 00:02:38 INFO TaskSetManager: Starting task 13.0 in stage 1.0 (TID 32, localhost, executor driver, partition 13, PROCESS_LOCAL, 8269 bytes)
20/02/17 00:02:38 INFO Executor: Running task 12.0 in stage 1.0 (TID 31)
20/02/17 00:02:38 INFO TaskSetManager: Finished task 10.0 in stage 1.0 (TID 29) in 14573 ms on localhost (executor driver) (9/19)
20/02/17 00:02:38 INFO Executor: Running task 13.0 in stage 1.0 (TID 32)
20/02/17 00:02:38 INFO TaskSetManager: Finished task 8.0 in stage 1.0 (TID 27) in 14956 ms on localhost (executor driver) (10/19)
20/02/17 00:02:38 INFO FileScanRDD: Reading File path: file:///edw/Reviews/SourceCode/data/asin_reviews.json, range: 1744830464-1879048192, partition values: [empty row]
20/02/17 00:02:40 INFO Executor: Finished task 11.0 in stage 1.0 (TID 30). 1456 bytes result sent to driver
20/02/17 00:02:40 INFO TaskSetManager: Starting task 14.0 in stage 1.0 (TID 33, localhost, executor driver, partition 14, PROCESS_LOCAL, 8269 bytes)
20/02/17 00:02:40 INFO TaskSetManager: Finished task 11.0 in stage 1.0 (TID 30) in 16182 ms on localhost (executor driver) (11/19)
20/02/17 00:02:40 INFO Executor: Running task 14.0 in stage 1.0 (TID 33)
20/02/17 00:02:41 INFO FileScanRDD: Reading File path: file:///edw/Reviews/SourceCode/data/asin_reviews.json, range: 1610612736-1744830464, partition values: [empty row]
20/02/17 00:02:41 INFO FileScanRDD: Reading File path: file:///edw/Reviews/SourceCode/data/asin_reviews.json, range: 1879048192-2013265920, partition values: [empty row]
20/02/17 00:02:43 INFO Executor: Finished task 9.0 in stage 1.0 (TID 28). 1456 bytes result sent to driver
20/02/17 00:02:43 INFO TaskSetManager: Starting task 15.0 in stage 1.0 (TID 34, localhost, executor driver, partition 15, PROCESS_LOCAL, 8269 bytes)
20/02/17 00:02:43 INFO TaskSetManager: Finished task 9.0 in stage 1.0 (TID 28) in 19938 ms on localhost (executor driver) (12/19)
20/02/17 00:02:43 INFO Executor: Running task 15.0 in stage 1.0 (TID 34)
20/02/17 00:02:43 INFO FileScanRDD: Reading File path: file:///edw/Reviews/SourceCode/data/asin_reviews.json, range: 2013265920-2147483648, partition values: [empty row]
20/02/17 00:03:00 INFO Executor: Finished task 13.0 in stage 1.0 (TID 32). 1499 bytes result sent to driver
20/02/17 00:03:00 INFO TaskSetManager: Starting task 16.0 in stage 1.0 (TID 35, localhost, executor driver, partition 16, PROCESS_LOCAL, 8269 bytes)
20/02/17 00:03:00 INFO TaskSetManager: Finished task 13.0 in stage 1.0 (TID 32) in 22341 ms on localhost (executor driver) (13/19)
20/02/17 00:03:00 INFO Executor: Running task 16.0 in stage 1.0 (TID 35)
20/02/17 00:03:01 INFO FileScanRDD: Reading File path: file:///edw/Reviews/SourceCode/data/asin_reviews.json, range: 2147483648-2281701376, partition values: [empty row]
20/02/17 00:03:01 INFO Executor: Finished task 15.0 in stage 1.0 (TID 34). 1499 bytes result sent to driver
20/02/17 00:03:01 INFO TaskSetManager: Starting task 17.0 in stage 1.0 (TID 36, localhost, executor driver, partition 17, PROCESS_LOCAL, 8269 bytes)
20/02/17 00:03:01 INFO TaskSetManager: Finished task 15.0 in stage 1.0 (TID 34) in 17771 ms on localhost (executor driver) (14/19)
20/02/17 00:03:01 INFO Executor: Running task 17.0 in stage 1.0 (TID 36)
20/02/17 00:03:01 INFO FileScanRDD: Reading File path: file:///edw/Reviews/SourceCode/data/asin_reviews.json, range: 2281701376-2415919104, partition values: [empty row]
20/02/17 00:03:07 INFO Executor: Finished task 12.0 in stage 1.0 (TID 31). 1499 bytes result sent to driver
20/02/17 00:03:07 INFO TaskSetManager: Starting task 18.0 in stage 1.0 (TID 37, localhost, executor driver, partition 18, PROCESS_LOCAL, 8269 bytes)
20/02/17 00:03:07 INFO TaskSetManager: Finished task 12.0 in stage 1.0 (TID 31) in 29034 ms on localhost (executor driver) (15/19)
20/02/17 00:03:07 INFO Executor: Running task 18.0 in stage 1.0 (TID 37)
20/02/17 00:03:07 INFO FileScanRDD: Reading File path: file:///edw/Reviews/SourceCode/data/asin_reviews.json, range: 2415919104-2508069231, partition values: [empty row]
20/02/17 00:03:09 INFO Executor: Finished task 17.0 in stage 1.0 (TID 36). 1499 bytes result sent to driver
20/02/17 00:03:09 INFO TaskSetManager: Finished task 17.0 in stage 1.0 (TID 36) in 8428 ms on localhost (executor driver) (16/19)
20/02/17 00:03:15 INFO Executor: Finished task 14.0 in stage 1.0 (TID 33). 1499 bytes result sent to driver
20/02/17 00:03:15 INFO TaskSetManager: Finished task 14.0 in stage 1.0 (TID 33) in 35669 ms on localhost (executor driver) (17/19)
20/02/17 00:03:24 INFO Executor: Finished task 16.0 in stage 1.0 (TID 35). 1499 bytes result sent to driver
20/02/17 00:03:24 INFO TaskSetManager: Finished task 16.0 in stage 1.0 (TID 35) in 24103 ms on localhost (executor driver) (18/19)
20/02/17 00:03:25 INFO Executor: Finished task 18.0 in stage 1.0 (TID 37). 1456 bytes result sent to driver
20/02/17 00:03:25 INFO TaskSetManager: Finished task 18.0 in stage 1.0 (TID 37) in 18368 ms on localhost (executor driver) (19/19)
20/02/17 00:03:25 INFO TaskSchedulerImpl: Removed TaskSet 1.0, whose tasks have all completed, from pool 
20/02/17 00:03:25 INFO DAGScheduler: ResultStage 1 (jdbc at NativeMethodAccessorImpl.java:0) finished in 90.021 s
20/02/17 00:03:25 INFO DAGScheduler: Job 1 finished: jdbc at NativeMethodAccessorImpl.java:0, took 90.027469 s
20/02/17 00:03:26 INFO SparkContext: Invoking stop() from shutdown hook
20/02/17 00:03:26 INFO SparkUI: Stopped Spark web UI at http://192.168.1.25:4040
20/02/17 00:03:27 INFO MapOutputTrackerMasterEndpoint: MapOutputTrackerMasterEndpoint stopped!
20/02/17 00:03:27 INFO MemoryStore: MemoryStore cleared
20/02/17 00:03:27 INFO BlockManager: BlockManager stopped
20/02/17 00:03:27 INFO BlockManagerMaster: BlockManagerMaster stopped
20/02/17 00:03:27 INFO OutputCommitCoordinator$OutputCommitCoordinatorEndpoint: OutputCommitCoordinator stopped!
20/02/17 00:03:27 INFO SparkContext: Successfully stopped SparkContext
20/02/17 00:03:27 INFO ShutdownHookManager: Shutdown hook called
20/02/17 00:03:27 INFO ShutdownHookManager: Deleting directory /tmp/spark-49d258a2-64db-48a2-8671-adb25d405b86
20/02/17 00:03:27 INFO ShutdownHookManager: Deleting directory /tmp/spark-05a4fdaa-0240-46bc-954b-998b55ca594e
20/02/17 00:03:27 INFO ShutdownHookManager: Deleting directory /tmp/spark-05a4fdaa-0240-46bc-954b-998b55ca594e/pyspark-47557605-9120-4dbf-8d0d-1c07073db10b
###################################################################################################################################
###################################################################################################################################
Job completed successfully
###################################################################################################################################
###################################################################################################################################
