###################################################################################################################################
###################################################################################################################################
Load to stage in progress
###################################################################################################################################
###################################################################################################################################
20/02/16 21:46:25 WARN Utils: Your hostname, DESKTOP-502C4I4 resolves to a loopback address: 127.0.1.1; using 192.168.1.25 instead (on interface wifi0)
20/02/16 21:46:25 WARN Utils: Set SPARK_LOCAL_IP if you need to bind to another address
20/02/16 21:46:49 WARN NativeCodeLoader: Unable to load native-hadoop library for your platform... using builtin-java classes where applicable
Using Spark's default log4j profile: org/apache/spark/log4j-defaults.properties
20/02/16 21:47:57 INFO SparkContext: Running Spark version 2.4.5
20/02/16 21:47:58 INFO SparkContext: Submitted application: ReviewsOdsSession
20/02/16 21:48:01 INFO SecurityManager: Changing view acls to: devetluser
20/02/16 21:48:01 INFO SecurityManager: Changing modify acls to: devetluser
20/02/16 21:48:01 INFO SecurityManager: Changing view acls groups to: 
20/02/16 21:48:01 INFO SecurityManager: Changing modify acls groups to: 
20/02/16 21:48:01 INFO SecurityManager: SecurityManager: authentication disabled; ui acls disabled; users  with view permissions: Set(devetluser); groups with view permissions: Set(); users  with modify permissions: Set(devetluser); groups with modify permissions: Set()
20/02/16 21:48:09 INFO Utils: Successfully started service 'sparkDriver' on port 6893.
20/02/16 21:48:10 INFO SparkEnv: Registering MapOutputTracker
20/02/16 21:48:10 INFO SparkEnv: Registering BlockManagerMaster
20/02/16 21:48:10 INFO BlockManagerMasterEndpoint: Using org.apache.spark.storage.DefaultTopologyMapper for getting topology information
20/02/16 21:48:10 INFO BlockManagerMasterEndpoint: BlockManagerMasterEndpoint up
20/02/16 21:48:10 INFO DiskBlockManager: Created local directory at /tmp/blockmgr-a7d54379-0e6a-4844-b885-1d16adbe3f8b
20/02/16 21:48:11 INFO MemoryStore: MemoryStore started with capacity 366.3 MB
20/02/16 21:48:12 INFO SparkEnv: Registering OutputCommitCoordinator
20/02/16 21:48:15 INFO Utils: Successfully started service 'SparkUI' on port 4040.
20/02/16 21:48:16 INFO SparkUI: Bound SparkUI to 0.0.0.0, and started at http://192.168.1.25:4040
20/02/16 21:48:20 INFO Executor: Starting executor ID driver on host localhost
20/02/16 21:48:22 INFO Utils: Successfully started service 'org.apache.spark.network.netty.NettyBlockTransferService' on port 6928.
20/02/16 21:48:22 INFO NettyBlockTransferService: Server created on 192.168.1.25:6928
20/02/16 21:48:22 INFO BlockManager: Using org.apache.spark.storage.RandomBlockReplicationPolicy for block replication policy
20/02/16 21:48:22 INFO BlockManagerMaster: Registering BlockManager BlockManagerId(driver, 192.168.1.25, 6928, None)
20/02/16 21:48:22 INFO BlockManagerMasterEndpoint: Registering block manager 192.168.1.25:6928 with 366.3 MB RAM, BlockManagerId(driver, 192.168.1.25, 6928, None)
20/02/16 21:48:23 INFO BlockManagerMaster: Registered BlockManager BlockManagerId(driver, 192.168.1.25, 6928, None)
20/02/16 21:48:23 INFO BlockManager: Initialized BlockManager: BlockManagerId(driver, 192.168.1.25, 6928, None)
20/02/16 21:48:33 INFO SharedState: Setting hive.metastore.warehouse.dir ('null') to the value of spark.sql.warehouse.dir ('file:/edw/Reviews/SourceCode/bash/spark-warehouse').
20/02/16 21:48:33 INFO SharedState: Warehouse path is 'file:/edw/Reviews/SourceCode/bash/spark-warehouse'.
20/02/16 21:48:37 INFO StateStoreCoordinatorRef: Registered StateStoreCoordinator endpoint
20/02/16 21:48:44 INFO InMemoryFileIndex: It took 977 ms to list leaf files for 1 paths.
20/02/16 21:48:45 INFO InMemoryFileIndex: It took 3 ms to list leaf files for 1 paths.
20/02/16 21:48:55 INFO FileSourceStrategy: Pruning directories with: 
20/02/16 21:48:55 INFO FileSourceStrategy: Post-Scan Filters: 
20/02/16 21:48:55 INFO FileSourceStrategy: Output Data Schema: struct<value: string>
20/02/16 21:48:55 INFO FileSourceScanExec: Pushed Filters: 
20/02/16 21:49:08 INFO CodeGenerator: Code generated in 1161.0939 ms
20/02/16 21:49:11 INFO MemoryStore: Block broadcast_0 stored as values in memory (estimated size 282.9 KB, free 366.0 MB)
20/02/16 21:49:13 INFO MemoryStore: Block broadcast_0_piece0 stored as bytes in memory (estimated size 23.3 KB, free 366.0 MB)
20/02/16 21:49:13 INFO BlockManagerInfo: Added broadcast_0_piece0 in memory on 192.168.1.25:6928 (size: 23.3 KB, free: 366.3 MB)
20/02/16 21:49:13 INFO SparkContext: Created broadcast 0 from json at NativeMethodAccessorImpl.java:0
20/02/16 21:49:13 INFO FileSourceScanExec: Planning scan with bin packing, max size: 134217728 bytes, open cost is considered as scanning 4194304 bytes.
20/02/16 21:49:15 INFO SparkContext: Starting job: json at NativeMethodAccessorImpl.java:0
20/02/16 21:49:16 INFO DAGScheduler: Got job 0 (json at NativeMethodAccessorImpl.java:0) with 26 output partitions
20/02/16 21:49:16 INFO DAGScheduler: Final stage: ResultStage 0 (json at NativeMethodAccessorImpl.java:0)
20/02/16 21:49:16 INFO DAGScheduler: Parents of final stage: List()
20/02/16 21:49:16 INFO DAGScheduler: Missing parents: List()
20/02/16 21:49:16 INFO DAGScheduler: Submitting ResultStage 0 (MapPartitionsRDD[3] at json at NativeMethodAccessorImpl.java:0), which has no missing parents
20/02/16 21:49:17 INFO MemoryStore: Block broadcast_1 stored as values in memory (estimated size 11.6 KB, free 366.0 MB)
20/02/16 21:49:17 INFO MemoryStore: Block broadcast_1_piece0 stored as bytes in memory (estimated size 6.7 KB, free 366.0 MB)
20/02/16 21:49:17 INFO BlockManagerInfo: Added broadcast_1_piece0 in memory on 192.168.1.25:6928 (size: 6.7 KB, free: 366.3 MB)
20/02/16 21:49:17 INFO SparkContext: Created broadcast 1 from broadcast at DAGScheduler.scala:1163
20/02/16 21:49:17 INFO DAGScheduler: Submitting 26 missing tasks from ResultStage 0 (MapPartitionsRDD[3] at json at NativeMethodAccessorImpl.java:0) (first 15 tasks are for partitions Vector(0, 1, 2, 3, 4, 5, 6, 7, 8, 9, 10, 11, 12, 13, 14))
20/02/16 21:49:17 INFO TaskSchedulerImpl: Adding task set 0.0 with 26 tasks
20/02/16 21:49:17 INFO TaskSetManager: Starting task 0.0 in stage 0.0 (TID 0, localhost, executor driver, partition 0, PROCESS_LOCAL, 8269 bytes)
20/02/16 21:49:17 INFO TaskSetManager: Starting task 1.0 in stage 0.0 (TID 1, localhost, executor driver, partition 1, PROCESS_LOCAL, 8269 bytes)
20/02/16 21:49:17 INFO TaskSetManager: Starting task 2.0 in stage 0.0 (TID 2, localhost, executor driver, partition 2, PROCESS_LOCAL, 8269 bytes)
20/02/16 21:49:17 INFO TaskSetManager: Starting task 3.0 in stage 0.0 (TID 3, localhost, executor driver, partition 3, PROCESS_LOCAL, 8269 bytes)
20/02/16 21:49:17 INFO Executor: Running task 3.0 in stage 0.0 (TID 3)
20/02/16 21:49:17 INFO Executor: Running task 0.0 in stage 0.0 (TID 0)
20/02/16 21:49:17 INFO Executor: Running task 1.0 in stage 0.0 (TID 1)
20/02/16 21:49:17 INFO Executor: Running task 2.0 in stage 0.0 (TID 2)
20/02/16 21:49:18 INFO FileScanRDD: Reading File path: file:///edw/Reviews/SourceCode/data/asin_reviews.json, range: 0-134217728, partition values: [empty row]
20/02/16 21:49:18 INFO FileScanRDD: Reading File path: file:///edw/Reviews/SourceCode/data/asin_reviews.json, range: 268435456-402653184, partition values: [empty row]
20/02/16 21:49:18 INFO FileScanRDD: Reading File path: file:///edw/Reviews/SourceCode/data/asin_reviews.json, range: 402653184-536870912, partition values: [empty row]
20/02/16 21:49:18 INFO FileScanRDD: Reading File path: file:///edw/Reviews/SourceCode/data/asin_reviews.json, range: 134217728-268435456, partition values: [empty row]
20/02/16 21:49:18 INFO CodeGenerator: Code generated in 32.4506 ms
20/02/16 21:50:26 INFO Executor: Finished task 3.0 in stage 0.0 (TID 3). 2307 bytes result sent to driver
20/02/16 21:50:26 INFO TaskSetManager: Starting task 4.0 in stage 0.0 (TID 4, localhost, executor driver, partition 4, PROCESS_LOCAL, 8269 bytes)
20/02/16 21:50:26 INFO Executor: Running task 4.0 in stage 0.0 (TID 4)
20/02/16 21:50:26 INFO FileScanRDD: Reading File path: file:///edw/Reviews/SourceCode/data/asin_reviews.json, range: 536870912-671088640, partition values: [empty row]
20/02/16 21:50:26 INFO TaskSetManager: Finished task 3.0 in stage 0.0 (TID 3) in 68326 ms on localhost (executor driver) (1/26)
20/02/16 21:50:29 INFO Executor: Finished task 2.0 in stage 0.0 (TID 2). 2307 bytes result sent to driver
20/02/16 21:50:29 INFO TaskSetManager: Starting task 5.0 in stage 0.0 (TID 5, localhost, executor driver, partition 5, PROCESS_LOCAL, 8269 bytes)
20/02/16 21:50:29 INFO Executor: Running task 5.0 in stage 0.0 (TID 5)
20/02/16 21:50:29 INFO TaskSetManager: Finished task 2.0 in stage 0.0 (TID 2) in 71911 ms on localhost (executor driver) (2/26)
20/02/16 21:50:29 INFO FileScanRDD: Reading File path: file:///edw/Reviews/SourceCode/data/asin_reviews.json, range: 671088640-805306368, partition values: [empty row]
20/02/16 21:51:26 INFO Executor: Finished task 0.0 in stage 0.0 (TID 0). 2307 bytes result sent to driver
20/02/16 21:51:26 INFO TaskSetManager: Starting task 6.0 in stage 0.0 (TID 6, localhost, executor driver, partition 6, PROCESS_LOCAL, 8269 bytes)
20/02/16 21:51:26 INFO TaskSetManager: Finished task 0.0 in stage 0.0 (TID 0) in 129089 ms on localhost (executor driver) (3/26)
20/02/16 21:51:26 INFO Executor: Running task 6.0 in stage 0.0 (TID 6)
20/02/16 21:51:26 INFO FileScanRDD: Reading File path: file:///edw/Reviews/SourceCode/data/asin_reviews.json, range: 805306368-939524096, partition values: [empty row]
20/02/16 21:51:52 INFO Executor: Finished task 1.0 in stage 0.0 (TID 1). 2307 bytes result sent to driver
20/02/16 21:51:52 INFO TaskSetManager: Starting task 7.0 in stage 0.0 (TID 7, localhost, executor driver, partition 7, PROCESS_LOCAL, 8269 bytes)
20/02/16 21:51:52 INFO Executor: Running task 7.0 in stage 0.0 (TID 7)
20/02/16 21:51:52 INFO TaskSetManager: Finished task 1.0 in stage 0.0 (TID 1) in 155014 ms on localhost (executor driver) (4/26)
20/02/16 21:51:52 INFO FileScanRDD: Reading File path: file:///edw/Reviews/SourceCode/data/asin_reviews.json, range: 939524096-1073741824, partition values: [empty row]
20/02/16 21:52:39 INFO Executor: Finished task 4.0 in stage 0.0 (TID 4). 2264 bytes result sent to driver
20/02/16 21:52:39 INFO TaskSetManager: Starting task 8.0 in stage 0.0 (TID 8, localhost, executor driver, partition 8, PROCESS_LOCAL, 8269 bytes)
20/02/16 21:52:39 INFO TaskSetManager: Finished task 4.0 in stage 0.0 (TID 4) in 133022 ms on localhost (executor driver) (5/26)
20/02/16 21:52:39 INFO Executor: Running task 8.0 in stage 0.0 (TID 8)
20/02/16 21:52:39 INFO FileScanRDD: Reading File path: file:///edw/Reviews/SourceCode/data/asin_reviews.json, range: 1073741824-1207959552, partition values: [empty row]
20/02/16 21:52:45 INFO Executor: Finished task 5.0 in stage 0.0 (TID 5). 2350 bytes result sent to driver
20/02/16 21:52:45 INFO TaskSetManager: Starting task 9.0 in stage 0.0 (TID 9, localhost, executor driver, partition 9, PROCESS_LOCAL, 8269 bytes)
20/02/16 21:52:45 INFO Executor: Running task 9.0 in stage 0.0 (TID 9)
20/02/16 21:52:45 INFO TaskSetManager: Finished task 5.0 in stage 0.0 (TID 5) in 136011 ms on localhost (executor driver) (6/26)
20/02/16 21:52:45 INFO FileScanRDD: Reading File path: file:///edw/Reviews/SourceCode/data/asin_reviews.json, range: 1207959552-1342177280, partition values: [empty row]
20/02/16 21:53:16 INFO Executor: Finished task 6.0 in stage 0.0 (TID 6). 2264 bytes result sent to driver
20/02/16 21:53:16 INFO TaskSetManager: Starting task 10.0 in stage 0.0 (TID 10, localhost, executor driver, partition 10, PROCESS_LOCAL, 8269 bytes)
20/02/16 21:53:16 INFO TaskSetManager: Finished task 6.0 in stage 0.0 (TID 6) in 110017 ms on localhost (executor driver) (7/26)
20/02/16 21:53:16 INFO Executor: Running task 10.0 in stage 0.0 (TID 10)
20/02/16 21:53:16 INFO FileScanRDD: Reading File path: file:///edw/Reviews/SourceCode/data/asin_reviews.json, range: 1342177280-1476395008, partition values: [empty row]
20/02/16 21:53:45 INFO Executor: Finished task 7.0 in stage 0.0 (TID 7). 2307 bytes result sent to driver
20/02/16 21:53:45 INFO TaskSetManager: Starting task 11.0 in stage 0.0 (TID 11, localhost, executor driver, partition 11, PROCESS_LOCAL, 8269 bytes)
20/02/16 21:53:45 INFO Executor: Running task 11.0 in stage 0.0 (TID 11)
20/02/16 21:53:45 INFO TaskSetManager: Finished task 7.0 in stage 0.0 (TID 7) in 113072 ms on localhost (executor driver) (8/26)
20/02/16 21:53:45 INFO FileScanRDD: Reading File path: file:///edw/Reviews/SourceCode/data/asin_reviews.json, range: 1476395008-1610612736, partition values: [empty row]
20/02/16 21:54:26 INFO Executor: Finished task 8.0 in stage 0.0 (TID 8). 2307 bytes result sent to driver
20/02/16 21:54:26 INFO TaskSetManager: Starting task 12.0 in stage 0.0 (TID 12, localhost, executor driver, partition 12, PROCESS_LOCAL, 8269 bytes)
20/02/16 21:54:26 INFO Executor: Running task 12.0 in stage 0.0 (TID 12)
20/02/16 21:54:26 INFO TaskSetManager: Finished task 8.0 in stage 0.0 (TID 8) in 107156 ms on localhost (executor driver) (9/26)
20/02/16 21:54:26 INFO FileScanRDD: Reading File path: file:///edw/Reviews/SourceCode/data/asin_reviews.json, range: 1610612736-1744830464, partition values: [empty row]
20/02/16 21:54:27 INFO Executor: Finished task 9.0 in stage 0.0 (TID 9). 2264 bytes result sent to driver
20/02/16 21:54:27 INFO TaskSetManager: Starting task 13.0 in stage 0.0 (TID 13, localhost, executor driver, partition 13, PROCESS_LOCAL, 8269 bytes)
20/02/16 21:54:27 INFO Executor: Running task 13.0 in stage 0.0 (TID 13)
20/02/16 21:54:27 INFO TaskSetManager: Finished task 9.0 in stage 0.0 (TID 9) in 101732 ms on localhost (executor driver) (10/26)
20/02/16 21:54:27 INFO FileScanRDD: Reading File path: file:///edw/Reviews/SourceCode/data/asin_reviews.json, range: 1744830464-1879048192, partition values: [empty row]
20/02/16 21:54:49 INFO Executor: Finished task 10.0 in stage 0.0 (TID 10). 2264 bytes result sent to driver
20/02/16 21:54:49 INFO TaskSetManager: Starting task 14.0 in stage 0.0 (TID 14, localhost, executor driver, partition 14, PROCESS_LOCAL, 8269 bytes)
20/02/16 21:54:49 INFO TaskSetManager: Finished task 10.0 in stage 0.0 (TID 10) in 92934 ms on localhost (executor driver) (11/26)
20/02/16 21:54:49 INFO Executor: Running task 14.0 in stage 0.0 (TID 14)
20/02/16 21:54:49 INFO FileScanRDD: Reading File path: file:///edw/Reviews/SourceCode/data/asin_reviews.json, range: 1879048192-2013265920, partition values: [empty row]
20/02/16 21:55:20 INFO Executor: Finished task 11.0 in stage 0.0 (TID 11). 2264 bytes result sent to driver
20/02/16 21:55:20 INFO TaskSetManager: Starting task 15.0 in stage 0.0 (TID 15, localhost, executor driver, partition 15, PROCESS_LOCAL, 8269 bytes)
20/02/16 21:55:20 INFO Executor: Running task 15.0 in stage 0.0 (TID 15)
20/02/16 21:55:20 INFO TaskSetManager: Finished task 11.0 in stage 0.0 (TID 11) in 95081 ms on localhost (executor driver) (12/26)
20/02/16 21:55:20 INFO FileScanRDD: Reading File path: file:///edw/Reviews/SourceCode/data/asin_reviews.json, range: 2013265920-2147483648, partition values: [empty row]
20/02/16 21:55:48 INFO Executor: Finished task 12.0 in stage 0.0 (TID 12). 2264 bytes result sent to driver
20/02/16 21:55:48 INFO TaskSetManager: Starting task 16.0 in stage 0.0 (TID 16, localhost, executor driver, partition 16, PROCESS_LOCAL, 8269 bytes)
20/02/16 21:55:48 INFO Executor: Running task 16.0 in stage 0.0 (TID 16)
20/02/16 21:55:48 INFO TaskSetManager: Finished task 12.0 in stage 0.0 (TID 12) in 82556 ms on localhost (executor driver) (13/26)
20/02/16 21:55:48 INFO FileScanRDD: Reading File path: file:///edw/Reviews/SourceCode/data/asin_reviews.json, range: 2147483648-2281701376, partition values: [empty row]
20/02/16 21:55:57 INFO Executor: Finished task 13.0 in stage 0.0 (TID 13). 2307 bytes result sent to driver
20/02/16 21:55:57 INFO TaskSetManager: Starting task 17.0 in stage 0.0 (TID 17, localhost, executor driver, partition 17, PROCESS_LOCAL, 8269 bytes)
20/02/16 21:55:57 INFO TaskSetManager: Finished task 13.0 in stage 0.0 (TID 13) in 89973 ms on localhost (executor driver) (14/26)
20/02/16 21:55:57 INFO Executor: Running task 17.0 in stage 0.0 (TID 17)
20/02/16 21:55:57 INFO FileScanRDD: Reading File path: file:///edw/Reviews/SourceCode/data/asin_reviews.json, range: 2281701376-2415919104, partition values: [empty row]
20/02/16 21:56:42 INFO Executor: Finished task 14.0 in stage 0.0 (TID 14). 2350 bytes result sent to driver
20/02/16 21:56:42 INFO TaskSetManager: Starting task 18.0 in stage 0.0 (TID 18, localhost, executor driver, partition 18, PROCESS_LOCAL, 8269 bytes)
20/02/16 21:56:42 INFO Executor: Running task 18.0 in stage 0.0 (TID 18)
20/02/16 21:56:42 INFO TaskSetManager: Finished task 14.0 in stage 0.0 (TID 14) in 112833 ms on localhost (executor driver) (15/26)
20/02/16 21:56:42 INFO FileScanRDD: Reading File path: file:///edw/Reviews/SourceCode/data/asin_reviews.json, range: 2415919104-2550136832, partition values: [empty row]
20/02/16 21:57:06 INFO Executor: Finished task 15.0 in stage 0.0 (TID 15). 2264 bytes result sent to driver
20/02/16 21:57:06 INFO TaskSetManager: Starting task 19.0 in stage 0.0 (TID 19, localhost, executor driver, partition 19, PROCESS_LOCAL, 8269 bytes)
20/02/16 21:57:06 INFO Executor: Running task 19.0 in stage 0.0 (TID 19)
20/02/16 21:57:06 INFO TaskSetManager: Finished task 15.0 in stage 0.0 (TID 15) in 105741 ms on localhost (executor driver) (16/26)
20/02/16 21:57:06 INFO FileScanRDD: Reading File path: file:///edw/Reviews/SourceCode/data/asin_reviews.json, range: 2550136832-2684354560, partition values: [empty row]
20/02/16 21:57:39 INFO Executor: Finished task 17.0 in stage 0.0 (TID 17). 2307 bytes result sent to driver
20/02/16 21:57:39 INFO TaskSetManager: Starting task 20.0 in stage 0.0 (TID 20, localhost, executor driver, partition 20, PROCESS_LOCAL, 8269 bytes)
20/02/16 21:57:39 INFO Executor: Running task 20.0 in stage 0.0 (TID 20)
20/02/16 21:57:39 INFO TaskSetManager: Finished task 17.0 in stage 0.0 (TID 17) in 101968 ms on localhost (executor driver) (17/26)
20/02/16 21:57:39 INFO FileScanRDD: Reading File path: file:///edw/Reviews/SourceCode/data/asin_reviews.json, range: 2684354560-2818572288, partition values: [empty row]
20/02/16 21:57:40 INFO Executor: Finished task 16.0 in stage 0.0 (TID 16). 2307 bytes result sent to driver
20/02/16 21:57:40 INFO TaskSetManager: Starting task 21.0 in stage 0.0 (TID 21, localhost, executor driver, partition 21, PROCESS_LOCAL, 8269 bytes)
20/02/16 21:57:40 INFO TaskSetManager: Finished task 16.0 in stage 0.0 (TID 16) in 111332 ms on localhost (executor driver) (18/26)
20/02/16 21:57:40 INFO Executor: Running task 21.0 in stage 0.0 (TID 21)
20/02/16 21:57:40 INFO FileScanRDD: Reading File path: file:///edw/Reviews/SourceCode/data/asin_reviews.json, range: 2818572288-2952790016, partition values: [empty row]
20/02/16 21:57:54 INFO Executor: Finished task 18.0 in stage 0.0 (TID 18). 2264 bytes result sent to driver
20/02/16 21:57:54 INFO TaskSetManager: Starting task 22.0 in stage 0.0 (TID 22, localhost, executor driver, partition 22, PROCESS_LOCAL, 8269 bytes)
20/02/16 21:57:54 INFO Executor: Running task 22.0 in stage 0.0 (TID 22)
20/02/16 21:57:54 INFO TaskSetManager: Finished task 18.0 in stage 0.0 (TID 18) in 71925 ms on localhost (executor driver) (19/26)
20/02/16 21:57:54 INFO FileScanRDD: Reading File path: file:///edw/Reviews/SourceCode/data/asin_reviews.json, range: 2952790016-3087007744, partition values: [empty row]
20/02/16 21:58:20 INFO Executor: Finished task 19.0 in stage 0.0 (TID 19). 2264 bytes result sent to driver
20/02/16 21:58:20 INFO TaskSetManager: Starting task 23.0 in stage 0.0 (TID 23, localhost, executor driver, partition 23, PROCESS_LOCAL, 8269 bytes)
20/02/16 21:58:20 INFO TaskSetManager: Finished task 19.0 in stage 0.0 (TID 19) in 73617 ms on localhost (executor driver) (20/26)
20/02/16 21:58:20 INFO Executor: Running task 23.0 in stage 0.0 (TID 23)
20/02/16 21:58:20 INFO FileScanRDD: Reading File path: file:///edw/Reviews/SourceCode/data/asin_reviews.json, range: 3087007744-3221225472, partition values: [empty row]
20/02/16 21:58:55 INFO Executor: Finished task 20.0 in stage 0.0 (TID 20). 2307 bytes result sent to driver
20/02/16 21:58:55 INFO TaskSetManager: Starting task 24.0 in stage 0.0 (TID 24, localhost, executor driver, partition 24, PROCESS_LOCAL, 8269 bytes)
20/02/16 21:58:55 INFO Executor: Running task 24.0 in stage 0.0 (TID 24)
20/02/16 21:58:55 INFO TaskSetManager: Finished task 20.0 in stage 0.0 (TID 20) in 76171 ms on localhost (executor driver) (21/26)
20/02/16 21:58:55 INFO FileScanRDD: Reading File path: file:///edw/Reviews/SourceCode/data/asin_reviews.json, range: 3221225472-3355443200, partition values: [empty row]
20/02/16 21:58:55 INFO Executor: Finished task 21.0 in stage 0.0 (TID 21). 2264 bytes result sent to driver
20/02/16 21:58:55 INFO TaskSetManager: Starting task 25.0 in stage 0.0 (TID 25, localhost, executor driver, partition 25, PROCESS_LOCAL, 8269 bytes)
20/02/16 21:58:55 INFO Executor: Running task 25.0 in stage 0.0 (TID 25)
20/02/16 21:58:55 INFO TaskSetManager: Finished task 21.0 in stage 0.0 (TID 21) in 75598 ms on localhost (executor driver) (22/26)
20/02/16 21:58:55 INFO FileScanRDD: Reading File path: file:///edw/Reviews/SourceCode/data/asin_reviews.json, range: 3355443200-3359353934, partition values: [empty row]
20/02/16 21:58:58 INFO Executor: Finished task 25.0 in stage 0.0 (TID 25). 2307 bytes result sent to driver
20/02/16 21:59:08 INFO TaskSetManager: Finished task 25.0 in stage 0.0 (TID 25) in 12852 ms on localhost (executor driver) (23/26)
20/02/16 21:59:21 INFO Executor: Finished task 22.0 in stage 0.0 (TID 22). 2264 bytes result sent to driver
20/02/16 21:59:21 INFO TaskSetManager: Finished task 22.0 in stage 0.0 (TID 22) in 87168 ms on localhost (executor driver) (24/26)
20/02/16 22:00:42 INFO Executor: Finished task 23.0 in stage 0.0 (TID 23). 2307 bytes result sent to driver
20/02/16 22:00:42 INFO TaskSetManager: Finished task 23.0 in stage 0.0 (TID 23) in 141833 ms on localhost (executor driver) (25/26)
20/02/16 22:02:57 INFO Executor: Finished task 24.0 in stage 0.0 (TID 24). 2264 bytes result sent to driver
20/02/16 22:02:57 INFO TaskSetManager: Finished task 24.0 in stage 0.0 (TID 24) in 242299 ms on localhost (executor driver) (26/26)
20/02/16 22:02:57 INFO TaskSchedulerImpl: Removed TaskSet 0.0, whose tasks have all completed, from pool 
20/02/16 22:02:57 INFO DAGScheduler: ResultStage 0 (json at NativeMethodAccessorImpl.java:0) finished in 821.687 s
20/02/16 22:02:59 INFO DAGScheduler: Job 0 finished: json at NativeMethodAccessorImpl.java:0, took 824.065451 s
20/02/16 22:03:52 INFO FileSourceStrategy: Pruning directories with: 
20/02/16 22:03:52 INFO FileSourceStrategy: Post-Scan Filters: (cast(cast(CASE WHEN isnull(unixReviewTime#14L) THEN 1990-01-01 ELSE from_unixtime(unixReviewTime#14L, yyyy-MM-dd, Some(Europe/Berlin)) END as date) as string) >= 2011-01-01)
20/02/16 22:03:52 INFO FileSourceStrategy: Output Data Schema: struct<asin: string, overall: double, reviewerID: string, reviewerName: string, unixReviewTime: bigint ... 3 more fields>
20/02/16 22:03:52 INFO FileSourceScanExec: Pushed Filters: 
20/02/16 22:03:55 INFO CodeGenerator: Code generated in 458.6184 ms
20/02/16 22:03:55 INFO MemoryStore: Block broadcast_2 stored as values in memory (estimated size 282.9 KB, free 365.7 MB)
20/02/16 22:03:56 INFO MemoryStore: Block broadcast_2_piece0 stored as bytes in memory (estimated size 23.3 KB, free 365.7 MB)
20/02/16 22:03:56 INFO BlockManagerInfo: Added broadcast_2_piece0 in memory on 192.168.1.25:6928 (size: 23.3 KB, free: 366.2 MB)
20/02/16 22:03:56 INFO SparkContext: Created broadcast 2 from jdbc at NativeMethodAccessorImpl.java:0
20/02/16 22:03:56 INFO FileSourceScanExec: Planning scan with bin packing, max size: 134217728 bytes, open cost is considered as scanning 4194304 bytes.
20/02/16 22:03:59 INFO SparkContext: Starting job: jdbc at NativeMethodAccessorImpl.java:0
20/02/16 22:03:59 INFO DAGScheduler: Got job 1 (jdbc at NativeMethodAccessorImpl.java:0) with 26 output partitions
20/02/16 22:03:59 INFO DAGScheduler: Final stage: ResultStage 1 (jdbc at NativeMethodAccessorImpl.java:0)
20/02/16 22:03:59 INFO DAGScheduler: Parents of final stage: List()
20/02/16 22:03:59 INFO DAGScheduler: Missing parents: List()
20/02/16 22:03:59 INFO DAGScheduler: Submitting ResultStage 1 (MapPartitionsRDD[8] at jdbc at NativeMethodAccessorImpl.java:0), which has no missing parents
20/02/16 22:04:00 INFO MemoryStore: Block broadcast_3 stored as values in memory (estimated size 67.6 KB, free 365.6 MB)
20/02/16 22:04:00 INFO MemoryStore: Block broadcast_3_piece0 stored as bytes in memory (estimated size 31.2 KB, free 365.6 MB)
20/02/16 22:04:00 INFO BlockManagerInfo: Added broadcast_3_piece0 in memory on 192.168.1.25:6928 (size: 31.2 KB, free: 366.2 MB)
20/02/16 22:04:00 INFO SparkContext: Created broadcast 3 from broadcast at DAGScheduler.scala:1163
20/02/16 22:04:00 INFO DAGScheduler: Submitting 26 missing tasks from ResultStage 1 (MapPartitionsRDD[8] at jdbc at NativeMethodAccessorImpl.java:0) (first 15 tasks are for partitions Vector(0, 1, 2, 3, 4, 5, 6, 7, 8, 9, 10, 11, 12, 13, 14))
20/02/16 22:04:00 INFO TaskSchedulerImpl: Adding task set 1.0 with 26 tasks
20/02/16 22:04:00 INFO TaskSetManager: Starting task 0.0 in stage 1.0 (TID 26, localhost, executor driver, partition 0, PROCESS_LOCAL, 8269 bytes)
20/02/16 22:04:00 INFO TaskSetManager: Starting task 1.0 in stage 1.0 (TID 27, localhost, executor driver, partition 1, PROCESS_LOCAL, 8269 bytes)
20/02/16 22:04:00 INFO TaskSetManager: Starting task 2.0 in stage 1.0 (TID 28, localhost, executor driver, partition 2, PROCESS_LOCAL, 8269 bytes)
20/02/16 22:04:00 INFO TaskSetManager: Starting task 3.0 in stage 1.0 (TID 29, localhost, executor driver, partition 3, PROCESS_LOCAL, 8269 bytes)
20/02/16 22:04:00 INFO Executor: Running task 1.0 in stage 1.0 (TID 27)
20/02/16 22:04:00 INFO Executor: Running task 0.0 in stage 1.0 (TID 26)
20/02/16 22:04:00 INFO Executor: Running task 3.0 in stage 1.0 (TID 29)
20/02/16 22:04:00 INFO Executor: Running task 2.0 in stage 1.0 (TID 28)
20/02/16 22:04:02 INFO CodeGenerator: Code generated in 43.7998 ms
20/02/16 22:04:03 INFO FileScanRDD: Reading File path: file:///edw/Reviews/SourceCode/data/asin_reviews.json, range: 0-134217728, partition values: [empty row]
20/02/16 22:04:03 INFO FileScanRDD: Reading File path: file:///edw/Reviews/SourceCode/data/asin_reviews.json, range: 402653184-536870912, partition values: [empty row]
20/02/16 22:04:03 INFO FileScanRDD: Reading File path: file:///edw/Reviews/SourceCode/data/asin_reviews.json, range: 268435456-402653184, partition values: [empty row]
20/02/16 22:04:03 INFO FileScanRDD: Reading File path: file:///edw/Reviews/SourceCode/data/asin_reviews.json, range: 134217728-268435456, partition values: [empty row]
20/02/16 22:04:03 INFO CodeGenerator: Code generated in 29.369 ms
20/02/16 22:07:07 INFO Executor: Finished task 0.0 in stage 1.0 (TID 26). 1499 bytes result sent to driver
20/02/16 22:07:07 INFO TaskSetManager: Starting task 4.0 in stage 1.0 (TID 30, localhost, executor driver, partition 4, PROCESS_LOCAL, 8269 bytes)
20/02/16 22:07:07 INFO TaskSetManager: Finished task 0.0 in stage 1.0 (TID 26) in 186673 ms on localhost (executor driver) (1/26)
20/02/16 22:07:07 INFO Executor: Running task 4.0 in stage 1.0 (TID 30)
20/02/16 22:07:07 INFO FileScanRDD: Reading File path: file:///edw/Reviews/SourceCode/data/asin_reviews.json, range: 536870912-671088640, partition values: [empty row]
20/02/16 22:07:11 INFO Executor: Finished task 1.0 in stage 1.0 (TID 27). 1456 bytes result sent to driver
20/02/16 22:07:11 INFO TaskSetManager: Starting task 5.0 in stage 1.0 (TID 31, localhost, executor driver, partition 5, PROCESS_LOCAL, 8269 bytes)
20/02/16 22:07:11 INFO TaskSetManager: Finished task 1.0 in stage 1.0 (TID 27) in 190882 ms on localhost (executor driver) (2/26)
20/02/16 22:07:11 INFO Executor: Running task 5.0 in stage 1.0 (TID 31)
20/02/16 22:07:11 INFO FileScanRDD: Reading File path: file:///edw/Reviews/SourceCode/data/asin_reviews.json, range: 671088640-805306368, partition values: [empty row]
20/02/16 22:07:16 INFO Executor: Finished task 2.0 in stage 1.0 (TID 28). 1456 bytes result sent to driver
20/02/16 22:07:16 INFO TaskSetManager: Starting task 6.0 in stage 1.0 (TID 32, localhost, executor driver, partition 6, PROCESS_LOCAL, 8269 bytes)
20/02/16 22:07:16 INFO TaskSetManager: Finished task 2.0 in stage 1.0 (TID 28) in 195745 ms on localhost (executor driver) (3/26)
20/02/16 22:07:16 INFO Executor: Running task 6.0 in stage 1.0 (TID 32)
20/02/16 22:07:18 INFO Executor: Finished task 3.0 in stage 1.0 (TID 29). 1456 bytes result sent to driver
20/02/16 22:07:18 INFO TaskSetManager: Starting task 7.0 in stage 1.0 (TID 33, localhost, executor driver, partition 7, PROCESS_LOCAL, 8269 bytes)
20/02/16 22:07:18 INFO TaskSetManager: Finished task 3.0 in stage 1.0 (TID 29) in 197676 ms on localhost (executor driver) (4/26)
20/02/16 22:07:18 INFO Executor: Running task 7.0 in stage 1.0 (TID 33)
20/02/16 22:07:18 INFO FileScanRDD: Reading File path: file:///edw/Reviews/SourceCode/data/asin_reviews.json, range: 939524096-1073741824, partition values: [empty row]
20/02/16 22:07:18 INFO FileScanRDD: Reading File path: file:///edw/Reviews/SourceCode/data/asin_reviews.json, range: 805306368-939524096, partition values: [empty row]
20/02/16 22:08:28 INFO Executor: Finished task 5.0 in stage 1.0 (TID 31). 1499 bytes result sent to driver
20/02/16 22:08:28 INFO TaskSetManager: Starting task 8.0 in stage 1.0 (TID 34, localhost, executor driver, partition 8, PROCESS_LOCAL, 8269 bytes)
20/02/16 22:08:28 INFO TaskSetManager: Finished task 5.0 in stage 1.0 (TID 31) in 76765 ms on localhost (executor driver) (5/26)
20/02/16 22:08:28 INFO Executor: Running task 8.0 in stage 1.0 (TID 34)
20/02/16 22:08:29 INFO FileScanRDD: Reading File path: file:///edw/Reviews/SourceCode/data/asin_reviews.json, range: 1073741824-1207959552, partition values: [empty row]
20/02/16 22:08:31 INFO Executor: Finished task 4.0 in stage 1.0 (TID 30). 1499 bytes result sent to driver
20/02/16 22:08:31 INFO TaskSetManager: Starting task 9.0 in stage 1.0 (TID 35, localhost, executor driver, partition 9, PROCESS_LOCAL, 8269 bytes)
20/02/16 22:08:31 INFO TaskSetManager: Finished task 4.0 in stage 1.0 (TID 30) in 84378 ms on localhost (executor driver) (6/26)
20/02/16 22:08:31 INFO Executor: Running task 9.0 in stage 1.0 (TID 35)
20/02/16 22:08:31 INFO FileScanRDD: Reading File path: file:///edw/Reviews/SourceCode/data/asin_reviews.json, range: 1207959552-1342177280, partition values: [empty row]
20/02/16 22:08:35 INFO Executor: Finished task 7.0 in stage 1.0 (TID 33). 1456 bytes result sent to driver
20/02/16 22:08:35 INFO TaskSetManager: Starting task 10.0 in stage 1.0 (TID 36, localhost, executor driver, partition 10, PROCESS_LOCAL, 8269 bytes)
20/02/16 22:08:35 INFO TaskSetManager: Finished task 7.0 in stage 1.0 (TID 33) in 77215 ms on localhost (executor driver) (7/26)
20/02/16 22:08:35 INFO Executor: Running task 10.0 in stage 1.0 (TID 36)
20/02/16 22:08:36 INFO FileScanRDD: Reading File path: file:///edw/Reviews/SourceCode/data/asin_reviews.json, range: 1342177280-1476395008, partition values: [empty row]
20/02/16 22:08:37 INFO Executor: Finished task 6.0 in stage 1.0 (TID 32). 1499 bytes result sent to driver
20/02/16 22:08:37 INFO TaskSetManager: Starting task 11.0 in stage 1.0 (TID 37, localhost, executor driver, partition 11, PROCESS_LOCAL, 8269 bytes)
20/02/16 22:08:37 INFO TaskSetManager: Finished task 6.0 in stage 1.0 (TID 32) in 81413 ms on localhost (executor driver) (8/26)
20/02/16 22:08:37 INFO Executor: Running task 11.0 in stage 1.0 (TID 37)
20/02/16 22:08:37 INFO FileScanRDD: Reading File path: file:///edw/Reviews/SourceCode/data/asin_reviews.json, range: 1476395008-1610612736, partition values: [empty row]
20/02/16 22:08:41 INFO ContextCleaner: Cleaned accumulator 20
20/02/16 22:08:41 INFO ContextCleaner: Cleaned accumulator 6
20/02/16 22:08:41 INFO ContextCleaner: Cleaned accumulator 2
20/02/16 22:08:41 INFO ContextCleaner: Cleaned accumulator 8
20/02/16 22:08:41 INFO ContextCleaner: Cleaned accumulator 9
20/02/16 22:08:41 INFO ContextCleaner: Cleaned accumulator 7
20/02/16 22:08:45 INFO BlockManagerInfo: Removed broadcast_1_piece0 on 192.168.1.25:6928 in memory (size: 6.7 KB, free: 366.2 MB)
20/02/16 22:08:46 INFO ContextCleaner: Cleaned accumulator 14
20/02/16 22:08:46 INFO ContextCleaner: Cleaned accumulator 16
20/02/16 22:08:46 INFO ContextCleaner: Cleaned accumulator 18
20/02/16 22:08:46 INFO ContextCleaner: Cleaned accumulator 12
20/02/16 22:08:46 INFO ContextCleaner: Cleaned accumulator 1
20/02/16 22:08:46 INFO ContextCleaner: Cleaned accumulator 13
20/02/16 22:08:46 INFO ContextCleaner: Cleaned accumulator 5
20/02/16 22:08:46 INFO ContextCleaner: Cleaned accumulator 28
20/02/16 22:08:46 INFO ContextCleaner: Cleaned accumulator 24
20/02/16 22:08:46 INFO ContextCleaner: Cleaned accumulator 23
20/02/16 22:08:46 INFO ContextCleaner: Cleaned accumulator 15
20/02/16 22:08:46 INFO ContextCleaner: Cleaned accumulator 19
20/02/16 22:08:46 INFO ContextCleaner: Cleaned accumulator 22
20/02/16 22:08:46 INFO ContextCleaner: Cleaned accumulator 30
20/02/16 22:08:46 INFO ContextCleaner: Cleaned accumulator 10
20/02/16 22:08:46 INFO ContextCleaner: Cleaned accumulator 4
20/02/16 22:08:46 INFO ContextCleaner: Cleaned accumulator 27
20/02/16 22:08:46 INFO ContextCleaner: Cleaned accumulator 17
20/02/16 22:08:46 INFO ContextCleaner: Cleaned accumulator 25
20/02/16 22:08:46 INFO ContextCleaner: Cleaned accumulator 3
20/02/16 22:08:46 INFO ContextCleaner: Cleaned accumulator 26
20/02/16 22:08:46 INFO ContextCleaner: Cleaned accumulator 11
20/02/16 22:08:46 INFO ContextCleaner: Cleaned accumulator 29
20/02/16 22:08:46 INFO BlockManagerInfo: Removed broadcast_0_piece0 on 192.168.1.25:6928 in memory (size: 23.3 KB, free: 366.2 MB)
20/02/16 22:08:46 INFO ContextCleaner: Cleaned accumulator 21
20/02/16 22:09:34 INFO Executor: Finished task 8.0 in stage 1.0 (TID 34). 1456 bytes result sent to driver
20/02/16 22:09:34 INFO TaskSetManager: Starting task 12.0 in stage 1.0 (TID 38, localhost, executor driver, partition 12, PROCESS_LOCAL, 8269 bytes)
20/02/16 22:09:34 INFO TaskSetManager: Finished task 8.0 in stage 1.0 (TID 34) in 66760 ms on localhost (executor driver) (9/26)
20/02/16 22:09:34 INFO Executor: Running task 12.0 in stage 1.0 (TID 38)
20/02/16 22:09:36 INFO Executor: Finished task 9.0 in stage 1.0 (TID 35). 1499 bytes result sent to driver
20/02/16 22:09:36 INFO TaskSetManager: Starting task 13.0 in stage 1.0 (TID 39, localhost, executor driver, partition 13, PROCESS_LOCAL, 8269 bytes)
20/02/16 22:09:36 INFO TaskSetManager: Finished task 9.0 in stage 1.0 (TID 35) in 64804 ms on localhost (executor driver) (10/26)
20/02/16 22:09:36 INFO Executor: Running task 13.0 in stage 1.0 (TID 39)
20/02/16 22:09:36 INFO FileScanRDD: Reading File path: file:///edw/Reviews/SourceCode/data/asin_reviews.json, range: 1744830464-1879048192, partition values: [empty row]
20/02/16 22:09:36 INFO FileScanRDD: Reading File path: file:///edw/Reviews/SourceCode/data/asin_reviews.json, range: 1610612736-1744830464, partition values: [empty row]
20/02/16 22:09:40 INFO Executor: Finished task 11.0 in stage 1.0 (TID 37). 1456 bytes result sent to driver
20/02/16 22:09:40 INFO TaskSetManager: Starting task 14.0 in stage 1.0 (TID 40, localhost, executor driver, partition 14, PROCESS_LOCAL, 8269 bytes)
20/02/16 22:09:40 INFO TaskSetManager: Finished task 11.0 in stage 1.0 (TID 37) in 62549 ms on localhost (executor driver) (11/26)
20/02/16 22:09:40 INFO Executor: Running task 14.0 in stage 1.0 (TID 40)
20/02/16 22:09:40 INFO FileScanRDD: Reading File path: file:///edw/Reviews/SourceCode/data/asin_reviews.json, range: 1879048192-2013265920, partition values: [empty row]
20/02/16 22:09:42 INFO Executor: Finished task 10.0 in stage 1.0 (TID 36). 1456 bytes result sent to driver
20/02/16 22:09:42 INFO TaskSetManager: Starting task 15.0 in stage 1.0 (TID 41, localhost, executor driver, partition 15, PROCESS_LOCAL, 8269 bytes)
20/02/16 22:09:42 INFO TaskSetManager: Finished task 10.0 in stage 1.0 (TID 36) in 66782 ms on localhost (executor driver) (12/26)
20/02/16 22:09:42 INFO Executor: Running task 15.0 in stage 1.0 (TID 41)
20/02/16 22:09:43 INFO FileScanRDD: Reading File path: file:///edw/Reviews/SourceCode/data/asin_reviews.json, range: 2013265920-2147483648, partition values: [empty row]
20/02/16 22:10:42 INFO Executor: Finished task 13.0 in stage 1.0 (TID 39). 1456 bytes result sent to driver
20/02/16 22:10:42 INFO TaskSetManager: Starting task 16.0 in stage 1.0 (TID 42, localhost, executor driver, partition 16, PROCESS_LOCAL, 8269 bytes)
20/02/16 22:10:42 INFO TaskSetManager: Finished task 13.0 in stage 1.0 (TID 39) in 66670 ms on localhost (executor driver) (13/26)
20/02/16 22:10:42 INFO Executor: Running task 16.0 in stage 1.0 (TID 42)
20/02/16 22:10:43 INFO FileScanRDD: Reading File path: file:///edw/Reviews/SourceCode/data/asin_reviews.json, range: 2147483648-2281701376, partition values: [empty row]
20/02/16 22:10:43 INFO Executor: Finished task 12.0 in stage 1.0 (TID 38). 1499 bytes result sent to driver
20/02/16 22:10:43 INFO TaskSetManager: Starting task 17.0 in stage 1.0 (TID 43, localhost, executor driver, partition 17, PROCESS_LOCAL, 8269 bytes)
20/02/16 22:10:43 INFO TaskSetManager: Finished task 12.0 in stage 1.0 (TID 38) in 69095 ms on localhost (executor driver) (14/26)
20/02/16 22:10:43 INFO Executor: Running task 17.0 in stage 1.0 (TID 43)
20/02/16 22:10:44 INFO Executor: Finished task 14.0 in stage 1.0 (TID 40). 1456 bytes result sent to driver
20/02/16 22:10:44 INFO TaskSetManager: Starting task 18.0 in stage 1.0 (TID 44, localhost, executor driver, partition 18, PROCESS_LOCAL, 8269 bytes)
20/02/16 22:10:44 INFO TaskSetManager: Finished task 14.0 in stage 1.0 (TID 40) in 63875 ms on localhost (executor driver) (15/26)
20/02/16 22:10:44 INFO Executor: Running task 18.0 in stage 1.0 (TID 44)
20/02/16 22:10:44 INFO FileScanRDD: Reading File path: file:///edw/Reviews/SourceCode/data/asin_reviews.json, range: 2415919104-2550136832, partition values: [empty row]
20/02/16 22:10:44 INFO FileScanRDD: Reading File path: file:///edw/Reviews/SourceCode/data/asin_reviews.json, range: 2281701376-2415919104, partition values: [empty row]
20/02/16 22:10:51 INFO Executor: Finished task 15.0 in stage 1.0 (TID 41). 1456 bytes result sent to driver
20/02/16 22:10:51 INFO TaskSetManager: Starting task 19.0 in stage 1.0 (TID 45, localhost, executor driver, partition 19, PROCESS_LOCAL, 8269 bytes)
20/02/16 22:10:51 INFO Executor: Running task 19.0 in stage 1.0 (TID 45)
20/02/16 22:10:51 INFO TaskSetManager: Finished task 15.0 in stage 1.0 (TID 41) in 69190 ms on localhost (executor driver) (16/26)
20/02/16 22:10:51 INFO FileScanRDD: Reading File path: file:///edw/Reviews/SourceCode/data/asin_reviews.json, range: 2550136832-2684354560, partition values: [empty row]
20/02/16 22:12:03 INFO Executor: Finished task 16.0 in stage 1.0 (TID 42). 1456 bytes result sent to driver
20/02/16 22:12:03 INFO TaskSetManager: Starting task 20.0 in stage 1.0 (TID 46, localhost, executor driver, partition 20, PROCESS_LOCAL, 8269 bytes)
20/02/16 22:12:03 INFO TaskSetManager: Finished task 16.0 in stage 1.0 (TID 42) in 80565 ms on localhost (executor driver) (17/26)
20/02/16 22:12:03 INFO Executor: Running task 20.0 in stage 1.0 (TID 46)
20/02/16 22:12:04 INFO FileScanRDD: Reading File path: file:///edw/Reviews/SourceCode/data/asin_reviews.json, range: 2684354560-2818572288, partition values: [empty row]
20/02/16 22:12:09 INFO Executor: Finished task 17.0 in stage 1.0 (TID 43). 1499 bytes result sent to driver
20/02/16 22:12:09 INFO Executor: Finished task 18.0 in stage 1.0 (TID 44). 1499 bytes result sent to driver
20/02/16 22:12:09 INFO TaskSetManager: Starting task 21.0 in stage 1.0 (TID 47, localhost, executor driver, partition 21, PROCESS_LOCAL, 8269 bytes)
20/02/16 22:12:09 INFO TaskSetManager: Finished task 17.0 in stage 1.0 (TID 43) in 85846 ms on localhost (executor driver) (18/26)
20/02/16 22:12:09 INFO Executor: Running task 21.0 in stage 1.0 (TID 47)
20/02/16 22:12:09 INFO TaskSetManager: Starting task 22.0 in stage 1.0 (TID 48, localhost, executor driver, partition 22, PROCESS_LOCAL, 8269 bytes)
20/02/16 22:12:09 INFO Executor: Running task 22.0 in stage 1.0 (TID 48)
20/02/16 22:12:09 INFO TaskSetManager: Finished task 18.0 in stage 1.0 (TID 44) in 85772 ms on localhost (executor driver) (19/26)
20/02/16 22:12:10 INFO FileScanRDD: Reading File path: file:///edw/Reviews/SourceCode/data/asin_reviews.json, range: 2818572288-2952790016, partition values: [empty row]
20/02/16 22:12:10 INFO FileScanRDD: Reading File path: file:///edw/Reviews/SourceCode/data/asin_reviews.json, range: 2952790016-3087007744, partition values: [empty row]
20/02/16 22:12:17 INFO Executor: Finished task 19.0 in stage 1.0 (TID 45). 1456 bytes result sent to driver
20/02/16 22:12:17 INFO TaskSetManager: Starting task 23.0 in stage 1.0 (TID 49, localhost, executor driver, partition 23, PROCESS_LOCAL, 8269 bytes)
20/02/16 22:12:17 INFO TaskSetManager: Finished task 19.0 in stage 1.0 (TID 45) in 86174 ms on localhost (executor driver) (20/26)
20/02/16 22:12:17 INFO Executor: Running task 23.0 in stage 1.0 (TID 49)
20/02/16 22:12:18 INFO FileScanRDD: Reading File path: file:///edw/Reviews/SourceCode/data/asin_reviews.json, range: 3087007744-3221225472, partition values: [empty row]
20/02/16 22:13:54 INFO Executor: Finished task 20.0 in stage 1.0 (TID 46). 1456 bytes result sent to driver
20/02/16 22:13:54 INFO TaskSetManager: Starting task 24.0 in stage 1.0 (TID 50, localhost, executor driver, partition 24, PROCESS_LOCAL, 8269 bytes)
20/02/16 22:13:54 INFO Executor: Running task 24.0 in stage 1.0 (TID 50)
20/02/16 22:13:54 INFO TaskSetManager: Finished task 20.0 in stage 1.0 (TID 46) in 110491 ms on localhost (executor driver) (21/26)
20/02/16 22:13:54 INFO FileScanRDD: Reading File path: file:///edw/Reviews/SourceCode/data/asin_reviews.json, range: 3221225472-3355443200, partition values: [empty row]
20/02/16 22:13:57 INFO Executor: Finished task 21.0 in stage 1.0 (TID 47). 1456 bytes result sent to driver
20/02/16 22:13:57 INFO TaskSetManager: Starting task 25.0 in stage 1.0 (TID 51, localhost, executor driver, partition 25, PROCESS_LOCAL, 8269 bytes)
20/02/16 22:13:57 INFO TaskSetManager: Finished task 21.0 in stage 1.0 (TID 47) in 107558 ms on localhost (executor driver) (22/26)
20/02/16 22:13:57 INFO Executor: Running task 25.0 in stage 1.0 (TID 51)
20/02/16 22:13:57 INFO FileScanRDD: Reading File path: file:///edw/Reviews/SourceCode/data/asin_reviews.json, range: 3355443200-3359353934, partition values: [empty row]
20/02/16 22:14:02 INFO Executor: Finished task 22.0 in stage 1.0 (TID 48). 1542 bytes result sent to driver
20/02/16 22:14:02 INFO Executor: Finished task 25.0 in stage 1.0 (TID 51). 1499 bytes result sent to driver
20/02/16 22:14:02 INFO TaskSetManager: Finished task 22.0 in stage 1.0 (TID 48) in 112852 ms on localhost (executor driver) (23/26)
20/02/16 22:14:02 INFO TaskSetManager: Finished task 25.0 in stage 1.0 (TID 51) in 5301 ms on localhost (executor driver) (24/26)
20/02/16 22:14:12 INFO Executor: Finished task 23.0 in stage 1.0 (TID 49). 1499 bytes result sent to driver
20/02/16 22:14:12 INFO TaskSetManager: Finished task 23.0 in stage 1.0 (TID 49) in 115071 ms on localhost (executor driver) (25/26)
20/02/16 22:15:53 INFO Executor: Finished task 24.0 in stage 1.0 (TID 50). 1456 bytes result sent to driver
20/02/16 22:15:53 INFO TaskSetManager: Finished task 24.0 in stage 1.0 (TID 50) in 119209 ms on localhost (executor driver) (26/26)
20/02/16 22:15:53 INFO TaskSchedulerImpl: Removed TaskSet 1.0, whose tasks have all completed, from pool 
20/02/16 22:15:53 INFO DAGScheduler: ResultStage 1 (jdbc at NativeMethodAccessorImpl.java:0) finished in 713.352 s
20/02/16 22:15:53 INFO DAGScheduler: Job 1 finished: jdbc at NativeMethodAccessorImpl.java:0, took 713.365718 s
20/02/16 22:15:58 INFO SparkContext: Invoking stop() from shutdown hook
20/02/16 22:15:59 INFO SparkUI: Stopped Spark web UI at http://192.168.1.25:4040
20/02/16 22:16:01 INFO MapOutputTrackerMasterEndpoint: MapOutputTrackerMasterEndpoint stopped!
20/02/16 22:17:35 INFO MemoryStore: MemoryStore cleared
20/02/16 22:17:35 INFO BlockManager: BlockManager stopped
20/02/16 22:17:35 INFO BlockManagerMaster: BlockManagerMaster stopped
20/02/16 22:17:36 INFO OutputCommitCoordinator$OutputCommitCoordinatorEndpoint: OutputCommitCoordinator stopped!
20/02/16 22:17:36 INFO SparkContext: Successfully stopped SparkContext
20/02/16 22:17:36 INFO ShutdownHookManager: Shutdown hook called
20/02/16 22:17:36 INFO ShutdownHookManager: Deleting directory /tmp/spark-43e0b89b-bad9-4fdc-b1f5-7e4c755e549c
20/02/16 22:17:36 INFO ShutdownHookManager: Deleting directory /tmp/spark-9325d3d9-9709-4426-ad97-0656d19bc835
20/02/16 22:17:36 INFO ShutdownHookManager: Deleting directory /tmp/spark-9325d3d9-9709-4426-ad97-0656d19bc835/pyspark-e20941c1-ee63-4a8f-a48b-61ca4cfedd05
###################################################################################################################################
###################################################################################################################################
Job completed successfully
###################################################################################################################################
###################################################################################################################################
