###################################################################################################################################
###################################################################################################################################
Load to stage in progress
###################################################################################################################################
###################################################################################################################################
20/02/14 20:28:22 WARN Utils: Your hostname, DESKTOP-502C4I4 resolves to a loopback address: 127.0.1.1; using 192.168.1.25 instead (on interface wifi0)
20/02/14 20:28:22 WARN Utils: Set SPARK_LOCAL_IP if you need to bind to another address
20/02/14 20:28:23 WARN NativeCodeLoader: Unable to load native-hadoop library for your platform... using builtin-java classes where applicable
Using Spark's default log4j profile: org/apache/spark/log4j-defaults.properties
20/02/14 20:28:24 INFO SparkContext: Running Spark version 2.4.5
20/02/14 20:28:24 INFO SparkContext: Submitted application: MySession
20/02/14 20:28:24 INFO SecurityManager: Changing view acls to: devetluser
20/02/14 20:28:24 INFO SecurityManager: Changing modify acls to: devetluser
20/02/14 20:28:24 INFO SecurityManager: Changing view acls groups to: 
20/02/14 20:28:24 INFO SecurityManager: Changing modify acls groups to: 
20/02/14 20:28:24 INFO SecurityManager: SecurityManager: authentication disabled; ui acls disabled; users  with view permissions: Set(devetluser); groups with view permissions: Set(); users  with modify permissions: Set(devetluser); groups with modify permissions: Set()
20/02/14 20:28:25 INFO Utils: Successfully started service 'sparkDriver' on port 8739.
20/02/14 20:28:25 INFO SparkEnv: Registering MapOutputTracker
20/02/14 20:28:25 INFO SparkEnv: Registering BlockManagerMaster
20/02/14 20:28:25 INFO BlockManagerMasterEndpoint: Using org.apache.spark.storage.DefaultTopologyMapper for getting topology information
20/02/14 20:28:25 INFO BlockManagerMasterEndpoint: BlockManagerMasterEndpoint up
20/02/14 20:28:25 INFO DiskBlockManager: Created local directory at /tmp/blockmgr-2b9f8e81-87f1-438a-b85c-8354b29f9ee1
20/02/14 20:28:25 INFO MemoryStore: MemoryStore started with capacity 366.3 MB
20/02/14 20:28:25 INFO SparkEnv: Registering OutputCommitCoordinator
20/02/14 20:28:25 INFO Utils: Successfully started service 'SparkUI' on port 4040.
20/02/14 20:28:25 INFO SparkUI: Bound SparkUI to 0.0.0.0, and started at http://192.168.1.25:4040
20/02/14 20:28:26 INFO Executor: Starting executor ID driver on host localhost
20/02/14 20:28:26 INFO Utils: Successfully started service 'org.apache.spark.network.netty.NettyBlockTransferService' on port 8742.
20/02/14 20:28:26 INFO NettyBlockTransferService: Server created on 192.168.1.25:8742
20/02/14 20:28:26 INFO BlockManager: Using org.apache.spark.storage.RandomBlockReplicationPolicy for block replication policy
20/02/14 20:28:26 INFO BlockManagerMaster: Registering BlockManager BlockManagerId(driver, 192.168.1.25, 8742, None)
20/02/14 20:28:26 INFO BlockManagerMasterEndpoint: Registering block manager 192.168.1.25:8742 with 366.3 MB RAM, BlockManagerId(driver, 192.168.1.25, 8742, None)
20/02/14 20:28:26 INFO BlockManagerMaster: Registered BlockManager BlockManagerId(driver, 192.168.1.25, 8742, None)
20/02/14 20:28:26 INFO BlockManager: Initialized BlockManager: BlockManagerId(driver, 192.168.1.25, 8742, None)
20/02/14 20:28:27 INFO SharedState: Setting hive.metastore.warehouse.dir ('null') to the value of spark.sql.warehouse.dir ('file:/edw/Reviews/SourceCode/python/spark-warehouse').
20/02/14 20:28:27 INFO SharedState: Warehouse path is 'file:/edw/Reviews/SourceCode/python/spark-warehouse'.
20/02/14 20:28:27 INFO StateStoreCoordinatorRef: Registered StateStoreCoordinator endpoint
20/02/14 20:28:28 INFO InMemoryFileIndex: It took 57 ms to list leaf files for 1 paths.
20/02/14 20:28:28 INFO InMemoryFileIndex: It took 3 ms to list leaf files for 1 paths.
20/02/14 20:28:31 INFO FileSourceStrategy: Pruning directories with: 
20/02/14 20:28:31 INFO FileSourceStrategy: Post-Scan Filters: 
20/02/14 20:28:31 INFO FileSourceStrategy: Output Data Schema: struct<value: string>
20/02/14 20:28:31 INFO FileSourceScanExec: Pushed Filters: 
20/02/14 20:28:32 INFO CodeGenerator: Code generated in 328.1392 ms
20/02/14 20:28:32 INFO MemoryStore: Block broadcast_0 stored as values in memory (estimated size 282.7 KB, free 366.0 MB)
20/02/14 20:28:32 INFO MemoryStore: Block broadcast_0_piece0 stored as bytes in memory (estimated size 23.3 KB, free 366.0 MB)
20/02/14 20:28:32 INFO BlockManagerInfo: Added broadcast_0_piece0 in memory on 192.168.1.25:8742 (size: 23.3 KB, free: 366.3 MB)
20/02/14 20:28:32 INFO SparkContext: Created broadcast 0 from json at NativeMethodAccessorImpl.java:0
20/02/14 20:28:32 INFO FileSourceScanExec: Planning scan with bin packing, max size: 22011312 bytes, open cost is considered as scanning 4194304 bytes.
20/02/14 20:28:32 INFO SparkContext: Starting job: json at NativeMethodAccessorImpl.java:0
20/02/14 20:28:32 INFO DAGScheduler: Got job 0 (json at NativeMethodAccessorImpl.java:0) with 4 output partitions
20/02/14 20:28:32 INFO DAGScheduler: Final stage: ResultStage 0 (json at NativeMethodAccessorImpl.java:0)
20/02/14 20:28:32 INFO DAGScheduler: Parents of final stage: List()
20/02/14 20:28:32 INFO DAGScheduler: Missing parents: List()
20/02/14 20:28:32 INFO DAGScheduler: Submitting ResultStage 0 (MapPartitionsRDD[3] at json at NativeMethodAccessorImpl.java:0), which has no missing parents
20/02/14 20:28:33 INFO MemoryStore: Block broadcast_1 stored as values in memory (estimated size 11.6 KB, free 366.0 MB)
20/02/14 20:28:33 INFO MemoryStore: Block broadcast_1_piece0 stored as bytes in memory (estimated size 6.7 KB, free 366.0 MB)
20/02/14 20:28:33 INFO BlockManagerInfo: Added broadcast_1_piece0 in memory on 192.168.1.25:8742 (size: 6.7 KB, free: 366.3 MB)
20/02/14 20:28:33 INFO SparkContext: Created broadcast 1 from broadcast at DAGScheduler.scala:1163
20/02/14 20:28:33 INFO DAGScheduler: Submitting 4 missing tasks from ResultStage 0 (MapPartitionsRDD[3] at json at NativeMethodAccessorImpl.java:0) (first 15 tasks are for partitions Vector(0, 1, 2, 3))
20/02/14 20:28:33 INFO TaskSchedulerImpl: Adding task set 0.0 with 4 tasks
20/02/14 20:28:33 INFO TaskSetManager: Starting task 0.0 in stage 0.0 (TID 0, localhost, executor driver, partition 0, PROCESS_LOCAL, 8267 bytes)
20/02/14 20:28:33 INFO TaskSetManager: Starting task 1.0 in stage 0.0 (TID 1, localhost, executor driver, partition 1, PROCESS_LOCAL, 8267 bytes)
20/02/14 20:28:33 INFO TaskSetManager: Starting task 2.0 in stage 0.0 (TID 2, localhost, executor driver, partition 2, PROCESS_LOCAL, 8267 bytes)
20/02/14 20:28:33 INFO TaskSetManager: Starting task 3.0 in stage 0.0 (TID 3, localhost, executor driver, partition 3, PROCESS_LOCAL, 8267 bytes)
20/02/14 20:28:33 INFO Executor: Running task 0.0 in stage 0.0 (TID 0)
20/02/14 20:28:33 INFO Executor: Running task 3.0 in stage 0.0 (TID 3)
20/02/14 20:28:33 INFO Executor: Running task 2.0 in stage 0.0 (TID 2)
20/02/14 20:28:33 INFO Executor: Running task 1.0 in stage 0.0 (TID 1)
20/02/14 20:28:33 INFO FileScanRDD: Reading File path: file:///edw/Reviews/SourceCode/data/AmzReviews.json, range: 66033936-83850945, partition values: [empty row]
20/02/14 20:28:33 INFO FileScanRDD: Reading File path: file:///edw/Reviews/SourceCode/data/AmzReviews.json, range: 22011312-44022624, partition values: [empty row]
20/02/14 20:28:33 INFO FileScanRDD: Reading File path: file:///edw/Reviews/SourceCode/data/AmzReviews.json, range: 44022624-66033936, partition values: [empty row]
20/02/14 20:28:33 INFO FileScanRDD: Reading File path: file:///edw/Reviews/SourceCode/data/AmzReviews.json, range: 0-22011312, partition values: [empty row]
20/02/14 20:28:33 INFO CodeGenerator: Code generated in 17.908 ms
20/02/14 20:28:34 INFO Executor: Finished task 3.0 in stage 0.0 (TID 3). 2350 bytes result sent to driver
20/02/14 20:28:34 INFO Executor: Finished task 1.0 in stage 0.0 (TID 1). 2350 bytes result sent to driver
20/02/14 20:28:34 INFO Executor: Finished task 0.0 in stage 0.0 (TID 0). 2307 bytes result sent to driver
20/02/14 20:28:34 INFO Executor: Finished task 2.0 in stage 0.0 (TID 2). 2307 bytes result sent to driver
20/02/14 20:28:34 INFO TaskSetManager: Finished task 2.0 in stage 0.0 (TID 2) in 1186 ms on localhost (executor driver) (1/4)
20/02/14 20:28:34 INFO TaskSetManager: Finished task 0.0 in stage 0.0 (TID 0) in 1224 ms on localhost (executor driver) (2/4)
20/02/14 20:28:34 INFO TaskSetManager: Finished task 1.0 in stage 0.0 (TID 1) in 1209 ms on localhost (executor driver) (3/4)
20/02/14 20:28:34 INFO TaskSetManager: Finished task 3.0 in stage 0.0 (TID 3) in 1207 ms on localhost (executor driver) (4/4)
20/02/14 20:28:34 INFO TaskSchedulerImpl: Removed TaskSet 0.0, whose tasks have all completed, from pool 
20/02/14 20:28:34 INFO DAGScheduler: ResultStage 0 (json at NativeMethodAccessorImpl.java:0) finished in 1.410 s
20/02/14 20:28:34 INFO DAGScheduler: Job 0 finished: json at NativeMethodAccessorImpl.java:0, took 1.491020 s
20/02/14 20:28:35 INFO FileSourceStrategy: Pruning directories with: 
20/02/14 20:28:35 INFO FileSourceStrategy: Post-Scan Filters: 
20/02/14 20:28:35 INFO FileSourceStrategy: Output Data Schema: struct<asin: string, overall: double, reviewerID: string, reviewerName: string, unixReviewTime: bigint ... 3 more fields>
20/02/14 20:28:35 INFO FileSourceScanExec: Pushed Filters: 
20/02/14 20:28:35 INFO CodeGenerator: Code generated in 49.9002 ms
20/02/14 20:28:35 INFO MemoryStore: Block broadcast_2 stored as values in memory (estimated size 282.7 KB, free 365.7 MB)
20/02/14 20:28:35 INFO MemoryStore: Block broadcast_2_piece0 stored as bytes in memory (estimated size 23.3 KB, free 365.7 MB)
20/02/14 20:28:35 INFO BlockManagerInfo: Added broadcast_2_piece0 in memory on 192.168.1.25:8742 (size: 23.3 KB, free: 366.2 MB)
20/02/14 20:28:35 INFO SparkContext: Created broadcast 2 from jdbc at NativeMethodAccessorImpl.java:0
20/02/14 20:28:35 INFO FileSourceScanExec: Planning scan with bin packing, max size: 22011312 bytes, open cost is considered as scanning 4194304 bytes.
20/02/14 20:28:35 INFO SparkContext: Starting job: jdbc at NativeMethodAccessorImpl.java:0
20/02/14 20:28:35 INFO DAGScheduler: Got job 1 (jdbc at NativeMethodAccessorImpl.java:0) with 4 output partitions
20/02/14 20:28:35 INFO DAGScheduler: Final stage: ResultStage 1 (jdbc at NativeMethodAccessorImpl.java:0)
20/02/14 20:28:35 INFO DAGScheduler: Parents of final stage: List()
20/02/14 20:28:35 INFO DAGScheduler: Missing parents: List()
20/02/14 20:28:35 INFO DAGScheduler: Submitting ResultStage 1 (MapPartitionsRDD[8] at jdbc at NativeMethodAccessorImpl.java:0), which has no missing parents
20/02/14 20:28:35 INFO MemoryStore: Block broadcast_3 stored as values in memory (estimated size 64.3 KB, free 365.6 MB)
20/02/14 20:28:35 INFO MemoryStore: Block broadcast_3_piece0 stored as bytes in memory (estimated size 29.5 KB, free 365.6 MB)
20/02/14 20:28:35 INFO BlockManagerInfo: Added broadcast_3_piece0 in memory on 192.168.1.25:8742 (size: 29.5 KB, free: 366.2 MB)
20/02/14 20:28:35 INFO SparkContext: Created broadcast 3 from broadcast at DAGScheduler.scala:1163
20/02/14 20:28:35 INFO DAGScheduler: Submitting 4 missing tasks from ResultStage 1 (MapPartitionsRDD[8] at jdbc at NativeMethodAccessorImpl.java:0) (first 15 tasks are for partitions Vector(0, 1, 2, 3))
20/02/14 20:28:35 INFO TaskSchedulerImpl: Adding task set 1.0 with 4 tasks
20/02/14 20:28:35 INFO TaskSetManager: Starting task 0.0 in stage 1.0 (TID 4, localhost, executor driver, partition 0, PROCESS_LOCAL, 8267 bytes)
20/02/14 20:28:35 INFO TaskSetManager: Starting task 1.0 in stage 1.0 (TID 5, localhost, executor driver, partition 1, PROCESS_LOCAL, 8267 bytes)
20/02/14 20:28:35 INFO TaskSetManager: Starting task 2.0 in stage 1.0 (TID 6, localhost, executor driver, partition 2, PROCESS_LOCAL, 8267 bytes)
20/02/14 20:28:35 INFO TaskSetManager: Starting task 3.0 in stage 1.0 (TID 7, localhost, executor driver, partition 3, PROCESS_LOCAL, 8267 bytes)
20/02/14 20:28:35 INFO Executor: Running task 1.0 in stage 1.0 (TID 5)
20/02/14 20:28:35 INFO Executor: Running task 0.0 in stage 1.0 (TID 4)
20/02/14 20:28:35 INFO Executor: Running task 2.0 in stage 1.0 (TID 6)
20/02/14 20:28:35 INFO Executor: Running task 3.0 in stage 1.0 (TID 7)
20/02/14 20:28:35 INFO CodeGenerator: Code generated in 31.3949 ms
20/02/14 20:28:35 INFO FileScanRDD: Reading File path: file:///edw/Reviews/SourceCode/data/AmzReviews.json, range: 44022624-66033936, partition values: [empty row]
20/02/14 20:28:35 INFO FileScanRDD: Reading File path: file:///edw/Reviews/SourceCode/data/AmzReviews.json, range: 0-22011312, partition values: [empty row]
20/02/14 20:28:35 INFO FileScanRDD: Reading File path: file:///edw/Reviews/SourceCode/data/AmzReviews.json, range: 66033936-83850945, partition values: [empty row]
20/02/14 20:28:35 INFO FileScanRDD: Reading File path: file:///edw/Reviews/SourceCode/data/AmzReviews.json, range: 22011312-44022624, partition values: [empty row]
20/02/14 20:28:35 INFO CodeGenerator: Code generated in 18.4986 ms
20/02/14 20:28:38 INFO Executor: Finished task 1.0 in stage 1.0 (TID 5). 1480 bytes result sent to driver
20/02/14 20:28:38 INFO TaskSetManager: Finished task 1.0 in stage 1.0 (TID 5) in 3177 ms on localhost (executor driver) (1/4)
20/02/14 20:28:38 INFO Executor: Finished task 2.0 in stage 1.0 (TID 6). 1437 bytes result sent to driver
20/02/14 20:28:38 INFO Executor: Finished task 3.0 in stage 1.0 (TID 7). 1437 bytes result sent to driver
20/02/14 20:28:38 INFO Executor: Finished task 0.0 in stage 1.0 (TID 4). 1437 bytes result sent to driver
20/02/14 20:28:38 INFO TaskSetManager: Finished task 2.0 in stage 1.0 (TID 6) in 3412 ms on localhost (executor driver) (2/4)
20/02/14 20:28:38 INFO TaskSetManager: Finished task 3.0 in stage 1.0 (TID 7) in 3412 ms on localhost (executor driver) (3/4)
20/02/14 20:28:38 INFO TaskSetManager: Finished task 0.0 in stage 1.0 (TID 4) in 3416 ms on localhost (executor driver) (4/4)
20/02/14 20:28:38 INFO TaskSchedulerImpl: Removed TaskSet 1.0, whose tasks have all completed, from pool 
20/02/14 20:28:38 INFO DAGScheduler: ResultStage 1 (jdbc at NativeMethodAccessorImpl.java:0) finished in 3.483 s
20/02/14 20:28:38 INFO DAGScheduler: Job 1 finished: jdbc at NativeMethodAccessorImpl.java:0, took 3.492859 s
20/02/14 20:28:39 INFO SparkContext: Invoking stop() from shutdown hook
20/02/14 20:28:39 INFO SparkUI: Stopped Spark web UI at http://192.168.1.25:4040
20/02/14 20:28:39 INFO MapOutputTrackerMasterEndpoint: MapOutputTrackerMasterEndpoint stopped!
20/02/14 20:28:39 INFO MemoryStore: MemoryStore cleared
20/02/14 20:28:39 INFO BlockManager: BlockManager stopped
20/02/14 20:28:39 INFO BlockManagerMaster: BlockManagerMaster stopped
20/02/14 20:28:39 INFO OutputCommitCoordinator$OutputCommitCoordinatorEndpoint: OutputCommitCoordinator stopped!
20/02/14 20:28:39 INFO SparkContext: Successfully stopped SparkContext
20/02/14 20:28:39 INFO ShutdownHookManager: Shutdown hook called
20/02/14 20:28:39 INFO ShutdownHookManager: Deleting directory /tmp/spark-1255a543-df75-4a51-9c5b-2d629b95f4f4/pyspark-159db5f6-8b2f-43ec-9bbf-56f342b6cbf8
20/02/14 20:28:39 INFO ShutdownHookManager: Deleting directory /tmp/spark-1255a543-df75-4a51-9c5b-2d629b95f4f4
20/02/14 20:28:39 INFO ShutdownHookManager: Deleting directory /tmp/spark-5ccbd9b8-5815-46f5-9e41-10c2d147f951
###################################################################################################################################
###################################################################################################################################
Load to ODS in progress
###################################################################################################################################
###################################################################################################################################
begin;
BEGIN
	  UPDATE STAGE_DB.REVIEWS 
	  SET reviewerName = RS.reviewerName
	  , reviewRating = RS.reviewRating
	  , odsUpdateTd = current_timestamp(0)
	  FROM WORK_DB.REVIEWS_W RS
	  WHERE REVIEWS.reviewerID = RS.reviewerID
	  AND REVIEWS.asin = RS.asin
	  AND REVIEWS.reviewDate = RS.reviewDate;
ERROR:  relation "stage_db.reviews" does not exist
LINE 1: UPDATE STAGE_DB.REVIEWS 
               ^
