###################################################################################################################################
###################################################################################################################################
Load to stage in progress
###################################################################################################################################
###################################################################################################################################
20/02/16 03:29:22 WARN Utils: Your hostname, DESKTOP-502C4I4 resolves to a loopback address: 127.0.1.1; using 192.168.1.25 instead (on interface wifi0)
20/02/16 03:29:22 WARN Utils: Set SPARK_LOCAL_IP if you need to bind to another address
20/02/16 03:29:33 WARN NativeCodeLoader: Unable to load native-hadoop library for your platform... using builtin-java classes where applicable
Using Spark's default log4j profile: org/apache/spark/log4j-defaults.properties
20/02/16 03:30:50 INFO SparkContext: Running Spark version 2.4.5
20/02/16 03:30:50 INFO SparkContext: Submitted application: ReviewsOdsSession
20/02/16 03:30:53 INFO SecurityManager: Changing view acls to: devetluser
20/02/16 03:30:53 INFO SecurityManager: Changing modify acls to: devetluser
20/02/16 03:30:53 INFO SecurityManager: Changing view acls groups to: 
20/02/16 03:30:53 INFO SecurityManager: Changing modify acls groups to: 
20/02/16 03:30:53 INFO SecurityManager: SecurityManager: authentication disabled; ui acls disabled; users  with view permissions: Set(devetluser); groups with view permissions: Set(); users  with modify permissions: Set(devetluser); groups with modify permissions: Set()
20/02/16 03:31:00 INFO Utils: Successfully started service 'sparkDriver' on port 1741.
20/02/16 03:31:00 INFO SparkEnv: Registering MapOutputTracker
20/02/16 03:31:00 INFO SparkEnv: Registering BlockManagerMaster
20/02/16 03:31:00 INFO BlockManagerMasterEndpoint: Using org.apache.spark.storage.DefaultTopologyMapper for getting topology information
20/02/16 03:31:00 INFO BlockManagerMasterEndpoint: BlockManagerMasterEndpoint up
20/02/16 03:31:00 INFO DiskBlockManager: Created local directory at /tmp/blockmgr-bb09c418-0c63-43d5-b6f2-5a6e2b7459bc
20/02/16 03:31:01 INFO MemoryStore: MemoryStore started with capacity 366.3 MB
20/02/16 03:31:01 INFO SparkEnv: Registering OutputCommitCoordinator
20/02/16 03:31:01 INFO Utils: Successfully started service 'SparkUI' on port 4040.
20/02/16 03:31:03 INFO SparkUI: Bound SparkUI to 0.0.0.0, and started at http://192.168.1.25:4040
20/02/16 03:31:06 INFO Executor: Starting executor ID driver on host localhost
20/02/16 03:31:10 INFO Utils: Successfully started service 'org.apache.spark.network.netty.NettyBlockTransferService' on port 1746.
20/02/16 03:31:10 INFO NettyBlockTransferService: Server created on 192.168.1.25:1746
20/02/16 03:31:10 INFO BlockManager: Using org.apache.spark.storage.RandomBlockReplicationPolicy for block replication policy
20/02/16 03:31:10 INFO BlockManagerMaster: Registering BlockManager BlockManagerId(driver, 192.168.1.25, 1746, None)
20/02/16 03:31:10 INFO BlockManagerMasterEndpoint: Registering block manager 192.168.1.25:1746 with 366.3 MB RAM, BlockManagerId(driver, 192.168.1.25, 1746, None)
20/02/16 03:31:10 INFO BlockManagerMaster: Registered BlockManager BlockManagerId(driver, 192.168.1.25, 1746, None)
20/02/16 03:31:10 INFO BlockManager: Initialized BlockManager: BlockManagerId(driver, 192.168.1.25, 1746, None)
20/02/16 03:31:19 INFO SharedState: Setting hive.metastore.warehouse.dir ('null') to the value of spark.sql.warehouse.dir ('file:/edw/Reviews/SourceCode/bash/spark-warehouse').
20/02/16 03:31:19 INFO SharedState: Warehouse path is 'file:/edw/Reviews/SourceCode/bash/spark-warehouse'.
20/02/16 03:31:26 INFO StateStoreCoordinatorRef: Registered StateStoreCoordinator endpoint
20/02/16 03:31:33 INFO InMemoryFileIndex: It took 2942 ms to list leaf files for 1 paths.
20/02/16 03:31:34 INFO InMemoryFileIndex: It took 2 ms to list leaf files for 1 paths.
20/02/16 03:31:53 INFO FileSourceStrategy: Pruning directories with: 
20/02/16 03:31:53 INFO FileSourceStrategy: Post-Scan Filters: 
20/02/16 03:31:53 INFO FileSourceStrategy: Output Data Schema: struct<value: string>
20/02/16 03:31:53 INFO FileSourceScanExec: Pushed Filters: 
20/02/16 03:31:56 INFO CodeGenerator: Code generated in 855.4319 ms
20/02/16 03:31:58 INFO MemoryStore: Block broadcast_0 stored as values in memory (estimated size 282.9 KB, free 366.0 MB)
20/02/16 03:31:59 INFO MemoryStore: Block broadcast_0_piece0 stored as bytes in memory (estimated size 23.3 KB, free 366.0 MB)
20/02/16 03:31:59 INFO BlockManagerInfo: Added broadcast_0_piece0 in memory on 192.168.1.25:1746 (size: 23.3 KB, free: 366.3 MB)
20/02/16 03:31:59 INFO SparkContext: Created broadcast 0 from json at NativeMethodAccessorImpl.java:0
20/02/16 03:31:59 INFO FileSourceScanExec: Planning scan with bin packing, max size: 134217728 bytes, open cost is considered as scanning 4194304 bytes.
20/02/16 03:32:00 INFO SparkContext: Starting job: json at NativeMethodAccessorImpl.java:0
20/02/16 03:32:00 INFO DAGScheduler: Got job 0 (json at NativeMethodAccessorImpl.java:0) with 35 output partitions
20/02/16 03:32:00 INFO DAGScheduler: Final stage: ResultStage 0 (json at NativeMethodAccessorImpl.java:0)
20/02/16 03:32:00 INFO DAGScheduler: Parents of final stage: List()
20/02/16 03:32:00 INFO DAGScheduler: Missing parents: List()
20/02/16 03:32:00 INFO DAGScheduler: Submitting ResultStage 0 (MapPartitionsRDD[3] at json at NativeMethodAccessorImpl.java:0), which has no missing parents
20/02/16 03:32:01 INFO MemoryStore: Block broadcast_1 stored as values in memory (estimated size 11.6 KB, free 366.0 MB)
20/02/16 03:32:01 INFO MemoryStore: Block broadcast_1_piece0 stored as bytes in memory (estimated size 6.7 KB, free 366.0 MB)
20/02/16 03:32:01 INFO BlockManagerInfo: Added broadcast_1_piece0 in memory on 192.168.1.25:1746 (size: 6.7 KB, free: 366.3 MB)
20/02/16 03:32:01 INFO SparkContext: Created broadcast 1 from broadcast at DAGScheduler.scala:1163
20/02/16 03:32:01 INFO DAGScheduler: Submitting 35 missing tasks from ResultStage 0 (MapPartitionsRDD[3] at json at NativeMethodAccessorImpl.java:0) (first 15 tasks are for partitions Vector(0, 1, 2, 3, 4, 5, 6, 7, 8, 9, 10, 11, 12, 13, 14))
20/02/16 03:32:01 INFO TaskSchedulerImpl: Adding task set 0.0 with 35 tasks
20/02/16 03:32:02 INFO TaskSetManager: Starting task 0.0 in stage 0.0 (TID 0, localhost, executor driver, partition 0, PROCESS_LOCAL, 8269 bytes)
20/02/16 03:32:02 INFO TaskSetManager: Starting task 1.0 in stage 0.0 (TID 1, localhost, executor driver, partition 1, PROCESS_LOCAL, 8269 bytes)
20/02/16 03:32:02 INFO TaskSetManager: Starting task 2.0 in stage 0.0 (TID 2, localhost, executor driver, partition 2, PROCESS_LOCAL, 8269 bytes)
20/02/16 03:32:02 INFO TaskSetManager: Starting task 3.0 in stage 0.0 (TID 3, localhost, executor driver, partition 3, PROCESS_LOCAL, 8269 bytes)
20/02/16 03:32:02 INFO Executor: Running task 2.0 in stage 0.0 (TID 2)
20/02/16 03:32:02 INFO Executor: Running task 0.0 in stage 0.0 (TID 0)
20/02/16 03:32:02 INFO Executor: Running task 3.0 in stage 0.0 (TID 3)
20/02/16 03:32:02 INFO Executor: Running task 1.0 in stage 0.0 (TID 1)
20/02/16 03:32:02 INFO FileScanRDD: Reading File path: file:///edw/Reviews/SourceCode/data/asin_reviews.json, range: 0-134217728, partition values: [empty row]
20/02/16 03:32:02 INFO FileScanRDD: Reading File path: file:///edw/Reviews/SourceCode/data/asin_reviews.json, range: 402653184-536870912, partition values: [empty row]
20/02/16 03:32:02 INFO FileScanRDD: Reading File path: file:///edw/Reviews/SourceCode/data/asin_reviews.json, range: 134217728-268435456, partition values: [empty row]
20/02/16 03:32:02 INFO FileScanRDD: Reading File path: file:///edw/Reviews/SourceCode/data/asin_reviews.json, range: 268435456-402653184, partition values: [empty row]
20/02/16 03:32:02 INFO CodeGenerator: Code generated in 19.1509 ms
20/02/16 03:33:55 INFO Executor: Finished task 3.0 in stage 0.0 (TID 3). 2350 bytes result sent to driver
20/02/16 03:33:55 INFO TaskSetManager: Starting task 4.0 in stage 0.0 (TID 4, localhost, executor driver, partition 4, PROCESS_LOCAL, 8269 bytes)
20/02/16 03:33:55 INFO Executor: Running task 4.0 in stage 0.0 (TID 4)
20/02/16 03:33:55 INFO FileScanRDD: Reading File path: file:///edw/Reviews/SourceCode/data/asin_reviews.json, range: 536870912-671088640, partition values: [empty row]
20/02/16 03:33:55 INFO Executor: Finished task 2.0 in stage 0.0 (TID 2). 2350 bytes result sent to driver
20/02/16 03:33:55 INFO TaskSetManager: Starting task 5.0 in stage 0.0 (TID 5, localhost, executor driver, partition 5, PROCESS_LOCAL, 8269 bytes)
20/02/16 03:33:55 INFO Executor: Running task 5.0 in stage 0.0 (TID 5)
20/02/16 03:33:55 INFO FileScanRDD: Reading File path: file:///edw/Reviews/SourceCode/data/asin_reviews.json, range: 671088640-805306368, partition values: [empty row]
20/02/16 03:33:55 INFO TaskSetManager: Finished task 3.0 in stage 0.0 (TID 3) in 113965 ms on localhost (executor driver) (1/35)
20/02/16 03:33:56 INFO TaskSetManager: Finished task 2.0 in stage 0.0 (TID 2) in 113991 ms on localhost (executor driver) (2/35)
20/02/16 03:33:57 INFO Executor: Finished task 1.0 in stage 0.0 (TID 1). 2307 bytes result sent to driver
20/02/16 03:33:57 INFO TaskSetManager: Starting task 6.0 in stage 0.0 (TID 6, localhost, executor driver, partition 6, PROCESS_LOCAL, 8269 bytes)
20/02/16 03:33:57 INFO TaskSetManager: Finished task 1.0 in stage 0.0 (TID 1) in 115650 ms on localhost (executor driver) (3/35)
20/02/16 03:33:57 INFO Executor: Running task 6.0 in stage 0.0 (TID 6)
20/02/16 03:33:57 INFO FileScanRDD: Reading File path: file:///edw/Reviews/SourceCode/data/asin_reviews.json, range: 805306368-939524096, partition values: [empty row]
20/02/16 03:34:11 INFO Executor: Finished task 0.0 in stage 0.0 (TID 0). 2350 bytes result sent to driver
20/02/16 03:34:11 INFO TaskSetManager: Starting task 7.0 in stage 0.0 (TID 7, localhost, executor driver, partition 7, PROCESS_LOCAL, 8269 bytes)
20/02/16 03:34:11 INFO Executor: Running task 7.0 in stage 0.0 (TID 7)
20/02/16 03:34:11 INFO TaskSetManager: Finished task 0.0 in stage 0.0 (TID 0) in 129203 ms on localhost (executor driver) (4/35)
20/02/16 03:34:11 INFO FileScanRDD: Reading File path: file:///edw/Reviews/SourceCode/data/asin_reviews.json, range: 939524096-1073741824, partition values: [empty row]
20/02/16 03:35:11 INFO Executor: Finished task 5.0 in stage 0.0 (TID 5). 2307 bytes result sent to driver
20/02/16 03:35:11 INFO TaskSetManager: Starting task 8.0 in stage 0.0 (TID 8, localhost, executor driver, partition 8, PROCESS_LOCAL, 8269 bytes)
20/02/16 03:35:11 INFO Executor: Running task 8.0 in stage 0.0 (TID 8)
20/02/16 03:35:11 INFO TaskSetManager: Finished task 5.0 in stage 0.0 (TID 5) in 75780 ms on localhost (executor driver) (5/35)
20/02/16 03:35:11 INFO FileScanRDD: Reading File path: file:///edw/Reviews/SourceCode/data/asin_reviews.json, range: 1073741824-1207959552, partition values: [empty row]
20/02/16 03:35:12 INFO Executor: Finished task 6.0 in stage 0.0 (TID 6). 2264 bytes result sent to driver
20/02/16 03:35:12 INFO TaskSetManager: Starting task 9.0 in stage 0.0 (TID 9, localhost, executor driver, partition 9, PROCESS_LOCAL, 8269 bytes)
20/02/16 03:35:12 INFO Executor: Running task 9.0 in stage 0.0 (TID 9)
20/02/16 03:35:12 INFO TaskSetManager: Finished task 6.0 in stage 0.0 (TID 6) in 74449 ms on localhost (executor driver) (6/35)
20/02/16 03:35:12 INFO FileScanRDD: Reading File path: file:///edw/Reviews/SourceCode/data/asin_reviews.json, range: 1207959552-1342177280, partition values: [empty row]
20/02/16 03:35:13 INFO Executor: Finished task 4.0 in stage 0.0 (TID 4). 2350 bytes result sent to driver
20/02/16 03:35:13 INFO TaskSetManager: Starting task 10.0 in stage 0.0 (TID 10, localhost, executor driver, partition 10, PROCESS_LOCAL, 8269 bytes)
20/02/16 03:35:13 INFO Executor: Running task 10.0 in stage 0.0 (TID 10)
20/02/16 03:35:13 INFO TaskSetManager: Finished task 4.0 in stage 0.0 (TID 4) in 78248 ms on localhost (executor driver) (7/35)
20/02/16 03:35:13 INFO FileScanRDD: Reading File path: file:///edw/Reviews/SourceCode/data/asin_reviews.json, range: 1342177280-1476395008, partition values: [empty row]
20/02/16 03:35:16 INFO Executor: Finished task 7.0 in stage 0.0 (TID 7). 2307 bytes result sent to driver
20/02/16 03:35:16 INFO TaskSetManager: Starting task 11.0 in stage 0.0 (TID 11, localhost, executor driver, partition 11, PROCESS_LOCAL, 8269 bytes)
20/02/16 03:35:16 INFO TaskSetManager: Finished task 7.0 in stage 0.0 (TID 7) in 65022 ms on localhost (executor driver) (8/35)
20/02/16 03:35:16 INFO Executor: Running task 11.0 in stage 0.0 (TID 11)
20/02/16 03:35:16 INFO FileScanRDD: Reading File path: file:///edw/Reviews/SourceCode/data/asin_reviews.json, range: 1476395008-1610612736, partition values: [empty row]
20/02/16 03:35:41 INFO Executor: Finished task 11.0 in stage 0.0 (TID 11). 2307 bytes result sent to driver
20/02/16 03:35:41 INFO Executor: Finished task 9.0 in stage 0.0 (TID 9). 2350 bytes result sent to driver
20/02/16 03:35:41 INFO TaskSetManager: Starting task 12.0 in stage 0.0 (TID 12, localhost, executor driver, partition 12, PROCESS_LOCAL, 8269 bytes)
20/02/16 03:35:41 INFO Executor: Running task 12.0 in stage 0.0 (TID 12)
20/02/16 03:35:41 INFO TaskSetManager: Starting task 13.0 in stage 0.0 (TID 13, localhost, executor driver, partition 13, PROCESS_LOCAL, 8269 bytes)
20/02/16 03:35:41 INFO TaskSetManager: Finished task 9.0 in stage 0.0 (TID 9) in 29459 ms on localhost (executor driver) (9/35)
20/02/16 03:35:41 INFO Executor: Running task 13.0 in stage 0.0 (TID 13)
20/02/16 03:35:41 INFO FileScanRDD: Reading File path: file:///edw/Reviews/SourceCode/data/asin_reviews.json, range: 1610612736-1744830464, partition values: [empty row]
20/02/16 03:35:41 INFO TaskSetManager: Finished task 11.0 in stage 0.0 (TID 11) in 25467 ms on localhost (executor driver) (10/35)
20/02/16 03:35:41 INFO FileScanRDD: Reading File path: file:///edw/Reviews/SourceCode/data/asin_reviews.json, range: 1744830464-1879048192, partition values: [empty row]
20/02/16 03:35:45 INFO Executor: Finished task 10.0 in stage 0.0 (TID 10). 2307 bytes result sent to driver
20/02/16 03:35:45 INFO TaskSetManager: Starting task 14.0 in stage 0.0 (TID 14, localhost, executor driver, partition 14, PROCESS_LOCAL, 8269 bytes)
20/02/16 03:35:45 INFO TaskSetManager: Finished task 10.0 in stage 0.0 (TID 10) in 31625 ms on localhost (executor driver) (11/35)
20/02/16 03:35:45 INFO Executor: Running task 14.0 in stage 0.0 (TID 14)
20/02/16 03:35:45 INFO FileScanRDD: Reading File path: file:///edw/Reviews/SourceCode/data/asin_reviews.json, range: 1879048192-2013265920, partition values: [empty row]
20/02/16 03:35:47 INFO Executor: Finished task 8.0 in stage 0.0 (TID 8). 2264 bytes result sent to driver
20/02/16 03:35:47 INFO TaskSetManager: Starting task 15.0 in stage 0.0 (TID 15, localhost, executor driver, partition 15, PROCESS_LOCAL, 8269 bytes)
20/02/16 03:35:47 INFO TaskSetManager: Finished task 8.0 in stage 0.0 (TID 8) in 35671 ms on localhost (executor driver) (12/35)
20/02/16 03:35:47 INFO Executor: Running task 15.0 in stage 0.0 (TID 15)
20/02/16 03:35:47 INFO FileScanRDD: Reading File path: file:///edw/Reviews/SourceCode/data/asin_reviews.json, range: 2013265920-2147483648, partition values: [empty row]
20/02/16 03:36:09 INFO Executor: Finished task 14.0 in stage 0.0 (TID 14). 2307 bytes result sent to driver
20/02/16 03:36:09 INFO TaskSetManager: Starting task 16.0 in stage 0.0 (TID 16, localhost, executor driver, partition 16, PROCESS_LOCAL, 8269 bytes)
20/02/16 03:36:09 INFO Executor: Running task 16.0 in stage 0.0 (TID 16)
20/02/16 03:36:09 INFO TaskSetManager: Finished task 14.0 in stage 0.0 (TID 14) in 24621 ms on localhost (executor driver) (13/35)
20/02/16 03:36:09 INFO FileScanRDD: Reading File path: file:///edw/Reviews/SourceCode/data/asin_reviews.json, range: 2147483648-2281701376, partition values: [empty row]
20/02/16 03:36:11 INFO Executor: Finished task 13.0 in stage 0.0 (TID 13). 2307 bytes result sent to driver
20/02/16 03:36:11 INFO TaskSetManager: Starting task 17.0 in stage 0.0 (TID 17, localhost, executor driver, partition 17, PROCESS_LOCAL, 8269 bytes)
20/02/16 03:36:11 INFO TaskSetManager: Finished task 13.0 in stage 0.0 (TID 13) in 29662 ms on localhost (executor driver) (14/35)
20/02/16 03:36:11 INFO Executor: Running task 17.0 in stage 0.0 (TID 17)
20/02/16 03:36:11 INFO FileScanRDD: Reading File path: file:///edw/Reviews/SourceCode/data/asin_reviews.json, range: 2281701376-2415919104, partition values: [empty row]
20/02/16 03:36:13 INFO Executor: Finished task 12.0 in stage 0.0 (TID 12). 2307 bytes result sent to driver
20/02/16 03:36:13 INFO TaskSetManager: Starting task 18.0 in stage 0.0 (TID 18, localhost, executor driver, partition 18, PROCESS_LOCAL, 8269 bytes)
20/02/16 03:36:13 INFO TaskSetManager: Finished task 12.0 in stage 0.0 (TID 12) in 31456 ms on localhost (executor driver) (15/35)
20/02/16 03:36:13 INFO Executor: Running task 18.0 in stage 0.0 (TID 18)
20/02/16 03:36:13 INFO FileScanRDD: Reading File path: file:///edw/Reviews/SourceCode/data/asin_reviews.json, range: 2415919104-2550136832, partition values: [empty row]
20/02/16 03:36:16 INFO Executor: Finished task 15.0 in stage 0.0 (TID 15). 2350 bytes result sent to driver
20/02/16 03:36:16 INFO TaskSetManager: Starting task 19.0 in stage 0.0 (TID 19, localhost, executor driver, partition 19, PROCESS_LOCAL, 8269 bytes)
20/02/16 03:36:16 INFO TaskSetManager: Finished task 15.0 in stage 0.0 (TID 15) in 29211 ms on localhost (executor driver) (16/35)
20/02/16 03:36:16 INFO Executor: Running task 19.0 in stage 0.0 (TID 19)
20/02/16 03:36:16 INFO FileScanRDD: Reading File path: file:///edw/Reviews/SourceCode/data/asin_reviews.json, range: 2550136832-2684354560, partition values: [empty row]
20/02/16 03:36:35 INFO Executor: Finished task 17.0 in stage 0.0 (TID 17). 2350 bytes result sent to driver
20/02/16 03:36:35 INFO TaskSetManager: Starting task 20.0 in stage 0.0 (TID 20, localhost, executor driver, partition 20, PROCESS_LOCAL, 8269 bytes)
20/02/16 03:36:35 INFO TaskSetManager: Finished task 17.0 in stage 0.0 (TID 17) in 24528 ms on localhost (executor driver) (17/35)
20/02/16 03:36:35 INFO Executor: Running task 20.0 in stage 0.0 (TID 20)
20/02/16 03:36:35 INFO FileScanRDD: Reading File path: file:///edw/Reviews/SourceCode/data/asin_reviews.json, range: 2684354560-2818572288, partition values: [empty row]
20/02/16 03:36:44 INFO Executor: Finished task 18.0 in stage 0.0 (TID 18). 2264 bytes result sent to driver
20/02/16 03:36:44 INFO TaskSetManager: Starting task 21.0 in stage 0.0 (TID 21, localhost, executor driver, partition 21, PROCESS_LOCAL, 8269 bytes)
20/02/16 03:36:44 INFO TaskSetManager: Finished task 18.0 in stage 0.0 (TID 18) in 31367 ms on localhost (executor driver) (18/35)
20/02/16 03:36:44 INFO Executor: Running task 21.0 in stage 0.0 (TID 21)
20/02/16 03:36:44 INFO FileScanRDD: Reading File path: file:///edw/Reviews/SourceCode/data/asin_reviews.json, range: 2818572288-2952790016, partition values: [empty row]
20/02/16 03:36:48 INFO Executor: Finished task 19.0 in stage 0.0 (TID 19). 2264 bytes result sent to driver
20/02/16 03:36:48 INFO TaskSetManager: Starting task 22.0 in stage 0.0 (TID 22, localhost, executor driver, partition 22, PROCESS_LOCAL, 8269 bytes)
20/02/16 03:36:48 INFO TaskSetManager: Finished task 19.0 in stage 0.0 (TID 19) in 31499 ms on localhost (executor driver) (19/35)
20/02/16 03:36:48 INFO Executor: Running task 22.0 in stage 0.0 (TID 22)
20/02/16 03:36:48 INFO FileScanRDD: Reading File path: file:///edw/Reviews/SourceCode/data/asin_reviews.json, range: 2952790016-3087007744, partition values: [empty row]
20/02/16 03:36:52 INFO Executor: Finished task 16.0 in stage 0.0 (TID 16). 2350 bytes result sent to driver
20/02/16 03:36:52 INFO TaskSetManager: Starting task 23.0 in stage 0.0 (TID 23, localhost, executor driver, partition 23, PROCESS_LOCAL, 8269 bytes)
20/02/16 03:36:53 INFO Executor: Running task 23.0 in stage 0.0 (TID 23)
20/02/16 03:36:53 INFO TaskSetManager: Finished task 16.0 in stage 0.0 (TID 16) in 43025 ms on localhost (executor driver) (20/35)
20/02/16 03:36:53 INFO FileScanRDD: Reading File path: file:///edw/Reviews/SourceCode/data/asin_reviews.json, range: 3087007744-3221225472, partition values: [empty row]
20/02/16 03:37:03 INFO Executor: Finished task 20.0 in stage 0.0 (TID 20). 2307 bytes result sent to driver
20/02/16 03:37:03 INFO TaskSetManager: Starting task 24.0 in stage 0.0 (TID 24, localhost, executor driver, partition 24, PROCESS_LOCAL, 8269 bytes)
20/02/16 03:37:03 INFO Executor: Running task 24.0 in stage 0.0 (TID 24)
20/02/16 03:37:03 INFO TaskSetManager: Finished task 20.0 in stage 0.0 (TID 20) in 27891 ms on localhost (executor driver) (21/35)
20/02/16 03:37:03 INFO FileScanRDD: Reading File path: file:///edw/Reviews/SourceCode/data/asin_reviews.json, range: 3221225472-3355443200, partition values: [empty row]
20/02/16 03:37:17 INFO Executor: Finished task 21.0 in stage 0.0 (TID 21). 2264 bytes result sent to driver
20/02/16 03:37:17 INFO TaskSetManager: Starting task 25.0 in stage 0.0 (TID 25, localhost, executor driver, partition 25, PROCESS_LOCAL, 8269 bytes)
20/02/16 03:37:17 INFO Executor: Running task 25.0 in stage 0.0 (TID 25)
20/02/16 03:37:17 INFO TaskSetManager: Finished task 21.0 in stage 0.0 (TID 21) in 33240 ms on localhost (executor driver) (22/35)
20/02/16 03:37:17 INFO FileScanRDD: Reading File path: file:///edw/Reviews/SourceCode/data/asin_reviews.json, range: 3355443200-3489660928, partition values: [empty row]
20/02/16 03:37:23 INFO Executor: Finished task 22.0 in stage 0.0 (TID 22). 2264 bytes result sent to driver
20/02/16 03:37:23 INFO TaskSetManager: Starting task 26.0 in stage 0.0 (TID 26, localhost, executor driver, partition 26, PROCESS_LOCAL, 8269 bytes)
20/02/16 03:37:23 INFO TaskSetManager: Finished task 22.0 in stage 0.0 (TID 22) in 35273 ms on localhost (executor driver) (23/35)
20/02/16 03:37:23 INFO Executor: Running task 26.0 in stage 0.0 (TID 26)
20/02/16 03:37:23 INFO FileScanRDD: Reading File path: file:///edw/Reviews/SourceCode/data/asin_reviews.json, range: 3489660928-3623878656, partition values: [empty row]
20/02/16 03:37:27 INFO Executor: Finished task 23.0 in stage 0.0 (TID 23). 2264 bytes result sent to driver
20/02/16 03:37:27 INFO TaskSetManager: Starting task 27.0 in stage 0.0 (TID 27, localhost, executor driver, partition 27, PROCESS_LOCAL, 8269 bytes)
20/02/16 03:37:27 INFO Executor: Running task 27.0 in stage 0.0 (TID 27)
20/02/16 03:37:27 INFO TaskSetManager: Finished task 23.0 in stage 0.0 (TID 23) in 34470 ms on localhost (executor driver) (24/35)
20/02/16 03:37:27 INFO FileScanRDD: Reading File path: file:///edw/Reviews/SourceCode/data/asin_reviews.json, range: 3623878656-3758096384, partition values: [empty row]
20/02/16 03:37:37 INFO Executor: Finished task 24.0 in stage 0.0 (TID 24). 2264 bytes result sent to driver
20/02/16 03:37:37 INFO TaskSetManager: Starting task 28.0 in stage 0.0 (TID 28, localhost, executor driver, partition 28, PROCESS_LOCAL, 8269 bytes)
20/02/16 03:37:37 INFO Executor: Running task 28.0 in stage 0.0 (TID 28)
20/02/16 03:37:37 INFO TaskSetManager: Finished task 24.0 in stage 0.0 (TID 24) in 34031 ms on localhost (executor driver) (25/35)
20/02/16 03:37:37 INFO FileScanRDD: Reading File path: file:///edw/Reviews/SourceCode/data/asin_reviews.json, range: 3758096384-3892314112, partition values: [empty row]
20/02/16 03:37:52 INFO Executor: Finished task 25.0 in stage 0.0 (TID 25). 2350 bytes result sent to driver
20/02/16 03:37:52 INFO TaskSetManager: Starting task 29.0 in stage 0.0 (TID 29, localhost, executor driver, partition 29, PROCESS_LOCAL, 8269 bytes)
20/02/16 03:37:52 INFO TaskSetManager: Finished task 25.0 in stage 0.0 (TID 25) in 34430 ms on localhost (executor driver) (26/35)
20/02/16 03:37:52 INFO Executor: Running task 29.0 in stage 0.0 (TID 29)
20/02/16 03:37:52 INFO FileScanRDD: Reading File path: file:///edw/Reviews/SourceCode/data/asin_reviews.json, range: 3892314112-4026531840, partition values: [empty row]
20/02/16 03:37:55 INFO Executor: Finished task 26.0 in stage 0.0 (TID 26). 2264 bytes result sent to driver
20/02/16 03:37:55 INFO TaskSetManager: Starting task 30.0 in stage 0.0 (TID 30, localhost, executor driver, partition 30, PROCESS_LOCAL, 8269 bytes)
20/02/16 03:37:55 INFO Executor: Running task 30.0 in stage 0.0 (TID 30)
20/02/16 03:37:55 INFO TaskSetManager: Finished task 26.0 in stage 0.0 (TID 26) in 32240 ms on localhost (executor driver) (27/35)
20/02/16 03:37:55 INFO FileScanRDD: Reading File path: file:///edw/Reviews/SourceCode/data/asin_reviews.json, range: 4026531840-4160749568, partition values: [empty row]
20/02/16 03:38:03 INFO Executor: Finished task 28.0 in stage 0.0 (TID 28). 2264 bytes result sent to driver
20/02/16 03:38:03 INFO TaskSetManager: Starting task 31.0 in stage 0.0 (TID 31, localhost, executor driver, partition 31, PROCESS_LOCAL, 8269 bytes)
20/02/16 03:38:03 INFO Executor: Running task 31.0 in stage 0.0 (TID 31)
20/02/16 03:38:03 INFO TaskSetManager: Finished task 28.0 in stage 0.0 (TID 28) in 25555 ms on localhost (executor driver) (28/35)
20/02/16 03:38:03 INFO FileScanRDD: Reading File path: file:///edw/Reviews/SourceCode/data/asin_reviews.json, range: 4160749568-4294967296, partition values: [empty row]
20/02/16 03:38:03 INFO Executor: Finished task 27.0 in stage 0.0 (TID 27). 2264 bytes result sent to driver
20/02/16 03:38:03 INFO TaskSetManager: Starting task 32.0 in stage 0.0 (TID 32, localhost, executor driver, partition 32, PROCESS_LOCAL, 8269 bytes)
20/02/16 03:38:03 INFO TaskSetManager: Finished task 27.0 in stage 0.0 (TID 27) in 35813 ms on localhost (executor driver) (29/35)
20/02/16 03:38:03 INFO Executor: Running task 32.0 in stage 0.0 (TID 32)
20/02/16 03:38:03 INFO FileScanRDD: Reading File path: file:///edw/Reviews/SourceCode/data/asin_reviews.json, range: 4294967296-4429185024, partition values: [empty row]
20/02/16 03:38:13 INFO Executor: Finished task 29.0 in stage 0.0 (TID 29). 2307 bytes result sent to driver
20/02/16 03:38:13 INFO TaskSetManager: Starting task 33.0 in stage 0.0 (TID 33, localhost, executor driver, partition 33, PROCESS_LOCAL, 8269 bytes)
20/02/16 03:38:13 INFO Executor: Running task 33.0 in stage 0.0 (TID 33)
20/02/16 03:38:13 INFO TaskSetManager: Finished task 29.0 in stage 0.0 (TID 29) in 21900 ms on localhost (executor driver) (30/35)
20/02/16 03:38:13 INFO FileScanRDD: Reading File path: file:///edw/Reviews/SourceCode/data/asin_reviews.json, range: 4429185024-4563402752, partition values: [empty row]
20/02/16 03:38:21 INFO Executor: Finished task 30.0 in stage 0.0 (TID 30). 2264 bytes result sent to driver
20/02/16 03:38:21 INFO TaskSetManager: Starting task 34.0 in stage 0.0 (TID 34, localhost, executor driver, partition 34, PROCESS_LOCAL, 8269 bytes)
20/02/16 03:38:21 INFO TaskSetManager: Finished task 30.0 in stage 0.0 (TID 30) in 25399 ms on localhost (executor driver) (31/35)
20/02/16 03:38:21 INFO Executor: Running task 34.0 in stage 0.0 (TID 34)
20/02/16 03:38:21 INFO FileScanRDD: Reading File path: file:///edw/Reviews/SourceCode/data/asin_reviews.json, range: 4563402752-4615290316, partition values: [empty row]
20/02/16 03:38:32 INFO Executor: Finished task 34.0 in stage 0.0 (TID 34). 2264 bytes result sent to driver
20/02/16 03:38:33 INFO TaskSetManager: Finished task 34.0 in stage 0.0 (TID 34) in 12304 ms on localhost (executor driver) (32/35)
20/02/16 03:38:34 INFO Executor: Finished task 32.0 in stage 0.0 (TID 32). 2264 bytes result sent to driver
20/02/16 03:38:34 INFO TaskSetManager: Finished task 32.0 in stage 0.0 (TID 32) in 31200 ms on localhost (executor driver) (33/35)
20/02/16 03:38:38 INFO Executor: Finished task 33.0 in stage 0.0 (TID 33). 2307 bytes result sent to driver
20/02/16 03:38:38 INFO TaskSetManager: Finished task 33.0 in stage 0.0 (TID 33) in 24668 ms on localhost (executor driver) (34/35)
20/02/16 03:38:45 INFO Executor: Finished task 31.0 in stage 0.0 (TID 31). 2307 bytes result sent to driver
20/02/16 03:38:45 INFO TaskSetManager: Finished task 31.0 in stage 0.0 (TID 31) in 42382 ms on localhost (executor driver) (35/35)
20/02/16 03:38:45 INFO DAGScheduler: ResultStage 0 (json at NativeMethodAccessorImpl.java:0) finished in 404.554 s
20/02/16 03:38:45 INFO TaskSchedulerImpl: Removed TaskSet 0.0, whose tasks have all completed, from pool 
20/02/16 03:38:45 INFO DAGScheduler: Job 0 finished: json at NativeMethodAccessorImpl.java:0, took 405.155931 s
20/02/16 03:38:49 INFO FileSourceStrategy: Pruning directories with: 
20/02/16 03:38:49 INFO FileSourceStrategy: Post-Scan Filters: 
20/02/16 03:38:49 INFO FileSourceStrategy: Output Data Schema: struct<asin: string, overall: double, reviewerID: string, reviewerName: string, unixReviewTime: bigint ... 3 more fields>
20/02/16 03:38:49 INFO FileSourceScanExec: Pushed Filters: 
20/02/16 03:38:49 INFO CodeGenerator: Code generated in 102.0024 ms
20/02/16 03:38:49 INFO MemoryStore: Block broadcast_2 stored as values in memory (estimated size 282.9 KB, free 365.7 MB)
20/02/16 03:38:49 INFO MemoryStore: Block broadcast_2_piece0 stored as bytes in memory (estimated size 23.3 KB, free 365.7 MB)
20/02/16 03:38:49 INFO BlockManagerInfo: Added broadcast_2_piece0 in memory on 192.168.1.25:1746 (size: 23.3 KB, free: 366.2 MB)
20/02/16 03:38:49 INFO SparkContext: Created broadcast 2 from jdbc at NativeMethodAccessorImpl.java:0
20/02/16 03:38:49 INFO FileSourceScanExec: Planning scan with bin packing, max size: 134217728 bytes, open cost is considered as scanning 4194304 bytes.
20/02/16 03:38:49 INFO SparkContext: Starting job: jdbc at NativeMethodAccessorImpl.java:0
20/02/16 03:38:49 INFO DAGScheduler: Got job 1 (jdbc at NativeMethodAccessorImpl.java:0) with 35 output partitions
20/02/16 03:38:49 INFO DAGScheduler: Final stage: ResultStage 1 (jdbc at NativeMethodAccessorImpl.java:0)
20/02/16 03:38:49 INFO DAGScheduler: Parents of final stage: List()
20/02/16 03:38:49 INFO DAGScheduler: Missing parents: List()
20/02/16 03:38:49 INFO DAGScheduler: Submitting ResultStage 1 (MapPartitionsRDD[8] at jdbc at NativeMethodAccessorImpl.java:0), which has no missing parents
20/02/16 03:38:49 INFO MemoryStore: Block broadcast_3 stored as values in memory (estimated size 64.3 KB, free 365.6 MB)
20/02/16 03:38:49 INFO MemoryStore: Block broadcast_3_piece0 stored as bytes in memory (estimated size 29.5 KB, free 365.6 MB)
20/02/16 03:38:49 INFO BlockManagerInfo: Added broadcast_3_piece0 in memory on 192.168.1.25:1746 (size: 29.5 KB, free: 366.2 MB)
20/02/16 03:38:49 INFO SparkContext: Created broadcast 3 from broadcast at DAGScheduler.scala:1163
20/02/16 03:38:49 INFO DAGScheduler: Submitting 35 missing tasks from ResultStage 1 (MapPartitionsRDD[8] at jdbc at NativeMethodAccessorImpl.java:0) (first 15 tasks are for partitions Vector(0, 1, 2, 3, 4, 5, 6, 7, 8, 9, 10, 11, 12, 13, 14))
20/02/16 03:38:49 INFO TaskSchedulerImpl: Adding task set 1.0 with 35 tasks
20/02/16 03:38:49 INFO TaskSetManager: Starting task 0.0 in stage 1.0 (TID 35, localhost, executor driver, partition 0, PROCESS_LOCAL, 8269 bytes)
20/02/16 03:38:49 INFO TaskSetManager: Starting task 1.0 in stage 1.0 (TID 36, localhost, executor driver, partition 1, PROCESS_LOCAL, 8269 bytes)
20/02/16 03:38:49 INFO TaskSetManager: Starting task 2.0 in stage 1.0 (TID 37, localhost, executor driver, partition 2, PROCESS_LOCAL, 8269 bytes)
20/02/16 03:38:49 INFO TaskSetManager: Starting task 3.0 in stage 1.0 (TID 38, localhost, executor driver, partition 3, PROCESS_LOCAL, 8269 bytes)
20/02/16 03:38:49 INFO Executor: Running task 0.0 in stage 1.0 (TID 35)
20/02/16 03:38:49 INFO Executor: Running task 1.0 in stage 1.0 (TID 36)
20/02/16 03:38:49 INFO Executor: Running task 2.0 in stage 1.0 (TID 37)
20/02/16 03:38:49 INFO Executor: Running task 3.0 in stage 1.0 (TID 38)
20/02/16 03:38:50 INFO CodeGenerator: Code generated in 30.4896 ms
20/02/16 03:38:50 INFO FileScanRDD: Reading File path: file:///edw/Reviews/SourceCode/data/asin_reviews.json, range: 268435456-402653184, partition values: [empty row]
20/02/16 03:38:50 INFO FileScanRDD: Reading File path: file:///edw/Reviews/SourceCode/data/asin_reviews.json, range: 0-134217728, partition values: [empty row]
20/02/16 03:38:50 INFO FileScanRDD: Reading File path: file:///edw/Reviews/SourceCode/data/asin_reviews.json, range: 402653184-536870912, partition values: [empty row]
20/02/16 03:38:50 INFO FileScanRDD: Reading File path: file:///edw/Reviews/SourceCode/data/asin_reviews.json, range: 134217728-268435456, partition values: [empty row]
20/02/16 03:38:50 INFO CodeGenerator: Code generated in 23.0843 ms
20/02/16 03:39:42 INFO Executor: Finished task 2.0 in stage 1.0 (TID 37). 1480 bytes result sent to driver
20/02/16 03:39:42 INFO TaskSetManager: Starting task 4.0 in stage 1.0 (TID 39, localhost, executor driver, partition 4, PROCESS_LOCAL, 8269 bytes)
20/02/16 03:39:42 INFO Executor: Running task 4.0 in stage 1.0 (TID 39)
20/02/16 03:39:42 INFO TaskSetManager: Finished task 2.0 in stage 1.0 (TID 37) in 52655 ms on localhost (executor driver) (1/35)
20/02/16 03:39:43 INFO FileScanRDD: Reading File path: file:///edw/Reviews/SourceCode/data/asin_reviews.json, range: 536870912-671088640, partition values: [empty row]
20/02/16 03:39:52 INFO Executor: Finished task 1.0 in stage 1.0 (TID 36). 1437 bytes result sent to driver
20/02/16 03:39:52 INFO Executor: Finished task 0.0 in stage 1.0 (TID 35). 1480 bytes result sent to driver
20/02/16 03:39:52 INFO TaskSetManager: Starting task 5.0 in stage 1.0 (TID 40, localhost, executor driver, partition 5, PROCESS_LOCAL, 8269 bytes)
20/02/16 03:39:52 INFO TaskSetManager: Starting task 6.0 in stage 1.0 (TID 41, localhost, executor driver, partition 6, PROCESS_LOCAL, 8269 bytes)
20/02/16 03:39:52 INFO Executor: Running task 5.0 in stage 1.0 (TID 40)
20/02/16 03:39:52 INFO TaskSetManager: Finished task 1.0 in stage 1.0 (TID 36) in 62423 ms on localhost (executor driver) (2/35)
20/02/16 03:39:52 INFO Executor: Running task 6.0 in stage 1.0 (TID 41)
20/02/16 03:39:52 INFO TaskSetManager: Finished task 0.0 in stage 1.0 (TID 35) in 62426 ms on localhost (executor driver) (3/35)
20/02/16 03:39:52 INFO FileScanRDD: Reading File path: file:///edw/Reviews/SourceCode/data/asin_reviews.json, range: 671088640-805306368, partition values: [empty row]
20/02/16 03:39:54 INFO FileScanRDD: Reading File path: file:///edw/Reviews/SourceCode/data/asin_reviews.json, range: 805306368-939524096, partition values: [empty row]
20/02/16 03:39:55 INFO Executor: Finished task 3.0 in stage 1.0 (TID 38). 1437 bytes result sent to driver
20/02/16 03:39:55 INFO TaskSetManager: Starting task 7.0 in stage 1.0 (TID 42, localhost, executor driver, partition 7, PROCESS_LOCAL, 8269 bytes)
20/02/16 03:39:55 INFO TaskSetManager: Finished task 3.0 in stage 1.0 (TID 38) in 65229 ms on localhost (executor driver) (4/35)
20/02/16 03:39:55 INFO Executor: Running task 7.0 in stage 1.0 (TID 42)
20/02/16 03:39:55 INFO FileScanRDD: Reading File path: file:///edw/Reviews/SourceCode/data/asin_reviews.json, range: 939524096-1073741824, partition values: [empty row]
20/02/16 03:41:20 INFO Executor: Finished task 5.0 in stage 1.0 (TID 40). 1437 bytes result sent to driver
20/02/16 03:41:20 INFO TaskSetManager: Starting task 8.0 in stage 1.0 (TID 43, localhost, executor driver, partition 8, PROCESS_LOCAL, 8269 bytes)
20/02/16 03:41:20 INFO TaskSetManager: Finished task 5.0 in stage 1.0 (TID 40) in 88070 ms on localhost (executor driver) (5/35)
20/02/16 03:41:20 INFO Executor: Running task 8.0 in stage 1.0 (TID 43)
20/02/16 03:41:20 INFO Executor: Finished task 6.0 in stage 1.0 (TID 41). 1437 bytes result sent to driver
20/02/16 03:41:20 INFO TaskSetManager: Starting task 9.0 in stage 1.0 (TID 44, localhost, executor driver, partition 9, PROCESS_LOCAL, 8269 bytes)
20/02/16 03:41:20 INFO TaskSetManager: Finished task 6.0 in stage 1.0 (TID 41) in 88703 ms on localhost (executor driver) (6/35)
20/02/16 03:41:20 INFO Executor: Running task 9.0 in stage 1.0 (TID 44)
20/02/16 03:41:21 INFO FileScanRDD: Reading File path: file:///edw/Reviews/SourceCode/data/asin_reviews.json, range: 1207959552-1342177280, partition values: [empty row]
20/02/16 03:41:21 INFO FileScanRDD: Reading File path: file:///edw/Reviews/SourceCode/data/asin_reviews.json, range: 1073741824-1207959552, partition values: [empty row]
20/02/16 03:41:22 INFO Executor: Finished task 4.0 in stage 1.0 (TID 39). 1437 bytes result sent to driver
20/02/16 03:41:22 INFO TaskSetManager: Starting task 10.0 in stage 1.0 (TID 45, localhost, executor driver, partition 10, PROCESS_LOCAL, 8269 bytes)
20/02/16 03:41:22 INFO TaskSetManager: Finished task 4.0 in stage 1.0 (TID 39) in 100092 ms on localhost (executor driver) (7/35)
20/02/16 03:41:22 INFO Executor: Running task 10.0 in stage 1.0 (TID 45)
20/02/16 03:41:22 INFO FileScanRDD: Reading File path: file:///edw/Reviews/SourceCode/data/asin_reviews.json, range: 1342177280-1476395008, partition values: [empty row]
20/02/16 03:41:25 INFO ContextCleaner: Cleaned accumulator 12
20/02/16 03:41:25 INFO ContextCleaner: Cleaned accumulator 11
20/02/16 03:41:25 INFO ContextCleaner: Cleaned accumulator 26
20/02/16 03:41:25 INFO ContextCleaner: Cleaned accumulator 10
20/02/16 03:41:25 INFO ContextCleaner: Cleaned accumulator 4
20/02/16 03:41:25 INFO ContextCleaner: Cleaned accumulator 23
20/02/16 03:41:25 INFO ContextCleaner: Cleaned accumulator 16
20/02/16 03:41:25 INFO ContextCleaner: Cleaned accumulator 20
20/02/16 03:41:29 INFO Executor: Finished task 7.0 in stage 1.0 (TID 42). 1437 bytes result sent to driver
20/02/16 03:41:29 INFO TaskSetManager: Starting task 11.0 in stage 1.0 (TID 46, localhost, executor driver, partition 11, PROCESS_LOCAL, 8269 bytes)
20/02/16 03:41:29 INFO Executor: Running task 11.0 in stage 1.0 (TID 46)
20/02/16 03:41:29 INFO TaskSetManager: Finished task 7.0 in stage 1.0 (TID 42) in 94191 ms on localhost (executor driver) (8/35)
20/02/16 03:41:29 INFO BlockManagerInfo: Removed broadcast_0_piece0 on 192.168.1.25:1746 in memory (size: 23.3 KB, free: 366.2 MB)
20/02/16 03:41:29 INFO ContextCleaner: Cleaned accumulator 7
20/02/16 03:41:29 INFO ContextCleaner: Cleaned accumulator 5
20/02/16 03:41:29 INFO ContextCleaner: Cleaned accumulator 1
20/02/16 03:41:29 INFO ContextCleaner: Cleaned accumulator 14
20/02/16 03:41:29 INFO ContextCleaner: Cleaned accumulator 22
20/02/16 03:41:29 INFO ContextCleaner: Cleaned accumulator 18
20/02/16 03:41:29 INFO ContextCleaner: Cleaned accumulator 30
20/02/16 03:41:29 INFO ContextCleaner: Cleaned accumulator 17
20/02/16 03:41:29 INFO ContextCleaner: Cleaned accumulator 29
20/02/16 03:41:29 INFO ContextCleaner: Cleaned accumulator 25
20/02/16 03:41:29 INFO ContextCleaner: Cleaned accumulator 15
20/02/16 03:41:29 INFO ContextCleaner: Cleaned accumulator 13
20/02/16 03:41:29 INFO ContextCleaner: Cleaned accumulator 21
20/02/16 03:41:29 INFO ContextCleaner: Cleaned accumulator 2
20/02/16 03:41:29 INFO ContextCleaner: Cleaned accumulator 19
20/02/16 03:41:29 INFO ContextCleaner: Cleaned accumulator 6
20/02/16 03:41:29 INFO ContextCleaner: Cleaned accumulator 9
20/02/16 03:41:29 INFO BlockManagerInfo: Removed broadcast_1_piece0 on 192.168.1.25:1746 in memory (size: 6.7 KB, free: 366.2 MB)
20/02/16 03:41:29 INFO ContextCleaner: Cleaned accumulator 27
20/02/16 03:41:29 INFO ContextCleaner: Cleaned accumulator 8
20/02/16 03:41:29 INFO ContextCleaner: Cleaned accumulator 28
20/02/16 03:41:29 INFO ContextCleaner: Cleaned accumulator 3
20/02/16 03:41:29 INFO ContextCleaner: Cleaned accumulator 24
20/02/16 03:41:29 INFO FileScanRDD: Reading File path: file:///edw/Reviews/SourceCode/data/asin_reviews.json, range: 1476395008-1610612736, partition values: [empty row]
20/02/16 03:42:33 INFO Executor: Finished task 9.0 in stage 1.0 (TID 44). 1437 bytes result sent to driver
20/02/16 03:42:33 INFO TaskSetManager: Starting task 12.0 in stage 1.0 (TID 47, localhost, executor driver, partition 12, PROCESS_LOCAL, 8269 bytes)
20/02/16 03:42:33 INFO TaskSetManager: Finished task 9.0 in stage 1.0 (TID 44) in 72628 ms on localhost (executor driver) (9/35)
20/02/16 03:42:33 INFO Executor: Running task 12.0 in stage 1.0 (TID 47)
20/02/16 03:42:33 INFO FileScanRDD: Reading File path: file:///edw/Reviews/SourceCode/data/asin_reviews.json, range: 1610612736-1744830464, partition values: [empty row]
20/02/16 03:42:37 INFO Executor: Finished task 11.0 in stage 1.0 (TID 46). 1394 bytes result sent to driver
20/02/16 03:42:37 INFO TaskSetManager: Starting task 13.0 in stage 1.0 (TID 48, localhost, executor driver, partition 13, PROCESS_LOCAL, 8269 bytes)
20/02/16 03:42:37 INFO TaskSetManager: Finished task 11.0 in stage 1.0 (TID 46) in 68363 ms on localhost (executor driver) (10/35)
20/02/16 03:42:37 INFO Executor: Running task 13.0 in stage 1.0 (TID 48)
20/02/16 03:42:37 INFO FileScanRDD: Reading File path: file:///edw/Reviews/SourceCode/data/asin_reviews.json, range: 1744830464-1879048192, partition values: [empty row]
20/02/16 03:42:41 INFO Executor: Finished task 8.0 in stage 1.0 (TID 43). 1394 bytes result sent to driver
20/02/16 03:42:41 INFO TaskSetManager: Starting task 14.0 in stage 1.0 (TID 49, localhost, executor driver, partition 14, PROCESS_LOCAL, 8269 bytes)
20/02/16 03:42:41 INFO TaskSetManager: Finished task 8.0 in stage 1.0 (TID 43) in 81571 ms on localhost (executor driver) (11/35)
20/02/16 03:42:41 INFO Executor: Running task 14.0 in stage 1.0 (TID 49)
20/02/16 03:42:42 INFO FileScanRDD: Reading File path: file:///edw/Reviews/SourceCode/data/asin_reviews.json, range: 1879048192-2013265920, partition values: [empty row]
20/02/16 03:42:43 INFO Executor: Finished task 10.0 in stage 1.0 (TID 45). 1394 bytes result sent to driver
20/02/16 03:42:43 INFO TaskSetManager: Starting task 15.0 in stage 1.0 (TID 50, localhost, executor driver, partition 15, PROCESS_LOCAL, 8269 bytes)
20/02/16 03:42:43 INFO TaskSetManager: Finished task 10.0 in stage 1.0 (TID 45) in 81003 ms on localhost (executor driver) (12/35)
20/02/16 03:42:43 INFO Executor: Running task 15.0 in stage 1.0 (TID 50)
20/02/16 03:42:43 INFO FileScanRDD: Reading File path: file:///edw/Reviews/SourceCode/data/asin_reviews.json, range: 2013265920-2147483648, partition values: [empty row]
20/02/16 03:44:03 INFO Executor: Finished task 14.0 in stage 1.0 (TID 49). 1394 bytes result sent to driver
20/02/16 03:44:03 INFO TaskSetManager: Starting task 16.0 in stage 1.0 (TID 51, localhost, executor driver, partition 16, PROCESS_LOCAL, 8269 bytes)
20/02/16 03:44:03 INFO TaskSetManager: Finished task 14.0 in stage 1.0 (TID 49) in 81471 ms on localhost (executor driver) (13/35)
20/02/16 03:44:03 INFO Executor: Running task 16.0 in stage 1.0 (TID 51)
20/02/16 03:44:04 INFO FileScanRDD: Reading File path: file:///edw/Reviews/SourceCode/data/asin_reviews.json, range: 2147483648-2281701376, partition values: [empty row]
20/02/16 03:44:04 INFO Executor: Finished task 12.0 in stage 1.0 (TID 47). 1394 bytes result sent to driver
20/02/16 03:44:04 INFO TaskSetManager: Starting task 17.0 in stage 1.0 (TID 52, localhost, executor driver, partition 17, PROCESS_LOCAL, 8269 bytes)
20/02/16 03:44:04 INFO TaskSetManager: Finished task 12.0 in stage 1.0 (TID 47) in 91236 ms on localhost (executor driver) (14/35)
20/02/16 03:44:04 INFO Executor: Running task 17.0 in stage 1.0 (TID 52)
20/02/16 03:44:04 INFO FileScanRDD: Reading File path: file:///edw/Reviews/SourceCode/data/asin_reviews.json, range: 2281701376-2415919104, partition values: [empty row]
20/02/16 03:44:19 INFO Executor: Finished task 13.0 in stage 1.0 (TID 48). 1437 bytes result sent to driver
20/02/16 03:44:19 INFO TaskSetManager: Starting task 18.0 in stage 1.0 (TID 53, localhost, executor driver, partition 18, PROCESS_LOCAL, 8269 bytes)
20/02/16 03:44:19 INFO TaskSetManager: Finished task 13.0 in stage 1.0 (TID 48) in 101784 ms on localhost (executor driver) (15/35)
20/02/16 03:44:19 INFO Executor: Running task 18.0 in stage 1.0 (TID 53)
20/02/16 03:44:20 INFO FileScanRDD: Reading File path: file:///edw/Reviews/SourceCode/data/asin_reviews.json, range: 2415919104-2550136832, partition values: [empty row]
20/02/16 03:44:34 INFO Executor: Finished task 15.0 in stage 1.0 (TID 50). 1394 bytes result sent to driver
20/02/16 03:44:34 INFO TaskSetManager: Starting task 19.0 in stage 1.0 (TID 54, localhost, executor driver, partition 19, PROCESS_LOCAL, 8269 bytes)
20/02/16 03:44:34 INFO Executor: Running task 19.0 in stage 1.0 (TID 54)
20/02/16 03:44:34 INFO TaskSetManager: Finished task 15.0 in stage 1.0 (TID 50) in 110610 ms on localhost (executor driver) (16/35)
20/02/16 03:44:34 INFO FileScanRDD: Reading File path: file:///edw/Reviews/SourceCode/data/asin_reviews.json, range: 2550136832-2684354560, partition values: [empty row]
20/02/16 03:45:47 INFO Executor: Finished task 17.0 in stage 1.0 (TID 52). 1437 bytes result sent to driver
20/02/16 03:45:47 INFO TaskSetManager: Starting task 20.0 in stage 1.0 (TID 55, localhost, executor driver, partition 20, PROCESS_LOCAL, 8269 bytes)
20/02/16 03:45:47 INFO TaskSetManager: Finished task 17.0 in stage 1.0 (TID 52) in 102686 ms on localhost (executor driver) (17/35)
20/02/16 03:45:47 INFO Executor: Running task 20.0 in stage 1.0 (TID 55)
20/02/16 03:45:48 INFO FileScanRDD: Reading File path: file:///edw/Reviews/SourceCode/data/asin_reviews.json, range: 2684354560-2818572288, partition values: [empty row]
20/02/16 03:49:28 INFO Executor: Finished task 16.0 in stage 1.0 (TID 51). 1437 bytes result sent to driver
20/02/16 03:49:30 INFO TaskSetManager: Starting task 21.0 in stage 1.0 (TID 56, localhost, executor driver, partition 21, PROCESS_LOCAL, 8269 bytes)
20/02/16 03:49:30 INFO Executor: Running task 21.0 in stage 1.0 (TID 56)
20/02/16 03:49:30 INFO TaskSetManager: Finished task 16.0 in stage 1.0 (TID 51) in 327354 ms on localhost (executor driver) (18/35)
20/02/16 03:49:34 INFO FileScanRDD: Reading File path: file:///edw/Reviews/SourceCode/data/asin_reviews.json, range: 2818572288-2952790016, partition values: [empty row]
20/02/16 03:49:38 INFO Executor: Finished task 18.0 in stage 1.0 (TID 53). 1394 bytes result sent to driver
20/02/16 03:49:38 INFO TaskSetManager: Starting task 22.0 in stage 1.0 (TID 57, localhost, executor driver, partition 22, PROCESS_LOCAL, 8269 bytes)
20/02/16 03:49:38 INFO TaskSetManager: Finished task 18.0 in stage 1.0 (TID 53) in 318716 ms on localhost (executor driver) (19/35)
20/02/16 03:49:38 INFO Executor: Running task 22.0 in stage 1.0 (TID 57)
20/02/16 03:49:38 INFO FileScanRDD: Reading File path: file:///edw/Reviews/SourceCode/data/asin_reviews.json, range: 2952790016-3087007744, partition values: [empty row]
20/02/16 03:50:15 INFO Executor: Finished task 19.0 in stage 1.0 (TID 54). 1394 bytes result sent to driver
20/02/16 03:50:15 INFO TaskSetManager: Starting task 23.0 in stage 1.0 (TID 58, localhost, executor driver, partition 23, PROCESS_LOCAL, 8269 bytes)
20/02/16 03:50:15 INFO TaskSetManager: Finished task 19.0 in stage 1.0 (TID 54) in 341497 ms on localhost (executor driver) (20/35)
20/02/16 03:50:15 INFO Executor: Running task 23.0 in stage 1.0 (TID 58)
20/02/16 03:50:16 INFO FileScanRDD: Reading File path: file:///edw/Reviews/SourceCode/data/asin_reviews.json, range: 3087007744-3221225472, partition values: [empty row]
20/02/16 03:51:57 INFO Executor: Finished task 20.0 in stage 1.0 (TID 55). 1437 bytes result sent to driver
20/02/16 03:51:57 INFO TaskSetManager: Starting task 24.0 in stage 1.0 (TID 59, localhost, executor driver, partition 24, PROCESS_LOCAL, 8269 bytes)
20/02/16 03:51:57 INFO TaskSetManager: Finished task 20.0 in stage 1.0 (TID 55) in 369822 ms on localhost (executor driver) (21/35)
20/02/16 03:51:57 INFO Executor: Running task 24.0 in stage 1.0 (TID 59)
20/02/16 03:51:58 INFO FileScanRDD: Reading File path: file:///edw/Reviews/SourceCode/data/asin_reviews.json, range: 3221225472-3355443200, partition values: [empty row]
20/02/16 03:52:17 INFO Executor: Finished task 22.0 in stage 1.0 (TID 57). 1394 bytes result sent to driver
20/02/16 03:52:17 INFO TaskSetManager: Starting task 25.0 in stage 1.0 (TID 60, localhost, executor driver, partition 25, PROCESS_LOCAL, 8269 bytes)
20/02/16 03:52:17 INFO TaskSetManager: Finished task 22.0 in stage 1.0 (TID 57) in 159021 ms on localhost (executor driver) (22/35)
20/02/16 03:52:17 INFO Executor: Running task 25.0 in stage 1.0 (TID 60)
20/02/16 03:52:19 INFO FileScanRDD: Reading File path: file:///edw/Reviews/SourceCode/data/asin_reviews.json, range: 3355443200-3489660928, partition values: [empty row]
20/02/16 03:52:19 INFO Executor: Finished task 21.0 in stage 1.0 (TID 56). 1437 bytes result sent to driver
20/02/16 03:52:19 INFO TaskSetManager: Starting task 26.0 in stage 1.0 (TID 61, localhost, executor driver, partition 26, PROCESS_LOCAL, 8269 bytes)
20/02/16 03:52:19 INFO TaskSetManager: Finished task 21.0 in stage 1.0 (TID 56) in 169330 ms on localhost (executor driver) (23/35)
20/02/16 03:52:19 INFO Executor: Running task 26.0 in stage 1.0 (TID 61)
20/02/16 03:52:20 INFO FileScanRDD: Reading File path: file:///edw/Reviews/SourceCode/data/asin_reviews.json, range: 3489660928-3623878656, partition values: [empty row]
20/02/16 03:52:33 INFO Executor: Finished task 23.0 in stage 1.0 (TID 58). 1394 bytes result sent to driver
20/02/16 03:52:33 INFO TaskSetManager: Starting task 27.0 in stage 1.0 (TID 62, localhost, executor driver, partition 27, PROCESS_LOCAL, 8269 bytes)
20/02/16 03:52:33 INFO TaskSetManager: Finished task 23.0 in stage 1.0 (TID 58) in 137639 ms on localhost (executor driver) (24/35)
20/02/16 03:52:33 INFO Executor: Running task 27.0 in stage 1.0 (TID 62)
20/02/16 03:52:33 INFO FileScanRDD: Reading File path: file:///edw/Reviews/SourceCode/data/asin_reviews.json, range: 3623878656-3758096384, partition values: [empty row]
20/02/16 03:53:19 INFO Executor: Finished task 24.0 in stage 1.0 (TID 59). 1394 bytes result sent to driver
20/02/16 03:53:19 INFO TaskSetManager: Starting task 28.0 in stage 1.0 (TID 63, localhost, executor driver, partition 28, PROCESS_LOCAL, 8269 bytes)
20/02/16 03:53:19 INFO TaskSetManager: Finished task 24.0 in stage 1.0 (TID 59) in 82446 ms on localhost (executor driver) (25/35)
20/02/16 03:53:19 INFO Executor: Running task 28.0 in stage 1.0 (TID 63)
20/02/16 03:53:21 INFO FileScanRDD: Reading File path: file:///edw/Reviews/SourceCode/data/asin_reviews.json, range: 3758096384-3892314112, partition values: [empty row]
20/02/16 03:53:30 INFO Executor: Finished task 26.0 in stage 1.0 (TID 61). 1437 bytes result sent to driver
20/02/16 03:53:30 INFO TaskSetManager: Starting task 29.0 in stage 1.0 (TID 64, localhost, executor driver, partition 29, PROCESS_LOCAL, 8269 bytes)
20/02/16 03:53:30 INFO TaskSetManager: Finished task 26.0 in stage 1.0 (TID 61) in 70928 ms on localhost (executor driver) (26/35)
20/02/16 03:53:30 INFO Executor: Running task 29.0 in stage 1.0 (TID 64)
20/02/16 03:53:31 INFO FileScanRDD: Reading File path: file:///edw/Reviews/SourceCode/data/asin_reviews.json, range: 3892314112-4026531840, partition values: [empty row]
20/02/16 03:53:39 INFO Executor: Finished task 25.0 in stage 1.0 (TID 60). 1394 bytes result sent to driver
20/02/16 03:53:39 INFO TaskSetManager: Starting task 30.0 in stage 1.0 (TID 65, localhost, executor driver, partition 30, PROCESS_LOCAL, 8269 bytes)
20/02/16 03:53:39 INFO TaskSetManager: Finished task 25.0 in stage 1.0 (TID 60) in 82032 ms on localhost (executor driver) (27/35)
20/02/16 03:53:39 INFO Executor: Running task 30.0 in stage 1.0 (TID 65)
20/02/16 03:53:40 INFO FileScanRDD: Reading File path: file:///edw/Reviews/SourceCode/data/asin_reviews.json, range: 4026531840-4160749568, partition values: [empty row]
20/02/16 03:53:54 INFO Executor: Finished task 27.0 in stage 1.0 (TID 62). 1394 bytes result sent to driver
20/02/16 03:53:54 INFO TaskSetManager: Starting task 31.0 in stage 1.0 (TID 66, localhost, executor driver, partition 31, PROCESS_LOCAL, 8269 bytes)
20/02/16 03:53:54 INFO TaskSetManager: Finished task 27.0 in stage 1.0 (TID 62) in 81644 ms on localhost (executor driver) (28/35)
20/02/16 03:53:54 INFO Executor: Running task 31.0 in stage 1.0 (TID 66)
20/02/16 03:53:55 INFO FileScanRDD: Reading File path: file:///edw/Reviews/SourceCode/data/asin_reviews.json, range: 4160749568-4294967296, partition values: [empty row]
20/02/16 03:55:53 INFO Executor: Finished task 28.0 in stage 1.0 (TID 63). 1437 bytes result sent to driver
20/02/16 03:55:53 INFO TaskSetManager: Starting task 32.0 in stage 1.0 (TID 67, localhost, executor driver, partition 32, PROCESS_LOCAL, 8269 bytes)
20/02/16 03:55:53 INFO Executor: Running task 32.0 in stage 1.0 (TID 67)
20/02/16 03:55:53 INFO TaskSetManager: Finished task 28.0 in stage 1.0 (TID 63) in 153403 ms on localhost (executor driver) (29/35)
20/02/16 03:55:53 INFO FileScanRDD: Reading File path: file:///edw/Reviews/SourceCode/data/asin_reviews.json, range: 4294967296-4429185024, partition values: [empty row]
20/02/16 03:55:59 INFO Executor: Finished task 29.0 in stage 1.0 (TID 64). 1394 bytes result sent to driver
20/02/16 03:55:59 INFO TaskSetManager: Starting task 33.0 in stage 1.0 (TID 68, localhost, executor driver, partition 33, PROCESS_LOCAL, 8269 bytes)
20/02/16 03:55:59 INFO TaskSetManager: Finished task 29.0 in stage 1.0 (TID 64) in 148172 ms on localhost (executor driver) (30/35)
20/02/16 03:55:59 INFO Executor: Running task 33.0 in stage 1.0 (TID 68)
20/02/16 03:56:00 INFO FileScanRDD: Reading File path: file:///edw/Reviews/SourceCode/data/asin_reviews.json, range: 4429185024-4563402752, partition values: [empty row]
20/02/16 03:56:08 INFO Executor: Finished task 30.0 in stage 1.0 (TID 65). 1437 bytes result sent to driver
20/02/16 03:56:08 INFO TaskSetManager: Starting task 34.0 in stage 1.0 (TID 69, localhost, executor driver, partition 34, PROCESS_LOCAL, 8269 bytes)
20/02/16 03:56:08 INFO TaskSetManager: Finished task 30.0 in stage 1.0 (TID 65) in 149649 ms on localhost (executor driver) (31/35)
20/02/16 03:56:08 INFO Executor: Running task 34.0 in stage 1.0 (TID 69)
20/02/16 03:56:08 INFO FileScanRDD: Reading File path: file:///edw/Reviews/SourceCode/data/asin_reviews.json, range: 4563402752-4615290316, partition values: [empty row]
20/02/16 03:56:53 INFO Executor: Finished task 34.0 in stage 1.0 (TID 69). 1394 bytes result sent to driver
20/02/16 03:56:53 INFO TaskSetManager: Finished task 34.0 in stage 1.0 (TID 69) in 44825 ms on localhost (executor driver) (32/35)
20/02/16 03:57:26 INFO Executor: Finished task 31.0 in stage 1.0 (TID 66). 1394 bytes result sent to driver
20/02/16 03:57:26 INFO TaskSetManager: Finished task 31.0 in stage 1.0 (TID 66) in 211379 ms on localhost (executor driver) (33/35)
20/02/16 03:57:46 INFO Executor: Finished task 32.0 in stage 1.0 (TID 67). 1394 bytes result sent to driver
20/02/16 03:57:46 INFO TaskSetManager: Finished task 32.0 in stage 1.0 (TID 67) in 112895 ms on localhost (executor driver) (34/35)
20/02/16 03:57:48 INFO Executor: Finished task 33.0 in stage 1.0 (TID 68). 1394 bytes result sent to driver
20/02/16 03:57:48 INFO TaskSetManager: Finished task 33.0 in stage 1.0 (TID 68) in 109649 ms on localhost (executor driver) (35/35)
20/02/16 03:57:48 INFO TaskSchedulerImpl: Removed TaskSet 1.0, whose tasks have all completed, from pool 
20/02/16 03:57:48 INFO DAGScheduler: ResultStage 1 (jdbc at NativeMethodAccessorImpl.java:0) finished in 1139.038 s
20/02/16 03:57:48 INFO DAGScheduler: Job 1 finished: jdbc at NativeMethodAccessorImpl.java:0, took 1139.049806 s
20/02/16 03:57:56 INFO SparkContext: Invoking stop() from shutdown hook
20/02/16 03:58:00 INFO SparkUI: Stopped Spark web UI at http://192.168.1.25:4040
20/02/16 03:58:01 INFO MapOutputTrackerMasterEndpoint: MapOutputTrackerMasterEndpoint stopped!
20/02/16 03:58:02 INFO MemoryStore: MemoryStore cleared
20/02/16 03:58:02 INFO BlockManager: BlockManager stopped
20/02/16 03:58:02 INFO BlockManagerMaster: BlockManagerMaster stopped
20/02/16 03:58:02 INFO OutputCommitCoordinator$OutputCommitCoordinatorEndpoint: OutputCommitCoordinator stopped!
20/02/16 03:58:02 INFO SparkContext: Successfully stopped SparkContext
20/02/16 03:58:03 INFO ShutdownHookManager: Shutdown hook called
20/02/16 03:58:03 INFO ShutdownHookManager: Deleting directory /tmp/spark-143673d0-0901-46d8-ad49-9190f445ef36/pyspark-e2bff8ba-a6e3-4e38-ad62-832b440e1816
20/02/16 03:58:03 INFO ShutdownHookManager: Deleting directory /tmp/spark-143673d0-0901-46d8-ad49-9190f445ef36
20/02/16 03:58:03 INFO ShutdownHookManager: Deleting directory /tmp/spark-67286967-0a50-43e4-bbb8-6e9ac5b8b38b
###################################################################################################################################
###################################################################################################################################
Load to ODS in progress
###################################################################################################################################
###################################################################################################################################
begin;
BEGIN
	  UPDATE "STAGE_DB".REVIEWS 
	  SET reviewerName = RS.reviewerName
	  , reviewRating = RS.reviewRating
	  , odsUpdateTd = current_timestamp(0)
	  FROM "WORK_DB".REVIEWS_WT RS
	  WHERE REVIEWS.reviewerID = RS.reviewerID
	  AND REVIEWS.asin = RS.asin
	  AND REVIEWS.reviewDate = RS.reviewDate;
UPDATE 0
	
	INSERT INTO "STAGE_DB".REVIEWS
	SELECT RS.reviewerID, RS.asin, RS.reviewerName, RS.reviewRating , RS.reviewDate, current_timestamp(0), current_timestamp(0)
	FROM "WORK_DB".REVIEWS_WT RS
	LEFT OUTER JOIN "STAGE_DB".REVIEWS RV
	ON RS.reviewerID = RV.reviewerID
	AND RS.asin = RV.asin
	AND RS.reviewDate = RV.reviewDate
	WHERE RV.reviewerID IS NULL
	AND RV.asin IS NULL
	AND RV.reviewDate IS NULL;
INSERT 0 5000000
	TRUNCATE "WORK_DB".REVIEWS_WT;
ERROR:  deadlock detected
DETAIL:  Process 13072 waits for AccessExclusiveLock on relation 24779 of database 24765; blocked by process 10124.
Process 10124 waits for ShareLock on transaction 1579; blocked by process 13072.
HINT:  See server log for query details.
