###################################################################################################################################
###################################################################################################################################
Load to stage in progress
###################################################################################################################################
###################################################################################################################################
20/02/14 03:50:29 WARN Utils: Your hostname, DESKTOP-502C4I4 resolves to a loopback address: 127.0.1.1; using 192.168.1.25 instead (on interface wifi0)
20/02/14 03:50:29 WARN Utils: Set SPARK_LOCAL_IP if you need to bind to another address
20/02/14 03:50:29 WARN NativeCodeLoader: Unable to load native-hadoop library for your platform... using builtin-java classes where applicable
Using Spark's default log4j profile: org/apache/spark/log4j-defaults.properties
20/02/14 03:50:30 INFO SparkContext: Running Spark version 2.4.5
20/02/14 03:50:30 INFO SparkContext: Submitted application: Basics
20/02/14 03:50:30 INFO SecurityManager: Changing view acls to: devetluser
20/02/14 03:50:30 INFO SecurityManager: Changing modify acls to: devetluser
20/02/14 03:50:30 INFO SecurityManager: Changing view acls groups to: 
20/02/14 03:50:30 INFO SecurityManager: Changing modify acls groups to: 
20/02/14 03:50:30 INFO SecurityManager: SecurityManager: authentication disabled; ui acls disabled; users  with view permissions: Set(devetluser); groups with view permissions: Set(); users  with modify permissions: Set(devetluser); groups with modify permissions: Set()
20/02/14 03:50:31 INFO Utils: Successfully started service 'sparkDriver' on port 4252.
20/02/14 03:50:31 INFO SparkEnv: Registering MapOutputTracker
20/02/14 03:50:31 INFO SparkEnv: Registering BlockManagerMaster
20/02/14 03:50:31 INFO BlockManagerMasterEndpoint: Using org.apache.spark.storage.DefaultTopologyMapper for getting topology information
20/02/14 03:50:31 INFO BlockManagerMasterEndpoint: BlockManagerMasterEndpoint up
20/02/14 03:50:31 INFO DiskBlockManager: Created local directory at /tmp/blockmgr-cc98b8cf-3059-46ce-80ab-a7da2c7a3563
20/02/14 03:50:31 INFO MemoryStore: MemoryStore started with capacity 366.3 MB
20/02/14 03:50:31 INFO SparkEnv: Registering OutputCommitCoordinator
20/02/14 03:50:31 INFO Utils: Successfully started service 'SparkUI' on port 4040.
20/02/14 03:50:31 INFO SparkUI: Bound SparkUI to 0.0.0.0, and started at http://192.168.1.25:4040
20/02/14 03:50:31 INFO Executor: Starting executor ID driver on host localhost
20/02/14 03:50:31 INFO Utils: Successfully started service 'org.apache.spark.network.netty.NettyBlockTransferService' on port 4254.
20/02/14 03:50:31 INFO NettyBlockTransferService: Server created on 192.168.1.25:4254
20/02/14 03:50:31 INFO BlockManager: Using org.apache.spark.storage.RandomBlockReplicationPolicy for block replication policy
20/02/14 03:50:32 INFO BlockManagerMaster: Registering BlockManager BlockManagerId(driver, 192.168.1.25, 4254, None)
20/02/14 03:50:32 INFO BlockManagerMasterEndpoint: Registering block manager 192.168.1.25:4254 with 366.3 MB RAM, BlockManagerId(driver, 192.168.1.25, 4254, None)
20/02/14 03:50:32 INFO BlockManagerMaster: Registered BlockManager BlockManagerId(driver, 192.168.1.25, 4254, None)
20/02/14 03:50:32 INFO BlockManager: Initialized BlockManager: BlockManagerId(driver, 192.168.1.25, 4254, None)
20/02/14 03:50:32 INFO SharedState: Setting hive.metastore.warehouse.dir ('null') to the value of spark.sql.warehouse.dir ('file:/edw/Reviews/SourceCode/bash/spark-warehouse').
20/02/14 03:50:32 INFO SharedState: Warehouse path is 'file:/edw/Reviews/SourceCode/bash/spark-warehouse'.
20/02/14 03:50:33 INFO StateStoreCoordinatorRef: Registered StateStoreCoordinator endpoint
20/02/14 03:50:33 INFO InMemoryFileIndex: It took 57 ms to list leaf files for 1 paths.
20/02/14 03:50:34 INFO InMemoryFileIndex: It took 2 ms to list leaf files for 1 paths.
20/02/14 03:50:39 INFO FileSourceStrategy: Pruning directories with: 
20/02/14 03:50:39 INFO FileSourceStrategy: Post-Scan Filters: 
20/02/14 03:50:39 INFO FileSourceStrategy: Output Data Schema: struct<value: string>
20/02/14 03:50:39 INFO FileSourceScanExec: Pushed Filters: 
20/02/14 03:50:40 INFO CodeGenerator: Code generated in 352.1126 ms
20/02/14 03:50:41 INFO MemoryStore: Block broadcast_0 stored as values in memory (estimated size 282.5 KB, free 366.0 MB)
20/02/14 03:50:41 INFO MemoryStore: Block broadcast_0_piece0 stored as bytes in memory (estimated size 23.2 KB, free 366.0 MB)
20/02/14 03:50:41 INFO BlockManagerInfo: Added broadcast_0_piece0 in memory on 192.168.1.25:4254 (size: 23.2 KB, free: 366.3 MB)
20/02/14 03:50:41 INFO SparkContext: Created broadcast 0 from json at NativeMethodAccessorImpl.java:0
20/02/14 03:50:41 INFO FileSourceScanExec: Planning scan with bin packing, max size: 22011312 bytes, open cost is considered as scanning 4194304 bytes.
20/02/14 03:50:41 INFO SparkContext: Starting job: json at NativeMethodAccessorImpl.java:0
20/02/14 03:50:41 INFO DAGScheduler: Got job 0 (json at NativeMethodAccessorImpl.java:0) with 4 output partitions
20/02/14 03:50:41 INFO DAGScheduler: Final stage: ResultStage 0 (json at NativeMethodAccessorImpl.java:0)
20/02/14 03:50:41 INFO DAGScheduler: Parents of final stage: List()
20/02/14 03:50:41 INFO DAGScheduler: Missing parents: List()
20/02/14 03:50:41 INFO DAGScheduler: Submitting ResultStage 0 (MapPartitionsRDD[3] at json at NativeMethodAccessorImpl.java:0), which has no missing parents
20/02/14 03:50:41 INFO MemoryStore: Block broadcast_1 stored as values in memory (estimated size 11.6 KB, free 366.0 MB)
20/02/14 03:50:41 INFO MemoryStore: Block broadcast_1_piece0 stored as bytes in memory (estimated size 6.7 KB, free 366.0 MB)
20/02/14 03:50:41 INFO BlockManagerInfo: Added broadcast_1_piece0 in memory on 192.168.1.25:4254 (size: 6.7 KB, free: 366.3 MB)
20/02/14 03:50:41 INFO SparkContext: Created broadcast 1 from broadcast at DAGScheduler.scala:1163
20/02/14 03:50:41 INFO DAGScheduler: Submitting 4 missing tasks from ResultStage 0 (MapPartitionsRDD[3] at json at NativeMethodAccessorImpl.java:0) (first 15 tasks are for partitions Vector(0, 1, 2, 3))
20/02/14 03:50:41 INFO TaskSchedulerImpl: Adding task set 0.0 with 4 tasks
20/02/14 03:50:41 INFO TaskSetManager: Starting task 0.0 in stage 0.0 (TID 0, localhost, executor driver, partition 0, PROCESS_LOCAL, 8267 bytes)
20/02/14 03:50:41 INFO TaskSetManager: Starting task 1.0 in stage 0.0 (TID 1, localhost, executor driver, partition 1, PROCESS_LOCAL, 8267 bytes)
20/02/14 03:50:41 INFO TaskSetManager: Starting task 2.0 in stage 0.0 (TID 2, localhost, executor driver, partition 2, PROCESS_LOCAL, 8267 bytes)
20/02/14 03:50:41 INFO TaskSetManager: Starting task 3.0 in stage 0.0 (TID 3, localhost, executor driver, partition 3, PROCESS_LOCAL, 8267 bytes)
20/02/14 03:50:41 INFO Executor: Running task 1.0 in stage 0.0 (TID 1)
20/02/14 03:50:41 INFO Executor: Running task 0.0 in stage 0.0 (TID 0)
20/02/14 03:50:41 INFO Executor: Running task 3.0 in stage 0.0 (TID 3)
20/02/14 03:50:41 INFO Executor: Running task 2.0 in stage 0.0 (TID 2)
20/02/14 03:50:42 INFO FileScanRDD: Reading File path: file:///edw/Reviews/SourceCode/data/AmzReviews.json, range: 0-22011312, partition values: [empty row]
20/02/14 03:50:42 INFO FileScanRDD: Reading File path: file:///edw/Reviews/SourceCode/data/AmzReviews.json, range: 22011312-44022624, partition values: [empty row]
20/02/14 03:50:42 INFO FileScanRDD: Reading File path: file:///edw/Reviews/SourceCode/data/AmzReviews.json, range: 44022624-66033936, partition values: [empty row]
20/02/14 03:50:42 INFO FileScanRDD: Reading File path: file:///edw/Reviews/SourceCode/data/AmzReviews.json, range: 66033936-83850945, partition values: [empty row]
20/02/14 03:50:42 INFO CodeGenerator: Code generated in 23.6923 ms
20/02/14 03:50:45 INFO Executor: Finished task 3.0 in stage 0.0 (TID 3). 2307 bytes result sent to driver
20/02/14 03:50:45 INFO Executor: Finished task 2.0 in stage 0.0 (TID 2). 2307 bytes result sent to driver
20/02/14 03:50:45 INFO Executor: Finished task 1.0 in stage 0.0 (TID 1). 2350 bytes result sent to driver
20/02/14 03:50:45 INFO TaskSetManager: Finished task 3.0 in stage 0.0 (TID 3) in 3469 ms on localhost (executor driver) (1/4)
20/02/14 03:50:45 INFO TaskSetManager: Finished task 2.0 in stage 0.0 (TID 2) in 3847 ms on localhost (executor driver) (2/4)
20/02/14 03:50:45 INFO TaskSetManager: Finished task 1.0 in stage 0.0 (TID 1) in 3849 ms on localhost (executor driver) (3/4)
20/02/14 03:50:46 INFO Executor: Finished task 0.0 in stage 0.0 (TID 0). 2307 bytes result sent to driver
20/02/14 03:50:46 INFO TaskSetManager: Finished task 0.0 in stage 0.0 (TID 0) in 4143 ms on localhost (executor driver) (4/4)
20/02/14 03:50:46 INFO TaskSchedulerImpl: Removed TaskSet 0.0, whose tasks have all completed, from pool 
20/02/14 03:50:46 INFO DAGScheduler: ResultStage 0 (json at NativeMethodAccessorImpl.java:0) finished in 4.349 s
20/02/14 03:50:46 INFO DAGScheduler: Job 0 finished: json at NativeMethodAccessorImpl.java:0, took 4.581854 s
20/02/14 03:50:48 INFO FileSourceStrategy: Pruning directories with: 
20/02/14 03:50:48 INFO FileSourceStrategy: Post-Scan Filters: 
20/02/14 03:50:48 INFO FileSourceStrategy: Output Data Schema: struct<asin: string, overall: double, reviewerID: string, reviewerName: string, unixReviewTime: bigint ... 3 more fields>
20/02/14 03:50:48 INFO FileSourceScanExec: Pushed Filters: 
20/02/14 03:50:48 INFO CodeGenerator: Code generated in 51.6954 ms
20/02/14 03:50:48 INFO MemoryStore: Block broadcast_2 stored as values in memory (estimated size 282.5 KB, free 365.7 MB)
20/02/14 03:50:48 INFO MemoryStore: Block broadcast_2_piece0 stored as bytes in memory (estimated size 23.2 KB, free 365.7 MB)
20/02/14 03:50:48 INFO BlockManagerInfo: Added broadcast_2_piece0 in memory on 192.168.1.25:4254 (size: 23.2 KB, free: 366.2 MB)
20/02/14 03:50:48 INFO SparkContext: Created broadcast 2 from jdbc at NativeMethodAccessorImpl.java:0
20/02/14 03:50:48 INFO FileSourceScanExec: Planning scan with bin packing, max size: 22011312 bytes, open cost is considered as scanning 4194304 bytes.
20/02/14 03:50:48 INFO SparkContext: Starting job: jdbc at NativeMethodAccessorImpl.java:0
20/02/14 03:50:48 INFO DAGScheduler: Got job 1 (jdbc at NativeMethodAccessorImpl.java:0) with 4 output partitions
20/02/14 03:50:48 INFO DAGScheduler: Final stage: ResultStage 1 (jdbc at NativeMethodAccessorImpl.java:0)
20/02/14 03:50:48 INFO DAGScheduler: Parents of final stage: List()
20/02/14 03:50:48 INFO DAGScheduler: Missing parents: List()
20/02/14 03:50:48 INFO DAGScheduler: Submitting ResultStage 1 (MapPartitionsRDD[8] at jdbc at NativeMethodAccessorImpl.java:0), which has no missing parents
20/02/14 03:50:48 INFO MemoryStore: Block broadcast_3 stored as values in memory (estimated size 62.5 KB, free 365.6 MB)
20/02/14 03:50:48 INFO MemoryStore: Block broadcast_3_piece0 stored as bytes in memory (estimated size 28.6 KB, free 365.6 MB)
20/02/14 03:50:48 INFO BlockManagerInfo: Added broadcast_3_piece0 in memory on 192.168.1.25:4254 (size: 28.6 KB, free: 366.2 MB)
20/02/14 03:50:48 INFO SparkContext: Created broadcast 3 from broadcast at DAGScheduler.scala:1163
20/02/14 03:50:48 INFO DAGScheduler: Submitting 4 missing tasks from ResultStage 1 (MapPartitionsRDD[8] at jdbc at NativeMethodAccessorImpl.java:0) (first 15 tasks are for partitions Vector(0, 1, 2, 3))
20/02/14 03:50:48 INFO TaskSchedulerImpl: Adding task set 1.0 with 4 tasks
20/02/14 03:50:48 INFO TaskSetManager: Starting task 0.0 in stage 1.0 (TID 4, localhost, executor driver, partition 0, PROCESS_LOCAL, 8267 bytes)
20/02/14 03:50:48 INFO TaskSetManager: Starting task 1.0 in stage 1.0 (TID 5, localhost, executor driver, partition 1, PROCESS_LOCAL, 8267 bytes)
20/02/14 03:50:48 INFO TaskSetManager: Starting task 2.0 in stage 1.0 (TID 6, localhost, executor driver, partition 2, PROCESS_LOCAL, 8267 bytes)
20/02/14 03:50:48 INFO TaskSetManager: Starting task 3.0 in stage 1.0 (TID 7, localhost, executor driver, partition 3, PROCESS_LOCAL, 8267 bytes)
20/02/14 03:50:48 INFO Executor: Running task 0.0 in stage 1.0 (TID 4)
20/02/14 03:50:48 INFO Executor: Running task 1.0 in stage 1.0 (TID 5)
20/02/14 03:50:48 INFO Executor: Running task 2.0 in stage 1.0 (TID 6)
20/02/14 03:50:48 INFO Executor: Running task 3.0 in stage 1.0 (TID 7)
20/02/14 03:50:48 INFO CodeGenerator: Code generated in 21.7143 ms
20/02/14 03:50:48 INFO FileScanRDD: Reading File path: file:///edw/Reviews/SourceCode/data/AmzReviews.json, range: 0-22011312, partition values: [empty row]
20/02/14 03:50:48 INFO FileScanRDD: Reading File path: file:///edw/Reviews/SourceCode/data/AmzReviews.json, range: 22011312-44022624, partition values: [empty row]
20/02/14 03:50:48 INFO FileScanRDD: Reading File path: file:///edw/Reviews/SourceCode/data/AmzReviews.json, range: 66033936-83850945, partition values: [empty row]
20/02/14 03:50:48 INFO FileScanRDD: Reading File path: file:///edw/Reviews/SourceCode/data/AmzReviews.json, range: 44022624-66033936, partition values: [empty row]
20/02/14 03:50:48 INFO CodeGenerator: Code generated in 19.6485 ms
20/02/14 03:50:49 INFO ContextCleaner: Cleaned accumulator 11
20/02/14 03:50:49 INFO ContextCleaner: Cleaned accumulator 13
20/02/14 03:50:49 INFO ContextCleaner: Cleaned accumulator 6
20/02/14 03:50:49 INFO ContextCleaner: Cleaned accumulator 10
20/02/14 03:50:49 INFO ContextCleaner: Cleaned accumulator 17
20/02/14 03:50:49 INFO ContextCleaner: Cleaned accumulator 20
20/02/14 03:50:49 INFO ContextCleaner: Cleaned accumulator 19
20/02/14 03:50:49 INFO ContextCleaner: Cleaned accumulator 21
20/02/14 03:50:49 INFO ContextCleaner: Cleaned accumulator 23
20/02/14 03:50:49 INFO ContextCleaner: Cleaned accumulator 29
20/02/14 03:50:49 INFO ContextCleaner: Cleaned accumulator 30
20/02/14 03:50:49 INFO ContextCleaner: Cleaned accumulator 12
20/02/14 03:50:49 INFO ContextCleaner: Cleaned accumulator 26
20/02/14 03:50:49 INFO ContextCleaner: Cleaned accumulator 27
20/02/14 03:50:49 INFO BlockManagerInfo: Removed broadcast_1_piece0 on 192.168.1.25:4254 in memory (size: 6.7 KB, free: 366.2 MB)
20/02/14 03:50:49 INFO ContextCleaner: Cleaned accumulator 8
20/02/14 03:50:49 INFO ContextCleaner: Cleaned accumulator 9
20/02/14 03:50:49 INFO ContextCleaner: Cleaned accumulator 25
20/02/14 03:50:49 INFO ContextCleaner: Cleaned accumulator 14
20/02/14 03:50:49 INFO ContextCleaner: Cleaned accumulator 28
20/02/14 03:50:49 INFO ContextCleaner: Cleaned accumulator 7
20/02/14 03:50:49 INFO ContextCleaner: Cleaned accumulator 24
20/02/14 03:50:49 INFO ContextCleaner: Cleaned accumulator 22
20/02/14 03:50:49 INFO ContextCleaner: Cleaned accumulator 16
20/02/14 03:50:49 INFO ContextCleaner: Cleaned accumulator 15
20/02/14 03:50:49 INFO ContextCleaner: Cleaned accumulator 18
20/02/14 03:50:50 INFO Executor: Finished task 1.0 in stage 1.0 (TID 5). 1480 bytes result sent to driver
20/02/14 03:50:50 INFO TaskSetManager: Finished task 1.0 in stage 1.0 (TID 5) in 2482 ms on localhost (executor driver) (1/4)
20/02/14 03:50:50 INFO Executor: Finished task 3.0 in stage 1.0 (TID 7). 1437 bytes result sent to driver
20/02/14 03:50:50 INFO TaskSetManager: Finished task 3.0 in stage 1.0 (TID 7) in 2643 ms on localhost (executor driver) (2/4)
20/02/14 03:50:51 INFO Executor: Finished task 2.0 in stage 1.0 (TID 6). 1394 bytes result sent to driver
20/02/14 03:50:51 INFO TaskSetManager: Finished task 2.0 in stage 1.0 (TID 6) in 2683 ms on localhost (executor driver) (3/4)
20/02/14 03:50:51 INFO Executor: Finished task 0.0 in stage 1.0 (TID 4). 1437 bytes result sent to driver
20/02/14 03:50:51 INFO TaskSetManager: Finished task 0.0 in stage 1.0 (TID 4) in 2733 ms on localhost (executor driver) (4/4)
20/02/14 03:50:51 INFO TaskSchedulerImpl: Removed TaskSet 1.0, whose tasks have all completed, from pool 
20/02/14 03:50:51 INFO DAGScheduler: ResultStage 1 (jdbc at NativeMethodAccessorImpl.java:0) finished in 2.801 s
20/02/14 03:50:51 INFO DAGScheduler: Job 1 finished: jdbc at NativeMethodAccessorImpl.java:0, took 2.808562 s
20/02/14 03:50:51 INFO SparkContext: Invoking stop() from shutdown hook
20/02/14 03:50:51 INFO SparkUI: Stopped Spark web UI at http://192.168.1.25:4040
20/02/14 03:50:51 INFO MapOutputTrackerMasterEndpoint: MapOutputTrackerMasterEndpoint stopped!
20/02/14 03:50:51 INFO MemoryStore: MemoryStore cleared
20/02/14 03:50:51 INFO BlockManager: BlockManager stopped
20/02/14 03:50:51 INFO BlockManagerMaster: BlockManagerMaster stopped
20/02/14 03:50:51 INFO OutputCommitCoordinator$OutputCommitCoordinatorEndpoint: OutputCommitCoordinator stopped!
20/02/14 03:50:51 INFO SparkContext: Successfully stopped SparkContext
20/02/14 03:50:51 INFO ShutdownHookManager: Shutdown hook called
20/02/14 03:50:51 INFO ShutdownHookManager: Deleting directory /tmp/spark-945bd50f-0b23-4763-b558-1166e89e46a8
20/02/14 03:50:51 INFO ShutdownHookManager: Deleting directory /tmp/spark-45846d9d-3044-441f-8f8e-eed07d104c9e
20/02/14 03:50:51 INFO ShutdownHookManager: Deleting directory /tmp/spark-945bd50f-0b23-4763-b558-1166e89e46a8/pyspark-6084eb0a-dcc4-44f3-990a-fdc40ead1296
###################################################################################################################################
###################################################################################################################################
Load to ODS in progress
###################################################################################################################################
###################################################################################################################################
Reviews ODS SQL
begin;
BEGIN
	  UPDATE REVIEWS 
	  SET reviewerName = RS.reviewerName
	  , reviewRating = RS.reviewRating
	  , odsUpdateTd = current_timestamp(0)
	  FROM REVIEWS_STAGING RS
	  WHERE REVIEWS.reviewerID = RS.reviewerID
	  AND REVIEWS.asin = RS.reviewerID
	  AND REVIEWS.reviewDate = RS.reviewDate;
ERROR:  column rs.reviewerid does not exist
LINE 6:    WHERE REVIEWS.reviewerID = RS.reviewerID
                                      ^
HINT:  Perhaps you meant to reference the column "rs.reviewerID".
