###################################################################################################################################
###################################################################################################################################
Load to stage in progress
###################################################################################################################################
###################################################################################################################################
20/02/14 18:00:16 WARN Utils: Your hostname, DESKTOP-502C4I4 resolves to a loopback address: 127.0.1.1; using 192.168.1.25 instead (on interface wifi0)
20/02/14 18:00:16 WARN Utils: Set SPARK_LOCAL_IP if you need to bind to another address
20/02/14 18:00:17 WARN NativeCodeLoader: Unable to load native-hadoop library for your platform... using builtin-java classes where applicable
Using Spark's default log4j profile: org/apache/spark/log4j-defaults.properties
20/02/14 18:00:18 INFO SparkContext: Running Spark version 2.4.5
20/02/14 18:00:18 INFO SparkContext: Submitted application: MySession
20/02/14 18:00:18 INFO SecurityManager: Changing view acls to: devetluser
20/02/14 18:00:18 INFO SecurityManager: Changing modify acls to: devetluser
20/02/14 18:00:18 INFO SecurityManager: Changing view acls groups to: 
20/02/14 18:00:18 INFO SecurityManager: Changing modify acls groups to: 
20/02/14 18:00:18 INFO SecurityManager: SecurityManager: authentication disabled; ui acls disabled; users  with view permissions: Set(devetluser); groups with view permissions: Set(); users  with modify permissions: Set(devetluser); groups with modify permissions: Set()
20/02/14 18:00:19 INFO Utils: Successfully started service 'sparkDriver' on port 3321.
20/02/14 18:00:19 INFO SparkEnv: Registering MapOutputTracker
20/02/14 18:00:19 INFO SparkEnv: Registering BlockManagerMaster
20/02/14 18:00:19 INFO BlockManagerMasterEndpoint: Using org.apache.spark.storage.DefaultTopologyMapper for getting topology information
20/02/14 18:00:19 INFO BlockManagerMasterEndpoint: BlockManagerMasterEndpoint up
20/02/14 18:00:19 INFO DiskBlockManager: Created local directory at /tmp/blockmgr-d15e0c9e-bc0e-4cd0-afdd-6289ce0b8914
20/02/14 18:00:19 INFO MemoryStore: MemoryStore started with capacity 366.3 MB
20/02/14 18:00:19 INFO SparkEnv: Registering OutputCommitCoordinator
20/02/14 18:00:19 INFO Utils: Successfully started service 'SparkUI' on port 4040.
20/02/14 18:00:19 INFO SparkUI: Bound SparkUI to 0.0.0.0, and started at http://192.168.1.25:4040
20/02/14 18:00:19 INFO Executor: Starting executor ID driver on host localhost
20/02/14 18:00:20 INFO Utils: Successfully started service 'org.apache.spark.network.netty.NettyBlockTransferService' on port 3324.
20/02/14 18:00:20 INFO NettyBlockTransferService: Server created on 192.168.1.25:3324
20/02/14 18:00:20 INFO BlockManager: Using org.apache.spark.storage.RandomBlockReplicationPolicy for block replication policy
20/02/14 18:00:20 INFO BlockManagerMaster: Registering BlockManager BlockManagerId(driver, 192.168.1.25, 3324, None)
20/02/14 18:00:20 INFO BlockManagerMasterEndpoint: Registering block manager 192.168.1.25:3324 with 366.3 MB RAM, BlockManagerId(driver, 192.168.1.25, 3324, None)
20/02/14 18:00:20 INFO BlockManagerMaster: Registered BlockManager BlockManagerId(driver, 192.168.1.25, 3324, None)
20/02/14 18:00:20 INFO BlockManager: Initialized BlockManager: BlockManagerId(driver, 192.168.1.25, 3324, None)
20/02/14 18:00:20 INFO SharedState: Setting hive.metastore.warehouse.dir ('null') to the value of spark.sql.warehouse.dir ('file:/edw/Reviews/SourceCode/bash/spark-warehouse').
20/02/14 18:00:20 INFO SharedState: Warehouse path is 'file:/edw/Reviews/SourceCode/bash/spark-warehouse'.
20/02/14 18:00:21 INFO StateStoreCoordinatorRef: Registered StateStoreCoordinator endpoint
20/02/14 18:00:22 INFO InMemoryFileIndex: It took 57 ms to list leaf files for 1 paths.
20/02/14 18:00:22 INFO InMemoryFileIndex: It took 3 ms to list leaf files for 1 paths.
20/02/14 18:00:25 INFO FileSourceStrategy: Pruning directories with: 
20/02/14 18:00:25 INFO FileSourceStrategy: Post-Scan Filters: 
20/02/14 18:00:25 INFO FileSourceStrategy: Output Data Schema: struct<value: string>
20/02/14 18:00:25 INFO FileSourceScanExec: Pushed Filters: 
20/02/14 18:00:26 INFO CodeGenerator: Code generated in 371.0328 ms
20/02/14 18:00:26 INFO MemoryStore: Block broadcast_0 stored as values in memory (estimated size 282.7 KB, free 366.0 MB)
20/02/14 18:00:26 INFO MemoryStore: Block broadcast_0_piece0 stored as bytes in memory (estimated size 23.3 KB, free 366.0 MB)
20/02/14 18:00:26 INFO BlockManagerInfo: Added broadcast_0_piece0 in memory on 192.168.1.25:3324 (size: 23.3 KB, free: 366.3 MB)
20/02/14 18:00:26 INFO SparkContext: Created broadcast 0 from json at NativeMethodAccessorImpl.java:0
20/02/14 18:00:26 INFO FileSourceScanExec: Planning scan with bin packing, max size: 22011312 bytes, open cost is considered as scanning 4194304 bytes.
20/02/14 18:00:26 INFO SparkContext: Starting job: json at NativeMethodAccessorImpl.java:0
20/02/14 18:00:26 INFO DAGScheduler: Got job 0 (json at NativeMethodAccessorImpl.java:0) with 4 output partitions
20/02/14 18:00:26 INFO DAGScheduler: Final stage: ResultStage 0 (json at NativeMethodAccessorImpl.java:0)
20/02/14 18:00:26 INFO DAGScheduler: Parents of final stage: List()
20/02/14 18:00:26 INFO DAGScheduler: Missing parents: List()
20/02/14 18:00:26 INFO DAGScheduler: Submitting ResultStage 0 (MapPartitionsRDD[3] at json at NativeMethodAccessorImpl.java:0), which has no missing parents
20/02/14 18:00:26 INFO MemoryStore: Block broadcast_1 stored as values in memory (estimated size 11.6 KB, free 366.0 MB)
20/02/14 18:00:26 INFO MemoryStore: Block broadcast_1_piece0 stored as bytes in memory (estimated size 6.7 KB, free 366.0 MB)
20/02/14 18:00:26 INFO BlockManagerInfo: Added broadcast_1_piece0 in memory on 192.168.1.25:3324 (size: 6.7 KB, free: 366.3 MB)
20/02/14 18:00:26 INFO SparkContext: Created broadcast 1 from broadcast at DAGScheduler.scala:1163
20/02/14 18:00:26 INFO DAGScheduler: Submitting 4 missing tasks from ResultStage 0 (MapPartitionsRDD[3] at json at NativeMethodAccessorImpl.java:0) (first 15 tasks are for partitions Vector(0, 1, 2, 3))
20/02/14 18:00:26 INFO TaskSchedulerImpl: Adding task set 0.0 with 4 tasks
20/02/14 18:00:26 INFO TaskSetManager: Starting task 0.0 in stage 0.0 (TID 0, localhost, executor driver, partition 0, PROCESS_LOCAL, 8267 bytes)
20/02/14 18:00:26 INFO TaskSetManager: Starting task 1.0 in stage 0.0 (TID 1, localhost, executor driver, partition 1, PROCESS_LOCAL, 8267 bytes)
20/02/14 18:00:26 INFO TaskSetManager: Starting task 2.0 in stage 0.0 (TID 2, localhost, executor driver, partition 2, PROCESS_LOCAL, 8267 bytes)
20/02/14 18:00:26 INFO TaskSetManager: Starting task 3.0 in stage 0.0 (TID 3, localhost, executor driver, partition 3, PROCESS_LOCAL, 8267 bytes)
20/02/14 18:00:27 INFO Executor: Running task 1.0 in stage 0.0 (TID 1)
20/02/14 18:00:27 INFO Executor: Running task 3.0 in stage 0.0 (TID 3)
20/02/14 18:00:27 INFO Executor: Running task 0.0 in stage 0.0 (TID 0)
20/02/14 18:00:27 INFO Executor: Running task 2.0 in stage 0.0 (TID 2)
20/02/14 18:00:27 INFO FileScanRDD: Reading File path: file:///edw/Reviews/SourceCode/data/AmzReviews.json, range: 0-22011312, partition values: [empty row]
20/02/14 18:00:27 INFO FileScanRDD: Reading File path: file:///edw/Reviews/SourceCode/data/AmzReviews.json, range: 44022624-66033936, partition values: [empty row]
20/02/14 18:00:27 INFO FileScanRDD: Reading File path: file:///edw/Reviews/SourceCode/data/AmzReviews.json, range: 22011312-44022624, partition values: [empty row]
20/02/14 18:00:27 INFO FileScanRDD: Reading File path: file:///edw/Reviews/SourceCode/data/AmzReviews.json, range: 66033936-83850945, partition values: [empty row]
20/02/14 18:00:27 INFO CodeGenerator: Code generated in 18.7368 ms
20/02/14 18:00:28 INFO Executor: Finished task 1.0 in stage 0.0 (TID 1). 2307 bytes result sent to driver
20/02/14 18:00:28 INFO Executor: Finished task 3.0 in stage 0.0 (TID 3). 2350 bytes result sent to driver
20/02/14 18:00:28 INFO Executor: Finished task 0.0 in stage 0.0 (TID 0). 2307 bytes result sent to driver
20/02/14 18:00:28 INFO Executor: Finished task 2.0 in stage 0.0 (TID 2). 2264 bytes result sent to driver
20/02/14 18:00:28 INFO TaskSetManager: Finished task 0.0 in stage 0.0 (TID 0) in 1150 ms on localhost (executor driver) (1/4)
20/02/14 18:00:28 INFO TaskSetManager: Finished task 3.0 in stage 0.0 (TID 3) in 1144 ms on localhost (executor driver) (2/4)
20/02/14 18:00:28 INFO TaskSetManager: Finished task 1.0 in stage 0.0 (TID 1) in 1146 ms on localhost (executor driver) (3/4)
20/02/14 18:00:28 INFO TaskSetManager: Finished task 2.0 in stage 0.0 (TID 2) in 1145 ms on localhost (executor driver) (4/4)
20/02/14 18:00:28 INFO TaskSchedulerImpl: Removed TaskSet 0.0, whose tasks have all completed, from pool 
20/02/14 18:00:28 INFO DAGScheduler: ResultStage 0 (json at NativeMethodAccessorImpl.java:0) finished in 1.312 s
20/02/14 18:00:28 INFO DAGScheduler: Job 0 finished: json at NativeMethodAccessorImpl.java:0, took 1.398268 s
20/02/14 18:00:28 INFO FileSourceStrategy: Pruning directories with: 
20/02/14 18:00:28 INFO FileSourceStrategy: Post-Scan Filters: 
20/02/14 18:00:28 INFO FileSourceStrategy: Output Data Schema: struct<asin: string, overall: double, reviewerID: string, reviewerName: string, unixReviewTime: bigint ... 3 more fields>
20/02/14 18:00:28 INFO FileSourceScanExec: Pushed Filters: 
20/02/14 18:00:28 INFO CodeGenerator: Code generated in 44.2563 ms
20/02/14 18:00:28 INFO MemoryStore: Block broadcast_2 stored as values in memory (estimated size 282.7 KB, free 365.7 MB)
20/02/14 18:00:29 INFO MemoryStore: Block broadcast_2_piece0 stored as bytes in memory (estimated size 23.3 KB, free 365.7 MB)
20/02/14 18:00:29 INFO BlockManagerInfo: Added broadcast_2_piece0 in memory on 192.168.1.25:3324 (size: 23.3 KB, free: 366.2 MB)
20/02/14 18:00:29 INFO SparkContext: Created broadcast 2 from jdbc at NativeMethodAccessorImpl.java:0
20/02/14 18:00:29 INFO FileSourceScanExec: Planning scan with bin packing, max size: 22011312 bytes, open cost is considered as scanning 4194304 bytes.
20/02/14 18:00:29 INFO SparkContext: Starting job: jdbc at NativeMethodAccessorImpl.java:0
20/02/14 18:00:29 INFO DAGScheduler: Got job 1 (jdbc at NativeMethodAccessorImpl.java:0) with 4 output partitions
20/02/14 18:00:29 INFO DAGScheduler: Final stage: ResultStage 1 (jdbc at NativeMethodAccessorImpl.java:0)
20/02/14 18:00:29 INFO DAGScheduler: Parents of final stage: List()
20/02/14 18:00:29 INFO DAGScheduler: Missing parents: List()
20/02/14 18:00:29 INFO DAGScheduler: Submitting ResultStage 1 (MapPartitionsRDD[8] at jdbc at NativeMethodAccessorImpl.java:0), which has no missing parents
20/02/14 18:00:29 INFO MemoryStore: Block broadcast_3 stored as values in memory (estimated size 64.3 KB, free 365.6 MB)
20/02/14 18:00:29 INFO MemoryStore: Block broadcast_3_piece0 stored as bytes in memory (estimated size 29.4 KB, free 365.6 MB)
20/02/14 18:00:29 INFO BlockManagerInfo: Added broadcast_3_piece0 in memory on 192.168.1.25:3324 (size: 29.4 KB, free: 366.2 MB)
20/02/14 18:00:29 INFO SparkContext: Created broadcast 3 from broadcast at DAGScheduler.scala:1163
20/02/14 18:00:29 INFO DAGScheduler: Submitting 4 missing tasks from ResultStage 1 (MapPartitionsRDD[8] at jdbc at NativeMethodAccessorImpl.java:0) (first 15 tasks are for partitions Vector(0, 1, 2, 3))
20/02/14 18:00:29 INFO TaskSchedulerImpl: Adding task set 1.0 with 4 tasks
20/02/14 18:00:29 INFO TaskSetManager: Starting task 0.0 in stage 1.0 (TID 4, localhost, executor driver, partition 0, PROCESS_LOCAL, 8267 bytes)
20/02/14 18:00:29 INFO TaskSetManager: Starting task 1.0 in stage 1.0 (TID 5, localhost, executor driver, partition 1, PROCESS_LOCAL, 8267 bytes)
20/02/14 18:00:29 INFO TaskSetManager: Starting task 2.0 in stage 1.0 (TID 6, localhost, executor driver, partition 2, PROCESS_LOCAL, 8267 bytes)
20/02/14 18:00:29 INFO TaskSetManager: Starting task 3.0 in stage 1.0 (TID 7, localhost, executor driver, partition 3, PROCESS_LOCAL, 8267 bytes)
20/02/14 18:00:29 INFO Executor: Running task 0.0 in stage 1.0 (TID 4)
20/02/14 18:00:29 INFO Executor: Running task 3.0 in stage 1.0 (TID 7)
20/02/14 18:00:29 INFO Executor: Running task 1.0 in stage 1.0 (TID 5)
20/02/14 18:00:29 INFO Executor: Running task 2.0 in stage 1.0 (TID 6)
20/02/14 18:00:29 INFO CodeGenerator: Code generated in 56.142 ms
20/02/14 18:00:29 INFO FileScanRDD: Reading File path: file:///edw/Reviews/SourceCode/data/AmzReviews.json, range: 22011312-44022624, partition values: [empty row]
20/02/14 18:00:29 INFO FileScanRDD: Reading File path: file:///edw/Reviews/SourceCode/data/AmzReviews.json, range: 0-22011312, partition values: [empty row]
20/02/14 18:00:29 INFO FileScanRDD: Reading File path: file:///edw/Reviews/SourceCode/data/AmzReviews.json, range: 44022624-66033936, partition values: [empty row]
20/02/14 18:00:29 INFO FileScanRDD: Reading File path: file:///edw/Reviews/SourceCode/data/AmzReviews.json, range: 66033936-83850945, partition values: [empty row]
20/02/14 18:00:29 INFO CodeGenerator: Code generated in 22.9637 ms
20/02/14 18:00:32 INFO Executor: Finished task 1.0 in stage 1.0 (TID 5). 1480 bytes result sent to driver
20/02/14 18:00:32 INFO TaskSetManager: Finished task 1.0 in stage 1.0 (TID 5) in 2999 ms on localhost (executor driver) (1/4)
20/02/14 18:00:32 INFO Executor: Finished task 3.0 in stage 1.0 (TID 7). 1394 bytes result sent to driver
20/02/14 18:00:32 INFO TaskSetManager: Finished task 3.0 in stage 1.0 (TID 7) in 3177 ms on localhost (executor driver) (2/4)
20/02/14 18:00:32 INFO Executor: Finished task 2.0 in stage 1.0 (TID 6). 1394 bytes result sent to driver
20/02/14 18:00:32 INFO Executor: Finished task 0.0 in stage 1.0 (TID 4). 1437 bytes result sent to driver
20/02/14 18:00:32 INFO TaskSetManager: Finished task 2.0 in stage 1.0 (TID 6) in 3195 ms on localhost (executor driver) (3/4)
20/02/14 18:00:32 INFO TaskSetManager: Finished task 0.0 in stage 1.0 (TID 4) in 3197 ms on localhost (executor driver) (4/4)
20/02/14 18:00:32 INFO TaskSchedulerImpl: Removed TaskSet 1.0, whose tasks have all completed, from pool 
20/02/14 18:00:32 INFO DAGScheduler: ResultStage 1 (jdbc at NativeMethodAccessorImpl.java:0) finished in 3.251 s
20/02/14 18:00:32 INFO DAGScheduler: Job 1 finished: jdbc at NativeMethodAccessorImpl.java:0, took 3.263250 s
20/02/14 18:00:32 INFO SparkContext: Invoking stop() from shutdown hook
20/02/14 18:00:32 INFO SparkUI: Stopped Spark web UI at http://192.168.1.25:4040
20/02/14 18:00:32 INFO MapOutputTrackerMasterEndpoint: MapOutputTrackerMasterEndpoint stopped!
20/02/14 18:00:32 INFO MemoryStore: MemoryStore cleared
20/02/14 18:00:32 INFO BlockManager: BlockManager stopped
20/02/14 18:00:32 INFO BlockManagerMaster: BlockManagerMaster stopped
20/02/14 18:00:32 INFO OutputCommitCoordinator$OutputCommitCoordinatorEndpoint: OutputCommitCoordinator stopped!
20/02/14 18:00:32 INFO SparkContext: Successfully stopped SparkContext
20/02/14 18:00:32 INFO ShutdownHookManager: Shutdown hook called
20/02/14 18:00:32 INFO ShutdownHookManager: Deleting directory /tmp/spark-2d52af9a-6a15-403c-a234-7b7fed67e746
20/02/14 18:00:32 INFO ShutdownHookManager: Deleting directory /tmp/spark-fd9a1929-2c37-4697-90e8-aadeecfc4b87
20/02/14 18:00:32 INFO ShutdownHookManager: Deleting directory /tmp/spark-fd9a1929-2c37-4697-90e8-aadeecfc4b87/pyspark-356ad98f-5d23-4b56-a012-04915571dfa7
###################################################################################################################################
###################################################################################################################################
Load to ODS in progress
###################################################################################################################################
###################################################################################################################################
begin;
BEGIN
	  UPDATE REVIEWS 
	  SET reviewerName = RS.reviewerName
	  , reviewRating = RS.reviewRating
	  , odsUpdateTd = current_timestamp(0)
	  FROM REVIEWS_STAGING RS
	  WHERE REVIEWS.reviewerID = RS.reviewerID
	  AND REVIEWS.asin = RS.asin
	  AND REVIEWS.reviewDate = RS.reviewDate;
UPDATE 100000
	
	INSERT INTO REVIEWS
	SELECT RS.reviewerID, RS.asin, RS.reviewerName, RS.reviewRating , RS.reviewDate, current_timestamp(0), current_timestamp(0)
	FROM REVIEWS_STAGING RS
	LEFT OUTER JOIN REVIEWS RV
	ON RS.reviewerID = RV.reviewerID
	AND RS.asin = RV.asin
	AND RS.reviewDate = RV.reviewDate
	WHERE RV.reviewerID IS NULL
	AND RV.asin IS NULL
	AND RV.reviewDate IS NULL;
INSERT 0 0
	TRUNCATE REVIEWS_STAGING;
TRUNCATE TABLE
commit;
COMMIT
