###################################################################################################################################
###################################################################################################################################
Load to stage in progress
###################################################################################################################################
###################################################################################################################################
20/02/14 05:42:05 WARN Utils: Your hostname, DESKTOP-502C4I4 resolves to a loopback address: 127.0.1.1; using 192.168.1.25 instead (on interface wifi0)
20/02/14 05:42:05 WARN Utils: Set SPARK_LOCAL_IP if you need to bind to another address
20/02/14 05:42:08 WARN NativeCodeLoader: Unable to load native-hadoop library for your platform... using builtin-java classes where applicable
Using Spark's default log4j profile: org/apache/spark/log4j-defaults.properties
20/02/14 05:42:10 INFO SparkContext: Running Spark version 2.4.5
20/02/14 05:42:10 INFO SparkContext: Submitted application: Basics
20/02/14 05:42:10 INFO SecurityManager: Changing view acls to: devetluser
20/02/14 05:42:10 INFO SecurityManager: Changing modify acls to: devetluser
20/02/14 05:42:10 INFO SecurityManager: Changing view acls groups to: 
20/02/14 05:42:10 INFO SecurityManager: Changing modify acls groups to: 
20/02/14 05:42:10 INFO SecurityManager: SecurityManager: authentication disabled; ui acls disabled; users  with view permissions: Set(devetluser); groups with view permissions: Set(); users  with modify permissions: Set(devetluser); groups with modify permissions: Set()
20/02/14 05:42:11 INFO Utils: Successfully started service 'sparkDriver' on port 1055.
20/02/14 05:42:11 INFO SparkEnv: Registering MapOutputTracker
20/02/14 05:42:11 INFO SparkEnv: Registering BlockManagerMaster
20/02/14 05:42:11 INFO BlockManagerMasterEndpoint: Using org.apache.spark.storage.DefaultTopologyMapper for getting topology information
20/02/14 05:42:11 INFO BlockManagerMasterEndpoint: BlockManagerMasterEndpoint up
20/02/14 05:42:12 INFO DiskBlockManager: Created local directory at /tmp/blockmgr-b29dd72c-4a33-4bdc-887e-cef9bf4c02fa
20/02/14 05:42:12 INFO MemoryStore: MemoryStore started with capacity 366.3 MB
20/02/14 05:42:12 INFO SparkEnv: Registering OutputCommitCoordinator
20/02/14 05:42:12 INFO Utils: Successfully started service 'SparkUI' on port 4040.
20/02/14 05:42:12 INFO SparkUI: Bound SparkUI to 0.0.0.0, and started at http://192.168.1.25:4040
20/02/14 05:42:12 INFO Executor: Starting executor ID driver on host localhost
20/02/14 05:42:13 INFO Utils: Successfully started service 'org.apache.spark.network.netty.NettyBlockTransferService' on port 1058.
20/02/14 05:42:13 INFO NettyBlockTransferService: Server created on 192.168.1.25:1058
20/02/14 05:42:13 INFO BlockManager: Using org.apache.spark.storage.RandomBlockReplicationPolicy for block replication policy
20/02/14 05:42:13 INFO BlockManagerMaster: Registering BlockManager BlockManagerId(driver, 192.168.1.25, 1058, None)
20/02/14 05:42:13 INFO BlockManagerMasterEndpoint: Registering block manager 192.168.1.25:1058 with 366.3 MB RAM, BlockManagerId(driver, 192.168.1.25, 1058, None)
20/02/14 05:42:13 INFO BlockManagerMaster: Registered BlockManager BlockManagerId(driver, 192.168.1.25, 1058, None)
20/02/14 05:42:13 INFO BlockManager: Initialized BlockManager: BlockManagerId(driver, 192.168.1.25, 1058, None)
20/02/14 05:42:14 INFO SharedState: Setting hive.metastore.warehouse.dir ('null') to the value of spark.sql.warehouse.dir ('file:/edw/Reviews/SourceCode/bash/spark-warehouse').
20/02/14 05:42:14 INFO SharedState: Warehouse path is 'file:/edw/Reviews/SourceCode/bash/spark-warehouse'.
20/02/14 05:42:16 INFO StateStoreCoordinatorRef: Registered StateStoreCoordinator endpoint
20/02/14 05:42:17 INFO InMemoryFileIndex: It took 129 ms to list leaf files for 1 paths.
20/02/14 05:42:17 INFO InMemoryFileIndex: It took 2 ms to list leaf files for 1 paths.
20/02/14 05:42:23 INFO FileSourceStrategy: Pruning directories with: 
20/02/14 05:42:23 INFO FileSourceStrategy: Post-Scan Filters: 
20/02/14 05:42:23 INFO FileSourceStrategy: Output Data Schema: struct<value: string>
20/02/14 05:42:23 INFO FileSourceScanExec: Pushed Filters: 
20/02/14 05:42:28 INFO CodeGenerator: Code generated in 640.3492 ms
20/02/14 05:42:31 INFO MemoryStore: Block broadcast_0 stored as values in memory (estimated size 282.5 KB, free 366.0 MB)
20/02/14 05:42:33 INFO MemoryStore: Block broadcast_0_piece0 stored as bytes in memory (estimated size 23.2 KB, free 366.0 MB)
20/02/14 05:42:33 INFO BlockManagerInfo: Added broadcast_0_piece0 in memory on 192.168.1.25:1058 (size: 23.2 KB, free: 366.3 MB)
20/02/14 05:42:33 INFO SparkContext: Created broadcast 0 from json at NativeMethodAccessorImpl.java:0
20/02/14 05:42:34 INFO FileSourceScanExec: Planning scan with bin packing, max size: 134217728 bytes, open cost is considered as scanning 4194304 bytes.
20/02/14 05:42:38 INFO SparkContext: Starting job: json at NativeMethodAccessorImpl.java:0
20/02/14 05:42:39 INFO DAGScheduler: Got job 0 (json at NativeMethodAccessorImpl.java:0) with 70 output partitions
20/02/14 05:42:39 INFO DAGScheduler: Final stage: ResultStage 0 (json at NativeMethodAccessorImpl.java:0)
20/02/14 05:42:39 INFO DAGScheduler: Parents of final stage: List()
20/02/14 05:42:39 INFO DAGScheduler: Missing parents: List()
20/02/14 05:42:39 INFO DAGScheduler: Submitting ResultStage 0 (MapPartitionsRDD[3] at json at NativeMethodAccessorImpl.java:0), which has no missing parents
20/02/14 05:42:40 INFO MemoryStore: Block broadcast_1 stored as values in memory (estimated size 11.6 KB, free 366.0 MB)
20/02/14 05:42:40 INFO MemoryStore: Block broadcast_1_piece0 stored as bytes in memory (estimated size 6.7 KB, free 366.0 MB)
20/02/14 05:42:40 INFO BlockManagerInfo: Added broadcast_1_piece0 in memory on 192.168.1.25:1058 (size: 6.7 KB, free: 366.3 MB)
20/02/14 05:42:40 INFO SparkContext: Created broadcast 1 from broadcast at DAGScheduler.scala:1163
20/02/14 05:42:40 INFO DAGScheduler: Submitting 70 missing tasks from ResultStage 0 (MapPartitionsRDD[3] at json at NativeMethodAccessorImpl.java:0) (first 15 tasks are for partitions Vector(0, 1, 2, 3, 4, 5, 6, 7, 8, 9, 10, 11, 12, 13, 14))
20/02/14 05:42:40 INFO TaskSchedulerImpl: Adding task set 0.0 with 70 tasks
20/02/14 05:42:40 INFO TaskSetManager: Starting task 0.0 in stage 0.0 (TID 0, localhost, executor driver, partition 0, PROCESS_LOCAL, 8267 bytes)
20/02/14 05:42:40 INFO TaskSetManager: Starting task 1.0 in stage 0.0 (TID 1, localhost, executor driver, partition 1, PROCESS_LOCAL, 8267 bytes)
20/02/14 05:42:40 INFO TaskSetManager: Starting task 2.0 in stage 0.0 (TID 2, localhost, executor driver, partition 2, PROCESS_LOCAL, 8267 bytes)
20/02/14 05:42:40 INFO TaskSetManager: Starting task 3.0 in stage 0.0 (TID 3, localhost, executor driver, partition 3, PROCESS_LOCAL, 8267 bytes)
20/02/14 05:42:40 INFO Executor: Running task 3.0 in stage 0.0 (TID 3)
20/02/14 05:42:40 INFO Executor: Running task 1.0 in stage 0.0 (TID 1)
20/02/14 05:42:40 INFO Executor: Running task 2.0 in stage 0.0 (TID 2)
20/02/14 05:42:40 INFO Executor: Running task 0.0 in stage 0.0 (TID 0)
20/02/14 05:42:41 INFO FileScanRDD: Reading File path: file:///edw/Reviews/SourceCode/data/AmzReviews.json, range: 134217728-268435456, partition values: [empty row]
20/02/14 05:42:41 INFO FileScanRDD: Reading File path: file:///edw/Reviews/SourceCode/data/AmzReviews.json, range: 0-134217728, partition values: [empty row]
20/02/14 05:42:41 INFO FileScanRDD: Reading File path: file:///edw/Reviews/SourceCode/data/AmzReviews.json, range: 268435456-402653184, partition values: [empty row]
20/02/14 05:42:41 INFO FileScanRDD: Reading File path: file:///edw/Reviews/SourceCode/data/AmzReviews.json, range: 402653184-536870912, partition values: [empty row]
20/02/14 05:42:43 INFO CodeGenerator: Code generated in 307.6819 ms
20/02/14 05:43:04 INFO Executor: Finished task 3.0 in stage 0.0 (TID 3). 2350 bytes result sent to driver
20/02/14 05:43:04 INFO Executor: Finished task 2.0 in stage 0.0 (TID 2). 2350 bytes result sent to driver
20/02/14 05:43:04 INFO TaskSetManager: Starting task 4.0 in stage 0.0 (TID 4, localhost, executor driver, partition 4, PROCESS_LOCAL, 8267 bytes)
20/02/14 05:43:04 INFO Executor: Running task 4.0 in stage 0.0 (TID 4)
20/02/14 05:43:04 INFO TaskSetManager: Starting task 5.0 in stage 0.0 (TID 5, localhost, executor driver, partition 5, PROCESS_LOCAL, 8267 bytes)
20/02/14 05:43:04 INFO Executor: Running task 5.0 in stage 0.0 (TID 5)
20/02/14 05:43:04 INFO FileScanRDD: Reading File path: file:///edw/Reviews/SourceCode/data/AmzReviews.json, range: 536870912-671088640, partition values: [empty row]
20/02/14 05:43:04 INFO FileScanRDD: Reading File path: file:///edw/Reviews/SourceCode/data/AmzReviews.json, range: 671088640-805306368, partition values: [empty row]
20/02/14 05:43:04 INFO TaskSetManager: Finished task 2.0 in stage 0.0 (TID 2) in 23908 ms on localhost (executor driver) (1/70)
20/02/14 05:43:05 INFO TaskSetManager: Finished task 3.0 in stage 0.0 (TID 3) in 24504 ms on localhost (executor driver) (2/70)
20/02/14 05:43:20 INFO Executor: Finished task 4.0 in stage 0.0 (TID 4). 2350 bytes result sent to driver
20/02/14 05:43:20 INFO TaskSetManager: Starting task 6.0 in stage 0.0 (TID 6, localhost, executor driver, partition 6, PROCESS_LOCAL, 8267 bytes)
20/02/14 05:43:20 INFO TaskSetManager: Finished task 4.0 in stage 0.0 (TID 4) in 15829 ms on localhost (executor driver) (3/70)
20/02/14 05:43:20 INFO Executor: Running task 6.0 in stage 0.0 (TID 6)
20/02/14 05:43:20 INFO FileScanRDD: Reading File path: file:///edw/Reviews/SourceCode/data/AmzReviews.json, range: 805306368-939524096, partition values: [empty row]
20/02/14 05:43:20 INFO Executor: Finished task 5.0 in stage 0.0 (TID 5). 2264 bytes result sent to driver
20/02/14 05:43:20 INFO TaskSetManager: Starting task 7.0 in stage 0.0 (TID 7, localhost, executor driver, partition 7, PROCESS_LOCAL, 8267 bytes)
20/02/14 05:43:20 INFO Executor: Running task 7.0 in stage 0.0 (TID 7)
20/02/14 05:43:20 INFO TaskSetManager: Finished task 5.0 in stage 0.0 (TID 5) in 16009 ms on localhost (executor driver) (4/70)
20/02/14 05:43:20 INFO FileScanRDD: Reading File path: file:///edw/Reviews/SourceCode/data/AmzReviews.json, range: 939524096-1073741824, partition values: [empty row]
20/02/14 05:43:25 INFO Executor: Finished task 1.0 in stage 0.0 (TID 1). 2264 bytes result sent to driver
20/02/14 05:43:25 INFO TaskSetManager: Starting task 8.0 in stage 0.0 (TID 8, localhost, executor driver, partition 8, PROCESS_LOCAL, 8267 bytes)
20/02/14 05:43:25 INFO Executor: Running task 8.0 in stage 0.0 (TID 8)
20/02/14 05:43:25 INFO TaskSetManager: Finished task 1.0 in stage 0.0 (TID 1) in 44625 ms on localhost (executor driver) (5/70)
20/02/14 05:43:25 INFO FileScanRDD: Reading File path: file:///edw/Reviews/SourceCode/data/AmzReviews.json, range: 1073741824-1207959552, partition values: [empty row]
20/02/14 05:43:36 INFO Executor: Finished task 7.0 in stage 0.0 (TID 7). 2307 bytes result sent to driver
20/02/14 05:43:36 INFO TaskSetManager: Starting task 9.0 in stage 0.0 (TID 9, localhost, executor driver, partition 9, PROCESS_LOCAL, 8267 bytes)
20/02/14 05:43:36 INFO Executor: Running task 9.0 in stage 0.0 (TID 9)
20/02/14 05:43:36 INFO TaskSetManager: Finished task 7.0 in stage 0.0 (TID 7) in 16145 ms on localhost (executor driver) (6/70)
20/02/14 05:43:36 INFO FileScanRDD: Reading File path: file:///edw/Reviews/SourceCode/data/AmzReviews.json, range: 1207959552-1342177280, partition values: [empty row]
20/02/14 05:43:36 INFO Executor: Finished task 6.0 in stage 0.0 (TID 6). 2307 bytes result sent to driver
20/02/14 05:43:36 INFO TaskSetManager: Starting task 10.0 in stage 0.0 (TID 10, localhost, executor driver, partition 10, PROCESS_LOCAL, 8267 bytes)
20/02/14 05:43:36 INFO Executor: Running task 10.0 in stage 0.0 (TID 10)
20/02/14 05:43:36 INFO TaskSetManager: Finished task 6.0 in stage 0.0 (TID 6) in 16566 ms on localhost (executor driver) (7/70)
20/02/14 05:43:36 INFO FileScanRDD: Reading File path: file:///edw/Reviews/SourceCode/data/AmzReviews.json, range: 1342177280-1476395008, partition values: [empty row]
20/02/14 05:43:42 INFO Executor: Finished task 8.0 in stage 0.0 (TID 8). 2264 bytes result sent to driver
20/02/14 05:43:42 INFO TaskSetManager: Starting task 11.0 in stage 0.0 (TID 11, localhost, executor driver, partition 11, PROCESS_LOCAL, 8267 bytes)
20/02/14 05:43:42 INFO Executor: Running task 11.0 in stage 0.0 (TID 11)
20/02/14 05:43:42 INFO TaskSetManager: Finished task 8.0 in stage 0.0 (TID 8) in 17035 ms on localhost (executor driver) (8/70)
20/02/14 05:43:42 INFO FileScanRDD: Reading File path: file:///edw/Reviews/SourceCode/data/AmzReviews.json, range: 1476395008-1610612736, partition values: [empty row]
20/02/14 05:43:52 INFO Executor: Finished task 10.0 in stage 0.0 (TID 10). 2307 bytes result sent to driver
20/02/14 05:43:52 INFO TaskSetManager: Starting task 12.0 in stage 0.0 (TID 12, localhost, executor driver, partition 12, PROCESS_LOCAL, 8267 bytes)
20/02/14 05:43:52 INFO Executor: Running task 12.0 in stage 0.0 (TID 12)
20/02/14 05:43:52 INFO TaskSetManager: Finished task 10.0 in stage 0.0 (TID 10) in 15404 ms on localhost (executor driver) (9/70)
20/02/14 05:43:52 INFO FileScanRDD: Reading File path: file:///edw/Reviews/SourceCode/data/AmzReviews.json, range: 1610612736-1744830464, partition values: [empty row]
20/02/14 05:43:53 INFO Executor: Finished task 9.0 in stage 0.0 (TID 9). 2264 bytes result sent to driver
20/02/14 05:43:53 INFO TaskSetManager: Starting task 13.0 in stage 0.0 (TID 13, localhost, executor driver, partition 13, PROCESS_LOCAL, 8267 bytes)
20/02/14 05:43:53 INFO Executor: Running task 13.0 in stage 0.0 (TID 13)
20/02/14 05:43:53 INFO TaskSetManager: Finished task 9.0 in stage 0.0 (TID 9) in 16438 ms on localhost (executor driver) (10/70)
20/02/14 05:43:53 INFO FileScanRDD: Reading File path: file:///edw/Reviews/SourceCode/data/AmzReviews.json, range: 1744830464-1879048192, partition values: [empty row]
20/02/14 05:43:58 INFO Executor: Finished task 11.0 in stage 0.0 (TID 11). 2264 bytes result sent to driver
20/02/14 05:43:58 INFO TaskSetManager: Starting task 14.0 in stage 0.0 (TID 14, localhost, executor driver, partition 14, PROCESS_LOCAL, 8267 bytes)
20/02/14 05:43:58 INFO Executor: Running task 14.0 in stage 0.0 (TID 14)
20/02/14 05:43:58 INFO TaskSetManager: Finished task 11.0 in stage 0.0 (TID 11) in 16531 ms on localhost (executor driver) (11/70)
20/02/14 05:43:58 INFO FileScanRDD: Reading File path: file:///edw/Reviews/SourceCode/data/AmzReviews.json, range: 1879048192-2013265920, partition values: [empty row]
20/02/14 05:44:09 INFO Executor: Finished task 12.0 in stage 0.0 (TID 12). 2350 bytes result sent to driver
20/02/14 05:44:09 INFO TaskSetManager: Starting task 15.0 in stage 0.0 (TID 15, localhost, executor driver, partition 15, PROCESS_LOCAL, 8267 bytes)
20/02/14 05:44:09 INFO Executor: Running task 15.0 in stage 0.0 (TID 15)
20/02/14 05:44:09 INFO TaskSetManager: Finished task 12.0 in stage 0.0 (TID 12) in 17199 ms on localhost (executor driver) (12/70)
20/02/14 05:44:09 INFO FileScanRDD: Reading File path: file:///edw/Reviews/SourceCode/data/AmzReviews.json, range: 2013265920-2147483648, partition values: [empty row]
20/02/14 05:44:10 INFO Executor: Finished task 13.0 in stage 0.0 (TID 13). 2264 bytes result sent to driver
20/02/14 05:44:10 INFO TaskSetManager: Starting task 16.0 in stage 0.0 (TID 16, localhost, executor driver, partition 16, PROCESS_LOCAL, 8267 bytes)
20/02/14 05:44:10 INFO Executor: Running task 16.0 in stage 0.0 (TID 16)
20/02/14 05:44:10 INFO TaskSetManager: Finished task 13.0 in stage 0.0 (TID 13) in 17732 ms on localhost (executor driver) (13/70)
20/02/14 05:44:10 INFO FileScanRDD: Reading File path: file:///edw/Reviews/SourceCode/data/AmzReviews.json, range: 2147483648-2281701376, partition values: [empty row]
20/02/14 05:44:13 INFO Executor: Finished task 14.0 in stage 0.0 (TID 14). 2264 bytes result sent to driver
20/02/14 05:44:13 INFO TaskSetManager: Starting task 17.0 in stage 0.0 (TID 17, localhost, executor driver, partition 17, PROCESS_LOCAL, 8267 bytes)
20/02/14 05:44:13 INFO TaskSetManager: Finished task 14.0 in stage 0.0 (TID 14) in 15025 ms on localhost (executor driver) (14/70)
20/02/14 05:44:13 INFO Executor: Running task 17.0 in stage 0.0 (TID 17)
20/02/14 05:44:13 INFO FileScanRDD: Reading File path: file:///edw/Reviews/SourceCode/data/AmzReviews.json, range: 2281701376-2415919104, partition values: [empty row]
20/02/14 05:44:17 INFO Executor: Finished task 0.0 in stage 0.0 (TID 0). 2350 bytes result sent to driver
20/02/14 05:44:17 INFO TaskSetManager: Starting task 18.0 in stage 0.0 (TID 18, localhost, executor driver, partition 18, PROCESS_LOCAL, 8267 bytes)
20/02/14 05:44:17 INFO Executor: Running task 18.0 in stage 0.0 (TID 18)
20/02/14 05:44:17 INFO TaskSetManager: Finished task 0.0 in stage 0.0 (TID 0) in 96546 ms on localhost (executor driver) (15/70)
20/02/14 05:44:17 INFO FileScanRDD: Reading File path: file:///edw/Reviews/SourceCode/data/AmzReviews.json, range: 2415919104-2550136832, partition values: [empty row]
20/02/14 05:44:26 INFO Executor: Finished task 15.0 in stage 0.0 (TID 15). 2307 bytes result sent to driver
20/02/14 05:44:26 INFO TaskSetManager: Starting task 19.0 in stage 0.0 (TID 19, localhost, executor driver, partition 19, PROCESS_LOCAL, 8267 bytes)
20/02/14 05:44:26 INFO Executor: Running task 19.0 in stage 0.0 (TID 19)
20/02/14 05:44:26 INFO TaskSetManager: Finished task 15.0 in stage 0.0 (TID 15) in 17020 ms on localhost (executor driver) (16/70)
20/02/14 05:44:26 INFO FileScanRDD: Reading File path: file:///edw/Reviews/SourceCode/data/AmzReviews.json, range: 2550136832-2684354560, partition values: [empty row]
20/02/14 05:44:33 INFO Executor: Finished task 17.0 in stage 0.0 (TID 17). 2264 bytes result sent to driver
20/02/14 05:44:33 INFO TaskSetManager: Starting task 20.0 in stage 0.0 (TID 20, localhost, executor driver, partition 20, PROCESS_LOCAL, 8267 bytes)
20/02/14 05:44:33 INFO Executor: Running task 20.0 in stage 0.0 (TID 20)
20/02/14 05:44:33 INFO TaskSetManager: Finished task 17.0 in stage 0.0 (TID 17) in 19914 ms on localhost (executor driver) (17/70)
20/02/14 05:44:33 INFO FileScanRDD: Reading File path: file:///edw/Reviews/SourceCode/data/AmzReviews.json, range: 2684354560-2818572288, partition values: [empty row]
20/02/14 05:44:37 INFO Executor: Finished task 18.0 in stage 0.0 (TID 18). 2264 bytes result sent to driver
20/02/14 05:44:37 INFO TaskSetManager: Starting task 21.0 in stage 0.0 (TID 21, localhost, executor driver, partition 21, PROCESS_LOCAL, 8267 bytes)
20/02/14 05:44:37 INFO Executor: Running task 21.0 in stage 0.0 (TID 21)
20/02/14 05:44:37 INFO TaskSetManager: Finished task 18.0 in stage 0.0 (TID 18) in 20625 ms on localhost (executor driver) (18/70)
20/02/14 05:44:37 INFO FileScanRDD: Reading File path: file:///edw/Reviews/SourceCode/data/AmzReviews.json, range: 2818572288-2952790016, partition values: [empty row]
20/02/14 05:44:39 INFO Executor: Finished task 16.0 in stage 0.0 (TID 16). 2307 bytes result sent to driver
20/02/14 05:44:39 INFO TaskSetManager: Starting task 22.0 in stage 0.0 (TID 22, localhost, executor driver, partition 22, PROCESS_LOCAL, 8267 bytes)
20/02/14 05:44:39 INFO TaskSetManager: Finished task 16.0 in stage 0.0 (TID 16) in 28459 ms on localhost (executor driver) (19/70)
20/02/14 05:44:39 INFO Executor: Running task 22.0 in stage 0.0 (TID 22)
20/02/14 05:44:39 INFO FileScanRDD: Reading File path: file:///edw/Reviews/SourceCode/data/AmzReviews.json, range: 2952790016-3087007744, partition values: [empty row]
20/02/14 05:44:49 INFO Executor: Finished task 19.0 in stage 0.0 (TID 19). 2264 bytes result sent to driver
20/02/14 05:44:49 INFO TaskSetManager: Starting task 23.0 in stage 0.0 (TID 23, localhost, executor driver, partition 23, PROCESS_LOCAL, 8267 bytes)
20/02/14 05:44:49 INFO TaskSetManager: Finished task 19.0 in stage 0.0 (TID 19) in 23159 ms on localhost (executor driver) (20/70)
20/02/14 05:44:49 INFO Executor: Running task 23.0 in stage 0.0 (TID 23)
20/02/14 05:44:49 INFO FileScanRDD: Reading File path: file:///edw/Reviews/SourceCode/data/AmzReviews.json, range: 3087007744-3221225472, partition values: [empty row]
20/02/14 05:44:55 INFO Executor: Finished task 20.0 in stage 0.0 (TID 20). 2264 bytes result sent to driver
20/02/14 05:44:55 INFO TaskSetManager: Starting task 24.0 in stage 0.0 (TID 24, localhost, executor driver, partition 24, PROCESS_LOCAL, 8267 bytes)
20/02/14 05:44:55 INFO Executor: Running task 24.0 in stage 0.0 (TID 24)
20/02/14 05:44:55 INFO TaskSetManager: Finished task 20.0 in stage 0.0 (TID 20) in 21927 ms on localhost (executor driver) (21/70)
20/02/14 05:44:55 INFO FileScanRDD: Reading File path: file:///edw/Reviews/SourceCode/data/AmzReviews.json, range: 3221225472-3355443200, partition values: [empty row]
20/02/14 05:44:59 INFO Executor: Finished task 21.0 in stage 0.0 (TID 21). 2307 bytes result sent to driver
20/02/14 05:44:59 INFO TaskSetManager: Starting task 25.0 in stage 0.0 (TID 25, localhost, executor driver, partition 25, PROCESS_LOCAL, 8267 bytes)
20/02/14 05:44:59 INFO Executor: Running task 25.0 in stage 0.0 (TID 25)
20/02/14 05:44:59 INFO TaskSetManager: Finished task 21.0 in stage 0.0 (TID 21) in 21925 ms on localhost (executor driver) (22/70)
20/02/14 05:44:59 INFO FileScanRDD: Reading File path: file:///edw/Reviews/SourceCode/data/AmzReviews.json, range: 3355443200-3489660928, partition values: [empty row]
20/02/14 05:45:00 INFO Executor: Finished task 22.0 in stage 0.0 (TID 22). 2307 bytes result sent to driver
20/02/14 05:45:00 INFO TaskSetManager: Starting task 26.0 in stage 0.0 (TID 26, localhost, executor driver, partition 26, PROCESS_LOCAL, 8267 bytes)
20/02/14 05:45:00 INFO Executor: Running task 26.0 in stage 0.0 (TID 26)
20/02/14 05:45:00 INFO TaskSetManager: Finished task 22.0 in stage 0.0 (TID 22) in 21269 ms on localhost (executor driver) (23/70)
20/02/14 05:45:00 INFO FileScanRDD: Reading File path: file:///edw/Reviews/SourceCode/data/AmzReviews.json, range: 3489660928-3623878656, partition values: [empty row]
20/02/14 05:45:11 INFO Executor: Finished task 23.0 in stage 0.0 (TID 23). 2307 bytes result sent to driver
20/02/14 05:45:11 INFO TaskSetManager: Starting task 27.0 in stage 0.0 (TID 27, localhost, executor driver, partition 27, PROCESS_LOCAL, 8267 bytes)
20/02/14 05:45:11 INFO Executor: Running task 27.0 in stage 0.0 (TID 27)
20/02/14 05:45:11 INFO TaskSetManager: Finished task 23.0 in stage 0.0 (TID 23) in 21759 ms on localhost (executor driver) (24/70)
20/02/14 05:45:11 INFO FileScanRDD: Reading File path: file:///edw/Reviews/SourceCode/data/AmzReviews.json, range: 3623878656-3758096384, partition values: [empty row]
20/02/14 05:45:18 INFO Executor: Finished task 24.0 in stage 0.0 (TID 24). 2307 bytes result sent to driver
20/02/14 05:45:18 INFO TaskSetManager: Starting task 28.0 in stage 0.0 (TID 28, localhost, executor driver, partition 28, PROCESS_LOCAL, 8267 bytes)
20/02/14 05:45:18 INFO Executor: Running task 28.0 in stage 0.0 (TID 28)
20/02/14 05:45:18 INFO TaskSetManager: Finished task 24.0 in stage 0.0 (TID 24) in 22485 ms on localhost (executor driver) (25/70)
20/02/14 05:45:18 INFO FileScanRDD: Reading File path: file:///edw/Reviews/SourceCode/data/AmzReviews.json, range: 3758096384-3892314112, partition values: [empty row]
20/02/14 05:45:24 INFO Executor: Finished task 25.0 in stage 0.0 (TID 25). 2264 bytes result sent to driver
20/02/14 05:45:24 INFO Executor: Finished task 26.0 in stage 0.0 (TID 26). 2264 bytes result sent to driver
20/02/14 05:45:24 INFO TaskSetManager: Starting task 29.0 in stage 0.0 (TID 29, localhost, executor driver, partition 29, PROCESS_LOCAL, 8267 bytes)
20/02/14 05:45:24 INFO TaskSetManager: Starting task 30.0 in stage 0.0 (TID 30, localhost, executor driver, partition 30, PROCESS_LOCAL, 8267 bytes)
20/02/14 05:45:24 INFO Executor: Running task 29.0 in stage 0.0 (TID 29)
20/02/14 05:45:24 INFO TaskSetManager: Finished task 26.0 in stage 0.0 (TID 26) in 23403 ms on localhost (executor driver) (26/70)
20/02/14 05:45:24 INFO TaskSetManager: Finished task 25.0 in stage 0.0 (TID 25) in 24215 ms on localhost (executor driver) (27/70)
20/02/14 05:45:24 INFO Executor: Running task 30.0 in stage 0.0 (TID 30)
20/02/14 05:45:24 INFO FileScanRDD: Reading File path: file:///edw/Reviews/SourceCode/data/AmzReviews.json, range: 3892314112-4026531840, partition values: [empty row]
20/02/14 05:45:24 INFO FileScanRDD: Reading File path: file:///edw/Reviews/SourceCode/data/AmzReviews.json, range: 4026531840-4160749568, partition values: [empty row]
20/02/14 05:45:33 INFO Executor: Finished task 27.0 in stage 0.0 (TID 27). 2350 bytes result sent to driver
20/02/14 05:45:33 INFO TaskSetManager: Starting task 31.0 in stage 0.0 (TID 31, localhost, executor driver, partition 31, PROCESS_LOCAL, 8267 bytes)
20/02/14 05:45:33 INFO Executor: Running task 31.0 in stage 0.0 (TID 31)
20/02/14 05:45:33 INFO TaskSetManager: Finished task 27.0 in stage 0.0 (TID 27) in 22393 ms on localhost (executor driver) (28/70)
20/02/14 05:45:33 INFO FileScanRDD: Reading File path: file:///edw/Reviews/SourceCode/data/AmzReviews.json, range: 4160749568-4294967296, partition values: [empty row]
20/02/14 05:45:40 INFO Executor: Finished task 28.0 in stage 0.0 (TID 28). 2307 bytes result sent to driver
20/02/14 05:45:40 INFO TaskSetManager: Starting task 32.0 in stage 0.0 (TID 32, localhost, executor driver, partition 32, PROCESS_LOCAL, 8267 bytes)
20/02/14 05:45:40 INFO Executor: Running task 32.0 in stage 0.0 (TID 32)
20/02/14 05:45:40 INFO TaskSetManager: Finished task 28.0 in stage 0.0 (TID 28) in 22609 ms on localhost (executor driver) (29/70)
20/02/14 05:45:40 INFO FileScanRDD: Reading File path: file:///edw/Reviews/SourceCode/data/AmzReviews.json, range: 4294967296-4429185024, partition values: [empty row]
20/02/14 05:45:45 INFO Executor: Finished task 30.0 in stage 0.0 (TID 30). 2264 bytes result sent to driver
20/02/14 05:45:45 INFO TaskSetManager: Starting task 33.0 in stage 0.0 (TID 33, localhost, executor driver, partition 33, PROCESS_LOCAL, 8267 bytes)
20/02/14 05:45:45 INFO Executor: Running task 33.0 in stage 0.0 (TID 33)
20/02/14 05:45:45 INFO TaskSetManager: Finished task 30.0 in stage 0.0 (TID 30) in 21839 ms on localhost (executor driver) (30/70)
20/02/14 05:45:45 INFO FileScanRDD: Reading File path: file:///edw/Reviews/SourceCode/data/AmzReviews.json, range: 4429185024-4563402752, partition values: [empty row]
20/02/14 05:45:46 INFO Executor: Finished task 29.0 in stage 0.0 (TID 29). 2307 bytes result sent to driver
20/02/14 05:45:46 INFO TaskSetManager: Starting task 34.0 in stage 0.0 (TID 34, localhost, executor driver, partition 34, PROCESS_LOCAL, 8267 bytes)
20/02/14 05:45:46 INFO Executor: Running task 34.0 in stage 0.0 (TID 34)
20/02/14 05:45:46 INFO TaskSetManager: Finished task 29.0 in stage 0.0 (TID 29) in 22577 ms on localhost (executor driver) (31/70)
20/02/14 05:45:46 INFO FileScanRDD: Reading File path: file:///edw/Reviews/SourceCode/data/AmzReviews.json, range: 4563402752-4697620480, partition values: [empty row]
20/02/14 05:45:55 INFO Executor: Finished task 31.0 in stage 0.0 (TID 31). 2264 bytes result sent to driver
20/02/14 05:45:55 INFO TaskSetManager: Starting task 35.0 in stage 0.0 (TID 35, localhost, executor driver, partition 35, PROCESS_LOCAL, 8267 bytes)
20/02/14 05:45:55 INFO TaskSetManager: Finished task 31.0 in stage 0.0 (TID 31) in 21571 ms on localhost (executor driver) (32/70)
20/02/14 05:45:55 INFO Executor: Running task 35.0 in stage 0.0 (TID 35)
20/02/14 05:45:55 INFO FileScanRDD: Reading File path: file:///edw/Reviews/SourceCode/data/AmzReviews.json, range: 4697620480-4831838208, partition values: [empty row]
20/02/14 05:46:02 INFO Executor: Finished task 32.0 in stage 0.0 (TID 32). 2264 bytes result sent to driver
20/02/14 05:46:02 INFO TaskSetManager: Starting task 36.0 in stage 0.0 (TID 36, localhost, executor driver, partition 36, PROCESS_LOCAL, 8267 bytes)
20/02/14 05:46:02 INFO TaskSetManager: Finished task 32.0 in stage 0.0 (TID 32) in 21109 ms on localhost (executor driver) (33/70)
20/02/14 05:46:02 INFO Executor: Running task 36.0 in stage 0.0 (TID 36)
20/02/14 05:46:02 INFO FileScanRDD: Reading File path: file:///edw/Reviews/SourceCode/data/AmzReviews.json, range: 4831838208-4966055936, partition values: [empty row]
20/02/14 05:46:05 INFO Executor: Finished task 33.0 in stage 0.0 (TID 33). 2307 bytes result sent to driver
20/02/14 05:46:05 INFO TaskSetManager: Starting task 37.0 in stage 0.0 (TID 37, localhost, executor driver, partition 37, PROCESS_LOCAL, 8267 bytes)
20/02/14 05:46:05 INFO Executor: Running task 37.0 in stage 0.0 (TID 37)
20/02/14 05:46:05 INFO TaskSetManager: Finished task 33.0 in stage 0.0 (TID 33) in 20081 ms on localhost (executor driver) (34/70)
20/02/14 05:46:05 INFO FileScanRDD: Reading File path: file:///edw/Reviews/SourceCode/data/AmzReviews.json, range: 4966055936-5100273664, partition values: [empty row]
20/02/14 05:46:07 INFO Executor: Finished task 34.0 in stage 0.0 (TID 34). 2264 bytes result sent to driver
20/02/14 05:46:07 INFO TaskSetManager: Starting task 38.0 in stage 0.0 (TID 38, localhost, executor driver, partition 38, PROCESS_LOCAL, 8267 bytes)
20/02/14 05:46:07 INFO TaskSetManager: Finished task 34.0 in stage 0.0 (TID 34) in 21220 ms on localhost (executor driver) (35/70)
20/02/14 05:46:07 INFO Executor: Running task 38.0 in stage 0.0 (TID 38)
20/02/14 05:46:07 INFO FileScanRDD: Reading File path: file:///edw/Reviews/SourceCode/data/AmzReviews.json, range: 5100273664-5234491392, partition values: [empty row]
20/02/14 05:46:17 INFO Executor: Finished task 35.0 in stage 0.0 (TID 35). 2307 bytes result sent to driver
20/02/14 05:46:17 INFO TaskSetManager: Starting task 39.0 in stage 0.0 (TID 39, localhost, executor driver, partition 39, PROCESS_LOCAL, 8267 bytes)
20/02/14 05:46:17 INFO TaskSetManager: Finished task 35.0 in stage 0.0 (TID 35) in 21823 ms on localhost (executor driver) (36/70)
20/02/14 05:46:17 INFO Executor: Running task 39.0 in stage 0.0 (TID 39)
20/02/14 05:46:17 INFO FileScanRDD: Reading File path: file:///edw/Reviews/SourceCode/data/AmzReviews.json, range: 5234491392-5368709120, partition values: [empty row]
20/02/14 05:46:24 INFO Executor: Finished task 36.0 in stage 0.0 (TID 36). 2264 bytes result sent to driver
20/02/14 05:46:24 INFO TaskSetManager: Starting task 40.0 in stage 0.0 (TID 40, localhost, executor driver, partition 40, PROCESS_LOCAL, 8267 bytes)
20/02/14 05:46:24 INFO TaskSetManager: Finished task 36.0 in stage 0.0 (TID 36) in 22322 ms on localhost (executor driver) (37/70)
20/02/14 05:46:24 INFO Executor: Running task 40.0 in stage 0.0 (TID 40)
20/02/14 05:46:24 INFO FileScanRDD: Reading File path: file:///edw/Reviews/SourceCode/data/AmzReviews.json, range: 5368709120-5502926848, partition values: [empty row]
20/02/14 05:46:28 INFO Executor: Finished task 37.0 in stage 0.0 (TID 37). 2264 bytes result sent to driver
20/02/14 05:46:28 INFO TaskSetManager: Starting task 41.0 in stage 0.0 (TID 41, localhost, executor driver, partition 41, PROCESS_LOCAL, 8267 bytes)
20/02/14 05:46:28 INFO Executor: Running task 41.0 in stage 0.0 (TID 41)
20/02/14 05:46:28 INFO TaskSetManager: Finished task 37.0 in stage 0.0 (TID 37) in 22256 ms on localhost (executor driver) (38/70)
20/02/14 05:46:28 INFO FileScanRDD: Reading File path: file:///edw/Reviews/SourceCode/data/AmzReviews.json, range: 5502926848-5637144576, partition values: [empty row]
20/02/14 05:46:29 INFO Executor: Finished task 38.0 in stage 0.0 (TID 38). 2264 bytes result sent to driver
20/02/14 05:46:29 INFO TaskSetManager: Starting task 42.0 in stage 0.0 (TID 42, localhost, executor driver, partition 42, PROCESS_LOCAL, 8267 bytes)
20/02/14 05:46:29 INFO TaskSetManager: Finished task 38.0 in stage 0.0 (TID 38) in 21895 ms on localhost (executor driver) (39/70)
20/02/14 05:46:29 INFO Executor: Running task 42.0 in stage 0.0 (TID 42)
20/02/14 05:46:29 INFO FileScanRDD: Reading File path: file:///edw/Reviews/SourceCode/data/AmzReviews.json, range: 5637144576-5771362304, partition values: [empty row]
20/02/14 05:46:39 INFO Executor: Finished task 39.0 in stage 0.0 (TID 39). 2264 bytes result sent to driver
20/02/14 05:46:39 INFO TaskSetManager: Starting task 43.0 in stage 0.0 (TID 43, localhost, executor driver, partition 43, PROCESS_LOCAL, 8267 bytes)
20/02/14 05:46:39 INFO TaskSetManager: Finished task 39.0 in stage 0.0 (TID 39) in 22231 ms on localhost (executor driver) (40/70)
20/02/14 05:46:39 INFO Executor: Running task 43.0 in stage 0.0 (TID 43)
20/02/14 05:46:39 INFO FileScanRDD: Reading File path: file:///edw/Reviews/SourceCode/data/AmzReviews.json, range: 5771362304-5905580032, partition values: [empty row]
20/02/14 05:46:44 INFO Executor: Finished task 40.0 in stage 0.0 (TID 40). 2264 bytes result sent to driver
20/02/14 05:46:44 INFO TaskSetManager: Starting task 44.0 in stage 0.0 (TID 44, localhost, executor driver, partition 44, PROCESS_LOCAL, 8267 bytes)
20/02/14 05:46:44 INFO TaskSetManager: Finished task 40.0 in stage 0.0 (TID 40) in 20469 ms on localhost (executor driver) (41/70)
20/02/14 05:46:44 INFO Executor: Running task 44.0 in stage 0.0 (TID 44)
20/02/14 05:46:44 INFO FileScanRDD: Reading File path: file:///edw/Reviews/SourceCode/data/AmzReviews.json, range: 5905580032-6039797760, partition values: [empty row]
20/02/14 05:46:50 INFO Executor: Finished task 41.0 in stage 0.0 (TID 41). 2307 bytes result sent to driver
20/02/14 05:46:50 INFO TaskSetManager: Starting task 45.0 in stage 0.0 (TID 45, localhost, executor driver, partition 45, PROCESS_LOCAL, 8267 bytes)
20/02/14 05:46:50 INFO Executor: Running task 45.0 in stage 0.0 (TID 45)
20/02/14 05:46:50 INFO TaskSetManager: Finished task 41.0 in stage 0.0 (TID 41) in 21988 ms on localhost (executor driver) (42/70)
20/02/14 05:46:50 INFO FileScanRDD: Reading File path: file:///edw/Reviews/SourceCode/data/AmzReviews.json, range: 6039797760-6174015488, partition values: [empty row]
20/02/14 05:46:50 INFO Executor: Finished task 42.0 in stage 0.0 (TID 42). 2350 bytes result sent to driver
20/02/14 05:46:50 INFO TaskSetManager: Starting task 46.0 in stage 0.0 (TID 46, localhost, executor driver, partition 46, PROCESS_LOCAL, 8267 bytes)
20/02/14 05:46:50 INFO Executor: Running task 46.0 in stage 0.0 (TID 46)
20/02/14 05:46:50 INFO TaskSetManager: Finished task 42.0 in stage 0.0 (TID 42) in 20994 ms on localhost (executor driver) (43/70)
20/02/14 05:46:50 INFO FileScanRDD: Reading File path: file:///edw/Reviews/SourceCode/data/AmzReviews.json, range: 6174015488-6308233216, partition values: [empty row]
20/02/14 05:47:03 INFO Executor: Finished task 43.0 in stage 0.0 (TID 43). 2264 bytes result sent to driver
20/02/14 05:47:03 INFO TaskSetManager: Starting task 47.0 in stage 0.0 (TID 47, localhost, executor driver, partition 47, PROCESS_LOCAL, 8267 bytes)
20/02/14 05:47:03 INFO Executor: Running task 47.0 in stage 0.0 (TID 47)
20/02/14 05:47:03 INFO TaskSetManager: Finished task 43.0 in stage 0.0 (TID 43) in 23626 ms on localhost (executor driver) (44/70)
20/02/14 05:47:03 INFO FileScanRDD: Reading File path: file:///edw/Reviews/SourceCode/data/AmzReviews.json, range: 6308233216-6442450944, partition values: [empty row]
20/02/14 05:47:07 INFO Executor: Finished task 44.0 in stage 0.0 (TID 44). 2307 bytes result sent to driver
20/02/14 05:47:07 INFO TaskSetManager: Starting task 48.0 in stage 0.0 (TID 48, localhost, executor driver, partition 48, PROCESS_LOCAL, 8267 bytes)
20/02/14 05:47:07 INFO Executor: Running task 48.0 in stage 0.0 (TID 48)
20/02/14 05:47:07 INFO TaskSetManager: Finished task 44.0 in stage 0.0 (TID 44) in 22592 ms on localhost (executor driver) (45/70)
20/02/14 05:47:07 INFO FileScanRDD: Reading File path: file:///edw/Reviews/SourceCode/data/AmzReviews.json, range: 6442450944-6576668672, partition values: [empty row]
20/02/14 05:47:13 INFO Executor: Finished task 46.0 in stage 0.0 (TID 46). 2264 bytes result sent to driver
20/02/14 05:47:13 INFO TaskSetManager: Starting task 49.0 in stage 0.0 (TID 49, localhost, executor driver, partition 49, PROCESS_LOCAL, 8267 bytes)
20/02/14 05:47:13 INFO Executor: Running task 49.0 in stage 0.0 (TID 49)
20/02/14 05:47:13 INFO TaskSetManager: Finished task 46.0 in stage 0.0 (TID 46) in 22638 ms on localhost (executor driver) (46/70)
20/02/14 05:47:13 INFO FileScanRDD: Reading File path: file:///edw/Reviews/SourceCode/data/AmzReviews.json, range: 6576668672-6710886400, partition values: [empty row]
20/02/14 05:47:13 INFO Executor: Finished task 45.0 in stage 0.0 (TID 45). 2264 bytes result sent to driver
20/02/14 05:47:13 INFO TaskSetManager: Starting task 50.0 in stage 0.0 (TID 50, localhost, executor driver, partition 50, PROCESS_LOCAL, 8267 bytes)
20/02/14 05:47:13 INFO Executor: Running task 50.0 in stage 0.0 (TID 50)
20/02/14 05:47:13 INFO TaskSetManager: Finished task 45.0 in stage 0.0 (TID 45) in 23309 ms on localhost (executor driver) (47/70)
20/02/14 05:47:13 INFO FileScanRDD: Reading File path: file:///edw/Reviews/SourceCode/data/AmzReviews.json, range: 6710886400-6845104128, partition values: [empty row]
20/02/14 05:47:26 INFO Executor: Finished task 47.0 in stage 0.0 (TID 47). 2264 bytes result sent to driver
20/02/14 05:47:26 INFO TaskSetManager: Starting task 51.0 in stage 0.0 (TID 51, localhost, executor driver, partition 51, PROCESS_LOCAL, 8267 bytes)
20/02/14 05:47:26 INFO Executor: Running task 51.0 in stage 0.0 (TID 51)
20/02/14 05:47:26 INFO TaskSetManager: Finished task 47.0 in stage 0.0 (TID 47) in 22942 ms on localhost (executor driver) (48/70)
20/02/14 05:47:26 INFO FileScanRDD: Reading File path: file:///edw/Reviews/SourceCode/data/AmzReviews.json, range: 6845104128-6979321856, partition values: [empty row]
20/02/14 05:47:30 INFO Executor: Finished task 48.0 in stage 0.0 (TID 48). 2264 bytes result sent to driver
20/02/14 05:47:30 INFO TaskSetManager: Starting task 52.0 in stage 0.0 (TID 52, localhost, executor driver, partition 52, PROCESS_LOCAL, 8267 bytes)
20/02/14 05:47:30 INFO TaskSetManager: Finished task 48.0 in stage 0.0 (TID 48) in 22953 ms on localhost (executor driver) (49/70)
20/02/14 05:47:30 INFO Executor: Running task 52.0 in stage 0.0 (TID 52)
20/02/14 05:47:30 INFO FileScanRDD: Reading File path: file:///edw/Reviews/SourceCode/data/AmzReviews.json, range: 6979321856-7113539584, partition values: [empty row]
20/02/14 05:47:35 INFO Executor: Finished task 49.0 in stage 0.0 (TID 49). 2307 bytes result sent to driver
20/02/14 05:47:35 INFO TaskSetManager: Starting task 53.0 in stage 0.0 (TID 53, localhost, executor driver, partition 53, PROCESS_LOCAL, 8267 bytes)
20/02/14 05:47:35 INFO Executor: Running task 53.0 in stage 0.0 (TID 53)
20/02/14 05:47:35 INFO TaskSetManager: Finished task 49.0 in stage 0.0 (TID 49) in 22406 ms on localhost (executor driver) (50/70)
20/02/14 05:47:35 INFO FileScanRDD: Reading File path: file:///edw/Reviews/SourceCode/data/AmzReviews.json, range: 7113539584-7247757312, partition values: [empty row]
20/02/14 05:47:35 INFO Executor: Finished task 50.0 in stage 0.0 (TID 50). 2264 bytes result sent to driver
20/02/14 05:47:35 INFO TaskSetManager: Starting task 54.0 in stage 0.0 (TID 54, localhost, executor driver, partition 54, PROCESS_LOCAL, 8267 bytes)
20/02/14 05:47:35 INFO TaskSetManager: Finished task 50.0 in stage 0.0 (TID 50) in 22401 ms on localhost (executor driver) (51/70)
20/02/14 05:47:35 INFO Executor: Running task 54.0 in stage 0.0 (TID 54)
20/02/14 05:47:35 INFO FileScanRDD: Reading File path: file:///edw/Reviews/SourceCode/data/AmzReviews.json, range: 7247757312-7381975040, partition values: [empty row]
20/02/14 05:47:49 INFO Executor: Finished task 51.0 in stage 0.0 (TID 51). 2307 bytes result sent to driver
20/02/14 05:47:49 INFO TaskSetManager: Starting task 55.0 in stage 0.0 (TID 55, localhost, executor driver, partition 55, PROCESS_LOCAL, 8267 bytes)
20/02/14 05:47:49 INFO Executor: Running task 55.0 in stage 0.0 (TID 55)
20/02/14 05:47:49 INFO TaskSetManager: Finished task 51.0 in stage 0.0 (TID 51) in 23842 ms on localhost (executor driver) (52/70)
20/02/14 05:47:49 INFO FileScanRDD: Reading File path: file:///edw/Reviews/SourceCode/data/AmzReviews.json, range: 7381975040-7516192768, partition values: [empty row]
20/02/14 05:47:53 INFO Executor: Finished task 52.0 in stage 0.0 (TID 52). 2307 bytes result sent to driver
20/02/14 05:47:53 INFO TaskSetManager: Starting task 56.0 in stage 0.0 (TID 56, localhost, executor driver, partition 56, PROCESS_LOCAL, 8267 bytes)
20/02/14 05:47:53 INFO Executor: Running task 56.0 in stage 0.0 (TID 56)
20/02/14 05:47:53 INFO TaskSetManager: Finished task 52.0 in stage 0.0 (TID 52) in 22790 ms on localhost (executor driver) (53/70)
20/02/14 05:47:53 INFO FileScanRDD: Reading File path: file:///edw/Reviews/SourceCode/data/AmzReviews.json, range: 7516192768-7650410496, partition values: [empty row]
20/02/14 05:47:57 INFO Executor: Finished task 53.0 in stage 0.0 (TID 53). 2350 bytes result sent to driver
20/02/14 05:47:57 INFO TaskSetManager: Starting task 57.0 in stage 0.0 (TID 57, localhost, executor driver, partition 57, PROCESS_LOCAL, 8267 bytes)
20/02/14 05:47:57 INFO Executor: Running task 57.0 in stage 0.0 (TID 57)
20/02/14 05:47:57 INFO TaskSetManager: Finished task 53.0 in stage 0.0 (TID 53) in 22017 ms on localhost (executor driver) (54/70)
20/02/14 05:47:57 INFO FileScanRDD: Reading File path: file:///edw/Reviews/SourceCode/data/AmzReviews.json, range: 7650410496-7784628224, partition values: [empty row]
20/02/14 05:47:58 INFO Executor: Finished task 54.0 in stage 0.0 (TID 54). 2264 bytes result sent to driver
20/02/14 05:47:58 INFO TaskSetManager: Starting task 58.0 in stage 0.0 (TID 58, localhost, executor driver, partition 58, PROCESS_LOCAL, 8267 bytes)
20/02/14 05:47:58 INFO Executor: Running task 58.0 in stage 0.0 (TID 58)
20/02/14 05:47:58 INFO TaskSetManager: Finished task 54.0 in stage 0.0 (TID 54) in 22743 ms on localhost (executor driver) (55/70)
20/02/14 05:47:58 INFO FileScanRDD: Reading File path: file:///edw/Reviews/SourceCode/data/AmzReviews.json, range: 7784628224-7918845952, partition values: [empty row]
20/02/14 05:48:12 INFO Executor: Finished task 55.0 in stage 0.0 (TID 55). 2264 bytes result sent to driver
20/02/14 05:48:13 INFO TaskSetManager: Starting task 59.0 in stage 0.0 (TID 59, localhost, executor driver, partition 59, PROCESS_LOCAL, 8267 bytes)
20/02/14 05:48:13 INFO Executor: Running task 59.0 in stage 0.0 (TID 59)
20/02/14 05:48:13 INFO TaskSetManager: Finished task 55.0 in stage 0.0 (TID 55) in 23098 ms on localhost (executor driver) (56/70)
20/02/14 05:48:13 INFO FileScanRDD: Reading File path: file:///edw/Reviews/SourceCode/data/AmzReviews.json, range: 7918845952-8053063680, partition values: [empty row]
20/02/14 05:48:15 INFO Executor: Finished task 56.0 in stage 0.0 (TID 56). 2307 bytes result sent to driver
20/02/14 05:48:15 INFO TaskSetManager: Starting task 60.0 in stage 0.0 (TID 60, localhost, executor driver, partition 60, PROCESS_LOCAL, 8267 bytes)
20/02/14 05:48:15 INFO Executor: Running task 60.0 in stage 0.0 (TID 60)
20/02/14 05:48:15 INFO TaskSetManager: Finished task 56.0 in stage 0.0 (TID 56) in 22124 ms on localhost (executor driver) (57/70)
20/02/14 05:48:15 INFO FileScanRDD: Reading File path: file:///edw/Reviews/SourceCode/data/AmzReviews.json, range: 8053063680-8187281408, partition values: [empty row]
20/02/14 05:48:20 INFO Executor: Finished task 57.0 in stage 0.0 (TID 57). 2264 bytes result sent to driver
20/02/14 05:48:20 INFO TaskSetManager: Starting task 61.0 in stage 0.0 (TID 61, localhost, executor driver, partition 61, PROCESS_LOCAL, 8267 bytes)
20/02/14 05:48:20 INFO TaskSetManager: Finished task 57.0 in stage 0.0 (TID 57) in 22885 ms on localhost (executor driver) (58/70)
20/02/14 05:48:20 INFO Executor: Running task 61.0 in stage 0.0 (TID 61)
20/02/14 05:48:20 INFO FileScanRDD: Reading File path: file:///edw/Reviews/SourceCode/data/AmzReviews.json, range: 8187281408-8321499136, partition values: [empty row]
20/02/14 05:48:20 INFO Executor: Finished task 58.0 in stage 0.0 (TID 58). 2264 bytes result sent to driver
20/02/14 05:48:20 INFO TaskSetManager: Starting task 62.0 in stage 0.0 (TID 62, localhost, executor driver, partition 62, PROCESS_LOCAL, 8267 bytes)
20/02/14 05:48:20 INFO TaskSetManager: Finished task 58.0 in stage 0.0 (TID 58) in 22296 ms on localhost (executor driver) (59/70)
20/02/14 05:48:20 INFO Executor: Running task 62.0 in stage 0.0 (TID 62)
20/02/14 05:48:20 INFO FileScanRDD: Reading File path: file:///edw/Reviews/SourceCode/data/AmzReviews.json, range: 8321499136-8455716864, partition values: [empty row]
20/02/14 05:48:34 INFO Executor: Finished task 59.0 in stage 0.0 (TID 59). 2264 bytes result sent to driver
20/02/14 05:48:34 INFO TaskSetManager: Starting task 63.0 in stage 0.0 (TID 63, localhost, executor driver, partition 63, PROCESS_LOCAL, 8267 bytes)
20/02/14 05:48:34 INFO TaskSetManager: Finished task 59.0 in stage 0.0 (TID 59) in 21528 ms on localhost (executor driver) (60/70)
20/02/14 05:48:34 INFO Executor: Running task 63.0 in stage 0.0 (TID 63)
20/02/14 05:48:34 INFO FileScanRDD: Reading File path: file:///edw/Reviews/SourceCode/data/AmzReviews.json, range: 8455716864-8589934592, partition values: [empty row]
20/02/14 05:48:35 INFO Executor: Finished task 60.0 in stage 0.0 (TID 60). 2350 bytes result sent to driver
20/02/14 05:48:35 INFO TaskSetManager: Starting task 64.0 in stage 0.0 (TID 64, localhost, executor driver, partition 64, PROCESS_LOCAL, 8267 bytes)
20/02/14 05:48:35 INFO Executor: Running task 64.0 in stage 0.0 (TID 64)
20/02/14 05:48:35 INFO TaskSetManager: Finished task 60.0 in stage 0.0 (TID 60) in 20292 ms on localhost (executor driver) (61/70)
20/02/14 05:48:35 INFO FileScanRDD: Reading File path: file:///edw/Reviews/SourceCode/data/AmzReviews.json, range: 8589934592-8724152320, partition values: [empty row]
20/02/14 05:48:40 INFO Executor: Finished task 61.0 in stage 0.0 (TID 61). 2264 bytes result sent to driver
20/02/14 05:48:40 INFO TaskSetManager: Starting task 65.0 in stage 0.0 (TID 65, localhost, executor driver, partition 65, PROCESS_LOCAL, 8267 bytes)
20/02/14 05:48:40 INFO Executor: Running task 65.0 in stage 0.0 (TID 65)
20/02/14 05:48:40 INFO TaskSetManager: Finished task 61.0 in stage 0.0 (TID 61) in 19366 ms on localhost (executor driver) (62/70)
20/02/14 05:48:40 INFO FileScanRDD: Reading File path: file:///edw/Reviews/SourceCode/data/AmzReviews.json, range: 8724152320-8858370048, partition values: [empty row]
20/02/14 05:48:40 INFO Executor: Finished task 62.0 in stage 0.0 (TID 62). 2307 bytes result sent to driver
20/02/14 05:48:40 INFO TaskSetManager: Starting task 66.0 in stage 0.0 (TID 66, localhost, executor driver, partition 66, PROCESS_LOCAL, 8267 bytes)
20/02/14 05:48:40 INFO Executor: Running task 66.0 in stage 0.0 (TID 66)
20/02/14 05:48:40 INFO TaskSetManager: Finished task 62.0 in stage 0.0 (TID 62) in 19482 ms on localhost (executor driver) (63/70)
20/02/14 05:48:40 INFO FileScanRDD: Reading File path: file:///edw/Reviews/SourceCode/data/AmzReviews.json, range: 8858370048-8992587776, partition values: [empty row]
20/02/14 05:49:03 INFO Executor: Finished task 64.0 in stage 0.0 (TID 64). 2264 bytes result sent to driver
20/02/14 05:49:03 INFO TaskSetManager: Starting task 67.0 in stage 0.0 (TID 67, localhost, executor driver, partition 67, PROCESS_LOCAL, 8267 bytes)
20/02/14 05:49:03 INFO TaskSetManager: Finished task 64.0 in stage 0.0 (TID 64) in 27957 ms on localhost (executor driver) (64/70)
20/02/14 05:49:03 INFO Executor: Running task 67.0 in stage 0.0 (TID 67)
20/02/14 05:49:03 INFO FileScanRDD: Reading File path: file:///edw/Reviews/SourceCode/data/AmzReviews.json, range: 8992587776-9126805504, partition values: [empty row]
20/02/14 05:49:04 INFO Executor: Finished task 63.0 in stage 0.0 (TID 63). 2264 bytes result sent to driver
20/02/14 05:49:04 INFO TaskSetManager: Starting task 68.0 in stage 0.0 (TID 68, localhost, executor driver, partition 68, PROCESS_LOCAL, 8267 bytes)
20/02/14 05:49:04 INFO TaskSetManager: Finished task 63.0 in stage 0.0 (TID 63) in 29505 ms on localhost (executor driver) (65/70)
20/02/14 05:49:04 INFO Executor: Running task 68.0 in stage 0.0 (TID 68)
20/02/14 05:49:04 INFO FileScanRDD: Reading File path: file:///edw/Reviews/SourceCode/data/AmzReviews.json, range: 9126805504-9261023232, partition values: [empty row]
20/02/14 05:49:22 INFO Executor: Finished task 65.0 in stage 0.0 (TID 65). 2264 bytes result sent to driver
20/02/14 05:49:22 INFO TaskSetManager: Starting task 69.0 in stage 0.0 (TID 69, localhost, executor driver, partition 69, PROCESS_LOCAL, 8267 bytes)
20/02/14 05:49:22 INFO Executor: Running task 69.0 in stage 0.0 (TID 69)
20/02/14 05:49:22 INFO TaskSetManager: Finished task 65.0 in stage 0.0 (TID 65) in 42202 ms on localhost (executor driver) (66/70)
20/02/14 05:49:22 INFO FileScanRDD: Reading File path: file:///edw/Reviews/SourceCode/data/AmzReviews.json, range: 9261023232-9362045638, partition values: [empty row]
20/02/14 05:49:23 INFO Executor: Finished task 66.0 in stage 0.0 (TID 66). 2264 bytes result sent to driver
20/02/14 05:49:24 INFO TaskSetManager: Finished task 66.0 in stage 0.0 (TID 66) in 43783 ms on localhost (executor driver) (67/70)
20/02/14 05:49:34 INFO Executor: Finished task 67.0 in stage 0.0 (TID 67). 2307 bytes result sent to driver
20/02/14 05:49:34 INFO TaskSetManager: Finished task 67.0 in stage 0.0 (TID 67) in 31213 ms on localhost (executor driver) (68/70)
20/02/14 05:49:35 INFO Executor: Finished task 68.0 in stage 0.0 (TID 68). 2264 bytes result sent to driver
20/02/14 05:49:35 INFO TaskSetManager: Finished task 68.0 in stage 0.0 (TID 68) in 31094 ms on localhost (executor driver) (69/70)
20/02/14 05:49:45 INFO Executor: Finished task 69.0 in stage 0.0 (TID 69). 2264 bytes result sent to driver
20/02/14 05:49:45 INFO TaskSetManager: Finished task 69.0 in stage 0.0 (TID 69) in 23356 ms on localhost (executor driver) (70/70)
20/02/14 05:49:45 INFO TaskSchedulerImpl: Removed TaskSet 0.0, whose tasks have all completed, from pool 
20/02/14 05:49:45 INFO DAGScheduler: ResultStage 0 (json at NativeMethodAccessorImpl.java:0) finished in 425.889 s
20/02/14 05:49:46 INFO DAGScheduler: Job 0 finished: json at NativeMethodAccessorImpl.java:0, took 427.679674 s
20/02/14 05:49:53 INFO FileSourceStrategy: Pruning directories with: 
20/02/14 05:49:53 INFO FileSourceStrategy: Post-Scan Filters: 
20/02/14 05:49:53 INFO FileSourceStrategy: Output Data Schema: struct<asin: string, overall: double, reviewerID: string, reviewerName: string, unixReviewTime: bigint ... 3 more fields>
20/02/14 05:49:53 INFO FileSourceScanExec: Pushed Filters: 
20/02/14 05:49:53 INFO CodeGenerator: Code generated in 96.6349 ms
20/02/14 05:49:53 INFO MemoryStore: Block broadcast_2 stored as values in memory (estimated size 282.5 KB, free 365.7 MB)
20/02/14 05:49:53 INFO MemoryStore: Block broadcast_2_piece0 stored as bytes in memory (estimated size 23.2 KB, free 365.7 MB)
20/02/14 05:49:53 INFO BlockManagerInfo: Added broadcast_2_piece0 in memory on 192.168.1.25:1058 (size: 23.2 KB, free: 366.2 MB)
20/02/14 05:49:53 INFO SparkContext: Created broadcast 2 from jdbc at NativeMethodAccessorImpl.java:0
20/02/14 05:49:54 INFO FileSourceScanExec: Planning scan with bin packing, max size: 134217728 bytes, open cost is considered as scanning 4194304 bytes.
20/02/14 05:49:54 INFO SparkContext: Starting job: jdbc at NativeMethodAccessorImpl.java:0
20/02/14 05:49:54 INFO DAGScheduler: Got job 1 (jdbc at NativeMethodAccessorImpl.java:0) with 70 output partitions
20/02/14 05:49:54 INFO DAGScheduler: Final stage: ResultStage 1 (jdbc at NativeMethodAccessorImpl.java:0)
20/02/14 05:49:54 INFO DAGScheduler: Parents of final stage: List()
20/02/14 05:49:54 INFO DAGScheduler: Missing parents: List()
20/02/14 05:49:54 INFO DAGScheduler: Submitting ResultStage 1 (MapPartitionsRDD[8] at jdbc at NativeMethodAccessorImpl.java:0), which has no missing parents
20/02/14 05:49:54 INFO MemoryStore: Block broadcast_3 stored as values in memory (estimated size 64.3 KB, free 365.6 MB)
20/02/14 05:49:54 INFO MemoryStore: Block broadcast_3_piece0 stored as bytes in memory (estimated size 29.4 KB, free 365.6 MB)
20/02/14 05:49:54 INFO BlockManagerInfo: Added broadcast_3_piece0 in memory on 192.168.1.25:1058 (size: 29.4 KB, free: 366.2 MB)
20/02/14 05:49:54 INFO SparkContext: Created broadcast 3 from broadcast at DAGScheduler.scala:1163
20/02/14 05:49:54 INFO DAGScheduler: Submitting 70 missing tasks from ResultStage 1 (MapPartitionsRDD[8] at jdbc at NativeMethodAccessorImpl.java:0) (first 15 tasks are for partitions Vector(0, 1, 2, 3, 4, 5, 6, 7, 8, 9, 10, 11, 12, 13, 14))
20/02/14 05:49:54 INFO TaskSchedulerImpl: Adding task set 1.0 with 70 tasks
20/02/14 05:49:54 INFO TaskSetManager: Starting task 0.0 in stage 1.0 (TID 70, localhost, executor driver, partition 0, PROCESS_LOCAL, 8267 bytes)
20/02/14 05:49:54 INFO TaskSetManager: Starting task 1.0 in stage 1.0 (TID 71, localhost, executor driver, partition 1, PROCESS_LOCAL, 8267 bytes)
20/02/14 05:49:54 INFO TaskSetManager: Starting task 2.0 in stage 1.0 (TID 72, localhost, executor driver, partition 2, PROCESS_LOCAL, 8267 bytes)
20/02/14 05:49:54 INFO TaskSetManager: Starting task 3.0 in stage 1.0 (TID 73, localhost, executor driver, partition 3, PROCESS_LOCAL, 8267 bytes)
20/02/14 05:49:54 INFO Executor: Running task 0.0 in stage 1.0 (TID 70)
20/02/14 05:49:54 INFO Executor: Running task 3.0 in stage 1.0 (TID 73)
20/02/14 05:49:54 INFO Executor: Running task 1.0 in stage 1.0 (TID 71)
20/02/14 05:49:54 INFO Executor: Running task 2.0 in stage 1.0 (TID 72)
20/02/14 05:49:55 INFO CodeGenerator: Code generated in 42.4394 ms
20/02/14 05:49:55 INFO FileScanRDD: Reading File path: file:///edw/Reviews/SourceCode/data/AmzReviews.json, range: 402653184-536870912, partition values: [empty row]
20/02/14 05:49:55 INFO FileScanRDD: Reading File path: file:///edw/Reviews/SourceCode/data/AmzReviews.json, range: 134217728-268435456, partition values: [empty row]
20/02/14 05:49:55 INFO FileScanRDD: Reading File path: file:///edw/Reviews/SourceCode/data/AmzReviews.json, range: 268435456-402653184, partition values: [empty row]
20/02/14 05:49:55 INFO CodeGenerator: Code generated in 25.1901 ms
20/02/14 05:49:55 INFO FileScanRDD: Reading File path: file:///edw/Reviews/SourceCode/data/AmzReviews.json, range: 0-134217728, partition values: [empty row]
20/02/14 05:50:55 INFO Executor: Finished task 2.0 in stage 1.0 (TID 72). 1480 bytes result sent to driver
20/02/14 05:50:55 INFO TaskSetManager: Starting task 4.0 in stage 1.0 (TID 74, localhost, executor driver, partition 4, PROCESS_LOCAL, 8267 bytes)
20/02/14 05:50:55 INFO TaskSetManager: Finished task 2.0 in stage 1.0 (TID 72) in 60396 ms on localhost (executor driver) (1/70)
20/02/14 05:50:55 INFO Executor: Running task 4.0 in stage 1.0 (TID 74)
20/02/14 05:50:55 INFO FileScanRDD: Reading File path: file:///edw/Reviews/SourceCode/data/AmzReviews.json, range: 536870912-671088640, partition values: [empty row]
20/02/14 05:50:57 INFO Executor: Finished task 3.0 in stage 1.0 (TID 73). 1394 bytes result sent to driver
20/02/14 05:50:57 INFO TaskSetManager: Starting task 5.0 in stage 1.0 (TID 75, localhost, executor driver, partition 5, PROCESS_LOCAL, 8267 bytes)
20/02/14 05:50:57 INFO TaskSetManager: Finished task 3.0 in stage 1.0 (TID 73) in 62593 ms on localhost (executor driver) (2/70)
20/02/14 05:50:57 INFO Executor: Running task 5.0 in stage 1.0 (TID 75)
20/02/14 05:50:57 INFO FileScanRDD: Reading File path: file:///edw/Reviews/SourceCode/data/AmzReviews.json, range: 671088640-805306368, partition values: [empty row]
20/02/14 05:50:58 INFO Executor: Finished task 1.0 in stage 1.0 (TID 71). 1437 bytes result sent to driver
20/02/14 05:50:58 INFO TaskSetManager: Starting task 6.0 in stage 1.0 (TID 76, localhost, executor driver, partition 6, PROCESS_LOCAL, 8267 bytes)
20/02/14 05:50:58 INFO TaskSetManager: Finished task 1.0 in stage 1.0 (TID 71) in 63469 ms on localhost (executor driver) (3/70)
20/02/14 05:50:58 INFO Executor: Running task 6.0 in stage 1.0 (TID 76)
20/02/14 05:50:58 INFO FileScanRDD: Reading File path: file:///edw/Reviews/SourceCode/data/AmzReviews.json, range: 805306368-939524096, partition values: [empty row]
20/02/14 05:51:05 INFO Executor: Finished task 0.0 in stage 1.0 (TID 70). 1394 bytes result sent to driver
20/02/14 05:51:05 INFO TaskSetManager: Starting task 7.0 in stage 1.0 (TID 77, localhost, executor driver, partition 7, PROCESS_LOCAL, 8267 bytes)
20/02/14 05:51:05 INFO TaskSetManager: Finished task 0.0 in stage 1.0 (TID 70) in 70541 ms on localhost (executor driver) (4/70)
20/02/14 05:51:05 INFO Executor: Running task 7.0 in stage 1.0 (TID 77)
20/02/14 05:51:05 INFO FileScanRDD: Reading File path: file:///edw/Reviews/SourceCode/data/AmzReviews.json, range: 939524096-1073741824, partition values: [empty row]
20/02/14 05:51:28 INFO Executor: Finished task 4.0 in stage 1.0 (TID 74). 1437 bytes result sent to driver
20/02/14 05:51:28 INFO TaskSetManager: Starting task 8.0 in stage 1.0 (TID 78, localhost, executor driver, partition 8, PROCESS_LOCAL, 8267 bytes)
20/02/14 05:51:28 INFO TaskSetManager: Finished task 4.0 in stage 1.0 (TID 74) in 33340 ms on localhost (executor driver) (5/70)
20/02/14 05:51:28 INFO Executor: Running task 8.0 in stage 1.0 (TID 78)
20/02/14 05:51:28 INFO FileScanRDD: Reading File path: file:///edw/Reviews/SourceCode/data/AmzReviews.json, range: 1073741824-1207959552, partition values: [empty row]
20/02/14 05:51:30 INFO Executor: Finished task 6.0 in stage 1.0 (TID 76). 1394 bytes result sent to driver
20/02/14 05:51:30 INFO TaskSetManager: Starting task 9.0 in stage 1.0 (TID 79, localhost, executor driver, partition 9, PROCESS_LOCAL, 8267 bytes)
20/02/14 05:51:30 INFO TaskSetManager: Finished task 6.0 in stage 1.0 (TID 76) in 31802 ms on localhost (executor driver) (6/70)
20/02/14 05:51:30 INFO Executor: Running task 9.0 in stage 1.0 (TID 79)
20/02/14 05:51:30 INFO FileScanRDD: Reading File path: file:///edw/Reviews/SourceCode/data/AmzReviews.json, range: 1207959552-1342177280, partition values: [empty row]
20/02/14 05:51:30 INFO Executor: Finished task 5.0 in stage 1.0 (TID 75). 1394 bytes result sent to driver
20/02/14 05:51:30 INFO TaskSetManager: Starting task 10.0 in stage 1.0 (TID 80, localhost, executor driver, partition 10, PROCESS_LOCAL, 8267 bytes)
20/02/14 05:51:30 INFO TaskSetManager: Finished task 5.0 in stage 1.0 (TID 75) in 33011 ms on localhost (executor driver) (7/70)
20/02/14 05:51:30 INFO Executor: Running task 10.0 in stage 1.0 (TID 80)
20/02/14 05:51:30 INFO FileScanRDD: Reading File path: file:///edw/Reviews/SourceCode/data/AmzReviews.json, range: 1342177280-1476395008, partition values: [empty row]
20/02/14 05:51:38 INFO Executor: Finished task 7.0 in stage 1.0 (TID 77). 1394 bytes result sent to driver
20/02/14 05:51:38 INFO TaskSetManager: Starting task 11.0 in stage 1.0 (TID 81, localhost, executor driver, partition 11, PROCESS_LOCAL, 8267 bytes)
20/02/14 05:51:38 INFO TaskSetManager: Finished task 7.0 in stage 1.0 (TID 77) in 32803 ms on localhost (executor driver) (8/70)
20/02/14 05:51:38 INFO Executor: Running task 11.0 in stage 1.0 (TID 81)
20/02/14 05:51:38 INFO FileScanRDD: Reading File path: file:///edw/Reviews/SourceCode/data/AmzReviews.json, range: 1476395008-1610612736, partition values: [empty row]
20/02/14 05:51:54 INFO Executor: Finished task 8.0 in stage 1.0 (TID 78). 1394 bytes result sent to driver
20/02/14 05:51:54 INFO TaskSetManager: Starting task 12.0 in stage 1.0 (TID 82, localhost, executor driver, partition 12, PROCESS_LOCAL, 8267 bytes)
20/02/14 05:51:54 INFO TaskSetManager: Finished task 8.0 in stage 1.0 (TID 78) in 26032 ms on localhost (executor driver) (9/70)
20/02/14 05:51:54 INFO Executor: Running task 12.0 in stage 1.0 (TID 82)
20/02/14 05:51:54 INFO Executor: Finished task 10.0 in stage 1.0 (TID 80). 1394 bytes result sent to driver
20/02/14 05:51:54 INFO TaskSetManager: Starting task 13.0 in stage 1.0 (TID 83, localhost, executor driver, partition 13, PROCESS_LOCAL, 8267 bytes)
20/02/14 05:51:54 INFO TaskSetManager: Finished task 10.0 in stage 1.0 (TID 80) in 24352 ms on localhost (executor driver) (10/70)
20/02/14 05:51:54 INFO Executor: Running task 13.0 in stage 1.0 (TID 83)
20/02/14 05:51:56 INFO FileScanRDD: Reading File path: file:///edw/Reviews/SourceCode/data/AmzReviews.json, range: 1744830464-1879048192, partition values: [empty row]
20/02/14 05:51:56 INFO FileScanRDD: Reading File path: file:///edw/Reviews/SourceCode/data/AmzReviews.json, range: 1610612736-1744830464, partition values: [empty row]
20/02/14 05:51:56 INFO Executor: Finished task 9.0 in stage 1.0 (TID 79). 1437 bytes result sent to driver
20/02/14 05:51:56 INFO TaskSetManager: Starting task 14.0 in stage 1.0 (TID 84, localhost, executor driver, partition 14, PROCESS_LOCAL, 8267 bytes)
20/02/14 05:51:56 INFO TaskSetManager: Finished task 9.0 in stage 1.0 (TID 79) in 26500 ms on localhost (executor driver) (11/70)
20/02/14 05:51:56 INFO Executor: Running task 14.0 in stage 1.0 (TID 84)
20/02/14 05:51:56 INFO FileScanRDD: Reading File path: file:///edw/Reviews/SourceCode/data/AmzReviews.json, range: 1879048192-2013265920, partition values: [empty row]
20/02/14 05:52:03 INFO Executor: Finished task 11.0 in stage 1.0 (TID 81). 1394 bytes result sent to driver
20/02/14 05:52:03 INFO TaskSetManager: Starting task 15.0 in stage 1.0 (TID 85, localhost, executor driver, partition 15, PROCESS_LOCAL, 8267 bytes)
20/02/14 05:52:03 INFO TaskSetManager: Finished task 11.0 in stage 1.0 (TID 81) in 25163 ms on localhost (executor driver) (12/70)
20/02/14 05:52:03 INFO Executor: Running task 15.0 in stage 1.0 (TID 85)
20/02/14 05:52:03 INFO FileScanRDD: Reading File path: file:///edw/Reviews/SourceCode/data/AmzReviews.json, range: 2013265920-2147483648, partition values: [empty row]
20/02/14 05:52:58 INFO Executor: Finished task 12.0 in stage 1.0 (TID 82). 1394 bytes result sent to driver
20/02/14 05:52:58 INFO TaskSetManager: Starting task 16.0 in stage 1.0 (TID 86, localhost, executor driver, partition 16, PROCESS_LOCAL, 8267 bytes)
20/02/14 05:52:58 INFO TaskSetManager: Finished task 12.0 in stage 1.0 (TID 82) in 63725 ms on localhost (executor driver) (13/70)
20/02/14 05:52:58 INFO Executor: Running task 16.0 in stage 1.0 (TID 86)
20/02/14 05:52:58 INFO FileScanRDD: Reading File path: file:///edw/Reviews/SourceCode/data/AmzReviews.json, range: 2147483648-2281701376, partition values: [empty row]
20/02/14 05:53:00 INFO Executor: Finished task 14.0 in stage 1.0 (TID 84). 1437 bytes result sent to driver
20/02/14 05:53:00 INFO TaskSetManager: Starting task 17.0 in stage 1.0 (TID 87, localhost, executor driver, partition 17, PROCESS_LOCAL, 8267 bytes)
20/02/14 05:53:00 INFO Executor: Running task 17.0 in stage 1.0 (TID 87)
20/02/14 05:53:00 INFO TaskSetManager: Finished task 14.0 in stage 1.0 (TID 84) in 63432 ms on localhost (executor driver) (14/70)
20/02/14 05:53:00 INFO FileScanRDD: Reading File path: file:///edw/Reviews/SourceCode/data/AmzReviews.json, range: 2281701376-2415919104, partition values: [empty row]
20/02/14 05:53:00 INFO Executor: Finished task 13.0 in stage 1.0 (TID 83). 1394 bytes result sent to driver
20/02/14 05:53:00 INFO TaskSetManager: Starting task 18.0 in stage 1.0 (TID 88, localhost, executor driver, partition 18, PROCESS_LOCAL, 8267 bytes)
20/02/14 05:53:00 INFO TaskSetManager: Finished task 13.0 in stage 1.0 (TID 83) in 65926 ms on localhost (executor driver) (15/70)
20/02/14 05:53:00 INFO Executor: Running task 18.0 in stage 1.0 (TID 88)
20/02/14 05:53:00 INFO FileScanRDD: Reading File path: file:///edw/Reviews/SourceCode/data/AmzReviews.json, range: 2415919104-2550136832, partition values: [empty row]
20/02/14 05:53:26 INFO Executor: Finished task 15.0 in stage 1.0 (TID 85). 1394 bytes result sent to driver
20/02/14 05:53:26 INFO TaskSetManager: Starting task 19.0 in stage 1.0 (TID 89, localhost, executor driver, partition 19, PROCESS_LOCAL, 8267 bytes)
20/02/14 05:53:26 INFO Executor: Running task 19.0 in stage 1.0 (TID 89)
20/02/14 05:53:26 INFO TaskSetManager: Finished task 15.0 in stage 1.0 (TID 85) in 83307 ms on localhost (executor driver) (16/70)
20/02/14 05:53:26 INFO FileScanRDD: Reading File path: file:///edw/Reviews/SourceCode/data/AmzReviews.json, range: 2550136832-2684354560, partition values: [empty row]
20/02/14 05:56:53 INFO Executor: Finished task 16.0 in stage 1.0 (TID 86). 1437 bytes result sent to driver
20/02/14 05:56:53 INFO TaskSetManager: Starting task 20.0 in stage 1.0 (TID 90, localhost, executor driver, partition 20, PROCESS_LOCAL, 8267 bytes)
20/02/14 05:56:53 INFO Executor: Running task 20.0 in stage 1.0 (TID 90)
20/02/14 05:56:53 INFO TaskSetManager: Finished task 16.0 in stage 1.0 (TID 86) in 235472 ms on localhost (executor driver) (17/70)
20/02/14 05:56:53 INFO FileScanRDD: Reading File path: file:///edw/Reviews/SourceCode/data/AmzReviews.json, range: 2684354560-2818572288, partition values: [empty row]
20/02/14 05:57:10 INFO Executor: Finished task 17.0 in stage 1.0 (TID 87). 1394 bytes result sent to driver
20/02/14 05:57:10 INFO TaskSetManager: Starting task 21.0 in stage 1.0 (TID 91, localhost, executor driver, partition 21, PROCESS_LOCAL, 8267 bytes)
20/02/14 05:57:10 INFO TaskSetManager: Finished task 17.0 in stage 1.0 (TID 87) in 250158 ms on localhost (executor driver) (18/70)
20/02/14 05:57:10 INFO Executor: Running task 21.0 in stage 1.0 (TID 91)
20/02/14 05:57:10 INFO FileScanRDD: Reading File path: file:///edw/Reviews/SourceCode/data/AmzReviews.json, range: 2818572288-2952790016, partition values: [empty row]
20/02/14 05:57:10 INFO Executor: Finished task 18.0 in stage 1.0 (TID 88). 1394 bytes result sent to driver
20/02/14 05:57:10 INFO TaskSetManager: Starting task 22.0 in stage 1.0 (TID 92, localhost, executor driver, partition 22, PROCESS_LOCAL, 8267 bytes)
20/02/14 05:57:10 INFO TaskSetManager: Finished task 18.0 in stage 1.0 (TID 88) in 250261 ms on localhost (executor driver) (19/70)
20/02/14 05:57:10 INFO Executor: Running task 22.0 in stage 1.0 (TID 92)
20/02/14 05:57:11 INFO FileScanRDD: Reading File path: file:///edw/Reviews/SourceCode/data/AmzReviews.json, range: 2952790016-3087007744, partition values: [empty row]
20/02/14 05:58:35 INFO Executor: Finished task 19.0 in stage 1.0 (TID 89). 1394 bytes result sent to driver
20/02/14 05:58:35 INFO TaskSetManager: Starting task 23.0 in stage 1.0 (TID 93, localhost, executor driver, partition 23, PROCESS_LOCAL, 8267 bytes)
20/02/14 05:58:35 INFO TaskSetManager: Finished task 19.0 in stage 1.0 (TID 89) in 308867 ms on localhost (executor driver) (20/70)
20/02/14 05:58:35 INFO Executor: Running task 23.0 in stage 1.0 (TID 93)
20/02/14 05:58:38 INFO FileScanRDD: Reading File path: file:///edw/Reviews/SourceCode/data/AmzReviews.json, range: 3087007744-3221225472, partition values: [empty row]
20/02/14 06:03:18 INFO Executor: Finished task 20.0 in stage 1.0 (TID 90). 1437 bytes result sent to driver
20/02/14 06:03:18 INFO TaskSetManager: Starting task 24.0 in stage 1.0 (TID 94, localhost, executor driver, partition 24, PROCESS_LOCAL, 8267 bytes)
20/02/14 06:03:19 INFO TaskSetManager: Finished task 20.0 in stage 1.0 (TID 90) in 385409 ms on localhost (executor driver) (21/70)
20/02/14 06:03:19 INFO Executor: Running task 24.0 in stage 1.0 (TID 94)
20/02/14 06:03:21 INFO FileScanRDD: Reading File path: file:///edw/Reviews/SourceCode/data/AmzReviews.json, range: 3221225472-3355443200, partition values: [empty row]
20/02/14 06:03:49 INFO Executor: Finished task 21.0 in stage 1.0 (TID 91). 1394 bytes result sent to driver
20/02/14 06:03:49 INFO TaskSetManager: Starting task 25.0 in stage 1.0 (TID 95, localhost, executor driver, partition 25, PROCESS_LOCAL, 8267 bytes)
20/02/14 06:03:49 INFO TaskSetManager: Finished task 21.0 in stage 1.0 (TID 91) in 399422 ms on localhost (executor driver) (22/70)
20/02/14 06:03:49 INFO Executor: Running task 25.0 in stage 1.0 (TID 95)
20/02/14 06:03:50 INFO FileScanRDD: Reading File path: file:///edw/Reviews/SourceCode/data/AmzReviews.json, range: 3355443200-3489660928, partition values: [empty row]
20/02/14 06:04:01 INFO Executor: Finished task 22.0 in stage 1.0 (TID 92). 1394 bytes result sent to driver
20/02/14 06:04:02 INFO TaskSetManager: Starting task 26.0 in stage 1.0 (TID 96, localhost, executor driver, partition 26, PROCESS_LOCAL, 8267 bytes)
20/02/14 06:04:02 INFO TaskSetManager: Finished task 22.0 in stage 1.0 (TID 92) in 411191 ms on localhost (executor driver) (23/70)
20/02/14 06:04:02 INFO Executor: Running task 26.0 in stage 1.0 (TID 96)
20/02/14 06:04:02 INFO FileScanRDD: Reading File path: file:///edw/Reviews/SourceCode/data/AmzReviews.json, range: 3489660928-3623878656, partition values: [empty row]
20/02/14 06:12:31 INFO ContextCleaner: Cleaned accumulator 23
20/02/14 06:12:31 INFO ContextCleaner: Cleaned accumulator 25
20/02/14 06:12:32 INFO ContextCleaner: Cleaned accumulator 17
20/02/14 06:12:32 INFO ContextCleaner: Cleaned accumulator 18
20/02/14 06:12:32 INFO ContextCleaner: Cleaned accumulator 4
20/02/14 06:12:32 INFO ContextCleaner: Cleaned accumulator 20
20/02/14 06:12:32 INFO ContextCleaner: Cleaned accumulator 13
20/02/14 06:12:32 INFO ContextCleaner: Cleaned accumulator 30
20/02/14 06:12:32 INFO ContextCleaner: Cleaned accumulator 19
20/02/14 06:12:32 INFO ContextCleaner: Cleaned accumulator 10
20/02/14 06:12:32 INFO ContextCleaner: Cleaned accumulator 29
20/02/14 06:12:32 INFO ContextCleaner: Cleaned accumulator 3
20/02/14 06:12:32 INFO ContextCleaner: Cleaned accumulator 14
20/02/14 06:12:32 INFO ContextCleaner: Cleaned accumulator 22
20/02/14 06:12:32 INFO ContextCleaner: Cleaned accumulator 6
20/02/14 06:12:32 INFO ContextCleaner: Cleaned accumulator 11
20/02/14 06:12:32 INFO ContextCleaner: Cleaned accumulator 21
20/02/14 06:12:32 INFO ContextCleaner: Cleaned accumulator 5
20/02/14 06:12:32 INFO ContextCleaner: Cleaned accumulator 24
20/02/14 06:12:32 INFO ContextCleaner: Cleaned accumulator 7
20/02/14 06:12:32 INFO ContextCleaner: Cleaned accumulator 28
20/02/14 06:12:34 INFO BlockManagerInfo: Removed broadcast_1_piece0 on 192.168.1.25:1058 in memory (size: 6.7 KB, free: 366.2 MB)
20/02/14 06:12:34 INFO ContextCleaner: Cleaned accumulator 1
20/02/14 06:12:34 INFO ContextCleaner: Cleaned accumulator 8
20/02/14 06:12:34 INFO ContextCleaner: Cleaned accumulator 16
20/02/14 06:12:34 INFO ContextCleaner: Cleaned accumulator 12
20/02/14 06:12:34 INFO ContextCleaner: Cleaned accumulator 26
20/02/14 06:12:34 INFO ContextCleaner: Cleaned accumulator 9
20/02/14 06:12:34 INFO ContextCleaner: Cleaned accumulator 27
20/02/14 06:12:34 INFO BlockManagerInfo: Removed broadcast_0_piece0 on 192.168.1.25:1058 in memory (size: 23.2 KB, free: 366.2 MB)
20/02/14 06:12:34 INFO ContextCleaner: Cleaned accumulator 15
20/02/14 06:12:34 INFO ContextCleaner: Cleaned accumulator 2
20/02/14 06:16:14 INFO Executor: Finished task 23.0 in stage 1.0 (TID 93). 1437 bytes result sent to driver
20/02/14 06:16:14 INFO TaskSetManager: Starting task 27.0 in stage 1.0 (TID 97, localhost, executor driver, partition 27, PROCESS_LOCAL, 8267 bytes)
20/02/14 06:16:15 INFO TaskSetManager: Finished task 23.0 in stage 1.0 (TID 93) in 1059616 ms on localhost (executor driver) (24/70)
20/02/14 06:16:15 INFO Executor: Running task 27.0 in stage 1.0 (TID 97)
20/02/14 06:16:15 INFO FileScanRDD: Reading File path: file:///edw/Reviews/SourceCode/data/AmzReviews.json, range: 3623878656-3758096384, partition values: [empty row]
20/02/14 06:50:15 INFO Executor: Finished task 24.0 in stage 1.0 (TID 94). 1480 bytes result sent to driver
20/02/14 06:50:16 INFO TaskSetManager: Starting task 28.0 in stage 1.0 (TID 98, localhost, executor driver, partition 28, PROCESS_LOCAL, 8267 bytes)
20/02/14 06:50:16 INFO TaskSetManager: Finished task 24.0 in stage 1.0 (TID 94) in 2817707 ms on localhost (executor driver) (25/70)
20/02/14 06:50:16 INFO Executor: Running task 28.0 in stage 1.0 (TID 98)
20/02/14 06:50:18 INFO FileScanRDD: Reading File path: file:///edw/Reviews/SourceCode/data/AmzReviews.json, range: 3758096384-3892314112, partition values: [empty row]
20/02/14 06:50:55 INFO Executor: Finished task 26.0 in stage 1.0 (TID 96). 1437 bytes result sent to driver
20/02/14 06:50:56 INFO TaskSetManager: Starting task 29.0 in stage 1.0 (TID 99, localhost, executor driver, partition 29, PROCESS_LOCAL, 8267 bytes)
20/02/14 06:50:56 INFO TaskSetManager: Finished task 26.0 in stage 1.0 (TID 96) in 2814659 ms on localhost (executor driver) (26/70)
20/02/14 06:50:56 INFO Executor: Running task 29.0 in stage 1.0 (TID 99)
20/02/14 06:50:56 INFO FileScanRDD: Reading File path: file:///edw/Reviews/SourceCode/data/AmzReviews.json, range: 3892314112-4026531840, partition values: [empty row]
20/02/14 06:51:18 INFO Executor: Finished task 25.0 in stage 1.0 (TID 95). 1437 bytes result sent to driver
20/02/14 06:51:18 INFO TaskSetManager: Starting task 30.0 in stage 1.0 (TID 100, localhost, executor driver, partition 30, PROCESS_LOCAL, 8267 bytes)
20/02/14 06:51:18 INFO TaskSetManager: Finished task 25.0 in stage 1.0 (TID 95) in 2848589 ms on localhost (executor driver) (27/70)
20/02/14 06:51:18 INFO Executor: Running task 30.0 in stage 1.0 (TID 100)
20/02/14 06:51:18 INFO FileScanRDD: Reading File path: file:///edw/Reviews/SourceCode/data/AmzReviews.json, range: 4026531840-4160749568, partition values: [empty row]
20/02/14 06:54:58 INFO Executor: Finished task 27.0 in stage 1.0 (TID 97). 1394 bytes result sent to driver
20/02/14 06:54:58 INFO TaskSetManager: Starting task 31.0 in stage 1.0 (TID 101, localhost, executor driver, partition 31, PROCESS_LOCAL, 8267 bytes)
20/02/14 06:54:58 INFO TaskSetManager: Finished task 27.0 in stage 1.0 (TID 97) in 2323480 ms on localhost (executor driver) (28/70)
20/02/14 06:54:58 INFO Executor: Running task 31.0 in stage 1.0 (TID 101)
20/02/14 06:55:00 INFO FileScanRDD: Reading File path: file:///edw/Reviews/SourceCode/data/AmzReviews.json, range: 4160749568-4294967296, partition values: [empty row]
20/02/14 07:22:46 INFO Executor: Finished task 30.0 in stage 1.0 (TID 100). 1437 bytes result sent to driver
20/02/14 07:22:46 INFO TaskSetManager: Starting task 32.0 in stage 1.0 (TID 102, localhost, executor driver, partition 32, PROCESS_LOCAL, 8267 bytes)
20/02/14 07:22:46 INFO TaskSetManager: Finished task 30.0 in stage 1.0 (TID 100) in 1888441 ms on localhost (executor driver) (29/70)
20/02/14 07:22:46 INFO Executor: Running task 32.0 in stage 1.0 (TID 102)
20/02/14 07:22:47 INFO FileScanRDD: Reading File path: file:///edw/Reviews/SourceCode/data/AmzReviews.json, range: 4294967296-4429185024, partition values: [empty row]
20/02/14 07:30:08 INFO Executor: Finished task 29.0 in stage 1.0 (TID 99). 1394 bytes result sent to driver
20/02/14 07:30:08 INFO TaskSetManager: Starting task 33.0 in stage 1.0 (TID 103, localhost, executor driver, partition 33, PROCESS_LOCAL, 8267 bytes)
20/02/14 07:30:08 INFO TaskSetManager: Finished task 29.0 in stage 1.0 (TID 99) in 2352000 ms on localhost (executor driver) (30/70)
20/02/14 07:30:08 INFO Executor: Running task 33.0 in stage 1.0 (TID 103)
20/02/14 07:30:10 INFO FileScanRDD: Reading File path: file:///edw/Reviews/SourceCode/data/AmzReviews.json, range: 4429185024-4563402752, partition values: [empty row]
20/02/14 07:40:19 INFO Executor: Finished task 28.0 in stage 1.0 (TID 98). 1480 bytes result sent to driver
20/02/14 07:40:19 INFO TaskSetManager: Starting task 34.0 in stage 1.0 (TID 104, localhost, executor driver, partition 34, PROCESS_LOCAL, 8267 bytes)
20/02/14 07:40:19 INFO TaskSetManager: Finished task 28.0 in stage 1.0 (TID 98) in 3002878 ms on localhost (executor driver) (31/70)
20/02/14 07:40:19 INFO Executor: Running task 34.0 in stage 1.0 (TID 104)
20/02/14 07:40:20 INFO FileScanRDD: Reading File path: file:///edw/Reviews/SourceCode/data/AmzReviews.json, range: 4563402752-4697620480, partition values: [empty row]
20/02/14 07:41:03 INFO Executor: Finished task 31.0 in stage 1.0 (TID 101). 1394 bytes result sent to driver
20/02/14 07:41:03 INFO TaskSetManager: Starting task 35.0 in stage 1.0 (TID 105, localhost, executor driver, partition 35, PROCESS_LOCAL, 8267 bytes)
20/02/14 07:41:03 INFO TaskSetManager: Finished task 31.0 in stage 1.0 (TID 101) in 2765210 ms on localhost (executor driver) (32/70)
20/02/14 07:41:03 INFO Executor: Running task 35.0 in stage 1.0 (TID 105)
20/02/14 07:41:03 INFO FileScanRDD: Reading File path: file:///edw/Reviews/SourceCode/data/AmzReviews.json, range: 4697620480-4831838208, partition values: [empty row]
20/02/14 08:53:37 INFO Executor: Finished task 32.0 in stage 1.0 (TID 102). 1480 bytes result sent to driver
20/02/14 08:53:38 INFO TaskSetManager: Starting task 36.0 in stage 1.0 (TID 106, localhost, executor driver, partition 36, PROCESS_LOCAL, 8267 bytes)
20/02/14 08:53:38 INFO TaskSetManager: Finished task 32.0 in stage 1.0 (TID 102) in 5451421 ms on localhost (executor driver) (33/70)
20/02/14 08:53:38 INFO Executor: Running task 36.0 in stage 1.0 (TID 106)
20/02/14 08:53:42 INFO FileScanRDD: Reading File path: file:///edw/Reviews/SourceCode/data/AmzReviews.json, range: 4831838208-4966055936, partition values: [empty row]
20/02/14 08:53:57 INFO Executor: Finished task 34.0 in stage 1.0 (TID 104). 1394 bytes result sent to driver
20/02/14 08:53:57 INFO TaskSetManager: Starting task 37.0 in stage 1.0 (TID 107, localhost, executor driver, partition 37, PROCESS_LOCAL, 8267 bytes)
20/02/14 08:53:57 INFO TaskSetManager: Finished task 34.0 in stage 1.0 (TID 104) in 4418144 ms on localhost (executor driver) (34/70)
20/02/14 08:53:57 INFO Executor: Running task 37.0 in stage 1.0 (TID 107)
20/02/14 08:53:57 INFO FileScanRDD: Reading File path: file:///edw/Reviews/SourceCode/data/AmzReviews.json, range: 4966055936-5100273664, partition values: [empty row]
20/02/14 08:55:29 INFO Executor: Finished task 35.0 in stage 1.0 (TID 105). 1437 bytes result sent to driver
20/02/14 08:55:29 INFO TaskSetManager: Starting task 38.0 in stage 1.0 (TID 108, localhost, executor driver, partition 38, PROCESS_LOCAL, 8267 bytes)
20/02/14 08:55:29 INFO TaskSetManager: Finished task 35.0 in stage 1.0 (TID 105) in 4465843 ms on localhost (executor driver) (35/70)
20/02/14 08:55:29 INFO Executor: Running task 38.0 in stage 1.0 (TID 108)
20/02/14 08:55:29 INFO FileScanRDD: Reading File path: file:///edw/Reviews/SourceCode/data/AmzReviews.json, range: 5100273664-5234491392, partition values: [empty row]
20/02/14 08:57:54 INFO Executor: Finished task 33.0 in stage 1.0 (TID 103). 1394 bytes result sent to driver
20/02/14 08:57:54 INFO TaskSetManager: Starting task 39.0 in stage 1.0 (TID 109, localhost, executor driver, partition 39, PROCESS_LOCAL, 8267 bytes)
20/02/14 08:57:54 INFO TaskSetManager: Finished task 33.0 in stage 1.0 (TID 103) in 5266589 ms on localhost (executor driver) (36/70)
20/02/14 08:57:54 INFO Executor: Running task 39.0 in stage 1.0 (TID 109)
20/02/14 08:57:57 INFO FileScanRDD: Reading File path: file:///edw/Reviews/SourceCode/data/AmzReviews.json, range: 5234491392-5368709120, partition values: [empty row]
