###################################################################################################################################
###################################################################################################################################
Load to stage in progress
###################################################################################################################################
###################################################################################################################################
20/02/16 22:49:21 WARN Utils: Your hostname, DESKTOP-502C4I4 resolves to a loopback address: 127.0.1.1; using 192.168.1.25 instead (on interface wifi0)
20/02/16 22:49:21 WARN Utils: Set SPARK_LOCAL_IP if you need to bind to another address
20/02/16 22:49:22 WARN NativeCodeLoader: Unable to load native-hadoop library for your platform... using builtin-java classes where applicable
Using Spark's default log4j profile: org/apache/spark/log4j-defaults.properties
20/02/16 22:49:31 INFO SparkContext: Running Spark version 2.4.5
20/02/16 22:49:32 INFO SparkContext: Submitted application: ReviewsOdsSession
20/02/16 22:49:32 INFO SecurityManager: Changing view acls to: devetluser
20/02/16 22:49:32 INFO SecurityManager: Changing modify acls to: devetluser
20/02/16 22:49:32 INFO SecurityManager: Changing view acls groups to: 
20/02/16 22:49:32 INFO SecurityManager: Changing modify acls groups to: 
20/02/16 22:49:32 INFO SecurityManager: SecurityManager: authentication disabled; ui acls disabled; users  with view permissions: Set(devetluser); groups with view permissions: Set(); users  with modify permissions: Set(devetluser); groups with modify permissions: Set()
20/02/16 22:49:33 INFO Utils: Successfully started service 'sparkDriver' on port 1420.
20/02/16 22:49:33 INFO SparkEnv: Registering MapOutputTracker
20/02/16 22:49:33 INFO SparkEnv: Registering BlockManagerMaster
20/02/16 22:49:33 INFO BlockManagerMasterEndpoint: Using org.apache.spark.storage.DefaultTopologyMapper for getting topology information
20/02/16 22:49:33 INFO BlockManagerMasterEndpoint: BlockManagerMasterEndpoint up
20/02/16 22:49:34 INFO DiskBlockManager: Created local directory at /tmp/blockmgr-88e6abfb-2166-472d-aa38-b256a51975ff
20/02/16 22:49:34 INFO MemoryStore: MemoryStore started with capacity 366.3 MB
20/02/16 22:49:34 INFO SparkEnv: Registering OutputCommitCoordinator
20/02/16 22:49:34 INFO Utils: Successfully started service 'SparkUI' on port 4040.
20/02/16 22:49:35 INFO SparkUI: Bound SparkUI to 0.0.0.0, and started at http://192.168.1.25:4040
20/02/16 22:49:35 INFO Executor: Starting executor ID driver on host localhost
20/02/16 22:49:35 INFO Utils: Successfully started service 'org.apache.spark.network.netty.NettyBlockTransferService' on port 1422.
20/02/16 22:49:35 INFO NettyBlockTransferService: Server created on 192.168.1.25:1422
20/02/16 22:49:35 INFO BlockManager: Using org.apache.spark.storage.RandomBlockReplicationPolicy for block replication policy
20/02/16 22:49:35 INFO BlockManagerMaster: Registering BlockManager BlockManagerId(driver, 192.168.1.25, 1422, None)
20/02/16 22:49:35 INFO BlockManagerMasterEndpoint: Registering block manager 192.168.1.25:1422 with 366.3 MB RAM, BlockManagerId(driver, 192.168.1.25, 1422, None)
20/02/16 22:49:35 INFO BlockManagerMaster: Registered BlockManager BlockManagerId(driver, 192.168.1.25, 1422, None)
20/02/16 22:49:35 INFO BlockManager: Initialized BlockManager: BlockManagerId(driver, 192.168.1.25, 1422, None)
20/02/16 22:49:37 INFO SharedState: Setting hive.metastore.warehouse.dir ('null') to the value of spark.sql.warehouse.dir ('file:/edw/Reviews/SourceCode/bash/spark-warehouse').
20/02/16 22:49:37 INFO SharedState: Warehouse path is 'file:/edw/Reviews/SourceCode/bash/spark-warehouse'.
20/02/16 22:49:39 INFO StateStoreCoordinatorRef: Registered StateStoreCoordinator endpoint
20/02/16 22:49:41 INFO InMemoryFileIndex: It took 303 ms to list leaf files for 1 paths.
20/02/16 22:49:41 INFO InMemoryFileIndex: It took 3 ms to list leaf files for 1 paths.
20/02/16 22:49:48 INFO FileSourceStrategy: Pruning directories with: 
20/02/16 22:49:48 INFO FileSourceStrategy: Post-Scan Filters: 
20/02/16 22:49:48 INFO FileSourceStrategy: Output Data Schema: struct<value: string>
20/02/16 22:49:48 INFO FileSourceScanExec: Pushed Filters: 
20/02/16 22:49:51 INFO CodeGenerator: Code generated in 993.7972 ms
20/02/16 22:49:52 INFO MemoryStore: Block broadcast_0 stored as values in memory (estimated size 282.9 KB, free 366.0 MB)
20/02/16 22:49:52 INFO MemoryStore: Block broadcast_0_piece0 stored as bytes in memory (estimated size 23.3 KB, free 366.0 MB)
20/02/16 22:49:52 INFO BlockManagerInfo: Added broadcast_0_piece0 in memory on 192.168.1.25:1422 (size: 23.3 KB, free: 366.3 MB)
20/02/16 22:49:52 INFO SparkContext: Created broadcast 0 from json at NativeMethodAccessorImpl.java:0
20/02/16 22:49:52 INFO FileSourceScanExec: Planning scan with bin packing, max size: 134217728 bytes, open cost is considered as scanning 4194304 bytes.
20/02/16 22:49:53 INFO SparkContext: Starting job: json at NativeMethodAccessorImpl.java:0
20/02/16 22:49:53 INFO DAGScheduler: Got job 0 (json at NativeMethodAccessorImpl.java:0) with 27 output partitions
20/02/16 22:49:53 INFO DAGScheduler: Final stage: ResultStage 0 (json at NativeMethodAccessorImpl.java:0)
20/02/16 22:49:53 INFO DAGScheduler: Parents of final stage: List()
20/02/16 22:49:53 INFO DAGScheduler: Missing parents: List()
20/02/16 22:49:53 INFO DAGScheduler: Submitting ResultStage 0 (MapPartitionsRDD[3] at json at NativeMethodAccessorImpl.java:0), which has no missing parents
20/02/16 22:49:53 INFO MemoryStore: Block broadcast_1 stored as values in memory (estimated size 11.6 KB, free 366.0 MB)
20/02/16 22:49:53 INFO MemoryStore: Block broadcast_1_piece0 stored as bytes in memory (estimated size 6.7 KB, free 366.0 MB)
20/02/16 22:49:53 INFO BlockManagerInfo: Added broadcast_1_piece0 in memory on 192.168.1.25:1422 (size: 6.7 KB, free: 366.3 MB)
20/02/16 22:49:53 INFO SparkContext: Created broadcast 1 from broadcast at DAGScheduler.scala:1163
20/02/16 22:49:53 INFO DAGScheduler: Submitting 27 missing tasks from ResultStage 0 (MapPartitionsRDD[3] at json at NativeMethodAccessorImpl.java:0) (first 15 tasks are for partitions Vector(0, 1, 2, 3, 4, 5, 6, 7, 8, 9, 10, 11, 12, 13, 14))
20/02/16 22:49:53 INFO TaskSchedulerImpl: Adding task set 0.0 with 27 tasks
20/02/16 22:49:53 INFO TaskSetManager: Starting task 0.0 in stage 0.0 (TID 0, localhost, executor driver, partition 0, PROCESS_LOCAL, 8269 bytes)
20/02/16 22:49:53 INFO TaskSetManager: Starting task 1.0 in stage 0.0 (TID 1, localhost, executor driver, partition 1, PROCESS_LOCAL, 8269 bytes)
20/02/16 22:49:53 INFO TaskSetManager: Starting task 2.0 in stage 0.0 (TID 2, localhost, executor driver, partition 2, PROCESS_LOCAL, 8269 bytes)
20/02/16 22:49:53 INFO TaskSetManager: Starting task 3.0 in stage 0.0 (TID 3, localhost, executor driver, partition 3, PROCESS_LOCAL, 8269 bytes)
20/02/16 22:49:53 INFO Executor: Running task 1.0 in stage 0.0 (TID 1)
20/02/16 22:49:53 INFO Executor: Running task 2.0 in stage 0.0 (TID 2)
20/02/16 22:49:53 INFO Executor: Running task 0.0 in stage 0.0 (TID 0)
20/02/16 22:49:53 INFO Executor: Running task 3.0 in stage 0.0 (TID 3)
20/02/16 22:49:54 INFO FileScanRDD: Reading File path: file:///edw/Reviews/SourceCode/data/asin_reviews.json, range: 0-134217728, partition values: [empty row]
20/02/16 22:49:54 INFO FileScanRDD: Reading File path: file:///edw/Reviews/SourceCode/data/asin_reviews.json, range: 268435456-402653184, partition values: [empty row]
20/02/16 22:49:54 INFO FileScanRDD: Reading File path: file:///edw/Reviews/SourceCode/data/asin_reviews.json, range: 402653184-536870912, partition values: [empty row]
20/02/16 22:49:54 INFO FileScanRDD: Reading File path: file:///edw/Reviews/SourceCode/data/asin_reviews.json, range: 134217728-268435456, partition values: [empty row]
20/02/16 22:49:54 INFO CodeGenerator: Code generated in 27.5319 ms
20/02/16 22:50:18 INFO Executor: Finished task 0.0 in stage 0.0 (TID 0). 2350 bytes result sent to driver
20/02/16 22:50:18 INFO Executor: Finished task 1.0 in stage 0.0 (TID 1). 2350 bytes result sent to driver
20/02/16 22:50:18 INFO Executor: Finished task 2.0 in stage 0.0 (TID 2). 2307 bytes result sent to driver
20/02/16 22:50:18 INFO TaskSetManager: Starting task 4.0 in stage 0.0 (TID 4, localhost, executor driver, partition 4, PROCESS_LOCAL, 8269 bytes)
20/02/16 22:50:18 INFO Executor: Running task 4.0 in stage 0.0 (TID 4)
20/02/16 22:50:18 INFO TaskSetManager: Starting task 5.0 in stage 0.0 (TID 5, localhost, executor driver, partition 5, PROCESS_LOCAL, 8269 bytes)
20/02/16 22:50:18 INFO Executor: Running task 5.0 in stage 0.0 (TID 5)
20/02/16 22:50:18 INFO TaskSetManager: Starting task 6.0 in stage 0.0 (TID 6, localhost, executor driver, partition 6, PROCESS_LOCAL, 8269 bytes)
20/02/16 22:50:18 INFO Executor: Running task 6.0 in stage 0.0 (TID 6)
20/02/16 22:50:18 INFO FileScanRDD: Reading File path: file:///edw/Reviews/SourceCode/data/asin_reviews.json, range: 536870912-671088640, partition values: [empty row]
20/02/16 22:50:18 INFO FileScanRDD: Reading File path: file:///edw/Reviews/SourceCode/data/asin_reviews.json, range: 671088640-805306368, partition values: [empty row]
20/02/16 22:50:18 INFO FileScanRDD: Reading File path: file:///edw/Reviews/SourceCode/data/asin_reviews.json, range: 805306368-939524096, partition values: [empty row]
20/02/16 22:50:18 INFO TaskSetManager: Finished task 0.0 in stage 0.0 (TID 0) in 24489 ms on localhost (executor driver) (1/27)
20/02/16 22:50:18 INFO TaskSetManager: Finished task 1.0 in stage 0.0 (TID 1) in 24939 ms on localhost (executor driver) (2/27)
20/02/16 22:50:18 INFO TaskSetManager: Finished task 2.0 in stage 0.0 (TID 2) in 24939 ms on localhost (executor driver) (3/27)
20/02/16 22:50:18 INFO Executor: Finished task 3.0 in stage 0.0 (TID 3). 2307 bytes result sent to driver
20/02/16 22:50:18 INFO TaskSetManager: Starting task 7.0 in stage 0.0 (TID 7, localhost, executor driver, partition 7, PROCESS_LOCAL, 8269 bytes)
20/02/16 22:50:18 INFO Executor: Running task 7.0 in stage 0.0 (TID 7)
20/02/16 22:50:18 INFO TaskSetManager: Finished task 3.0 in stage 0.0 (TID 3) in 25232 ms on localhost (executor driver) (4/27)
20/02/16 22:50:18 INFO FileScanRDD: Reading File path: file:///edw/Reviews/SourceCode/data/asin_reviews.json, range: 939524096-1073741824, partition values: [empty row]
20/02/16 22:50:38 INFO Executor: Finished task 5.0 in stage 0.0 (TID 5). 2350 bytes result sent to driver
20/02/16 22:50:38 INFO TaskSetManager: Starting task 8.0 in stage 0.0 (TID 8, localhost, executor driver, partition 8, PROCESS_LOCAL, 8269 bytes)
20/02/16 22:50:38 INFO TaskSetManager: Finished task 5.0 in stage 0.0 (TID 5) in 20275 ms on localhost (executor driver) (5/27)
20/02/16 22:50:38 INFO Executor: Running task 8.0 in stage 0.0 (TID 8)
20/02/16 22:50:38 INFO FileScanRDD: Reading File path: file:///edw/Reviews/SourceCode/data/asin_reviews.json, range: 1073741824-1207959552, partition values: [empty row]
20/02/16 22:50:38 INFO Executor: Finished task 6.0 in stage 0.0 (TID 6). 2307 bytes result sent to driver
20/02/16 22:50:38 INFO TaskSetManager: Starting task 9.0 in stage 0.0 (TID 9, localhost, executor driver, partition 9, PROCESS_LOCAL, 8269 bytes)
20/02/16 22:50:38 INFO Executor: Running task 9.0 in stage 0.0 (TID 9)
20/02/16 22:50:38 INFO TaskSetManager: Finished task 6.0 in stage 0.0 (TID 6) in 20554 ms on localhost (executor driver) (6/27)
20/02/16 22:50:38 INFO FileScanRDD: Reading File path: file:///edw/Reviews/SourceCode/data/asin_reviews.json, range: 1207959552-1342177280, partition values: [empty row]
20/02/16 22:50:39 INFO Executor: Finished task 7.0 in stage 0.0 (TID 7). 2350 bytes result sent to driver
20/02/16 22:50:39 INFO TaskSetManager: Starting task 10.0 in stage 0.0 (TID 10, localhost, executor driver, partition 10, PROCESS_LOCAL, 8269 bytes)
20/02/16 22:50:39 INFO TaskSetManager: Finished task 7.0 in stage 0.0 (TID 7) in 20194 ms on localhost (executor driver) (7/27)
20/02/16 22:50:39 INFO Executor: Running task 10.0 in stage 0.0 (TID 10)
20/02/16 22:50:39 INFO FileScanRDD: Reading File path: file:///edw/Reviews/SourceCode/data/asin_reviews.json, range: 1342177280-1476395008, partition values: [empty row]
20/02/16 22:50:40 INFO Executor: Finished task 4.0 in stage 0.0 (TID 4). 2307 bytes result sent to driver
20/02/16 22:50:40 INFO TaskSetManager: Starting task 11.0 in stage 0.0 (TID 11, localhost, executor driver, partition 11, PROCESS_LOCAL, 8269 bytes)
20/02/16 22:50:40 INFO TaskSetManager: Finished task 4.0 in stage 0.0 (TID 4) in 22475 ms on localhost (executor driver) (8/27)
20/02/16 22:50:40 INFO Executor: Running task 11.0 in stage 0.0 (TID 11)
20/02/16 22:50:40 INFO FileScanRDD: Reading File path: file:///edw/Reviews/SourceCode/data/asin_reviews.json, range: 1476395008-1610612736, partition values: [empty row]
20/02/16 22:51:02 INFO Executor: Finished task 8.0 in stage 0.0 (TID 8). 2307 bytes result sent to driver
20/02/16 22:51:02 INFO TaskSetManager: Starting task 12.0 in stage 0.0 (TID 12, localhost, executor driver, partition 12, PROCESS_LOCAL, 8269 bytes)
20/02/16 22:51:02 INFO Executor: Running task 12.0 in stage 0.0 (TID 12)
20/02/16 22:51:02 INFO TaskSetManager: Finished task 8.0 in stage 0.0 (TID 8) in 23976 ms on localhost (executor driver) (9/27)
20/02/16 22:51:02 INFO FileScanRDD: Reading File path: file:///edw/Reviews/SourceCode/data/asin_reviews.json, range: 1610612736-1744830464, partition values: [empty row]
20/02/16 22:51:03 INFO Executor: Finished task 9.0 in stage 0.0 (TID 9). 2307 bytes result sent to driver
20/02/16 22:51:03 INFO TaskSetManager: Starting task 13.0 in stage 0.0 (TID 13, localhost, executor driver, partition 13, PROCESS_LOCAL, 8269 bytes)
20/02/16 22:51:03 INFO TaskSetManager: Finished task 9.0 in stage 0.0 (TID 9) in 24752 ms on localhost (executor driver) (10/27)
20/02/16 22:51:03 INFO Executor: Running task 13.0 in stage 0.0 (TID 13)
20/02/16 22:51:03 INFO FileScanRDD: Reading File path: file:///edw/Reviews/SourceCode/data/asin_reviews.json, range: 1744830464-1879048192, partition values: [empty row]
20/02/16 22:51:03 INFO Executor: Finished task 10.0 in stage 0.0 (TID 10). 2264 bytes result sent to driver
20/02/16 22:51:03 INFO TaskSetManager: Starting task 14.0 in stage 0.0 (TID 14, localhost, executor driver, partition 14, PROCESS_LOCAL, 8269 bytes)
20/02/16 22:51:03 INFO Executor: Running task 14.0 in stage 0.0 (TID 14)
20/02/16 22:51:03 INFO TaskSetManager: Finished task 10.0 in stage 0.0 (TID 10) in 24389 ms on localhost (executor driver) (11/27)
20/02/16 22:51:03 INFO FileScanRDD: Reading File path: file:///edw/Reviews/SourceCode/data/asin_reviews.json, range: 1879048192-2013265920, partition values: [empty row]
20/02/16 22:51:05 INFO Executor: Finished task 11.0 in stage 0.0 (TID 11). 2307 bytes result sent to driver
20/02/16 22:51:05 INFO TaskSetManager: Starting task 15.0 in stage 0.0 (TID 15, localhost, executor driver, partition 15, PROCESS_LOCAL, 8269 bytes)
20/02/16 22:51:05 INFO Executor: Running task 15.0 in stage 0.0 (TID 15)
20/02/16 22:51:05 INFO TaskSetManager: Finished task 11.0 in stage 0.0 (TID 11) in 25339 ms on localhost (executor driver) (12/27)
20/02/16 22:51:05 INFO FileScanRDD: Reading File path: file:///edw/Reviews/SourceCode/data/asin_reviews.json, range: 2013265920-2147483648, partition values: [empty row]
20/02/16 22:51:26 INFO Executor: Finished task 13.0 in stage 0.0 (TID 13). 2264 bytes result sent to driver
20/02/16 22:51:26 INFO TaskSetManager: Starting task 16.0 in stage 0.0 (TID 16, localhost, executor driver, partition 16, PROCESS_LOCAL, 8269 bytes)
20/02/16 22:51:26 INFO Executor: Running task 16.0 in stage 0.0 (TID 16)
20/02/16 22:51:26 INFO TaskSetManager: Finished task 13.0 in stage 0.0 (TID 13) in 22639 ms on localhost (executor driver) (13/27)
20/02/16 22:51:26 INFO FileScanRDD: Reading File path: file:///edw/Reviews/SourceCode/data/asin_reviews.json, range: 2147483648-2281701376, partition values: [empty row]
20/02/16 22:51:26 INFO Executor: Finished task 12.0 in stage 0.0 (TID 12). 2264 bytes result sent to driver
20/02/16 22:51:26 INFO TaskSetManager: Starting task 17.0 in stage 0.0 (TID 17, localhost, executor driver, partition 17, PROCESS_LOCAL, 8269 bytes)
20/02/16 22:51:26 INFO TaskSetManager: Finished task 12.0 in stage 0.0 (TID 12) in 23909 ms on localhost (executor driver) (14/27)
20/02/16 22:51:26 INFO Executor: Running task 17.0 in stage 0.0 (TID 17)
20/02/16 22:51:26 INFO FileScanRDD: Reading File path: file:///edw/Reviews/SourceCode/data/asin_reviews.json, range: 2281701376-2415919104, partition values: [empty row]
20/02/16 22:51:26 INFO Executor: Finished task 14.0 in stage 0.0 (TID 14). 2264 bytes result sent to driver
20/02/16 22:51:26 INFO TaskSetManager: Starting task 18.0 in stage 0.0 (TID 18, localhost, executor driver, partition 18, PROCESS_LOCAL, 8269 bytes)
20/02/16 22:51:26 INFO TaskSetManager: Finished task 14.0 in stage 0.0 (TID 14) in 23106 ms on localhost (executor driver) (15/27)
20/02/16 22:51:26 INFO Executor: Running task 18.0 in stage 0.0 (TID 18)
20/02/16 22:51:26 INFO FileScanRDD: Reading File path: file:///edw/Reviews/SourceCode/data/asin_reviews.json, range: 2415919104-2550136832, partition values: [empty row]
20/02/16 22:51:29 INFO Executor: Finished task 15.0 in stage 0.0 (TID 15). 2264 bytes result sent to driver
20/02/16 22:51:29 INFO TaskSetManager: Starting task 19.0 in stage 0.0 (TID 19, localhost, executor driver, partition 19, PROCESS_LOCAL, 8269 bytes)
20/02/16 22:51:29 INFO Executor: Running task 19.0 in stage 0.0 (TID 19)
20/02/16 22:51:29 INFO TaskSetManager: Finished task 15.0 in stage 0.0 (TID 15) in 23083 ms on localhost (executor driver) (16/27)
20/02/16 22:51:29 INFO FileScanRDD: Reading File path: file:///edw/Reviews/SourceCode/data/asin_reviews.json, range: 2550136832-2684354560, partition values: [empty row]
20/02/16 22:51:47 INFO Executor: Finished task 17.0 in stage 0.0 (TID 17). 2264 bytes result sent to driver
20/02/16 22:51:47 INFO TaskSetManager: Starting task 20.0 in stage 0.0 (TID 20, localhost, executor driver, partition 20, PROCESS_LOCAL, 8269 bytes)
20/02/16 22:51:47 INFO Executor: Running task 20.0 in stage 0.0 (TID 20)
20/02/16 22:51:47 INFO TaskSetManager: Finished task 17.0 in stage 0.0 (TID 17) in 21562 ms on localhost (executor driver) (17/27)
20/02/16 22:51:47 INFO Executor: Finished task 16.0 in stage 0.0 (TID 16). 2264 bytes result sent to driver
20/02/16 22:51:47 INFO TaskSetManager: Starting task 21.0 in stage 0.0 (TID 21, localhost, executor driver, partition 21, PROCESS_LOCAL, 8269 bytes)
20/02/16 22:51:47 INFO Executor: Running task 21.0 in stage 0.0 (TID 21)
20/02/16 22:51:47 INFO FileScanRDD: Reading File path: file:///edw/Reviews/SourceCode/data/asin_reviews.json, range: 2684354560-2818572288, partition values: [empty row]
20/02/16 22:51:47 INFO TaskSetManager: Finished task 16.0 in stage 0.0 (TID 16) in 21796 ms on localhost (executor driver) (18/27)
20/02/16 22:51:47 INFO FileScanRDD: Reading File path: file:///edw/Reviews/SourceCode/data/asin_reviews.json, range: 2818572288-2952790016, partition values: [empty row]
20/02/16 22:51:48 INFO Executor: Finished task 18.0 in stage 0.0 (TID 18). 2264 bytes result sent to driver
20/02/16 22:51:48 INFO TaskSetManager: Starting task 22.0 in stage 0.0 (TID 22, localhost, executor driver, partition 22, PROCESS_LOCAL, 8269 bytes)
20/02/16 22:51:48 INFO Executor: Running task 22.0 in stage 0.0 (TID 22)
20/02/16 22:51:48 INFO TaskSetManager: Finished task 18.0 in stage 0.0 (TID 18) in 22251 ms on localhost (executor driver) (19/27)
20/02/16 22:51:48 INFO FileScanRDD: Reading File path: file:///edw/Reviews/SourceCode/data/asin_reviews.json, range: 2952790016-3087007744, partition values: [empty row]
20/02/16 22:51:51 INFO Executor: Finished task 19.0 in stage 0.0 (TID 19). 2264 bytes result sent to driver
20/02/16 22:51:51 INFO TaskSetManager: Finished task 19.0 in stage 0.0 (TID 19) in 22353 ms on localhost (executor driver) (20/27)
20/02/16 22:51:51 INFO TaskSetManager: Starting task 23.0 in stage 0.0 (TID 23, localhost, executor driver, partition 23, PROCESS_LOCAL, 8269 bytes)
20/02/16 22:51:51 INFO Executor: Running task 23.0 in stage 0.0 (TID 23)
20/02/16 22:51:51 INFO FileScanRDD: Reading File path: file:///edw/Reviews/SourceCode/data/asin_reviews.json, range: 3087007744-3221225472, partition values: [empty row]
20/02/16 22:52:07 INFO Executor: Finished task 21.0 in stage 0.0 (TID 21). 2264 bytes result sent to driver
20/02/16 22:52:07 INFO TaskSetManager: Starting task 24.0 in stage 0.0 (TID 24, localhost, executor driver, partition 24, PROCESS_LOCAL, 8269 bytes)
20/02/16 22:52:07 INFO Executor: Running task 24.0 in stage 0.0 (TID 24)
20/02/16 22:52:07 INFO TaskSetManager: Finished task 21.0 in stage 0.0 (TID 21) in 19867 ms on localhost (executor driver) (21/27)
20/02/16 22:52:07 INFO FileScanRDD: Reading File path: file:///edw/Reviews/SourceCode/data/asin_reviews.json, range: 3221225472-3355443200, partition values: [empty row]
20/02/16 22:52:08 INFO Executor: Finished task 20.0 in stage 0.0 (TID 20). 2264 bytes result sent to driver
20/02/16 22:52:08 INFO TaskSetManager: Starting task 25.0 in stage 0.0 (TID 25, localhost, executor driver, partition 25, PROCESS_LOCAL, 8269 bytes)
20/02/16 22:52:08 INFO TaskSetManager: Finished task 20.0 in stage 0.0 (TID 20) in 20406 ms on localhost (executor driver) (22/27)
20/02/16 22:52:08 INFO Executor: Running task 25.0 in stage 0.0 (TID 25)
20/02/16 22:52:08 INFO FileScanRDD: Reading File path: file:///edw/Reviews/SourceCode/data/asin_reviews.json, range: 3355443200-3489660928, partition values: [empty row]
20/02/16 22:52:08 INFO Executor: Finished task 22.0 in stage 0.0 (TID 22). 2264 bytes result sent to driver
20/02/16 22:52:08 INFO TaskSetManager: Starting task 26.0 in stage 0.0 (TID 26, localhost, executor driver, partition 26, PROCESS_LOCAL, 8269 bytes)
20/02/16 22:52:08 INFO TaskSetManager: Finished task 22.0 in stage 0.0 (TID 22) in 19819 ms on localhost (executor driver) (23/27)
20/02/16 22:52:08 INFO Executor: Running task 26.0 in stage 0.0 (TID 26)
20/02/16 22:52:08 INFO FileScanRDD: Reading File path: file:///edw/Reviews/SourceCode/data/asin_reviews.json, range: 3489660928-3595714058, partition values: [empty row]
20/02/16 22:52:11 INFO Executor: Finished task 23.0 in stage 0.0 (TID 23). 2264 bytes result sent to driver
20/02/16 22:52:13 INFO TaskSetManager: Finished task 23.0 in stage 0.0 (TID 23) in 21685 ms on localhost (executor driver) (24/27)
20/02/16 22:52:21 INFO Executor: Finished task 26.0 in stage 0.0 (TID 26). 2307 bytes result sent to driver
20/02/16 22:52:21 INFO TaskSetManager: Finished task 26.0 in stage 0.0 (TID 26) in 12698 ms on localhost (executor driver) (25/27)
20/02/16 22:52:22 INFO Executor: Finished task 24.0 in stage 0.0 (TID 24). 2264 bytes result sent to driver
20/02/16 22:52:22 INFO TaskSetManager: Finished task 24.0 in stage 0.0 (TID 24) in 14961 ms on localhost (executor driver) (26/27)
20/02/16 22:52:23 INFO Executor: Finished task 25.0 in stage 0.0 (TID 25). 2307 bytes result sent to driver
20/02/16 22:52:23 INFO TaskSetManager: Finished task 25.0 in stage 0.0 (TID 25) in 14785 ms on localhost (executor driver) (27/27)
20/02/16 22:52:23 INFO TaskSchedulerImpl: Removed TaskSet 0.0, whose tasks have all completed, from pool 
20/02/16 22:52:23 INFO DAGScheduler: ResultStage 0 (json at NativeMethodAccessorImpl.java:0) finished in 149.639 s
20/02/16 22:52:23 INFO DAGScheduler: Job 0 finished: json at NativeMethodAccessorImpl.java:0, took 150.153318 s
20/02/16 22:52:26 INFO FileSourceStrategy: Pruning directories with: 
20/02/16 22:52:26 INFO FileSourceStrategy: Post-Scan Filters: (cast(cast(CASE WHEN isnull(unixReviewTime#14L) THEN 1990-01-01 ELSE from_unixtime(unixReviewTime#14L, yyyy-MM-dd, Some(Europe/Berlin)) END as date) as string) >= 2011-01-01)
20/02/16 22:52:26 INFO FileSourceStrategy: Output Data Schema: struct<asin: string, overall: double, reviewerID: string, reviewerName: string, unixReviewTime: bigint ... 3 more fields>
20/02/16 22:52:26 INFO FileSourceScanExec: Pushed Filters: 
20/02/16 22:52:26 INFO CodeGenerator: Code generated in 56.8176 ms
20/02/16 22:52:26 INFO MemoryStore: Block broadcast_2 stored as values in memory (estimated size 282.9 KB, free 365.7 MB)
20/02/16 22:52:26 INFO MemoryStore: Block broadcast_2_piece0 stored as bytes in memory (estimated size 23.3 KB, free 365.7 MB)
20/02/16 22:52:26 INFO BlockManagerInfo: Added broadcast_2_piece0 in memory on 192.168.1.25:1422 (size: 23.3 KB, free: 366.2 MB)
20/02/16 22:52:26 INFO SparkContext: Created broadcast 2 from jdbc at NativeMethodAccessorImpl.java:0
20/02/16 22:52:26 INFO FileSourceScanExec: Planning scan with bin packing, max size: 134217728 bytes, open cost is considered as scanning 4194304 bytes.
20/02/16 22:52:26 INFO SparkContext: Starting job: jdbc at NativeMethodAccessorImpl.java:0
20/02/16 22:52:26 INFO DAGScheduler: Got job 1 (jdbc at NativeMethodAccessorImpl.java:0) with 27 output partitions
20/02/16 22:52:26 INFO DAGScheduler: Final stage: ResultStage 1 (jdbc at NativeMethodAccessorImpl.java:0)
20/02/16 22:52:26 INFO DAGScheduler: Parents of final stage: List()
20/02/16 22:52:26 INFO DAGScheduler: Missing parents: List()
20/02/16 22:52:26 INFO DAGScheduler: Submitting ResultStage 1 (MapPartitionsRDD[8] at jdbc at NativeMethodAccessorImpl.java:0), which has no missing parents
20/02/16 22:52:27 INFO MemoryStore: Block broadcast_3 stored as values in memory (estimated size 67.6 KB, free 365.6 MB)
20/02/16 22:52:27 INFO MemoryStore: Block broadcast_3_piece0 stored as bytes in memory (estimated size 31.2 KB, free 365.6 MB)
20/02/16 22:52:27 INFO BlockManagerInfo: Added broadcast_3_piece0 in memory on 192.168.1.25:1422 (size: 31.2 KB, free: 366.2 MB)
20/02/16 22:52:27 INFO SparkContext: Created broadcast 3 from broadcast at DAGScheduler.scala:1163
20/02/16 22:52:27 INFO DAGScheduler: Submitting 27 missing tasks from ResultStage 1 (MapPartitionsRDD[8] at jdbc at NativeMethodAccessorImpl.java:0) (first 15 tasks are for partitions Vector(0, 1, 2, 3, 4, 5, 6, 7, 8, 9, 10, 11, 12, 13, 14))
20/02/16 22:52:27 INFO TaskSchedulerImpl: Adding task set 1.0 with 27 tasks
20/02/16 22:52:27 INFO TaskSetManager: Starting task 0.0 in stage 1.0 (TID 27, localhost, executor driver, partition 0, PROCESS_LOCAL, 8269 bytes)
20/02/16 22:52:27 INFO TaskSetManager: Starting task 1.0 in stage 1.0 (TID 28, localhost, executor driver, partition 1, PROCESS_LOCAL, 8269 bytes)
20/02/16 22:52:27 INFO TaskSetManager: Starting task 2.0 in stage 1.0 (TID 29, localhost, executor driver, partition 2, PROCESS_LOCAL, 8269 bytes)
20/02/16 22:52:27 INFO TaskSetManager: Starting task 3.0 in stage 1.0 (TID 30, localhost, executor driver, partition 3, PROCESS_LOCAL, 8269 bytes)
20/02/16 22:52:27 INFO Executor: Running task 2.0 in stage 1.0 (TID 29)
20/02/16 22:52:27 INFO Executor: Running task 3.0 in stage 1.0 (TID 30)
20/02/16 22:52:27 INFO Executor: Running task 1.0 in stage 1.0 (TID 28)
20/02/16 22:52:27 INFO Executor: Running task 0.0 in stage 1.0 (TID 27)
20/02/16 22:52:27 INFO CodeGenerator: Code generated in 31.4616 ms
20/02/16 22:52:27 INFO FileScanRDD: Reading File path: file:///edw/Reviews/SourceCode/data/asin_reviews.json, range: 402653184-536870912, partition values: [empty row]
20/02/16 22:52:27 INFO CodeGenerator: Code generated in 25.9285 ms
20/02/16 22:52:27 INFO FileScanRDD: Reading File path: file:///edw/Reviews/SourceCode/data/asin_reviews.json, range: 134217728-268435456, partition values: [empty row]
20/02/16 22:52:27 INFO FileScanRDD: Reading File path: file:///edw/Reviews/SourceCode/data/asin_reviews.json, range: 268435456-402653184, partition values: [empty row]
20/02/16 22:52:27 INFO FileScanRDD: Reading File path: file:///edw/Reviews/SourceCode/data/asin_reviews.json, range: 0-134217728, partition values: [empty row]
20/02/16 22:53:04 INFO Executor: Finished task 3.0 in stage 1.0 (TID 30). 1499 bytes result sent to driver
20/02/16 22:53:04 INFO TaskSetManager: Starting task 4.0 in stage 1.0 (TID 31, localhost, executor driver, partition 4, PROCESS_LOCAL, 8269 bytes)
20/02/16 22:53:04 INFO TaskSetManager: Finished task 3.0 in stage 1.0 (TID 30) in 37822 ms on localhost (executor driver) (1/27)
20/02/16 22:53:04 INFO Executor: Running task 4.0 in stage 1.0 (TID 31)
20/02/16 22:53:05 INFO Executor: Finished task 2.0 in stage 1.0 (TID 29). 1456 bytes result sent to driver
20/02/16 22:53:05 INFO TaskSetManager: Starting task 5.0 in stage 1.0 (TID 32, localhost, executor driver, partition 5, PROCESS_LOCAL, 8269 bytes)
20/02/16 22:53:05 INFO TaskSetManager: Finished task 2.0 in stage 1.0 (TID 29) in 38162 ms on localhost (executor driver) (2/27)
20/02/16 22:53:05 INFO Executor: Running task 5.0 in stage 1.0 (TID 32)
20/02/16 22:53:05 INFO FileScanRDD: Reading File path: file:///edw/Reviews/SourceCode/data/asin_reviews.json, range: 671088640-805306368, partition values: [empty row]
20/02/16 22:53:05 INFO FileScanRDD: Reading File path: file:///edw/Reviews/SourceCode/data/asin_reviews.json, range: 536870912-671088640, partition values: [empty row]
20/02/16 22:53:05 INFO Executor: Finished task 1.0 in stage 1.0 (TID 28). 1499 bytes result sent to driver
20/02/16 22:53:05 INFO TaskSetManager: Starting task 6.0 in stage 1.0 (TID 33, localhost, executor driver, partition 6, PROCESS_LOCAL, 8269 bytes)
20/02/16 22:53:05 INFO TaskSetManager: Finished task 1.0 in stage 1.0 (TID 28) in 38594 ms on localhost (executor driver) (3/27)
20/02/16 22:53:05 INFO Executor: Running task 6.0 in stage 1.0 (TID 33)
20/02/16 22:53:06 INFO Executor: Finished task 0.0 in stage 1.0 (TID 27). 1499 bytes result sent to driver
20/02/16 22:53:06 INFO TaskSetManager: Starting task 7.0 in stage 1.0 (TID 34, localhost, executor driver, partition 7, PROCESS_LOCAL, 8269 bytes)
20/02/16 22:53:06 INFO TaskSetManager: Finished task 0.0 in stage 1.0 (TID 27) in 39300 ms on localhost (executor driver) (4/27)
20/02/16 22:53:06 INFO Executor: Running task 7.0 in stage 1.0 (TID 34)
20/02/16 22:53:06 INFO FileScanRDD: Reading File path: file:///edw/Reviews/SourceCode/data/asin_reviews.json, range: 939524096-1073741824, partition values: [empty row]
20/02/16 22:53:06 INFO FileScanRDD: Reading File path: file:///edw/Reviews/SourceCode/data/asin_reviews.json, range: 805306368-939524096, partition values: [empty row]
20/02/16 22:53:27 INFO Executor: Finished task 5.0 in stage 1.0 (TID 32). 1456 bytes result sent to driver
20/02/16 22:53:27 INFO TaskSetManager: Starting task 8.0 in stage 1.0 (TID 35, localhost, executor driver, partition 8, PROCESS_LOCAL, 8269 bytes)
20/02/16 22:53:27 INFO TaskSetManager: Finished task 5.0 in stage 1.0 (TID 32) in 22623 ms on localhost (executor driver) (5/27)
20/02/16 22:53:27 INFO Executor: Running task 8.0 in stage 1.0 (TID 35)
20/02/16 22:53:28 INFO Executor: Finished task 4.0 in stage 1.0 (TID 31). 1499 bytes result sent to driver
20/02/16 22:53:28 INFO TaskSetManager: Starting task 9.0 in stage 1.0 (TID 36, localhost, executor driver, partition 9, PROCESS_LOCAL, 8269 bytes)
20/02/16 22:53:28 INFO Executor: Running task 9.0 in stage 1.0 (TID 36)
20/02/16 22:53:28 INFO TaskSetManager: Finished task 4.0 in stage 1.0 (TID 31) in 23485 ms on localhost (executor driver) (6/27)
20/02/16 22:53:28 INFO FileScanRDD: Reading File path: file:///edw/Reviews/SourceCode/data/asin_reviews.json, range: 1073741824-1207959552, partition values: [empty row]
20/02/16 22:53:28 INFO FileScanRDD: Reading File path: file:///edw/Reviews/SourceCode/data/asin_reviews.json, range: 1207959552-1342177280, partition values: [empty row]
20/02/16 22:53:28 INFO Executor: Finished task 6.0 in stage 1.0 (TID 33). 1456 bytes result sent to driver
20/02/16 22:53:28 INFO TaskSetManager: Starting task 10.0 in stage 1.0 (TID 37, localhost, executor driver, partition 10, PROCESS_LOCAL, 8269 bytes)
20/02/16 22:53:28 INFO TaskSetManager: Finished task 6.0 in stage 1.0 (TID 33) in 23317 ms on localhost (executor driver) (7/27)
20/02/16 22:53:28 INFO Executor: Running task 10.0 in stage 1.0 (TID 37)
20/02/16 22:53:29 INFO FileScanRDD: Reading File path: file:///edw/Reviews/SourceCode/data/asin_reviews.json, range: 1342177280-1476395008, partition values: [empty row]
20/02/16 22:53:30 INFO Executor: Finished task 7.0 in stage 1.0 (TID 34). 1499 bytes result sent to driver
20/02/16 22:53:30 INFO TaskSetManager: Starting task 11.0 in stage 1.0 (TID 38, localhost, executor driver, partition 11, PROCESS_LOCAL, 8269 bytes)
20/02/16 22:53:30 INFO TaskSetManager: Finished task 7.0 in stage 1.0 (TID 34) in 23740 ms on localhost (executor driver) (8/27)
20/02/16 22:53:30 INFO Executor: Running task 11.0 in stage 1.0 (TID 38)
20/02/16 22:53:30 INFO FileScanRDD: Reading File path: file:///edw/Reviews/SourceCode/data/asin_reviews.json, range: 1476395008-1610612736, partition values: [empty row]
20/02/16 22:53:53 INFO Executor: Finished task 9.0 in stage 1.0 (TID 36). 1499 bytes result sent to driver
20/02/16 22:53:53 INFO TaskSetManager: Starting task 12.0 in stage 1.0 (TID 39, localhost, executor driver, partition 12, PROCESS_LOCAL, 8269 bytes)
20/02/16 22:53:53 INFO TaskSetManager: Finished task 9.0 in stage 1.0 (TID 36) in 24686 ms on localhost (executor driver) (9/27)
20/02/16 22:53:53 INFO Executor: Running task 12.0 in stage 1.0 (TID 39)
20/02/16 22:53:53 INFO Executor: Finished task 10.0 in stage 1.0 (TID 37). 1456 bytes result sent to driver
20/02/16 22:53:53 INFO TaskSetManager: Starting task 13.0 in stage 1.0 (TID 40, localhost, executor driver, partition 13, PROCESS_LOCAL, 8269 bytes)
20/02/16 22:53:53 INFO TaskSetManager: Finished task 10.0 in stage 1.0 (TID 37) in 24105 ms on localhost (executor driver) (10/27)
20/02/16 22:53:53 INFO Executor: Running task 13.0 in stage 1.0 (TID 40)
20/02/16 22:53:53 INFO FileScanRDD: Reading File path: file:///edw/Reviews/SourceCode/data/asin_reviews.json, range: 1744830464-1879048192, partition values: [empty row]
20/02/16 22:53:53 INFO FileScanRDD: Reading File path: file:///edw/Reviews/SourceCode/data/asin_reviews.json, range: 1610612736-1744830464, partition values: [empty row]
20/02/16 22:53:54 INFO Executor: Finished task 8.0 in stage 1.0 (TID 35). 1499 bytes result sent to driver
20/02/16 22:53:54 INFO TaskSetManager: Starting task 14.0 in stage 1.0 (TID 41, localhost, executor driver, partition 14, PROCESS_LOCAL, 8269 bytes)
20/02/16 22:53:54 INFO TaskSetManager: Finished task 8.0 in stage 1.0 (TID 35) in 26196 ms on localhost (executor driver) (11/27)
20/02/16 22:53:54 INFO Executor: Running task 14.0 in stage 1.0 (TID 41)
20/02/16 22:53:54 INFO FileScanRDD: Reading File path: file:///edw/Reviews/SourceCode/data/asin_reviews.json, range: 1879048192-2013265920, partition values: [empty row]
20/02/16 22:53:55 INFO Executor: Finished task 11.0 in stage 1.0 (TID 38). 1499 bytes result sent to driver
20/02/16 22:53:55 INFO TaskSetManager: Starting task 15.0 in stage 1.0 (TID 42, localhost, executor driver, partition 15, PROCESS_LOCAL, 8269 bytes)
20/02/16 22:53:55 INFO Executor: Running task 15.0 in stage 1.0 (TID 42)
20/02/16 22:53:55 INFO TaskSetManager: Finished task 11.0 in stage 1.0 (TID 38) in 25241 ms on localhost (executor driver) (12/27)
20/02/16 22:53:55 INFO FileScanRDD: Reading File path: file:///edw/Reviews/SourceCode/data/asin_reviews.json, range: 2013265920-2147483648, partition values: [empty row]
20/02/16 22:54:16 INFO Executor: Finished task 14.0 in stage 1.0 (TID 41). 1499 bytes result sent to driver
20/02/16 22:54:16 INFO TaskSetManager: Starting task 16.0 in stage 1.0 (TID 43, localhost, executor driver, partition 16, PROCESS_LOCAL, 8269 bytes)
20/02/16 22:54:16 INFO TaskSetManager: Finished task 14.0 in stage 1.0 (TID 41) in 22435 ms on localhost (executor driver) (13/27)
20/02/16 22:54:16 INFO Executor: Running task 16.0 in stage 1.0 (TID 43)
20/02/16 22:54:17 INFO Executor: Finished task 15.0 in stage 1.0 (TID 42). 1499 bytes result sent to driver
20/02/16 22:54:17 INFO TaskSetManager: Starting task 17.0 in stage 1.0 (TID 44, localhost, executor driver, partition 17, PROCESS_LOCAL, 8269 bytes)
20/02/16 22:54:17 INFO TaskSetManager: Finished task 15.0 in stage 1.0 (TID 42) in 22478 ms on localhost (executor driver) (14/27)
20/02/16 22:54:17 INFO Executor: Running task 17.0 in stage 1.0 (TID 44)
20/02/16 22:54:20 INFO FileScanRDD: Reading File path: file:///edw/Reviews/SourceCode/data/asin_reviews.json, range: 2281701376-2415919104, partition values: [empty row]
20/02/16 22:54:20 INFO FileScanRDD: Reading File path: file:///edw/Reviews/SourceCode/data/asin_reviews.json, range: 2147483648-2281701376, partition values: [empty row]
20/02/16 22:54:23 INFO Executor: Finished task 13.0 in stage 1.0 (TID 40). 1499 bytes result sent to driver
20/02/16 22:54:23 INFO TaskSetManager: Starting task 18.0 in stage 1.0 (TID 45, localhost, executor driver, partition 18, PROCESS_LOCAL, 8269 bytes)
20/02/16 22:54:23 INFO TaskSetManager: Finished task 13.0 in stage 1.0 (TID 40) in 30624 ms on localhost (executor driver) (15/27)
20/02/16 22:54:23 INFO Executor: Running task 18.0 in stage 1.0 (TID 45)
20/02/16 22:54:26 INFO FileScanRDD: Reading File path: file:///edw/Reviews/SourceCode/data/asin_reviews.json, range: 2415919104-2550136832, partition values: [empty row]
20/02/16 22:54:26 INFO Executor: Finished task 12.0 in stage 1.0 (TID 39). 1499 bytes result sent to driver
20/02/16 22:54:26 INFO TaskSetManager: Starting task 19.0 in stage 1.0 (TID 46, localhost, executor driver, partition 19, PROCESS_LOCAL, 8269 bytes)
20/02/16 22:54:26 INFO TaskSetManager: Finished task 12.0 in stage 1.0 (TID 39) in 33796 ms on localhost (executor driver) (16/27)
20/02/16 22:54:26 INFO Executor: Running task 19.0 in stage 1.0 (TID 46)
20/02/16 22:54:28 INFO FileScanRDD: Reading File path: file:///edw/Reviews/SourceCode/data/asin_reviews.json, range: 2550136832-2684354560, partition values: [empty row]
20/02/16 22:54:54 INFO Executor: Finished task 17.0 in stage 1.0 (TID 44). 1456 bytes result sent to driver
20/02/16 22:54:54 INFO TaskSetManager: Starting task 20.0 in stage 1.0 (TID 47, localhost, executor driver, partition 20, PROCESS_LOCAL, 8269 bytes)
20/02/16 22:54:54 INFO TaskSetManager: Finished task 17.0 in stage 1.0 (TID 44) in 36452 ms on localhost (executor driver) (17/27)
20/02/16 22:54:54 INFO Executor: Running task 20.0 in stage 1.0 (TID 47)
20/02/16 22:54:55 INFO FileScanRDD: Reading File path: file:///edw/Reviews/SourceCode/data/asin_reviews.json, range: 2684354560-2818572288, partition values: [empty row]
20/02/16 22:54:57 INFO Executor: Finished task 18.0 in stage 1.0 (TID 45). 1456 bytes result sent to driver
20/02/16 22:54:57 INFO TaskSetManager: Starting task 21.0 in stage 1.0 (TID 48, localhost, executor driver, partition 21, PROCESS_LOCAL, 8269 bytes)
20/02/16 22:54:57 INFO TaskSetManager: Finished task 18.0 in stage 1.0 (TID 45) in 33494 ms on localhost (executor driver) (18/27)
20/02/16 22:54:57 INFO Executor: Running task 21.0 in stage 1.0 (TID 48)
20/02/16 22:54:57 INFO FileScanRDD: Reading File path: file:///edw/Reviews/SourceCode/data/asin_reviews.json, range: 2818572288-2952790016, partition values: [empty row]
20/02/16 22:54:57 INFO Executor: Finished task 19.0 in stage 1.0 (TID 46). 1542 bytes result sent to driver
20/02/16 22:54:57 INFO TaskSetManager: Starting task 22.0 in stage 1.0 (TID 49, localhost, executor driver, partition 22, PROCESS_LOCAL, 8269 bytes)
20/02/16 22:54:57 INFO TaskSetManager: Finished task 19.0 in stage 1.0 (TID 46) in 30962 ms on localhost (executor driver) (19/27)
20/02/16 22:54:57 INFO Executor: Running task 22.0 in stage 1.0 (TID 49)
20/02/16 22:54:57 INFO FileScanRDD: Reading File path: file:///edw/Reviews/SourceCode/data/asin_reviews.json, range: 2952790016-3087007744, partition values: [empty row]
20/02/16 22:54:58 INFO Executor: Finished task 16.0 in stage 1.0 (TID 43). 1499 bytes result sent to driver
20/02/16 22:54:58 INFO TaskSetManager: Starting task 23.0 in stage 1.0 (TID 50, localhost, executor driver, partition 23, PROCESS_LOCAL, 8269 bytes)
20/02/16 22:54:58 INFO TaskSetManager: Finished task 16.0 in stage 1.0 (TID 43) in 42307 ms on localhost (executor driver) (20/27)
20/02/16 22:54:58 INFO Executor: Running task 23.0 in stage 1.0 (TID 50)
20/02/16 22:54:58 INFO FileScanRDD: Reading File path: file:///edw/Reviews/SourceCode/data/asin_reviews.json, range: 3087007744-3221225472, partition values: [empty row]
20/02/16 22:55:22 INFO Executor: Finished task 20.0 in stage 1.0 (TID 47). 1456 bytes result sent to driver
20/02/16 22:55:22 INFO TaskSetManager: Starting task 24.0 in stage 1.0 (TID 51, localhost, executor driver, partition 24, PROCESS_LOCAL, 8269 bytes)
20/02/16 22:55:22 INFO TaskSetManager: Finished task 20.0 in stage 1.0 (TID 47) in 28414 ms on localhost (executor driver) (21/27)
20/02/16 22:55:22 INFO Executor: Running task 24.0 in stage 1.0 (TID 51)
20/02/16 22:55:23 INFO FileScanRDD: Reading File path: file:///edw/Reviews/SourceCode/data/asin_reviews.json, range: 3221225472-3355443200, partition values: [empty row]
20/02/16 22:55:23 INFO Executor: Finished task 21.0 in stage 1.0 (TID 48). 1456 bytes result sent to driver
20/02/16 22:55:23 INFO TaskSetManager: Starting task 25.0 in stage 1.0 (TID 52, localhost, executor driver, partition 25, PROCESS_LOCAL, 8269 bytes)
20/02/16 22:55:23 INFO TaskSetManager: Finished task 21.0 in stage 1.0 (TID 48) in 26375 ms on localhost (executor driver) (22/27)
20/02/16 22:55:23 INFO Executor: Running task 25.0 in stage 1.0 (TID 52)
20/02/16 22:55:23 INFO FileScanRDD: Reading File path: file:///edw/Reviews/SourceCode/data/asin_reviews.json, range: 3355443200-3489660928, partition values: [empty row]
20/02/16 22:55:24 INFO Executor: Finished task 22.0 in stage 1.0 (TID 49). 1456 bytes result sent to driver
20/02/16 22:55:24 INFO TaskSetManager: Starting task 26.0 in stage 1.0 (TID 53, localhost, executor driver, partition 26, PROCESS_LOCAL, 8269 bytes)
20/02/16 22:55:24 INFO TaskSetManager: Finished task 22.0 in stage 1.0 (TID 49) in 26690 ms on localhost (executor driver) (23/27)
20/02/16 22:55:24 INFO Executor: Running task 26.0 in stage 1.0 (TID 53)
20/02/16 22:55:25 INFO FileScanRDD: Reading File path: file:///edw/Reviews/SourceCode/data/asin_reviews.json, range: 3489660928-3595714058, partition values: [empty row]
20/02/16 22:55:26 INFO Executor: Finished task 23.0 in stage 1.0 (TID 50). 1456 bytes result sent to driver
20/02/16 22:55:26 INFO TaskSetManager: Finished task 23.0 in stage 1.0 (TID 50) in 28187 ms on localhost (executor driver) (24/27)
20/02/16 22:55:40 INFO Executor: Finished task 26.0 in stage 1.0 (TID 53). 1499 bytes result sent to driver
20/02/16 22:55:40 INFO TaskSetManager: Finished task 26.0 in stage 1.0 (TID 53) in 16147 ms on localhost (executor driver) (25/27)
20/02/16 22:55:41 INFO Executor: Finished task 24.0 in stage 1.0 (TID 51). 1456 bytes result sent to driver
20/02/16 22:55:41 INFO TaskSetManager: Finished task 24.0 in stage 1.0 (TID 51) in 18847 ms on localhost (executor driver) (26/27)
20/02/16 22:55:42 INFO Executor: Finished task 25.0 in stage 1.0 (TID 52). 1499 bytes result sent to driver
20/02/16 22:55:42 INFO TaskSetManager: Finished task 25.0 in stage 1.0 (TID 52) in 19353 ms on localhost (executor driver) (27/27)
20/02/16 22:55:42 INFO TaskSchedulerImpl: Removed TaskSet 1.0, whose tasks have all completed, from pool 
20/02/16 22:55:42 INFO DAGScheduler: ResultStage 1 (jdbc at NativeMethodAccessorImpl.java:0) finished in 195.937 s
20/02/16 22:55:42 INFO DAGScheduler: Job 1 finished: jdbc at NativeMethodAccessorImpl.java:0, took 195.943518 s
20/02/16 22:55:43 INFO SparkContext: Invoking stop() from shutdown hook
20/02/16 22:55:43 INFO SparkUI: Stopped Spark web UI at http://192.168.1.25:4040
20/02/16 22:55:44 INFO MapOutputTrackerMasterEndpoint: MapOutputTrackerMasterEndpoint stopped!
20/02/16 22:55:44 INFO MemoryStore: MemoryStore cleared
20/02/16 22:55:44 INFO BlockManager: BlockManager stopped
20/02/16 22:55:44 INFO BlockManagerMaster: BlockManagerMaster stopped
20/02/16 22:55:44 INFO OutputCommitCoordinator$OutputCommitCoordinatorEndpoint: OutputCommitCoordinator stopped!
20/02/16 22:55:44 INFO SparkContext: Successfully stopped SparkContext
20/02/16 22:55:44 INFO ShutdownHookManager: Shutdown hook called
20/02/16 22:55:44 INFO ShutdownHookManager: Deleting directory /tmp/spark-f444ff27-ab35-47f6-b4a9-6087daf3bd63
20/02/16 22:55:44 INFO ShutdownHookManager: Deleting directory /tmp/spark-49402630-126e-4515-8e07-e2017738de28
20/02/16 22:55:44 INFO ShutdownHookManager: Deleting directory /tmp/spark-49402630-126e-4515-8e07-e2017738de28/pyspark-24f1daa7-559d-493e-b641-a396b34ded9e
###################################################################################################################################
###################################################################################################################################
Job completed successfully
###################################################################################################################################
###################################################################################################################################
