###################################################################################################################################
###################################################################################################################################
Load to stage in progress
###################################################################################################################################
###################################################################################################################################
20/02/15 18:17:59 WARN Utils: Your hostname, DESKTOP-502C4I4 resolves to a loopback address: 127.0.1.1; using 192.168.1.25 instead (on interface wifi0)
20/02/15 18:17:59 WARN Utils: Set SPARK_LOCAL_IP if you need to bind to another address
20/02/15 18:18:02 WARN NativeCodeLoader: Unable to load native-hadoop library for your platform... using builtin-java classes where applicable
Using Spark's default log4j profile: org/apache/spark/log4j-defaults.properties
20/02/15 18:18:21 INFO SparkContext: Running Spark version 2.4.5
20/02/15 18:18:21 INFO SparkContext: Submitted application: MySession
20/02/15 18:18:21 INFO SecurityManager: Changing view acls to: devetluser
20/02/15 18:18:21 INFO SecurityManager: Changing modify acls to: devetluser
20/02/15 18:18:21 INFO SecurityManager: Changing view acls groups to: 
20/02/15 18:18:21 INFO SecurityManager: Changing modify acls groups to: 
20/02/15 18:18:21 INFO SecurityManager: SecurityManager: authentication disabled; ui acls disabled; users  with view permissions: Set(devetluser); groups with view permissions: Set(); users  with modify permissions: Set(devetluser); groups with modify permissions: Set()
20/02/15 18:18:22 INFO Utils: Successfully started service 'sparkDriver' on port 11100.
20/02/15 18:18:22 INFO SparkEnv: Registering MapOutputTracker
20/02/15 18:18:22 INFO SparkEnv: Registering BlockManagerMaster
20/02/15 18:18:22 INFO BlockManagerMasterEndpoint: Using org.apache.spark.storage.DefaultTopologyMapper for getting topology information
20/02/15 18:18:22 INFO BlockManagerMasterEndpoint: BlockManagerMasterEndpoint up
20/02/15 18:18:22 INFO DiskBlockManager: Created local directory at /tmp/blockmgr-7eba8109-0aa7-4159-a4c1-c213a6470145
20/02/15 18:18:22 INFO MemoryStore: MemoryStore started with capacity 366.3 MB
20/02/15 18:18:22 INFO SparkEnv: Registering OutputCommitCoordinator
20/02/15 18:18:23 INFO Utils: Successfully started service 'SparkUI' on port 4040.
20/02/15 18:18:23 INFO SparkUI: Bound SparkUI to 0.0.0.0, and started at http://192.168.1.25:4040
20/02/15 18:18:24 INFO Executor: Starting executor ID driver on host localhost
20/02/15 18:18:24 INFO Utils: Successfully started service 'org.apache.spark.network.netty.NettyBlockTransferService' on port 11105.
20/02/15 18:18:24 INFO NettyBlockTransferService: Server created on 192.168.1.25:11105
20/02/15 18:18:24 INFO BlockManager: Using org.apache.spark.storage.RandomBlockReplicationPolicy for block replication policy
20/02/15 18:18:24 INFO BlockManagerMaster: Registering BlockManager BlockManagerId(driver, 192.168.1.25, 11105, None)
20/02/15 18:18:24 INFO BlockManagerMasterEndpoint: Registering block manager 192.168.1.25:11105 with 366.3 MB RAM, BlockManagerId(driver, 192.168.1.25, 11105, None)
20/02/15 18:18:24 INFO BlockManagerMaster: Registered BlockManager BlockManagerId(driver, 192.168.1.25, 11105, None)
20/02/15 18:18:24 INFO BlockManager: Initialized BlockManager: BlockManagerId(driver, 192.168.1.25, 11105, None)
20/02/15 18:18:25 INFO SharedState: Setting hive.metastore.warehouse.dir ('null') to the value of spark.sql.warehouse.dir ('file:/edw/Reviews/SourceCode/bash/spark-warehouse').
20/02/15 18:18:25 INFO SharedState: Warehouse path is 'file:/edw/Reviews/SourceCode/bash/spark-warehouse'.
20/02/15 18:18:27 INFO StateStoreCoordinatorRef: Registered StateStoreCoordinator endpoint
20/02/15 18:18:28 INFO InMemoryFileIndex: It took 119 ms to list leaf files for 1 paths.
20/02/15 18:18:28 INFO InMemoryFileIndex: It took 2 ms to list leaf files for 1 paths.
20/02/15 18:18:36 INFO FileSourceStrategy: Pruning directories with: 
20/02/15 18:18:36 INFO FileSourceStrategy: Post-Scan Filters: 
20/02/15 18:18:36 INFO FileSourceStrategy: Output Data Schema: struct<value: string>
20/02/15 18:18:36 INFO FileSourceScanExec: Pushed Filters: 
20/02/15 18:18:38 INFO CodeGenerator: Code generated in 404.0796 ms
20/02/15 18:18:38 INFO MemoryStore: Block broadcast_0 stored as values in memory (estimated size 282.7 KB, free 366.0 MB)
20/02/15 18:18:38 INFO MemoryStore: Block broadcast_0_piece0 stored as bytes in memory (estimated size 23.3 KB, free 366.0 MB)
20/02/15 18:18:38 INFO BlockManagerInfo: Added broadcast_0_piece0 in memory on 192.168.1.25:11105 (size: 23.3 KB, free: 366.3 MB)
20/02/15 18:18:38 INFO SparkContext: Created broadcast 0 from json at NativeMethodAccessorImpl.java:0
20/02/15 18:18:38 INFO FileSourceScanExec: Planning scan with bin packing, max size: 134217728 bytes, open cost is considered as scanning 4194304 bytes.
20/02/15 18:18:38 INFO SparkContext: Starting job: json at NativeMethodAccessorImpl.java:0
20/02/15 18:18:38 INFO DAGScheduler: Got job 0 (json at NativeMethodAccessorImpl.java:0) with 70 output partitions
20/02/15 18:18:38 INFO DAGScheduler: Final stage: ResultStage 0 (json at NativeMethodAccessorImpl.java:0)
20/02/15 18:18:38 INFO DAGScheduler: Parents of final stage: List()
20/02/15 18:18:38 INFO DAGScheduler: Missing parents: List()
20/02/15 18:18:38 INFO DAGScheduler: Submitting ResultStage 0 (MapPartitionsRDD[3] at json at NativeMethodAccessorImpl.java:0), which has no missing parents
20/02/15 18:18:38 INFO MemoryStore: Block broadcast_1 stored as values in memory (estimated size 11.6 KB, free 366.0 MB)
20/02/15 18:18:38 INFO MemoryStore: Block broadcast_1_piece0 stored as bytes in memory (estimated size 6.7 KB, free 366.0 MB)
20/02/15 18:18:38 INFO BlockManagerInfo: Added broadcast_1_piece0 in memory on 192.168.1.25:11105 (size: 6.7 KB, free: 366.3 MB)
20/02/15 18:18:38 INFO SparkContext: Created broadcast 1 from broadcast at DAGScheduler.scala:1163
20/02/15 18:18:38 INFO DAGScheduler: Submitting 70 missing tasks from ResultStage 0 (MapPartitionsRDD[3] at json at NativeMethodAccessorImpl.java:0) (first 15 tasks are for partitions Vector(0, 1, 2, 3, 4, 5, 6, 7, 8, 9, 10, 11, 12, 13, 14))
20/02/15 18:18:38 INFO TaskSchedulerImpl: Adding task set 0.0 with 70 tasks
20/02/15 18:18:39 INFO TaskSetManager: Starting task 0.0 in stage 0.0 (TID 0, localhost, executor driver, partition 0, PROCESS_LOCAL, 8267 bytes)
20/02/15 18:18:39 INFO TaskSetManager: Starting task 1.0 in stage 0.0 (TID 1, localhost, executor driver, partition 1, PROCESS_LOCAL, 8267 bytes)
20/02/15 18:18:39 INFO TaskSetManager: Starting task 2.0 in stage 0.0 (TID 2, localhost, executor driver, partition 2, PROCESS_LOCAL, 8267 bytes)
20/02/15 18:18:39 INFO TaskSetManager: Starting task 3.0 in stage 0.0 (TID 3, localhost, executor driver, partition 3, PROCESS_LOCAL, 8267 bytes)
20/02/15 18:18:39 INFO Executor: Running task 0.0 in stage 0.0 (TID 0)
20/02/15 18:18:39 INFO Executor: Running task 1.0 in stage 0.0 (TID 1)
20/02/15 18:18:39 INFO Executor: Running task 3.0 in stage 0.0 (TID 3)
20/02/15 18:18:39 INFO Executor: Running task 2.0 in stage 0.0 (TID 2)
20/02/15 18:18:39 INFO FileScanRDD: Reading File path: file:///edw/Reviews/SourceCode/data/AmzReviews.json, range: 402653184-536870912, partition values: [empty row]
20/02/15 18:18:39 INFO FileScanRDD: Reading File path: file:///edw/Reviews/SourceCode/data/AmzReviews.json, range: 0-134217728, partition values: [empty row]
20/02/15 18:18:39 INFO FileScanRDD: Reading File path: file:///edw/Reviews/SourceCode/data/AmzReviews.json, range: 268435456-402653184, partition values: [empty row]
20/02/15 18:18:39 INFO FileScanRDD: Reading File path: file:///edw/Reviews/SourceCode/data/AmzReviews.json, range: 134217728-268435456, partition values: [empty row]
20/02/15 18:18:39 INFO CodeGenerator: Code generated in 20.5614 ms
20/02/15 18:19:04 INFO Executor: Finished task 3.0 in stage 0.0 (TID 3). 2350 bytes result sent to driver
20/02/15 18:19:04 INFO TaskSetManager: Starting task 4.0 in stage 0.0 (TID 4, localhost, executor driver, partition 4, PROCESS_LOCAL, 8267 bytes)
20/02/15 18:19:04 INFO Executor: Running task 4.0 in stage 0.0 (TID 4)
20/02/15 18:19:04 INFO FileScanRDD: Reading File path: file:///edw/Reviews/SourceCode/data/AmzReviews.json, range: 536870912-671088640, partition values: [empty row]
20/02/15 18:19:04 INFO TaskSetManager: Finished task 3.0 in stage 0.0 (TID 3) in 25186 ms on localhost (executor driver) (1/70)
20/02/15 18:19:06 INFO Executor: Finished task 0.0 in stage 0.0 (TID 0). 2307 bytes result sent to driver
20/02/15 18:19:06 INFO TaskSetManager: Starting task 5.0 in stage 0.0 (TID 5, localhost, executor driver, partition 5, PROCESS_LOCAL, 8267 bytes)
20/02/15 18:19:06 INFO Executor: Running task 5.0 in stage 0.0 (TID 5)
20/02/15 18:19:06 INFO TaskSetManager: Finished task 0.0 in stage 0.0 (TID 0) in 27562 ms on localhost (executor driver) (2/70)
20/02/15 18:19:06 INFO FileScanRDD: Reading File path: file:///edw/Reviews/SourceCode/data/AmzReviews.json, range: 671088640-805306368, partition values: [empty row]
20/02/15 18:19:07 INFO Executor: Finished task 2.0 in stage 0.0 (TID 2). 2350 bytes result sent to driver
20/02/15 18:19:07 INFO TaskSetManager: Starting task 6.0 in stage 0.0 (TID 6, localhost, executor driver, partition 6, PROCESS_LOCAL, 8267 bytes)
20/02/15 18:19:07 INFO TaskSetManager: Finished task 2.0 in stage 0.0 (TID 2) in 28475 ms on localhost (executor driver) (3/70)
20/02/15 18:19:07 INFO Executor: Running task 6.0 in stage 0.0 (TID 6)
20/02/15 18:19:07 INFO FileScanRDD: Reading File path: file:///edw/Reviews/SourceCode/data/AmzReviews.json, range: 805306368-939524096, partition values: [empty row]
20/02/15 18:19:08 INFO Executor: Finished task 1.0 in stage 0.0 (TID 1). 2350 bytes result sent to driver
20/02/15 18:19:08 INFO TaskSetManager: Starting task 7.0 in stage 0.0 (TID 7, localhost, executor driver, partition 7, PROCESS_LOCAL, 8267 bytes)
20/02/15 18:19:08 INFO Executor: Running task 7.0 in stage 0.0 (TID 7)
20/02/15 18:19:08 INFO TaskSetManager: Finished task 1.0 in stage 0.0 (TID 1) in 29742 ms on localhost (executor driver) (4/70)
20/02/15 18:19:08 INFO FileScanRDD: Reading File path: file:///edw/Reviews/SourceCode/data/AmzReviews.json, range: 939524096-1073741824, partition values: [empty row]
20/02/15 18:19:28 INFO Executor: Finished task 4.0 in stage 0.0 (TID 4). 2307 bytes result sent to driver
20/02/15 18:19:28 INFO TaskSetManager: Starting task 8.0 in stage 0.0 (TID 8, localhost, executor driver, partition 8, PROCESS_LOCAL, 8267 bytes)
20/02/15 18:19:28 INFO TaskSetManager: Finished task 4.0 in stage 0.0 (TID 4) in 24628 ms on localhost (executor driver) (5/70)
20/02/15 18:19:28 INFO Executor: Running task 8.0 in stage 0.0 (TID 8)
20/02/15 18:19:28 INFO FileScanRDD: Reading File path: file:///edw/Reviews/SourceCode/data/AmzReviews.json, range: 1073741824-1207959552, partition values: [empty row]
20/02/15 18:19:30 INFO Executor: Finished task 5.0 in stage 0.0 (TID 5). 2307 bytes result sent to driver
20/02/15 18:19:30 INFO TaskSetManager: Starting task 9.0 in stage 0.0 (TID 9, localhost, executor driver, partition 9, PROCESS_LOCAL, 8267 bytes)
20/02/15 18:19:30 INFO Executor: Running task 9.0 in stage 0.0 (TID 9)
20/02/15 18:19:30 INFO TaskSetManager: Finished task 5.0 in stage 0.0 (TID 5) in 24065 ms on localhost (executor driver) (6/70)
20/02/15 18:19:30 INFO FileScanRDD: Reading File path: file:///edw/Reviews/SourceCode/data/AmzReviews.json, range: 1207959552-1342177280, partition values: [empty row]
20/02/15 18:19:33 INFO Executor: Finished task 6.0 in stage 0.0 (TID 6). 2264 bytes result sent to driver
20/02/15 18:19:33 INFO TaskSetManager: Starting task 10.0 in stage 0.0 (TID 10, localhost, executor driver, partition 10, PROCESS_LOCAL, 8267 bytes)
20/02/15 18:19:33 INFO Executor: Running task 10.0 in stage 0.0 (TID 10)
20/02/15 18:19:33 INFO TaskSetManager: Finished task 6.0 in stage 0.0 (TID 6) in 25575 ms on localhost (executor driver) (7/70)
20/02/15 18:19:33 INFO FileScanRDD: Reading File path: file:///edw/Reviews/SourceCode/data/AmzReviews.json, range: 1342177280-1476395008, partition values: [empty row]
20/02/15 18:19:44 INFO Executor: Finished task 7.0 in stage 0.0 (TID 7). 2264 bytes result sent to driver
20/02/15 18:19:44 INFO TaskSetManager: Starting task 11.0 in stage 0.0 (TID 11, localhost, executor driver, partition 11, PROCESS_LOCAL, 8267 bytes)
20/02/15 18:19:44 INFO TaskSetManager: Finished task 7.0 in stage 0.0 (TID 7) in 35753 ms on localhost (executor driver) (8/70)
20/02/15 18:19:44 INFO Executor: Running task 11.0 in stage 0.0 (TID 11)
20/02/15 18:19:44 INFO FileScanRDD: Reading File path: file:///edw/Reviews/SourceCode/data/AmzReviews.json, range: 1476395008-1610612736, partition values: [empty row]
20/02/15 18:19:49 INFO Executor: Finished task 10.0 in stage 0.0 (TID 10). 2307 bytes result sent to driver
20/02/15 18:19:49 INFO TaskSetManager: Starting task 12.0 in stage 0.0 (TID 12, localhost, executor driver, partition 12, PROCESS_LOCAL, 8267 bytes)
20/02/15 18:19:49 INFO TaskSetManager: Finished task 10.0 in stage 0.0 (TID 10) in 16387 ms on localhost (executor driver) (9/70)
20/02/15 18:19:49 INFO Executor: Running task 12.0 in stage 0.0 (TID 12)
20/02/15 18:19:49 INFO FileScanRDD: Reading File path: file:///edw/Reviews/SourceCode/data/AmzReviews.json, range: 1610612736-1744830464, partition values: [empty row]
20/02/15 18:19:50 INFO Executor: Finished task 8.0 in stage 0.0 (TID 8). 2307 bytes result sent to driver
20/02/15 18:19:50 INFO TaskSetManager: Starting task 13.0 in stage 0.0 (TID 13, localhost, executor driver, partition 13, PROCESS_LOCAL, 8267 bytes)
20/02/15 18:19:50 INFO Executor: Running task 13.0 in stage 0.0 (TID 13)
20/02/15 18:19:50 INFO TaskSetManager: Finished task 8.0 in stage 0.0 (TID 8) in 21485 ms on localhost (executor driver) (10/70)
20/02/15 18:19:50 INFO FileScanRDD: Reading File path: file:///edw/Reviews/SourceCode/data/AmzReviews.json, range: 1744830464-1879048192, partition values: [empty row]
20/02/15 18:19:52 INFO Executor: Finished task 9.0 in stage 0.0 (TID 9). 2264 bytes result sent to driver
20/02/15 18:19:52 INFO TaskSetManager: Starting task 14.0 in stage 0.0 (TID 14, localhost, executor driver, partition 14, PROCESS_LOCAL, 8267 bytes)
20/02/15 18:19:52 INFO TaskSetManager: Finished task 9.0 in stage 0.0 (TID 9) in 22158 ms on localhost (executor driver) (11/70)
20/02/15 18:19:52 INFO Executor: Running task 14.0 in stage 0.0 (TID 14)
20/02/15 18:19:52 INFO FileScanRDD: Reading File path: file:///edw/Reviews/SourceCode/data/AmzReviews.json, range: 1879048192-2013265920, partition values: [empty row]
20/02/15 18:20:10 INFO Executor: Finished task 11.0 in stage 0.0 (TID 11). 2307 bytes result sent to driver
20/02/15 18:20:10 INFO TaskSetManager: Starting task 15.0 in stage 0.0 (TID 15, localhost, executor driver, partition 15, PROCESS_LOCAL, 8267 bytes)
20/02/15 18:20:10 INFO Executor: Running task 15.0 in stage 0.0 (TID 15)
20/02/15 18:20:10 INFO TaskSetManager: Finished task 11.0 in stage 0.0 (TID 11) in 25529 ms on localhost (executor driver) (12/70)
20/02/15 18:20:10 INFO FileScanRDD: Reading File path: file:///edw/Reviews/SourceCode/data/AmzReviews.json, range: 2013265920-2147483648, partition values: [empty row]
20/02/15 18:20:13 INFO Executor: Finished task 13.0 in stage 0.0 (TID 13). 2307 bytes result sent to driver
20/02/15 18:20:13 INFO TaskSetManager: Starting task 16.0 in stage 0.0 (TID 16, localhost, executor driver, partition 16, PROCESS_LOCAL, 8267 bytes)
20/02/15 18:20:13 INFO TaskSetManager: Finished task 13.0 in stage 0.0 (TID 13) in 23239 ms on localhost (executor driver) (13/70)
20/02/15 18:20:13 INFO Executor: Running task 16.0 in stage 0.0 (TID 16)
20/02/15 18:20:13 INFO FileScanRDD: Reading File path: file:///edw/Reviews/SourceCode/data/AmzReviews.json, range: 2147483648-2281701376, partition values: [empty row]
20/02/15 18:20:17 INFO Executor: Finished task 12.0 in stage 0.0 (TID 12). 2264 bytes result sent to driver
20/02/15 18:20:17 INFO TaskSetManager: Starting task 17.0 in stage 0.0 (TID 17, localhost, executor driver, partition 17, PROCESS_LOCAL, 8267 bytes)
20/02/15 18:20:17 INFO TaskSetManager: Finished task 12.0 in stage 0.0 (TID 12) in 28061 ms on localhost (executor driver) (14/70)
20/02/15 18:20:17 INFO Executor: Running task 17.0 in stage 0.0 (TID 17)
20/02/15 18:20:17 INFO FileScanRDD: Reading File path: file:///edw/Reviews/SourceCode/data/AmzReviews.json, range: 2281701376-2415919104, partition values: [empty row]
20/02/15 18:20:20 INFO Executor: Finished task 14.0 in stage 0.0 (TID 14). 2264 bytes result sent to driver
20/02/15 18:20:20 INFO TaskSetManager: Starting task 18.0 in stage 0.0 (TID 18, localhost, executor driver, partition 18, PROCESS_LOCAL, 8267 bytes)
20/02/15 18:20:20 INFO TaskSetManager: Finished task 14.0 in stage 0.0 (TID 14) in 27736 ms on localhost (executor driver) (15/70)
20/02/15 18:20:20 INFO Executor: Running task 18.0 in stage 0.0 (TID 18)
20/02/15 18:20:20 INFO FileScanRDD: Reading File path: file:///edw/Reviews/SourceCode/data/AmzReviews.json, range: 2415919104-2550136832, partition values: [empty row]
20/02/15 18:20:37 INFO Executor: Finished task 15.0 in stage 0.0 (TID 15). 2307 bytes result sent to driver
20/02/15 18:20:37 INFO TaskSetManager: Starting task 19.0 in stage 0.0 (TID 19, localhost, executor driver, partition 19, PROCESS_LOCAL, 8267 bytes)
20/02/15 18:20:37 INFO Executor: Running task 19.0 in stage 0.0 (TID 19)
20/02/15 18:20:37 INFO TaskSetManager: Finished task 15.0 in stage 0.0 (TID 15) in 27333 ms on localhost (executor driver) (16/70)
20/02/15 18:20:37 INFO FileScanRDD: Reading File path: file:///edw/Reviews/SourceCode/data/AmzReviews.json, range: 2550136832-2684354560, partition values: [empty row]
20/02/15 18:20:38 INFO Executor: Finished task 16.0 in stage 0.0 (TID 16). 2264 bytes result sent to driver
20/02/15 18:20:38 INFO TaskSetManager: Starting task 20.0 in stage 0.0 (TID 20, localhost, executor driver, partition 20, PROCESS_LOCAL, 8267 bytes)
20/02/15 18:20:38 INFO Executor: Running task 20.0 in stage 0.0 (TID 20)
20/02/15 18:20:38 INFO TaskSetManager: Finished task 16.0 in stage 0.0 (TID 16) in 25006 ms on localhost (executor driver) (17/70)
20/02/15 18:20:38 INFO FileScanRDD: Reading File path: file:///edw/Reviews/SourceCode/data/AmzReviews.json, range: 2684354560-2818572288, partition values: [empty row]
20/02/15 18:20:39 INFO Executor: Finished task 17.0 in stage 0.0 (TID 17). 2307 bytes result sent to driver
20/02/15 18:20:39 INFO TaskSetManager: Starting task 21.0 in stage 0.0 (TID 21, localhost, executor driver, partition 21, PROCESS_LOCAL, 8267 bytes)
20/02/15 18:20:39 INFO Executor: Running task 21.0 in stage 0.0 (TID 21)
20/02/15 18:20:39 INFO TaskSetManager: Finished task 17.0 in stage 0.0 (TID 17) in 21806 ms on localhost (executor driver) (18/70)
20/02/15 18:20:39 INFO FileScanRDD: Reading File path: file:///edw/Reviews/SourceCode/data/AmzReviews.json, range: 2818572288-2952790016, partition values: [empty row]
20/02/15 18:20:49 INFO Executor: Finished task 18.0 in stage 0.0 (TID 18). 2350 bytes result sent to driver
20/02/15 18:20:49 INFO TaskSetManager: Starting task 22.0 in stage 0.0 (TID 22, localhost, executor driver, partition 22, PROCESS_LOCAL, 8267 bytes)
20/02/15 18:20:49 INFO Executor: Running task 22.0 in stage 0.0 (TID 22)
20/02/15 18:20:49 INFO TaskSetManager: Finished task 18.0 in stage 0.0 (TID 18) in 28598 ms on localhost (executor driver) (19/70)
20/02/15 18:20:49 INFO FileScanRDD: Reading File path: file:///edw/Reviews/SourceCode/data/AmzReviews.json, range: 2952790016-3087007744, partition values: [empty row]
20/02/15 18:20:55 INFO Executor: Finished task 19.0 in stage 0.0 (TID 19). 2264 bytes result sent to driver
20/02/15 18:20:55 INFO TaskSetManager: Starting task 23.0 in stage 0.0 (TID 23, localhost, executor driver, partition 23, PROCESS_LOCAL, 8267 bytes)
20/02/15 18:20:55 INFO TaskSetManager: Finished task 19.0 in stage 0.0 (TID 19) in 17885 ms on localhost (executor driver) (20/70)
20/02/15 18:20:55 INFO Executor: Running task 23.0 in stage 0.0 (TID 23)
20/02/15 18:20:55 INFO FileScanRDD: Reading File path: file:///edw/Reviews/SourceCode/data/AmzReviews.json, range: 3087007744-3221225472, partition values: [empty row]
20/02/15 18:21:02 INFO Executor: Finished task 20.0 in stage 0.0 (TID 20). 2307 bytes result sent to driver
20/02/15 18:21:02 INFO TaskSetManager: Starting task 24.0 in stage 0.0 (TID 24, localhost, executor driver, partition 24, PROCESS_LOCAL, 8267 bytes)
20/02/15 18:21:02 INFO TaskSetManager: Finished task 20.0 in stage 0.0 (TID 20) in 23951 ms on localhost (executor driver) (21/70)
20/02/15 18:21:02 INFO Executor: Running task 24.0 in stage 0.0 (TID 24)
20/02/15 18:21:02 INFO FileScanRDD: Reading File path: file:///edw/Reviews/SourceCode/data/AmzReviews.json, range: 3221225472-3355443200, partition values: [empty row]
20/02/15 18:21:03 INFO Executor: Finished task 22.0 in stage 0.0 (TID 22). 2264 bytes result sent to driver
20/02/15 18:21:03 INFO TaskSetManager: Starting task 25.0 in stage 0.0 (TID 25, localhost, executor driver, partition 25, PROCESS_LOCAL, 8267 bytes)
20/02/15 18:21:03 INFO TaskSetManager: Finished task 22.0 in stage 0.0 (TID 22) in 14614 ms on localhost (executor driver) (22/70)
20/02/15 18:21:03 INFO Executor: Running task 25.0 in stage 0.0 (TID 25)
20/02/15 18:21:03 INFO FileScanRDD: Reading File path: file:///edw/Reviews/SourceCode/data/AmzReviews.json, range: 3355443200-3489660928, partition values: [empty row]
20/02/15 18:21:16 INFO Executor: Finished task 23.0 in stage 0.0 (TID 23). 2264 bytes result sent to driver
20/02/15 18:21:16 INFO TaskSetManager: Starting task 26.0 in stage 0.0 (TID 26, localhost, executor driver, partition 26, PROCESS_LOCAL, 8267 bytes)
20/02/15 18:21:16 INFO TaskSetManager: Finished task 23.0 in stage 0.0 (TID 23) in 20942 ms on localhost (executor driver) (23/70)
20/02/15 18:21:16 INFO Executor: Running task 26.0 in stage 0.0 (TID 26)
20/02/15 18:21:16 INFO FileScanRDD: Reading File path: file:///edw/Reviews/SourceCode/data/AmzReviews.json, range: 3489660928-3623878656, partition values: [empty row]
20/02/15 18:21:21 INFO Executor: Finished task 24.0 in stage 0.0 (TID 24). 2307 bytes result sent to driver
20/02/15 18:21:21 INFO TaskSetManager: Starting task 27.0 in stage 0.0 (TID 27, localhost, executor driver, partition 27, PROCESS_LOCAL, 8267 bytes)
20/02/15 18:21:21 INFO TaskSetManager: Finished task 24.0 in stage 0.0 (TID 24) in 18942 ms on localhost (executor driver) (24/70)
20/02/15 18:21:21 INFO Executor: Running task 27.0 in stage 0.0 (TID 27)
20/02/15 18:21:21 INFO FileScanRDD: Reading File path: file:///edw/Reviews/SourceCode/data/AmzReviews.json, range: 3623878656-3758096384, partition values: [empty row]
20/02/15 18:21:22 INFO Executor: Finished task 25.0 in stage 0.0 (TID 25). 2307 bytes result sent to driver
20/02/15 18:21:22 INFO TaskSetManager: Starting task 28.0 in stage 0.0 (TID 28, localhost, executor driver, partition 28, PROCESS_LOCAL, 8267 bytes)
20/02/15 18:21:22 INFO TaskSetManager: Finished task 25.0 in stage 0.0 (TID 25) in 18427 ms on localhost (executor driver) (25/70)
20/02/15 18:21:22 INFO Executor: Running task 28.0 in stage 0.0 (TID 28)
20/02/15 18:21:22 INFO FileScanRDD: Reading File path: file:///edw/Reviews/SourceCode/data/AmzReviews.json, range: 3758096384-3892314112, partition values: [empty row]
20/02/15 18:21:35 INFO Executor: Finished task 26.0 in stage 0.0 (TID 26). 2264 bytes result sent to driver
20/02/15 18:21:35 INFO TaskSetManager: Starting task 29.0 in stage 0.0 (TID 29, localhost, executor driver, partition 29, PROCESS_LOCAL, 8267 bytes)
20/02/15 18:21:35 INFO TaskSetManager: Finished task 26.0 in stage 0.0 (TID 26) in 18745 ms on localhost (executor driver) (26/70)
20/02/15 18:21:35 INFO Executor: Running task 29.0 in stage 0.0 (TID 29)
20/02/15 18:21:35 INFO FileScanRDD: Reading File path: file:///edw/Reviews/SourceCode/data/AmzReviews.json, range: 3892314112-4026531840, partition values: [empty row]
20/02/15 18:21:42 INFO Executor: Finished task 21.0 in stage 0.0 (TID 21). 2307 bytes result sent to driver
20/02/15 18:21:42 INFO TaskSetManager: Starting task 30.0 in stage 0.0 (TID 30, localhost, executor driver, partition 30, PROCESS_LOCAL, 8267 bytes)
20/02/15 18:21:42 INFO TaskSetManager: Finished task 21.0 in stage 0.0 (TID 21) in 62700 ms on localhost (executor driver) (27/70)
20/02/15 18:21:42 INFO Executor: Running task 30.0 in stage 0.0 (TID 30)
20/02/15 18:21:42 INFO FileScanRDD: Reading File path: file:///edw/Reviews/SourceCode/data/AmzReviews.json, range: 4026531840-4160749568, partition values: [empty row]
20/02/15 18:21:43 INFO Executor: Finished task 27.0 in stage 0.0 (TID 27). 2264 bytes result sent to driver
20/02/15 18:21:43 INFO TaskSetManager: Starting task 31.0 in stage 0.0 (TID 31, localhost, executor driver, partition 31, PROCESS_LOCAL, 8267 bytes)
20/02/15 18:21:43 INFO Executor: Running task 31.0 in stage 0.0 (TID 31)
20/02/15 18:21:43 INFO TaskSetManager: Finished task 27.0 in stage 0.0 (TID 27) in 22113 ms on localhost (executor driver) (28/70)
20/02/15 18:21:43 INFO FileScanRDD: Reading File path: file:///edw/Reviews/SourceCode/data/AmzReviews.json, range: 4160749568-4294967296, partition values: [empty row]
20/02/15 18:21:45 INFO Executor: Finished task 28.0 in stage 0.0 (TID 28). 2264 bytes result sent to driver
20/02/15 18:21:45 INFO TaskSetManager: Starting task 32.0 in stage 0.0 (TID 32, localhost, executor driver, partition 32, PROCESS_LOCAL, 8267 bytes)
20/02/15 18:21:45 INFO TaskSetManager: Finished task 28.0 in stage 0.0 (TID 28) in 23477 ms on localhost (executor driver) (29/70)
20/02/15 18:21:45 INFO Executor: Running task 32.0 in stage 0.0 (TID 32)
20/02/15 18:21:45 INFO FileScanRDD: Reading File path: file:///edw/Reviews/SourceCode/data/AmzReviews.json, range: 4294967296-4429185024, partition values: [empty row]
20/02/15 18:22:01 INFO Executor: Finished task 29.0 in stage 0.0 (TID 29). 2307 bytes result sent to driver
20/02/15 18:22:01 INFO TaskSetManager: Starting task 33.0 in stage 0.0 (TID 33, localhost, executor driver, partition 33, PROCESS_LOCAL, 8267 bytes)
20/02/15 18:22:01 INFO TaskSetManager: Finished task 29.0 in stage 0.0 (TID 29) in 26373 ms on localhost (executor driver) (30/70)
20/02/15 18:22:01 INFO Executor: Running task 33.0 in stage 0.0 (TID 33)
20/02/15 18:22:01 INFO FileScanRDD: Reading File path: file:///edw/Reviews/SourceCode/data/AmzReviews.json, range: 4429185024-4563402752, partition values: [empty row]
20/02/15 18:22:08 INFO Executor: Finished task 32.0 in stage 0.0 (TID 32). 2264 bytes result sent to driver
20/02/15 18:22:08 INFO Executor: Finished task 30.0 in stage 0.0 (TID 30). 2264 bytes result sent to driver
20/02/15 18:22:08 INFO TaskSetManager: Starting task 34.0 in stage 0.0 (TID 34, localhost, executor driver, partition 34, PROCESS_LOCAL, 8267 bytes)
20/02/15 18:22:08 INFO TaskSetManager: Starting task 35.0 in stage 0.0 (TID 35, localhost, executor driver, partition 35, PROCESS_LOCAL, 8267 bytes)
20/02/15 18:22:08 INFO TaskSetManager: Finished task 32.0 in stage 0.0 (TID 32) in 22599 ms on localhost (executor driver) (31/70)
20/02/15 18:22:08 INFO Executor: Running task 34.0 in stage 0.0 (TID 34)
20/02/15 18:22:08 INFO TaskSetManager: Finished task 30.0 in stage 0.0 (TID 30) in 26167 ms on localhost (executor driver) (32/70)
20/02/15 18:22:08 INFO Executor: Running task 35.0 in stage 0.0 (TID 35)
20/02/15 18:22:08 INFO FileScanRDD: Reading File path: file:///edw/Reviews/SourceCode/data/AmzReviews.json, range: 4697620480-4831838208, partition values: [empty row]
20/02/15 18:22:08 INFO FileScanRDD: Reading File path: file:///edw/Reviews/SourceCode/data/AmzReviews.json, range: 4563402752-4697620480, partition values: [empty row]
20/02/15 18:22:13 INFO Executor: Finished task 31.0 in stage 0.0 (TID 31). 2307 bytes result sent to driver
20/02/15 18:22:13 INFO TaskSetManager: Starting task 36.0 in stage 0.0 (TID 36, localhost, executor driver, partition 36, PROCESS_LOCAL, 8267 bytes)
20/02/15 18:22:13 INFO Executor: Running task 36.0 in stage 0.0 (TID 36)
20/02/15 18:22:13 INFO TaskSetManager: Finished task 31.0 in stage 0.0 (TID 31) in 30003 ms on localhost (executor driver) (33/70)
20/02/15 18:22:13 INFO FileScanRDD: Reading File path: file:///edw/Reviews/SourceCode/data/AmzReviews.json, range: 4831838208-4966055936, partition values: [empty row]
20/02/15 18:22:24 INFO Executor: Finished task 34.0 in stage 0.0 (TID 34). 2307 bytes result sent to driver
20/02/15 18:22:24 INFO TaskSetManager: Starting task 37.0 in stage 0.0 (TID 37, localhost, executor driver, partition 37, PROCESS_LOCAL, 8267 bytes)
20/02/15 18:22:24 INFO Executor: Running task 37.0 in stage 0.0 (TID 37)
20/02/15 18:22:24 INFO TaskSetManager: Finished task 34.0 in stage 0.0 (TID 34) in 15854 ms on localhost (executor driver) (34/70)
20/02/15 18:22:24 INFO FileScanRDD: Reading File path: file:///edw/Reviews/SourceCode/data/AmzReviews.json, range: 4966055936-5100273664, partition values: [empty row]
20/02/15 18:22:27 INFO Executor: Finished task 35.0 in stage 0.0 (TID 35). 2264 bytes result sent to driver
20/02/15 18:22:27 INFO TaskSetManager: Starting task 38.0 in stage 0.0 (TID 38, localhost, executor driver, partition 38, PROCESS_LOCAL, 8267 bytes)
20/02/15 18:22:27 INFO TaskSetManager: Finished task 35.0 in stage 0.0 (TID 35) in 19462 ms on localhost (executor driver) (35/70)
20/02/15 18:22:27 INFO Executor: Running task 38.0 in stage 0.0 (TID 38)
20/02/15 18:22:27 INFO FileScanRDD: Reading File path: file:///edw/Reviews/SourceCode/data/AmzReviews.json, range: 5100273664-5234491392, partition values: [empty row]
20/02/15 18:22:29 INFO Executor: Finished task 33.0 in stage 0.0 (TID 33). 2264 bytes result sent to driver
20/02/15 18:22:29 INFO TaskSetManager: Starting task 39.0 in stage 0.0 (TID 39, localhost, executor driver, partition 39, PROCESS_LOCAL, 8267 bytes)
20/02/15 18:22:29 INFO TaskSetManager: Finished task 33.0 in stage 0.0 (TID 33) in 27808 ms on localhost (executor driver) (36/70)
20/02/15 18:22:29 INFO Executor: Running task 39.0 in stage 0.0 (TID 39)
20/02/15 18:22:29 INFO FileScanRDD: Reading File path: file:///edw/Reviews/SourceCode/data/AmzReviews.json, range: 5234491392-5368709120, partition values: [empty row]
20/02/15 18:22:35 INFO Executor: Finished task 36.0 in stage 0.0 (TID 36). 2264 bytes result sent to driver
20/02/15 18:22:35 INFO TaskSetManager: Starting task 40.0 in stage 0.0 (TID 40, localhost, executor driver, partition 40, PROCESS_LOCAL, 8267 bytes)
20/02/15 18:22:35 INFO TaskSetManager: Finished task 36.0 in stage 0.0 (TID 36) in 21697 ms on localhost (executor driver) (37/70)
20/02/15 18:22:35 INFO Executor: Running task 40.0 in stage 0.0 (TID 40)
20/02/15 18:22:35 INFO FileScanRDD: Reading File path: file:///edw/Reviews/SourceCode/data/AmzReviews.json, range: 5368709120-5502926848, partition values: [empty row]
20/02/15 18:22:41 INFO Executor: Finished task 37.0 in stage 0.0 (TID 37). 2307 bytes result sent to driver
20/02/15 18:22:41 INFO TaskSetManager: Starting task 41.0 in stage 0.0 (TID 41, localhost, executor driver, partition 41, PROCESS_LOCAL, 8267 bytes)
20/02/15 18:22:41 INFO TaskSetManager: Finished task 37.0 in stage 0.0 (TID 37) in 17566 ms on localhost (executor driver) (38/70)
20/02/15 18:22:41 INFO Executor: Running task 41.0 in stage 0.0 (TID 41)
20/02/15 18:22:41 INFO FileScanRDD: Reading File path: file:///edw/Reviews/SourceCode/data/AmzReviews.json, range: 5502926848-5637144576, partition values: [empty row]
20/02/15 18:22:47 INFO Executor: Finished task 38.0 in stage 0.0 (TID 38). 2264 bytes result sent to driver
20/02/15 18:22:47 INFO TaskSetManager: Starting task 42.0 in stage 0.0 (TID 42, localhost, executor driver, partition 42, PROCESS_LOCAL, 8267 bytes)
20/02/15 18:22:47 INFO TaskSetManager: Finished task 38.0 in stage 0.0 (TID 38) in 19641 ms on localhost (executor driver) (39/70)
20/02/15 18:22:47 INFO Executor: Running task 42.0 in stage 0.0 (TID 42)
20/02/15 18:22:47 INFO FileScanRDD: Reading File path: file:///edw/Reviews/SourceCode/data/AmzReviews.json, range: 5637144576-5771362304, partition values: [empty row]
20/02/15 18:22:57 INFO Executor: Finished task 40.0 in stage 0.0 (TID 40). 2264 bytes result sent to driver
20/02/15 18:22:57 INFO TaskSetManager: Starting task 43.0 in stage 0.0 (TID 43, localhost, executor driver, partition 43, PROCESS_LOCAL, 8267 bytes)
20/02/15 18:22:57 INFO TaskSetManager: Finished task 40.0 in stage 0.0 (TID 40) in 21839 ms on localhost (executor driver) (40/70)
20/02/15 18:22:57 INFO Executor: Running task 43.0 in stage 0.0 (TID 43)
20/02/15 18:22:57 INFO FileScanRDD: Reading File path: file:///edw/Reviews/SourceCode/data/AmzReviews.json, range: 5771362304-5905580032, partition values: [empty row]
20/02/15 18:23:03 INFO Executor: Finished task 41.0 in stage 0.0 (TID 41). 2307 bytes result sent to driver
20/02/15 18:23:03 INFO TaskSetManager: Starting task 44.0 in stage 0.0 (TID 44, localhost, executor driver, partition 44, PROCESS_LOCAL, 8267 bytes)
20/02/15 18:23:03 INFO TaskSetManager: Finished task 41.0 in stage 0.0 (TID 41) in 21514 ms on localhost (executor driver) (41/70)
20/02/15 18:23:03 INFO Executor: Running task 44.0 in stage 0.0 (TID 44)
20/02/15 18:23:03 INFO FileScanRDD: Reading File path: file:///edw/Reviews/SourceCode/data/AmzReviews.json, range: 5905580032-6039797760, partition values: [empty row]
20/02/15 18:23:05 INFO Executor: Finished task 39.0 in stage 0.0 (TID 39). 2264 bytes result sent to driver
20/02/15 18:23:05 INFO TaskSetManager: Starting task 45.0 in stage 0.0 (TID 45, localhost, executor driver, partition 45, PROCESS_LOCAL, 8267 bytes)
20/02/15 18:23:05 INFO TaskSetManager: Finished task 39.0 in stage 0.0 (TID 39) in 36038 ms on localhost (executor driver) (42/70)
20/02/15 18:23:05 INFO Executor: Running task 45.0 in stage 0.0 (TID 45)
20/02/15 18:23:05 INFO FileScanRDD: Reading File path: file:///edw/Reviews/SourceCode/data/AmzReviews.json, range: 6039797760-6174015488, partition values: [empty row]
20/02/15 18:23:07 INFO Executor: Finished task 42.0 in stage 0.0 (TID 42). 2264 bytes result sent to driver
20/02/15 18:23:07 INFO TaskSetManager: Starting task 46.0 in stage 0.0 (TID 46, localhost, executor driver, partition 46, PROCESS_LOCAL, 8267 bytes)
20/02/15 18:23:07 INFO Executor: Running task 46.0 in stage 0.0 (TID 46)
20/02/15 18:23:07 INFO TaskSetManager: Finished task 42.0 in stage 0.0 (TID 42) in 19631 ms on localhost (executor driver) (43/70)
20/02/15 18:23:07 INFO FileScanRDD: Reading File path: file:///edw/Reviews/SourceCode/data/AmzReviews.json, range: 6174015488-6308233216, partition values: [empty row]
20/02/15 18:23:10 INFO Executor: Finished task 43.0 in stage 0.0 (TID 43). 2264 bytes result sent to driver
20/02/15 18:23:10 INFO TaskSetManager: Starting task 47.0 in stage 0.0 (TID 47, localhost, executor driver, partition 47, PROCESS_LOCAL, 8267 bytes)
20/02/15 18:23:10 INFO Executor: Running task 47.0 in stage 0.0 (TID 47)
20/02/15 18:23:10 INFO TaskSetManager: Finished task 43.0 in stage 0.0 (TID 43) in 13518 ms on localhost (executor driver) (44/70)
20/02/15 18:23:10 INFO FileScanRDD: Reading File path: file:///edw/Reviews/SourceCode/data/AmzReviews.json, range: 6308233216-6442450944, partition values: [empty row]
20/02/15 18:23:18 INFO Executor: Finished task 44.0 in stage 0.0 (TID 44). 2307 bytes result sent to driver
20/02/15 18:23:18 INFO TaskSetManager: Starting task 48.0 in stage 0.0 (TID 48, localhost, executor driver, partition 48, PROCESS_LOCAL, 8267 bytes)
20/02/15 18:23:18 INFO Executor: Running task 48.0 in stage 0.0 (TID 48)
20/02/15 18:23:18 INFO TaskSetManager: Finished task 44.0 in stage 0.0 (TID 44) in 15410 ms on localhost (executor driver) (45/70)
20/02/15 18:23:18 INFO FileScanRDD: Reading File path: file:///edw/Reviews/SourceCode/data/AmzReviews.json, range: 6442450944-6576668672, partition values: [empty row]
20/02/15 18:23:24 INFO Executor: Finished task 45.0 in stage 0.0 (TID 45). 2264 bytes result sent to driver
20/02/15 18:23:24 INFO TaskSetManager: Starting task 49.0 in stage 0.0 (TID 49, localhost, executor driver, partition 49, PROCESS_LOCAL, 8267 bytes)
20/02/15 18:23:24 INFO Executor: Running task 49.0 in stage 0.0 (TID 49)
20/02/15 18:23:24 INFO TaskSetManager: Finished task 45.0 in stage 0.0 (TID 45) in 19359 ms on localhost (executor driver) (46/70)
20/02/15 18:23:24 INFO FileScanRDD: Reading File path: file:///edw/Reviews/SourceCode/data/AmzReviews.json, range: 6576668672-6710886400, partition values: [empty row]
20/02/15 18:23:33 INFO Executor: Finished task 46.0 in stage 0.0 (TID 46). 2307 bytes result sent to driver
20/02/15 18:23:33 INFO TaskSetManager: Starting task 50.0 in stage 0.0 (TID 50, localhost, executor driver, partition 50, PROCESS_LOCAL, 8267 bytes)
20/02/15 18:23:33 INFO Executor: Running task 50.0 in stage 0.0 (TID 50)
20/02/15 18:23:33 INFO TaskSetManager: Finished task 46.0 in stage 0.0 (TID 46) in 26181 ms on localhost (executor driver) (47/70)
20/02/15 18:23:33 INFO FileScanRDD: Reading File path: file:///edw/Reviews/SourceCode/data/AmzReviews.json, range: 6710886400-6845104128, partition values: [empty row]
20/02/15 18:23:36 INFO Executor: Finished task 48.0 in stage 0.0 (TID 48). 2264 bytes result sent to driver
20/02/15 18:23:36 INFO TaskSetManager: Starting task 51.0 in stage 0.0 (TID 51, localhost, executor driver, partition 51, PROCESS_LOCAL, 8267 bytes)
20/02/15 18:23:36 INFO Executor: Running task 51.0 in stage 0.0 (TID 51)
20/02/15 18:23:36 INFO TaskSetManager: Finished task 48.0 in stage 0.0 (TID 48) in 17484 ms on localhost (executor driver) (48/70)
20/02/15 18:23:36 INFO FileScanRDD: Reading File path: file:///edw/Reviews/SourceCode/data/AmzReviews.json, range: 6845104128-6979321856, partition values: [empty row]
20/02/15 18:23:38 INFO Executor: Finished task 47.0 in stage 0.0 (TID 47). 2264 bytes result sent to driver
20/02/15 18:23:38 INFO TaskSetManager: Starting task 52.0 in stage 0.0 (TID 52, localhost, executor driver, partition 52, PROCESS_LOCAL, 8267 bytes)
20/02/15 18:23:38 INFO TaskSetManager: Finished task 47.0 in stage 0.0 (TID 47) in 27963 ms on localhost (executor driver) (49/70)
20/02/15 18:23:38 INFO Executor: Running task 52.0 in stage 0.0 (TID 52)
20/02/15 18:23:38 INFO FileScanRDD: Reading File path: file:///edw/Reviews/SourceCode/data/AmzReviews.json, range: 6979321856-7113539584, partition values: [empty row]
20/02/15 18:23:45 INFO Executor: Finished task 49.0 in stage 0.0 (TID 49). 2264 bytes result sent to driver
20/02/15 18:23:45 INFO TaskSetManager: Starting task 53.0 in stage 0.0 (TID 53, localhost, executor driver, partition 53, PROCESS_LOCAL, 8267 bytes)
20/02/15 18:23:45 INFO Executor: Running task 53.0 in stage 0.0 (TID 53)
20/02/15 18:23:45 INFO TaskSetManager: Finished task 49.0 in stage 0.0 (TID 49) in 20638 ms on localhost (executor driver) (50/70)
20/02/15 18:23:45 INFO FileScanRDD: Reading File path: file:///edw/Reviews/SourceCode/data/AmzReviews.json, range: 7113539584-7247757312, partition values: [empty row]
20/02/15 18:23:53 INFO Executor: Finished task 51.0 in stage 0.0 (TID 51). 2264 bytes result sent to driver
20/02/15 18:23:53 INFO TaskSetManager: Starting task 54.0 in stage 0.0 (TID 54, localhost, executor driver, partition 54, PROCESS_LOCAL, 8267 bytes)
20/02/15 18:23:53 INFO Executor: Running task 54.0 in stage 0.0 (TID 54)
20/02/15 18:23:53 INFO TaskSetManager: Finished task 51.0 in stage 0.0 (TID 51) in 17283 ms on localhost (executor driver) (51/70)
20/02/15 18:23:53 INFO FileScanRDD: Reading File path: file:///edw/Reviews/SourceCode/data/AmzReviews.json, range: 7247757312-7381975040, partition values: [empty row]
20/02/15 18:23:59 INFO Executor: Finished task 52.0 in stage 0.0 (TID 52). 2307 bytes result sent to driver
20/02/15 18:23:59 INFO TaskSetManager: Starting task 55.0 in stage 0.0 (TID 55, localhost, executor driver, partition 55, PROCESS_LOCAL, 8267 bytes)
20/02/15 18:23:59 INFO TaskSetManager: Finished task 52.0 in stage 0.0 (TID 52) in 20438 ms on localhost (executor driver) (52/70)
20/02/15 18:23:59 INFO Executor: Running task 55.0 in stage 0.0 (TID 55)
20/02/15 18:23:59 INFO FileScanRDD: Reading File path: file:///edw/Reviews/SourceCode/data/AmzReviews.json, range: 7381975040-7516192768, partition values: [empty row]
20/02/15 18:24:01 INFO Executor: Finished task 50.0 in stage 0.0 (TID 50). 2350 bytes result sent to driver
20/02/15 18:24:01 INFO TaskSetManager: Starting task 56.0 in stage 0.0 (TID 56, localhost, executor driver, partition 56, PROCESS_LOCAL, 8267 bytes)
20/02/15 18:24:01 INFO Executor: Running task 56.0 in stage 0.0 (TID 56)
20/02/15 18:24:01 INFO TaskSetManager: Finished task 50.0 in stage 0.0 (TID 50) in 28148 ms on localhost (executor driver) (53/70)
20/02/15 18:24:01 INFO FileScanRDD: Reading File path: file:///edw/Reviews/SourceCode/data/AmzReviews.json, range: 7516192768-7650410496, partition values: [empty row]
20/02/15 18:24:04 INFO Executor: Finished task 53.0 in stage 0.0 (TID 53). 2264 bytes result sent to driver
20/02/15 18:24:04 INFO TaskSetManager: Starting task 57.0 in stage 0.0 (TID 57, localhost, executor driver, partition 57, PROCESS_LOCAL, 8267 bytes)
20/02/15 18:24:04 INFO Executor: Running task 57.0 in stage 0.0 (TID 57)
20/02/15 18:24:04 INFO TaskSetManager: Finished task 53.0 in stage 0.0 (TID 53) in 19056 ms on localhost (executor driver) (54/70)
20/02/15 18:24:04 INFO FileScanRDD: Reading File path: file:///edw/Reviews/SourceCode/data/AmzReviews.json, range: 7650410496-7784628224, partition values: [empty row]
20/02/15 18:24:07 INFO Executor: Finished task 54.0 in stage 0.0 (TID 54). 2264 bytes result sent to driver
20/02/15 18:24:07 INFO TaskSetManager: Starting task 58.0 in stage 0.0 (TID 58, localhost, executor driver, partition 58, PROCESS_LOCAL, 8267 bytes)
20/02/15 18:24:07 INFO Executor: Running task 58.0 in stage 0.0 (TID 58)
20/02/15 18:24:07 INFO TaskSetManager: Finished task 54.0 in stage 0.0 (TID 54) in 14176 ms on localhost (executor driver) (55/70)
20/02/15 18:24:07 INFO FileScanRDD: Reading File path: file:///edw/Reviews/SourceCode/data/AmzReviews.json, range: 7784628224-7918845952, partition values: [empty row]
20/02/15 18:24:21 INFO Executor: Finished task 55.0 in stage 0.0 (TID 55). 2307 bytes result sent to driver
20/02/15 18:24:21 INFO TaskSetManager: Starting task 59.0 in stage 0.0 (TID 59, localhost, executor driver, partition 59, PROCESS_LOCAL, 8267 bytes)
20/02/15 18:24:21 INFO TaskSetManager: Finished task 55.0 in stage 0.0 (TID 55) in 22664 ms on localhost (executor driver) (56/70)
20/02/15 18:24:21 INFO Executor: Running task 59.0 in stage 0.0 (TID 59)
20/02/15 18:24:21 INFO FileScanRDD: Reading File path: file:///edw/Reviews/SourceCode/data/AmzReviews.json, range: 7918845952-8053063680, partition values: [empty row]
20/02/15 18:24:22 INFO Executor: Finished task 56.0 in stage 0.0 (TID 56). 2307 bytes result sent to driver
20/02/15 18:24:22 INFO TaskSetManager: Starting task 60.0 in stage 0.0 (TID 60, localhost, executor driver, partition 60, PROCESS_LOCAL, 8267 bytes)
20/02/15 18:24:22 INFO TaskSetManager: Finished task 56.0 in stage 0.0 (TID 56) in 20792 ms on localhost (executor driver) (57/70)
20/02/15 18:24:22 INFO Executor: Running task 60.0 in stage 0.0 (TID 60)
20/02/15 18:24:22 INFO FileScanRDD: Reading File path: file:///edw/Reviews/SourceCode/data/AmzReviews.json, range: 8053063680-8187281408, partition values: [empty row]
20/02/15 18:24:29 INFO Executor: Finished task 57.0 in stage 0.0 (TID 57). 2307 bytes result sent to driver
20/02/15 18:24:29 INFO TaskSetManager: Starting task 61.0 in stage 0.0 (TID 61, localhost, executor driver, partition 61, PROCESS_LOCAL, 8267 bytes)
20/02/15 18:24:29 INFO TaskSetManager: Finished task 57.0 in stage 0.0 (TID 57) in 25418 ms on localhost (executor driver) (58/70)
20/02/15 18:24:29 INFO Executor: Running task 61.0 in stage 0.0 (TID 61)
20/02/15 18:24:29 INFO FileScanRDD: Reading File path: file:///edw/Reviews/SourceCode/data/AmzReviews.json, range: 8187281408-8321499136, partition values: [empty row]
20/02/15 18:24:31 INFO Executor: Finished task 58.0 in stage 0.0 (TID 58). 2264 bytes result sent to driver
20/02/15 18:24:31 INFO TaskSetManager: Starting task 62.0 in stage 0.0 (TID 62, localhost, executor driver, partition 62, PROCESS_LOCAL, 8267 bytes)
20/02/15 18:24:31 INFO Executor: Running task 62.0 in stage 0.0 (TID 62)
20/02/15 18:24:31 INFO TaskSetManager: Finished task 58.0 in stage 0.0 (TID 58) in 23638 ms on localhost (executor driver) (59/70)
20/02/15 18:24:31 INFO FileScanRDD: Reading File path: file:///edw/Reviews/SourceCode/data/AmzReviews.json, range: 8321499136-8455716864, partition values: [empty row]
20/02/15 18:24:40 INFO Executor: Finished task 60.0 in stage 0.0 (TID 60). 2264 bytes result sent to driver
20/02/15 18:24:40 INFO TaskSetManager: Starting task 63.0 in stage 0.0 (TID 63, localhost, executor driver, partition 63, PROCESS_LOCAL, 8267 bytes)
20/02/15 18:24:40 INFO TaskSetManager: Finished task 60.0 in stage 0.0 (TID 60) in 18007 ms on localhost (executor driver) (60/70)
20/02/15 18:24:40 INFO Executor: Running task 63.0 in stage 0.0 (TID 63)
20/02/15 18:24:40 INFO FileScanRDD: Reading File path: file:///edw/Reviews/SourceCode/data/AmzReviews.json, range: 8455716864-8589934592, partition values: [empty row]
20/02/15 18:24:49 INFO Executor: Finished task 61.0 in stage 0.0 (TID 61). 2307 bytes result sent to driver
20/02/15 18:24:49 INFO TaskSetManager: Starting task 64.0 in stage 0.0 (TID 64, localhost, executor driver, partition 64, PROCESS_LOCAL, 8267 bytes)
20/02/15 18:24:49 INFO Executor: Running task 64.0 in stage 0.0 (TID 64)
20/02/15 18:24:49 INFO TaskSetManager: Finished task 61.0 in stage 0.0 (TID 61) in 19671 ms on localhost (executor driver) (61/70)
20/02/15 18:24:49 INFO FileScanRDD: Reading File path: file:///edw/Reviews/SourceCode/data/AmzReviews.json, range: 8589934592-8724152320, partition values: [empty row]
20/02/15 18:24:52 INFO Executor: Finished task 59.0 in stage 0.0 (TID 59). 2264 bytes result sent to driver
20/02/15 18:24:52 INFO TaskSetManager: Starting task 65.0 in stage 0.0 (TID 65, localhost, executor driver, partition 65, PROCESS_LOCAL, 8267 bytes)
20/02/15 18:24:52 INFO Executor: Running task 65.0 in stage 0.0 (TID 65)
20/02/15 18:24:52 INFO FileScanRDD: Reading File path: file:///edw/Reviews/SourceCode/data/AmzReviews.json, range: 8724152320-8858370048, partition values: [empty row]
20/02/15 18:24:52 INFO TaskSetManager: Finished task 59.0 in stage 0.0 (TID 59) in 30314 ms on localhost (executor driver) (62/70)
20/02/15 18:24:54 INFO Executor: Finished task 62.0 in stage 0.0 (TID 62). 2264 bytes result sent to driver
20/02/15 18:24:54 INFO TaskSetManager: Starting task 66.0 in stage 0.0 (TID 66, localhost, executor driver, partition 66, PROCESS_LOCAL, 8267 bytes)
20/02/15 18:24:54 INFO TaskSetManager: Finished task 62.0 in stage 0.0 (TID 62) in 23541 ms on localhost (executor driver) (63/70)
20/02/15 18:24:54 INFO Executor: Running task 66.0 in stage 0.0 (TID 66)
20/02/15 18:24:54 INFO FileScanRDD: Reading File path: file:///edw/Reviews/SourceCode/data/AmzReviews.json, range: 8858370048-8992587776, partition values: [empty row]
20/02/15 18:25:07 INFO Executor: Finished task 63.0 in stage 0.0 (TID 63). 2307 bytes result sent to driver
20/02/15 18:25:07 INFO TaskSetManager: Starting task 67.0 in stage 0.0 (TID 67, localhost, executor driver, partition 67, PROCESS_LOCAL, 8267 bytes)
20/02/15 18:25:07 INFO Executor: Running task 67.0 in stage 0.0 (TID 67)
20/02/15 18:25:07 INFO TaskSetManager: Finished task 63.0 in stage 0.0 (TID 63) in 27356 ms on localhost (executor driver) (64/70)
20/02/15 18:25:07 INFO FileScanRDD: Reading File path: file:///edw/Reviews/SourceCode/data/AmzReviews.json, range: 8992587776-9126805504, partition values: [empty row]
20/02/15 18:25:07 INFO Executor: Finished task 65.0 in stage 0.0 (TID 65). 2307 bytes result sent to driver
20/02/15 18:25:07 INFO TaskSetManager: Starting task 68.0 in stage 0.0 (TID 68, localhost, executor driver, partition 68, PROCESS_LOCAL, 8267 bytes)
20/02/15 18:25:07 INFO Executor: Running task 68.0 in stage 0.0 (TID 68)
20/02/15 18:25:07 INFO TaskSetManager: Finished task 65.0 in stage 0.0 (TID 65) in 15860 ms on localhost (executor driver) (65/70)
20/02/15 18:25:07 INFO FileScanRDD: Reading File path: file:///edw/Reviews/SourceCode/data/AmzReviews.json, range: 9126805504-9261023232, partition values: [empty row]
20/02/15 18:25:16 INFO Executor: Finished task 66.0 in stage 0.0 (TID 66). 2307 bytes result sent to driver
20/02/15 18:25:16 INFO TaskSetManager: Starting task 69.0 in stage 0.0 (TID 69, localhost, executor driver, partition 69, PROCESS_LOCAL, 8267 bytes)
20/02/15 18:25:16 INFO TaskSetManager: Finished task 66.0 in stage 0.0 (TID 66) in 22160 ms on localhost (executor driver) (66/70)
20/02/15 18:25:16 INFO Executor: Running task 69.0 in stage 0.0 (TID 69)
20/02/15 18:25:16 INFO FileScanRDD: Reading File path: file:///edw/Reviews/SourceCode/data/AmzReviews.json, range: 9261023232-9362045638, partition values: [empty row]
20/02/15 18:25:24 INFO Executor: Finished task 67.0 in stage 0.0 (TID 67). 2307 bytes result sent to driver
20/02/15 18:25:24 INFO TaskSetManager: Finished task 67.0 in stage 0.0 (TID 67) in 16760 ms on localhost (executor driver) (67/70)
20/02/15 18:25:26 INFO Executor: Finished task 68.0 in stage 0.0 (TID 68). 2307 bytes result sent to driver
20/02/15 18:25:26 INFO TaskSetManager: Finished task 68.0 in stage 0.0 (TID 68) in 18116 ms on localhost (executor driver) (68/70)
20/02/15 18:25:27 INFO Executor: Finished task 64.0 in stage 0.0 (TID 64). 2264 bytes result sent to driver
20/02/15 18:25:27 INFO TaskSetManager: Finished task 64.0 in stage 0.0 (TID 64) in 37715 ms on localhost (executor driver) (69/70)
20/02/15 18:25:27 INFO Executor: Finished task 69.0 in stage 0.0 (TID 69). 2264 bytes result sent to driver
20/02/15 18:25:27 INFO TaskSetManager: Finished task 69.0 in stage 0.0 (TID 69) in 11086 ms on localhost (executor driver) (70/70)
20/02/15 18:25:28 INFO DAGScheduler: ResultStage 0 (json at NativeMethodAccessorImpl.java:0) finished in 409.175 s
20/02/15 18:25:28 INFO TaskSchedulerImpl: Removed TaskSet 0.0, whose tasks have all completed, from pool 
20/02/15 18:25:28 INFO DAGScheduler: Job 0 finished: json at NativeMethodAccessorImpl.java:0, took 409.421512 s
20/02/15 18:48:29 INFO ContextCleaner: Cleaned accumulator 1
20/02/15 18:48:29 INFO ContextCleaner: Cleaned accumulator 18
20/02/15 18:48:29 INFO ContextCleaner: Cleaned accumulator 8
20/02/15 18:48:29 INFO ContextCleaner: Cleaned accumulator 5
20/02/15 18:48:29 INFO ContextCleaner: Cleaned accumulator 20
20/02/15 18:48:29 INFO ContextCleaner: Cleaned accumulator 22
20/02/15 18:48:29 INFO ContextCleaner: Cleaned accumulator 9
20/02/15 18:48:29 INFO ContextCleaner: Cleaned accumulator 19
20/02/15 18:48:29 INFO ContextCleaner: Cleaned accumulator 29
20/02/15 18:48:29 INFO ContextCleaner: Cleaned accumulator 27
20/02/15 18:48:29 INFO ContextCleaner: Cleaned accumulator 23
20/02/15 18:48:29 INFO ContextCleaner: Cleaned accumulator 10
20/02/15 18:48:29 INFO ContextCleaner: Cleaned accumulator 13
20/02/15 18:48:29 INFO ContextCleaner: Cleaned accumulator 2
20/02/15 18:48:29 INFO BlockManagerInfo: Removed broadcast_0_piece0 on 192.168.1.25:11105 in memory (size: 23.3 KB, free: 366.3 MB)
20/02/15 18:48:29 INFO ContextCleaner: Cleaned accumulator 28
20/02/15 18:48:29 INFO ContextCleaner: Cleaned accumulator 6
20/02/15 18:48:29 INFO ContextCleaner: Cleaned accumulator 3
20/02/15 18:48:29 INFO ContextCleaner: Cleaned accumulator 21
20/02/15 18:48:29 INFO ContextCleaner: Cleaned accumulator 12
20/02/15 18:48:29 INFO ContextCleaner: Cleaned accumulator 30
20/02/15 18:48:29 INFO ContextCleaner: Cleaned accumulator 17
20/02/15 18:48:29 INFO ContextCleaner: Cleaned accumulator 4
20/02/15 18:48:29 INFO BlockManagerInfo: Removed broadcast_1_piece0 on 192.168.1.25:11105 in memory (size: 6.7 KB, free: 366.3 MB)
20/02/15 18:48:29 INFO ContextCleaner: Cleaned accumulator 11
20/02/15 18:48:29 INFO ContextCleaner: Cleaned accumulator 26
20/02/15 18:48:29 INFO ContextCleaner: Cleaned accumulator 7
20/02/15 18:48:29 INFO ContextCleaner: Cleaned accumulator 14
20/02/15 18:48:29 INFO ContextCleaner: Cleaned accumulator 25
20/02/15 18:48:29 INFO ContextCleaner: Cleaned accumulator 16
20/02/15 18:48:29 INFO ContextCleaner: Cleaned accumulator 24
20/02/15 18:48:29 INFO ContextCleaner: Cleaned accumulator 15
