###################################################################################################################################
###################################################################################################################################
Load to stage in progress
###################################################################################################################################
###################################################################################################################################
20/02/14 10:30:47 WARN Utils: Your hostname, DESKTOP-502C4I4 resolves to a loopback address: 127.0.1.1; using 192.168.1.25 instead (on interface wifi0)
20/02/14 10:30:47 WARN Utils: Set SPARK_LOCAL_IP if you need to bind to another address
20/02/14 10:30:48 WARN NativeCodeLoader: Unable to load native-hadoop library for your platform... using builtin-java classes where applicable
Using Spark's default log4j profile: org/apache/spark/log4j-defaults.properties
20/02/14 10:30:49 INFO SparkContext: Running Spark version 2.4.5
20/02/14 10:30:49 INFO SparkContext: Submitted application: MySession
20/02/14 10:30:49 INFO SecurityManager: Changing view acls to: devetluser
20/02/14 10:30:49 INFO SecurityManager: Changing modify acls to: devetluser
20/02/14 10:30:49 INFO SecurityManager: Changing view acls groups to: 
20/02/14 10:30:49 INFO SecurityManager: Changing modify acls groups to: 
20/02/14 10:30:49 INFO SecurityManager: SecurityManager: authentication disabled; ui acls disabled; users  with view permissions: Set(devetluser); groups with view permissions: Set(); users  with modify permissions: Set(devetluser); groups with modify permissions: Set()
20/02/14 10:30:50 INFO Utils: Successfully started service 'sparkDriver' on port 2073.
20/02/14 10:30:50 INFO SparkEnv: Registering MapOutputTracker
20/02/14 10:30:50 INFO SparkEnv: Registering BlockManagerMaster
20/02/14 10:30:50 INFO BlockManagerMasterEndpoint: Using org.apache.spark.storage.DefaultTopologyMapper for getting topology information
20/02/14 10:30:50 INFO BlockManagerMasterEndpoint: BlockManagerMasterEndpoint up
20/02/14 10:30:50 INFO DiskBlockManager: Created local directory at /tmp/blockmgr-2c6e26fd-349a-40aa-8ff9-e009808b7466
20/02/14 10:30:50 INFO MemoryStore: MemoryStore started with capacity 366.3 MB
20/02/14 10:30:50 INFO SparkEnv: Registering OutputCommitCoordinator
20/02/14 10:30:50 INFO Utils: Successfully started service 'SparkUI' on port 4040.
20/02/14 10:30:50 INFO SparkUI: Bound SparkUI to 0.0.0.0, and started at http://192.168.1.25:4040
20/02/14 10:30:51 INFO Executor: Starting executor ID driver on host localhost
20/02/14 10:30:51 INFO Utils: Successfully started service 'org.apache.spark.network.netty.NettyBlockTransferService' on port 2075.
20/02/14 10:30:51 INFO NettyBlockTransferService: Server created on 192.168.1.25:2075
20/02/14 10:30:51 INFO BlockManager: Using org.apache.spark.storage.RandomBlockReplicationPolicy for block replication policy
20/02/14 10:30:51 INFO BlockManagerMaster: Registering BlockManager BlockManagerId(driver, 192.168.1.25, 2075, None)
20/02/14 10:30:51 INFO BlockManagerMasterEndpoint: Registering block manager 192.168.1.25:2075 with 366.3 MB RAM, BlockManagerId(driver, 192.168.1.25, 2075, None)
20/02/14 10:30:51 INFO BlockManagerMaster: Registered BlockManager BlockManagerId(driver, 192.168.1.25, 2075, None)
20/02/14 10:30:51 INFO BlockManager: Initialized BlockManager: BlockManagerId(driver, 192.168.1.25, 2075, None)
20/02/14 10:30:51 INFO SharedState: Setting hive.metastore.warehouse.dir ('null') to the value of spark.sql.warehouse.dir ('file:/edw/Reviews/SourceCode/bash/spark-warehouse').
20/02/14 10:30:51 INFO SharedState: Warehouse path is 'file:/edw/Reviews/SourceCode/bash/spark-warehouse'.
20/02/14 10:30:52 INFO StateStoreCoordinatorRef: Registered StateStoreCoordinator endpoint
20/02/14 10:30:53 INFO InMemoryFileIndex: It took 58 ms to list leaf files for 1 paths.
20/02/14 10:30:53 INFO InMemoryFileIndex: It took 2 ms to list leaf files for 1 paths.
20/02/14 10:30:57 INFO FileSourceStrategy: Pruning directories with: 
20/02/14 10:30:57 INFO FileSourceStrategy: Post-Scan Filters: 
20/02/14 10:30:57 INFO FileSourceStrategy: Output Data Schema: struct<value: string>
20/02/14 10:30:57 INFO FileSourceScanExec: Pushed Filters: 
20/02/14 10:30:58 INFO CodeGenerator: Code generated in 427.769 ms
20/02/14 10:30:58 INFO MemoryStore: Block broadcast_0 stored as values in memory (estimated size 282.7 KB, free 366.0 MB)
20/02/14 10:30:58 INFO MemoryStore: Block broadcast_0_piece0 stored as bytes in memory (estimated size 23.3 KB, free 366.0 MB)
20/02/14 10:30:58 INFO BlockManagerInfo: Added broadcast_0_piece0 in memory on 192.168.1.25:2075 (size: 23.3 KB, free: 366.3 MB)
20/02/14 10:30:58 INFO SparkContext: Created broadcast 0 from json at NativeMethodAccessorImpl.java:0
20/02/14 10:30:58 INFO FileSourceScanExec: Planning scan with bin packing, max size: 134217728 bytes, open cost is considered as scanning 4194304 bytes.
20/02/14 10:30:58 INFO SparkContext: Starting job: json at NativeMethodAccessorImpl.java:0
20/02/14 10:30:58 INFO DAGScheduler: Got job 0 (json at NativeMethodAccessorImpl.java:0) with 8 output partitions
20/02/14 10:30:58 INFO DAGScheduler: Final stage: ResultStage 0 (json at NativeMethodAccessorImpl.java:0)
20/02/14 10:30:58 INFO DAGScheduler: Parents of final stage: List()
20/02/14 10:30:58 INFO DAGScheduler: Missing parents: List()
20/02/14 10:30:58 INFO DAGScheduler: Submitting ResultStage 0 (MapPartitionsRDD[3] at json at NativeMethodAccessorImpl.java:0), which has no missing parents
20/02/14 10:30:59 INFO MemoryStore: Block broadcast_1 stored as values in memory (estimated size 11.6 KB, free 366.0 MB)
20/02/14 10:30:59 INFO MemoryStore: Block broadcast_1_piece0 stored as bytes in memory (estimated size 6.7 KB, free 366.0 MB)
20/02/14 10:30:59 INFO BlockManagerInfo: Added broadcast_1_piece0 in memory on 192.168.1.25:2075 (size: 6.7 KB, free: 366.3 MB)
20/02/14 10:30:59 INFO SparkContext: Created broadcast 1 from broadcast at DAGScheduler.scala:1163
20/02/14 10:30:59 INFO DAGScheduler: Submitting 8 missing tasks from ResultStage 0 (MapPartitionsRDD[3] at json at NativeMethodAccessorImpl.java:0) (first 15 tasks are for partitions Vector(0, 1, 2, 3, 4, 5, 6, 7))
20/02/14 10:30:59 INFO TaskSchedulerImpl: Adding task set 0.0 with 8 tasks
20/02/14 10:30:59 INFO TaskSetManager: Starting task 0.0 in stage 0.0 (TID 0, localhost, executor driver, partition 0, PROCESS_LOCAL, 8267 bytes)
20/02/14 10:30:59 INFO TaskSetManager: Starting task 1.0 in stage 0.0 (TID 1, localhost, executor driver, partition 1, PROCESS_LOCAL, 8267 bytes)
20/02/14 10:30:59 INFO TaskSetManager: Starting task 2.0 in stage 0.0 (TID 2, localhost, executor driver, partition 2, PROCESS_LOCAL, 8267 bytes)
20/02/14 10:30:59 INFO TaskSetManager: Starting task 3.0 in stage 0.0 (TID 3, localhost, executor driver, partition 3, PROCESS_LOCAL, 8267 bytes)
20/02/14 10:30:59 INFO Executor: Running task 3.0 in stage 0.0 (TID 3)
20/02/14 10:30:59 INFO Executor: Running task 0.0 in stage 0.0 (TID 0)
20/02/14 10:30:59 INFO Executor: Running task 1.0 in stage 0.0 (TID 1)
20/02/14 10:30:59 INFO Executor: Running task 2.0 in stage 0.0 (TID 2)
20/02/14 10:30:59 INFO FileScanRDD: Reading File path: file:///edw/Reviews/SourceCode/data/AmzReviews.json, range: 268435456-402653184, partition values: [empty row]
20/02/14 10:30:59 INFO FileScanRDD: Reading File path: file:///edw/Reviews/SourceCode/data/AmzReviews.json, range: 402653184-536870912, partition values: [empty row]
20/02/14 10:30:59 INFO FileScanRDD: Reading File path: file:///edw/Reviews/SourceCode/data/AmzReviews.json, range: 134217728-268435456, partition values: [empty row]
20/02/14 10:30:59 INFO FileScanRDD: Reading File path: file:///edw/Reviews/SourceCode/data/AmzReviews.json, range: 0-134217728, partition values: [empty row]
20/02/14 10:30:59 INFO CodeGenerator: Code generated in 19.7156 ms
20/02/14 10:31:01 INFO Executor: Finished task 0.0 in stage 0.0 (TID 0). 2307 bytes result sent to driver
20/02/14 10:31:01 INFO Executor: Finished task 2.0 in stage 0.0 (TID 2). 2264 bytes result sent to driver
20/02/14 10:31:01 INFO Executor: Finished task 3.0 in stage 0.0 (TID 3). 2350 bytes result sent to driver
20/02/14 10:31:01 INFO Executor: Finished task 1.0 in stage 0.0 (TID 1). 2307 bytes result sent to driver
20/02/14 10:31:01 INFO TaskSetManager: Starting task 4.0 in stage 0.0 (TID 4, localhost, executor driver, partition 4, PROCESS_LOCAL, 8267 bytes)
20/02/14 10:31:01 INFO Executor: Running task 4.0 in stage 0.0 (TID 4)
20/02/14 10:31:01 INFO TaskSetManager: Starting task 5.0 in stage 0.0 (TID 5, localhost, executor driver, partition 5, PROCESS_LOCAL, 8267 bytes)
20/02/14 10:31:01 INFO FileScanRDD: Reading File path: file:///edw/Reviews/SourceCode/data/AmzReviews.json, range: 536870912-671088640, partition values: [empty row]
20/02/14 10:31:01 INFO Executor: Running task 5.0 in stage 0.0 (TID 5)
20/02/14 10:31:01 INFO TaskSetManager: Starting task 6.0 in stage 0.0 (TID 6, localhost, executor driver, partition 6, PROCESS_LOCAL, 8267 bytes)
20/02/14 10:31:01 INFO FileScanRDD: Reading File path: file:///edw/Reviews/SourceCode/data/AmzReviews.json, range: 671088640-805306368, partition values: [empty row]
20/02/14 10:31:01 INFO Executor: Running task 6.0 in stage 0.0 (TID 6)
20/02/14 10:31:01 INFO TaskSetManager: Starting task 7.0 in stage 0.0 (TID 7, localhost, executor driver, partition 7, PROCESS_LOCAL, 8267 bytes)
20/02/14 10:31:01 INFO Executor: Running task 7.0 in stage 0.0 (TID 7)
20/02/14 10:31:01 INFO FileScanRDD: Reading File path: file:///edw/Reviews/SourceCode/data/AmzReviews.json, range: 939524096-959798973, partition values: [empty row]
20/02/14 10:31:01 INFO FileScanRDD: Reading File path: file:///edw/Reviews/SourceCode/data/AmzReviews.json, range: 805306368-939524096, partition values: [empty row]
20/02/14 10:31:01 INFO TaskSetManager: Finished task 1.0 in stage 0.0 (TID 1) in 2403 ms on localhost (executor driver) (1/8)
20/02/14 10:31:01 INFO TaskSetManager: Finished task 3.0 in stage 0.0 (TID 3) in 2576 ms on localhost (executor driver) (2/8)
20/02/14 10:31:01 INFO TaskSetManager: Finished task 2.0 in stage 0.0 (TID 2) in 2595 ms on localhost (executor driver) (3/8)
20/02/14 10:31:01 INFO TaskSetManager: Finished task 0.0 in stage 0.0 (TID 0) in 2629 ms on localhost (executor driver) (4/8)
20/02/14 10:31:01 INFO Executor: Finished task 7.0 in stage 0.0 (TID 7). 2221 bytes result sent to driver
20/02/14 10:31:01 INFO TaskSetManager: Finished task 7.0 in stage 0.0 (TID 7) in 463 ms on localhost (executor driver) (5/8)
20/02/14 10:31:02 INFO Executor: Finished task 4.0 in stage 0.0 (TID 4). 2307 bytes result sent to driver
20/02/14 10:31:02 INFO TaskSetManager: Finished task 4.0 in stage 0.0 (TID 4) in 1200 ms on localhost (executor driver) (6/8)
20/02/14 10:31:02 INFO Executor: Finished task 6.0 in stage 0.0 (TID 6). 2264 bytes result sent to driver
20/02/14 10:31:02 INFO TaskSetManager: Finished task 6.0 in stage 0.0 (TID 6) in 1225 ms on localhost (executor driver) (7/8)
20/02/14 10:31:02 INFO Executor: Finished task 5.0 in stage 0.0 (TID 5). 2307 bytes result sent to driver
20/02/14 10:31:02 INFO TaskSetManager: Finished task 5.0 in stage 0.0 (TID 5) in 1249 ms on localhost (executor driver) (8/8)
20/02/14 10:31:02 INFO TaskSchedulerImpl: Removed TaskSet 0.0, whose tasks have all completed, from pool 
20/02/14 10:31:02 INFO DAGScheduler: ResultStage 0 (json at NativeMethodAccessorImpl.java:0) finished in 3.800 s
20/02/14 10:31:02 INFO DAGScheduler: Job 0 finished: json at NativeMethodAccessorImpl.java:0, took 3.922618 s
20/02/14 10:31:04 INFO FileSourceStrategy: Pruning directories with: 
20/02/14 10:31:04 INFO FileSourceStrategy: Post-Scan Filters: 
20/02/14 10:31:04 INFO FileSourceStrategy: Output Data Schema: struct<asin: string, overall: double, reviewerID: string, reviewerName: string, unixReviewTime: bigint ... 3 more fields>
20/02/14 10:31:04 INFO FileSourceScanExec: Pushed Filters: 
20/02/14 10:31:04 INFO CodeGenerator: Code generated in 38.5195 ms
20/02/14 10:31:04 INFO MemoryStore: Block broadcast_2 stored as values in memory (estimated size 282.7 KB, free 365.7 MB)
20/02/14 10:31:04 INFO MemoryStore: Block broadcast_2_piece0 stored as bytes in memory (estimated size 23.3 KB, free 365.7 MB)
20/02/14 10:31:04 INFO BlockManagerInfo: Added broadcast_2_piece0 in memory on 192.168.1.25:2075 (size: 23.3 KB, free: 366.2 MB)
20/02/14 10:31:04 INFO SparkContext: Created broadcast 2 from jdbc at NativeMethodAccessorImpl.java:0
20/02/14 10:31:04 INFO FileSourceScanExec: Planning scan with bin packing, max size: 134217728 bytes, open cost is considered as scanning 4194304 bytes.
20/02/14 10:31:04 INFO SparkContext: Starting job: jdbc at NativeMethodAccessorImpl.java:0
20/02/14 10:31:04 INFO DAGScheduler: Got job 1 (jdbc at NativeMethodAccessorImpl.java:0) with 8 output partitions
20/02/14 10:31:04 INFO DAGScheduler: Final stage: ResultStage 1 (jdbc at NativeMethodAccessorImpl.java:0)
20/02/14 10:31:04 INFO DAGScheduler: Parents of final stage: List()
20/02/14 10:31:04 INFO DAGScheduler: Missing parents: List()
20/02/14 10:31:04 INFO DAGScheduler: Submitting ResultStage 1 (MapPartitionsRDD[8] at jdbc at NativeMethodAccessorImpl.java:0), which has no missing parents
20/02/14 10:31:04 INFO MemoryStore: Block broadcast_3 stored as values in memory (estimated size 64.3 KB, free 365.6 MB)
20/02/14 10:31:04 INFO MemoryStore: Block broadcast_3_piece0 stored as bytes in memory (estimated size 29.4 KB, free 365.6 MB)
20/02/14 10:31:04 INFO BlockManagerInfo: Added broadcast_3_piece0 in memory on 192.168.1.25:2075 (size: 29.4 KB, free: 366.2 MB)
20/02/14 10:31:04 INFO SparkContext: Created broadcast 3 from broadcast at DAGScheduler.scala:1163
20/02/14 10:31:04 INFO DAGScheduler: Submitting 8 missing tasks from ResultStage 1 (MapPartitionsRDD[8] at jdbc at NativeMethodAccessorImpl.java:0) (first 15 tasks are for partitions Vector(0, 1, 2, 3, 4, 5, 6, 7))
20/02/14 10:31:04 INFO TaskSchedulerImpl: Adding task set 1.0 with 8 tasks
20/02/14 10:31:04 INFO TaskSetManager: Starting task 0.0 in stage 1.0 (TID 8, localhost, executor driver, partition 0, PROCESS_LOCAL, 8267 bytes)
20/02/14 10:31:04 INFO TaskSetManager: Starting task 1.0 in stage 1.0 (TID 9, localhost, executor driver, partition 1, PROCESS_LOCAL, 8267 bytes)
20/02/14 10:31:04 INFO TaskSetManager: Starting task 2.0 in stage 1.0 (TID 10, localhost, executor driver, partition 2, PROCESS_LOCAL, 8267 bytes)
20/02/14 10:31:04 INFO TaskSetManager: Starting task 3.0 in stage 1.0 (TID 11, localhost, executor driver, partition 3, PROCESS_LOCAL, 8267 bytes)
20/02/14 10:31:04 INFO Executor: Running task 0.0 in stage 1.0 (TID 8)
20/02/14 10:31:04 INFO Executor: Running task 1.0 in stage 1.0 (TID 9)
20/02/14 10:31:04 INFO Executor: Running task 2.0 in stage 1.0 (TID 10)
20/02/14 10:31:04 INFO Executor: Running task 3.0 in stage 1.0 (TID 11)
20/02/14 10:31:04 INFO CodeGenerator: Code generated in 31.6697 ms
20/02/14 10:31:04 INFO FileScanRDD: Reading File path: file:///edw/Reviews/SourceCode/data/AmzReviews.json, range: 134217728-268435456, partition values: [empty row]
20/02/14 10:31:04 INFO FileScanRDD: Reading File path: file:///edw/Reviews/SourceCode/data/AmzReviews.json, range: 268435456-402653184, partition values: [empty row]
20/02/14 10:31:04 INFO FileScanRDD: Reading File path: file:///edw/Reviews/SourceCode/data/AmzReviews.json, range: 402653184-536870912, partition values: [empty row]
20/02/14 10:31:04 INFO FileScanRDD: Reading File path: file:///edw/Reviews/SourceCode/data/AmzReviews.json, range: 0-134217728, partition values: [empty row]
20/02/14 10:31:04 INFO CodeGenerator: Code generated in 26.1416 ms
20/02/14 10:31:18 INFO Executor: Finished task 2.0 in stage 1.0 (TID 10). 1480 bytes result sent to driver
20/02/14 10:31:18 INFO TaskSetManager: Starting task 4.0 in stage 1.0 (TID 12, localhost, executor driver, partition 4, PROCESS_LOCAL, 8267 bytes)
20/02/14 10:31:18 INFO TaskSetManager: Finished task 2.0 in stage 1.0 (TID 10) in 14353 ms on localhost (executor driver) (1/8)
20/02/14 10:31:18 INFO Executor: Running task 4.0 in stage 1.0 (TID 12)
20/02/14 10:31:19 INFO Executor: Finished task 3.0 in stage 1.0 (TID 11). 1437 bytes result sent to driver
20/02/14 10:31:19 INFO TaskSetManager: Starting task 5.0 in stage 1.0 (TID 13, localhost, executor driver, partition 5, PROCESS_LOCAL, 8267 bytes)
20/02/14 10:31:19 INFO TaskSetManager: Finished task 3.0 in stage 1.0 (TID 11) in 14732 ms on localhost (executor driver) (2/8)
20/02/14 10:31:19 INFO Executor: Running task 5.0 in stage 1.0 (TID 13)
20/02/14 10:31:19 INFO FileScanRDD: Reading File path: file:///edw/Reviews/SourceCode/data/AmzReviews.json, range: 536870912-671088640, partition values: [empty row]
20/02/14 10:31:19 INFO FileScanRDD: Reading File path: file:///edw/Reviews/SourceCode/data/AmzReviews.json, range: 671088640-805306368, partition values: [empty row]
20/02/14 10:31:19 INFO Executor: Finished task 1.0 in stage 1.0 (TID 9). 1437 bytes result sent to driver
20/02/14 10:31:19 INFO TaskSetManager: Starting task 6.0 in stage 1.0 (TID 14, localhost, executor driver, partition 6, PROCESS_LOCAL, 8267 bytes)
20/02/14 10:31:19 INFO TaskSetManager: Finished task 1.0 in stage 1.0 (TID 9) in 15169 ms on localhost (executor driver) (3/8)
20/02/14 10:31:19 INFO Executor: Running task 6.0 in stage 1.0 (TID 14)
20/02/14 10:31:19 INFO FileScanRDD: Reading File path: file:///edw/Reviews/SourceCode/data/AmzReviews.json, range: 805306368-939524096, partition values: [empty row]
20/02/14 10:31:21 INFO Executor: Finished task 0.0 in stage 1.0 (TID 8). 1394 bytes result sent to driver
20/02/14 10:31:21 INFO TaskSetManager: Starting task 7.0 in stage 1.0 (TID 15, localhost, executor driver, partition 7, PROCESS_LOCAL, 8267 bytes)
20/02/14 10:31:21 INFO TaskSetManager: Finished task 0.0 in stage 1.0 (TID 8) in 16874 ms on localhost (executor driver) (4/8)
20/02/14 10:31:21 INFO Executor: Running task 7.0 in stage 1.0 (TID 15)
20/02/14 10:31:21 INFO FileScanRDD: Reading File path: file:///edw/Reviews/SourceCode/data/AmzReviews.json, range: 939524096-959798973, partition values: [empty row]
20/02/14 10:31:23 INFO Executor: Finished task 7.0 in stage 1.0 (TID 15). 1437 bytes result sent to driver
20/02/14 10:31:23 INFO TaskSetManager: Finished task 7.0 in stage 1.0 (TID 15) in 2121 ms on localhost (executor driver) (5/8)
20/02/14 10:31:28 INFO Executor: Finished task 4.0 in stage 1.0 (TID 12). 1437 bytes result sent to driver
20/02/14 10:31:28 INFO TaskSetManager: Finished task 4.0 in stage 1.0 (TID 12) in 9708 ms on localhost (executor driver) (6/8)
20/02/14 10:31:29 INFO Executor: Finished task 5.0 in stage 1.0 (TID 13). 1394 bytes result sent to driver
20/02/14 10:31:29 INFO TaskSetManager: Finished task 5.0 in stage 1.0 (TID 13) in 9920 ms on localhost (executor driver) (7/8)
20/02/14 10:31:29 INFO Executor: Finished task 6.0 in stage 1.0 (TID 14). 1394 bytes result sent to driver
20/02/14 10:31:29 INFO TaskSetManager: Finished task 6.0 in stage 1.0 (TID 14) in 9508 ms on localhost (executor driver) (8/8)
20/02/14 10:31:29 INFO TaskSchedulerImpl: Removed TaskSet 1.0, whose tasks have all completed, from pool 
20/02/14 10:31:29 INFO DAGScheduler: ResultStage 1 (jdbc at NativeMethodAccessorImpl.java:0) finished in 24.714 s
20/02/14 10:31:29 INFO DAGScheduler: Job 1 finished: jdbc at NativeMethodAccessorImpl.java:0, took 24.719605 s
20/02/14 10:31:29 INFO SparkContext: Invoking stop() from shutdown hook
20/02/14 10:31:29 INFO SparkUI: Stopped Spark web UI at http://192.168.1.25:4040
20/02/14 10:31:29 INFO MapOutputTrackerMasterEndpoint: MapOutputTrackerMasterEndpoint stopped!
20/02/14 10:31:29 INFO MemoryStore: MemoryStore cleared
20/02/14 10:31:29 INFO BlockManager: BlockManager stopped
20/02/14 10:31:29 INFO BlockManagerMaster: BlockManagerMaster stopped
20/02/14 10:31:29 INFO OutputCommitCoordinator$OutputCommitCoordinatorEndpoint: OutputCommitCoordinator stopped!
20/02/14 10:31:29 INFO SparkContext: Successfully stopped SparkContext
20/02/14 10:31:29 INFO ShutdownHookManager: Shutdown hook called
20/02/14 10:31:29 INFO ShutdownHookManager: Deleting directory /tmp/spark-e90d5727-302e-4ea3-a780-f36fc2ab26ae/pyspark-40d4580b-086b-45bf-a437-db50be62dd46
20/02/14 10:31:29 INFO ShutdownHookManager: Deleting directory /tmp/spark-d69e335c-4932-4e34-acd3-0064d336852a
20/02/14 10:31:29 INFO ShutdownHookManager: Deleting directory /tmp/spark-e90d5727-302e-4ea3-a780-f36fc2ab26ae
###################################################################################################################################
###################################################################################################################################
Load to ODS in progress
###################################################################################################################################
###################################################################################################################################
begin;
BEGIN
	  UPDATE REVIEWS 
	  SET reviewerName = RS.reviewerName
	  , reviewRating = RS.reviewRating
	  , odsUpdateTd = current_timestamp(0)
	  FROM REVIEWS_STAGING RS
	  WHERE REVIEWS.reviewerID = RS.reviewerID
	  AND REVIEWS.asin = RS.asin
	  AND REVIEWS.reviewDate = RS.reviewDate;
UPDATE 100000
	
	INSERT INTO REVIEWS
	SELECT RS.reviewerID, RS.asin, RS.reviewerName, RS.reviewRating , RS.reviewDate, current_timestamp(0), current_timestamp(0)
	FROM REVIEWS_STAGING RS
	LEFT OUTER JOIN REVIEWS RV
	ON RS.reviewerID = RV.reviewerID
	AND RS.asin = RV.asin
	AND RS.reviewDate = RV.reviewDate
	WHERE RV.reviewerID IS NULL
	AND RV.asin IS NULL
	AND RV.reviewDate IS NULL;
INSERT 0 900000
	TRUNCATE REVIEWS_STAGING;
TRUNCATE TABLE
commit;
COMMIT
