###################################################################################################################################
###################################################################################################################################
Load to stage in progress
###################################################################################################################################
###################################################################################################################################
20/02/17 01:59:20 WARN Utils: Your hostname, DESKTOP-502C4I4 resolves to a loopback address: 127.0.1.1; using 192.168.1.25 instead (on interface wifi0)
20/02/17 01:59:20 WARN Utils: Set SPARK_LOCAL_IP if you need to bind to another address
20/02/17 01:59:22 WARN NativeCodeLoader: Unable to load native-hadoop library for your platform... using builtin-java classes where applicable
Using Spark's default log4j profile: org/apache/spark/log4j-defaults.properties
20/02/17 01:59:28 INFO SparkContext: Running Spark version 2.4.5
20/02/17 01:59:29 INFO SparkContext: Submitted application: ReviewsOdsSession
20/02/17 01:59:29 INFO SecurityManager: Changing view acls to: devetluser
20/02/17 01:59:29 INFO SecurityManager: Changing modify acls to: devetluser
20/02/17 01:59:29 INFO SecurityManager: Changing view acls groups to: 
20/02/17 01:59:29 INFO SecurityManager: Changing modify acls groups to: 
20/02/17 01:59:29 INFO SecurityManager: SecurityManager: authentication disabled; ui acls disabled; users  with view permissions: Set(devetluser); groups with view permissions: Set(); users  with modify permissions: Set(devetluser); groups with modify permissions: Set()
20/02/17 01:59:30 INFO Utils: Successfully started service 'sparkDriver' on port 14142.
20/02/17 01:59:30 INFO SparkEnv: Registering MapOutputTracker
20/02/17 01:59:30 INFO SparkEnv: Registering BlockManagerMaster
20/02/17 01:59:30 INFO BlockManagerMasterEndpoint: Using org.apache.spark.storage.DefaultTopologyMapper for getting topology information
20/02/17 01:59:30 INFO BlockManagerMasterEndpoint: BlockManagerMasterEndpoint up
20/02/17 01:59:30 INFO DiskBlockManager: Created local directory at /tmp/blockmgr-0423105b-a97c-4547-aac8-10504821a206
20/02/17 01:59:31 INFO MemoryStore: MemoryStore started with capacity 366.3 MB
20/02/17 01:59:31 INFO SparkEnv: Registering OutputCommitCoordinator
20/02/17 01:59:32 INFO Utils: Successfully started service 'SparkUI' on port 4040.
20/02/17 01:59:32 INFO SparkUI: Bound SparkUI to 0.0.0.0, and started at http://192.168.1.25:4040
20/02/17 01:59:32 INFO Executor: Starting executor ID driver on host localhost
20/02/17 01:59:32 INFO Utils: Successfully started service 'org.apache.spark.network.netty.NettyBlockTransferService' on port 14147.
20/02/17 01:59:32 INFO NettyBlockTransferService: Server created on 192.168.1.25:14147
20/02/17 01:59:32 INFO BlockManager: Using org.apache.spark.storage.RandomBlockReplicationPolicy for block replication policy
20/02/17 01:59:32 INFO BlockManagerMaster: Registering BlockManager BlockManagerId(driver, 192.168.1.25, 14147, None)
20/02/17 01:59:32 INFO BlockManagerMasterEndpoint: Registering block manager 192.168.1.25:14147 with 366.3 MB RAM, BlockManagerId(driver, 192.168.1.25, 14147, None)
20/02/17 01:59:32 INFO BlockManagerMaster: Registered BlockManager BlockManagerId(driver, 192.168.1.25, 14147, None)
20/02/17 01:59:32 INFO BlockManager: Initialized BlockManager: BlockManagerId(driver, 192.168.1.25, 14147, None)
20/02/17 01:59:34 INFO SharedState: Setting hive.metastore.warehouse.dir ('null') to the value of spark.sql.warehouse.dir ('file:/edw/Reviews/SourceCode/bash/spark-warehouse').
20/02/17 01:59:34 INFO SharedState: Warehouse path is 'file:/edw/Reviews/SourceCode/bash/spark-warehouse'.
20/02/17 01:59:36 INFO StateStoreCoordinatorRef: Registered StateStoreCoordinator endpoint
20/02/17 01:59:37 INFO InMemoryFileIndex: It took 231 ms to list leaf files for 1 paths.
20/02/17 01:59:37 INFO InMemoryFileIndex: It took 2 ms to list leaf files for 1 paths.
20/02/17 01:59:42 INFO FileSourceStrategy: Pruning directories with: 
20/02/17 01:59:42 INFO FileSourceStrategy: Post-Scan Filters: 
20/02/17 01:59:42 INFO FileSourceStrategy: Output Data Schema: struct<value: string>
20/02/17 01:59:42 INFO FileSourceScanExec: Pushed Filters: 
20/02/17 01:59:44 INFO CodeGenerator: Code generated in 440.984 ms
20/02/17 01:59:44 INFO MemoryStore: Block broadcast_0 stored as values in memory (estimated size 282.9 KB, free 366.0 MB)
20/02/17 01:59:44 INFO MemoryStore: Block broadcast_0_piece0 stored as bytes in memory (estimated size 23.2 KB, free 366.0 MB)
20/02/17 01:59:44 INFO BlockManagerInfo: Added broadcast_0_piece0 in memory on 192.168.1.25:14147 (size: 23.2 KB, free: 366.3 MB)
20/02/17 01:59:45 INFO SparkContext: Created broadcast 0 from json at NativeMethodAccessorImpl.java:0
20/02/17 01:59:45 INFO FileSourceScanExec: Planning scan with bin packing, max size: 134217728 bytes, open cost is considered as scanning 4194304 bytes.
20/02/17 01:59:45 INFO SparkContext: Starting job: json at NativeMethodAccessorImpl.java:0
20/02/17 01:59:45 INFO DAGScheduler: Got job 0 (json at NativeMethodAccessorImpl.java:0) with 18 output partitions
20/02/17 01:59:45 INFO DAGScheduler: Final stage: ResultStage 0 (json at NativeMethodAccessorImpl.java:0)
20/02/17 01:59:45 INFO DAGScheduler: Parents of final stage: List()
20/02/17 01:59:45 INFO DAGScheduler: Missing parents: List()
20/02/17 01:59:45 INFO DAGScheduler: Submitting ResultStage 0 (MapPartitionsRDD[3] at json at NativeMethodAccessorImpl.java:0), which has no missing parents
20/02/17 01:59:45 INFO MemoryStore: Block broadcast_1 stored as values in memory (estimated size 11.6 KB, free 366.0 MB)
20/02/17 01:59:45 INFO MemoryStore: Block broadcast_1_piece0 stored as bytes in memory (estimated size 6.7 KB, free 366.0 MB)
20/02/17 01:59:45 INFO BlockManagerInfo: Added broadcast_1_piece0 in memory on 192.168.1.25:14147 (size: 6.7 KB, free: 366.3 MB)
20/02/17 01:59:45 INFO SparkContext: Created broadcast 1 from broadcast at DAGScheduler.scala:1163
20/02/17 01:59:45 INFO DAGScheduler: Submitting 18 missing tasks from ResultStage 0 (MapPartitionsRDD[3] at json at NativeMethodAccessorImpl.java:0) (first 15 tasks are for partitions Vector(0, 1, 2, 3, 4, 5, 6, 7, 8, 9, 10, 11, 12, 13, 14))
20/02/17 01:59:45 INFO TaskSchedulerImpl: Adding task set 0.0 with 18 tasks
20/02/17 01:59:46 INFO TaskSetManager: Starting task 0.0 in stage 0.0 (TID 0, localhost, executor driver, partition 0, PROCESS_LOCAL, 8269 bytes)
20/02/17 01:59:46 INFO TaskSetManager: Starting task 1.0 in stage 0.0 (TID 1, localhost, executor driver, partition 1, PROCESS_LOCAL, 8269 bytes)
20/02/17 01:59:46 INFO TaskSetManager: Starting task 2.0 in stage 0.0 (TID 2, localhost, executor driver, partition 2, PROCESS_LOCAL, 8269 bytes)
20/02/17 01:59:46 INFO TaskSetManager: Starting task 3.0 in stage 0.0 (TID 3, localhost, executor driver, partition 3, PROCESS_LOCAL, 8269 bytes)
20/02/17 01:59:46 INFO Executor: Running task 0.0 in stage 0.0 (TID 0)
20/02/17 01:59:46 INFO Executor: Running task 1.0 in stage 0.0 (TID 1)
20/02/17 01:59:46 INFO Executor: Running task 3.0 in stage 0.0 (TID 3)
20/02/17 01:59:46 INFO Executor: Running task 2.0 in stage 0.0 (TID 2)
20/02/17 01:59:46 INFO FileScanRDD: Reading File path: file:///edw/Reviews/SourceCode/data/asin_reviews.json, range: 268435456-402653184, partition values: [empty row]
20/02/17 01:59:46 INFO FileScanRDD: Reading File path: file:///edw/Reviews/SourceCode/data/asin_reviews.json, range: 402653184-536870912, partition values: [empty row]
20/02/17 01:59:46 INFO FileScanRDD: Reading File path: file:///edw/Reviews/SourceCode/data/asin_reviews.json, range: 0-134217728, partition values: [empty row]
20/02/17 01:59:46 INFO FileScanRDD: Reading File path: file:///edw/Reviews/SourceCode/data/asin_reviews.json, range: 134217728-268435456, partition values: [empty row]
20/02/17 01:59:46 INFO CodeGenerator: Code generated in 20.7264 ms
20/02/17 02:00:08 INFO Executor: Finished task 1.0 in stage 0.0 (TID 1). 2350 bytes result sent to driver
20/02/17 02:00:08 INFO TaskSetManager: Starting task 4.0 in stage 0.0 (TID 4, localhost, executor driver, partition 4, PROCESS_LOCAL, 8269 bytes)
20/02/17 02:00:08 INFO Executor: Running task 4.0 in stage 0.0 (TID 4)
20/02/17 02:00:08 INFO FileScanRDD: Reading File path: file:///edw/Reviews/SourceCode/data/asin_reviews.json, range: 536870912-671088640, partition values: [empty row]
20/02/17 02:00:09 INFO TaskSetManager: Finished task 1.0 in stage 0.0 (TID 1) in 23171 ms on localhost (executor driver) (1/18)
20/02/17 02:00:10 INFO Executor: Finished task 2.0 in stage 0.0 (TID 2). 2350 bytes result sent to driver
20/02/17 02:00:10 INFO TaskSetManager: Starting task 5.0 in stage 0.0 (TID 5, localhost, executor driver, partition 5, PROCESS_LOCAL, 8269 bytes)
20/02/17 02:00:10 INFO TaskSetManager: Finished task 2.0 in stage 0.0 (TID 2) in 24491 ms on localhost (executor driver) (2/18)
20/02/17 02:00:10 INFO Executor: Running task 5.0 in stage 0.0 (TID 5)
20/02/17 02:00:10 INFO FileScanRDD: Reading File path: file:///edw/Reviews/SourceCode/data/asin_reviews.json, range: 671088640-805306368, partition values: [empty row]
20/02/17 02:00:11 INFO Executor: Finished task 3.0 in stage 0.0 (TID 3). 2307 bytes result sent to driver
20/02/17 02:00:11 INFO TaskSetManager: Starting task 6.0 in stage 0.0 (TID 6, localhost, executor driver, partition 6, PROCESS_LOCAL, 8269 bytes)
20/02/17 02:00:11 INFO TaskSetManager: Finished task 3.0 in stage 0.0 (TID 3) in 25373 ms on localhost (executor driver) (3/18)
20/02/17 02:00:11 INFO Executor: Running task 6.0 in stage 0.0 (TID 6)
20/02/17 02:00:11 INFO FileScanRDD: Reading File path: file:///edw/Reviews/SourceCode/data/asin_reviews.json, range: 805306368-939524096, partition values: [empty row]
20/02/17 02:00:17 INFO Executor: Finished task 0.0 in stage 0.0 (TID 0). 2307 bytes result sent to driver
20/02/17 02:00:17 INFO TaskSetManager: Starting task 7.0 in stage 0.0 (TID 7, localhost, executor driver, partition 7, PROCESS_LOCAL, 8269 bytes)
20/02/17 02:00:17 INFO TaskSetManager: Finished task 0.0 in stage 0.0 (TID 0) in 31415 ms on localhost (executor driver) (4/18)
20/02/17 02:00:17 INFO Executor: Running task 7.0 in stage 0.0 (TID 7)
20/02/17 02:00:17 INFO FileScanRDD: Reading File path: file:///edw/Reviews/SourceCode/data/asin_reviews.json, range: 939524096-1073741824, partition values: [empty row]
20/02/17 02:00:28 INFO Executor: Finished task 4.0 in stage 0.0 (TID 4). 2307 bytes result sent to driver
20/02/17 02:00:28 INFO TaskSetManager: Starting task 8.0 in stage 0.0 (TID 8, localhost, executor driver, partition 8, PROCESS_LOCAL, 8269 bytes)
20/02/17 02:00:28 INFO TaskSetManager: Finished task 4.0 in stage 0.0 (TID 4) in 19955 ms on localhost (executor driver) (5/18)
20/02/17 02:00:28 INFO Executor: Running task 8.0 in stage 0.0 (TID 8)
20/02/17 02:00:28 INFO FileScanRDD: Reading File path: file:///edw/Reviews/SourceCode/data/asin_reviews.json, range: 1073741824-1207959552, partition values: [empty row]
20/02/17 02:00:30 INFO Executor: Finished task 6.0 in stage 0.0 (TID 6). 2307 bytes result sent to driver
20/02/17 02:00:30 INFO TaskSetManager: Starting task 9.0 in stage 0.0 (TID 9, localhost, executor driver, partition 9, PROCESS_LOCAL, 8269 bytes)
20/02/17 02:00:30 INFO Executor: Running task 9.0 in stage 0.0 (TID 9)
20/02/17 02:00:30 INFO TaskSetManager: Finished task 6.0 in stage 0.0 (TID 6) in 18853 ms on localhost (executor driver) (6/18)
20/02/17 02:00:30 INFO FileScanRDD: Reading File path: file:///edw/Reviews/SourceCode/data/asin_reviews.json, range: 1207959552-1342177280, partition values: [empty row]
20/02/17 02:00:37 INFO Executor: Finished task 7.0 in stage 0.0 (TID 7). 2307 bytes result sent to driver
20/02/17 02:00:37 INFO TaskSetManager: Starting task 10.0 in stage 0.0 (TID 10, localhost, executor driver, partition 10, PROCESS_LOCAL, 8269 bytes)
20/02/17 02:00:37 INFO Executor: Running task 10.0 in stage 0.0 (TID 10)
20/02/17 02:00:37 INFO TaskSetManager: Finished task 7.0 in stage 0.0 (TID 7) in 20357 ms on localhost (executor driver) (7/18)
20/02/17 02:00:37 INFO FileScanRDD: Reading File path: file:///edw/Reviews/SourceCode/data/asin_reviews.json, range: 1342177280-1476395008, partition values: [empty row]
20/02/17 02:00:40 INFO Executor: Finished task 5.0 in stage 0.0 (TID 5). 2307 bytes result sent to driver
20/02/17 02:00:40 INFO TaskSetManager: Starting task 11.0 in stage 0.0 (TID 11, localhost, executor driver, partition 11, PROCESS_LOCAL, 8269 bytes)
20/02/17 02:00:40 INFO Executor: Running task 11.0 in stage 0.0 (TID 11)
20/02/17 02:00:40 INFO TaskSetManager: Finished task 5.0 in stage 0.0 (TID 5) in 30143 ms on localhost (executor driver) (8/18)
20/02/17 02:00:40 INFO FileScanRDD: Reading File path: file:///edw/Reviews/SourceCode/data/asin_reviews.json, range: 1476395008-1610612736, partition values: [empty row]
20/02/17 02:00:49 INFO Executor: Finished task 8.0 in stage 0.0 (TID 8). 2264 bytes result sent to driver
20/02/17 02:00:49 INFO TaskSetManager: Starting task 12.0 in stage 0.0 (TID 12, localhost, executor driver, partition 12, PROCESS_LOCAL, 8269 bytes)
20/02/17 02:00:49 INFO TaskSetManager: Finished task 8.0 in stage 0.0 (TID 8) in 21088 ms on localhost (executor driver) (9/18)
20/02/17 02:00:49 INFO Executor: Running task 12.0 in stage 0.0 (TID 12)
20/02/17 02:00:49 INFO FileScanRDD: Reading File path: file:///edw/Reviews/SourceCode/data/asin_reviews.json, range: 1610612736-1744830464, partition values: [empty row]
20/02/17 02:00:51 INFO Executor: Finished task 9.0 in stage 0.0 (TID 9). 2307 bytes result sent to driver
20/02/17 02:00:51 INFO TaskSetManager: Starting task 13.0 in stage 0.0 (TID 13, localhost, executor driver, partition 13, PROCESS_LOCAL, 8269 bytes)
20/02/17 02:00:51 INFO TaskSetManager: Finished task 9.0 in stage 0.0 (TID 9) in 21355 ms on localhost (executor driver) (10/18)
20/02/17 02:00:51 INFO Executor: Running task 13.0 in stage 0.0 (TID 13)
20/02/17 02:00:51 INFO FileScanRDD: Reading File path: file:///edw/Reviews/SourceCode/data/asin_reviews.json, range: 1744830464-1879048192, partition values: [empty row]
20/02/17 02:00:59 INFO Executor: Finished task 10.0 in stage 0.0 (TID 10). 2264 bytes result sent to driver
20/02/17 02:00:59 INFO TaskSetManager: Starting task 14.0 in stage 0.0 (TID 14, localhost, executor driver, partition 14, PROCESS_LOCAL, 8269 bytes)
20/02/17 02:00:59 INFO Executor: Running task 14.0 in stage 0.0 (TID 14)
20/02/17 02:00:59 INFO TaskSetManager: Finished task 10.0 in stage 0.0 (TID 10) in 21542 ms on localhost (executor driver) (11/18)
20/02/17 02:00:59 INFO FileScanRDD: Reading File path: file:///edw/Reviews/SourceCode/data/asin_reviews.json, range: 1879048192-2013265920, partition values: [empty row]
20/02/17 02:01:02 INFO Executor: Finished task 11.0 in stage 0.0 (TID 11). 2264 bytes result sent to driver
20/02/17 02:01:02 INFO TaskSetManager: Starting task 15.0 in stage 0.0 (TID 15, localhost, executor driver, partition 15, PROCESS_LOCAL, 8269 bytes)
20/02/17 02:01:02 INFO Executor: Running task 15.0 in stage 0.0 (TID 15)
20/02/17 02:01:02 INFO TaskSetManager: Finished task 11.0 in stage 0.0 (TID 11) in 21495 ms on localhost (executor driver) (12/18)
20/02/17 02:01:02 INFO FileScanRDD: Reading File path: file:///edw/Reviews/SourceCode/data/asin_reviews.json, range: 2013265920-2147483648, partition values: [empty row]
20/02/17 02:01:12 INFO Executor: Finished task 12.0 in stage 0.0 (TID 12). 2307 bytes result sent to driver
20/02/17 02:01:12 INFO TaskSetManager: Starting task 16.0 in stage 0.0 (TID 16, localhost, executor driver, partition 16, PROCESS_LOCAL, 8269 bytes)
20/02/17 02:01:12 INFO TaskSetManager: Finished task 12.0 in stage 0.0 (TID 12) in 22363 ms on localhost (executor driver) (13/18)
20/02/17 02:01:12 INFO Executor: Running task 16.0 in stage 0.0 (TID 16)
20/02/17 02:01:12 INFO FileScanRDD: Reading File path: file:///edw/Reviews/SourceCode/data/asin_reviews.json, range: 2147483648-2281701376, partition values: [empty row]
20/02/17 02:01:13 INFO Executor: Finished task 13.0 in stage 0.0 (TID 13). 2350 bytes result sent to driver
20/02/17 02:01:13 INFO TaskSetManager: Starting task 17.0 in stage 0.0 (TID 17, localhost, executor driver, partition 17, PROCESS_LOCAL, 8269 bytes)
20/02/17 02:01:13 INFO Executor: Running task 17.0 in stage 0.0 (TID 17)
20/02/17 02:01:13 INFO TaskSetManager: Finished task 13.0 in stage 0.0 (TID 13) in 21896 ms on localhost (executor driver) (14/18)
20/02/17 02:01:13 INFO FileScanRDD: Reading File path: file:///edw/Reviews/SourceCode/data/asin_reviews.json, range: 2281701376-2395973685, partition values: [empty row]
20/02/17 02:01:20 INFO Executor: Finished task 14.0 in stage 0.0 (TID 14). 2307 bytes result sent to driver
20/02/17 02:01:20 INFO TaskSetManager: Finished task 14.0 in stage 0.0 (TID 14) in 21444 ms on localhost (executor driver) (15/18)
20/02/17 02:01:22 INFO Executor: Finished task 15.0 in stage 0.0 (TID 15). 2264 bytes result sent to driver
20/02/17 02:01:22 INFO TaskSetManager: Finished task 15.0 in stage 0.0 (TID 15) in 20553 ms on localhost (executor driver) (16/18)
20/02/17 02:01:26 INFO Executor: Finished task 17.0 in stage 0.0 (TID 17). 2264 bytes result sent to driver
20/02/17 02:01:26 INFO TaskSetManager: Finished task 17.0 in stage 0.0 (TID 17) in 13243 ms on localhost (executor driver) (17/18)
20/02/17 02:01:26 INFO Executor: Finished task 16.0 in stage 0.0 (TID 16). 2307 bytes result sent to driver
20/02/17 02:01:26 INFO TaskSetManager: Finished task 16.0 in stage 0.0 (TID 16) in 14743 ms on localhost (executor driver) (18/18)
20/02/17 02:01:26 INFO TaskSchedulerImpl: Removed TaskSet 0.0, whose tasks have all completed, from pool 
20/02/17 02:01:26 INFO DAGScheduler: ResultStage 0 (json at NativeMethodAccessorImpl.java:0) finished in 101.083 s
20/02/17 02:01:26 INFO DAGScheduler: Job 0 finished: json at NativeMethodAccessorImpl.java:0, took 101.335660 s
20/02/17 02:01:29 INFO FileSourceStrategy: Pruning directories with: 
20/02/17 02:01:29 INFO FileSourceStrategy: Post-Scan Filters: (cast(cast(CASE WHEN isnull(unixReviewTime#14L) THEN 1990-01-01 ELSE from_unixtime(unixReviewTime#14L, yyyy-MM-dd, Some(Europe/Berlin)) END as date) as string) >= 2011-01-01)
20/02/17 02:01:29 INFO FileSourceStrategy: Output Data Schema: struct<asin: string, overall: double, reviewerID: string, reviewerName: string, unixReviewTime: bigint ... 3 more fields>
20/02/17 02:01:29 INFO FileSourceScanExec: Pushed Filters: 
20/02/17 02:01:29 INFO CodeGenerator: Code generated in 107.5209 ms
20/02/17 02:01:29 INFO MemoryStore: Block broadcast_2 stored as values in memory (estimated size 282.9 KB, free 365.7 MB)
20/02/17 02:01:29 INFO MemoryStore: Block broadcast_2_piece0 stored as bytes in memory (estimated size 23.2 KB, free 365.7 MB)
20/02/17 02:01:29 INFO BlockManagerInfo: Added broadcast_2_piece0 in memory on 192.168.1.25:14147 (size: 23.2 KB, free: 366.2 MB)
20/02/17 02:01:29 INFO SparkContext: Created broadcast 2 from jdbc at NativeMethodAccessorImpl.java:0
20/02/17 02:01:29 INFO FileSourceScanExec: Planning scan with bin packing, max size: 134217728 bytes, open cost is considered as scanning 4194304 bytes.
20/02/17 02:01:30 INFO SparkContext: Starting job: jdbc at NativeMethodAccessorImpl.java:0
20/02/17 02:01:30 INFO DAGScheduler: Got job 1 (jdbc at NativeMethodAccessorImpl.java:0) with 18 output partitions
20/02/17 02:01:30 INFO DAGScheduler: Final stage: ResultStage 1 (jdbc at NativeMethodAccessorImpl.java:0)
20/02/17 02:01:30 INFO DAGScheduler: Parents of final stage: List()
20/02/17 02:01:30 INFO DAGScheduler: Missing parents: List()
20/02/17 02:01:30 INFO DAGScheduler: Submitting ResultStage 1 (MapPartitionsRDD[8] at jdbc at NativeMethodAccessorImpl.java:0), which has no missing parents
20/02/17 02:01:30 INFO MemoryStore: Block broadcast_3 stored as values in memory (estimated size 67.6 KB, free 365.6 MB)
20/02/17 02:01:30 INFO MemoryStore: Block broadcast_3_piece0 stored as bytes in memory (estimated size 31.2 KB, free 365.6 MB)
20/02/17 02:01:30 INFO BlockManagerInfo: Added broadcast_3_piece0 in memory on 192.168.1.25:14147 (size: 31.2 KB, free: 366.2 MB)
20/02/17 02:01:30 INFO SparkContext: Created broadcast 3 from broadcast at DAGScheduler.scala:1163
20/02/17 02:01:30 INFO DAGScheduler: Submitting 18 missing tasks from ResultStage 1 (MapPartitionsRDD[8] at jdbc at NativeMethodAccessorImpl.java:0) (first 15 tasks are for partitions Vector(0, 1, 2, 3, 4, 5, 6, 7, 8, 9, 10, 11, 12, 13, 14))
20/02/17 02:01:30 INFO TaskSchedulerImpl: Adding task set 1.0 with 18 tasks
20/02/17 02:01:30 INFO TaskSetManager: Starting task 0.0 in stage 1.0 (TID 18, localhost, executor driver, partition 0, PROCESS_LOCAL, 8269 bytes)
20/02/17 02:01:30 INFO TaskSetManager: Starting task 1.0 in stage 1.0 (TID 19, localhost, executor driver, partition 1, PROCESS_LOCAL, 8269 bytes)
20/02/17 02:01:30 INFO TaskSetManager: Starting task 2.0 in stage 1.0 (TID 20, localhost, executor driver, partition 2, PROCESS_LOCAL, 8269 bytes)
20/02/17 02:01:30 INFO TaskSetManager: Starting task 3.0 in stage 1.0 (TID 21, localhost, executor driver, partition 3, PROCESS_LOCAL, 8269 bytes)
20/02/17 02:01:30 INFO Executor: Running task 3.0 in stage 1.0 (TID 21)
20/02/17 02:01:30 INFO Executor: Running task 1.0 in stage 1.0 (TID 19)
20/02/17 02:01:30 INFO Executor: Running task 2.0 in stage 1.0 (TID 20)
20/02/17 02:01:30 INFO Executor: Running task 0.0 in stage 1.0 (TID 18)
20/02/17 02:01:30 INFO CodeGenerator: Code generated in 35.2422 ms
20/02/17 02:01:30 INFO FileScanRDD: Reading File path: file:///edw/Reviews/SourceCode/data/asin_reviews.json, range: 134217728-268435456, partition values: [empty row]
20/02/17 02:01:30 INFO FileScanRDD: Reading File path: file:///edw/Reviews/SourceCode/data/asin_reviews.json, range: 0-134217728, partition values: [empty row]
20/02/17 02:01:30 INFO FileScanRDD: Reading File path: file:///edw/Reviews/SourceCode/data/asin_reviews.json, range: 268435456-402653184, partition values: [empty row]
20/02/17 02:01:30 INFO FileScanRDD: Reading File path: file:///edw/Reviews/SourceCode/data/asin_reviews.json, range: 402653184-536870912, partition values: [empty row]
20/02/17 02:01:30 INFO CodeGenerator: Code generated in 23.7468 ms
20/02/17 02:01:44 INFO Executor: Finished task 0.0 in stage 1.0 (TID 18). 1499 bytes result sent to driver
20/02/17 02:01:44 INFO TaskSetManager: Starting task 4.0 in stage 1.0 (TID 22, localhost, executor driver, partition 4, PROCESS_LOCAL, 8269 bytes)
20/02/17 02:01:44 INFO TaskSetManager: Finished task 0.0 in stage 1.0 (TID 18) in 14604 ms on localhost (executor driver) (1/18)
20/02/17 02:01:44 INFO Executor: Running task 4.0 in stage 1.0 (TID 22)
20/02/17 02:01:44 INFO Executor: Finished task 2.0 in stage 1.0 (TID 20). 1456 bytes result sent to driver
20/02/17 02:01:44 INFO TaskSetManager: Starting task 5.0 in stage 1.0 (TID 23, localhost, executor driver, partition 5, PROCESS_LOCAL, 8269 bytes)
20/02/17 02:01:44 INFO TaskSetManager: Finished task 2.0 in stage 1.0 (TID 20) in 14654 ms on localhost (executor driver) (2/18)
20/02/17 02:01:44 INFO Executor: Running task 5.0 in stage 1.0 (TID 23)
20/02/17 02:01:44 INFO Executor: Finished task 3.0 in stage 1.0 (TID 21). 1499 bytes result sent to driver
20/02/17 02:01:44 INFO TaskSetManager: Starting task 6.0 in stage 1.0 (TID 24, localhost, executor driver, partition 6, PROCESS_LOCAL, 8269 bytes)
20/02/17 02:01:44 INFO TaskSetManager: Finished task 3.0 in stage 1.0 (TID 21) in 14692 ms on localhost (executor driver) (3/18)
20/02/17 02:01:44 INFO Executor: Running task 6.0 in stage 1.0 (TID 24)
20/02/17 02:01:45 INFO FileScanRDD: Reading File path: file:///edw/Reviews/SourceCode/data/asin_reviews.json, range: 805306368-939524096, partition values: [empty row]
20/02/17 02:01:45 INFO Executor: Finished task 1.0 in stage 1.0 (TID 19). 1456 bytes result sent to driver
20/02/17 02:01:45 INFO FileScanRDD: Reading File path: file:///edw/Reviews/SourceCode/data/asin_reviews.json, range: 536870912-671088640, partition values: [empty row]
20/02/17 02:01:45 INFO TaskSetManager: Starting task 7.0 in stage 1.0 (TID 25, localhost, executor driver, partition 7, PROCESS_LOCAL, 8269 bytes)
20/02/17 02:01:45 INFO TaskSetManager: Finished task 1.0 in stage 1.0 (TID 19) in 14975 ms on localhost (executor driver) (4/18)
20/02/17 02:01:45 INFO Executor: Running task 7.0 in stage 1.0 (TID 25)
20/02/17 02:01:45 INFO FileScanRDD: Reading File path: file:///edw/Reviews/SourceCode/data/asin_reviews.json, range: 671088640-805306368, partition values: [empty row]
20/02/17 02:01:45 INFO FileScanRDD: Reading File path: file:///edw/Reviews/SourceCode/data/asin_reviews.json, range: 939524096-1073741824, partition values: [empty row]
20/02/17 02:01:56 INFO Executor: Finished task 7.0 in stage 1.0 (TID 25). 1499 bytes result sent to driver
20/02/17 02:01:56 INFO TaskSetManager: Starting task 8.0 in stage 1.0 (TID 26, localhost, executor driver, partition 8, PROCESS_LOCAL, 8269 bytes)
20/02/17 02:01:56 INFO TaskSetManager: Finished task 7.0 in stage 1.0 (TID 25) in 11553 ms on localhost (executor driver) (5/18)
20/02/17 02:01:56 INFO Executor: Running task 8.0 in stage 1.0 (TID 26)
20/02/17 02:01:56 INFO FileScanRDD: Reading File path: file:///edw/Reviews/SourceCode/data/asin_reviews.json, range: 1073741824-1207959552, partition values: [empty row]
20/02/17 02:02:00 INFO Executor: Finished task 6.0 in stage 1.0 (TID 24). 1456 bytes result sent to driver
20/02/17 02:02:00 INFO TaskSetManager: Starting task 9.0 in stage 1.0 (TID 27, localhost, executor driver, partition 9, PROCESS_LOCAL, 8269 bytes)
20/02/17 02:02:00 INFO TaskSetManager: Finished task 6.0 in stage 1.0 (TID 24) in 15661 ms on localhost (executor driver) (6/18)
20/02/17 02:02:00 INFO Executor: Running task 9.0 in stage 1.0 (TID 27)
20/02/17 02:02:01 INFO FileScanRDD: Reading File path: file:///edw/Reviews/SourceCode/data/asin_reviews.json, range: 1207959552-1342177280, partition values: [empty row]
20/02/17 02:02:05 INFO Executor: Finished task 4.0 in stage 1.0 (TID 22). 1456 bytes result sent to driver
20/02/17 02:02:05 INFO TaskSetManager: Starting task 10.0 in stage 1.0 (TID 28, localhost, executor driver, partition 10, PROCESS_LOCAL, 8269 bytes)
20/02/17 02:02:05 INFO TaskSetManager: Finished task 4.0 in stage 1.0 (TID 22) in 20229 ms on localhost (executor driver) (7/18)
20/02/17 02:02:05 INFO Executor: Running task 10.0 in stage 1.0 (TID 28)
20/02/17 02:02:05 INFO FileScanRDD: Reading File path: file:///edw/Reviews/SourceCode/data/asin_reviews.json, range: 1342177280-1476395008, partition values: [empty row]
20/02/17 02:02:09 INFO Executor: Finished task 5.0 in stage 1.0 (TID 23). 1499 bytes result sent to driver
20/02/17 02:02:09 INFO TaskSetManager: Starting task 11.0 in stage 1.0 (TID 29, localhost, executor driver, partition 11, PROCESS_LOCAL, 8269 bytes)
20/02/17 02:02:09 INFO TaskSetManager: Finished task 5.0 in stage 1.0 (TID 23) in 25119 ms on localhost (executor driver) (8/18)
20/02/17 02:02:09 INFO Executor: Running task 11.0 in stage 1.0 (TID 29)
20/02/17 02:02:11 INFO FileScanRDD: Reading File path: file:///edw/Reviews/SourceCode/data/asin_reviews.json, range: 1476395008-1610612736, partition values: [empty row]
20/02/17 02:02:22 INFO Executor: Finished task 8.0 in stage 1.0 (TID 26). 1542 bytes result sent to driver
20/02/17 02:02:22 INFO TaskSetManager: Starting task 12.0 in stage 1.0 (TID 30, localhost, executor driver, partition 12, PROCESS_LOCAL, 8269 bytes)
20/02/17 02:02:22 INFO TaskSetManager: Finished task 8.0 in stage 1.0 (TID 26) in 26032 ms on localhost (executor driver) (9/18)
20/02/17 02:02:22 INFO Executor: Running task 12.0 in stage 1.0 (TID 30)
20/02/17 02:02:24 INFO FileScanRDD: Reading File path: file:///edw/Reviews/SourceCode/data/asin_reviews.json, range: 1610612736-1744830464, partition values: [empty row]
20/02/17 02:02:27 INFO Executor: Finished task 9.0 in stage 1.0 (TID 27). 1499 bytes result sent to driver
20/02/17 02:02:27 INFO TaskSetManager: Starting task 13.0 in stage 1.0 (TID 31, localhost, executor driver, partition 13, PROCESS_LOCAL, 8269 bytes)
20/02/17 02:02:27 INFO TaskSetManager: Finished task 9.0 in stage 1.0 (TID 27) in 26940 ms on localhost (executor driver) (10/18)
20/02/17 02:02:27 INFO Executor: Running task 13.0 in stage 1.0 (TID 31)
20/02/17 02:02:27 INFO FileScanRDD: Reading File path: file:///edw/Reviews/SourceCode/data/asin_reviews.json, range: 1744830464-1879048192, partition values: [empty row]
20/02/17 02:02:30 INFO Executor: Finished task 10.0 in stage 1.0 (TID 28). 1456 bytes result sent to driver
20/02/17 02:02:30 INFO TaskSetManager: Starting task 14.0 in stage 1.0 (TID 32, localhost, executor driver, partition 14, PROCESS_LOCAL, 8269 bytes)
20/02/17 02:02:30 INFO TaskSetManager: Finished task 10.0 in stage 1.0 (TID 28) in 25386 ms on localhost (executor driver) (11/18)
20/02/17 02:02:30 INFO Executor: Running task 14.0 in stage 1.0 (TID 32)
20/02/17 02:02:33 INFO FileScanRDD: Reading File path: file:///edw/Reviews/SourceCode/data/asin_reviews.json, range: 1879048192-2013265920, partition values: [empty row]
20/02/17 02:02:38 INFO Executor: Finished task 11.0 in stage 1.0 (TID 29). 1499 bytes result sent to driver
20/02/17 02:02:38 INFO TaskSetManager: Starting task 15.0 in stage 1.0 (TID 33, localhost, executor driver, partition 15, PROCESS_LOCAL, 8269 bytes)
20/02/17 02:02:38 INFO TaskSetManager: Finished task 11.0 in stage 1.0 (TID 29) in 28140 ms on localhost (executor driver) (12/18)
20/02/17 02:02:38 INFO Executor: Running task 15.0 in stage 1.0 (TID 33)
20/02/17 02:02:40 INFO FileScanRDD: Reading File path: file:///edw/Reviews/SourceCode/data/asin_reviews.json, range: 2013265920-2147483648, partition values: [empty row]
20/02/17 02:02:52 INFO Executor: Finished task 12.0 in stage 1.0 (TID 30). 1499 bytes result sent to driver
20/02/17 02:02:52 INFO TaskSetManager: Starting task 16.0 in stage 1.0 (TID 34, localhost, executor driver, partition 16, PROCESS_LOCAL, 8269 bytes)
20/02/17 02:02:52 INFO TaskSetManager: Finished task 12.0 in stage 1.0 (TID 30) in 29484 ms on localhost (executor driver) (13/18)
20/02/17 02:02:52 INFO Executor: Running task 16.0 in stage 1.0 (TID 34)
20/02/17 02:02:54 INFO Executor: Finished task 13.0 in stage 1.0 (TID 31). 1456 bytes result sent to driver
20/02/17 02:02:54 INFO TaskSetManager: Starting task 17.0 in stage 1.0 (TID 35, localhost, executor driver, partition 17, PROCESS_LOCAL, 8269 bytes)
20/02/17 02:02:54 INFO TaskSetManager: Finished task 13.0 in stage 1.0 (TID 31) in 26991 ms on localhost (executor driver) (14/18)
20/02/17 02:02:54 INFO Executor: Running task 17.0 in stage 1.0 (TID 35)
20/02/17 02:02:54 INFO FileScanRDD: Reading File path: file:///edw/Reviews/SourceCode/data/asin_reviews.json, range: 2281701376-2395973685, partition values: [empty row]
20/02/17 02:02:54 INFO FileScanRDD: Reading File path: file:///edw/Reviews/SourceCode/data/asin_reviews.json, range: 2147483648-2281701376, partition values: [empty row]
20/02/17 02:03:00 INFO Executor: Finished task 14.0 in stage 1.0 (TID 32). 1456 bytes result sent to driver
20/02/17 02:03:00 INFO TaskSetManager: Finished task 14.0 in stage 1.0 (TID 32) in 30452 ms on localhost (executor driver) (15/18)
20/02/17 02:03:08 INFO Executor: Finished task 15.0 in stage 1.0 (TID 33). 1499 bytes result sent to driver
20/02/17 02:03:08 INFO TaskSetManager: Finished task 15.0 in stage 1.0 (TID 33) in 30320 ms on localhost (executor driver) (16/18)
20/02/17 02:03:12 INFO Executor: Finished task 17.0 in stage 1.0 (TID 35). 1456 bytes result sent to driver
20/02/17 02:03:12 INFO TaskSetManager: Finished task 17.0 in stage 1.0 (TID 35) in 18314 ms on localhost (executor driver) (17/18)
20/02/17 02:03:14 INFO Executor: Finished task 16.0 in stage 1.0 (TID 34). 1499 bytes result sent to driver
20/02/17 02:03:14 INFO TaskSetManager: Finished task 16.0 in stage 1.0 (TID 34) in 21951 ms on localhost (executor driver) (18/18)
20/02/17 02:03:14 INFO TaskSchedulerImpl: Removed TaskSet 1.0, whose tasks have all completed, from pool 
20/02/17 02:03:14 INFO DAGScheduler: ResultStage 1 (jdbc at NativeMethodAccessorImpl.java:0) finished in 104.085 s
20/02/17 02:03:14 INFO DAGScheduler: Job 1 finished: jdbc at NativeMethodAccessorImpl.java:0, took 104.091972 s
Traceback (most recent call last):
  File "/edw/Reviews/SourceCode/python/rating_ods_load.py", line 39, in <module>
    Updated_Reviewer_df = Cl_Reviews_df.join(Reviewer_Core_df, Cl_Reviews_df.reviewerID == Reviewer_Core_df.reviewerID, how = 'left').filter(col('Reviewer_Core_df.reviewerID')).isNull()
  File "/edw/Reviews/spark-2.4.5-bin-hadoop2.7/python/lib/pyspark.zip/pyspark/sql/dataframe.py", line 1304, in __getattr__
AttributeError: 'DataFrame' object has no attribute 'reviewerID'
20/02/17 02:03:17 INFO SparkContext: Invoking stop() from shutdown hook
20/02/17 02:03:17 INFO SparkUI: Stopped Spark web UI at http://192.168.1.25:4040
20/02/17 02:03:17 INFO MapOutputTrackerMasterEndpoint: MapOutputTrackerMasterEndpoint stopped!
20/02/17 02:03:17 INFO MemoryStore: MemoryStore cleared
20/02/17 02:03:17 INFO BlockManager: BlockManager stopped
20/02/17 02:03:17 INFO BlockManagerMaster: BlockManagerMaster stopped
20/02/17 02:03:17 INFO OutputCommitCoordinator$OutputCommitCoordinatorEndpoint: OutputCommitCoordinator stopped!
20/02/17 02:03:17 INFO SparkContext: Successfully stopped SparkContext
20/02/17 02:03:17 INFO ShutdownHookManager: Shutdown hook called
20/02/17 02:03:17 INFO ShutdownHookManager: Deleting directory /tmp/spark-5021c24f-e622-4c88-9071-ea24cb079e11
20/02/17 02:03:17 INFO ShutdownHookManager: Deleting directory /tmp/spark-c56e009e-b6f4-460d-84a5-8026a45c1019/pyspark-5a9b7e70-770d-4a36-8b3d-afe30cf154f5
20/02/17 02:03:17 INFO ShutdownHookManager: Deleting directory /tmp/spark-c56e009e-b6f4-460d-84a5-8026a45c1019
