###################################################################################################################################
###################################################################################################################################
Load to stage in progress
###################################################################################################################################
###################################################################################################################################
20/02/16 00:57:44 WARN Utils: Your hostname, DESKTOP-502C4I4 resolves to a loopback address: 127.0.1.1; using 192.168.1.25 instead (on interface wifi0)
20/02/16 00:57:44 WARN Utils: Set SPARK_LOCAL_IP if you need to bind to another address
20/02/16 00:57:45 WARN NativeCodeLoader: Unable to load native-hadoop library for your platform... using builtin-java classes where applicable
Using Spark's default log4j profile: org/apache/spark/log4j-defaults.properties
20/02/16 00:57:56 INFO SparkContext: Running Spark version 2.4.5
20/02/16 00:57:56 INFO SparkContext: Submitted application: ReviewsOdsSession
20/02/16 00:57:56 INFO SecurityManager: Changing view acls to: devetluser
20/02/16 00:57:56 INFO SecurityManager: Changing modify acls to: devetluser
20/02/16 00:57:56 INFO SecurityManager: Changing view acls groups to: 
20/02/16 00:57:56 INFO SecurityManager: Changing modify acls groups to: 
20/02/16 00:57:56 INFO SecurityManager: SecurityManager: authentication disabled; ui acls disabled; users  with view permissions: Set(devetluser); groups with view permissions: Set(); users  with modify permissions: Set(devetluser); groups with modify permissions: Set()
20/02/16 00:57:57 INFO Utils: Successfully started service 'sparkDriver' on port 4629.
20/02/16 00:57:58 INFO SparkEnv: Registering MapOutputTracker
20/02/16 00:57:58 INFO SparkEnv: Registering BlockManagerMaster
20/02/16 00:57:58 INFO BlockManagerMasterEndpoint: Using org.apache.spark.storage.DefaultTopologyMapper for getting topology information
20/02/16 00:57:58 INFO BlockManagerMasterEndpoint: BlockManagerMasterEndpoint up
20/02/16 00:57:58 INFO DiskBlockManager: Created local directory at /tmp/blockmgr-f68d2c60-7216-46ef-bb6c-3376ff084e4e
20/02/16 00:57:58 INFO MemoryStore: MemoryStore started with capacity 366.3 MB
20/02/16 00:57:58 INFO SparkEnv: Registering OutputCommitCoordinator
20/02/16 00:57:58 INFO Utils: Successfully started service 'SparkUI' on port 4040.
20/02/16 00:57:58 INFO SparkUI: Bound SparkUI to 0.0.0.0, and started at http://192.168.1.25:4040
20/02/16 00:57:59 INFO Executor: Starting executor ID driver on host localhost
20/02/16 00:57:59 INFO Utils: Successfully started service 'org.apache.spark.network.netty.NettyBlockTransferService' on port 4630.
20/02/16 00:57:59 INFO NettyBlockTransferService: Server created on 192.168.1.25:4630
20/02/16 00:57:59 INFO BlockManager: Using org.apache.spark.storage.RandomBlockReplicationPolicy for block replication policy
20/02/16 00:57:59 INFO BlockManagerMaster: Registering BlockManager BlockManagerId(driver, 192.168.1.25, 4630, None)
20/02/16 00:57:59 INFO BlockManagerMasterEndpoint: Registering block manager 192.168.1.25:4630 with 366.3 MB RAM, BlockManagerId(driver, 192.168.1.25, 4630, None)
20/02/16 00:57:59 INFO BlockManagerMaster: Registered BlockManager BlockManagerId(driver, 192.168.1.25, 4630, None)
20/02/16 00:57:59 INFO BlockManager: Initialized BlockManager: BlockManagerId(driver, 192.168.1.25, 4630, None)
20/02/16 00:58:00 INFO SharedState: Setting hive.metastore.warehouse.dir ('null') to the value of spark.sql.warehouse.dir ('file:/edw/Reviews/SourceCode/bash/spark-warehouse').
20/02/16 00:58:00 INFO SharedState: Warehouse path is 'file:/edw/Reviews/SourceCode/bash/spark-warehouse'.
20/02/16 00:58:02 INFO StateStoreCoordinatorRef: Registered StateStoreCoordinator endpoint
20/02/16 00:58:03 INFO InMemoryFileIndex: It took 186 ms to list leaf files for 1 paths.
20/02/16 00:58:03 INFO InMemoryFileIndex: It took 2 ms to list leaf files for 1 paths.
20/02/16 00:58:08 INFO FileSourceStrategy: Pruning directories with: 
20/02/16 00:58:08 INFO FileSourceStrategy: Post-Scan Filters: 
20/02/16 00:58:08 INFO FileSourceStrategy: Output Data Schema: struct<value: string>
20/02/16 00:58:08 INFO FileSourceScanExec: Pushed Filters: 
20/02/16 00:58:09 INFO CodeGenerator: Code generated in 386.3046 ms
20/02/16 00:58:09 INFO MemoryStore: Block broadcast_0 stored as values in memory (estimated size 282.9 KB, free 366.0 MB)
20/02/16 00:58:10 INFO MemoryStore: Block broadcast_0_piece0 stored as bytes in memory (estimated size 23.3 KB, free 366.0 MB)
20/02/16 00:58:10 INFO BlockManagerInfo: Added broadcast_0_piece0 in memory on 192.168.1.25:4630 (size: 23.3 KB, free: 366.3 MB)
20/02/16 00:58:10 INFO SparkContext: Created broadcast 0 from json at NativeMethodAccessorImpl.java:0
20/02/16 00:58:10 INFO FileSourceScanExec: Planning scan with bin packing, max size: 134217728 bytes, open cost is considered as scanning 4194304 bytes.
20/02/16 00:58:10 INFO SparkContext: Starting job: json at NativeMethodAccessorImpl.java:0
20/02/16 00:58:10 INFO DAGScheduler: Got job 0 (json at NativeMethodAccessorImpl.java:0) with 28 output partitions
20/02/16 00:58:10 INFO DAGScheduler: Final stage: ResultStage 0 (json at NativeMethodAccessorImpl.java:0)
20/02/16 00:58:10 INFO DAGScheduler: Parents of final stage: List()
20/02/16 00:58:10 INFO DAGScheduler: Missing parents: List()
20/02/16 00:58:10 INFO DAGScheduler: Submitting ResultStage 0 (MapPartitionsRDD[3] at json at NativeMethodAccessorImpl.java:0), which has no missing parents
20/02/16 00:58:10 INFO MemoryStore: Block broadcast_1 stored as values in memory (estimated size 11.6 KB, free 366.0 MB)
20/02/16 00:58:10 INFO MemoryStore: Block broadcast_1_piece0 stored as bytes in memory (estimated size 6.7 KB, free 366.0 MB)
20/02/16 00:58:10 INFO BlockManagerInfo: Added broadcast_1_piece0 in memory on 192.168.1.25:4630 (size: 6.7 KB, free: 366.3 MB)
20/02/16 00:58:10 INFO SparkContext: Created broadcast 1 from broadcast at DAGScheduler.scala:1163
20/02/16 00:58:10 INFO DAGScheduler: Submitting 28 missing tasks from ResultStage 0 (MapPartitionsRDD[3] at json at NativeMethodAccessorImpl.java:0) (first 15 tasks are for partitions Vector(0, 1, 2, 3, 4, 5, 6, 7, 8, 9, 10, 11, 12, 13, 14))
20/02/16 00:58:10 INFO TaskSchedulerImpl: Adding task set 0.0 with 28 tasks
20/02/16 00:58:10 INFO TaskSetManager: Starting task 0.0 in stage 0.0 (TID 0, localhost, executor driver, partition 0, PROCESS_LOCAL, 8269 bytes)
20/02/16 00:58:10 INFO TaskSetManager: Starting task 1.0 in stage 0.0 (TID 1, localhost, executor driver, partition 1, PROCESS_LOCAL, 8269 bytes)
20/02/16 00:58:10 INFO TaskSetManager: Starting task 2.0 in stage 0.0 (TID 2, localhost, executor driver, partition 2, PROCESS_LOCAL, 8269 bytes)
20/02/16 00:58:10 INFO TaskSetManager: Starting task 3.0 in stage 0.0 (TID 3, localhost, executor driver, partition 3, PROCESS_LOCAL, 8269 bytes)
20/02/16 00:58:10 INFO Executor: Running task 0.0 in stage 0.0 (TID 0)
20/02/16 00:58:10 INFO Executor: Running task 2.0 in stage 0.0 (TID 2)
20/02/16 00:58:10 INFO Executor: Running task 1.0 in stage 0.0 (TID 1)
20/02/16 00:58:10 INFO Executor: Running task 3.0 in stage 0.0 (TID 3)
20/02/16 00:58:11 INFO FileScanRDD: Reading File path: file:///edw/Reviews/SourceCode/data/asin_reviews.json, range: 0-134217728, partition values: [empty row]
20/02/16 00:58:11 INFO FileScanRDD: Reading File path: file:///edw/Reviews/SourceCode/data/asin_reviews.json, range: 268435456-402653184, partition values: [empty row]
20/02/16 00:58:11 INFO FileScanRDD: Reading File path: file:///edw/Reviews/SourceCode/data/asin_reviews.json, range: 134217728-268435456, partition values: [empty row]
20/02/16 00:58:11 INFO FileScanRDD: Reading File path: file:///edw/Reviews/SourceCode/data/asin_reviews.json, range: 402653184-536870912, partition values: [empty row]
20/02/16 00:58:11 INFO CodeGenerator: Code generated in 24.6362 ms
20/02/16 00:58:48 INFO Executor: Finished task 1.0 in stage 0.0 (TID 1). 2307 bytes result sent to driver
20/02/16 00:58:48 INFO TaskSetManager: Starting task 4.0 in stage 0.0 (TID 4, localhost, executor driver, partition 4, PROCESS_LOCAL, 8269 bytes)
20/02/16 00:58:48 INFO Executor: Running task 4.0 in stage 0.0 (TID 4)
20/02/16 00:58:48 INFO FileScanRDD: Reading File path: file:///edw/Reviews/SourceCode/data/asin_reviews.json, range: 536870912-671088640, partition values: [empty row]
20/02/16 00:58:48 INFO TaskSetManager: Finished task 1.0 in stage 0.0 (TID 1) in 37444 ms on localhost (executor driver) (1/28)
20/02/16 00:58:51 INFO Executor: Finished task 2.0 in stage 0.0 (TID 2). 2307 bytes result sent to driver
20/02/16 00:58:51 INFO TaskSetManager: Starting task 5.0 in stage 0.0 (TID 5, localhost, executor driver, partition 5, PROCESS_LOCAL, 8269 bytes)
20/02/16 00:58:51 INFO Executor: Running task 5.0 in stage 0.0 (TID 5)
20/02/16 00:58:52 INFO TaskSetManager: Finished task 2.0 in stage 0.0 (TID 2) in 41166 ms on localhost (executor driver) (2/28)
20/02/16 00:58:52 INFO FileScanRDD: Reading File path: file:///edw/Reviews/SourceCode/data/asin_reviews.json, range: 671088640-805306368, partition values: [empty row]
20/02/16 00:58:54 INFO Executor: Finished task 3.0 in stage 0.0 (TID 3). 2350 bytes result sent to driver
20/02/16 00:58:54 INFO TaskSetManager: Starting task 6.0 in stage 0.0 (TID 6, localhost, executor driver, partition 6, PROCESS_LOCAL, 8269 bytes)
20/02/16 00:58:54 INFO TaskSetManager: Finished task 3.0 in stage 0.0 (TID 3) in 43664 ms on localhost (executor driver) (3/28)
20/02/16 00:58:54 INFO Executor: Running task 6.0 in stage 0.0 (TID 6)
20/02/16 00:58:54 INFO FileScanRDD: Reading File path: file:///edw/Reviews/SourceCode/data/asin_reviews.json, range: 805306368-939524096, partition values: [empty row]
20/02/16 00:58:55 INFO Executor: Finished task 0.0 in stage 0.0 (TID 0). 2307 bytes result sent to driver
20/02/16 00:58:55 INFO TaskSetManager: Starting task 7.0 in stage 0.0 (TID 7, localhost, executor driver, partition 7, PROCESS_LOCAL, 8269 bytes)
20/02/16 00:58:55 INFO Executor: Running task 7.0 in stage 0.0 (TID 7)
20/02/16 00:58:55 INFO TaskSetManager: Finished task 0.0 in stage 0.0 (TID 0) in 44491 ms on localhost (executor driver) (4/28)
20/02/16 00:58:55 INFO FileScanRDD: Reading File path: file:///edw/Reviews/SourceCode/data/asin_reviews.json, range: 939524096-1073741824, partition values: [empty row]
20/02/16 00:59:20 INFO Executor: Finished task 4.0 in stage 0.0 (TID 4). 2307 bytes result sent to driver
20/02/16 00:59:20 INFO TaskSetManager: Starting task 8.0 in stage 0.0 (TID 8, localhost, executor driver, partition 8, PROCESS_LOCAL, 8269 bytes)
20/02/16 00:59:20 INFO TaskSetManager: Finished task 4.0 in stage 0.0 (TID 4) in 32157 ms on localhost (executor driver) (5/28)
20/02/16 00:59:20 INFO Executor: Running task 8.0 in stage 0.0 (TID 8)
20/02/16 00:59:20 INFO FileScanRDD: Reading File path: file:///edw/Reviews/SourceCode/data/asin_reviews.json, range: 1073741824-1207959552, partition values: [empty row]
20/02/16 00:59:30 INFO Executor: Finished task 6.0 in stage 0.0 (TID 6). 2307 bytes result sent to driver
20/02/16 00:59:30 INFO TaskSetManager: Starting task 9.0 in stage 0.0 (TID 9, localhost, executor driver, partition 9, PROCESS_LOCAL, 8269 bytes)
20/02/16 00:59:30 INFO TaskSetManager: Finished task 6.0 in stage 0.0 (TID 6) in 35653 ms on localhost (executor driver) (6/28)
20/02/16 00:59:30 INFO Executor: Running task 9.0 in stage 0.0 (TID 9)
20/02/16 00:59:30 INFO FileScanRDD: Reading File path: file:///edw/Reviews/SourceCode/data/asin_reviews.json, range: 1207959552-1342177280, partition values: [empty row]
20/02/16 00:59:32 INFO Executor: Finished task 5.0 in stage 0.0 (TID 5). 2350 bytes result sent to driver
20/02/16 00:59:32 INFO TaskSetManager: Starting task 10.0 in stage 0.0 (TID 10, localhost, executor driver, partition 10, PROCESS_LOCAL, 8269 bytes)
20/02/16 00:59:32 INFO Executor: Running task 10.0 in stage 0.0 (TID 10)
20/02/16 00:59:32 INFO TaskSetManager: Finished task 5.0 in stage 0.0 (TID 5) in 40735 ms on localhost (executor driver) (7/28)
20/02/16 00:59:32 INFO FileScanRDD: Reading File path: file:///edw/Reviews/SourceCode/data/asin_reviews.json, range: 1342177280-1476395008, partition values: [empty row]
20/02/16 00:59:47 INFO Executor: Finished task 8.0 in stage 0.0 (TID 8). 2307 bytes result sent to driver
20/02/16 00:59:47 INFO TaskSetManager: Starting task 11.0 in stage 0.0 (TID 11, localhost, executor driver, partition 11, PROCESS_LOCAL, 8269 bytes)
20/02/16 00:59:47 INFO TaskSetManager: Finished task 8.0 in stage 0.0 (TID 8) in 27137 ms on localhost (executor driver) (8/28)
20/02/16 00:59:47 INFO Executor: Running task 11.0 in stage 0.0 (TID 11)
20/02/16 00:59:47 INFO FileScanRDD: Reading File path: file:///edw/Reviews/SourceCode/data/asin_reviews.json, range: 1476395008-1610612736, partition values: [empty row]
20/02/16 00:59:48 INFO Executor: Finished task 9.0 in stage 0.0 (TID 9). 2307 bytes result sent to driver
20/02/16 00:59:48 INFO TaskSetManager: Starting task 12.0 in stage 0.0 (TID 12, localhost, executor driver, partition 12, PROCESS_LOCAL, 8269 bytes)
20/02/16 00:59:48 INFO Executor: Running task 12.0 in stage 0.0 (TID 12)
20/02/16 00:59:48 INFO TaskSetManager: Finished task 9.0 in stage 0.0 (TID 9) in 18053 ms on localhost (executor driver) (9/28)
20/02/16 00:59:48 INFO FileScanRDD: Reading File path: file:///edw/Reviews/SourceCode/data/asin_reviews.json, range: 1610612736-1744830464, partition values: [empty row]
20/02/16 00:59:50 INFO Executor: Finished task 10.0 in stage 0.0 (TID 10). 2350 bytes result sent to driver
20/02/16 00:59:50 INFO TaskSetManager: Starting task 13.0 in stage 0.0 (TID 13, localhost, executor driver, partition 13, PROCESS_LOCAL, 8269 bytes)
20/02/16 00:59:50 INFO Executor: Running task 13.0 in stage 0.0 (TID 13)
20/02/16 00:59:50 INFO TaskSetManager: Finished task 10.0 in stage 0.0 (TID 10) in 17997 ms on localhost (executor driver) (10/28)
20/02/16 00:59:50 INFO FileScanRDD: Reading File path: file:///edw/Reviews/SourceCode/data/asin_reviews.json, range: 1744830464-1879048192, partition values: [empty row]
20/02/16 01:00:05 INFO Executor: Finished task 11.0 in stage 0.0 (TID 11). 2264 bytes result sent to driver
20/02/16 01:00:05 INFO TaskSetManager: Starting task 14.0 in stage 0.0 (TID 14, localhost, executor driver, partition 14, PROCESS_LOCAL, 8269 bytes)
20/02/16 01:00:05 INFO Executor: Running task 14.0 in stage 0.0 (TID 14)
20/02/16 01:00:05 INFO TaskSetManager: Finished task 11.0 in stage 0.0 (TID 11) in 17847 ms on localhost (executor driver) (11/28)
20/02/16 01:00:05 INFO FileScanRDD: Reading File path: file:///edw/Reviews/SourceCode/data/asin_reviews.json, range: 1879048192-2013265920, partition values: [empty row]
20/02/16 01:00:06 INFO Executor: Finished task 12.0 in stage 0.0 (TID 12). 2350 bytes result sent to driver
20/02/16 01:00:06 INFO TaskSetManager: Starting task 15.0 in stage 0.0 (TID 15, localhost, executor driver, partition 15, PROCESS_LOCAL, 8269 bytes)
20/02/16 01:00:06 INFO TaskSetManager: Finished task 12.0 in stage 0.0 (TID 12) in 17820 ms on localhost (executor driver) (12/28)
20/02/16 01:00:06 INFO Executor: Running task 15.0 in stage 0.0 (TID 15)
20/02/16 01:00:06 INFO FileScanRDD: Reading File path: file:///edw/Reviews/SourceCode/data/asin_reviews.json, range: 2013265920-2147483648, partition values: [empty row]
20/02/16 01:00:06 INFO Executor: Finished task 7.0 in stage 0.0 (TID 7). 2307 bytes result sent to driver
20/02/16 01:00:06 INFO TaskSetManager: Starting task 16.0 in stage 0.0 (TID 16, localhost, executor driver, partition 16, PROCESS_LOCAL, 8269 bytes)
20/02/16 01:00:06 INFO TaskSetManager: Finished task 7.0 in stage 0.0 (TID 7) in 71425 ms on localhost (executor driver) (13/28)
20/02/16 01:00:06 INFO Executor: Running task 16.0 in stage 0.0 (TID 16)
20/02/16 01:00:06 INFO FileScanRDD: Reading File path: file:///edw/Reviews/SourceCode/data/asin_reviews.json, range: 2147483648-2281701376, partition values: [empty row]
20/02/16 01:00:10 INFO Executor: Finished task 13.0 in stage 0.0 (TID 13). 2350 bytes result sent to driver
20/02/16 01:00:10 INFO TaskSetManager: Starting task 17.0 in stage 0.0 (TID 17, localhost, executor driver, partition 17, PROCESS_LOCAL, 8269 bytes)
20/02/16 01:00:10 INFO TaskSetManager: Finished task 13.0 in stage 0.0 (TID 13) in 19424 ms on localhost (executor driver) (14/28)
20/02/16 01:00:10 INFO Executor: Running task 17.0 in stage 0.0 (TID 17)
20/02/16 01:00:10 INFO FileScanRDD: Reading File path: file:///edw/Reviews/SourceCode/data/asin_reviews.json, range: 2281701376-2415919104, partition values: [empty row]
20/02/16 01:00:49 INFO Executor: Finished task 16.0 in stage 0.0 (TID 16). 2307 bytes result sent to driver
20/02/16 01:00:49 INFO TaskSetManager: Starting task 18.0 in stage 0.0 (TID 18, localhost, executor driver, partition 18, PROCESS_LOCAL, 8269 bytes)
20/02/16 01:00:49 INFO Executor: Running task 18.0 in stage 0.0 (TID 18)
20/02/16 01:00:49 INFO TaskSetManager: Finished task 16.0 in stage 0.0 (TID 16) in 43020 ms on localhost (executor driver) (15/28)
20/02/16 01:00:49 INFO FileScanRDD: Reading File path: file:///edw/Reviews/SourceCode/data/asin_reviews.json, range: 2415919104-2550136832, partition values: [empty row]
20/02/16 01:00:50 INFO Executor: Finished task 14.0 in stage 0.0 (TID 14). 2307 bytes result sent to driver
20/02/16 01:00:50 INFO TaskSetManager: Starting task 19.0 in stage 0.0 (TID 19, localhost, executor driver, partition 19, PROCESS_LOCAL, 8269 bytes)
20/02/16 01:00:50 INFO Executor: Running task 19.0 in stage 0.0 (TID 19)
20/02/16 01:00:50 INFO TaskSetManager: Finished task 14.0 in stage 0.0 (TID 14) in 44903 ms on localhost (executor driver) (16/28)
20/02/16 01:00:50 INFO FileScanRDD: Reading File path: file:///edw/Reviews/SourceCode/data/asin_reviews.json, range: 2550136832-2684354560, partition values: [empty row]
20/02/16 01:00:53 INFO Executor: Finished task 15.0 in stage 0.0 (TID 15). 2264 bytes result sent to driver
20/02/16 01:00:53 INFO TaskSetManager: Starting task 20.0 in stage 0.0 (TID 20, localhost, executor driver, partition 20, PROCESS_LOCAL, 8269 bytes)
20/02/16 01:00:53 INFO TaskSetManager: Finished task 15.0 in stage 0.0 (TID 15) in 47006 ms on localhost (executor driver) (17/28)
20/02/16 01:00:53 INFO Executor: Running task 20.0 in stage 0.0 (TID 20)
20/02/16 01:00:53 INFO FileScanRDD: Reading File path: file:///edw/Reviews/SourceCode/data/asin_reviews.json, range: 2684354560-2818572288, partition values: [empty row]
20/02/16 01:00:54 INFO Executor: Finished task 17.0 in stage 0.0 (TID 17). 2350 bytes result sent to driver
20/02/16 01:00:54 INFO TaskSetManager: Starting task 21.0 in stage 0.0 (TID 21, localhost, executor driver, partition 21, PROCESS_LOCAL, 8269 bytes)
20/02/16 01:00:54 INFO Executor: Running task 21.0 in stage 0.0 (TID 21)
20/02/16 01:00:54 INFO TaskSetManager: Finished task 17.0 in stage 0.0 (TID 17) in 44316 ms on localhost (executor driver) (18/28)
20/02/16 01:00:54 INFO FileScanRDD: Reading File path: file:///edw/Reviews/SourceCode/data/asin_reviews.json, range: 2818572288-2952790016, partition values: [empty row]
20/02/16 01:01:27 INFO Executor: Finished task 19.0 in stage 0.0 (TID 19). 2307 bytes result sent to driver
20/02/16 01:01:27 INFO TaskSetManager: Starting task 22.0 in stage 0.0 (TID 22, localhost, executor driver, partition 22, PROCESS_LOCAL, 8269 bytes)
20/02/16 01:01:27 INFO Executor: Running task 22.0 in stage 0.0 (TID 22)
20/02/16 01:01:27 INFO TaskSetManager: Finished task 19.0 in stage 0.0 (TID 19) in 37398 ms on localhost (executor driver) (19/28)
20/02/16 01:01:27 INFO FileScanRDD: Reading File path: file:///edw/Reviews/SourceCode/data/asin_reviews.json, range: 2952790016-3087007744, partition values: [empty row]
20/02/16 01:01:28 INFO Executor: Finished task 18.0 in stage 0.0 (TID 18). 2264 bytes result sent to driver
20/02/16 01:01:28 INFO TaskSetManager: Starting task 23.0 in stage 0.0 (TID 23, localhost, executor driver, partition 23, PROCESS_LOCAL, 8269 bytes)
20/02/16 01:01:28 INFO Executor: Running task 23.0 in stage 0.0 (TID 23)
20/02/16 01:01:28 INFO TaskSetManager: Finished task 18.0 in stage 0.0 (TID 18) in 39078 ms on localhost (executor driver) (20/28)
20/02/16 01:01:28 INFO FileScanRDD: Reading File path: file:///edw/Reviews/SourceCode/data/asin_reviews.json, range: 3087007744-3221225472, partition values: [empty row]
20/02/16 01:01:33 INFO Executor: Finished task 21.0 in stage 0.0 (TID 21). 2307 bytes result sent to driver
20/02/16 01:01:33 INFO TaskSetManager: Starting task 24.0 in stage 0.0 (TID 24, localhost, executor driver, partition 24, PROCESS_LOCAL, 8269 bytes)
20/02/16 01:01:33 INFO TaskSetManager: Finished task 21.0 in stage 0.0 (TID 21) in 38757 ms on localhost (executor driver) (21/28)
20/02/16 01:01:33 INFO Executor: Running task 24.0 in stage 0.0 (TID 24)
20/02/16 01:01:33 INFO FileScanRDD: Reading File path: file:///edw/Reviews/SourceCode/data/asin_reviews.json, range: 3221225472-3355443200, partition values: [empty row]
20/02/16 01:01:33 INFO Executor: Finished task 20.0 in stage 0.0 (TID 20). 2264 bytes result sent to driver
20/02/16 01:01:33 INFO TaskSetManager: Starting task 25.0 in stage 0.0 (TID 25, localhost, executor driver, partition 25, PROCESS_LOCAL, 8269 bytes)
20/02/16 01:01:33 INFO TaskSetManager: Finished task 20.0 in stage 0.0 (TID 20) in 40335 ms on localhost (executor driver) (22/28)
20/02/16 01:01:33 INFO Executor: Running task 25.0 in stage 0.0 (TID 25)
20/02/16 01:01:33 INFO FileScanRDD: Reading File path: file:///edw/Reviews/SourceCode/data/asin_reviews.json, range: 3355443200-3489660928, partition values: [empty row]
20/02/16 01:01:49 INFO Executor: Finished task 23.0 in stage 0.0 (TID 23). 2264 bytes result sent to driver
20/02/16 01:01:49 INFO TaskSetManager: Starting task 26.0 in stage 0.0 (TID 26, localhost, executor driver, partition 26, PROCESS_LOCAL, 8269 bytes)
20/02/16 01:01:49 INFO TaskSetManager: Finished task 23.0 in stage 0.0 (TID 23) in 20879 ms on localhost (executor driver) (23/28)
20/02/16 01:01:49 INFO Executor: Running task 26.0 in stage 0.0 (TID 26)
20/02/16 01:01:49 INFO FileScanRDD: Reading File path: file:///edw/Reviews/SourceCode/data/asin_reviews.json, range: 3489660928-3623878656, partition values: [empty row]
20/02/16 01:01:52 INFO Executor: Finished task 24.0 in stage 0.0 (TID 24). 2307 bytes result sent to driver
20/02/16 01:01:52 INFO TaskSetManager: Starting task 27.0 in stage 0.0 (TID 27, localhost, executor driver, partition 27, PROCESS_LOCAL, 8269 bytes)
20/02/16 01:01:52 INFO Executor: Running task 27.0 in stage 0.0 (TID 27)
20/02/16 01:01:52 INFO TaskSetManager: Finished task 24.0 in stage 0.0 (TID 24) in 18926 ms on localhost (executor driver) (24/28)
20/02/16 01:01:52 INFO FileScanRDD: Reading File path: file:///edw/Reviews/SourceCode/data/asin_reviews.json, range: 3623878656-3711377731, partition values: [empty row]
20/02/16 01:01:58 INFO Executor: Finished task 25.0 in stage 0.0 (TID 25). 2350 bytes result sent to driver
20/02/16 01:01:58 INFO TaskSetManager: Finished task 25.0 in stage 0.0 (TID 25) in 25511 ms on localhost (executor driver) (25/28)
20/02/16 01:02:10 INFO Executor: Finished task 22.0 in stage 0.0 (TID 22). 2307 bytes result sent to driver
20/02/16 01:02:10 INFO TaskSetManager: Finished task 22.0 in stage 0.0 (TID 22) in 42736 ms on localhost (executor driver) (26/28)
20/02/16 01:02:14 INFO Executor: Finished task 27.0 in stage 0.0 (TID 27). 2307 bytes result sent to driver
20/02/16 01:02:14 INFO TaskSetManager: Finished task 27.0 in stage 0.0 (TID 27) in 21888 ms on localhost (executor driver) (27/28)
20/02/16 01:02:15 INFO Executor: Finished task 26.0 in stage 0.0 (TID 26). 2264 bytes result sent to driver
20/02/16 01:02:15 INFO TaskSetManager: Finished task 26.0 in stage 0.0 (TID 26) in 25703 ms on localhost (executor driver) (28/28)
20/02/16 01:02:15 INFO TaskSchedulerImpl: Removed TaskSet 0.0, whose tasks have all completed, from pool 
20/02/16 01:02:15 INFO DAGScheduler: ResultStage 0 (json at NativeMethodAccessorImpl.java:0) finished in 244.744 s
20/02/16 01:02:15 INFO DAGScheduler: Job 0 finished: json at NativeMethodAccessorImpl.java:0, took 245.216842 s
20/02/16 01:02:19 INFO FileSourceStrategy: Pruning directories with: 
20/02/16 01:02:19 INFO FileSourceStrategy: Post-Scan Filters: 
20/02/16 01:02:19 INFO FileSourceStrategy: Output Data Schema: struct<asin: string, overall: double, reviewerID: string, reviewerName: string, unixReviewTime: bigint ... 3 more fields>
20/02/16 01:02:19 INFO FileSourceScanExec: Pushed Filters: 
20/02/16 01:02:19 INFO CodeGenerator: Code generated in 49.8113 ms
20/02/16 01:02:19 INFO MemoryStore: Block broadcast_2 stored as values in memory (estimated size 282.9 KB, free 365.7 MB)
20/02/16 01:02:19 INFO MemoryStore: Block broadcast_2_piece0 stored as bytes in memory (estimated size 23.3 KB, free 365.7 MB)
20/02/16 01:02:19 INFO BlockManagerInfo: Added broadcast_2_piece0 in memory on 192.168.1.25:4630 (size: 23.3 KB, free: 366.2 MB)
20/02/16 01:02:19 INFO SparkContext: Created broadcast 2 from jdbc at NativeMethodAccessorImpl.java:0
20/02/16 01:02:19 INFO FileSourceScanExec: Planning scan with bin packing, max size: 134217728 bytes, open cost is considered as scanning 4194304 bytes.
20/02/16 01:02:20 INFO SparkContext: Starting job: jdbc at NativeMethodAccessorImpl.java:0
20/02/16 01:02:20 INFO DAGScheduler: Got job 1 (jdbc at NativeMethodAccessorImpl.java:0) with 28 output partitions
20/02/16 01:02:20 INFO DAGScheduler: Final stage: ResultStage 1 (jdbc at NativeMethodAccessorImpl.java:0)
20/02/16 01:02:20 INFO DAGScheduler: Parents of final stage: List()
20/02/16 01:02:20 INFO DAGScheduler: Missing parents: List()
20/02/16 01:02:20 INFO DAGScheduler: Submitting ResultStage 1 (MapPartitionsRDD[8] at jdbc at NativeMethodAccessorImpl.java:0), which has no missing parents
20/02/16 01:02:20 INFO MemoryStore: Block broadcast_3 stored as values in memory (estimated size 64.3 KB, free 365.6 MB)
20/02/16 01:02:20 INFO MemoryStore: Block broadcast_3_piece0 stored as bytes in memory (estimated size 29.5 KB, free 365.6 MB)
20/02/16 01:02:20 INFO BlockManagerInfo: Added broadcast_3_piece0 in memory on 192.168.1.25:4630 (size: 29.5 KB, free: 366.2 MB)
20/02/16 01:02:20 INFO SparkContext: Created broadcast 3 from broadcast at DAGScheduler.scala:1163
20/02/16 01:02:20 INFO DAGScheduler: Submitting 28 missing tasks from ResultStage 1 (MapPartitionsRDD[8] at jdbc at NativeMethodAccessorImpl.java:0) (first 15 tasks are for partitions Vector(0, 1, 2, 3, 4, 5, 6, 7, 8, 9, 10, 11, 12, 13, 14))
20/02/16 01:02:20 INFO TaskSchedulerImpl: Adding task set 1.0 with 28 tasks
20/02/16 01:02:20 INFO TaskSetManager: Starting task 0.0 in stage 1.0 (TID 28, localhost, executor driver, partition 0, PROCESS_LOCAL, 8269 bytes)
20/02/16 01:02:20 INFO TaskSetManager: Starting task 1.0 in stage 1.0 (TID 29, localhost, executor driver, partition 1, PROCESS_LOCAL, 8269 bytes)
20/02/16 01:02:20 INFO TaskSetManager: Starting task 2.0 in stage 1.0 (TID 30, localhost, executor driver, partition 2, PROCESS_LOCAL, 8269 bytes)
20/02/16 01:02:20 INFO TaskSetManager: Starting task 3.0 in stage 1.0 (TID 31, localhost, executor driver, partition 3, PROCESS_LOCAL, 8269 bytes)
20/02/16 01:02:20 INFO Executor: Running task 1.0 in stage 1.0 (TID 29)
20/02/16 01:02:20 INFO Executor: Running task 3.0 in stage 1.0 (TID 31)
20/02/16 01:02:20 INFO Executor: Running task 0.0 in stage 1.0 (TID 28)
20/02/16 01:02:20 INFO Executor: Running task 2.0 in stage 1.0 (TID 30)
20/02/16 01:02:20 INFO CodeGenerator: Code generated in 31.5575 ms
20/02/16 01:02:20 INFO FileScanRDD: Reading File path: file:///edw/Reviews/SourceCode/data/asin_reviews.json, range: 402653184-536870912, partition values: [empty row]
20/02/16 01:02:20 INFO FileScanRDD: Reading File path: file:///edw/Reviews/SourceCode/data/asin_reviews.json, range: 268435456-402653184, partition values: [empty row]
20/02/16 01:02:20 INFO FileScanRDD: Reading File path: file:///edw/Reviews/SourceCode/data/asin_reviews.json, range: 134217728-268435456, partition values: [empty row]
20/02/16 01:02:20 INFO CodeGenerator: Code generated in 37.5256 ms
20/02/16 01:02:20 INFO FileScanRDD: Reading File path: file:///edw/Reviews/SourceCode/data/asin_reviews.json, range: 0-134217728, partition values: [empty row]
20/02/16 01:03:05 INFO Executor: Finished task 1.0 in stage 1.0 (TID 29). 1394 bytes result sent to driver
20/02/16 01:03:05 INFO TaskSetManager: Starting task 4.0 in stage 1.0 (TID 32, localhost, executor driver, partition 4, PROCESS_LOCAL, 8269 bytes)
20/02/16 01:03:05 INFO TaskSetManager: Finished task 1.0 in stage 1.0 (TID 29) in 45647 ms on localhost (executor driver) (1/28)
20/02/16 01:03:05 INFO Executor: Running task 4.0 in stage 1.0 (TID 32)
20/02/16 01:03:07 INFO FileScanRDD: Reading File path: file:///edw/Reviews/SourceCode/data/asin_reviews.json, range: 536870912-671088640, partition values: [empty row]
20/02/16 01:03:08 INFO Executor: Finished task 2.0 in stage 1.0 (TID 30). 1394 bytes result sent to driver
20/02/16 01:03:08 INFO TaskSetManager: Starting task 5.0 in stage 1.0 (TID 33, localhost, executor driver, partition 5, PROCESS_LOCAL, 8269 bytes)
20/02/16 01:03:08 INFO TaskSetManager: Finished task 2.0 in stage 1.0 (TID 30) in 48228 ms on localhost (executor driver) (2/28)
20/02/16 01:03:08 INFO Executor: Running task 5.0 in stage 1.0 (TID 33)
20/02/16 01:03:08 INFO FileScanRDD: Reading File path: file:///edw/Reviews/SourceCode/data/asin_reviews.json, range: 671088640-805306368, partition values: [empty row]
20/02/16 01:03:10 INFO Executor: Finished task 0.0 in stage 1.0 (TID 28). 1437 bytes result sent to driver
20/02/16 01:03:10 INFO TaskSetManager: Starting task 6.0 in stage 1.0 (TID 34, localhost, executor driver, partition 6, PROCESS_LOCAL, 8269 bytes)
20/02/16 01:03:10 INFO TaskSetManager: Finished task 0.0 in stage 1.0 (TID 28) in 49717 ms on localhost (executor driver) (3/28)
20/02/16 01:03:10 INFO Executor: Running task 6.0 in stage 1.0 (TID 34)
20/02/16 01:03:10 INFO FileScanRDD: Reading File path: file:///edw/Reviews/SourceCode/data/asin_reviews.json, range: 805306368-939524096, partition values: [empty row]
20/02/16 01:03:13 INFO Executor: Finished task 3.0 in stage 1.0 (TID 31). 1394 bytes result sent to driver
20/02/16 01:03:13 INFO TaskSetManager: Starting task 7.0 in stage 1.0 (TID 35, localhost, executor driver, partition 7, PROCESS_LOCAL, 8269 bytes)
20/02/16 01:03:13 INFO TaskSetManager: Finished task 3.0 in stage 1.0 (TID 31) in 52713 ms on localhost (executor driver) (4/28)
20/02/16 01:03:13 INFO Executor: Running task 7.0 in stage 1.0 (TID 35)
20/02/16 01:03:13 INFO FileScanRDD: Reading File path: file:///edw/Reviews/SourceCode/data/asin_reviews.json, range: 939524096-1073741824, partition values: [empty row]
20/02/16 01:03:52 INFO Executor: Finished task 4.0 in stage 1.0 (TID 32). 1437 bytes result sent to driver
20/02/16 01:03:52 INFO TaskSetManager: Starting task 8.0 in stage 1.0 (TID 36, localhost, executor driver, partition 8, PROCESS_LOCAL, 8269 bytes)
20/02/16 01:03:52 INFO TaskSetManager: Finished task 4.0 in stage 1.0 (TID 32) in 46102 ms on localhost (executor driver) (5/28)
20/02/16 01:03:52 INFO Executor: Running task 8.0 in stage 1.0 (TID 36)
20/02/16 01:03:53 INFO FileScanRDD: Reading File path: file:///edw/Reviews/SourceCode/data/asin_reviews.json, range: 1073741824-1207959552, partition values: [empty row]
20/02/16 01:03:56 INFO Executor: Finished task 5.0 in stage 1.0 (TID 33). 1394 bytes result sent to driver
20/02/16 01:03:56 INFO TaskSetManager: Starting task 9.0 in stage 1.0 (TID 37, localhost, executor driver, partition 9, PROCESS_LOCAL, 8269 bytes)
20/02/16 01:03:56 INFO TaskSetManager: Finished task 5.0 in stage 1.0 (TID 33) in 47980 ms on localhost (executor driver) (6/28)
20/02/16 01:03:56 INFO Executor: Running task 9.0 in stage 1.0 (TID 37)
20/02/16 01:03:56 INFO FileScanRDD: Reading File path: file:///edw/Reviews/SourceCode/data/asin_reviews.json, range: 1207959552-1342177280, partition values: [empty row]
20/02/16 01:04:06 INFO Executor: Finished task 6.0 in stage 1.0 (TID 34). 1437 bytes result sent to driver
20/02/16 01:04:06 INFO TaskSetManager: Starting task 10.0 in stage 1.0 (TID 38, localhost, executor driver, partition 10, PROCESS_LOCAL, 8269 bytes)
20/02/16 01:04:06 INFO TaskSetManager: Finished task 6.0 in stage 1.0 (TID 34) in 56597 ms on localhost (executor driver) (7/28)
20/02/16 01:04:06 INFO Executor: Running task 10.0 in stage 1.0 (TID 38)
20/02/16 01:04:12 INFO FileScanRDD: Reading File path: file:///edw/Reviews/SourceCode/data/asin_reviews.json, range: 1342177280-1476395008, partition values: [empty row]
20/02/16 01:04:39 INFO Executor: Finished task 7.0 in stage 1.0 (TID 35). 1437 bytes result sent to driver
20/02/16 01:04:39 INFO TaskSetManager: Starting task 11.0 in stage 1.0 (TID 39, localhost, executor driver, partition 11, PROCESS_LOCAL, 8269 bytes)
20/02/16 01:04:39 INFO TaskSetManager: Finished task 7.0 in stage 1.0 (TID 35) in 86054 ms on localhost (executor driver) (8/28)
20/02/16 01:04:39 INFO Executor: Running task 11.0 in stage 1.0 (TID 39)
20/02/16 01:04:41 INFO FileScanRDD: Reading File path: file:///edw/Reviews/SourceCode/data/asin_reviews.json, range: 1476395008-1610612736, partition values: [empty row]
20/02/16 01:07:15 INFO Executor: Finished task 9.0 in stage 1.0 (TID 37). 1394 bytes result sent to driver
20/02/16 01:07:15 INFO TaskSetManager: Starting task 12.0 in stage 1.0 (TID 40, localhost, executor driver, partition 12, PROCESS_LOCAL, 8269 bytes)
20/02/16 01:07:15 INFO TaskSetManager: Finished task 9.0 in stage 1.0 (TID 37) in 198600 ms on localhost (executor driver) (9/28)
20/02/16 01:07:15 INFO Executor: Running task 12.0 in stage 1.0 (TID 40)
20/02/16 01:07:15 INFO FileScanRDD: Reading File path: file:///edw/Reviews/SourceCode/data/asin_reviews.json, range: 1610612736-1744830464, partition values: [empty row]
20/02/16 01:07:16 INFO Executor: Finished task 8.0 in stage 1.0 (TID 36). 1394 bytes result sent to driver
20/02/16 01:07:16 INFO TaskSetManager: Starting task 13.0 in stage 1.0 (TID 41, localhost, executor driver, partition 13, PROCESS_LOCAL, 8269 bytes)
20/02/16 01:07:16 INFO TaskSetManager: Finished task 8.0 in stage 1.0 (TID 36) in 204485 ms on localhost (executor driver) (10/28)
20/02/16 01:07:16 INFO Executor: Running task 13.0 in stage 1.0 (TID 41)
20/02/16 01:07:16 INFO FileScanRDD: Reading File path: file:///edw/Reviews/SourceCode/data/asin_reviews.json, range: 1744830464-1879048192, partition values: [empty row]
20/02/16 01:07:23 INFO Executor: Finished task 10.0 in stage 1.0 (TID 38). 1394 bytes result sent to driver
20/02/16 01:07:23 INFO TaskSetManager: Starting task 14.0 in stage 1.0 (TID 42, localhost, executor driver, partition 14, PROCESS_LOCAL, 8269 bytes)
20/02/16 01:07:23 INFO TaskSetManager: Finished task 10.0 in stage 1.0 (TID 38) in 196403 ms on localhost (executor driver) (11/28)
20/02/16 01:07:23 INFO Executor: Running task 14.0 in stage 1.0 (TID 42)
20/02/16 01:07:23 INFO FileScanRDD: Reading File path: file:///edw/Reviews/SourceCode/data/asin_reviews.json, range: 1879048192-2013265920, partition values: [empty row]
20/02/16 01:08:01 INFO Executor: Finished task 11.0 in stage 1.0 (TID 39). 1437 bytes result sent to driver
20/02/16 01:08:01 INFO TaskSetManager: Starting task 15.0 in stage 1.0 (TID 43, localhost, executor driver, partition 15, PROCESS_LOCAL, 8269 bytes)
20/02/16 01:08:01 INFO TaskSetManager: Finished task 11.0 in stage 1.0 (TID 39) in 202337 ms on localhost (executor driver) (12/28)
20/02/16 01:08:01 INFO Executor: Running task 15.0 in stage 1.0 (TID 43)
20/02/16 01:08:01 INFO FileScanRDD: Reading File path: file:///edw/Reviews/SourceCode/data/asin_reviews.json, range: 2013265920-2147483648, partition values: [empty row]
20/02/16 01:08:55 INFO Executor: Finished task 13.0 in stage 1.0 (TID 41). 1394 bytes result sent to driver
20/02/16 01:08:55 INFO TaskSetManager: Starting task 16.0 in stage 1.0 (TID 44, localhost, executor driver, partition 16, PROCESS_LOCAL, 8269 bytes)
20/02/16 01:08:55 INFO TaskSetManager: Finished task 13.0 in stage 1.0 (TID 41) in 98972 ms on localhost (executor driver) (13/28)
20/02/16 01:08:55 INFO Executor: Running task 16.0 in stage 1.0 (TID 44)
20/02/16 01:08:58 INFO Executor: Finished task 12.0 in stage 1.0 (TID 40). 1394 bytes result sent to driver
20/02/16 01:08:58 INFO TaskSetManager: Starting task 17.0 in stage 1.0 (TID 45, localhost, executor driver, partition 17, PROCESS_LOCAL, 8269 bytes)
20/02/16 01:08:58 INFO TaskSetManager: Finished task 12.0 in stage 1.0 (TID 40) in 103423 ms on localhost (executor driver) (14/28)
20/02/16 01:08:58 INFO Executor: Running task 17.0 in stage 1.0 (TID 45)
20/02/16 01:08:58 INFO FileScanRDD: Reading File path: file:///edw/Reviews/SourceCode/data/asin_reviews.json, range: 2147483648-2281701376, partition values: [empty row]
20/02/16 01:08:58 INFO FileScanRDD: Reading File path: file:///edw/Reviews/SourceCode/data/asin_reviews.json, range: 2281701376-2415919104, partition values: [empty row]
20/02/16 01:11:53 INFO Executor: Finished task 14.0 in stage 1.0 (TID 42). 1394 bytes result sent to driver
20/02/16 01:11:53 INFO TaskSetManager: Starting task 18.0 in stage 1.0 (TID 46, localhost, executor driver, partition 18, PROCESS_LOCAL, 8269 bytes)
20/02/16 01:11:53 INFO TaskSetManager: Finished task 14.0 in stage 1.0 (TID 42) in 270539 ms on localhost (executor driver) (15/28)
20/02/16 01:11:53 INFO Executor: Running task 18.0 in stage 1.0 (TID 46)
20/02/16 01:11:55 INFO FileScanRDD: Reading File path: file:///edw/Reviews/SourceCode/data/asin_reviews.json, range: 2415919104-2550136832, partition values: [empty row]
20/02/16 01:17:04 INFO Executor: Finished task 15.0 in stage 1.0 (TID 43). 1437 bytes result sent to driver
20/02/16 01:17:04 INFO TaskSetManager: Starting task 19.0 in stage 1.0 (TID 47, localhost, executor driver, partition 19, PROCESS_LOCAL, 8269 bytes)
20/02/16 01:17:04 INFO Executor: Running task 19.0 in stage 1.0 (TID 47)
20/02/16 01:17:04 INFO TaskSetManager: Finished task 15.0 in stage 1.0 (TID 43) in 542872 ms on localhost (executor driver) (16/28)
20/02/16 01:17:05 INFO FileScanRDD: Reading File path: file:///edw/Reviews/SourceCode/data/asin_reviews.json, range: 2550136832-2684354560, partition values: [empty row]
20/02/16 01:18:09 INFO Executor: Finished task 16.0 in stage 1.0 (TID 44). 1480 bytes result sent to driver
20/02/16 01:18:09 INFO TaskSetManager: Starting task 20.0 in stage 1.0 (TID 48, localhost, executor driver, partition 20, PROCESS_LOCAL, 8269 bytes)
20/02/16 01:18:09 INFO TaskSetManager: Finished task 16.0 in stage 1.0 (TID 44) in 553987 ms on localhost (executor driver) (17/28)
20/02/16 01:18:09 INFO Executor: Running task 20.0 in stage 1.0 (TID 48)
20/02/16 01:18:09 INFO FileScanRDD: Reading File path: file:///edw/Reviews/SourceCode/data/asin_reviews.json, range: 2684354560-2818572288, partition values: [empty row]
20/02/16 01:18:18 INFO Executor: Finished task 17.0 in stage 1.0 (TID 45). 1394 bytes result sent to driver
20/02/16 01:18:18 INFO TaskSetManager: Starting task 21.0 in stage 1.0 (TID 49, localhost, executor driver, partition 21, PROCESS_LOCAL, 8269 bytes)
20/02/16 01:18:18 INFO TaskSetManager: Finished task 17.0 in stage 1.0 (TID 45) in 560461 ms on localhost (executor driver) (18/28)
20/02/16 01:18:18 INFO Executor: Running task 21.0 in stage 1.0 (TID 49)
20/02/16 01:18:29 INFO FileScanRDD: Reading File path: file:///edw/Reviews/SourceCode/data/asin_reviews.json, range: 2818572288-2952790016, partition values: [empty row]
20/02/16 01:22:50 INFO Executor: Finished task 18.0 in stage 1.0 (TID 46). 1394 bytes result sent to driver
20/02/16 01:22:50 INFO TaskSetManager: Starting task 22.0 in stage 1.0 (TID 50, localhost, executor driver, partition 22, PROCESS_LOCAL, 8269 bytes)
20/02/16 01:22:50 INFO TaskSetManager: Finished task 18.0 in stage 1.0 (TID 46) in 657302 ms on localhost (executor driver) (19/28)
20/02/16 01:22:50 INFO Executor: Running task 22.0 in stage 1.0 (TID 50)
20/02/16 01:26:06 INFO FileScanRDD: Reading File path: file:///edw/Reviews/SourceCode/data/asin_reviews.json, range: 2952790016-3087007744, partition values: [empty row]
20/02/16 01:26:37 INFO Executor: Finished task 19.0 in stage 1.0 (TID 47). 1394 bytes result sent to driver
20/02/16 01:26:37 INFO TaskSetManager: Starting task 23.0 in stage 1.0 (TID 51, localhost, executor driver, partition 23, PROCESS_LOCAL, 8269 bytes)
20/02/16 01:26:37 INFO TaskSetManager: Finished task 19.0 in stage 1.0 (TID 47) in 573538 ms on localhost (executor driver) (20/28)
20/02/16 01:26:37 INFO Executor: Running task 23.0 in stage 1.0 (TID 51)
20/02/16 01:26:39 INFO FileScanRDD: Reading File path: file:///edw/Reviews/SourceCode/data/asin_reviews.json, range: 3087007744-3221225472, partition values: [empty row]
20/02/16 01:28:05 INFO Executor: Finished task 21.0 in stage 1.0 (TID 49). 1437 bytes result sent to driver
20/02/16 01:28:05 INFO TaskSetManager: Starting task 24.0 in stage 1.0 (TID 52, localhost, executor driver, partition 24, PROCESS_LOCAL, 8269 bytes)
20/02/16 01:28:05 INFO TaskSetManager: Finished task 21.0 in stage 1.0 (TID 49) in 586504 ms on localhost (executor driver) (21/28)
20/02/16 01:28:05 INFO Executor: Running task 24.0 in stage 1.0 (TID 52)
20/02/16 01:28:05 INFO FileScanRDD: Reading File path: file:///edw/Reviews/SourceCode/data/asin_reviews.json, range: 3221225472-3355443200, partition values: [empty row]
20/02/16 01:28:07 INFO ContextCleaner: Cleaned accumulator 7
20/02/16 01:28:07 INFO ContextCleaner: Cleaned accumulator 27
20/02/16 01:28:07 INFO ContextCleaner: Cleaned accumulator 12
20/02/16 01:28:07 INFO ContextCleaner: Cleaned accumulator 17
20/02/16 01:28:07 INFO ContextCleaner: Cleaned accumulator 6
20/02/16 01:28:07 INFO ContextCleaner: Cleaned accumulator 15
20/02/16 01:28:07 INFO ContextCleaner: Cleaned accumulator 29
20/02/16 01:28:07 INFO ContextCleaner: Cleaned accumulator 8
20/02/16 01:28:07 INFO ContextCleaner: Cleaned accumulator 11
20/02/16 01:28:07 INFO ContextCleaner: Cleaned accumulator 20
20/02/16 01:28:07 INFO ContextCleaner: Cleaned accumulator 9
20/02/16 01:28:07 INFO ContextCleaner: Cleaned accumulator 13
20/02/16 01:28:14 INFO BlockManagerInfo: Removed broadcast_1_piece0 on 192.168.1.25:4630 in memory (size: 6.7 KB, free: 366.2 MB)
20/02/16 01:28:15 INFO BlockManagerInfo: Removed broadcast_0_piece0 on 192.168.1.25:4630 in memory (size: 23.3 KB, free: 366.2 MB)
20/02/16 01:28:15 INFO ContextCleaner: Cleaned accumulator 30
20/02/16 01:28:15 INFO ContextCleaner: Cleaned accumulator 22
20/02/16 01:28:15 INFO ContextCleaner: Cleaned accumulator 28
20/02/16 01:28:15 INFO ContextCleaner: Cleaned accumulator 21
20/02/16 01:28:15 INFO ContextCleaner: Cleaned accumulator 1
20/02/16 01:28:15 INFO ContextCleaner: Cleaned accumulator 18
20/02/16 01:28:15 INFO ContextCleaner: Cleaned accumulator 4
20/02/16 01:28:15 INFO ContextCleaner: Cleaned accumulator 23
20/02/16 01:28:15 INFO ContextCleaner: Cleaned accumulator 16
20/02/16 01:28:15 INFO ContextCleaner: Cleaned accumulator 5
20/02/16 01:28:15 INFO ContextCleaner: Cleaned accumulator 10
20/02/16 01:28:15 INFO ContextCleaner: Cleaned accumulator 25
20/02/16 01:28:15 INFO ContextCleaner: Cleaned accumulator 2
20/02/16 01:28:15 INFO ContextCleaner: Cleaned accumulator 3
20/02/16 01:28:15 INFO ContextCleaner: Cleaned accumulator 14
20/02/16 01:28:15 INFO ContextCleaner: Cleaned accumulator 26
20/02/16 01:28:15 INFO ContextCleaner: Cleaned accumulator 24
20/02/16 01:28:15 INFO ContextCleaner: Cleaned accumulator 19
20/02/16 01:28:28 INFO Executor: Finished task 20.0 in stage 1.0 (TID 48). 1394 bytes result sent to driver
20/02/16 01:28:28 INFO TaskSetManager: Starting task 25.0 in stage 1.0 (TID 53, localhost, executor driver, partition 25, PROCESS_LOCAL, 8269 bytes)
20/02/16 01:28:28 INFO TaskSetManager: Finished task 20.0 in stage 1.0 (TID 48) in 619229 ms on localhost (executor driver) (22/28)
20/02/16 01:28:28 INFO Executor: Running task 25.0 in stage 1.0 (TID 53)
20/02/16 01:28:30 INFO FileScanRDD: Reading File path: file:///edw/Reviews/SourceCode/data/asin_reviews.json, range: 3355443200-3489660928, partition values: [empty row]
20/02/16 01:32:06 INFO Executor: Finished task 23.0 in stage 1.0 (TID 51). 1394 bytes result sent to driver
20/02/16 01:32:06 INFO TaskSetManager: Starting task 26.0 in stage 1.0 (TID 54, localhost, executor driver, partition 26, PROCESS_LOCAL, 8269 bytes)
20/02/16 01:32:06 INFO TaskSetManager: Finished task 23.0 in stage 1.0 (TID 51) in 328822 ms on localhost (executor driver) (23/28)
20/02/16 01:32:06 INFO Executor: Running task 26.0 in stage 1.0 (TID 54)
20/02/16 01:33:07 INFO FileScanRDD: Reading File path: file:///edw/Reviews/SourceCode/data/asin_reviews.json, range: 3489660928-3623878656, partition values: [empty row]
20/02/16 01:33:09 INFO Executor: Finished task 22.0 in stage 1.0 (TID 50). 1394 bytes result sent to driver
20/02/16 01:33:09 INFO TaskSetManager: Starting task 27.0 in stage 1.0 (TID 55, localhost, executor driver, partition 27, PROCESS_LOCAL, 8269 bytes)
20/02/16 01:33:09 INFO TaskSetManager: Finished task 22.0 in stage 1.0 (TID 50) in 618905 ms on localhost (executor driver) (24/28)
20/02/16 01:33:09 INFO Executor: Running task 27.0 in stage 1.0 (TID 55)
20/02/16 01:33:09 INFO FileScanRDD: Reading File path: file:///edw/Reviews/SourceCode/data/asin_reviews.json, range: 3623878656-3711377731, partition values: [empty row]
20/02/16 01:33:47 INFO Executor: Finished task 24.0 in stage 1.0 (TID 52). 1437 bytes result sent to driver
20/02/16 01:33:47 INFO TaskSetManager: Finished task 24.0 in stage 1.0 (TID 52) in 341581 ms on localhost (executor driver) (25/28)
20/02/16 01:34:20 INFO Executor: Finished task 25.0 in stage 1.0 (TID 53). 1394 bytes result sent to driver
20/02/16 01:34:20 INFO TaskSetManager: Finished task 25.0 in stage 1.0 (TID 53) in 351501 ms on localhost (executor driver) (26/28)
20/02/16 01:34:50 INFO Executor: Finished task 27.0 in stage 1.0 (TID 55). 1394 bytes result sent to driver
20/02/16 01:34:50 INFO TaskSetManager: Finished task 27.0 in stage 1.0 (TID 55) in 100629 ms on localhost (executor driver) (27/28)
20/02/16 01:37:27 INFO Executor: Finished task 26.0 in stage 1.0 (TID 54). 1437 bytes result sent to driver
20/02/16 01:37:27 INFO TaskSetManager: Finished task 26.0 in stage 1.0 (TID 54) in 321015 ms on localhost (executor driver) (28/28)
20/02/16 01:37:27 INFO TaskSchedulerImpl: Removed TaskSet 1.0, whose tasks have all completed, from pool 
20/02/16 01:37:27 INFO DAGScheduler: ResultStage 1 (jdbc at NativeMethodAccessorImpl.java:0) finished in 2107.452 s
20/02/16 01:37:27 INFO DAGScheduler: Job 1 finished: jdbc at NativeMethodAccessorImpl.java:0, took 2107.460430 s
20/02/16 01:37:37 INFO SparkContext: Invoking stop() from shutdown hook
20/02/16 01:37:38 INFO SparkUI: Stopped Spark web UI at http://192.168.1.25:4040
20/02/16 01:37:40 INFO MapOutputTrackerMasterEndpoint: MapOutputTrackerMasterEndpoint stopped!
20/02/16 01:37:40 INFO MemoryStore: MemoryStore cleared
20/02/16 01:37:41 INFO BlockManager: BlockManager stopped
20/02/16 01:37:41 INFO BlockManagerMaster: BlockManagerMaster stopped
20/02/16 01:37:41 INFO OutputCommitCoordinator$OutputCommitCoordinatorEndpoint: OutputCommitCoordinator stopped!
20/02/16 01:37:42 INFO SparkContext: Successfully stopped SparkContext
20/02/16 01:37:42 INFO ShutdownHookManager: Shutdown hook called
20/02/16 01:37:42 INFO ShutdownHookManager: Deleting directory /tmp/spark-a64fd745-70c0-41d4-aa0a-8d12644f9a0d
20/02/16 01:37:42 INFO ShutdownHookManager: Deleting directory /tmp/spark-3fb3014b-e2e5-4e18-8f3c-e910b2ecbbbb/pyspark-0f6bdd88-2d17-48a7-a096-b183ebe38ccd
20/02/16 01:37:42 INFO ShutdownHookManager: Deleting directory /tmp/spark-3fb3014b-e2e5-4e18-8f3c-e910b2ecbbbb
###################################################################################################################################
###################################################################################################################################
Load to ODS in progress
###################################################################################################################################
###################################################################################################################################
begin;
BEGIN
	  UPDATE "STAGE_DB".REVIEWS 
	  SET reviewerName = RS.reviewerName
	  , reviewRating = RS.reviewRating
	  , odsUpdateTd = current_timestamp(0)
	  FROM "WORK_DB".REVIEWS_WT RS
	  WHERE REVIEWS.reviewerID = RS.reviewerID
	  AND REVIEWS.asin = RS.asin
	  AND REVIEWS.reviewDate = RS.reviewDate;
UPDATE 0
	
	INSERT INTO "STAGE_DB".REVIEWS
	SELECT RS.reviewerID, RS.asin, RS.reviewerName, RS.reviewRating , RS.reviewDate, current_timestamp(0), current_timestamp(0)
	FROM "WORK_DB".REVIEWS_WT RS
	LEFT OUTER JOIN "STAGE_DB".REVIEWS RV
	ON RS.reviewerID = RV.reviewerID
	AND RS.asin = RV.asin
	AND RS.reviewDate = RV.reviewDate
	WHERE RV.reviewerID IS NULL
	AND RV.asin IS NULL
	AND RV.reviewDate IS NULL;
INSERT 0 4000000
	TRUNCATE "WORK_DB".REVIEWS_WT;
TRUNCATE TABLE
commit;
COMMIT
###################################################################################################################################
###################################################################################################################################
File archival in progress
###################################################################################################################################
###################################################################################################################################
