###################################################################################################################################
###################################################################################################################################
Load to stage in progress
###################################################################################################################################
###################################################################################################################################
20/02/16 03:02:42 WARN Utils: Your hostname, DESKTOP-502C4I4 resolves to a loopback address: 127.0.1.1; using 192.168.1.25 instead (on interface wifi0)
20/02/16 03:02:42 WARN Utils: Set SPARK_LOCAL_IP if you need to bind to another address
20/02/16 03:02:44 WARN NativeCodeLoader: Unable to load native-hadoop library for your platform... using builtin-java classes where applicable
Using Spark's default log4j profile: org/apache/spark/log4j-defaults.properties
20/02/16 03:02:54 INFO SparkContext: Running Spark version 2.4.5
20/02/16 03:02:54 INFO SparkContext: Submitted application: ReviewsOdsSession
20/02/16 03:02:55 INFO SecurityManager: Changing view acls to: devetluser
20/02/16 03:02:55 INFO SecurityManager: Changing modify acls to: devetluser
20/02/16 03:02:55 INFO SecurityManager: Changing view acls groups to: 
20/02/16 03:02:55 INFO SecurityManager: Changing modify acls groups to: 
20/02/16 03:02:55 INFO SecurityManager: SecurityManager: authentication disabled; ui acls disabled; users  with view permissions: Set(devetluser); groups with view permissions: Set(); users  with modify permissions: Set(devetluser); groups with modify permissions: Set()
20/02/16 03:02:56 INFO Utils: Successfully started service 'sparkDriver' on port 5203.
20/02/16 03:02:56 INFO SparkEnv: Registering MapOutputTracker
20/02/16 03:02:56 INFO SparkEnv: Registering BlockManagerMaster
20/02/16 03:02:56 INFO BlockManagerMasterEndpoint: Using org.apache.spark.storage.DefaultTopologyMapper for getting topology information
20/02/16 03:02:56 INFO BlockManagerMasterEndpoint: BlockManagerMasterEndpoint up
20/02/16 03:02:56 INFO DiskBlockManager: Created local directory at /tmp/blockmgr-a97d56db-f878-40c8-a461-2f090366093d
20/02/16 03:02:56 INFO MemoryStore: MemoryStore started with capacity 366.3 MB
20/02/16 03:02:56 INFO SparkEnv: Registering OutputCommitCoordinator
20/02/16 03:02:57 INFO Utils: Successfully started service 'SparkUI' on port 4040.
20/02/16 03:02:57 INFO SparkUI: Bound SparkUI to 0.0.0.0, and started at http://192.168.1.25:4040
20/02/16 03:02:57 INFO Executor: Starting executor ID driver on host localhost
20/02/16 03:02:58 INFO Utils: Successfully started service 'org.apache.spark.network.netty.NettyBlockTransferService' on port 5207.
20/02/16 03:02:58 INFO NettyBlockTransferService: Server created on 192.168.1.25:5207
20/02/16 03:02:58 INFO BlockManager: Using org.apache.spark.storage.RandomBlockReplicationPolicy for block replication policy
20/02/16 03:02:58 INFO BlockManagerMaster: Registering BlockManager BlockManagerId(driver, 192.168.1.25, 5207, None)
20/02/16 03:02:58 INFO BlockManagerMasterEndpoint: Registering block manager 192.168.1.25:5207 with 366.3 MB RAM, BlockManagerId(driver, 192.168.1.25, 5207, None)
20/02/16 03:02:58 INFO BlockManagerMaster: Registered BlockManager BlockManagerId(driver, 192.168.1.25, 5207, None)
20/02/16 03:02:58 INFO BlockManager: Initialized BlockManager: BlockManagerId(driver, 192.168.1.25, 5207, None)
20/02/16 03:03:00 INFO SharedState: Setting hive.metastore.warehouse.dir ('null') to the value of spark.sql.warehouse.dir ('file:/edw/Reviews/SourceCode/bash/spark-warehouse').
20/02/16 03:03:00 INFO SharedState: Warehouse path is 'file:/edw/Reviews/SourceCode/bash/spark-warehouse'.
20/02/16 03:03:02 INFO StateStoreCoordinatorRef: Registered StateStoreCoordinator endpoint
20/02/16 03:03:03 INFO InMemoryFileIndex: It took 393 ms to list leaf files for 1 paths.
20/02/16 03:03:04 INFO InMemoryFileIndex: It took 16 ms to list leaf files for 1 paths.
20/02/16 03:03:10 INFO FileSourceStrategy: Pruning directories with: 
20/02/16 03:03:10 INFO FileSourceStrategy: Post-Scan Filters: 
20/02/16 03:03:10 INFO FileSourceStrategy: Output Data Schema: struct<value: string>
20/02/16 03:03:10 INFO FileSourceScanExec: Pushed Filters: 
20/02/16 03:03:13 INFO CodeGenerator: Code generated in 626.5992 ms
20/02/16 03:03:13 INFO MemoryStore: Block broadcast_0 stored as values in memory (estimated size 282.9 KB, free 366.0 MB)
20/02/16 03:03:14 INFO MemoryStore: Block broadcast_0_piece0 stored as bytes in memory (estimated size 23.3 KB, free 366.0 MB)
20/02/16 03:03:14 INFO BlockManagerInfo: Added broadcast_0_piece0 in memory on 192.168.1.25:5207 (size: 23.3 KB, free: 366.3 MB)
20/02/16 03:03:14 INFO SparkContext: Created broadcast 0 from json at NativeMethodAccessorImpl.java:0
20/02/16 03:03:14 INFO FileSourceScanExec: Planning scan with bin packing, max size: 134217728 bytes, open cost is considered as scanning 4194304 bytes.
20/02/16 03:03:14 INFO SparkContext: Starting job: json at NativeMethodAccessorImpl.java:0
20/02/16 03:03:14 INFO DAGScheduler: Got job 0 (json at NativeMethodAccessorImpl.java:0) with 35 output partitions
20/02/16 03:03:14 INFO DAGScheduler: Final stage: ResultStage 0 (json at NativeMethodAccessorImpl.java:0)
20/02/16 03:03:14 INFO DAGScheduler: Parents of final stage: List()
20/02/16 03:03:14 INFO DAGScheduler: Missing parents: List()
20/02/16 03:03:14 INFO DAGScheduler: Submitting ResultStage 0 (MapPartitionsRDD[3] at json at NativeMethodAccessorImpl.java:0), which has no missing parents
20/02/16 03:03:15 INFO MemoryStore: Block broadcast_1 stored as values in memory (estimated size 11.6 KB, free 366.0 MB)
20/02/16 03:03:15 INFO MemoryStore: Block broadcast_1_piece0 stored as bytes in memory (estimated size 6.7 KB, free 366.0 MB)
20/02/16 03:03:15 INFO BlockManagerInfo: Added broadcast_1_piece0 in memory on 192.168.1.25:5207 (size: 6.7 KB, free: 366.3 MB)
20/02/16 03:03:15 INFO SparkContext: Created broadcast 1 from broadcast at DAGScheduler.scala:1163
20/02/16 03:03:15 INFO DAGScheduler: Submitting 35 missing tasks from ResultStage 0 (MapPartitionsRDD[3] at json at NativeMethodAccessorImpl.java:0) (first 15 tasks are for partitions Vector(0, 1, 2, 3, 4, 5, 6, 7, 8, 9, 10, 11, 12, 13, 14))
20/02/16 03:03:15 INFO TaskSchedulerImpl: Adding task set 0.0 with 35 tasks
20/02/16 03:03:15 INFO TaskSetManager: Starting task 0.0 in stage 0.0 (TID 0, localhost, executor driver, partition 0, PROCESS_LOCAL, 8269 bytes)
20/02/16 03:03:15 INFO TaskSetManager: Starting task 1.0 in stage 0.0 (TID 1, localhost, executor driver, partition 1, PROCESS_LOCAL, 8269 bytes)
20/02/16 03:03:15 INFO TaskSetManager: Starting task 2.0 in stage 0.0 (TID 2, localhost, executor driver, partition 2, PROCESS_LOCAL, 8269 bytes)
20/02/16 03:03:15 INFO TaskSetManager: Starting task 3.0 in stage 0.0 (TID 3, localhost, executor driver, partition 3, PROCESS_LOCAL, 8269 bytes)
20/02/16 03:03:15 INFO Executor: Running task 0.0 in stage 0.0 (TID 0)
20/02/16 03:03:15 INFO Executor: Running task 2.0 in stage 0.0 (TID 2)
20/02/16 03:03:15 INFO Executor: Running task 1.0 in stage 0.0 (TID 1)
20/02/16 03:03:15 INFO Executor: Running task 3.0 in stage 0.0 (TID 3)
20/02/16 03:03:15 INFO FileScanRDD: Reading File path: file:///edw/Reviews/SourceCode/data/asin_reviews.json, range: 134217728-268435456, partition values: [empty row]
20/02/16 03:03:15 INFO FileScanRDD: Reading File path: file:///edw/Reviews/SourceCode/data/asin_reviews.json, range: 0-134217728, partition values: [empty row]
20/02/16 03:03:15 INFO FileScanRDD: Reading File path: file:///edw/Reviews/SourceCode/data/asin_reviews.json, range: 268435456-402653184, partition values: [empty row]
20/02/16 03:03:15 INFO FileScanRDD: Reading File path: file:///edw/Reviews/SourceCode/data/asin_reviews.json, range: 402653184-536870912, partition values: [empty row]
20/02/16 03:03:15 INFO CodeGenerator: Code generated in 23.3122 ms
20/02/16 03:03:42 INFO Executor: Finished task 2.0 in stage 0.0 (TID 2). 2350 bytes result sent to driver
20/02/16 03:03:42 INFO Executor: Finished task 3.0 in stage 0.0 (TID 3). 2350 bytes result sent to driver
20/02/16 03:03:42 INFO TaskSetManager: Starting task 4.0 in stage 0.0 (TID 4, localhost, executor driver, partition 4, PROCESS_LOCAL, 8269 bytes)
20/02/16 03:03:42 INFO Executor: Running task 4.0 in stage 0.0 (TID 4)
20/02/16 03:03:42 INFO TaskSetManager: Starting task 5.0 in stage 0.0 (TID 5, localhost, executor driver, partition 5, PROCESS_LOCAL, 8269 bytes)
20/02/16 03:03:42 INFO Executor: Running task 5.0 in stage 0.0 (TID 5)
20/02/16 03:03:42 INFO FileScanRDD: Reading File path: file:///edw/Reviews/SourceCode/data/asin_reviews.json, range: 536870912-671088640, partition values: [empty row]
20/02/16 03:03:42 INFO FileScanRDD: Reading File path: file:///edw/Reviews/SourceCode/data/asin_reviews.json, range: 671088640-805306368, partition values: [empty row]
20/02/16 03:03:42 INFO TaskSetManager: Finished task 3.0 in stage 0.0 (TID 3) in 27410 ms on localhost (executor driver) (1/35)
20/02/16 03:03:42 INFO TaskSetManager: Finished task 2.0 in stage 0.0 (TID 2) in 27453 ms on localhost (executor driver) (2/35)
20/02/16 03:03:46 INFO Executor: Finished task 1.0 in stage 0.0 (TID 1). 2307 bytes result sent to driver
20/02/16 03:03:46 INFO TaskSetManager: Starting task 6.0 in stage 0.0 (TID 6, localhost, executor driver, partition 6, PROCESS_LOCAL, 8269 bytes)
20/02/16 03:03:46 INFO Executor: Running task 6.0 in stage 0.0 (TID 6)
20/02/16 03:03:46 INFO TaskSetManager: Finished task 1.0 in stage 0.0 (TID 1) in 31125 ms on localhost (executor driver) (3/35)
20/02/16 03:03:46 INFO FileScanRDD: Reading File path: file:///edw/Reviews/SourceCode/data/asin_reviews.json, range: 805306368-939524096, partition values: [empty row]
20/02/16 03:03:56 INFO Executor: Finished task 0.0 in stage 0.0 (TID 0). 2350 bytes result sent to driver
20/02/16 03:03:56 INFO TaskSetManager: Starting task 7.0 in stage 0.0 (TID 7, localhost, executor driver, partition 7, PROCESS_LOCAL, 8269 bytes)
20/02/16 03:03:56 INFO Executor: Running task 7.0 in stage 0.0 (TID 7)
20/02/16 03:03:56 INFO TaskSetManager: Finished task 0.0 in stage 0.0 (TID 0) in 41557 ms on localhost (executor driver) (4/35)
20/02/16 03:03:56 INFO FileScanRDD: Reading File path: file:///edw/Reviews/SourceCode/data/asin_reviews.json, range: 939524096-1073741824, partition values: [empty row]
20/02/16 03:04:06 INFO Executor: Finished task 5.0 in stage 0.0 (TID 5). 2307 bytes result sent to driver
20/02/16 03:04:06 INFO TaskSetManager: Starting task 8.0 in stage 0.0 (TID 8, localhost, executor driver, partition 8, PROCESS_LOCAL, 8269 bytes)
20/02/16 03:04:06 INFO Executor: Running task 8.0 in stage 0.0 (TID 8)
20/02/16 03:04:06 INFO TaskSetManager: Finished task 5.0 in stage 0.0 (TID 5) in 23707 ms on localhost (executor driver) (5/35)
20/02/16 03:04:06 INFO FileScanRDD: Reading File path: file:///edw/Reviews/SourceCode/data/asin_reviews.json, range: 1073741824-1207959552, partition values: [empty row]
20/02/16 03:04:13 INFO Executor: Finished task 4.0 in stage 0.0 (TID 4). 2307 bytes result sent to driver
20/02/16 03:04:13 INFO TaskSetManager: Starting task 9.0 in stage 0.0 (TID 9, localhost, executor driver, partition 9, PROCESS_LOCAL, 8269 bytes)
20/02/16 03:04:13 INFO Executor: Running task 9.0 in stage 0.0 (TID 9)
20/02/16 03:04:13 INFO TaskSetManager: Finished task 4.0 in stage 0.0 (TID 4) in 30592 ms on localhost (executor driver) (6/35)
20/02/16 03:04:13 INFO FileScanRDD: Reading File path: file:///edw/Reviews/SourceCode/data/asin_reviews.json, range: 1207959552-1342177280, partition values: [empty row]
20/02/16 03:04:14 INFO Executor: Finished task 6.0 in stage 0.0 (TID 6). 2307 bytes result sent to driver
20/02/16 03:04:14 INFO TaskSetManager: Starting task 10.0 in stage 0.0 (TID 10, localhost, executor driver, partition 10, PROCESS_LOCAL, 8269 bytes)
20/02/16 03:04:14 INFO TaskSetManager: Finished task 6.0 in stage 0.0 (TID 6) in 27676 ms on localhost (executor driver) (7/35)
20/02/16 03:04:14 INFO Executor: Running task 10.0 in stage 0.0 (TID 10)
20/02/16 03:04:14 INFO FileScanRDD: Reading File path: file:///edw/Reviews/SourceCode/data/asin_reviews.json, range: 1342177280-1476395008, partition values: [empty row]
20/02/16 03:04:28 INFO Executor: Finished task 7.0 in stage 0.0 (TID 7). 2307 bytes result sent to driver
20/02/16 03:04:28 INFO TaskSetManager: Starting task 11.0 in stage 0.0 (TID 11, localhost, executor driver, partition 11, PROCESS_LOCAL, 8269 bytes)
20/02/16 03:04:28 INFO Executor: Running task 11.0 in stage 0.0 (TID 11)
20/02/16 03:04:28 INFO TaskSetManager: Finished task 7.0 in stage 0.0 (TID 7) in 31146 ms on localhost (executor driver) (8/35)
20/02/16 03:04:28 INFO FileScanRDD: Reading File path: file:///edw/Reviews/SourceCode/data/asin_reviews.json, range: 1476395008-1610612736, partition values: [empty row]
20/02/16 03:04:38 INFO Executor: Finished task 10.0 in stage 0.0 (TID 10). 2307 bytes result sent to driver
20/02/16 03:04:38 INFO TaskSetManager: Starting task 12.0 in stage 0.0 (TID 12, localhost, executor driver, partition 12, PROCESS_LOCAL, 8269 bytes)
20/02/16 03:04:38 INFO TaskSetManager: Finished task 10.0 in stage 0.0 (TID 10) in 24133 ms on localhost (executor driver) (9/35)
20/02/16 03:04:38 INFO Executor: Running task 12.0 in stage 0.0 (TID 12)
20/02/16 03:04:38 INFO FileScanRDD: Reading File path: file:///edw/Reviews/SourceCode/data/asin_reviews.json, range: 1610612736-1744830464, partition values: [empty row]
20/02/16 03:04:38 INFO Executor: Finished task 8.0 in stage 0.0 (TID 8). 2264 bytes result sent to driver
20/02/16 03:04:38 INFO TaskSetManager: Starting task 13.0 in stage 0.0 (TID 13, localhost, executor driver, partition 13, PROCESS_LOCAL, 8269 bytes)
20/02/16 03:04:38 INFO Executor: Running task 13.0 in stage 0.0 (TID 13)
20/02/16 03:04:38 INFO TaskSetManager: Finished task 8.0 in stage 0.0 (TID 8) in 32343 ms on localhost (executor driver) (10/35)
20/02/16 03:04:38 INFO FileScanRDD: Reading File path: file:///edw/Reviews/SourceCode/data/asin_reviews.json, range: 1744830464-1879048192, partition values: [empty row]
20/02/16 03:04:47 INFO Executor: Finished task 11.0 in stage 0.0 (TID 11). 2307 bytes result sent to driver
20/02/16 03:04:47 INFO TaskSetManager: Starting task 14.0 in stage 0.0 (TID 14, localhost, executor driver, partition 14, PROCESS_LOCAL, 8269 bytes)
20/02/16 03:04:47 INFO Executor: Running task 14.0 in stage 0.0 (TID 14)
20/02/16 03:04:47 INFO TaskSetManager: Finished task 11.0 in stage 0.0 (TID 11) in 19790 ms on localhost (executor driver) (11/35)
20/02/16 03:04:47 INFO FileScanRDD: Reading File path: file:///edw/Reviews/SourceCode/data/asin_reviews.json, range: 1879048192-2013265920, partition values: [empty row]
20/02/16 03:04:49 INFO Executor: Finished task 9.0 in stage 0.0 (TID 9). 2264 bytes result sent to driver
20/02/16 03:04:49 INFO TaskSetManager: Starting task 15.0 in stage 0.0 (TID 15, localhost, executor driver, partition 15, PROCESS_LOCAL, 8269 bytes)
20/02/16 03:04:49 INFO Executor: Running task 15.0 in stage 0.0 (TID 15)
20/02/16 03:04:49 INFO TaskSetManager: Finished task 9.0 in stage 0.0 (TID 9) in 36074 ms on localhost (executor driver) (12/35)
20/02/16 03:04:49 INFO FileScanRDD: Reading File path: file:///edw/Reviews/SourceCode/data/asin_reviews.json, range: 2013265920-2147483648, partition values: [empty row]
20/02/16 03:05:07 INFO Executor: Finished task 12.0 in stage 0.0 (TID 12). 2264 bytes result sent to driver
20/02/16 03:05:07 INFO TaskSetManager: Starting task 16.0 in stage 0.0 (TID 16, localhost, executor driver, partition 16, PROCESS_LOCAL, 8269 bytes)
20/02/16 03:05:07 INFO TaskSetManager: Finished task 12.0 in stage 0.0 (TID 12) in 28970 ms on localhost (executor driver) (13/35)
20/02/16 03:05:07 INFO Executor: Running task 16.0 in stage 0.0 (TID 16)
20/02/16 03:05:07 INFO FileScanRDD: Reading File path: file:///edw/Reviews/SourceCode/data/asin_reviews.json, range: 2147483648-2281701376, partition values: [empty row]
20/02/16 03:05:17 INFO Executor: Finished task 13.0 in stage 0.0 (TID 13). 2307 bytes result sent to driver
20/02/16 03:05:17 INFO TaskSetManager: Starting task 17.0 in stage 0.0 (TID 17, localhost, executor driver, partition 17, PROCESS_LOCAL, 8269 bytes)
20/02/16 03:05:17 INFO TaskSetManager: Finished task 13.0 in stage 0.0 (TID 13) in 38520 ms on localhost (executor driver) (14/35)
20/02/16 03:05:17 INFO Executor: Running task 17.0 in stage 0.0 (TID 17)
20/02/16 03:05:17 INFO FileScanRDD: Reading File path: file:///edw/Reviews/SourceCode/data/asin_reviews.json, range: 2281701376-2415919104, partition values: [empty row]
20/02/16 03:05:22 INFO Executor: Finished task 14.0 in stage 0.0 (TID 14). 2264 bytes result sent to driver
20/02/16 03:05:22 INFO TaskSetManager: Starting task 18.0 in stage 0.0 (TID 18, localhost, executor driver, partition 18, PROCESS_LOCAL, 8269 bytes)
20/02/16 03:05:22 INFO Executor: Running task 18.0 in stage 0.0 (TID 18)
20/02/16 03:05:22 INFO TaskSetManager: Finished task 14.0 in stage 0.0 (TID 14) in 34971 ms on localhost (executor driver) (15/35)
20/02/16 03:05:22 INFO FileScanRDD: Reading File path: file:///edw/Reviews/SourceCode/data/asin_reviews.json, range: 2415919104-2550136832, partition values: [empty row]
20/02/16 03:05:26 INFO Executor: Finished task 15.0 in stage 0.0 (TID 15). 2264 bytes result sent to driver
20/02/16 03:05:26 INFO TaskSetManager: Starting task 19.0 in stage 0.0 (TID 19, localhost, executor driver, partition 19, PROCESS_LOCAL, 8269 bytes)
20/02/16 03:05:26 INFO Executor: Running task 19.0 in stage 0.0 (TID 19)
20/02/16 03:05:26 INFO TaskSetManager: Finished task 15.0 in stage 0.0 (TID 15) in 37112 ms on localhost (executor driver) (16/35)
20/02/16 03:05:26 INFO FileScanRDD: Reading File path: file:///edw/Reviews/SourceCode/data/asin_reviews.json, range: 2550136832-2684354560, partition values: [empty row]
20/02/16 03:05:45 INFO Executor: Finished task 16.0 in stage 0.0 (TID 16). 2307 bytes result sent to driver
20/02/16 03:05:45 INFO TaskSetManager: Starting task 20.0 in stage 0.0 (TID 20, localhost, executor driver, partition 20, PROCESS_LOCAL, 8269 bytes)
20/02/16 03:05:45 INFO TaskSetManager: Finished task 16.0 in stage 0.0 (TID 16) in 38583 ms on localhost (executor driver) (17/35)
20/02/16 03:05:45 INFO Executor: Running task 20.0 in stage 0.0 (TID 20)
20/02/16 03:05:45 INFO FileScanRDD: Reading File path: file:///edw/Reviews/SourceCode/data/asin_reviews.json, range: 2684354560-2818572288, partition values: [empty row]
20/02/16 03:05:49 INFO Executor: Finished task 18.0 in stage 0.0 (TID 18). 2307 bytes result sent to driver
20/02/16 03:05:49 INFO TaskSetManager: Starting task 21.0 in stage 0.0 (TID 21, localhost, executor driver, partition 21, PROCESS_LOCAL, 8269 bytes)
20/02/16 03:05:49 INFO TaskSetManager: Finished task 18.0 in stage 0.0 (TID 18) in 26771 ms on localhost (executor driver) (18/35)
20/02/16 03:05:49 INFO Executor: Running task 21.0 in stage 0.0 (TID 21)
20/02/16 03:05:49 INFO FileScanRDD: Reading File path: file:///edw/Reviews/SourceCode/data/asin_reviews.json, range: 2818572288-2952790016, partition values: [empty row]
20/02/16 03:05:56 INFO Executor: Finished task 19.0 in stage 0.0 (TID 19). 2264 bytes result sent to driver
20/02/16 03:05:56 INFO TaskSetManager: Starting task 22.0 in stage 0.0 (TID 22, localhost, executor driver, partition 22, PROCESS_LOCAL, 8269 bytes)
20/02/16 03:05:56 INFO Executor: Running task 22.0 in stage 0.0 (TID 22)
20/02/16 03:05:56 INFO TaskSetManager: Finished task 19.0 in stage 0.0 (TID 19) in 29754 ms on localhost (executor driver) (19/35)
20/02/16 03:05:56 INFO FileScanRDD: Reading File path: file:///edw/Reviews/SourceCode/data/asin_reviews.json, range: 2952790016-3087007744, partition values: [empty row]
20/02/16 03:05:56 INFO Executor: Finished task 17.0 in stage 0.0 (TID 17). 2264 bytes result sent to driver
20/02/16 03:05:56 INFO TaskSetManager: Starting task 23.0 in stage 0.0 (TID 23, localhost, executor driver, partition 23, PROCESS_LOCAL, 8269 bytes)
20/02/16 03:05:56 INFO TaskSetManager: Finished task 17.0 in stage 0.0 (TID 17) in 39051 ms on localhost (executor driver) (20/35)
20/02/16 03:05:56 INFO Executor: Running task 23.0 in stage 0.0 (TID 23)
20/02/16 03:05:56 INFO FileScanRDD: Reading File path: file:///edw/Reviews/SourceCode/data/asin_reviews.json, range: 3087007744-3221225472, partition values: [empty row]
20/02/16 03:06:18 INFO Executor: Finished task 20.0 in stage 0.0 (TID 20). 2307 bytes result sent to driver
20/02/16 03:06:18 INFO TaskSetManager: Starting task 24.0 in stage 0.0 (TID 24, localhost, executor driver, partition 24, PROCESS_LOCAL, 8269 bytes)
20/02/16 03:06:18 INFO Executor: Running task 24.0 in stage 0.0 (TID 24)
20/02/16 03:06:18 INFO TaskSetManager: Finished task 20.0 in stage 0.0 (TID 20) in 32337 ms on localhost (executor driver) (21/35)
20/02/16 03:06:18 INFO FileScanRDD: Reading File path: file:///edw/Reviews/SourceCode/data/asin_reviews.json, range: 3221225472-3355443200, partition values: [empty row]
20/02/16 03:06:20 INFO Executor: Finished task 21.0 in stage 0.0 (TID 21). 2264 bytes result sent to driver
20/02/16 03:06:20 INFO TaskSetManager: Starting task 25.0 in stage 0.0 (TID 25, localhost, executor driver, partition 25, PROCESS_LOCAL, 8269 bytes)
20/02/16 03:06:20 INFO TaskSetManager: Finished task 21.0 in stage 0.0 (TID 21) in 31039 ms on localhost (executor driver) (22/35)
20/02/16 03:06:20 INFO Executor: Running task 25.0 in stage 0.0 (TID 25)
20/02/16 03:06:20 INFO FileScanRDD: Reading File path: file:///edw/Reviews/SourceCode/data/asin_reviews.json, range: 3355443200-3489660928, partition values: [empty row]
20/02/16 03:06:31 INFO Executor: Finished task 23.0 in stage 0.0 (TID 23). 2264 bytes result sent to driver
20/02/16 03:06:31 INFO TaskSetManager: Starting task 26.0 in stage 0.0 (TID 26, localhost, executor driver, partition 26, PROCESS_LOCAL, 8269 bytes)
20/02/16 03:06:31 INFO Executor: Running task 26.0 in stage 0.0 (TID 26)
20/02/16 03:06:31 INFO TaskSetManager: Finished task 23.0 in stage 0.0 (TID 23) in 34750 ms on localhost (executor driver) (23/35)
20/02/16 03:06:31 INFO FileScanRDD: Reading File path: file:///edw/Reviews/SourceCode/data/asin_reviews.json, range: 3489660928-3623878656, partition values: [empty row]
20/02/16 03:06:32 INFO Executor: Finished task 22.0 in stage 0.0 (TID 22). 2264 bytes result sent to driver
20/02/16 03:06:32 INFO TaskSetManager: Starting task 27.0 in stage 0.0 (TID 27, localhost, executor driver, partition 27, PROCESS_LOCAL, 8269 bytes)
20/02/16 03:06:32 INFO TaskSetManager: Finished task 22.0 in stage 0.0 (TID 22) in 35983 ms on localhost (executor driver) (24/35)
20/02/16 03:06:32 INFO Executor: Running task 27.0 in stage 0.0 (TID 27)
20/02/16 03:06:32 INFO FileScanRDD: Reading File path: file:///edw/Reviews/SourceCode/data/asin_reviews.json, range: 3623878656-3758096384, partition values: [empty row]
20/02/16 03:06:51 INFO Executor: Finished task 24.0 in stage 0.0 (TID 24). 2307 bytes result sent to driver
20/02/16 03:06:52 INFO TaskSetManager: Starting task 28.0 in stage 0.0 (TID 28, localhost, executor driver, partition 28, PROCESS_LOCAL, 8269 bytes)
20/02/16 03:06:52 INFO Executor: Running task 28.0 in stage 0.0 (TID 28)
20/02/16 03:06:52 INFO TaskSetManager: Finished task 24.0 in stage 0.0 (TID 24) in 33812 ms on localhost (executor driver) (25/35)
20/02/16 03:06:52 INFO FileScanRDD: Reading File path: file:///edw/Reviews/SourceCode/data/asin_reviews.json, range: 3758096384-3892314112, partition values: [empty row]
20/02/16 03:07:08 INFO Executor: Finished task 25.0 in stage 0.0 (TID 25). 2307 bytes result sent to driver
20/02/16 03:07:08 INFO TaskSetManager: Starting task 29.0 in stage 0.0 (TID 29, localhost, executor driver, partition 29, PROCESS_LOCAL, 8269 bytes)
20/02/16 03:07:08 INFO Executor: Running task 29.0 in stage 0.0 (TID 29)
20/02/16 03:07:08 INFO TaskSetManager: Finished task 25.0 in stage 0.0 (TID 25) in 48100 ms on localhost (executor driver) (26/35)
20/02/16 03:07:08 INFO FileScanRDD: Reading File path: file:///edw/Reviews/SourceCode/data/asin_reviews.json, range: 3892314112-4026531840, partition values: [empty row]
20/02/16 03:07:10 INFO Executor: Finished task 27.0 in stage 0.0 (TID 27). 2307 bytes result sent to driver
20/02/16 03:07:10 INFO TaskSetManager: Starting task 30.0 in stage 0.0 (TID 30, localhost, executor driver, partition 30, PROCESS_LOCAL, 8269 bytes)
20/02/16 03:07:10 INFO Executor: Running task 30.0 in stage 0.0 (TID 30)
20/02/16 03:07:10 INFO TaskSetManager: Finished task 27.0 in stage 0.0 (TID 27) in 38578 ms on localhost (executor driver) (27/35)
20/02/16 03:07:10 INFO FileScanRDD: Reading File path: file:///edw/Reviews/SourceCode/data/asin_reviews.json, range: 4026531840-4160749568, partition values: [empty row]
20/02/16 03:07:11 INFO Executor: Finished task 26.0 in stage 0.0 (TID 26). 2307 bytes result sent to driver
20/02/16 03:07:11 INFO TaskSetManager: Starting task 31.0 in stage 0.0 (TID 31, localhost, executor driver, partition 31, PROCESS_LOCAL, 8269 bytes)
20/02/16 03:07:11 INFO Executor: Running task 31.0 in stage 0.0 (TID 31)
20/02/16 03:07:11 INFO TaskSetManager: Finished task 26.0 in stage 0.0 (TID 26) in 40499 ms on localhost (executor driver) (28/35)
20/02/16 03:07:11 INFO FileScanRDD: Reading File path: file:///edw/Reviews/SourceCode/data/asin_reviews.json, range: 4160749568-4294967296, partition values: [empty row]
20/02/16 03:07:26 INFO Executor: Finished task 28.0 in stage 0.0 (TID 28). 2264 bytes result sent to driver
20/02/16 03:07:26 INFO TaskSetManager: Starting task 32.0 in stage 0.0 (TID 32, localhost, executor driver, partition 32, PROCESS_LOCAL, 8269 bytes)
20/02/16 03:07:26 INFO TaskSetManager: Finished task 28.0 in stage 0.0 (TID 28) in 34824 ms on localhost (executor driver) (29/35)
20/02/16 03:07:26 INFO Executor: Running task 32.0 in stage 0.0 (TID 32)
20/02/16 03:07:26 INFO FileScanRDD: Reading File path: file:///edw/Reviews/SourceCode/data/asin_reviews.json, range: 4294967296-4429185024, partition values: [empty row]
20/02/16 03:07:38 INFO Executor: Finished task 29.0 in stage 0.0 (TID 29). 2307 bytes result sent to driver
20/02/16 03:07:38 INFO TaskSetManager: Starting task 33.0 in stage 0.0 (TID 33, localhost, executor driver, partition 33, PROCESS_LOCAL, 8269 bytes)
20/02/16 03:07:38 INFO Executor: Running task 33.0 in stage 0.0 (TID 33)
20/02/16 03:07:38 INFO TaskSetManager: Finished task 29.0 in stage 0.0 (TID 29) in 29712 ms on localhost (executor driver) (30/35)
20/02/16 03:07:38 INFO FileScanRDD: Reading File path: file:///edw/Reviews/SourceCode/data/asin_reviews.json, range: 4429185024-4563402752, partition values: [empty row]
20/02/16 03:07:41 INFO Executor: Finished task 30.0 in stage 0.0 (TID 30). 2307 bytes result sent to driver
20/02/16 03:07:41 INFO TaskSetManager: Starting task 34.0 in stage 0.0 (TID 34, localhost, executor driver, partition 34, PROCESS_LOCAL, 8269 bytes)
20/02/16 03:07:41 INFO Executor: Running task 34.0 in stage 0.0 (TID 34)
20/02/16 03:07:41 INFO TaskSetManager: Finished task 30.0 in stage 0.0 (TID 30) in 30748 ms on localhost (executor driver) (31/35)
20/02/16 03:07:41 INFO FileScanRDD: Reading File path: file:///edw/Reviews/SourceCode/data/asin_reviews.json, range: 4563402752-4615290316, partition values: [empty row]
20/02/16 03:07:54 INFO Executor: Finished task 34.0 in stage 0.0 (TID 34). 2307 bytes result sent to driver
20/02/16 03:07:54 INFO TaskSetManager: Finished task 34.0 in stage 0.0 (TID 34) in 13127 ms on localhost (executor driver) (32/35)
20/02/16 03:07:57 INFO Executor: Finished task 31.0 in stage 0.0 (TID 31). 2307 bytes result sent to driver
20/02/16 03:07:57 INFO TaskSetManager: Finished task 31.0 in stage 0.0 (TID 31) in 45935 ms on localhost (executor driver) (33/35)
20/02/16 03:07:58 INFO Executor: Finished task 32.0 in stage 0.0 (TID 32). 2307 bytes result sent to driver
20/02/16 03:07:58 INFO TaskSetManager: Finished task 32.0 in stage 0.0 (TID 32) in 31932 ms on localhost (executor driver) (34/35)
20/02/16 03:08:02 INFO Executor: Finished task 33.0 in stage 0.0 (TID 33). 2264 bytes result sent to driver
20/02/16 03:08:02 INFO TaskSetManager: Finished task 33.0 in stage 0.0 (TID 33) in 24055 ms on localhost (executor driver) (35/35)
20/02/16 03:08:02 INFO DAGScheduler: ResultStage 0 (json at NativeMethodAccessorImpl.java:0) finished in 287.448 s
20/02/16 03:08:02 INFO TaskSchedulerImpl: Removed TaskSet 0.0, whose tasks have all completed, from pool 
20/02/16 03:08:02 INFO DAGScheduler: Job 0 finished: json at NativeMethodAccessorImpl.java:0, took 287.953050 s
20/02/16 03:08:06 INFO FileSourceStrategy: Pruning directories with: 
20/02/16 03:08:06 INFO FileSourceStrategy: Post-Scan Filters: 
20/02/16 03:08:06 INFO FileSourceStrategy: Output Data Schema: struct<asin: string, overall: double, reviewerID: string, reviewerName: string, unixReviewTime: bigint ... 3 more fields>
20/02/16 03:08:06 INFO FileSourceScanExec: Pushed Filters: 
20/02/16 03:08:06 INFO CodeGenerator: Code generated in 74.435 ms
20/02/16 03:08:06 INFO MemoryStore: Block broadcast_2 stored as values in memory (estimated size 282.9 KB, free 365.7 MB)
20/02/16 03:08:06 INFO MemoryStore: Block broadcast_2_piece0 stored as bytes in memory (estimated size 23.3 KB, free 365.7 MB)
20/02/16 03:08:06 INFO BlockManagerInfo: Added broadcast_2_piece0 in memory on 192.168.1.25:5207 (size: 23.3 KB, free: 366.2 MB)
20/02/16 03:08:06 INFO SparkContext: Created broadcast 2 from jdbc at NativeMethodAccessorImpl.java:0
20/02/16 03:08:06 INFO FileSourceScanExec: Planning scan with bin packing, max size: 134217728 bytes, open cost is considered as scanning 4194304 bytes.
20/02/16 03:08:06 INFO SparkContext: Starting job: jdbc at NativeMethodAccessorImpl.java:0
20/02/16 03:08:06 INFO DAGScheduler: Got job 1 (jdbc at NativeMethodAccessorImpl.java:0) with 35 output partitions
20/02/16 03:08:06 INFO DAGScheduler: Final stage: ResultStage 1 (jdbc at NativeMethodAccessorImpl.java:0)
20/02/16 03:08:06 INFO DAGScheduler: Parents of final stage: List()
20/02/16 03:08:06 INFO DAGScheduler: Missing parents: List()
20/02/16 03:08:06 INFO DAGScheduler: Submitting ResultStage 1 (MapPartitionsRDD[8] at jdbc at NativeMethodAccessorImpl.java:0), which has no missing parents
20/02/16 03:08:06 INFO MemoryStore: Block broadcast_3 stored as values in memory (estimated size 64.3 KB, free 365.6 MB)
20/02/16 03:08:07 INFO MemoryStore: Block broadcast_3_piece0 stored as bytes in memory (estimated size 29.5 KB, free 365.6 MB)
20/02/16 03:08:07 INFO BlockManagerInfo: Added broadcast_3_piece0 in memory on 192.168.1.25:5207 (size: 29.5 KB, free: 366.2 MB)
20/02/16 03:08:07 INFO SparkContext: Created broadcast 3 from broadcast at DAGScheduler.scala:1163
20/02/16 03:08:07 INFO DAGScheduler: Submitting 35 missing tasks from ResultStage 1 (MapPartitionsRDD[8] at jdbc at NativeMethodAccessorImpl.java:0) (first 15 tasks are for partitions Vector(0, 1, 2, 3, 4, 5, 6, 7, 8, 9, 10, 11, 12, 13, 14))
20/02/16 03:08:07 INFO TaskSchedulerImpl: Adding task set 1.0 with 35 tasks
20/02/16 03:08:07 INFO TaskSetManager: Starting task 0.0 in stage 1.0 (TID 35, localhost, executor driver, partition 0, PROCESS_LOCAL, 8269 bytes)
20/02/16 03:08:07 INFO TaskSetManager: Starting task 1.0 in stage 1.0 (TID 36, localhost, executor driver, partition 1, PROCESS_LOCAL, 8269 bytes)
20/02/16 03:08:07 INFO TaskSetManager: Starting task 2.0 in stage 1.0 (TID 37, localhost, executor driver, partition 2, PROCESS_LOCAL, 8269 bytes)
20/02/16 03:08:07 INFO TaskSetManager: Starting task 3.0 in stage 1.0 (TID 38, localhost, executor driver, partition 3, PROCESS_LOCAL, 8269 bytes)
20/02/16 03:08:07 INFO Executor: Running task 0.0 in stage 1.0 (TID 35)
20/02/16 03:08:07 INFO Executor: Running task 3.0 in stage 1.0 (TID 38)
20/02/16 03:08:07 INFO Executor: Running task 1.0 in stage 1.0 (TID 36)
20/02/16 03:08:07 INFO Executor: Running task 2.0 in stage 1.0 (TID 37)
20/02/16 03:08:07 INFO CodeGenerator: Code generated in 44.3086 ms
20/02/16 03:08:07 INFO FileScanRDD: Reading File path: file:///edw/Reviews/SourceCode/data/asin_reviews.json, range: 402653184-536870912, partition values: [empty row]
20/02/16 03:08:07 INFO FileScanRDD: Reading File path: file:///edw/Reviews/SourceCode/data/asin_reviews.json, range: 0-134217728, partition values: [empty row]
20/02/16 03:08:07 INFO CodeGenerator: Code generated in 53.2819 ms
20/02/16 03:08:07 INFO FileScanRDD: Reading File path: file:///edw/Reviews/SourceCode/data/asin_reviews.json, range: 268435456-402653184, partition values: [empty row]
20/02/16 03:08:07 INFO FileScanRDD: Reading File path: file:///edw/Reviews/SourceCode/data/asin_reviews.json, range: 134217728-268435456, partition values: [empty row]
20/02/16 03:08:40 INFO Executor: Finished task 2.0 in stage 1.0 (TID 37). 1394 bytes result sent to driver
20/02/16 03:08:40 INFO TaskSetManager: Starting task 4.0 in stage 1.0 (TID 39, localhost, executor driver, partition 4, PROCESS_LOCAL, 8269 bytes)
20/02/16 03:08:40 INFO Executor: Running task 4.0 in stage 1.0 (TID 39)
20/02/16 03:08:40 INFO TaskSetManager: Finished task 2.0 in stage 1.0 (TID 37) in 33940 ms on localhost (executor driver) (1/35)
20/02/16 03:08:42 INFO FileScanRDD: Reading File path: file:///edw/Reviews/SourceCode/data/asin_reviews.json, range: 536870912-671088640, partition values: [empty row]
20/02/16 03:08:43 INFO Executor: Finished task 1.0 in stage 1.0 (TID 36). 1437 bytes result sent to driver
20/02/16 03:08:43 INFO TaskSetManager: Starting task 5.0 in stage 1.0 (TID 40, localhost, executor driver, partition 5, PROCESS_LOCAL, 8269 bytes)
20/02/16 03:08:43 INFO TaskSetManager: Finished task 1.0 in stage 1.0 (TID 36) in 36909 ms on localhost (executor driver) (2/35)
20/02/16 03:08:43 INFO Executor: Running task 5.0 in stage 1.0 (TID 40)
20/02/16 03:08:44 INFO FileScanRDD: Reading File path: file:///edw/Reviews/SourceCode/data/asin_reviews.json, range: 671088640-805306368, partition values: [empty row]
20/02/16 03:08:44 INFO Executor: Finished task 3.0 in stage 1.0 (TID 38). 1394 bytes result sent to driver
20/02/16 03:08:44 INFO TaskSetManager: Starting task 6.0 in stage 1.0 (TID 41, localhost, executor driver, partition 6, PROCESS_LOCAL, 8269 bytes)
20/02/16 03:08:44 INFO TaskSetManager: Finished task 3.0 in stage 1.0 (TID 38) in 37937 ms on localhost (executor driver) (3/35)
20/02/16 03:08:44 INFO Executor: Running task 6.0 in stage 1.0 (TID 41)
20/02/16 03:08:45 INFO FileScanRDD: Reading File path: file:///edw/Reviews/SourceCode/data/asin_reviews.json, range: 805306368-939524096, partition values: [empty row]
20/02/16 03:08:51 INFO Executor: Finished task 0.0 in stage 1.0 (TID 35). 1437 bytes result sent to driver
20/02/16 03:08:51 INFO TaskSetManager: Starting task 7.0 in stage 1.0 (TID 42, localhost, executor driver, partition 7, PROCESS_LOCAL, 8269 bytes)
20/02/16 03:08:51 INFO TaskSetManager: Finished task 0.0 in stage 1.0 (TID 35) in 44482 ms on localhost (executor driver) (4/35)
20/02/16 03:08:51 INFO Executor: Running task 7.0 in stage 1.0 (TID 42)
20/02/16 03:08:51 INFO FileScanRDD: Reading File path: file:///edw/Reviews/SourceCode/data/asin_reviews.json, range: 939524096-1073741824, partition values: [empty row]
20/02/16 03:09:18 INFO Executor: Finished task 5.0 in stage 1.0 (TID 40). 1394 bytes result sent to driver
20/02/16 03:09:18 INFO TaskSetManager: Starting task 8.0 in stage 1.0 (TID 43, localhost, executor driver, partition 8, PROCESS_LOCAL, 8269 bytes)
20/02/16 03:09:18 INFO TaskSetManager: Finished task 5.0 in stage 1.0 (TID 40) in 34688 ms on localhost (executor driver) (5/35)
20/02/16 03:09:18 INFO Executor: Running task 8.0 in stage 1.0 (TID 43)
20/02/16 03:09:19 INFO FileScanRDD: Reading File path: file:///edw/Reviews/SourceCode/data/asin_reviews.json, range: 1073741824-1207959552, partition values: [empty row]
20/02/16 03:09:20 INFO Executor: Finished task 4.0 in stage 1.0 (TID 39). 1394 bytes result sent to driver
20/02/16 03:09:20 INFO TaskSetManager: Starting task 9.0 in stage 1.0 (TID 44, localhost, executor driver, partition 9, PROCESS_LOCAL, 8269 bytes)
20/02/16 03:09:20 INFO TaskSetManager: Finished task 4.0 in stage 1.0 (TID 39) in 39881 ms on localhost (executor driver) (6/35)
20/02/16 03:09:20 INFO Executor: Running task 9.0 in stage 1.0 (TID 44)
20/02/16 03:09:20 INFO FileScanRDD: Reading File path: file:///edw/Reviews/SourceCode/data/asin_reviews.json, range: 1207959552-1342177280, partition values: [empty row]
20/02/16 03:09:21 INFO Executor: Finished task 6.0 in stage 1.0 (TID 41). 1437 bytes result sent to driver
20/02/16 03:09:21 INFO TaskSetManager: Starting task 10.0 in stage 1.0 (TID 45, localhost, executor driver, partition 10, PROCESS_LOCAL, 8269 bytes)
20/02/16 03:09:21 INFO TaskSetManager: Finished task 6.0 in stage 1.0 (TID 41) in 36105 ms on localhost (executor driver) (7/35)
20/02/16 03:09:21 INFO Executor: Running task 10.0 in stage 1.0 (TID 45)
20/02/16 03:09:21 INFO FileScanRDD: Reading File path: file:///edw/Reviews/SourceCode/data/asin_reviews.json, range: 1342177280-1476395008, partition values: [empty row]
20/02/16 03:09:28 INFO Executor: Finished task 7.0 in stage 1.0 (TID 42). 1394 bytes result sent to driver
20/02/16 03:09:28 INFO TaskSetManager: Starting task 11.0 in stage 1.0 (TID 46, localhost, executor driver, partition 11, PROCESS_LOCAL, 8269 bytes)
20/02/16 03:09:28 INFO TaskSetManager: Finished task 7.0 in stage 1.0 (TID 42) in 37185 ms on localhost (executor driver) (8/35)
20/02/16 03:09:28 INFO Executor: Running task 11.0 in stage 1.0 (TID 46)
20/02/16 03:09:28 INFO FileScanRDD: Reading File path: file:///edw/Reviews/SourceCode/data/asin_reviews.json, range: 1476395008-1610612736, partition values: [empty row]
20/02/16 03:09:59 INFO Executor: Finished task 9.0 in stage 1.0 (TID 44). 1394 bytes result sent to driver
20/02/16 03:09:59 INFO TaskSetManager: Starting task 12.0 in stage 1.0 (TID 47, localhost, executor driver, partition 12, PROCESS_LOCAL, 8269 bytes)
20/02/16 03:09:59 INFO TaskSetManager: Finished task 9.0 in stage 1.0 (TID 44) in 39154 ms on localhost (executor driver) (9/35)
20/02/16 03:09:59 INFO Executor: Running task 12.0 in stage 1.0 (TID 47)
20/02/16 03:10:00 INFO FileScanRDD: Reading File path: file:///edw/Reviews/SourceCode/data/asin_reviews.json, range: 1610612736-1744830464, partition values: [empty row]
20/02/16 03:10:00 INFO Executor: Finished task 8.0 in stage 1.0 (TID 43). 1394 bytes result sent to driver
20/02/16 03:10:00 INFO TaskSetManager: Starting task 13.0 in stage 1.0 (TID 48, localhost, executor driver, partition 13, PROCESS_LOCAL, 8269 bytes)
20/02/16 03:10:00 INFO TaskSetManager: Finished task 8.0 in stage 1.0 (TID 43) in 42293 ms on localhost (executor driver) (10/35)
20/02/16 03:10:00 INFO Executor: Running task 13.0 in stage 1.0 (TID 48)
20/02/16 03:10:01 INFO FileScanRDD: Reading File path: file:///edw/Reviews/SourceCode/data/asin_reviews.json, range: 1744830464-1879048192, partition values: [empty row]
20/02/16 03:10:06 INFO Executor: Finished task 11.0 in stage 1.0 (TID 46). 1437 bytes result sent to driver
20/02/16 03:10:06 INFO TaskSetManager: Starting task 14.0 in stage 1.0 (TID 49, localhost, executor driver, partition 14, PROCESS_LOCAL, 8269 bytes)
20/02/16 03:10:06 INFO TaskSetManager: Finished task 11.0 in stage 1.0 (TID 46) in 37336 ms on localhost (executor driver) (11/35)
20/02/16 03:10:06 INFO Executor: Running task 14.0 in stage 1.0 (TID 49)
20/02/16 03:10:06 INFO FileScanRDD: Reading File path: file:///edw/Reviews/SourceCode/data/asin_reviews.json, range: 1879048192-2013265920, partition values: [empty row]
20/02/16 03:10:07 INFO Executor: Finished task 10.0 in stage 1.0 (TID 45). 1394 bytes result sent to driver
20/02/16 03:10:07 INFO TaskSetManager: Starting task 15.0 in stage 1.0 (TID 50, localhost, executor driver, partition 15, PROCESS_LOCAL, 8269 bytes)
20/02/16 03:10:07 INFO TaskSetManager: Finished task 10.0 in stage 1.0 (TID 45) in 46705 ms on localhost (executor driver) (12/35)
20/02/16 03:10:07 INFO Executor: Running task 15.0 in stage 1.0 (TID 50)
20/02/16 03:10:07 INFO FileScanRDD: Reading File path: file:///edw/Reviews/SourceCode/data/asin_reviews.json, range: 2013265920-2147483648, partition values: [empty row]
20/02/16 03:10:53 INFO Executor: Finished task 12.0 in stage 1.0 (TID 47). 1394 bytes result sent to driver
20/02/16 03:10:53 INFO TaskSetManager: Starting task 16.0 in stage 1.0 (TID 51, localhost, executor driver, partition 16, PROCESS_LOCAL, 8269 bytes)
20/02/16 03:10:53 INFO TaskSetManager: Finished task 12.0 in stage 1.0 (TID 47) in 53485 ms on localhost (executor driver) (13/35)
20/02/16 03:10:53 INFO Executor: Running task 16.0 in stage 1.0 (TID 51)
20/02/16 03:10:53 INFO FileScanRDD: Reading File path: file:///edw/Reviews/SourceCode/data/asin_reviews.json, range: 2147483648-2281701376, partition values: [empty row]
20/02/16 03:10:57 INFO Executor: Finished task 13.0 in stage 1.0 (TID 48). 1394 bytes result sent to driver
20/02/16 03:10:57 INFO TaskSetManager: Starting task 17.0 in stage 1.0 (TID 52, localhost, executor driver, partition 17, PROCESS_LOCAL, 8269 bytes)
20/02/16 03:10:57 INFO TaskSetManager: Finished task 13.0 in stage 1.0 (TID 48) in 56734 ms on localhost (executor driver) (14/35)
20/02/16 03:10:57 INFO Executor: Running task 17.0 in stage 1.0 (TID 52)
20/02/16 03:10:58 INFO FileScanRDD: Reading File path: file:///edw/Reviews/SourceCode/data/asin_reviews.json, range: 2281701376-2415919104, partition values: [empty row]
20/02/16 03:11:02 INFO Executor: Finished task 14.0 in stage 1.0 (TID 49). 1437 bytes result sent to driver
20/02/16 03:11:02 INFO TaskSetManager: Starting task 18.0 in stage 1.0 (TID 53, localhost, executor driver, partition 18, PROCESS_LOCAL, 8269 bytes)
20/02/16 03:11:02 INFO TaskSetManager: Finished task 14.0 in stage 1.0 (TID 49) in 56903 ms on localhost (executor driver) (15/35)
20/02/16 03:11:02 INFO Executor: Running task 18.0 in stage 1.0 (TID 53)
20/02/16 03:11:03 INFO FileScanRDD: Reading File path: file:///edw/Reviews/SourceCode/data/asin_reviews.json, range: 2415919104-2550136832, partition values: [empty row]
20/02/16 03:11:27 INFO Executor: Finished task 15.0 in stage 1.0 (TID 50). 1394 bytes result sent to driver
20/02/16 03:11:27 INFO TaskSetManager: Starting task 19.0 in stage 1.0 (TID 54, localhost, executor driver, partition 19, PROCESS_LOCAL, 8269 bytes)
20/02/16 03:11:27 INFO TaskSetManager: Finished task 15.0 in stage 1.0 (TID 50) in 79792 ms on localhost (executor driver) (16/35)
20/02/16 03:11:27 INFO Executor: Running task 19.0 in stage 1.0 (TID 54)
20/02/16 03:11:29 INFO FileScanRDD: Reading File path: file:///edw/Reviews/SourceCode/data/asin_reviews.json, range: 2550136832-2684354560, partition values: [empty row]
20/02/16 03:12:18 INFO Executor: Finished task 17.0 in stage 1.0 (TID 52). 1394 bytes result sent to driver
20/02/16 03:12:18 INFO TaskSetManager: Starting task 20.0 in stage 1.0 (TID 55, localhost, executor driver, partition 20, PROCESS_LOCAL, 8269 bytes)
20/02/16 03:12:18 INFO TaskSetManager: Finished task 17.0 in stage 1.0 (TID 52) in 81118 ms on localhost (executor driver) (17/35)
20/02/16 03:12:18 INFO Executor: Running task 20.0 in stage 1.0 (TID 55)
20/02/16 03:12:36 INFO FileScanRDD: Reading File path: file:///edw/Reviews/SourceCode/data/asin_reviews.json, range: 2684354560-2818572288, partition values: [empty row]
20/02/16 03:12:50 INFO Executor: Finished task 18.0 in stage 1.0 (TID 53). 1394 bytes result sent to driver
20/02/16 03:12:50 INFO TaskSetManager: Starting task 21.0 in stage 1.0 (TID 56, localhost, executor driver, partition 21, PROCESS_LOCAL, 8269 bytes)
20/02/16 03:12:50 INFO TaskSetManager: Finished task 18.0 in stage 1.0 (TID 53) in 107745 ms on localhost (executor driver) (18/35)
20/02/16 03:12:50 INFO Executor: Running task 21.0 in stage 1.0 (TID 56)
20/02/16 03:13:50 INFO FileScanRDD: Reading File path: file:///edw/Reviews/SourceCode/data/asin_reviews.json, range: 2818572288-2952790016, partition values: [empty row]
20/02/16 03:14:01 INFO Executor: Finished task 16.0 in stage 1.0 (TID 51). 1394 bytes result sent to driver
20/02/16 03:14:01 INFO TaskSetManager: Starting task 22.0 in stage 1.0 (TID 57, localhost, executor driver, partition 22, PROCESS_LOCAL, 8269 bytes)
20/02/16 03:14:01 INFO TaskSetManager: Finished task 16.0 in stage 1.0 (TID 51) in 187863 ms on localhost (executor driver) (19/35)
20/02/16 03:14:01 INFO Executor: Running task 22.0 in stage 1.0 (TID 57)
20/02/16 03:14:01 INFO FileScanRDD: Reading File path: file:///edw/Reviews/SourceCode/data/asin_reviews.json, range: 2952790016-3087007744, partition values: [empty row]
20/02/16 03:14:08 INFO Executor: Finished task 19.0 in stage 1.0 (TID 54). 1394 bytes result sent to driver
20/02/16 03:14:08 INFO TaskSetManager: Starting task 23.0 in stage 1.0 (TID 58, localhost, executor driver, partition 23, PROCESS_LOCAL, 8269 bytes)
20/02/16 03:14:08 INFO TaskSetManager: Finished task 19.0 in stage 1.0 (TID 54) in 160651 ms on localhost (executor driver) (20/35)
20/02/16 03:14:08 INFO Executor: Running task 23.0 in stage 1.0 (TID 58)
20/02/16 03:14:08 INFO FileScanRDD: Reading File path: file:///edw/Reviews/SourceCode/data/asin_reviews.json, range: 3087007744-3221225472, partition values: [empty row]
20/02/16 03:15:41 INFO Executor: Finished task 21.0 in stage 1.0 (TID 56). 1394 bytes result sent to driver
20/02/16 03:15:41 INFO TaskSetManager: Starting task 24.0 in stage 1.0 (TID 59, localhost, executor driver, partition 24, PROCESS_LOCAL, 8269 bytes)
20/02/16 03:15:41 INFO TaskSetManager: Finished task 21.0 in stage 1.0 (TID 56) in 170504 ms on localhost (executor driver) (21/35)
20/02/16 03:15:41 INFO Executor: Running task 24.0 in stage 1.0 (TID 59)
20/02/16 03:15:41 INFO Executor: Finished task 20.0 in stage 1.0 (TID 55). 1437 bytes result sent to driver
20/02/16 03:15:41 INFO TaskSetManager: Starting task 25.0 in stage 1.0 (TID 60, localhost, executor driver, partition 25, PROCESS_LOCAL, 8269 bytes)
20/02/16 03:15:41 INFO TaskSetManager: Finished task 20.0 in stage 1.0 (TID 55) in 202853 ms on localhost (executor driver) (22/35)
20/02/16 03:15:41 INFO Executor: Running task 25.0 in stage 1.0 (TID 60)
20/02/16 03:15:42 INFO FileScanRDD: Reading File path: file:///edw/Reviews/SourceCode/data/asin_reviews.json, range: 3221225472-3355443200, partition values: [empty row]
20/02/16 03:15:42 INFO FileScanRDD: Reading File path: file:///edw/Reviews/SourceCode/data/asin_reviews.json, range: 3355443200-3489660928, partition values: [empty row]
20/02/16 03:16:09 INFO Executor: Finished task 23.0 in stage 1.0 (TID 58). 1437 bytes result sent to driver
20/02/16 03:16:09 INFO TaskSetManager: Starting task 26.0 in stage 1.0 (TID 61, localhost, executor driver, partition 26, PROCESS_LOCAL, 8269 bytes)
20/02/16 03:16:09 INFO TaskSetManager: Finished task 23.0 in stage 1.0 (TID 58) in 120899 ms on localhost (executor driver) (23/35)
20/02/16 03:16:09 INFO Executor: Running task 26.0 in stage 1.0 (TID 61)
20/02/16 03:16:09 INFO FileScanRDD: Reading File path: file:///edw/Reviews/SourceCode/data/asin_reviews.json, range: 3489660928-3623878656, partition values: [empty row]
20/02/16 03:16:24 INFO Executor: Finished task 22.0 in stage 1.0 (TID 57). 1394 bytes result sent to driver
20/02/16 03:16:24 INFO TaskSetManager: Starting task 27.0 in stage 1.0 (TID 62, localhost, executor driver, partition 27, PROCESS_LOCAL, 8269 bytes)
20/02/16 03:16:24 INFO TaskSetManager: Finished task 22.0 in stage 1.0 (TID 57) in 143044 ms on localhost (executor driver) (24/35)
20/02/16 03:16:24 INFO Executor: Running task 27.0 in stage 1.0 (TID 62)
20/02/16 03:16:34 INFO FileScanRDD: Reading File path: file:///edw/Reviews/SourceCode/data/asin_reviews.json, range: 3623878656-3758096384, partition values: [empty row]
20/02/16 03:19:50 INFO Executor: Finished task 25.0 in stage 1.0 (TID 60). 1394 bytes result sent to driver
20/02/16 03:19:50 INFO TaskSetManager: Starting task 28.0 in stage 1.0 (TID 63, localhost, executor driver, partition 28, PROCESS_LOCAL, 8269 bytes)
20/02/16 03:19:50 INFO TaskSetManager: Finished task 25.0 in stage 1.0 (TID 60) in 248837 ms on localhost (executor driver) (25/35)
20/02/16 03:19:50 INFO Executor: Running task 28.0 in stage 1.0 (TID 63)
20/02/16 03:19:52 INFO FileScanRDD: Reading File path: file:///edw/Reviews/SourceCode/data/asin_reviews.json, range: 3758096384-3892314112, partition values: [empty row]
20/02/16 03:20:11 INFO Executor: Finished task 24.0 in stage 1.0 (TID 59). 1394 bytes result sent to driver
20/02/16 03:20:11 INFO TaskSetManager: Starting task 29.0 in stage 1.0 (TID 64, localhost, executor driver, partition 29, PROCESS_LOCAL, 8269 bytes)
20/02/16 03:20:11 INFO TaskSetManager: Finished task 24.0 in stage 1.0 (TID 59) in 269927 ms on localhost (executor driver) (26/35)
20/02/16 03:20:11 INFO Executor: Running task 29.0 in stage 1.0 (TID 64)
20/02/16 03:20:12 INFO FileScanRDD: Reading File path: file:///edw/Reviews/SourceCode/data/asin_reviews.json, range: 3892314112-4026531840, partition values: [empty row]
20/02/16 03:20:19 INFO Executor: Finished task 26.0 in stage 1.0 (TID 61). 1394 bytes result sent to driver
20/02/16 03:20:19 INFO TaskSetManager: Starting task 30.0 in stage 1.0 (TID 65, localhost, executor driver, partition 30, PROCESS_LOCAL, 8269 bytes)
20/02/16 03:20:19 INFO TaskSetManager: Finished task 26.0 in stage 1.0 (TID 61) in 250544 ms on localhost (executor driver) (27/35)
20/02/16 03:20:19 INFO Executor: Running task 30.0 in stage 1.0 (TID 65)
20/02/16 03:20:20 INFO FileScanRDD: Reading File path: file:///edw/Reviews/SourceCode/data/asin_reviews.json, range: 4026531840-4160749568, partition values: [empty row]
20/02/16 03:20:41 INFO Executor: Finished task 27.0 in stage 1.0 (TID 62). 1437 bytes result sent to driver
20/02/16 03:20:41 INFO TaskSetManager: Starting task 31.0 in stage 1.0 (TID 66, localhost, executor driver, partition 31, PROCESS_LOCAL, 8269 bytes)
20/02/16 03:20:41 INFO TaskSetManager: Finished task 27.0 in stage 1.0 (TID 62) in 256746 ms on localhost (executor driver) (28/35)
20/02/16 03:20:41 INFO Executor: Running task 31.0 in stage 1.0 (TID 66)
20/02/16 03:20:41 INFO FileScanRDD: Reading File path: file:///edw/Reviews/SourceCode/data/asin_reviews.json, range: 4160749568-4294967296, partition values: [empty row]
20/02/16 03:22:52 INFO Executor: Finished task 28.0 in stage 1.0 (TID 63). 1394 bytes result sent to driver
20/02/16 03:22:52 INFO TaskSetManager: Starting task 32.0 in stage 1.0 (TID 67, localhost, executor driver, partition 32, PROCESS_LOCAL, 8269 bytes)
20/02/16 03:22:52 INFO TaskSetManager: Finished task 28.0 in stage 1.0 (TID 63) in 181798 ms on localhost (executor driver) (29/35)
20/02/16 03:22:52 INFO Executor: Running task 32.0 in stage 1.0 (TID 67)
20/02/16 03:25:31 ERROR Executor: Exception in task 32.0 in stage 1.0 (TID 67)
org.postgresql.util.PSQLException: The connection attempt failed.
	at org.postgresql.core.v3.ConnectionFactoryImpl.openConnectionImpl(ConnectionFactoryImpl.java:296)
	at org.postgresql.core.ConnectionFactory.openConnection(ConnectionFactory.java:49)
	at org.postgresql.jdbc.PgConnection.<init>(PgConnection.java:211)
	at org.postgresql.Driver.makeConnection(Driver.java:459)
	at org.postgresql.Driver.connect(Driver.java:261)
	at org.apache.spark.sql.execution.datasources.jdbc.JdbcUtils$$anonfun$createConnectionFactory$1.apply(JdbcUtils.scala:63)
	at org.apache.spark.sql.execution.datasources.jdbc.JdbcUtils$$anonfun$createConnectionFactory$1.apply(JdbcUtils.scala:54)
	at org.apache.spark.sql.execution.datasources.jdbc.JdbcUtils$.savePartition(JdbcUtils.scala:614)
	at org.apache.spark.sql.execution.datasources.jdbc.JdbcUtils$$anonfun$saveTable$1.apply(JdbcUtils.scala:838)
	at org.apache.spark.sql.execution.datasources.jdbc.JdbcUtils$$anonfun$saveTable$1.apply(JdbcUtils.scala:838)
	at org.apache.spark.rdd.RDD$$anonfun$foreachPartition$1$$anonfun$apply$28.apply(RDD.scala:980)
	at org.apache.spark.rdd.RDD$$anonfun$foreachPartition$1$$anonfun$apply$28.apply(RDD.scala:980)
	at org.apache.spark.SparkContext$$anonfun$runJob$5.apply(SparkContext.scala:2101)
	at org.apache.spark.SparkContext$$anonfun$runJob$5.apply(SparkContext.scala:2101)
	at org.apache.spark.scheduler.ResultTask.runTask(ResultTask.scala:90)
	at org.apache.spark.scheduler.Task.run(Task.scala:123)
	at org.apache.spark.executor.Executor$TaskRunner$$anonfun$10.apply(Executor.scala:408)
	at org.apache.spark.util.Utils$.tryWithSafeFinally(Utils.scala:1360)
	at org.apache.spark.executor.Executor$TaskRunner.run(Executor.scala:414)
	at java.util.concurrent.ThreadPoolExecutor.runWorker(ThreadPoolExecutor.java:1149)
	at java.util.concurrent.ThreadPoolExecutor$Worker.run(ThreadPoolExecutor.java:624)
	at java.lang.Thread.run(Thread.java:748)
Caused by: java.io.EOFException
	at org.postgresql.core.PGStream.receiveChar(PGStream.java:372)
	at org.postgresql.core.v3.ConnectionFactoryImpl.doAuthentication(ConnectionFactoryImpl.java:509)
	at org.postgresql.core.v3.ConnectionFactoryImpl.tryConnect(ConnectionFactoryImpl.java:145)
	at org.postgresql.core.v3.ConnectionFactoryImpl.openConnectionImpl(ConnectionFactoryImpl.java:196)
	... 21 more
20/02/16 03:25:38 INFO TaskSetManager: Starting task 33.0 in stage 1.0 (TID 68, localhost, executor driver, partition 33, PROCESS_LOCAL, 8269 bytes)
20/02/16 03:25:38 INFO Executor: Running task 33.0 in stage 1.0 (TID 68)
20/02/16 03:25:38 INFO FileScanRDD: Reading File path: file:///edw/Reviews/SourceCode/data/asin_reviews.json, range: 4429185024-4563402752, partition values: [empty row]
20/02/16 03:25:39 WARN TaskSetManager: Lost task 32.0 in stage 1.0 (TID 67, localhost, executor driver): org.postgresql.util.PSQLException: The connection attempt failed.
	at org.postgresql.core.v3.ConnectionFactoryImpl.openConnectionImpl(ConnectionFactoryImpl.java:296)
	at org.postgresql.core.ConnectionFactory.openConnection(ConnectionFactory.java:49)
	at org.postgresql.jdbc.PgConnection.<init>(PgConnection.java:211)
	at org.postgresql.Driver.makeConnection(Driver.java:459)
	at org.postgresql.Driver.connect(Driver.java:261)
	at org.apache.spark.sql.execution.datasources.jdbc.JdbcUtils$$anonfun$createConnectionFactory$1.apply(JdbcUtils.scala:63)
	at org.apache.spark.sql.execution.datasources.jdbc.JdbcUtils$$anonfun$createConnectionFactory$1.apply(JdbcUtils.scala:54)
	at org.apache.spark.sql.execution.datasources.jdbc.JdbcUtils$.savePartition(JdbcUtils.scala:614)
	at org.apache.spark.sql.execution.datasources.jdbc.JdbcUtils$$anonfun$saveTable$1.apply(JdbcUtils.scala:838)
	at org.apache.spark.sql.execution.datasources.jdbc.JdbcUtils$$anonfun$saveTable$1.apply(JdbcUtils.scala:838)
	at org.apache.spark.rdd.RDD$$anonfun$foreachPartition$1$$anonfun$apply$28.apply(RDD.scala:980)
	at org.apache.spark.rdd.RDD$$anonfun$foreachPartition$1$$anonfun$apply$28.apply(RDD.scala:980)
	at org.apache.spark.SparkContext$$anonfun$runJob$5.apply(SparkContext.scala:2101)
	at org.apache.spark.SparkContext$$anonfun$runJob$5.apply(SparkContext.scala:2101)
	at org.apache.spark.scheduler.ResultTask.runTask(ResultTask.scala:90)
	at org.apache.spark.scheduler.Task.run(Task.scala:123)
	at org.apache.spark.executor.Executor$TaskRunner$$anonfun$10.apply(Executor.scala:408)
	at org.apache.spark.util.Utils$.tryWithSafeFinally(Utils.scala:1360)
	at org.apache.spark.executor.Executor$TaskRunner.run(Executor.scala:414)
	at java.util.concurrent.ThreadPoolExecutor.runWorker(ThreadPoolExecutor.java:1149)
	at java.util.concurrent.ThreadPoolExecutor$Worker.run(ThreadPoolExecutor.java:624)
	at java.lang.Thread.run(Thread.java:748)
Caused by: java.io.EOFException
	at org.postgresql.core.PGStream.receiveChar(PGStream.java:372)
	at org.postgresql.core.v3.ConnectionFactoryImpl.doAuthentication(ConnectionFactoryImpl.java:509)
	at org.postgresql.core.v3.ConnectionFactoryImpl.tryConnect(ConnectionFactoryImpl.java:145)
	at org.postgresql.core.v3.ConnectionFactoryImpl.openConnectionImpl(ConnectionFactoryImpl.java:196)
	... 21 more

20/02/16 03:25:39 ERROR TaskSetManager: Task 32 in stage 1.0 failed 1 times; aborting job
20/02/16 03:25:46 INFO TaskSchedulerImpl: Cancelling stage 1
20/02/16 03:25:47 INFO TaskSchedulerImpl: Killing all running tasks in stage 1: Stage cancelled
20/02/16 03:25:50 INFO Executor: Executor is trying to kill task 31.0 in stage 1.0 (TID 66), reason: Stage cancelled
20/02/16 03:25:50 INFO Executor: Executor is trying to kill task 29.0 in stage 1.0 (TID 64), reason: Stage cancelled
20/02/16 03:25:50 INFO Executor: Executor is trying to kill task 33.0 in stage 1.0 (TID 68), reason: Stage cancelled
20/02/16 03:25:50 INFO Executor: Executor is trying to kill task 30.0 in stage 1.0 (TID 65), reason: Stage cancelled
20/02/16 03:25:52 INFO Executor: Executor killed task 29.0 in stage 1.0 (TID 64), reason: Stage cancelled
20/02/16 03:25:52 INFO Executor: Executor killed task 30.0 in stage 1.0 (TID 65), reason: Stage cancelled
20/02/16 03:25:52 INFO Executor: Executor killed task 31.0 in stage 1.0 (TID 66), reason: Stage cancelled
20/02/16 03:25:52 INFO Executor: Executor killed task 33.0 in stage 1.0 (TID 68), reason: Stage cancelled
20/02/16 03:25:52 INFO TaskSchedulerImpl: Stage 1 was cancelled
20/02/16 03:25:52 INFO DAGScheduler: ResultStage 1 (jdbc at NativeMethodAccessorImpl.java:0) failed in 1065.409 s due to Job aborted due to stage failure: Task 32 in stage 1.0 failed 1 times, most recent failure: Lost task 32.0 in stage 1.0 (TID 67, localhost, executor driver): org.postgresql.util.PSQLException: The connection attempt failed.
	at org.postgresql.core.v3.ConnectionFactoryImpl.openConnectionImpl(ConnectionFactoryImpl.java:296)
	at org.postgresql.core.ConnectionFactory.openConnection(ConnectionFactory.java:49)
	at org.postgresql.jdbc.PgConnection.<init>(PgConnection.java:211)
	at org.postgresql.Driver.makeConnection(Driver.java:459)
	at org.postgresql.Driver.connect(Driver.java:261)
	at org.apache.spark.sql.execution.datasources.jdbc.JdbcUtils$$anonfun$createConnectionFactory$1.apply(JdbcUtils.scala:63)
	at org.apache.spark.sql.execution.datasources.jdbc.JdbcUtils$$anonfun$createConnectionFactory$1.apply(JdbcUtils.scala:54)
	at org.apache.spark.sql.execution.datasources.jdbc.JdbcUtils$.savePartition(JdbcUtils.scala:614)
	at org.apache.spark.sql.execution.datasources.jdbc.JdbcUtils$$anonfun$saveTable$1.apply(JdbcUtils.scala:838)
	at org.apache.spark.sql.execution.datasources.jdbc.JdbcUtils$$anonfun$saveTable$1.apply(JdbcUtils.scala:838)
	at org.apache.spark.rdd.RDD$$anonfun$foreachPartition$1$$anonfun$apply$28.apply(RDD.scala:980)
	at org.apache.spark.rdd.RDD$$anonfun$foreachPartition$1$$anonfun$apply$28.apply(RDD.scala:980)
	at org.apache.spark.SparkContext$$anonfun$runJob$5.apply(SparkContext.scala:2101)
	at org.apache.spark.SparkContext$$anonfun$runJob$5.apply(SparkContext.scala:2101)
	at org.apache.spark.scheduler.ResultTask.runTask(ResultTask.scala:90)
	at org.apache.spark.scheduler.Task.run(Task.scala:123)
	at org.apache.spark.executor.Executor$TaskRunner$$anonfun$10.apply(Executor.scala:408)
	at org.apache.spark.util.Utils$.tryWithSafeFinally(Utils.scala:1360)
	at org.apache.spark.executor.Executor$TaskRunner.run(Executor.scala:414)
	at java.util.concurrent.ThreadPoolExecutor.runWorker(ThreadPoolExecutor.java:1149)
	at java.util.concurrent.ThreadPoolExecutor$Worker.run(ThreadPoolExecutor.java:624)
	at java.lang.Thread.run(Thread.java:748)
Caused by: java.io.EOFException
	at org.postgresql.core.PGStream.receiveChar(PGStream.java:372)
	at org.postgresql.core.v3.ConnectionFactoryImpl.doAuthentication(ConnectionFactoryImpl.java:509)
	at org.postgresql.core.v3.ConnectionFactoryImpl.tryConnect(ConnectionFactoryImpl.java:145)
	at org.postgresql.core.v3.ConnectionFactoryImpl.openConnectionImpl(ConnectionFactoryImpl.java:196)
	... 21 more

Driver stacktrace:
20/02/16 03:25:52 WARN TaskSetManager: Lost task 31.0 in stage 1.0 (TID 66, localhost, executor driver): TaskKilled (Stage cancelled)
20/02/16 03:25:52 WARN TaskSetManager: Lost task 30.0 in stage 1.0 (TID 65, localhost, executor driver): TaskKilled (Stage cancelled)
20/02/16 03:25:52 WARN TaskSetManager: Lost task 33.0 in stage 1.0 (TID 68, localhost, executor driver): TaskKilled (Stage cancelled)
20/02/16 03:25:52 WARN TaskSetManager: Lost task 29.0 in stage 1.0 (TID 64, localhost, executor driver): TaskKilled (Stage cancelled)
20/02/16 03:25:52 INFO TaskSchedulerImpl: Removed TaskSet 1.0, whose tasks have all completed, from pool 
20/02/16 03:25:53 INFO DAGScheduler: Job 1 failed: jdbc at NativeMethodAccessorImpl.java:0, took 1066.257452 s
Traceback (most recent call last):
  File "/edw/Reviews/SourceCode/python/rating_ods_load.py", line 33, in <module>
    Cl_Reviews_df.write.option("truncate","true").jdbc(url=url, table=table, mode=mode, properties=properties)
  File "/edw/Reviews/spark-2.4.5-bin-hadoop2.7/python/lib/pyspark.zip/pyspark/sql/readwriter.py", line 987, in jdbc
  File "/edw/Reviews/spark-2.4.5-bin-hadoop2.7/python/lib/py4j-0.10.7-src.zip/py4j/java_gateway.py", line 1257, in __call__
  File "/edw/Reviews/spark-2.4.5-bin-hadoop2.7/python/lib/pyspark.zip/pyspark/sql/utils.py", line 63, in deco
  File "/edw/Reviews/spark-2.4.5-bin-hadoop2.7/python/lib/py4j-0.10.7-src.zip/py4j/protocol.py", line 328, in get_return_value
py4j.protocol.Py4JJavaError: An error occurred while calling o53.jdbc.
: org.apache.spark.SparkException: Job aborted due to stage failure: Task 32 in stage 1.0 failed 1 times, most recent failure: Lost task 32.0 in stage 1.0 (TID 67, localhost, executor driver): org.postgresql.util.PSQLException: The connection attempt failed.
	at org.postgresql.core.v3.ConnectionFactoryImpl.openConnectionImpl(ConnectionFactoryImpl.java:296)
	at org.postgresql.core.ConnectionFactory.openConnection(ConnectionFactory.java:49)
	at org.postgresql.jdbc.PgConnection.<init>(PgConnection.java:211)
	at org.postgresql.Driver.makeConnection(Driver.java:459)
	at org.postgresql.Driver.connect(Driver.java:261)
	at org.apache.spark.sql.execution.datasources.jdbc.JdbcUtils$$anonfun$createConnectionFactory$1.apply(JdbcUtils.scala:63)
	at org.apache.spark.sql.execution.datasources.jdbc.JdbcUtils$$anonfun$createConnectionFactory$1.apply(JdbcUtils.scala:54)
	at org.apache.spark.sql.execution.datasources.jdbc.JdbcUtils$.savePartition(JdbcUtils.scala:614)
	at org.apache.spark.sql.execution.datasources.jdbc.JdbcUtils$$anonfun$saveTable$1.apply(JdbcUtils.scala:838)
	at org.apache.spark.sql.execution.datasources.jdbc.JdbcUtils$$anonfun$saveTable$1.apply(JdbcUtils.scala:838)
	at org.apache.spark.rdd.RDD$$anonfun$foreachPartition$1$$anonfun$apply$28.apply(RDD.scala:980)
	at org.apache.spark.rdd.RDD$$anonfun$foreachPartition$1$$anonfun$apply$28.apply(RDD.scala:980)
	at org.apache.spark.SparkContext$$anonfun$runJob$5.apply(SparkContext.scala:2101)
	at org.apache.spark.SparkContext$$anonfun$runJob$5.apply(SparkContext.scala:2101)
	at org.apache.spark.scheduler.ResultTask.runTask(ResultTask.scala:90)
	at org.apache.spark.scheduler.Task.run(Task.scala:123)
	at org.apache.spark.executor.Executor$TaskRunner$$anonfun$10.apply(Executor.scala:408)
	at org.apache.spark.util.Utils$.tryWithSafeFinally(Utils.scala:1360)
	at org.apache.spark.executor.Executor$TaskRunner.run(Executor.scala:414)
	at java.util.concurrent.ThreadPoolExecutor.runWorker(ThreadPoolExecutor.java:1149)
	at java.util.concurrent.ThreadPoolExecutor$Worker.run(ThreadPoolExecutor.java:624)
	at java.lang.Thread.run(Thread.java:748)
Caused by: java.io.EOFException
	at org.postgresql.core.PGStream.receiveChar(PGStream.java:372)
	at org.postgresql.core.v3.ConnectionFactoryImpl.doAuthentication(ConnectionFactoryImpl.java:509)
	at org.postgresql.core.v3.ConnectionFactoryImpl.tryConnect(ConnectionFactoryImpl.java:145)
	at org.postgresql.core.v3.ConnectionFactoryImpl.openConnectionImpl(ConnectionFactoryImpl.java:196)
	... 21 more

Driver stacktrace:
	at org.apache.spark.scheduler.DAGScheduler.org$apache$spark$scheduler$DAGScheduler$$failJobAndIndependentStages(DAGScheduler.scala:1891)
	at org.apache.spark.scheduler.DAGScheduler$$anonfun$abortStage$1.apply(DAGScheduler.scala:1879)
	at org.apache.spark.scheduler.DAGScheduler$$anonfun$abortStage$1.apply(DAGScheduler.scala:1878)
	at scala.collection.mutable.ResizableArray$class.foreach(ResizableArray.scala:59)
	at scala.collection.mutable.ArrayBuffer.foreach(ArrayBuffer.scala:48)
	at org.apache.spark.scheduler.DAGScheduler.abortStage(DAGScheduler.scala:1878)
	at org.apache.spark.scheduler.DAGScheduler$$anonfun$handleTaskSetFailed$1.apply(DAGScheduler.scala:927)
	at org.apache.spark.scheduler.DAGScheduler$$anonfun$handleTaskSetFailed$1.apply(DAGScheduler.scala:927)
	at scala.Option.foreach(Option.scala:257)
	at org.apache.spark.scheduler.DAGScheduler.handleTaskSetFailed(DAGScheduler.scala:927)
	at org.apache.spark.scheduler.DAGSchedulerEventProcessLoop.doOnReceive(DAGScheduler.scala:2112)
	at org.apache.spark.scheduler.DAGSchedulerEventProcessLoop.onReceive(DAGScheduler.scala:2061)
	at org.apache.spark.scheduler.DAGSchedulerEventProcessLoop.onReceive(DAGScheduler.scala:2050)
	at org.apache.spark.util.EventLoop$$anon$1.run(EventLoop.scala:49)
	at org.apache.spark.scheduler.DAGScheduler.runJob(DAGScheduler.scala:738)
	at org.apache.spark.SparkContext.runJob(SparkContext.scala:2061)
	at org.apache.spark.SparkContext.runJob(SparkContext.scala:2082)
	at org.apache.spark.SparkContext.runJob(SparkContext.scala:2101)
	at org.apache.spark.SparkContext.runJob(SparkContext.scala:2126)
	at org.apache.spark.rdd.RDD$$anonfun$foreachPartition$1.apply(RDD.scala:980)
	at org.apache.spark.rdd.RDD$$anonfun$foreachPartition$1.apply(RDD.scala:978)
	at org.apache.spark.rdd.RDDOperationScope$.withScope(RDDOperationScope.scala:151)
	at org.apache.spark.rdd.RDDOperationScope$.withScope(RDDOperationScope.scala:112)
	at org.apache.spark.rdd.RDD.withScope(RDD.scala:385)
	at org.apache.spark.rdd.RDD.foreachPartition(RDD.scala:978)
	at org.apache.spark.sql.execution.datasources.jdbc.JdbcUtils$.saveTable(JdbcUtils.scala:838)
	at org.apache.spark.sql.execution.datasources.jdbc.JdbcRelationProvider.createRelation(JdbcRelationProvider.scala:58)
	at org.apache.spark.sql.execution.datasources.SaveIntoDataSourceCommand.run(SaveIntoDataSourceCommand.scala:45)
	at org.apache.spark.sql.execution.command.ExecutedCommandExec.sideEffectResult$lzycompute(commands.scala:70)
	at org.apache.spark.sql.execution.command.ExecutedCommandExec.sideEffectResult(commands.scala:68)
	at org.apache.spark.sql.execution.command.ExecutedCommandExec.doExecute(commands.scala:86)
	at org.apache.spark.sql.execution.SparkPlan$$anonfun$execute$1.apply(SparkPlan.scala:131)
	at org.apache.spark.sql.execution.SparkPlan$$anonfun$execute$1.apply(SparkPlan.scala:127)
	at org.apache.spark.sql.execution.SparkPlan$$anonfun$executeQuery$1.apply(SparkPlan.scala:155)
	at org.apache.spark.rdd.RDDOperationScope$.withScope(RDDOperationScope.scala:151)
	at org.apache.spark.sql.execution.SparkPlan.executeQuery(SparkPlan.scala:152)
	at org.apache.spark.sql.execution.SparkPlan.execute(SparkPlan.scala:127)
	at org.apache.spark.sql.execution.QueryExecution.toRdd$lzycompute(QueryExecution.scala:83)
	at org.apache.spark.sql.execution.QueryExecution.toRdd(QueryExecution.scala:81)
	at org.apache.spark.sql.DataFrameWriter$$anonfun$runCommand$1.apply(DataFrameWriter.scala:676)
	at org.apache.spark.sql.DataFrameWriter$$anonfun$runCommand$1.apply(DataFrameWriter.scala:676)
	at org.apache.spark.sql.execution.SQLExecution$$anonfun$withNewExecutionId$1.apply(SQLExecution.scala:80)
	at org.apache.spark.sql.execution.SQLExecution$.withSQLConfPropagated(SQLExecution.scala:127)
	at org.apache.spark.sql.execution.SQLExecution$.withNewExecutionId(SQLExecution.scala:75)
	at org.apache.spark.sql.DataFrameWriter.runCommand(DataFrameWriter.scala:676)
	at org.apache.spark.sql.DataFrameWriter.saveToV1Source(DataFrameWriter.scala:285)
	at org.apache.spark.sql.DataFrameWriter.save(DataFrameWriter.scala:271)
	at org.apache.spark.sql.DataFrameWriter.jdbc(DataFrameWriter.scala:515)
	at sun.reflect.NativeMethodAccessorImpl.invoke0(Native Method)
	at sun.reflect.NativeMethodAccessorImpl.invoke(NativeMethodAccessorImpl.java:62)
	at sun.reflect.DelegatingMethodAccessorImpl.invoke(DelegatingMethodAccessorImpl.java:43)
	at java.lang.reflect.Method.invoke(Method.java:498)
	at py4j.reflection.MethodInvoker.invoke(MethodInvoker.java:244)
	at py4j.reflection.ReflectionEngine.invoke(ReflectionEngine.java:357)
	at py4j.Gateway.invoke(Gateway.java:282)
	at py4j.commands.AbstractCommand.invokeMethod(AbstractCommand.java:132)
	at py4j.commands.CallCommand.execute(CallCommand.java:79)
	at py4j.GatewayConnection.run(GatewayConnection.java:238)
	at java.lang.Thread.run(Thread.java:748)
Caused by: org.postgresql.util.PSQLException: The connection attempt failed.
	at org.postgresql.core.v3.ConnectionFactoryImpl.openConnectionImpl(ConnectionFactoryImpl.java:296)
	at org.postgresql.core.ConnectionFactory.openConnection(ConnectionFactory.java:49)
	at org.postgresql.jdbc.PgConnection.<init>(PgConnection.java:211)
	at org.postgresql.Driver.makeConnection(Driver.java:459)
	at org.postgresql.Driver.connect(Driver.java:261)
	at org.apache.spark.sql.execution.datasources.jdbc.JdbcUtils$$anonfun$createConnectionFactory$1.apply(JdbcUtils.scala:63)
	at org.apache.spark.sql.execution.datasources.jdbc.JdbcUtils$$anonfun$createConnectionFactory$1.apply(JdbcUtils.scala:54)
	at org.apache.spark.sql.execution.datasources.jdbc.JdbcUtils$.savePartition(JdbcUtils.scala:614)
	at org.apache.spark.sql.execution.datasources.jdbc.JdbcUtils$$anonfun$saveTable$1.apply(JdbcUtils.scala:838)
	at org.apache.spark.sql.execution.datasources.jdbc.JdbcUtils$$anonfun$saveTable$1.apply(JdbcUtils.scala:838)
	at org.apache.spark.rdd.RDD$$anonfun$foreachPartition$1$$anonfun$apply$28.apply(RDD.scala:980)
	at org.apache.spark.rdd.RDD$$anonfun$foreachPartition$1$$anonfun$apply$28.apply(RDD.scala:980)
	at org.apache.spark.SparkContext$$anonfun$runJob$5.apply(SparkContext.scala:2101)
	at org.apache.spark.SparkContext$$anonfun$runJob$5.apply(SparkContext.scala:2101)
	at org.apache.spark.scheduler.ResultTask.runTask(ResultTask.scala:90)
	at org.apache.spark.scheduler.Task.run(Task.scala:123)
	at org.apache.spark.executor.Executor$TaskRunner$$anonfun$10.apply(Executor.scala:408)
	at org.apache.spark.util.Utils$.tryWithSafeFinally(Utils.scala:1360)
	at org.apache.spark.executor.Executor$TaskRunner.run(Executor.scala:414)
	at java.util.concurrent.ThreadPoolExecutor.runWorker(ThreadPoolExecutor.java:1149)
	at java.util.concurrent.ThreadPoolExecutor$Worker.run(ThreadPoolExecutor.java:624)
	... 1 more
Caused by: java.io.EOFException
	at org.postgresql.core.PGStream.receiveChar(PGStream.java:372)
	at org.postgresql.core.v3.ConnectionFactoryImpl.doAuthentication(ConnectionFactoryImpl.java:509)
	at org.postgresql.core.v3.ConnectionFactoryImpl.tryConnect(ConnectionFactoryImpl.java:145)
	at org.postgresql.core.v3.ConnectionFactoryImpl.openConnectionImpl(ConnectionFactoryImpl.java:196)
	... 21 more

20/02/16 03:26:20 INFO SparkContext: Invoking stop() from shutdown hook
20/02/16 03:26:21 INFO SparkUI: Stopped Spark web UI at http://192.168.1.25:4040
20/02/16 03:26:24 INFO MapOutputTrackerMasterEndpoint: MapOutputTrackerMasterEndpoint stopped!
20/02/16 03:26:32 INFO MemoryStore: MemoryStore cleared
20/02/16 03:26:32 INFO BlockManager: BlockManager stopped
20/02/16 03:26:32 INFO BlockManagerMaster: BlockManagerMaster stopped
20/02/16 03:26:33 INFO OutputCommitCoordinator$OutputCommitCoordinatorEndpoint: OutputCommitCoordinator stopped!
20/02/16 03:26:33 INFO SparkContext: Successfully stopped SparkContext
20/02/16 03:26:33 INFO ShutdownHookManager: Shutdown hook called
20/02/16 03:26:33 INFO ShutdownHookManager: Deleting directory /tmp/spark-4b23c593-d8e1-4211-9385-e25420d4c1ff
20/02/16 03:26:33 INFO ShutdownHookManager: Deleting directory /tmp/spark-a7f7e41e-5578-40a4-8aea-7b14c3f20045/pyspark-5f71b3da-6baa-4fe4-94e6-ded4c584caf8
20/02/16 03:26:33 INFO ShutdownHookManager: Deleting directory /tmp/spark-a7f7e41e-5578-40a4-8aea-7b14c3f20045
