###################################################################################################################################
###################################################################################################################################
Load to stage in progress
###################################################################################################################################
###################################################################################################################################
20/02/17 03:04:22 WARN Utils: Your hostname, DESKTOP-502C4I4 resolves to a loopback address: 127.0.1.1; using 192.168.1.25 instead (on interface wifi0)
20/02/17 03:04:22 WARN Utils: Set SPARK_LOCAL_IP if you need to bind to another address
20/02/17 03:04:24 WARN NativeCodeLoader: Unable to load native-hadoop library for your platform... using builtin-java classes where applicable
Using Spark's default log4j profile: org/apache/spark/log4j-defaults.properties
20/02/17 03:04:30 INFO SparkContext: Running Spark version 2.4.5
20/02/17 03:04:30 INFO SparkContext: Submitted application: ReviewsOdsSession
20/02/17 03:04:31 INFO SecurityManager: Changing view acls to: devetluser
20/02/17 03:04:31 INFO SecurityManager: Changing modify acls to: devetluser
20/02/17 03:04:31 INFO SecurityManager: Changing view acls groups to: 
20/02/17 03:04:31 INFO SecurityManager: Changing modify acls groups to: 
20/02/17 03:04:31 INFO SecurityManager: SecurityManager: authentication disabled; ui acls disabled; users  with view permissions: Set(devetluser); groups with view permissions: Set(); users  with modify permissions: Set(devetluser); groups with modify permissions: Set()
20/02/17 03:04:32 INFO Utils: Successfully started service 'sparkDriver' on port 6558.
20/02/17 03:04:32 INFO SparkEnv: Registering MapOutputTracker
20/02/17 03:04:32 INFO SparkEnv: Registering BlockManagerMaster
20/02/17 03:04:32 INFO BlockManagerMasterEndpoint: Using org.apache.spark.storage.DefaultTopologyMapper for getting topology information
20/02/17 03:04:32 INFO BlockManagerMasterEndpoint: BlockManagerMasterEndpoint up
20/02/17 03:04:32 INFO DiskBlockManager: Created local directory at /tmp/blockmgr-fd83c36a-6a14-41a0-868e-26b3f4244c5c
20/02/17 03:04:32 INFO MemoryStore: MemoryStore started with capacity 366.3 MB
20/02/17 03:04:32 INFO SparkEnv: Registering OutputCommitCoordinator
20/02/17 03:04:33 INFO Utils: Successfully started service 'SparkUI' on port 4040.
20/02/17 03:04:33 INFO SparkUI: Bound SparkUI to 0.0.0.0, and started at http://192.168.1.25:4040
20/02/17 03:04:33 INFO Executor: Starting executor ID driver on host localhost
20/02/17 03:04:33 INFO Utils: Successfully started service 'org.apache.spark.network.netty.NettyBlockTransferService' on port 6562.
20/02/17 03:04:33 INFO NettyBlockTransferService: Server created on 192.168.1.25:6562
20/02/17 03:04:33 INFO BlockManager: Using org.apache.spark.storage.RandomBlockReplicationPolicy for block replication policy
20/02/17 03:04:34 INFO BlockManagerMaster: Registering BlockManager BlockManagerId(driver, 192.168.1.25, 6562, None)
20/02/17 03:04:34 INFO BlockManagerMasterEndpoint: Registering block manager 192.168.1.25:6562 with 366.3 MB RAM, BlockManagerId(driver, 192.168.1.25, 6562, None)
20/02/17 03:04:34 INFO BlockManagerMaster: Registered BlockManager BlockManagerId(driver, 192.168.1.25, 6562, None)
20/02/17 03:04:34 INFO BlockManager: Initialized BlockManager: BlockManagerId(driver, 192.168.1.25, 6562, None)
20/02/17 03:04:35 INFO SharedState: Setting hive.metastore.warehouse.dir ('null') to the value of spark.sql.warehouse.dir ('file:/edw/Reviews/SourceCode/bash/spark-warehouse').
20/02/17 03:04:35 INFO SharedState: Warehouse path is 'file:/edw/Reviews/SourceCode/bash/spark-warehouse'.
20/02/17 03:04:37 INFO StateStoreCoordinatorRef: Registered StateStoreCoordinator endpoint
20/02/17 03:04:38 INFO InMemoryFileIndex: It took 102 ms to list leaf files for 1 paths.
20/02/17 03:04:38 INFO InMemoryFileIndex: It took 3 ms to list leaf files for 1 paths.
20/02/17 03:04:44 INFO FileSourceStrategy: Pruning directories with: 
20/02/17 03:04:44 INFO FileSourceStrategy: Post-Scan Filters: 
20/02/17 03:04:44 INFO FileSourceStrategy: Output Data Schema: struct<value: string>
20/02/17 03:04:44 INFO FileSourceScanExec: Pushed Filters: 
20/02/17 03:04:46 INFO CodeGenerator: Code generated in 520.9287 ms
20/02/17 03:04:47 INFO MemoryStore: Block broadcast_0 stored as values in memory (estimated size 282.9 KB, free 366.0 MB)
20/02/17 03:04:47 INFO MemoryStore: Block broadcast_0_piece0 stored as bytes in memory (estimated size 23.3 KB, free 366.0 MB)
20/02/17 03:04:47 INFO BlockManagerInfo: Added broadcast_0_piece0 in memory on 192.168.1.25:6562 (size: 23.3 KB, free: 366.3 MB)
20/02/17 03:04:47 INFO SparkContext: Created broadcast 0 from json at NativeMethodAccessorImpl.java:0
20/02/17 03:04:47 INFO FileSourceScanExec: Planning scan with bin packing, max size: 134217728 bytes, open cost is considered as scanning 4194304 bytes.
20/02/17 03:04:47 INFO SparkContext: Starting job: json at NativeMethodAccessorImpl.java:0
20/02/17 03:04:47 INFO DAGScheduler: Got job 0 (json at NativeMethodAccessorImpl.java:0) with 17 output partitions
20/02/17 03:04:47 INFO DAGScheduler: Final stage: ResultStage 0 (json at NativeMethodAccessorImpl.java:0)
20/02/17 03:04:47 INFO DAGScheduler: Parents of final stage: List()
20/02/17 03:04:47 INFO DAGScheduler: Missing parents: List()
20/02/17 03:04:47 INFO DAGScheduler: Submitting ResultStage 0 (MapPartitionsRDD[3] at json at NativeMethodAccessorImpl.java:0), which has no missing parents
20/02/17 03:04:48 INFO MemoryStore: Block broadcast_1 stored as values in memory (estimated size 11.6 KB, free 366.0 MB)
20/02/17 03:04:48 INFO MemoryStore: Block broadcast_1_piece0 stored as bytes in memory (estimated size 6.7 KB, free 366.0 MB)
20/02/17 03:04:48 INFO BlockManagerInfo: Added broadcast_1_piece0 in memory on 192.168.1.25:6562 (size: 6.7 KB, free: 366.3 MB)
20/02/17 03:04:48 INFO SparkContext: Created broadcast 1 from broadcast at DAGScheduler.scala:1163
20/02/17 03:04:48 INFO DAGScheduler: Submitting 17 missing tasks from ResultStage 0 (MapPartitionsRDD[3] at json at NativeMethodAccessorImpl.java:0) (first 15 tasks are for partitions Vector(0, 1, 2, 3, 4, 5, 6, 7, 8, 9, 10, 11, 12, 13, 14))
20/02/17 03:04:48 INFO TaskSchedulerImpl: Adding task set 0.0 with 17 tasks
20/02/17 03:04:48 INFO TaskSetManager: Starting task 0.0 in stage 0.0 (TID 0, localhost, executor driver, partition 0, PROCESS_LOCAL, 8269 bytes)
20/02/17 03:04:48 INFO TaskSetManager: Starting task 1.0 in stage 0.0 (TID 1, localhost, executor driver, partition 1, PROCESS_LOCAL, 8269 bytes)
20/02/17 03:04:48 INFO TaskSetManager: Starting task 2.0 in stage 0.0 (TID 2, localhost, executor driver, partition 2, PROCESS_LOCAL, 8269 bytes)
20/02/17 03:04:48 INFO TaskSetManager: Starting task 3.0 in stage 0.0 (TID 3, localhost, executor driver, partition 3, PROCESS_LOCAL, 8269 bytes)
20/02/17 03:04:48 INFO Executor: Running task 0.0 in stage 0.0 (TID 0)
20/02/17 03:04:48 INFO Executor: Running task 1.0 in stage 0.0 (TID 1)
20/02/17 03:04:48 INFO Executor: Running task 2.0 in stage 0.0 (TID 2)
20/02/17 03:04:48 INFO Executor: Running task 3.0 in stage 0.0 (TID 3)
20/02/17 03:04:48 INFO FileScanRDD: Reading File path: file:///edw/Reviews/SourceCode/data/asin_reviews.json, range: 402653184-536870912, partition values: [empty row]
20/02/17 03:04:48 INFO FileScanRDD: Reading File path: file:///edw/Reviews/SourceCode/data/asin_reviews.json, range: 134217728-268435456, partition values: [empty row]
20/02/17 03:04:48 INFO FileScanRDD: Reading File path: file:///edw/Reviews/SourceCode/data/asin_reviews.json, range: 268435456-402653184, partition values: [empty row]
20/02/17 03:04:48 INFO FileScanRDD: Reading File path: file:///edw/Reviews/SourceCode/data/asin_reviews.json, range: 0-134217728, partition values: [empty row]
20/02/17 03:04:48 INFO CodeGenerator: Code generated in 31.4012 ms
20/02/17 03:05:06 INFO Executor: Finished task 3.0 in stage 0.0 (TID 3). 2350 bytes result sent to driver
20/02/17 03:05:06 INFO TaskSetManager: Starting task 4.0 in stage 0.0 (TID 4, localhost, executor driver, partition 4, PROCESS_LOCAL, 8269 bytes)
20/02/17 03:05:06 INFO Executor: Running task 4.0 in stage 0.0 (TID 4)
20/02/17 03:05:06 INFO FileScanRDD: Reading File path: file:///edw/Reviews/SourceCode/data/asin_reviews.json, range: 536870912-671088640, partition values: [empty row]
20/02/17 03:05:06 INFO TaskSetManager: Finished task 3.0 in stage 0.0 (TID 3) in 18326 ms on localhost (executor driver) (1/17)
20/02/17 03:05:07 INFO Executor: Finished task 2.0 in stage 0.0 (TID 2). 2350 bytes result sent to driver
20/02/17 03:05:07 INFO TaskSetManager: Starting task 5.0 in stage 0.0 (TID 5, localhost, executor driver, partition 5, PROCESS_LOCAL, 8269 bytes)
20/02/17 03:05:07 INFO TaskSetManager: Finished task 2.0 in stage 0.0 (TID 2) in 18947 ms on localhost (executor driver) (2/17)
20/02/17 03:05:07 INFO Executor: Running task 5.0 in stage 0.0 (TID 5)
20/02/17 03:05:07 INFO FileScanRDD: Reading File path: file:///edw/Reviews/SourceCode/data/asin_reviews.json, range: 671088640-805306368, partition values: [empty row]
20/02/17 03:05:07 INFO Executor: Finished task 0.0 in stage 0.0 (TID 0). 2264 bytes result sent to driver
20/02/17 03:05:07 INFO TaskSetManager: Starting task 6.0 in stage 0.0 (TID 6, localhost, executor driver, partition 6, PROCESS_LOCAL, 8269 bytes)
20/02/17 03:05:07 INFO TaskSetManager: Finished task 0.0 in stage 0.0 (TID 0) in 19259 ms on localhost (executor driver) (3/17)
20/02/17 03:05:07 INFO Executor: Running task 6.0 in stage 0.0 (TID 6)
20/02/17 03:05:07 INFO FileScanRDD: Reading File path: file:///edw/Reviews/SourceCode/data/asin_reviews.json, range: 805306368-939524096, partition values: [empty row]
20/02/17 03:05:08 INFO Executor: Finished task 1.0 in stage 0.0 (TID 1). 2350 bytes result sent to driver
20/02/17 03:05:08 INFO TaskSetManager: Starting task 7.0 in stage 0.0 (TID 7, localhost, executor driver, partition 7, PROCESS_LOCAL, 8269 bytes)
20/02/17 03:05:08 INFO TaskSetManager: Finished task 1.0 in stage 0.0 (TID 1) in 19686 ms on localhost (executor driver) (4/17)
20/02/17 03:05:08 INFO Executor: Running task 7.0 in stage 0.0 (TID 7)
20/02/17 03:05:08 INFO FileScanRDD: Reading File path: file:///edw/Reviews/SourceCode/data/asin_reviews.json, range: 939524096-1073741824, partition values: [empty row]
20/02/17 03:05:24 INFO Executor: Finished task 4.0 in stage 0.0 (TID 4). 2307 bytes result sent to driver
20/02/17 03:05:24 INFO TaskSetManager: Starting task 8.0 in stage 0.0 (TID 8, localhost, executor driver, partition 8, PROCESS_LOCAL, 8269 bytes)
20/02/17 03:05:24 INFO TaskSetManager: Finished task 4.0 in stage 0.0 (TID 4) in 18210 ms on localhost (executor driver) (5/17)
20/02/17 03:05:24 INFO Executor: Running task 8.0 in stage 0.0 (TID 8)
20/02/17 03:05:24 INFO FileScanRDD: Reading File path: file:///edw/Reviews/SourceCode/data/asin_reviews.json, range: 1073741824-1207959552, partition values: [empty row]
20/02/17 03:05:25 INFO Executor: Finished task 5.0 in stage 0.0 (TID 5). 2307 bytes result sent to driver
20/02/17 03:05:25 INFO TaskSetManager: Starting task 9.0 in stage 0.0 (TID 9, localhost, executor driver, partition 9, PROCESS_LOCAL, 8269 bytes)
20/02/17 03:05:25 INFO Executor: Running task 9.0 in stage 0.0 (TID 9)
20/02/17 03:05:25 INFO TaskSetManager: Finished task 5.0 in stage 0.0 (TID 5) in 18292 ms on localhost (executor driver) (6/17)
20/02/17 03:05:25 INFO FileScanRDD: Reading File path: file:///edw/Reviews/SourceCode/data/asin_reviews.json, range: 1207959552-1342177280, partition values: [empty row]
20/02/17 03:05:25 INFO Executor: Finished task 6.0 in stage 0.0 (TID 6). 2264 bytes result sent to driver
20/02/17 03:05:25 INFO TaskSetManager: Starting task 10.0 in stage 0.0 (TID 10, localhost, executor driver, partition 10, PROCESS_LOCAL, 8269 bytes)
20/02/17 03:05:25 INFO TaskSetManager: Finished task 6.0 in stage 0.0 (TID 6) in 18381 ms on localhost (executor driver) (7/17)
20/02/17 03:05:25 INFO Executor: Running task 10.0 in stage 0.0 (TID 10)
20/02/17 03:05:25 INFO FileScanRDD: Reading File path: file:///edw/Reviews/SourceCode/data/asin_reviews.json, range: 1342177280-1476395008, partition values: [empty row]
20/02/17 03:05:26 INFO Executor: Finished task 7.0 in stage 0.0 (TID 7). 2307 bytes result sent to driver
20/02/17 03:05:26 INFO TaskSetManager: Starting task 11.0 in stage 0.0 (TID 11, localhost, executor driver, partition 11, PROCESS_LOCAL, 8269 bytes)
20/02/17 03:05:26 INFO Executor: Running task 11.0 in stage 0.0 (TID 11)
20/02/17 03:05:26 INFO TaskSetManager: Finished task 7.0 in stage 0.0 (TID 7) in 18792 ms on localhost (executor driver) (8/17)
20/02/17 03:05:26 INFO FileScanRDD: Reading File path: file:///edw/Reviews/SourceCode/data/asin_reviews.json, range: 1476395008-1610612736, partition values: [empty row]
20/02/17 03:05:43 INFO Executor: Finished task 8.0 in stage 0.0 (TID 8). 2307 bytes result sent to driver
20/02/17 03:05:43 INFO TaskSetManager: Starting task 12.0 in stage 0.0 (TID 12, localhost, executor driver, partition 12, PROCESS_LOCAL, 8269 bytes)
20/02/17 03:05:43 INFO Executor: Running task 12.0 in stage 0.0 (TID 12)
20/02/17 03:05:43 INFO TaskSetManager: Finished task 8.0 in stage 0.0 (TID 8) in 18942 ms on localhost (executor driver) (9/17)
20/02/17 03:05:43 INFO FileScanRDD: Reading File path: file:///edw/Reviews/SourceCode/data/asin_reviews.json, range: 1610612736-1744830464, partition values: [empty row]
20/02/17 03:05:44 INFO Executor: Finished task 9.0 in stage 0.0 (TID 9). 2307 bytes result sent to driver
20/02/17 03:05:44 INFO TaskSetManager: Starting task 13.0 in stage 0.0 (TID 13, localhost, executor driver, partition 13, PROCESS_LOCAL, 8269 bytes)
20/02/17 03:05:44 INFO TaskSetManager: Finished task 9.0 in stage 0.0 (TID 9) in 18700 ms on localhost (executor driver) (10/17)
20/02/17 03:05:44 INFO Executor: Running task 13.0 in stage 0.0 (TID 13)
20/02/17 03:05:44 INFO FileScanRDD: Reading File path: file:///edw/Reviews/SourceCode/data/asin_reviews.json, range: 1744830464-1879048192, partition values: [empty row]
20/02/17 03:05:45 INFO Executor: Finished task 10.0 in stage 0.0 (TID 10). 2350 bytes result sent to driver
20/02/17 03:05:45 INFO TaskSetManager: Starting task 14.0 in stage 0.0 (TID 14, localhost, executor driver, partition 14, PROCESS_LOCAL, 8269 bytes)
20/02/17 03:05:45 INFO TaskSetManager: Finished task 10.0 in stage 0.0 (TID 10) in 19128 ms on localhost (executor driver) (11/17)
20/02/17 03:05:45 INFO Executor: Running task 14.0 in stage 0.0 (TID 14)
20/02/17 03:05:45 INFO FileScanRDD: Reading File path: file:///edw/Reviews/SourceCode/data/asin_reviews.json, range: 1879048192-2013265920, partition values: [empty row]
20/02/17 03:05:45 INFO Executor: Finished task 11.0 in stage 0.0 (TID 11). 2307 bytes result sent to driver
20/02/17 03:05:45 INFO TaskSetManager: Starting task 15.0 in stage 0.0 (TID 15, localhost, executor driver, partition 15, PROCESS_LOCAL, 8269 bytes)
20/02/17 03:05:45 INFO TaskSetManager: Finished task 11.0 in stage 0.0 (TID 11) in 18966 ms on localhost (executor driver) (12/17)
20/02/17 03:05:45 INFO Executor: Running task 15.0 in stage 0.0 (TID 15)
20/02/17 03:05:45 INFO FileScanRDD: Reading File path: file:///edw/Reviews/SourceCode/data/asin_reviews.json, range: 2013265920-2147483648, partition values: [empty row]
20/02/17 03:06:03 INFO Executor: Finished task 13.0 in stage 0.0 (TID 13). 2307 bytes result sent to driver
20/02/17 03:06:03 INFO TaskSetManager: Starting task 16.0 in stage 0.0 (TID 16, localhost, executor driver, partition 16, PROCESS_LOCAL, 8269 bytes)
20/02/17 03:06:03 INFO TaskSetManager: Finished task 13.0 in stage 0.0 (TID 13) in 18933 ms on localhost (executor driver) (13/17)
20/02/17 03:06:03 INFO Executor: Running task 16.0 in stage 0.0 (TID 16)
20/02/17 03:06:03 INFO FileScanRDD: Reading File path: file:///edw/Reviews/SourceCode/data/asin_reviews.json, range: 2147483648-2265747124, partition values: [empty row]
20/02/17 03:06:04 INFO Executor: Finished task 12.0 in stage 0.0 (TID 12). 2307 bytes result sent to driver
20/02/17 03:06:04 INFO Executor: Finished task 14.0 in stage 0.0 (TID 14). 2264 bytes result sent to driver
20/02/17 03:06:04 INFO TaskSetManager: Finished task 12.0 in stage 0.0 (TID 12) in 20682 ms on localhost (executor driver) (14/17)
20/02/17 03:06:04 INFO TaskSetManager: Finished task 14.0 in stage 0.0 (TID 14) in 19422 ms on localhost (executor driver) (15/17)
20/02/17 03:06:05 INFO Executor: Finished task 15.0 in stage 0.0 (TID 15). 2307 bytes result sent to driver
20/02/17 03:06:05 INFO TaskSetManager: Finished task 15.0 in stage 0.0 (TID 15) in 19307 ms on localhost (executor driver) (16/17)
20/02/17 03:06:06 INFO Executor: Finished task 16.0 in stage 0.0 (TID 16). 2264 bytes result sent to driver
20/02/17 03:06:06 INFO TaskSetManager: Finished task 16.0 in stage 0.0 (TID 16) in 3222 ms on localhost (executor driver) (17/17)
20/02/17 03:06:06 INFO TaskSchedulerImpl: Removed TaskSet 0.0, whose tasks have all completed, from pool 
20/02/17 03:06:06 INFO DAGScheduler: ResultStage 0 (json at NativeMethodAccessorImpl.java:0) finished in 78.457 s
20/02/17 03:06:06 INFO DAGScheduler: Job 0 finished: json at NativeMethodAccessorImpl.java:0, took 78.795345 s
20/02/17 03:06:08 INFO FileSourceStrategy: Pruning directories with: 
20/02/17 03:06:08 INFO FileSourceStrategy: Post-Scan Filters: (cast(cast(CASE WHEN isnull(unixReviewTime#14L) THEN 1990-01-01 ELSE from_unixtime(unixReviewTime#14L, yyyy-MM-dd, Some(Europe/Berlin)) END as date) as string) >= 2011-01-01)
20/02/17 03:06:08 INFO FileSourceStrategy: Output Data Schema: struct<asin: string, overall: double, reviewerID: string, reviewerName: string, unixReviewTime: bigint ... 3 more fields>
20/02/17 03:06:08 INFO FileSourceScanExec: Pushed Filters: 
20/02/17 03:06:09 INFO CodeGenerator: Code generated in 130.7039 ms
20/02/17 03:06:09 INFO MemoryStore: Block broadcast_2 stored as values in memory (estimated size 282.9 KB, free 365.7 MB)
20/02/17 03:06:09 INFO MemoryStore: Block broadcast_2_piece0 stored as bytes in memory (estimated size 23.3 KB, free 365.7 MB)
20/02/17 03:06:09 INFO BlockManagerInfo: Added broadcast_2_piece0 in memory on 192.168.1.25:6562 (size: 23.3 KB, free: 366.2 MB)
20/02/17 03:06:09 INFO SparkContext: Created broadcast 2 from jdbc at NativeMethodAccessorImpl.java:0
20/02/17 03:06:09 INFO FileSourceScanExec: Planning scan with bin packing, max size: 134217728 bytes, open cost is considered as scanning 4194304 bytes.
20/02/17 03:06:09 INFO SparkContext: Starting job: jdbc at NativeMethodAccessorImpl.java:0
20/02/17 03:06:09 INFO DAGScheduler: Got job 1 (jdbc at NativeMethodAccessorImpl.java:0) with 17 output partitions
20/02/17 03:06:09 INFO DAGScheduler: Final stage: ResultStage 1 (jdbc at NativeMethodAccessorImpl.java:0)
20/02/17 03:06:09 INFO DAGScheduler: Parents of final stage: List()
20/02/17 03:06:09 INFO DAGScheduler: Missing parents: List()
20/02/17 03:06:09 INFO DAGScheduler: Submitting ResultStage 1 (MapPartitionsRDD[8] at jdbc at NativeMethodAccessorImpl.java:0), which has no missing parents
20/02/17 03:06:09 INFO MemoryStore: Block broadcast_3 stored as values in memory (estimated size 67.6 KB, free 365.6 MB)
20/02/17 03:06:09 INFO MemoryStore: Block broadcast_3_piece0 stored as bytes in memory (estimated size 31.2 KB, free 365.6 MB)
20/02/17 03:06:09 INFO BlockManagerInfo: Added broadcast_3_piece0 in memory on 192.168.1.25:6562 (size: 31.2 KB, free: 366.2 MB)
20/02/17 03:06:09 INFO SparkContext: Created broadcast 3 from broadcast at DAGScheduler.scala:1163
20/02/17 03:06:09 INFO DAGScheduler: Submitting 17 missing tasks from ResultStage 1 (MapPartitionsRDD[8] at jdbc at NativeMethodAccessorImpl.java:0) (first 15 tasks are for partitions Vector(0, 1, 2, 3, 4, 5, 6, 7, 8, 9, 10, 11, 12, 13, 14))
20/02/17 03:06:09 INFO TaskSchedulerImpl: Adding task set 1.0 with 17 tasks
20/02/17 03:06:09 INFO TaskSetManager: Starting task 0.0 in stage 1.0 (TID 17, localhost, executor driver, partition 0, PROCESS_LOCAL, 8269 bytes)
20/02/17 03:06:09 INFO TaskSetManager: Starting task 1.0 in stage 1.0 (TID 18, localhost, executor driver, partition 1, PROCESS_LOCAL, 8269 bytes)
20/02/17 03:06:09 INFO TaskSetManager: Starting task 2.0 in stage 1.0 (TID 19, localhost, executor driver, partition 2, PROCESS_LOCAL, 8269 bytes)
20/02/17 03:06:09 INFO TaskSetManager: Starting task 3.0 in stage 1.0 (TID 20, localhost, executor driver, partition 3, PROCESS_LOCAL, 8269 bytes)
20/02/17 03:06:09 INFO Executor: Running task 0.0 in stage 1.0 (TID 17)
20/02/17 03:06:09 INFO Executor: Running task 1.0 in stage 1.0 (TID 18)
20/02/17 03:06:09 INFO Executor: Running task 3.0 in stage 1.0 (TID 20)
20/02/17 03:06:09 INFO Executor: Running task 2.0 in stage 1.0 (TID 19)
20/02/17 03:06:09 INFO CodeGenerator: Code generated in 53.1464 ms
20/02/17 03:06:09 INFO FileScanRDD: Reading File path: file:///edw/Reviews/SourceCode/data/asin_reviews.json, range: 268435456-402653184, partition values: [empty row]
20/02/17 03:06:09 INFO FileScanRDD: Reading File path: file:///edw/Reviews/SourceCode/data/asin_reviews.json, range: 134217728-268435456, partition values: [empty row]
20/02/17 03:06:09 INFO FileScanRDD: Reading File path: file:///edw/Reviews/SourceCode/data/asin_reviews.json, range: 0-134217728, partition values: [empty row]
20/02/17 03:06:09 INFO FileScanRDD: Reading File path: file:///edw/Reviews/SourceCode/data/asin_reviews.json, range: 402653184-536870912, partition values: [empty row]
20/02/17 03:06:09 INFO CodeGenerator: Code generated in 34.437 ms
20/02/17 03:06:24 INFO Executor: Finished task 2.0 in stage 1.0 (TID 19). 1456 bytes result sent to driver
20/02/17 03:06:24 INFO TaskSetManager: Starting task 4.0 in stage 1.0 (TID 21, localhost, executor driver, partition 4, PROCESS_LOCAL, 8269 bytes)
20/02/17 03:06:24 INFO TaskSetManager: Finished task 2.0 in stage 1.0 (TID 19) in 14701 ms on localhost (executor driver) (1/17)
20/02/17 03:06:24 INFO Executor: Running task 4.0 in stage 1.0 (TID 21)
20/02/17 03:06:24 INFO FileScanRDD: Reading File path: file:///edw/Reviews/SourceCode/data/asin_reviews.json, range: 536870912-671088640, partition values: [empty row]
20/02/17 03:06:24 INFO Executor: Finished task 1.0 in stage 1.0 (TID 18). 1499 bytes result sent to driver
20/02/17 03:06:24 INFO TaskSetManager: Starting task 5.0 in stage 1.0 (TID 22, localhost, executor driver, partition 5, PROCESS_LOCAL, 8269 bytes)
20/02/17 03:06:24 INFO TaskSetManager: Finished task 1.0 in stage 1.0 (TID 18) in 15371 ms on localhost (executor driver) (2/17)
20/02/17 03:06:24 INFO Executor: Running task 5.0 in stage 1.0 (TID 22)
20/02/17 03:06:24 INFO Executor: Finished task 3.0 in stage 1.0 (TID 20). 1499 bytes result sent to driver
20/02/17 03:06:24 INFO Executor: Finished task 0.0 in stage 1.0 (TID 17). 1499 bytes result sent to driver
20/02/17 03:06:24 INFO TaskSetManager: Starting task 6.0 in stage 1.0 (TID 23, localhost, executor driver, partition 6, PROCESS_LOCAL, 8269 bytes)
20/02/17 03:06:24 INFO TaskSetManager: Finished task 0.0 in stage 1.0 (TID 17) in 15502 ms on localhost (executor driver) (3/17)
20/02/17 03:06:24 INFO Executor: Running task 6.0 in stage 1.0 (TID 23)
20/02/17 03:06:25 INFO TaskSetManager: Starting task 7.0 in stage 1.0 (TID 24, localhost, executor driver, partition 7, PROCESS_LOCAL, 8269 bytes)
20/02/17 03:06:25 INFO TaskSetManager: Finished task 3.0 in stage 1.0 (TID 20) in 15514 ms on localhost (executor driver) (4/17)
20/02/17 03:06:25 INFO Executor: Running task 7.0 in stage 1.0 (TID 24)
20/02/17 03:06:25 INFO FileScanRDD: Reading File path: file:///edw/Reviews/SourceCode/data/asin_reviews.json, range: 671088640-805306368, partition values: [empty row]
20/02/17 03:06:25 INFO FileScanRDD: Reading File path: file:///edw/Reviews/SourceCode/data/asin_reviews.json, range: 939524096-1073741824, partition values: [empty row]
20/02/17 03:06:25 INFO FileScanRDD: Reading File path: file:///edw/Reviews/SourceCode/data/asin_reviews.json, range: 805306368-939524096, partition values: [empty row]
20/02/17 03:06:37 INFO Executor: Finished task 4.0 in stage 1.0 (TID 21). 1499 bytes result sent to driver
20/02/17 03:06:37 INFO TaskSetManager: Starting task 8.0 in stage 1.0 (TID 25, localhost, executor driver, partition 8, PROCESS_LOCAL, 8269 bytes)
20/02/17 03:06:37 INFO TaskSetManager: Finished task 4.0 in stage 1.0 (TID 21) in 13788 ms on localhost (executor driver) (5/17)
20/02/17 03:06:37 INFO Executor: Running task 8.0 in stage 1.0 (TID 25)
20/02/17 03:06:38 INFO FileScanRDD: Reading File path: file:///edw/Reviews/SourceCode/data/asin_reviews.json, range: 1073741824-1207959552, partition values: [empty row]
20/02/17 03:06:38 INFO Executor: Finished task 5.0 in stage 1.0 (TID 22). 1499 bytes result sent to driver
20/02/17 03:06:38 INFO Executor: Finished task 6.0 in stage 1.0 (TID 23). 1456 bytes result sent to driver
20/02/17 03:06:38 INFO TaskSetManager: Starting task 9.0 in stage 1.0 (TID 26, localhost, executor driver, partition 9, PROCESS_LOCAL, 8269 bytes)
20/02/17 03:06:38 INFO TaskSetManager: Starting task 10.0 in stage 1.0 (TID 27, localhost, executor driver, partition 10, PROCESS_LOCAL, 8269 bytes)
20/02/17 03:06:38 INFO Executor: Running task 9.0 in stage 1.0 (TID 26)
20/02/17 03:06:38 INFO TaskSetManager: Finished task 6.0 in stage 1.0 (TID 23) in 13236 ms on localhost (executor driver) (6/17)
20/02/17 03:06:38 INFO TaskSetManager: Finished task 5.0 in stage 1.0 (TID 22) in 13376 ms on localhost (executor driver) (7/17)
20/02/17 03:06:38 INFO Executor: Running task 10.0 in stage 1.0 (TID 27)
20/02/17 03:06:38 INFO FileScanRDD: Reading File path: file:///edw/Reviews/SourceCode/data/asin_reviews.json, range: 1342177280-1476395008, partition values: [empty row]
20/02/17 03:06:38 INFO FileScanRDD: Reading File path: file:///edw/Reviews/SourceCode/data/asin_reviews.json, range: 1207959552-1342177280, partition values: [empty row]
20/02/17 03:06:38 INFO Executor: Finished task 7.0 in stage 1.0 (TID 24). 1456 bytes result sent to driver
20/02/17 03:06:38 INFO TaskSetManager: Starting task 11.0 in stage 1.0 (TID 28, localhost, executor driver, partition 11, PROCESS_LOCAL, 8269 bytes)
20/02/17 03:06:38 INFO TaskSetManager: Finished task 7.0 in stage 1.0 (TID 24) in 13611 ms on localhost (executor driver) (8/17)
20/02/17 03:06:38 INFO Executor: Running task 11.0 in stage 1.0 (TID 28)
20/02/17 03:06:38 INFO FileScanRDD: Reading File path: file:///edw/Reviews/SourceCode/data/asin_reviews.json, range: 1476395008-1610612736, partition values: [empty row]
20/02/17 03:06:51 INFO Executor: Finished task 9.0 in stage 1.0 (TID 26). 1499 bytes result sent to driver
20/02/17 03:06:51 INFO TaskSetManager: Starting task 12.0 in stage 1.0 (TID 29, localhost, executor driver, partition 12, PROCESS_LOCAL, 8269 bytes)
20/02/17 03:06:51 INFO TaskSetManager: Finished task 9.0 in stage 1.0 (TID 26) in 12955 ms on localhost (executor driver) (9/17)
20/02/17 03:06:51 INFO Executor: Running task 12.0 in stage 1.0 (TID 29)
20/02/17 03:06:51 INFO Executor: Finished task 8.0 in stage 1.0 (TID 25). 1456 bytes result sent to driver
20/02/17 03:06:51 INFO TaskSetManager: Starting task 13.0 in stage 1.0 (TID 30, localhost, executor driver, partition 13, PROCESS_LOCAL, 8269 bytes)
20/02/17 03:06:51 INFO TaskSetManager: Finished task 8.0 in stage 1.0 (TID 25) in 13298 ms on localhost (executor driver) (10/17)
20/02/17 03:06:51 INFO Executor: Running task 13.0 in stage 1.0 (TID 30)
20/02/17 03:06:51 INFO Executor: Finished task 10.0 in stage 1.0 (TID 27). 1456 bytes result sent to driver
20/02/17 03:06:51 INFO TaskSetManager: Starting task 14.0 in stage 1.0 (TID 31, localhost, executor driver, partition 14, PROCESS_LOCAL, 8269 bytes)
20/02/17 03:06:51 INFO TaskSetManager: Finished task 10.0 in stage 1.0 (TID 27) in 13080 ms on localhost (executor driver) (11/17)
20/02/17 03:06:51 INFO Executor: Running task 14.0 in stage 1.0 (TID 31)
20/02/17 03:06:51 INFO FileScanRDD: Reading File path: file:///edw/Reviews/SourceCode/data/asin_reviews.json, range: 1744830464-1879048192, partition values: [empty row]
20/02/17 03:06:51 INFO FileScanRDD: Reading File path: file:///edw/Reviews/SourceCode/data/asin_reviews.json, range: 1879048192-2013265920, partition values: [empty row]
20/02/17 03:06:51 INFO FileScanRDD: Reading File path: file:///edw/Reviews/SourceCode/data/asin_reviews.json, range: 1610612736-1744830464, partition values: [empty row]
20/02/17 03:06:51 INFO Executor: Finished task 11.0 in stage 1.0 (TID 28). 1499 bytes result sent to driver
20/02/17 03:06:51 INFO TaskSetManager: Finished task 11.0 in stage 1.0 (TID 28) in 13129 ms on localhost (executor driver) (12/17)
20/02/17 03:06:51 INFO TaskSetManager: Starting task 15.0 in stage 1.0 (TID 32, localhost, executor driver, partition 15, PROCESS_LOCAL, 8269 bytes)
20/02/17 03:06:51 INFO Executor: Running task 15.0 in stage 1.0 (TID 32)
20/02/17 03:06:51 INFO FileScanRDD: Reading File path: file:///edw/Reviews/SourceCode/data/asin_reviews.json, range: 2013265920-2147483648, partition values: [empty row]
20/02/17 03:07:00 INFO Executor: Finished task 13.0 in stage 1.0 (TID 30). 1499 bytes result sent to driver
20/02/17 03:07:00 INFO TaskSetManager: Starting task 16.0 in stage 1.0 (TID 33, localhost, executor driver, partition 16, PROCESS_LOCAL, 8269 bytes)
20/02/17 03:07:00 INFO TaskSetManager: Finished task 13.0 in stage 1.0 (TID 30) in 9440 ms on localhost (executor driver) (13/17)
20/02/17 03:07:00 INFO Executor: Running task 16.0 in stage 1.0 (TID 33)
20/02/17 03:07:00 INFO FileScanRDD: Reading File path: file:///edw/Reviews/SourceCode/data/asin_reviews.json, range: 2147483648-2265747124, partition values: [empty row]
20/02/17 03:07:03 INFO Executor: Finished task 12.0 in stage 1.0 (TID 29). 1542 bytes result sent to driver
20/02/17 03:07:03 INFO TaskSetManager: Finished task 12.0 in stage 1.0 (TID 29) in 12175 ms on localhost (executor driver) (14/17)
20/02/17 03:07:03 INFO Executor: Finished task 14.0 in stage 1.0 (TID 31). 1499 bytes result sent to driver
20/02/17 03:07:03 INFO TaskSetManager: Finished task 14.0 in stage 1.0 (TID 31) in 12222 ms on localhost (executor driver) (15/17)
20/02/17 03:07:03 INFO Executor: Finished task 15.0 in stage 1.0 (TID 32). 1456 bytes result sent to driver
20/02/17 03:07:03 INFO TaskSetManager: Finished task 15.0 in stage 1.0 (TID 32) in 12131 ms on localhost (executor driver) (16/17)
20/02/17 03:07:17 INFO Executor: Finished task 16.0 in stage 1.0 (TID 33). 1456 bytes result sent to driver
20/02/17 03:07:17 INFO TaskSetManager: Finished task 16.0 in stage 1.0 (TID 33) in 16418 ms on localhost (executor driver) (17/17)
20/02/17 03:07:17 INFO TaskSchedulerImpl: Removed TaskSet 1.0, whose tasks have all completed, from pool 
20/02/17 03:07:17 INFO DAGScheduler: ResultStage 1 (jdbc at NativeMethodAccessorImpl.java:0) finished in 67.759 s
20/02/17 03:07:17 INFO DAGScheduler: Job 1 finished: jdbc at NativeMethodAccessorImpl.java:0, took 67.772699 s
root
 |-- reviewer_id: string (nullable = true)
 |-- reviewer_nm: string (nullable = true)
 |-- add_td: timestamp (nullable = true)
 |-- modified_td: timestamp (nullable = true)

root
 |-- asin: string (nullable = true)
 |-- reviewRating: double (nullable = true)
 |-- reviewerID: string (nullable = true)
 |-- reviewerName: string (nullable = true)
 |-- reviewDate: date (nullable = true)

root
 |-- reviewer_id: string (nullable = true)
 |-- reviewer_nm: string (nullable = true)
 |-- add_td: timestamp (nullable = false)
 |-- modified_td: timestamp (nullable = false)

Traceback (most recent call last):
  File "/edw/Reviews/SourceCode/python/rating_ods_load.py", line 46, in <module>
    Update_Reviewer_df = Cl_Reviews_df.join(Reviewer_Core_df, Cl_Reviews_df.reviewerID == Reviewer_Core_df.reviewer_id).filter((col('reviewer_nm') != col(reviewerName)) | col(reviewerName).isNull()).select(col('reviewerID').alias("reviewer_id"),col('reviewerName').alias("reviewer_nm"),'add_td').withColumn("modified_td", current_timestamp())
NameError: name 'reviewerName' is not defined
20/02/17 03:07:19 INFO SparkContext: Invoking stop() from shutdown hook
20/02/17 03:07:19 INFO SparkUI: Stopped Spark web UI at http://192.168.1.25:4040
20/02/17 03:07:20 INFO MapOutputTrackerMasterEndpoint: MapOutputTrackerMasterEndpoint stopped!
20/02/17 03:07:20 INFO MemoryStore: MemoryStore cleared
20/02/17 03:07:20 INFO BlockManager: BlockManager stopped
20/02/17 03:07:20 INFO BlockManagerMaster: BlockManagerMaster stopped
20/02/17 03:07:20 INFO OutputCommitCoordinator$OutputCommitCoordinatorEndpoint: OutputCommitCoordinator stopped!
20/02/17 03:07:20 INFO SparkContext: Successfully stopped SparkContext
20/02/17 03:07:20 INFO ShutdownHookManager: Shutdown hook called
20/02/17 03:07:20 INFO ShutdownHookManager: Deleting directory /tmp/spark-8c9d10c7-f11f-4d57-ad0c-88c14b5192e6
20/02/17 03:07:20 INFO ShutdownHookManager: Deleting directory /tmp/spark-8c9d10c7-f11f-4d57-ad0c-88c14b5192e6/pyspark-be7c446a-15e2-4f3c-97fa-d4bda59e9fbf
20/02/17 03:07:20 INFO ShutdownHookManager: Deleting directory /tmp/spark-357abb28-40cd-4cf3-a0b6-941d1159f237
