###################################################################################################################################
###################################################################################################################################
Load to ODS in progress
###################################################################################################################################
###################################################################################################################################
20/02/17 00:20:57 WARN Utils: Your hostname, DESKTOP-502C4I4 resolves to a loopback address: 127.0.1.1; using 192.168.1.25 instead (on interface wifi0)
20/02/17 00:20:57 WARN Utils: Set SPARK_LOCAL_IP if you need to bind to another address
20/02/17 00:20:57 WARN NativeCodeLoader: Unable to load native-hadoop library for your platform... using builtin-java classes where applicable
Using Spark's default log4j profile: org/apache/spark/log4j-defaults.properties
20/02/17 00:20:59 INFO SparkContext: Running Spark version 2.4.5
20/02/17 00:20:59 INFO SparkContext: Submitted application: ReviewsOdsSession
20/02/17 00:20:59 INFO SecurityManager: Changing view acls to: devetluser
20/02/17 00:20:59 INFO SecurityManager: Changing modify acls to: devetluser
20/02/17 00:20:59 INFO SecurityManager: Changing view acls groups to: 
20/02/17 00:20:59 INFO SecurityManager: Changing modify acls groups to: 
20/02/17 00:20:59 INFO SecurityManager: SecurityManager: authentication disabled; ui acls disabled; users  with view permissions: Set(devetluser); groups with view permissions: Set(); users  with modify permissions: Set(devetluser); groups with modify permissions: Set()
20/02/17 00:20:59 INFO Utils: Successfully started service 'sparkDriver' on port 6423.
20/02/17 00:20:59 INFO SparkEnv: Registering MapOutputTracker
20/02/17 00:20:59 INFO SparkEnv: Registering BlockManagerMaster
20/02/17 00:20:59 INFO BlockManagerMasterEndpoint: Using org.apache.spark.storage.DefaultTopologyMapper for getting topology information
20/02/17 00:20:59 INFO BlockManagerMasterEndpoint: BlockManagerMasterEndpoint up
20/02/17 00:20:59 INFO DiskBlockManager: Created local directory at /tmp/blockmgr-9b67ed8b-6975-46d7-9727-0c3cd625017d
20/02/17 00:20:59 INFO MemoryStore: MemoryStore started with capacity 366.3 MB
20/02/17 00:21:00 INFO SparkEnv: Registering OutputCommitCoordinator
20/02/17 00:21:00 INFO Utils: Successfully started service 'SparkUI' on port 4040.
20/02/17 00:21:00 INFO SparkUI: Bound SparkUI to 0.0.0.0, and started at http://192.168.1.25:4040
20/02/17 00:21:00 INFO Executor: Starting executor ID driver on host localhost
20/02/17 00:21:00 INFO Utils: Successfully started service 'org.apache.spark.network.netty.NettyBlockTransferService' on port 6426.
20/02/17 00:21:00 INFO NettyBlockTransferService: Server created on 192.168.1.25:6426
20/02/17 00:21:00 INFO BlockManager: Using org.apache.spark.storage.RandomBlockReplicationPolicy for block replication policy
20/02/17 00:21:01 INFO BlockManagerMaster: Registering BlockManager BlockManagerId(driver, 192.168.1.25, 6426, None)
20/02/17 00:21:01 INFO BlockManagerMasterEndpoint: Registering block manager 192.168.1.25:6426 with 366.3 MB RAM, BlockManagerId(driver, 192.168.1.25, 6426, None)
20/02/17 00:21:01 INFO BlockManagerMaster: Registered BlockManager BlockManagerId(driver, 192.168.1.25, 6426, None)
20/02/17 00:21:01 INFO BlockManager: Initialized BlockManager: BlockManagerId(driver, 192.168.1.25, 6426, None)
20/02/17 00:21:01 INFO SharedState: Setting hive.metastore.warehouse.dir ('null') to the value of spark.sql.warehouse.dir ('file:/edw/Reviews/SourceCode/bash/spark-warehouse').
20/02/17 00:21:01 INFO SharedState: Warehouse path is 'file:/edw/Reviews/SourceCode/bash/spark-warehouse'.
20/02/17 00:21:02 INFO StateStoreCoordinatorRef: Registered StateStoreCoordinator endpoint
20/02/17 00:21:06 INFO ContextCleaner: Cleaned accumulator 1
20/02/17 00:21:07 INFO CodeGenerator: Code generated in 526.2059 ms
20/02/17 00:21:07 INFO HashAggregateExec: spark.sql.codegen.aggregate.map.twolevel.enabled is set to true, but current version of codegened fast hashmap does not support this aggregate.
20/02/17 00:21:07 INFO CodeGenerator: Code generated in 79.9707 ms
20/02/17 00:21:07 INFO HashAggregateExec: spark.sql.codegen.aggregate.map.twolevel.enabled is set to true, but current version of codegened fast hashmap does not support this aggregate.
20/02/17 00:21:07 INFO CodeGenerator: Code generated in 47.3949 ms
20/02/17 00:21:08 INFO SparkContext: Starting job: showString at NativeMethodAccessorImpl.java:0
20/02/17 00:21:08 INFO DAGScheduler: Registering RDD 2 (showString at NativeMethodAccessorImpl.java:0) as input to shuffle 0
20/02/17 00:21:08 INFO DAGScheduler: Got job 0 (showString at NativeMethodAccessorImpl.java:0) with 1 output partitions
20/02/17 00:21:08 INFO DAGScheduler: Final stage: ResultStage 1 (showString at NativeMethodAccessorImpl.java:0)
20/02/17 00:21:08 INFO DAGScheduler: Parents of final stage: List(ShuffleMapStage 0)
20/02/17 00:21:08 INFO DAGScheduler: Missing parents: List(ShuffleMapStage 0)
20/02/17 00:21:08 INFO DAGScheduler: Submitting ShuffleMapStage 0 (MapPartitionsRDD[2] at showString at NativeMethodAccessorImpl.java:0), which has no missing parents
20/02/17 00:21:08 INFO MemoryStore: Block broadcast_0 stored as values in memory (estimated size 17.1 KB, free 366.3 MB)
20/02/17 00:21:08 INFO MemoryStore: Block broadcast_0_piece0 stored as bytes in memory (estimated size 8.2 KB, free 366.3 MB)
20/02/17 00:21:08 INFO BlockManagerInfo: Added broadcast_0_piece0 in memory on 192.168.1.25:6426 (size: 8.2 KB, free: 366.3 MB)
20/02/17 00:21:08 INFO SparkContext: Created broadcast 0 from broadcast at DAGScheduler.scala:1163
20/02/17 00:21:08 INFO DAGScheduler: Submitting 1 missing tasks from ShuffleMapStage 0 (MapPartitionsRDD[2] at showString at NativeMethodAccessorImpl.java:0) (first 15 tasks are for partitions Vector(0))
20/02/17 00:21:08 INFO TaskSchedulerImpl: Adding task set 0.0 with 1 tasks
20/02/17 00:21:08 INFO TaskSetManager: Starting task 0.0 in stage 0.0 (TID 0, localhost, executor driver, partition 0, PROCESS_LOCAL, 7679 bytes)
20/02/17 00:21:08 INFO Executor: Running task 0.0 in stage 0.0 (TID 0)
Exception in thread "Spark Context Cleaner" java.lang.OutOfMemoryError: GC overhead limit exceeded
Exception in thread "RemoteBlock-temp-file-clean-thread" java.lang.OutOfMemoryError: GC overhead limit exceeded
Exception in thread "SparkUI-38" java.lang.OutOfMemoryError: GC overhead limit exceeded
20/02/17 00:27:10 INFO JDBCRDD: closed connection
20/02/17 00:27:10 ERROR Executor: Exception in task 0.0 in stage 0.0 (TID 0)
java.lang.OutOfMemoryError: GC overhead limit exceeded
20/02/17 00:27:10 ERROR SparkUncaughtExceptionHandler: Uncaught exception in thread Thread[Executor task launch worker for task 0,5,main]
java.lang.OutOfMemoryError: GC overhead limit exceeded
20/02/17 00:27:10 INFO SparkContext: Invoking stop() from shutdown hook
20/02/17 00:27:10 WARN TaskSetManager: Lost task 0.0 in stage 0.0 (TID 0, localhost, executor driver): java.lang.OutOfMemoryError: GC overhead limit exceeded

20/02/17 00:27:10 ERROR TaskSetManager: Task 0 in stage 0.0 failed 1 times; aborting job
20/02/17 00:27:10 INFO TaskSchedulerImpl: Removed TaskSet 0.0, whose tasks have all completed, from pool 
20/02/17 00:27:10 WARN QueuedThreadPool: SparkUI{STOPPING,8<=8<=200,i=0,q=1} Couldn't stop Thread[SparkUI-38,5,]
20/02/17 00:27:10 INFO SparkUI: Stopped Spark web UI at http://192.168.1.25:4040
20/02/17 00:27:10 INFO TaskSchedulerImpl: Cancelling stage 0
20/02/17 00:27:10 INFO TaskSchedulerImpl: Killing all running tasks in stage 0: Stage cancelled
20/02/17 00:27:10 INFO DAGScheduler: ShuffleMapStage 0 (showString at NativeMethodAccessorImpl.java:0) failed in 362.372 s due to Job aborted due to stage failure: Task 0 in stage 0.0 failed 1 times, most recent failure: Lost task 0.0 in stage 0.0 (TID 0, localhost, executor driver): java.lang.OutOfMemoryError: GC overhead limit exceeded

Driver stacktrace:
20/02/17 00:27:10 INFO DAGScheduler: Job 0 failed: showString at NativeMethodAccessorImpl.java:0, took 362.483265 s
20/02/17 00:27:10 INFO MapOutputTrackerMasterEndpoint: MapOutputTrackerMasterEndpoint stopped!
20/02/17 00:27:11 INFO MemoryStore: MemoryStore cleared
20/02/17 00:27:11 INFO BlockManager: BlockManager stopped
20/02/17 00:27:11 INFO BlockManagerMaster: BlockManagerMaster stopped
20/02/17 00:27:11 INFO OutputCommitCoordinator$OutputCommitCoordinatorEndpoint: OutputCommitCoordinator stopped!
20/02/17 00:27:11 INFO SparkContext: Successfully stopped SparkContext
20/02/17 00:27:11 INFO ShutdownHookManager: Shutdown hook called
20/02/17 00:27:11 INFO ShutdownHookManager: Deleting directory /tmp/spark-5b2bdc38-9513-4c9f-8a48-3b72e7b4d937
20/02/17 00:27:11 INFO ShutdownHookManager: Deleting directory /tmp/spark-59eb2254-1ced-47dc-ac47-1614af32e110
20/02/17 00:27:11 INFO ShutdownHookManager: Deleting directory /tmp/spark-59eb2254-1ced-47dc-ac47-1614af32e110/pyspark-b45a97d0-4a05-4dc0-828f-e842fcd946b0
