###################################################################################################################################
###################################################################################################################################
Load to ODS in progress
###################################################################################################################################
###################################################################################################################################
begin;
BEGIN
        CREATE TEMPORARY TABLE REVIEWTEMP AS
	SELECT reviewerid, reviewername, odsaddtd FROM (
	SELECT reviewerid, reviewername, odsaddtd, ROW_NUMBER() OVER( PARTITION BY reviewerid order by reviewdate desc, reviewername desc) as row_num 
	FROM "STAGE_DB".reviews
	WHERE odsaddtd > (SELECT LAST_LOAD_TD 
				FROM "META_DB".CONTROL_TBL 
				WHERE SCHEMA_NM = 'CORE_DB' 
				AND TABLE_NM = 'REVIEWER_DIM')
		)sub_REVIEWS 
	WHERE row_num = 1; 
SELECT 3439830
	CREATE INDEX REVIEWTEMP_LOAD ON REVIEWTEMP(reviewerid);	
CREATE INDEX
								
	UPDATE "CORE_DB".REVIEWER_DIM
	SET REVIEWER_NM = REVIEWTEMP.reviewername
	, MODIFIED_TD = current_timestamp(0)
	FROM REVIEWTEMP
	WHERE REVIEWER_DIM.REVIEWER_ID = REVIEWTEMP.reviewerid;
ERROR:  canceling statement due to user request
