###################################################################################################################################
###################################################################################################################################
Load to ODS in progress
###################################################################################################################################
###################################################################################################################################
20/02/17 01:25:57 WARN Utils: Your hostname, DESKTOP-502C4I4 resolves to a loopback address: 127.0.1.1; using 192.168.1.25 instead (on interface wifi0)
20/02/17 01:25:57 WARN Utils: Set SPARK_LOCAL_IP if you need to bind to another address
20/02/17 01:25:59 WARN NativeCodeLoader: Unable to load native-hadoop library for your platform... using builtin-java classes where applicable
Using Spark's default log4j profile: org/apache/spark/log4j-defaults.properties
20/02/17 01:26:03 INFO SparkContext: Running Spark version 2.4.5
20/02/17 01:26:03 INFO SparkContext: Submitted application: ReviewsOdsSession
20/02/17 01:26:03 INFO SecurityManager: Changing view acls to: devetluser
20/02/17 01:26:03 INFO SecurityManager: Changing modify acls to: devetluser
20/02/17 01:26:03 INFO SecurityManager: Changing view acls groups to: 
20/02/17 01:26:03 INFO SecurityManager: Changing modify acls groups to: 
20/02/17 01:26:03 INFO SecurityManager: SecurityManager: authentication disabled; ui acls disabled; users  with view permissions: Set(devetluser); groups with view permissions: Set(); users  with modify permissions: Set(devetluser); groups with modify permissions: Set()
20/02/17 01:26:04 INFO Utils: Successfully started service 'sparkDriver' on port 10872.
20/02/17 01:26:04 INFO SparkEnv: Registering MapOutputTracker
20/02/17 01:26:04 INFO SparkEnv: Registering BlockManagerMaster
20/02/17 01:26:04 INFO BlockManagerMasterEndpoint: Using org.apache.spark.storage.DefaultTopologyMapper for getting topology information
20/02/17 01:26:04 INFO BlockManagerMasterEndpoint: BlockManagerMasterEndpoint up
20/02/17 01:26:04 INFO DiskBlockManager: Created local directory at /tmp/blockmgr-c0a40518-0201-447b-a0e5-7d0fcd3eefda
20/02/17 01:26:04 INFO MemoryStore: MemoryStore started with capacity 366.3 MB
20/02/17 01:26:04 INFO SparkEnv: Registering OutputCommitCoordinator
20/02/17 01:26:05 INFO Utils: Successfully started service 'SparkUI' on port 4040.
20/02/17 01:26:05 INFO SparkUI: Bound SparkUI to 0.0.0.0, and started at http://192.168.1.25:4040
20/02/17 01:26:05 INFO Executor: Starting executor ID driver on host localhost
20/02/17 01:26:05 INFO Utils: Successfully started service 'org.apache.spark.network.netty.NettyBlockTransferService' on port 10874.
20/02/17 01:26:05 INFO NettyBlockTransferService: Server created on 192.168.1.25:10874
20/02/17 01:26:05 INFO BlockManager: Using org.apache.spark.storage.RandomBlockReplicationPolicy for block replication policy
20/02/17 01:26:05 INFO BlockManagerMaster: Registering BlockManager BlockManagerId(driver, 192.168.1.25, 10874, None)
20/02/17 01:26:05 INFO BlockManagerMasterEndpoint: Registering block manager 192.168.1.25:10874 with 366.3 MB RAM, BlockManagerId(driver, 192.168.1.25, 10874, None)
20/02/17 01:26:05 INFO BlockManagerMaster: Registered BlockManager BlockManagerId(driver, 192.168.1.25, 10874, None)
20/02/17 01:26:05 INFO BlockManager: Initialized BlockManager: BlockManagerId(driver, 192.168.1.25, 10874, None)
20/02/17 01:26:06 INFO SharedState: Setting hive.metastore.warehouse.dir ('null') to the value of spark.sql.warehouse.dir ('file:/edw/Reviews/SourceCode/bash/spark-warehouse').
20/02/17 01:26:06 INFO SharedState: Warehouse path is 'file:/edw/Reviews/SourceCode/bash/spark-warehouse'.
20/02/17 01:26:08 INFO StateStoreCoordinatorRef: Registered StateStoreCoordinator endpoint
20/02/17 01:26:13 INFO CodeGenerator: Code generated in 518.7501 ms
20/02/17 01:26:13 INFO CodeGenerator: Code generated in 29.9656 ms
20/02/17 01:26:13 INFO SparkContext: Starting job: showString at NativeMethodAccessorImpl.java:0
20/02/17 01:26:13 INFO DAGScheduler: Got job 0 (showString at NativeMethodAccessorImpl.java:0) with 1 output partitions
20/02/17 01:26:13 INFO DAGScheduler: Final stage: ResultStage 0 (showString at NativeMethodAccessorImpl.java:0)
20/02/17 01:26:13 INFO DAGScheduler: Parents of final stage: List()
20/02/17 01:26:13 INFO DAGScheduler: Missing parents: List()
20/02/17 01:26:13 INFO DAGScheduler: Submitting ResultStage 0 (MapPartitionsRDD[3] at showString at NativeMethodAccessorImpl.java:0), which has no missing parents
20/02/17 01:26:14 INFO MemoryStore: Block broadcast_0 stored as values in memory (estimated size 7.8 KB, free 366.3 MB)
20/02/17 01:26:14 INFO MemoryStore: Block broadcast_0_piece0 stored as bytes in memory (estimated size 4.3 KB, free 366.3 MB)
20/02/17 01:26:14 INFO BlockManagerInfo: Added broadcast_0_piece0 in memory on 192.168.1.25:10874 (size: 4.3 KB, free: 366.3 MB)
20/02/17 01:26:14 INFO SparkContext: Created broadcast 0 from broadcast at DAGScheduler.scala:1163
20/02/17 01:26:14 INFO DAGScheduler: Submitting 1 missing tasks from ResultStage 0 (MapPartitionsRDD[3] at showString at NativeMethodAccessorImpl.java:0) (first 15 tasks are for partitions Vector(0))
20/02/17 01:26:14 INFO TaskSchedulerImpl: Adding task set 0.0 with 1 tasks
20/02/17 01:26:14 INFO TaskSetManager: Starting task 0.0 in stage 0.0 (TID 0, localhost, executor driver, partition 0, PROCESS_LOCAL, 7690 bytes)
20/02/17 01:26:14 INFO Executor: Running task 0.0 in stage 0.0 (TID 0)
20/02/17 01:33:05 INFO JDBCRDD: closed connection
20/02/17 01:33:05 INFO Executor: Finished task 0.0 in stage 0.0 (TID 0). 2087 bytes result sent to driver
20/02/17 01:33:05 INFO TaskSetManager: Finished task 0.0 in stage 0.0 (TID 0) in 411003 ms on localhost (executor driver) (1/1)
20/02/17 01:33:05 INFO TaskSchedulerImpl: Removed TaskSet 0.0, whose tasks have all completed, from pool 
20/02/17 01:33:05 INFO DAGScheduler: ResultStage 0 (showString at NativeMethodAccessorImpl.java:0) finished in 411.503 s
20/02/17 01:33:05 INFO DAGScheduler: Job 0 finished: showString at NativeMethodAccessorImpl.java:0, took 411.635619 s
+--------------------+--------------------+
|          reviewerid|        reviewername|
+--------------------+--------------------+
|A00000262KYZUE4J5...|      Steven N Elich|
|A00000922W28P2OCH...|     Gabriel Merrill|
|A000013090ZI3HIT9N5V|       Elvis florian|
|A00001362Q1PGIX2F...|      Pamela Bellamy|
|A0000188NWOSI5X2PMSN|        paula george|
|A0000196KBA0ICH151EG|              Khalid|
|A000023026XVLM97B...|       T.Dobrowolski|
|A00003262KNLZOSMM...|         Harue Rojas|
|A00003322NZ9C82Y4...|         Kyle Downey|
|A0000440NYTE2D2YB089|          Kristen S.|
|A00005181SC9PSCD5...|      Melissa Loizes|
|A000059624SSMC21V...|             Hdv2513|
|A000063614T1OE0BU...|    Patricia M. Lane|
|A00006923FEAFJLE7...|             Cynthia|
|A00007762BKXYRMOCC0A|               Hello|
|A00008222HA6HLYZN...|        Katie Harris|
|A00008821J0F472ND...|              Elaine|
|A00009323JAEPXA0Z...|David's Phoenix A...|
|A000096625CHSNKYT...|      Melody L Fearn|
|A00009921ASVLX5LO...|        maria keever|
+--------------------+--------------------+
only showing top 20 rows

20/02/17 01:33:05 INFO SparkContext: Invoking stop() from shutdown hook
20/02/17 01:33:05 INFO SparkUI: Stopped Spark web UI at http://192.168.1.25:4040
20/02/17 01:33:05 INFO MapOutputTrackerMasterEndpoint: MapOutputTrackerMasterEndpoint stopped!
20/02/17 01:33:05 INFO MemoryStore: MemoryStore cleared
20/02/17 01:33:05 INFO BlockManager: BlockManager stopped
20/02/17 01:33:05 INFO BlockManagerMaster: BlockManagerMaster stopped
20/02/17 01:33:06 INFO OutputCommitCoordinator$OutputCommitCoordinatorEndpoint: OutputCommitCoordinator stopped!
20/02/17 01:33:06 INFO SparkContext: Successfully stopped SparkContext
20/02/17 01:33:06 INFO ShutdownHookManager: Shutdown hook called
20/02/17 01:33:06 INFO ShutdownHookManager: Deleting directory /tmp/spark-73f1b4e5-8783-4e7c-bd0b-2bba7f068f51
20/02/17 01:33:06 INFO ShutdownHookManager: Deleting directory /tmp/spark-55366314-eda9-45d5-828e-e9fee4757f2b/pyspark-a46224e7-ed68-4fbf-a688-8f106817fe46
20/02/17 01:33:06 INFO ShutdownHookManager: Deleting directory /tmp/spark-55366314-eda9-45d5-828e-e9fee4757f2b
###################################################################################################################################
###################################################################################################################################
Job completed successfully
###################################################################################################################################
###################################################################################################################################
