###################################################################################################################################
###################################################################################################################################
Load to ODS in progress
###################################################################################################################################
###################################################################################################################################
20/02/17 01:01:14 WARN Utils: Your hostname, DESKTOP-502C4I4 resolves to a loopback address: 127.0.1.1; using 192.168.1.25 instead (on interface wifi0)
20/02/17 01:01:14 WARN Utils: Set SPARK_LOCAL_IP if you need to bind to another address
20/02/17 01:01:15 WARN NativeCodeLoader: Unable to load native-hadoop library for your platform... using builtin-java classes where applicable
Using Spark's default log4j profile: org/apache/spark/log4j-defaults.properties
20/02/17 01:01:16 INFO SparkContext: Running Spark version 2.4.5
20/02/17 01:01:16 INFO SparkContext: Submitted application: ReviewsOdsSession
20/02/17 01:01:16 INFO SecurityManager: Changing view acls to: devetluser
20/02/17 01:01:16 INFO SecurityManager: Changing modify acls to: devetluser
20/02/17 01:01:16 INFO SecurityManager: Changing view acls groups to: 
20/02/17 01:01:16 INFO SecurityManager: Changing modify acls groups to: 
20/02/17 01:01:16 INFO SecurityManager: SecurityManager: authentication disabled; ui acls disabled; users  with view permissions: Set(devetluser); groups with view permissions: Set(); users  with modify permissions: Set(devetluser); groups with modify permissions: Set()
20/02/17 01:01:17 INFO Utils: Successfully started service 'sparkDriver' on port 8611.
20/02/17 01:01:17 INFO SparkEnv: Registering MapOutputTracker
20/02/17 01:01:17 INFO SparkEnv: Registering BlockManagerMaster
20/02/17 01:01:17 INFO BlockManagerMasterEndpoint: Using org.apache.spark.storage.DefaultTopologyMapper for getting topology information
20/02/17 01:01:17 INFO BlockManagerMasterEndpoint: BlockManagerMasterEndpoint up
20/02/17 01:01:17 INFO DiskBlockManager: Created local directory at /tmp/blockmgr-d65f872f-6252-4176-a518-3144c3b437ce
20/02/17 01:01:17 INFO MemoryStore: MemoryStore started with capacity 366.3 MB
20/02/17 01:01:17 INFO SparkEnv: Registering OutputCommitCoordinator
20/02/17 01:01:17 INFO Utils: Successfully started service 'SparkUI' on port 4040.
20/02/17 01:01:17 INFO SparkUI: Bound SparkUI to 0.0.0.0, and started at http://192.168.1.25:4040
20/02/17 01:01:18 INFO Executor: Starting executor ID driver on host localhost
20/02/17 01:01:18 INFO Utils: Successfully started service 'org.apache.spark.network.netty.NettyBlockTransferService' on port 8613.
20/02/17 01:01:18 INFO NettyBlockTransferService: Server created on 192.168.1.25:8613
20/02/17 01:01:18 INFO BlockManager: Using org.apache.spark.storage.RandomBlockReplicationPolicy for block replication policy
20/02/17 01:01:18 INFO BlockManagerMaster: Registering BlockManager BlockManagerId(driver, 192.168.1.25, 8613, None)
20/02/17 01:01:18 INFO BlockManagerMasterEndpoint: Registering block manager 192.168.1.25:8613 with 366.3 MB RAM, BlockManagerId(driver, 192.168.1.25, 8613, None)
20/02/17 01:01:18 INFO BlockManagerMaster: Registered BlockManager BlockManagerId(driver, 192.168.1.25, 8613, None)
20/02/17 01:01:18 INFO BlockManager: Initialized BlockManager: BlockManagerId(driver, 192.168.1.25, 8613, None)
20/02/17 01:01:18 INFO SharedState: Setting hive.metastore.warehouse.dir ('null') to the value of spark.sql.warehouse.dir ('file:/edw/Reviews/SourceCode/bash/spark-warehouse').
20/02/17 01:01:18 INFO SharedState: Warehouse path is 'file:/edw/Reviews/SourceCode/bash/spark-warehouse'.
20/02/17 01:01:19 INFO StateStoreCoordinatorRef: Registered StateStoreCoordinator endpoint
Traceback (most recent call last):
  File "/edw/Reviews/SourceCode/python/reviewer_dim_load.py", line 30, in <module>
    Reviews_Ods_df = spark.read.jdbc(url=url, table=table2, properties=properties)
  File "/edw/Reviews/spark-2.4.5-bin-hadoop2.7/python/lib/pyspark.zip/pyspark/sql/readwriter.py", line 561, in jdbc
  File "/edw/Reviews/spark-2.4.5-bin-hadoop2.7/python/lib/py4j-0.10.7-src.zip/py4j/java_gateway.py", line 1257, in __call__
  File "/edw/Reviews/spark-2.4.5-bin-hadoop2.7/python/lib/pyspark.zip/pyspark/sql/utils.py", line 63, in deco
  File "/edw/Reviews/spark-2.4.5-bin-hadoop2.7/python/lib/py4j-0.10.7-src.zip/py4j/protocol.py", line 328, in get_return_value
py4j.protocol.Py4JJavaError: An error occurred while calling o29.jdbc.
: org.postgresql.util.PSQLException: ERROR: syntax error at or near ">"
  Position: 94
	at org.postgresql.core.v3.QueryExecutorImpl.receiveErrorResponse(QueryExecutorImpl.java:2510)
	at org.postgresql.core.v3.QueryExecutorImpl.processResults(QueryExecutorImpl.java:2245)
	at org.postgresql.core.v3.QueryExecutorImpl.execute(QueryExecutorImpl.java:311)
	at org.postgresql.jdbc.PgStatement.executeInternal(PgStatement.java:447)
	at org.postgresql.jdbc.PgStatement.execute(PgStatement.java:368)
	at org.postgresql.jdbc.PgPreparedStatement.executeWithFlags(PgPreparedStatement.java:159)
	at org.postgresql.jdbc.PgPreparedStatement.executeQuery(PgPreparedStatement.java:109)
	at org.apache.spark.sql.execution.datasources.jdbc.JDBCRDD$.resolveTable(JDBCRDD.scala:61)
	at org.apache.spark.sql.execution.datasources.jdbc.JDBCRelation$.getSchema(JDBCRelation.scala:210)
	at org.apache.spark.sql.execution.datasources.jdbc.JdbcRelationProvider.createRelation(JdbcRelationProvider.scala:35)
	at org.apache.spark.sql.execution.datasources.DataSource.resolveRelation(DataSource.scala:318)
	at org.apache.spark.sql.DataFrameReader.loadV1Source(DataFrameReader.scala:223)
	at org.apache.spark.sql.DataFrameReader.load(DataFrameReader.scala:211)
	at org.apache.spark.sql.DataFrameReader.load(DataFrameReader.scala:167)
	at org.apache.spark.sql.DataFrameReader.jdbc(DataFrameReader.scala:238)
	at sun.reflect.NativeMethodAccessorImpl.invoke0(Native Method)
	at sun.reflect.NativeMethodAccessorImpl.invoke(NativeMethodAccessorImpl.java:62)
	at sun.reflect.DelegatingMethodAccessorImpl.invoke(DelegatingMethodAccessorImpl.java:43)
	at java.lang.reflect.Method.invoke(Method.java:498)
	at py4j.reflection.MethodInvoker.invoke(MethodInvoker.java:244)
	at py4j.reflection.ReflectionEngine.invoke(ReflectionEngine.java:357)
	at py4j.Gateway.invoke(Gateway.java:282)
	at py4j.commands.AbstractCommand.invokeMethod(AbstractCommand.java:132)
	at py4j.commands.CallCommand.execute(CallCommand.java:79)
	at py4j.GatewayConnection.run(GatewayConnection.java:238)
	at java.lang.Thread.run(Thread.java:748)

20/02/17 01:01:22 INFO SparkContext: Invoking stop() from shutdown hook
20/02/17 01:01:22 INFO SparkUI: Stopped Spark web UI at http://192.168.1.25:4040
20/02/17 01:01:22 INFO MapOutputTrackerMasterEndpoint: MapOutputTrackerMasterEndpoint stopped!
20/02/17 01:01:22 INFO MemoryStore: MemoryStore cleared
20/02/17 01:01:22 INFO BlockManager: BlockManager stopped
20/02/17 01:01:22 INFO BlockManagerMaster: BlockManagerMaster stopped
20/02/17 01:01:22 INFO OutputCommitCoordinator$OutputCommitCoordinatorEndpoint: OutputCommitCoordinator stopped!
20/02/17 01:01:22 INFO SparkContext: Successfully stopped SparkContext
20/02/17 01:01:22 INFO ShutdownHookManager: Shutdown hook called
20/02/17 01:01:22 INFO ShutdownHookManager: Deleting directory /tmp/spark-2e3b2e6b-4e82-4d96-902a-26a762ce2f4c
20/02/17 01:01:22 INFO ShutdownHookManager: Deleting directory /tmp/spark-600905ed-5b48-4f2a-8f67-a0ff48cbb4f6
20/02/17 01:01:22 INFO ShutdownHookManager: Deleting directory /tmp/spark-600905ed-5b48-4f2a-8f67-a0ff48cbb4f6/pyspark-1f6aa4a7-5688-4a24-955f-bdb669fa303a
